10:12:21.234 2023/08/18	WPSEL GOTO L/2, ASEL GOTO ON	
10:12:21.577 2023/08/18	WPROT SIMULATED NONE 0.000 NONE -1, WPSEL SIMULATED BUSY 80.000 OFF 2, CALW SIMULATED READY 0.000 OFF 1, ASEL SIMULATED BUSY 0.000 OFF 1, GMIR SIMULATED READY 0.000 TARGET 1, GFOC SIMULATED READY 8.700 TARGET 1
	
10:12:34.402 2023/08/18	GFOC GOTO 2.800000	
10:12:34.531 2023/08/18	WPROT SIMULATED BUSY 40.501 NONE -1, WPSEL SIMULATED READY 160.000 L/2 3, CALW SIMULATED READY 0.000 OFF 1, ASEL SIMULATED READY 28.800 ON 2, GMIR SIMULATED READY 0.000 TARGET 1, GFOC SIMULATED BUSY 8.700 TARGET 1
	
10:12:56.190 2023/08/18	WPSEL GOTO L/4	
10:12:56.194 2023/08/18	WPROT SIMULATED READY 0.000 WP1 1, WPSEL SIMULATED BUSY 160.000 L/2 3, CALW SIMULATED READY 0.000 OFF 1, ASEL SIMULATED READY 28.800 ON 2, GMIR SIMULATED READY 0.000 TARGET 1, GFOC SIMULATED READY 2.800 TARGET 1
	
10:13:09.368 2023/08/18	GFOC GOTO 3.300000	
10:13:09.379 2023/08/18	WPROT SIMULATED BUSY 0.000 NONE -1, WPSEL SIMULATED READY 0.000 L/4 1, CALW SIMULATED READY 0.000 OFF 1, ASEL SIMULATED READY 28.800 ON 2, GMIR SIMULATED READY 0.000 TARGET 1, GFOC SIMULATED BUSY 2.800 TARGET 1
	
10:16:22.666 2023/08/18	CALW GOTO DEPOLARIZER	
10:16:22.780 2023/08/18	WPROT SIMULATED READY 0.000 WP1 1, WPSEL SIMULATED READY 0.000 L/4 1, CALW SIMULATED BUSY 0.000 OFF 1, ASEL SIMULATED READY 28.800 ON 2, GMIR SIMULATED READY 0.000 TARGET 1, GFOC SIMULATED READY 3.300 TARGET 1
	
10:16:33.665 2023/08/18	GFOC GOTO 5.500000	
10:16:33.673 2023/08/18	WPROT SIMULATED READY 0.000 WP1 1, WPSEL SIMULATED READY 0.000 L/4 1, CALW SIMULATED READY 288.000 DEPOLARIZER 5, ASEL SIMULATED READY 28.800 ON 2, GMIR SIMULATED READY 0.000 TARGET 1, GFOC SIMULATED BUSY 3.300 TARGET 1
	
10:16:50.084 2023/08/18	CALW GOTO OFF	
10:16:50.093 2023/08/18	WPROT SIMULATED READY 0.000 WP1 1, WPSEL SIMULATED READY 0.000 L/4 1, CALW SIMULATED BUSY 288.000 DEPOLARIZER 5, ASEL SIMULATED READY 28.800 ON 2, GMIR SIMULATED READY 0.000 TARGET 1, GFOC SIMULATED READY 5.500 TARGET 1
	
10:17:25.221 2023/08/18	GFOC GOTO 0.000000	
10:17:25.377 2023/08/18	WPROT SIMULATED READY 0.000 WP1 1, WPSEL SIMULATED READY 0.000 L/4 1, CALW SIMULATED READY 0.000 OFF 1, ASEL SIMULATED READY 28.800 ON 2, GMIR SIMULATED READY 0.000 TARGET 1, GFOC SIMULATED BUSY 5.500 TARGET 1
	
10:17:37.136 2023/08/18	GFOC GOTO 3.300000	
10:17:37.149 2023/08/18	WPROT SIMULATED READY 0.000 WP1 1, WPSEL SIMULATED READY 0.000 L/4 1, CALW SIMULATED READY 0.000 OFF 1, ASEL SIMULATED READY 28.800 ON 2, GMIR SIMULATED READY 0.000 TARGET 1, GFOC SIMULATED BUSY 0.000 TARGET 1
	
10:29:46.435 2023/08/18	WPSEL GOTO OFF, ASEL GOTO OFF	
10:29:46.442 2023/08/18	WPROT SIMULATED READY 0.000 WP1 1, WPSEL SIMULATED BUSY 0.000 L/4 1, CALW SIMULATED READY 0.000 OFF 1, ASEL SIMULATED BUSY 28.800 ON 2, GMIR SIMULATED READY 0.000 TARGET 1, GFOC SIMULATED READY 3.300 TARGET 1
	
10:31:08.303 2023/08/18	WPSEL GOTO L/4, CALW GOTO DEPOLARIZER, ASEL GOTO ON	
10:31:08.313 2023/08/18	WPROT SIMULATED NONE 0.000 NONE -1, WPSEL SIMULATED BUSY 80.000 OFF 2, CALW SIMULATED BUSY 0.000 OFF 1, ASEL SIMULATED BUSY 0.000 OFF 1, GMIR SIMULATED READY 0.000 TARGET 1, GFOC SIMULATED READY 3.300 TARGET 1
	
10:35:43.446 2023/08/18	GFOC GOTO 5.500000	
10:35:43.456 2023/08/18	WPROT SIMULATED READY 0.000 WP1 1, WPSEL SIMULATED READY 0.000 L/4 1, CALW SIMULATED READY 288.000 DEPOLARIZER 5, ASEL SIMULATED READY 28.800 ON 2, GMIR SIMULATED READY 0.000 TARGET 1, GFOC SIMULATED BUSY 3.300 TARGET 1
	
10:36:43.175 2023/08/18	GFOC GOTO 10.000000	
10:36:43.278 2023/08/18	WPROT SIMULATED READY 0.000 WP1 1, WPSEL SIMULATED READY 0.000 L/4 1, CALW SIMULATED READY 288.000 DEPOLARIZER 5, ASEL SIMULATED READY 28.800 ON 2, GMIR SIMULATED READY 0.000 TARGET 1, GFOC SIMULATED BUSY 5.500 TARGET 1
	
10:45:55.209 2023/08/18	GFOC GOTO 5.500000	
10:45:55.904 2023/08/18	WPROT SIMULATED READY 0.000 WP1 1, WPSEL SIMULATED READY 0.000 L/4 1, CALW SIMULATED READY 288.000 DEPOLARIZER 5, ASEL SIMULATED READY 28.800 ON 2, GMIR SIMULATED READY 0.000 TARGET 1, GFOC SIMULATED BUSY 10.000 TARGET 1
	
10:54:52.755 2023/08/18	CALW GOTO POLARIZER	
10:54:53.032 2023/08/18	WPROT SIMULATED READY 0.000 WP1 1, WPSEL SIMULATED READY 0.000 L/4 1, CALW SIMULATED BUSY 288.000 DEPOLARIZER 5, ASEL SIMULATED READY 28.800 ON 2, GMIR SIMULATED READY 0.000 TARGET 1, GFOC SIMULATED READY 5.500 TARGET 1
	
10:55:23.398 2023/08/18	GFOC GOTO 7.750000	
10:55:23.743 2023/08/18	WPROT SIMULATED READY 0.000 WP1 1, WPSEL SIMULATED READY 0.000 L/4 1, CALW SIMULATED READY 72.000 POLARIZER 2, ASEL SIMULATED READY 28.800 ON 2, GMIR SIMULATED READY 0.000 TARGET 1, GFOC SIMULATED BUSY 5.500 TARGET 1
	
10:56:02.722 2023/08/18	WPSEL GOTO L/2	
10:56:02.994 2023/08/18	WPROT SIMULATED READY 0.000 WP1 1, WPSEL SIMULATED BUSY 0.000 L/4 1, CALW SIMULATED READY 72.000 POLARIZER 2, ASEL SIMULATED READY 28.800 ON 2, GMIR SIMULATED READY 0.000 TARGET 1, GFOC SIMULATED READY 7.750 TARGET 1
	
11:00:14.665 2023/08/18	GFOC GOTO 6.600000	
11:00:15.038 2023/08/18	WPROT SIMULATED READY 0.000 WP1 1, WPSEL SIMULATED READY 160.000 L/2 3, CALW SIMULATED READY 72.000 POLARIZER 2, ASEL SIMULATED READY 28.800 ON 2, GMIR SIMULATED READY 0.000 TARGET 1, GFOC SIMULATED BUSY 7.750 TARGET 1
	
11:01:08.659 2023/08/18	WPSEL GOTO L/4	
11:01:08.669 2023/08/18	WPROT SIMULATED READY 0.000 WP1 1, WPSEL SIMULATED BUSY 160.000 L/2 3, CALW SIMULATED READY 72.000 POLARIZER 2, ASEL SIMULATED READY 28.800 ON 2, GMIR SIMULATED READY 0.000 TARGET 1, GFOC SIMULATED READY 6.600 TARGET 1
	
11:01:37.261 2023/08/18	GFOC GOTO 7.750000	
11:01:38.579 2023/08/18	WPROT SIMULATED READY 0.000 WP1 1, WPSEL SIMULATED READY 0.000 L/4 1, CALW SIMULATED READY 72.000 POLARIZER 2, ASEL SIMULATED READY 28.800 ON 2, GMIR SIMULATED READY 0.000 TARGET 1, GFOC SIMULATED BUSY 6.600 TARGET 1
	
11:01:48.580 2023/08/18	WPSEL GOTO L/2	
11:01:48.606 2023/08/18	WPROT SIMULATED READY 0.000 WP1 1, WPSEL SIMULATED BUSY 0.000 L/4 1, CALW SIMULATED READY 72.000 POLARIZER 2, ASEL SIMULATED READY 28.800 ON 2, GMIR SIMULATED READY 0.000 TARGET 1, GFOC SIMULATED READY 7.750 TARGET 1
	
11:02:17.490 2023/08/18	GFOC GOTO 6.600000	
11:02:18.409 2023/08/18	WPROT SIMULATED READY 0.000 WP1 1, WPSEL SIMULATED READY 160.000 L/2 3, CALW SIMULATED READY 72.000 POLARIZER 2, ASEL SIMULATED READY 28.800 ON 2, GMIR SIMULATED READY 0.000 TARGET 1, GFOC SIMULATED BUSY 7.750 TARGET 1
	
11:03:25.930 2023/08/18	CALW GOTO OFF	
11:03:25.978 2023/08/18	WPROT SIMULATED READY 0.000 WP1 1, WPSEL SIMULATED READY 160.000 L/2 3, CALW SIMULATED BUSY 72.000 POLARIZER 2, ASEL SIMULATED READY 28.800 ON 2, GMIR SIMULATED READY 0.000 TARGET 1, GFOC SIMULATED READY 6.600 TARGET 1
	
11:03:44.895 2023/08/18	GFOC GOTO 2.800000	
11:03:45.496 2023/08/18	WPROT SIMULATED READY 0.000 WP1 1, WPSEL SIMULATED READY 160.000 L/2 3, CALW SIMULATED READY 0.000 OFF 1, ASEL SIMULATED READY 28.800 ON 2, GMIR SIMULATED READY 0.000 TARGET 1, GFOC SIMULATED BUSY 6.600 TARGET 1
	
11:03:57.880 2023/08/18	CALW GOTO POLARIZER	
11:03:57.891 2023/08/18	WPROT SIMULATED READY 0.000 WP1 1, WPSEL SIMULATED READY 160.000 L/2 3, CALW SIMULATED BUSY 0.000 OFF 1, ASEL SIMULATED READY 28.800 ON 2, GMIR SIMULATED READY 0.000 TARGET 1, GFOC SIMULATED READY 2.800 TARGET 1
	
11:04:25.066 2023/08/18	GFOC GOTO 6.600000	
11:04:25.395 2023/08/18	WPROT SIMULATED READY 0.000 WP1 1, WPSEL SIMULATED READY 160.000 L/2 3, CALW SIMULATED READY 72.000 POLARIZER 2, ASEL SIMULATED READY 28.800 ON 2, GMIR SIMULATED READY 0.000 TARGET 1, GFOC SIMULATED BUSY 2.800 TARGET 1
	
11:05:51.164 2023/08/18	CALW GOTO OFF	
11:05:51.194 2023/08/18	WPROT SIMULATED READY 0.000 WP1 1, WPSEL SIMULATED READY 160.000 L/2 3, CALW SIMULATED BUSY 72.000 POLARIZER 2, ASEL SIMULATED READY 28.800 ON 2, GMIR SIMULATED READY 0.000 TARGET 1, GFOC SIMULATED READY 6.600 TARGET 1
	
11:06:13.775 2023/08/18	GFOC GOTO 2.800000	
11:06:14.270 2023/08/18	WPROT SIMULATED READY 0.000 WP1 1, WPSEL SIMULATED READY 160.000 L/2 3, CALW SIMULATED READY 0.000 OFF 1, ASEL SIMULATED READY 28.800 ON 2, GMIR SIMULATED READY 0.000 TARGET 1, GFOC SIMULATED BUSY 6.600 TARGET 1
	
11:06:27.510 2023/08/18	CALW GOTO POLARIZER	
11:06:27.793 2023/08/18	WPROT SIMULATED READY 0.000 WP1 1, WPSEL SIMULATED READY 160.000 L/2 3, CALW SIMULATED BUSY 0.000 OFF 1, ASEL SIMULATED READY 28.800 ON 2, GMIR SIMULATED READY 0.000 TARGET 1, GFOC SIMULATED READY 2.800 TARGET 1
	
11:08:26.182 2023/08/18	GFOC GOTO 6.600000	
11:08:27.051 2023/08/18	WPROT SIMULATED READY 0.000 WP1 1, WPSEL SIMULATED READY 160.000 L/2 3, CALW SIMULATED READY 72.000 POLARIZER 2, ASEL SIMULATED READY 28.800 ON 2, GMIR SIMULATED READY 0.000 TARGET 1, GFOC SIMULATED BUSY 2.800 TARGET 1
	
11:08:59.273 2023/08/18	CALW GOTO OFF	
11:08:59.283 2023/08/18	WPROT SIMULATED READY 0.000 WP1 1, WPSEL SIMULATED READY 160.000 L/2 3, CALW SIMULATED BUSY 72.000 POLARIZER 2, ASEL SIMULATED READY 28.800 ON 2, GMIR SIMULATED READY 0.000 TARGET 1, GFOC SIMULATED READY 6.600 TARGET 1
	
11:09:20.960 2023/08/18	GFOC GOTO 2.800000	
11:09:21.679 2023/08/18	WPROT SIMULATED READY 0.000 WP1 1, WPSEL SIMULATED READY 160.000 L/2 3, CALW SIMULATED READY 0.000 OFF 1, ASEL SIMULATED READY 28.800 ON 2, GMIR SIMULATED READY 0.000 TARGET 1, GFOC SIMULATED BUSY 6.600 TARGET 1
	
11:09:35.584 2023/08/18	CALW GOTO POLARIZER	
11:09:35.593 2023/08/18	WPROT SIMULATED READY 0.000 WP1 1, WPSEL SIMULATED READY 160.000 L/2 3, CALW SIMULATED BUSY 0.000 OFF 1, ASEL SIMULATED READY 28.800 ON 2, GMIR SIMULATED READY 0.000 TARGET 1, GFOC SIMULATED READY 2.800 TARGET 1
	
11:10:19.712 2023/08/18	GFOC GOTO 6.600000	
11:10:20.244 2023/08/18	WPROT SIMULATED READY 0.000 WP1 1, WPSEL SIMULATED READY 160.000 L/2 3, CALW SIMULATED READY 72.000 POLARIZER 2, ASEL SIMULATED READY 28.800 ON 2, GMIR SIMULATED READY 0.000 TARGET 1, GFOC SIMULATED BUSY 2.800 TARGET 1
	
11:10:36.407 2023/08/18	CALW GOTO OFF	
11:10:36.419 2023/08/18	WPROT SIMULATED READY 0.000 WP1 1, WPSEL SIMULATED READY 160.000 L/2 3, CALW SIMULATED BUSY 72.000 POLARIZER 2, ASEL SIMULATED READY 28.800 ON 2, GMIR SIMULATED READY 0.000 TARGET 1, GFOC SIMULATED READY 6.600 TARGET 1
	
11:11:58.405 2023/08/18	CALW GOTO DEPOLARIZER	
11:11:59.014 2023/08/18	WPROT SIMULATED READY 0.000 WP1 1, WPSEL SIMULATED READY 160.000 L/2 3, CALW SIMULATED BUSY 0.000 OFF 1, ASEL SIMULATED READY 28.800 ON 2, GMIR SIMULATED READY 0.000 TARGET 1, GFOC SIMULATED READY 6.600 TARGET 1
	
11:12:55.417 2023/08/18	WPSEL GOTO L/4, CALW GOTO OFF	
11:12:55.901 2023/08/18	WPROT SIMULATED READY 0.000 WP1 1, WPSEL SIMULATED BUSY 160.000 L/2 3, CALW SIMULATED BUSY 288.000 DEPOLARIZER 5, ASEL SIMULATED READY 28.800 ON 2, GMIR SIMULATED READY 0.000 TARGET 1, GFOC SIMULATED READY 6.600 TARGET 1
	
11:13:26.808 2023/08/18	GFOC GOTO 10.000000	
11:13:27.147 2023/08/18	WPROT SIMULATED READY 0.000 WP1 1, WPSEL SIMULATED READY 0.000 L/4 1, CALW SIMULATED READY 0.000 OFF 1, ASEL SIMULATED READY 28.800 ON 2, GMIR SIMULATED READY 0.000 TARGET 1, GFOC SIMULATED BUSY 6.600 TARGET 1
	
11:13:43.154 2023/08/18	WPSEL GOTO L/2	
11:13:43.585 2023/08/18	WPROT SIMULATED READY 0.000 WP1 1, WPSEL SIMULATED BUSY 0.000 L/4 1, CALW SIMULATED READY 0.000 OFF 1, ASEL SIMULATED READY 28.800 ON 2, GMIR SIMULATED READY 0.000 TARGET 1, GFOC SIMULATED READY 10.000 TARGET 1
	
11:13:57.016 2023/08/18	GFOC GOTO 2.800000	
11:13:57.220 2023/08/18	WPROT SIMULATED BUSY 168.166 NONE -1, WPSEL SIMULATED READY 160.000 L/2 3, CALW SIMULATED READY 0.000 OFF 1, ASEL SIMULATED READY 28.800 ON 2, GMIR SIMULATED READY 0.000 TARGET 1, GFOC SIMULATED BUSY 10.000 TARGET 1
	
11:14:29.148 2023/08/18	CALW GOTO POLARIZER	
11:14:29.613 2023/08/18	WPROT SIMULATED READY 0.000 WP1 1, WPSEL SIMULATED READY 160.000 L/2 3, CALW SIMULATED BUSY 0.000 OFF 1, ASEL SIMULATED READY 28.800 ON 2, GMIR SIMULATED READY 0.000 TARGET 1, GFOC SIMULATED READY 2.800 TARGET 1
	
11:14:33.456 2023/08/18	GFOC GOTO 6.600000	
11:14:33.766 2023/08/18	WPROT SIMULATED READY 0.000 WP1 1, WPSEL SIMULATED READY 160.000 L/2 3, CALW SIMULATED READY 72.000 POLARIZER 2, ASEL SIMULATED READY 28.800 ON 2, GMIR SIMULATED READY 0.000 TARGET 1, GFOC SIMULATED BUSY 2.800 TARGET 1
	
11:14:54.068 2023/08/18	WPSEL GOTO L/4	
11:14:54.105 2023/08/18	WPROT SIMULATED READY 0.000 WP1 1, WPSEL SIMULATED BUSY 160.000 L/2 3, CALW SIMULATED READY 72.000 POLARIZER 2, ASEL SIMULATED READY 28.800 ON 2, GMIR SIMULATED READY 0.000 TARGET 1, GFOC SIMULATED READY 6.600 TARGET 1
	
11:15:07.395 2023/08/18	GFOC GOTO 7.750000	
11:15:07.820 2023/08/18	WPROT SIMULATED BUSY 144.302 NONE -1, WPSEL SIMULATED READY 0.000 L/4 1, CALW SIMULATED READY 72.000 POLARIZER 2, ASEL SIMULATED READY 28.800 ON 2, GMIR SIMULATED READY 0.000 TARGET 1, GFOC SIMULATED BUSY 6.600 TARGET 1
	
11:19:28.283 2023/08/18	GFOC GOTO 10.000000	
11:19:29.719 2023/08/18	WPROT SIMULATED READY 0.000 WP1 1, WPSEL SIMULATED READY 0.000 L/4 1, CALW SIMULATED READY 72.000 POLARIZER 2, ASEL SIMULATED READY 28.800 ON 2, GMIR SIMULATED READY 0.000 TARGET 1, GFOC SIMULATED BUSY 7.750 TARGET 1
	
11:19:32.059 2023/08/18	GFOC GOTO 10.000000	
11:19:33.176 2023/08/18	WPROT SIMULATED READY 0.000 WP1 1, WPSEL SIMULATED READY 0.000 L/4 1, CALW SIMULATED READY 72.000 POLARIZER 2, ASEL SIMULATED READY 28.800 ON 2, GMIR SIMULATED READY 0.000 TARGET 1, GFOC SIMULATED BUSY 10.000 TARGET 1
	
11:20:06.535 2023/08/18	GFOC GOTO 7.750000	
11:20:07.431 2023/08/18	WPROT SIMULATED READY 0.000 WP1 1, WPSEL SIMULATED READY 0.000 L/4 1, CALW SIMULATED READY 72.000 POLARIZER 2, ASEL SIMULATED READY 28.800 ON 2, GMIR SIMULATED READY 0.000 TARGET 1, GFOC SIMULATED BUSY 10.000 TARGET 1
	
11:21:36.051 2023/08/18	CALW GOTO OFF	
11:21:36.086 2023/08/18	WPROT SIMULATED READY 0.000 WP1 1, WPSEL SIMULATED READY 0.000 L/4 1, CALW SIMULATED BUSY 72.000 POLARIZER 2, ASEL SIMULATED READY 28.800 ON 2, GMIR SIMULATED READY 0.000 TARGET 1, GFOC SIMULATED READY 7.750 TARGET 1
	
11:22:12.481 2023/08/18	GFOC GOTO 3.300000	
11:22:14.863 2023/08/18	WPROT SIMULATED READY 0.000 WP1 1, WPSEL SIMULATED READY 0.000 L/4 1, CALW SIMULATED READY 0.000 OFF 1, ASEL SIMULATED READY 28.800 ON 2, GMIR SIMULATED READY 0.000 TARGET 1, GFOC SIMULATED BUSY 7.750 TARGET 1
	
11:22:30.750 2023/08/18	CALW GOTO POLARIZER	
11:22:30.990 2023/08/18	WPROT SIMULATED READY 0.000 WP1 1, WPSEL SIMULATED READY 0.000 L/4 1, CALW SIMULATED BUSY 0.000 OFF 1, ASEL SIMULATED READY 28.800 ON 2, GMIR SIMULATED READY 0.000 TARGET 1, GFOC SIMULATED READY 3.300 TARGET 1
	
11:25:07.549 2023/08/18	GFOC GOTO 7.750000	
11:25:08.871 2023/08/18	WPROT SIMULATED READY 0.000 WP1 1, WPSEL SIMULATED READY 0.000 L/4 1, CALW SIMULATED READY 72.000 POLARIZER 2, ASEL SIMULATED READY 28.800 ON 2, GMIR SIMULATED READY 0.000 TARGET 1, GFOC SIMULATED BUSY 3.300 TARGET 1
	
11:25:41.063 2023/08/18	CALW GOTO OFF	
11:25:41.345 2023/08/18	WPROT SIMULATED READY 0.000 WP1 1, WPSEL SIMULATED READY 0.000 L/4 1, CALW SIMULATED BUSY 72.000 POLARIZER 2, ASEL SIMULATED READY 28.800 ON 2, GMIR SIMULATED READY 0.000 TARGET 1, GFOC SIMULATED READY 7.750 TARGET 1
	
11:27:30.398 2023/08/18	GFOC GOTO 3.300000	
11:27:32.217 2023/08/18	WPROT SIMULATED READY 0.000 WP1 1, WPSEL SIMULATED READY 0.000 L/4 1, CALW SIMULATED READY 0.000 OFF 1, ASEL SIMULATED READY 28.800 ON 2, GMIR SIMULATED READY 0.000 TARGET 1, GFOC SIMULATED BUSY 7.750 TARGET 1
	
11:27:57.970 2023/08/18	CALW GOTO DEPOLARIZER	
11:27:58.297 2023/08/18	WPROT SIMULATED READY 0.000 WP1 1, WPSEL SIMULATED READY 0.000 L/4 1, CALW SIMULATED BUSY 0.000 OFF 1, ASEL SIMULATED READY 28.800 ON 2, GMIR SIMULATED READY 0.000 TARGET 1, GFOC SIMULATED READY 3.300 TARGET 1
	
11:28:45.188 2023/08/18	GFOC GOTO 10.000000	
11:28:46.144 2023/08/18	WPROT SIMULATED READY 0.000 WP1 1, WPSEL SIMULATED READY 0.000 L/4 1, CALW SIMULATED READY 288.000 DEPOLARIZER 5, ASEL SIMULATED READY 28.800 ON 2, GMIR SIMULATED READY 0.000 TARGET 1, GFOC SIMULATED BUSY 3.300 TARGET 1
	
11:29:48.954 2023/08/18	CALW GOTO OFF	
11:29:49.658 2023/08/18	WPROT SIMULATED READY 0.000 WP1 1, WPSEL SIMULATED READY 0.000 L/4 1, CALW SIMULATED BUSY 288.000 DEPOLARIZER 5, ASEL SIMULATED READY 28.800 ON 2, GMIR SIMULATED READY 0.000 TARGET 1, GFOC SIMULATED READY 10.000 TARGET 1
	
11:30:00.908 2023/08/18	GFOC GOTO 3.300000	
11:30:03.089 2023/08/18	WPROT SIMULATED READY 0.000 WP1 1, WPSEL SIMULATED READY 0.000 L/4 1, CALW SIMULATED READY 0.000 OFF 1, ASEL SIMULATED READY 28.800 ON 2, GMIR SIMULATED READY 0.000 TARGET 1, GFOC SIMULATED BUSY 10.000 TARGET 1
	
11:30:48.468 2023/08/18	WPSEL GOTO L/2	
11:30:48.881 2023/08/18	WPROT SIMULATED READY 0.000 WP1 1, WPSEL SIMULATED BUSY 0.000 L/4 1, CALW SIMULATED READY 0.000 OFF 1, ASEL SIMULATED READY 28.800 ON 2, GMIR SIMULATED READY 0.000 TARGET 1, GFOC SIMULATED READY 3.300 TARGET 1
	
11:31:02.303 2023/08/18	GFOC GOTO 2.800000	
11:31:02.453 2023/08/18	WPROT SIMULATED BUSY 175.286 NONE -1, WPSEL SIMULATED READY 160.000 L/2 3, CALW SIMULATED READY 0.000 OFF 1, ASEL SIMULATED READY 28.800 ON 2, GMIR SIMULATED READY 0.000 TARGET 1, GFOC SIMULATED BUSY 3.300 TARGET 1
	
11:31:18.398 2023/08/18	WPSEL GOTO L/4	
11:31:18.407 2023/08/18	WPROT SIMULATED READY 0.000 WP1 1, WPSEL SIMULATED BUSY 160.000 L/2 3, CALW SIMULATED READY 0.000 OFF 1, ASEL SIMULATED READY 28.800 ON 2, GMIR SIMULATED READY 0.000 TARGET 1, GFOC SIMULATED READY 2.800 TARGET 1
	
11:31:53.655 2023/08/18	CALW GOTO DEPOLARIZER	
11:31:54.070 2023/08/18	WPROT SIMULATED READY 0.000 WP1 1, WPSEL SIMULATED READY 0.000 L/4 1, CALW SIMULATED BUSY 0.000 OFF 1, ASEL SIMULATED READY 28.800 ON 2, GMIR SIMULATED READY 0.000 TARGET 1, GFOC SIMULATED READY 2.800 TARGET 1
	
11:32:31.637 2023/08/18	CALW GOTO OFF	
11:32:32.092 2023/08/18	WPROT SIMULATED READY 0.000 WP1 1, WPSEL SIMULATED READY 0.000 L/4 1, CALW SIMULATED BUSY 288.000 DEPOLARIZER 5, ASEL SIMULATED READY 28.800 ON 2, GMIR SIMULATED READY 0.000 TARGET 1, GFOC SIMULATED READY 2.800 TARGET 1
	
11:32:59.064 2023/08/18	GFOC GOTO 10.000000	
11:32:59.530 2023/08/18	WPROT SIMULATED READY 0.000 WP1 1, WPSEL SIMULATED READY 0.000 L/4 1, CALW SIMULATED READY 0.000 OFF 1, ASEL SIMULATED READY 28.800 ON 2, GMIR SIMULATED READY 0.000 TARGET 1, GFOC SIMULATED BUSY 2.800 TARGET 1
	
11:33:13.531 2023/08/18	WPSEL GOTO L/2	
11:33:13.875 2023/08/18	WPROT SIMULATED READY 0.000 WP1 1, WPSEL SIMULATED BUSY 0.000 L/4 1, CALW SIMULATED READY 0.000 OFF 1, ASEL SIMULATED READY 28.800 ON 2, GMIR SIMULATED READY 0.000 TARGET 1, GFOC SIMULATED READY 10.000 TARGET 1
	
11:33:27.125 2023/08/18	GFOC GOTO 2.800000	
11:33:27.561 2023/08/18	WPROT SIMULATED BUSY 0.000 NONE -1, WPSEL SIMULATED READY 160.000 L/2 3, CALW SIMULATED READY 0.000 OFF 1, ASEL SIMULATED READY 28.800 ON 2, GMIR SIMULATED READY 0.000 TARGET 1, GFOC SIMULATED BUSY 10.000 TARGET 1
	
11:34:36.830 2023/08/18	WPSEL GOTO L/4	
11:34:36.838 2023/08/18	WPROT SIMULATED READY 0.000 WP1 1, WPSEL SIMULATED BUSY 160.000 L/2 3, CALW SIMULATED READY 0.000 OFF 1, ASEL SIMULATED READY 28.800 ON 2, GMIR SIMULATED READY 0.000 TARGET 1, GFOC SIMULATED READY 2.800 TARGET 1
	
11:35:00.106 2023/08/18	GFOC GOTO 3.300000	
11:35:00.584 2023/08/18	WPROT SIMULATED READY 0.000 WP1 1, WPSEL SIMULATED READY 0.000 L/4 1, CALW SIMULATED READY 0.000 OFF 1, ASEL SIMULATED READY 28.800 ON 2, GMIR SIMULATED READY 0.000 TARGET 1, GFOC SIMULATED BUSY 2.800 TARGET 1
	
11:49:51.852 2023/08/18	WPSEL INIT NONE, GMIR INIT NONE, CALW INIT NONE	
11:49:51.921 2023/08/18	WPROT SIMULATED NONE 0.000 NONE -1, WPSEL SIMULATED BUSY 0.000 NONE -1, CALW SIMULATED BUSY 0.000 NONE -1, ASEL SIMULATED NONE 0.000 NONE -1, GMIR SIMULATED BUSY 0.000 NONE -1, GFOC SIMULATED NONE 0.000 NONE -1
	
11:49:59.674 2023/08/18	GFOC INIT NONE, ASEL INIT NONE	
11:49:59.689 2023/08/18	WPROT SIMULATED BUSY 84.903 NONE -1, WPSEL SIMULATED READY 0.000 L/4 1, CALW SIMULATED READY 0.000 OFF 1, ASEL SIMULATED BUSY 0.000 NONE -1, GMIR SIMULATED READY 0.000 TARGET 1, GFOC SIMULATED BUSY 0.000 NONE -1
	
11:50:06.487 2023/08/18	WPSEL GOTO OFF	
11:50:06.497 2023/08/18	WPROT SIMULATED READY 0.000 WP1 1, WPSEL SIMULATED BUSY 0.000 L/4 1, CALW SIMULATED READY 0.000 OFF 1, ASEL SIMULATED READY 0.000 OFF 1, GMIR SIMULATED READY 0.000 TARGET 1, GFOC SIMULATED READY 0.000 TARGET 1
	
11:50:32.682 2023/08/18	GFOC GOTO 9.600000	
11:50:32.801 2023/08/18	WPROT SIMULATED NONE 0.000 NONE -1, WPSEL SIMULATED READY 80.000 OFF 2, CALW SIMULATED READY 0.000 OFF 1, ASEL SIMULATED READY 0.000 OFF 1, GMIR SIMULATED READY 0.000 TARGET 1, GFOC SIMULATED BUSY 0.000 TARGET 1
	
11:50:42.882 2023/08/18	WPSEL GOTO L/4, CALW GOTO POLARIZER, ASEL GOTO ON	
11:50:42.891 2023/08/18	WPROT SIMULATED NONE 0.000 NONE -1, WPSEL SIMULATED BUSY 80.000 OFF 2, CALW SIMULATED BUSY 0.000 OFF 1, ASEL SIMULATED BUSY 0.000 OFF 1, GMIR SIMULATED READY 0.000 TARGET 1, GFOC SIMULATED READY 9.600 TARGET 1
	
11:50:59.272 2023/08/18	GFOC GOTO 7.750000	
11:50:59.290 2023/08/18	WPROT SIMULATED READY 0.000 WP1 1, WPSEL SIMULATED READY 0.000 L/4 1, CALW SIMULATED READY 72.000 POLARIZER 2, ASEL SIMULATED READY 28.800 ON 2, GMIR SIMULATED READY 0.000 TARGET 1, GFOC SIMULATED BUSY 9.600 TARGET 1
	
11:51:07.971 2023/08/18	WPSEL GOTO OFF, CALW GOTO OFF, ASEL GOTO OFF	
11:51:08.314 2023/08/18	WPROT SIMULATED READY 0.000 WP1 1, WPSEL SIMULATED BUSY 0.000 L/4 1, CALW SIMULATED BUSY 72.000 POLARIZER 2, ASEL SIMULATED BUSY 28.800 ON 2, GMIR SIMULATED READY 0.000 TARGET 1, GFOC SIMULATED READY 7.750 TARGET 1
	
11:51:24.773 2023/08/18	GFOC GOTO 8.700000	
11:51:24.785 2023/08/18	WPROT SIMULATED NONE 0.000 NONE -1, WPSEL SIMULATED READY 80.000 OFF 2, CALW SIMULATED READY 0.000 OFF 1, ASEL SIMULATED READY 0.000 OFF 1, GMIR SIMULATED READY 0.000 TARGET 1, GFOC SIMULATED BUSY 7.750 TARGET 1
	
11:53:22.756 2023/08/18	WPSEL GOTO L/2, ASEL GOTO ON	
11:53:22.933 2023/08/18	WPROT SIMULATED NONE 0.000 NONE -1, WPSEL SIMULATED BUSY 80.000 OFF 2, CALW SIMULATED READY 0.000 OFF 1, ASEL SIMULATED BUSY 0.000 OFF 1, GMIR SIMULATED READY 0.000 TARGET 1, GFOC SIMULATED READY 8.700 TARGET 1
	
11:54:14.139 2023/08/18	GFOC GOTO 9.600000	
11:54:14.155 2023/08/18	WPROT SIMULATED READY 0.000 WP1 1, WPSEL SIMULATED READY 160.000 L/2 3, CALW SIMULATED READY 0.000 OFF 1, ASEL SIMULATED READY 28.800 ON 2, GMIR SIMULATED READY 0.000 TARGET 1, GFOC SIMULATED BUSY 8.700 TARGET 1
	
11:54:25.434 2023/08/18	CALW GOTO DEPOLARIZER	
11:54:25.441 2023/08/18	WPROT SIMULATED READY 0.000 WP1 1, WPSEL SIMULATED READY 160.000 L/2 3, CALW SIMULATED BUSY 0.000 OFF 1, ASEL SIMULATED READY 28.800 ON 2, GMIR SIMULATED READY 0.000 TARGET 1, GFOC SIMULATED READY 9.600 TARGET 1
	
11:54:36.480 2023/08/18	GFOC GOTO 4.400000	
11:54:36.818 2023/08/18	WPROT SIMULATED READY 0.000 WP1 1, WPSEL SIMULATED READY 160.000 L/2 3, CALW SIMULATED READY 288.000 DEPOLARIZER 5, ASEL SIMULATED READY 28.800 ON 2, GMIR SIMULATED READY 0.000 TARGET 1, GFOC SIMULATED BUSY 9.600 TARGET 1
	
11:54:55.307 2023/08/18	CALW GOTO OFF	
11:54:55.310 2023/08/18	WPROT SIMULATED READY 0.000 WP1 1, WPSEL SIMULATED READY 160.000 L/2 3, CALW SIMULATED BUSY 288.000 DEPOLARIZER 5, ASEL SIMULATED READY 28.800 ON 2, GMIR SIMULATED READY 0.000 TARGET 1, GFOC SIMULATED READY 4.400 TARGET 1
	
11:55:19.426 2023/08/18	CALW GOTO DEPOLARIZER	
11:55:19.429 2023/08/18	WPROT SIMULATED READY 0.000 WP1 1, WPSEL SIMULATED READY 160.000 L/2 3, CALW SIMULATED BUSY 0.000 OFF 1, ASEL SIMULATED READY 28.800 ON 2, GMIR SIMULATED READY 0.000 TARGET 1, GFOC SIMULATED READY 4.400 TARGET 1
	
11:55:49.629 2023/08/18	CALW GOTO OFF	
11:55:49.632 2023/08/18	WPROT SIMULATED READY 0.000 WP1 1, WPSEL SIMULATED READY 160.000 L/2 3, CALW SIMULATED BUSY 288.000 DEPOLARIZER 5, ASEL SIMULATED READY 28.800 ON 2, GMIR SIMULATED READY 0.000 TARGET 1, GFOC SIMULATED READY 4.400 TARGET 1
	
11:56:00.574 2023/08/18	GFOC GOTO 2.800000	
11:56:00.847 2023/08/18	WPROT SIMULATED READY 0.000 WP1 1, WPSEL SIMULATED READY 160.000 L/2 3, CALW SIMULATED READY 0.000 OFF 1, ASEL SIMULATED READY 28.800 ON 2, GMIR SIMULATED READY 0.000 TARGET 1, GFOC SIMULATED BUSY 4.400 TARGET 1
	
11:57:14.407 2023/08/18	WPSEL GOTO L/4, CALW GOTO POLARIZER	
11:57:14.416 2023/08/18	WPROT SIMULATED READY 0.000 WP1 1, WPSEL SIMULATED BUSY 160.000 L/2 3, CALW SIMULATED BUSY 0.000 OFF 1, ASEL SIMULATED READY 28.800 ON 2, GMIR SIMULATED READY 0.000 TARGET 1, GFOC SIMULATED READY 2.800 TARGET 1
	
11:58:09.837 2023/08/18	GFOC GOTO 7.750000	
11:58:10.161 2023/08/18	WPROT SIMULATED READY 0.000 WP1 1, WPSEL SIMULATED READY 0.000 L/4 1, CALW SIMULATED READY 72.000 POLARIZER 2, ASEL SIMULATED READY 28.800 ON 2, GMIR SIMULATED READY 0.000 TARGET 1, GFOC SIMULATED BUSY 2.800 TARGET 1
	
11:58:41.141 2023/08/18	WPSEL GOTO L/2	
11:58:41.249 2023/08/18	WPROT SIMULATED READY 0.000 WP1 1, WPSEL SIMULATED BUSY 0.000 L/4 1, CALW SIMULATED READY 72.000 POLARIZER 2, ASEL SIMULATED READY 28.800 ON 2, GMIR SIMULATED READY 0.000 TARGET 1, GFOC SIMULATED READY 7.750 TARGET 1
	
11:58:57.880 2023/08/18	GFOC GOTO 6.600000	
11:58:58.299 2023/08/18	WPROT SIMULATED READY 0.000 WP1 1, WPSEL SIMULATED READY 160.000 L/2 3, CALW SIMULATED READY 72.000 POLARIZER 2, ASEL SIMULATED READY 28.800 ON 2, GMIR SIMULATED READY 0.000 TARGET 1, GFOC SIMULATED BUSY 7.750 TARGET 1
	
11:59:20.750 2023/08/18	WPSEL GOTO OFF, CALW GOTO OFF, ASEL GOTO OFF	
11:59:21.068 2023/08/18	WPROT SIMULATED READY 0.000 WP1 1, WPSEL SIMULATED BUSY 160.000 L/2 3, CALW SIMULATED BUSY 72.000 POLARIZER 2, ASEL SIMULATED BUSY 28.800 ON 2, GMIR SIMULATED READY 0.000 TARGET 1, GFOC SIMULATED READY 6.600 TARGET 1
	
11:59:37.655 2023/08/18	GFOC GOTO 8.700000	
11:59:37.662 2023/08/18	WPROT SIMULATED NONE 0.000 NONE -1, WPSEL SIMULATED READY 80.000 OFF 2, CALW SIMULATED READY 0.000 OFF 1, ASEL SIMULATED READY 0.000 OFF 1, GMIR SIMULATED READY 0.000 TARGET 1, GFOC SIMULATED BUSY 6.600 TARGET 1
	
12:01:50.667 2023/08/18	WPSEL GOTO L/4, ASEL GOTO ON	
12:01:50.774 2023/08/18	WPROT SIMULATED NONE 0.000 NONE -1, WPSEL SIMULATED BUSY 80.000 OFF 2, CALW SIMULATED READY 0.000 OFF 1, ASEL SIMULATED BUSY 0.000 OFF 1, GMIR SIMULATED READY 0.000 TARGET 1, GFOC SIMULATED READY 8.700 TARGET 1
	
12:02:08.154 2023/08/18	GFOC GOTO 3.300000	
12:02:08.260 2023/08/18	WPROT SIMULATED READY 0.000 WP1 1, WPSEL SIMULATED READY 0.000 L/4 1, CALW SIMULATED READY 0.000 OFF 1, ASEL SIMULATED READY 28.800 ON 2, GMIR SIMULATED READY 0.000 TARGET 1, GFOC SIMULATED BUSY 8.700 TARGET 1
	
12:02:19.644 2023/08/18	GFOC GOTO 5.000000	
12:02:19.881 2023/08/18	WPROT SIMULATED READY 0.000 WP1 1, WPSEL SIMULATED READY 0.000 L/4 1, CALW SIMULATED READY 0.000 OFF 1, ASEL SIMULATED READY 28.800 ON 2, GMIR SIMULATED READY 0.000 TARGET 1, GFOC SIMULATED BUSY 3.300 TARGET 1
	
12:02:25.292 2023/08/18	WPSEL GOTO L/2	
12:02:25.321 2023/08/18	WPROT SIMULATED READY 0.000 WP1 1, WPSEL SIMULATED BUSY 0.000 L/4 1, CALW SIMULATED READY 0.000 OFF 1, ASEL SIMULATED READY 28.800 ON 2, GMIR SIMULATED READY 0.000 TARGET 1, GFOC SIMULATED READY 5.000 TARGET 1
	
12:02:38.716 2023/08/18	GFOC GOTO 2.800000	
12:02:39.147 2023/08/18	WPROT SIMULATED BUSY 110.199 NONE -1, WPSEL SIMULATED READY 160.000 L/2 3, CALW SIMULATED READY 0.000 OFF 1, ASEL SIMULATED READY 28.800 ON 2, GMIR SIMULATED READY 0.000 TARGET 1, GFOC SIMULATED BUSY 5.000 TARGET 1
	
12:02:47.614 2023/08/18	CALW GOTO DEPOLARIZER	
12:02:47.618 2023/08/18	WPROT SIMULATED READY 0.000 WP1 1, WPSEL SIMULATED READY 160.000 L/2 3, CALW SIMULATED BUSY 0.000 OFF 1, ASEL SIMULATED READY 28.800 ON 2, GMIR SIMULATED READY 0.000 TARGET 1, GFOC SIMULATED READY 2.800 TARGET 1
	
12:02:58.451 2023/08/18	GFOC GOTO 4.400000	
12:02:58.465 2023/08/18	WPROT SIMULATED READY 0.000 WP1 1, WPSEL SIMULATED READY 160.000 L/2 3, CALW SIMULATED READY 288.000 DEPOLARIZER 5, ASEL SIMULATED READY 28.800 ON 2, GMIR SIMULATED READY 0.000 TARGET 1, GFOC SIMULATED BUSY 2.800 TARGET 1
	
12:06:09.724 2023/08/18	GFOC GOTO 4.450000	
12:06:09.809 2023/08/18	WPROT SIMULATED READY 0.000 WP1 1, WPSEL SIMULATED READY 160.000 L/2 3, CALW SIMULATED READY 288.000 DEPOLARIZER 5, ASEL SIMULATED READY 28.800 ON 2, GMIR SIMULATED READY 0.000 TARGET 1, GFOC SIMULATED BUSY 4.400 TARGET 1
	
12:06:12.627 2023/08/18	GFOC GOTO 4.500000	
12:06:12.639 2023/08/18	WPROT SIMULATED READY 0.000 WP1 1, WPSEL SIMULATED READY 160.000 L/2 3, CALW SIMULATED READY 288.000 DEPOLARIZER 5, ASEL SIMULATED READY 28.800 ON 2, GMIR SIMULATED READY 0.000 TARGET 1, GFOC SIMULATED BUSY 4.450 TARGET 1
	
12:06:15.364 2023/08/18	GFOC GOTO 4.550000	
12:06:15.374 2023/08/18	WPROT SIMULATED READY 0.000 WP1 1, WPSEL SIMULATED READY 160.000 L/2 3, CALW SIMULATED READY 288.000 DEPOLARIZER 5, ASEL SIMULATED READY 28.800 ON 2, GMIR SIMULATED READY 0.000 TARGET 1, GFOC SIMULATED BUSY 4.500 TARGET 1
	
12:06:39.097 2023/08/18	GFOC GOTO 4.600000	
12:06:39.113 2023/08/18	WPROT SIMULATED READY 0.000 WP1 1, WPSEL SIMULATED READY 160.000 L/2 3, CALW SIMULATED READY 288.000 DEPOLARIZER 5, ASEL SIMULATED READY 28.800 ON 2, GMIR SIMULATED READY 0.000 TARGET 1, GFOC SIMULATED BUSY 4.550 TARGET 1
	
12:06:44.662 2023/08/18	GFOC GOTO 4.650000	
12:06:44.889 2023/08/18	WPROT SIMULATED READY 0.000 WP1 1, WPSEL SIMULATED READY 160.000 L/2 3, CALW SIMULATED READY 288.000 DEPOLARIZER 5, ASEL SIMULATED READY 28.800 ON 2, GMIR SIMULATED READY 0.000 TARGET 1, GFOC SIMULATED BUSY 4.600 TARGET 1
	
12:06:46.082 2023/08/18	GFOC GOTO 4.650000	
12:06:46.086 2023/08/18	WPROT SIMULATED READY 0.000 WP1 1, WPSEL SIMULATED READY 160.000 L/2 3, CALW SIMULATED READY 288.000 DEPOLARIZER 5, ASEL SIMULATED READY 28.800 ON 2, GMIR SIMULATED READY 0.000 TARGET 1, GFOC SIMULATED BUSY 4.650 TARGET 1
	
12:06:59.627 2023/08/18	GFOC GOTO 4.700000	
12:06:59.714 2023/08/18	WPROT SIMULATED READY 0.000 WP1 1, WPSEL SIMULATED READY 160.000 L/2 3, CALW SIMULATED READY 288.000 DEPOLARIZER 5, ASEL SIMULATED READY 28.800 ON 2, GMIR SIMULATED READY 0.000 TARGET 1, GFOC SIMULATED BUSY 4.650 TARGET 1
	
12:07:15.876 2023/08/18	GFOC GOTO 4.750000	
12:07:16.199 2023/08/18	WPROT SIMULATED READY 0.000 WP1 1, WPSEL SIMULATED READY 160.000 L/2 3, CALW SIMULATED READY 288.000 DEPOLARIZER 5, ASEL SIMULATED READY 28.800 ON 2, GMIR SIMULATED READY 0.000 TARGET 1, GFOC SIMULATED BUSY 4.700 TARGET 1
	
12:07:18.895 2023/08/18	GFOC GOTO 4.800000	
12:07:18.906 2023/08/18	WPROT SIMULATED READY 0.000 WP1 1, WPSEL SIMULATED READY 160.000 L/2 3, CALW SIMULATED READY 288.000 DEPOLARIZER 5, ASEL SIMULATED READY 28.800 ON 2, GMIR SIMULATED READY 0.000 TARGET 1, GFOC SIMULATED BUSY 4.750 TARGET 1
	
