12:00:13.615 AM 6/2/2023	<Active Finish> TX: V46	RX: 0	TX: EX	RX: -9464	
12:02:26.244 AM 6/2/2023	<Active Finish> TX: V46	RX: 0	TX: EX	RX: -18839	
12:03:31.679 AM 6/2/2023	<Active Finish> TX: V46	RX: 0	TX: EX	RX: -18839	
12:03:48.007 AM 6/2/2023	<Active Finish> TX: V46	RX: 0	TX: EX	RX: -20714	
12:03:58.249 AM 6/2/2023	<Active Finish> TX: V46	RX: 0	TX: EX	RX: -22589	
12:04:09.696 AM 6/2/2023	<Active Finish> TX: V46	RX: 0	TX: EX	RX: -16965	
12:04:20.368 AM 6/2/2023	<Active Finish> TX: V46	RX: 0	TX: EX	RX: -18839	
12:05:14.673 AM 6/2/2023	<Active Finish> TX: V46	RX: 0	TX: EX	RX: -18839	
12:08:36.668 AM 6/2/2023	<Active Finish> TX: V46	RX: 0	TX: EX	RX: -18839	
12:16:49.980 AM 6/2/2023	<Active Finish> TX: V46	RX: 0	TX: EX	RX: -18839	
12:18:15.642 AM 6/2/2023	<Active Finish> TX: V46	RX: 0	TX: EX	RX: -18839	
12:18:28.553 AM 6/2/2023	<Active Finish> TX: V46	RX: 0	TX: EX	RX: -20714	
12:18:36.309 AM 6/2/2023	<Active Finish> TX: V46	RX: 0	TX: EX	RX: -22589	
12:18:46.209 AM 6/2/2023	<Active Finish> TX: V46	RX: 0	TX: EX	RX: -24464	
12:18:59.606 AM 6/2/2023	<Active Finish> TX: V46	RX: 0	TX: EX	RX: -26340	
12:19:07.057 AM 6/2/2023	<Active Finish> TX: V46	RX: 0	TX: EX	RX: -28215	
12:19:17.103 AM 6/2/2023	<Active Finish> TX: V46	RX: 0	TX: EX	RX: -90	
12:19:30.138 AM 6/2/2023	<Active Finish> TX: V46	RX: 0	TX: EX	RX: -1964	
12:19:41.609 AM 6/2/2023	<Active Finish> TX: V46	RX: 0	TX: EX	RX: -3839	
12:19:50.424 AM 6/2/2023	<Active Finish> TX: V46	RX: 0	TX: EX	RX: -5714	
12:20:03.717 AM 6/2/2023	<Active Finish> TX: V46	RX: 0	TX: EX	RX: -7589	
12:20:15.933 AM 6/2/2023	<Active Finish> TX: V46	RX: 0	TX: EX	RX: -9464	
12:20:27.899 AM 6/2/2023	<Active Finish> TX: V46	RX: 0	TX: EX	RX: -11340	
12:20:40.377 AM 6/2/2023	<Active Finish> TX: V46	RX: 0	TX: EX	RX: -13215	
12:20:52.624 AM 6/2/2023	<Active Finish> TX: V46	RX: 0	TX: EX	RX: -15090	
12:21:04.540 AM 6/2/2023	<Active Finish> TX: V46	RX: 0	TX: EX	RX: -16964	
12:21:36.832 AM 6/2/2023	<Active Goto> TX: V20=0.000	RX: OK	TX: V21=1	RX: OK	TX: GS29	RX: OK	
12:21:37.165 AM 6/2/2023	<Active Goto> TX: V20=4800.000	RX: OK	TX: V21=2	RX: OK	TX: GS29	RX: OK	
12:21:39.594 AM 6/2/2023	<Active Finish> TX: V46	RX: 0	TX: EX	RX: -4797	
12:21:41.388 AM 6/2/2023	<Active Goto> TX: V20=0.000	RX: OK	TX: V21=1	RX: OK	TX: GS29	RX: OK	
12:21:43.822 AM 6/2/2023	<Active Finish> TX: V46	RX: 0	TX: EX	RX: 1	
12:22:14.803 AM 6/2/2023	<Active Finish> TX: V46	RX: 0	TX: EX	RX: 0	
12:22:16.891 AM 6/2/2023	<Active Init> TX: V81=0	RX: OK	TX: V82=1875	RX: OK	TX: V83=3750	RX: OK	TX: V84=5625	RX: OK	TX: V85=7500	RX: OK	TX: V86=9375	RX: OK	TX: V87=11250	RX: OK	TX: V88=13125	RX: OK	TX: V89=15000	RX: OK	TX: V90=16875	RX: OK	TX: V91=18750	RX: OK	TX: V92=20625	RX: OK	TX: V93=22500	RX: OK	TX: V94=24375	RX: OK	TX: V95=26250	RX: OK	TX: V96=28125	RX: OK	TX: V20=900	RX: OK	TX: V21=0	RX: OK	TX: GS30	RX: OK	
12:22:25.521 AM 6/2/2023	<Active Finish> TX: V46	RX: 0	TX: EX	RX: 0	
12:22:46.528 AM 6/2/2023	<Active Finish> TX: V46	RX: 0	TX: EX	RX: 0	
12:24:55.279 AM 6/2/2023	<Active Finish> TX: V46	RX: 0	TX: EX	RX: 0	
12:25:08.050 AM 6/2/2023	<Active Finish> TX: V46	RX: 0	TX: EX	RX: -1875	
12:25:20.012 AM 6/2/2023	<Active Finish> TX: V46	RX: 0	TX: EX	RX: -3751	
12:25:32.380 AM 6/2/2023	<Active Finish> TX: V46	RX: 0	TX: EX	RX: -5625	
12:25:45.019 AM 6/2/2023	<Active Finish> TX: V46	RX: 0	TX: EX	RX: -7501	
12:25:57.431 AM 6/2/2023	<Active Finish> TX: V46	RX: 0	TX: EX	RX: -9375	
12:26:05.316 AM 6/2/2023	<Active Finish> TX: V46	RX: 0	TX: EX	RX: -11251	
12:26:19.110 AM 6/2/2023	<Active Finish> TX: V46	RX: 0	TX: EX	RX: -13125	
12:26:31.361 AM 6/2/2023	<Active Finish> TX: V46	RX: 0	TX: EX	RX: -15000	
12:26:43.820 AM 6/2/2023	<Active Finish> TX: V46	RX: 0	TX: EX	RX: -16875	
12:26:56.332 AM 6/2/2023	<Active Finish> TX: V46	RX: 0	TX: EX	RX: -18751	
12:27:04.624 AM 6/2/2023	<Active Finish> TX: V46	RX: 0	TX: EX	RX: -20625	
12:27:17.855 AM 6/2/2023	<Active Finish> TX: V46	RX: 0	TX: EX	RX: -22501	
12:27:30.361 AM 6/2/2023	<Active Finish> TX: V46	RX: 0	TX: EX	RX: -24376	
12:27:42.260 AM 6/2/2023	<Active Finish> TX: V46	RX: 0	TX: EX	RX: -26251	
12:27:54.515 AM 6/2/2023	<Active Finish> TX: V46	RX: 0	TX: EX	RX: -28125	
12:34:26.357 AM 6/2/2023	<Active Finish> TX: V46	RX: 0	TX: EX	RX: 0	
12:41:06.526 AM 6/2/2023	<Active Finish> TX: V46	RX: 0	TX: EX	RX: 0	
12:41:24.796 AM 6/2/2023	<Active Finish> TX: V46	RX: 0	TX: EX	RX: -1875	
12:41:42.272 AM 6/2/2023	<Active Finish> TX: V46	RX: 0	TX: EX	RX: -3751	
12:41:57.663 AM 6/2/2023	<Active Finish> TX: V46	RX: 0	TX: EX	RX: -5625	
12:42:13.415 AM 6/2/2023	<Active Finish> TX: V46	RX: 0	TX: EX	RX: -7501	
12:42:31.013 AM 6/2/2023	<Active Finish> TX: V46	RX: 0	TX: EX	RX: -9376	
12:42:46.891 AM 6/2/2023	<Active Finish> TX: V46	RX: 0	TX: EX	RX: -11251	
12:43:02.745 AM 6/2/2023	<Active Finish> TX: V46	RX: 0	TX: EX	RX: -13125	
12:43:20.774 AM 6/2/2023	<Active Finish> TX: V46	RX: 0	TX: EX	RX: -15000	
12:43:36.651 AM 6/2/2023	<Active Finish> TX: V46	RX: 0	TX: EX	RX: -16875	
12:43:54.701 AM 6/2/2023	<Active Finish> TX: V46	RX: 0	TX: EX	RX: -18751	
12:44:10.683 AM 6/2/2023	<Active Finish> TX: V46	RX: 0	TX: EX	RX: -20625	
12:44:28.478 AM 6/2/2023	<Active Finish> TX: V46	RX: 0	TX: EX	RX: -22501	
12:44:44.210 AM 6/2/2023	<Active Finish> TX: V46	RX: 0	TX: EX	RX: -24376	
12:45:02.711 AM 6/2/2023	<Active Finish> TX: V46	RX: 0	TX: EX	RX: -26251	
12:45:20.855 AM 6/2/2023	<Active Finish> TX: V46	RX: 0	TX: EX	RX: -28125	
12:46:43.384 AM 6/2/2023	<Active Goto> TX: V20=800000.000	RX: OK	TX: V21=3	RX: OK	TX: GS29	RX: OK	
12:46:43.716 AM 6/2/2023	<Active Goto> TX: V20=4800.000	RX: OK	TX: V21=2	RX: OK	TX: GS29	RX: OK	
12:46:46.227 AM 6/2/2023	<Active Finish> TX: V46	RX: 0	TX: EX	RX: -4797	
12:46:48.001 AM 6/2/2023	<Active Goto> TX: V20=0.000	RX: OK	TX: V21=1	RX: OK	TX: GS29	RX: OK	
12:46:50.416 AM 6/2/2023	<Active Finish> TX: V46	RX: 0	TX: EX	RX: 1	
12:47:21.675 AM 6/2/2023	<Active Finish> TX: V46	RX: 0	TX: EX	RX: 799999	
12:47:23.713 AM 6/2/2023	<Active Init> TX: V81=0	RX: OK	TX: V82=1875	RX: OK	TX: V83=3750	RX: OK	TX: V84=5625	RX: OK	TX: V85=7500	RX: OK	TX: V86=9375	RX: OK	TX: V87=11250	RX: OK	TX: V88=13125	RX: OK	TX: V89=15000	RX: OK	TX: V90=16875	RX: OK	TX: V91=18750	RX: OK	TX: V92=20625	RX: OK	TX: V93=22500	RX: OK	TX: V94=24375	RX: OK	TX: V95=26250	RX: OK	TX: V96=28125	RX: OK	TX: V20=900	RX: OK	TX: V21=0	RX: OK	TX: GS30	RX: OK	
12:47:31.570 AM 6/2/2023	<Active Finish> TX: V46	RX: 0	TX: EX	RX: 1	
12:48:25.445 AM 6/2/2023	<Active Finish> TX: V46	RX: 0	TX: EX	RX: 1	
12:48:41.276 AM 6/2/2023	<Active Finish> TX: V46	RX: 0	TX: EX	RX: -1874	
12:48:59.180 AM 6/2/2023	<Active Finish> TX: V46	RX: 0	TX: EX	RX: -3749	
12:49:14.843 AM 6/2/2023	<Active Finish> TX: V46	RX: 0	TX: EX	RX: -5624	
12:49:33.002 AM 6/2/2023	<Active Finish> TX: V46	RX: 0	TX: EX	RX: -7499	
12:49:48.722 AM 6/2/2023	<Active Finish> TX: V46	RX: 0	TX: EX	RX: -9375	
12:50:06.671 AM 6/2/2023	<Active Finish> TX: V46	RX: 0	TX: EX	RX: -11250	
12:50:22.047 AM 6/2/2023	<Active Finish> TX: V46	RX: 0	TX: EX	RX: -13125	
12:50:37.540 AM 6/2/2023	<Active Finish> TX: V46	RX: 0	TX: EX	RX: -14999	
12:50:53.412 AM 6/2/2023	<Active Finish> TX: V46	RX: 0	TX: EX	RX: -16874	
12:51:09.181 AM 6/2/2023	<Active Finish> TX: V46	RX: 0	TX: EX	RX: -18749	
12:51:26.925 AM 6/2/2023	<Active Finish> TX: V46	RX: 0	TX: EX	RX: -20624	
12:51:42.250 AM 6/2/2023	<Active Finish> TX: V46	RX: 0	TX: EX	RX: -22499	
12:51:57.649 AM 6/2/2023	<Active Finish> TX: V46	RX: 0	TX: EX	RX: -24375	
12:52:13.441 AM 6/2/2023	<Active Finish> TX: V46	RX: 0	TX: EX	RX: -26250	
12:52:28.797 AM 6/2/2023	<Active Finish> TX: V46	RX: 0	TX: EX	RX: -28125	
1:01:42.386 AM 6/2/2023	<Active Finish> TX: V46	RX: 0	TX: EX	RX: 1	
1:06:18.941 AM 6/2/2023	<Active Finish> TX: V46	RX: 0	TX: EX	RX: 1	
1:09:16.376 AM 6/2/2023	<Active Finish> TX: V46	RX: 0	TX: EX	RX: 1	
1:10:28.326 AM 6/2/2023	<Active Finish> TX: V46	RX: 0	TX: EX	RX: 1	
1:11:49.202 AM 6/2/2023	<Active Finish> TX: V46	RX: 0	TX: EX	RX: 1	
1:27:57.036 AM 6/2/2023	<Active Finish> TX: V46	RX: 0	TX: EX	RX: 1	
1:30:03.205 AM 6/2/2023	<Active Finish> TX: V46	RX: 0	TX: EX	RX: -1874	
1:32:08.841 AM 6/2/2023	<Active Finish> TX: V46	RX: 0	TX: EX	RX: -3749	
1:34:15.481 AM 6/2/2023	<Active Finish> TX: V46	RX: 0	TX: EX	RX: -5624	
1:36:21.415 AM 6/2/2023	<Active Finish> TX: V46	RX: 0	TX: EX	RX: -7499	
1:38:26.992 AM 6/2/2023	<Active Finish> TX: V46	RX: 0	TX: EX	RX: -9375	
1:40:33.164 AM 6/2/2023	<Active Finish> TX: V46	RX: 0	TX: EX	RX: -11250	
1:42:39.292 AM 6/2/2023	<Active Finish> TX: V46	RX: 0	TX: EX	RX: -13125	
1:44:45.792 AM 6/2/2023	<Active Finish> TX: V46	RX: 0	TX: EX	RX: -29999	
1:46:52.377 AM 6/2/2023	<Active Finish> TX: V46	RX: 0	TX: EX	RX: -1874	
1:49:00.579 AM 6/2/2023	<Active Finish> TX: V46	RX: 0	TX: EX	RX: -3749	
1:51:06.418 AM 6/2/2023	<Active Finish> TX: V46	RX: 0	TX: EX	RX: -5624	
1:53:12.200 AM 6/2/2023	<Active Finish> TX: V46	RX: 0	TX: EX	RX: -7499	
1:55:18.379 AM 6/2/2023	<Active Finish> TX: V46	RX: 0	TX: EX	RX: -9375	
1:57:24.270 AM 6/2/2023	<Active Finish> TX: V46	RX: 0	TX: EX	RX: -11250	
1:59:30.229 AM 6/2/2023	<Active Finish> TX: V46	RX: 0	TX: EX	RX: -13125	
2:01:37.133 AM 6/2/2023	<Active Finish> TX: V46	RX: 0	TX: EX	RX: 1	
2:03:44.596 AM 6/2/2023	<Active Finish> TX: V46	RX: 0	TX: EX	RX: -1874	
2:05:50.336 AM 6/2/2023	<Active Finish> TX: V46	RX: 0	TX: EX	RX: -3749	
2:07:56.253 AM 6/2/2023	<Active Finish> TX: V46	RX: 0	TX: EX	RX: -5624	
2:10:02.236 AM 6/2/2023	<Active Finish> TX: V46	RX: 0	TX: EX	RX: -7499	
2:12:08.204 AM 6/2/2023	<Active Finish> TX: V46	RX: 0	TX: EX	RX: -9375	
2:14:14.477 AM 6/2/2023	<Active Finish> TX: V46	RX: 0	TX: EX	RX: -11250	
2:16:20.146 AM 6/2/2023	<Active Finish> TX: V46	RX: 0	TX: EX	RX: -13125	
2:18:26.843 AM 6/2/2023	<Active Finish> TX: V46	RX: 0	TX: EX	RX: 1	
2:20:35.143 AM 6/2/2023	<Active Finish> TX: V46	RX: 0	TX: EX	RX: -1874	
2:22:41.372 AM 6/2/2023	<Active Finish> TX: V46	RX: 0	TX: EX	RX: -3749	
2:24:47.435 AM 6/2/2023	<Active Finish> TX: V46	RX: 0	TX: EX	RX: -5624	
2:26:53.455 AM 6/2/2023	<Active Finish> TX: V46	RX: 0	TX: EX	RX: -7499	
2:29:01.869 AM 6/2/2023	<Active Finish> TX: V46	RX: 0	TX: EX	RX: -9374	
2:31:08.149 AM 6/2/2023	<Active Finish> TX: V46	RX: 0	TX: EX	RX: -11249	
2:33:16.646 AM 6/2/2023	<Active Finish> TX: V46	RX: 0	TX: EX	RX: -13125	
2:39:18.580 AM 6/2/2023	<Active Finish> TX: V46	RX: 0	TX: EX	RX: 1	
2:43:37.253 AM 6/2/2023	<Active Finish> TX: V46	RX: 0	TX: EX	RX: 1	
2:47:47.375 AM 6/2/2023	<Active Finish> TX: V46	RX: 0	TX: EX	RX: 1	
2:55:24.230 AM 6/2/2023	<Active Finish> TX: V46	RX: 0	TX: EX	RX: 1	
3:02:12.017 AM 6/2/2023	<Active Finish> TX: V46	RX: 0	TX: EX	RX: 1	
3:04:41.292 AM 6/2/2023	<Active Finish> TX: V46	RX: 0	TX: EX	RX: 1	
3:06:45.485 AM 6/2/2023	<Active Finish> TX: V46	RX: 0	TX: EX	RX: -1874	
3:08:51.471 AM 6/2/2023	<Active Finish> TX: V46	RX: 0	TX: EX	RX: -3749	
3:10:55.106 AM 6/2/2023	<Active Finish> TX: V46	RX: 0	TX: EX	RX: -5624	
3:13:00.734 AM 6/2/2023	<Active Finish> TX: V46	RX: 0	TX: EX	RX: -7499	
3:15:04.469 AM 6/2/2023	<Active Finish> TX: V46	RX: 0	TX: EX	RX: -9375	
3:17:08.269 AM 6/2/2023	<Active Finish> TX: V46	RX: 0	TX: EX	RX: -11250	
3:19:14.615 AM 6/2/2023	<Active Finish> TX: V46	RX: 0	TX: EX	RX: -13125	
3:21:19.499 AM 6/2/2023	<Active Finish> TX: V46	RX: 0	TX: EX	RX: 1	
3:23:24.415 AM 6/2/2023	<Active Finish> TX: V46	RX: 0	TX: EX	RX: -1874	
3:25:28.460 AM 6/2/2023	<Active Finish> TX: V46	RX: 0	TX: EX	RX: -3749	
3:27:34.523 AM 6/2/2023	<Active Finish> TX: V46	RX: 0	TX: EX	RX: -5624	
3:29:40.752 AM 6/2/2023	<Active Finish> TX: V46	RX: 0	TX: EX	RX: -7499	
3:31:46.428 AM 6/2/2023	<Active Finish> TX: V46	RX: 0	TX: EX	RX: -9375	
3:48:02.420 AM 6/2/2023	<Active Goto> TX: V20=400000.000	RX: OK	TX: V21=2	RX: OK	TX: GS29	RX: OK	
3:48:02.773 AM 6/2/2023	<Active Goto> TX: V20=0.000	RX: OK	TX: V21=1	RX: OK	TX: GS29	RX: OK	
3:48:10.099 AM 6/2/2023	<Active Finish> TX: V46	RX: 0	TX: EX	RX: 0	
3:48:11.908 AM 6/2/2023	<Active Goto> TX: V20=0.000	RX: OK	TX: V21=1	RX: OK	TX: GS29	RX: OK	
3:48:14.312 AM 6/2/2023	<Active Finish> TX: V46	RX: 0	TX: EX	RX: 1	
3:48:22.122 AM 6/2/2023	<Active Finish> TX: V46	RX: 0	TX: EX	RX: 400000	
4:44:03.941 AM 6/2/2023	<Active Goto> TX: V20=800000.000	RX: OK	TX: V21=3	RX: OK	TX: GS29	RX: OK	
4:44:04.275 AM 6/2/2023	<Active Goto> TX: V20=4800.000	RX: OK	TX: V21=2	RX: OK	TX: GS29	RX: OK	
4:44:11.629 AM 6/2/2023	<Active Finish> TX: V46	RX: 0	TX: EX	RX: -4797	
4:44:13.402 AM 6/2/2023	<Active Goto> TX: V20=0.000	RX: OK	TX: V21=1	RX: OK	TX: GS29	RX: OK	
4:44:15.837 AM 6/2/2023	<Active Finish> TX: V46	RX: 0	TX: EX	RX: 1	
4:44:24.305 AM 6/2/2023	<Active Finish> TX: V46	RX: 0	TX: EX	RX: 799999	
4:44:26.361 AM 6/2/2023	<Active Init> TX: V81=0	RX: OK	TX: V82=1875	RX: OK	TX: V83=3750	RX: OK	TX: V84=5625	RX: OK	TX: V85=7500	RX: OK	TX: V86=9375	RX: OK	TX: V87=11250	RX: OK	TX: V88=13125	RX: OK	TX: V89=15000	RX: OK	TX: V90=16875	RX: OK	TX: V91=18750	RX: OK	TX: V92=20625	RX: OK	TX: V93=22500	RX: OK	TX: V94=24375	RX: OK	TX: V95=26250	RX: OK	TX: V96=28125	RX: OK	TX: V20=900	RX: OK	TX: V21=0	RX: OK	TX: GS30	RX: OK	
4:44:34.234 AM 6/2/2023	<Active Finish> TX: V46	RX: 0	TX: EX	RX: 0	
4:47:03.241 AM 6/2/2023	<Active Finish> TX: V46	RX: 0	TX: EX	RX: 0	
4:52:51.423 AM 6/2/2023	<Active Finish> TX: V46	RX: 0	TX: EX	RX: 0	
4:53:55.856 AM 6/2/2023	<Active Finish> TX: V46	RX: 0	TX: EX	RX: -1874	
4:54:59.733 AM 6/2/2023	<Active Finish> TX: V46	RX: 0	TX: EX	RX: -3750	
4:56:04.380 AM 6/2/2023	<Active Finish> TX: V46	RX: 0	TX: EX	RX: -5624	
4:57:08.734 AM 6/2/2023	<Active Finish> TX: V46	RX: 0	TX: EX	RX: -7500	
4:58:13.748 AM 6/2/2023	<Active Finish> TX: V46	RX: 0	TX: EX	RX: -9374	
4:59:17.877 AM 6/2/2023	<Active Finish> TX: V46	RX: 0	TX: EX	RX: -11250	
5:00:22.841 AM 6/2/2023	<Active Finish> TX: V46	RX: 0	TX: EX	RX: -13125	
5:01:27.505 AM 6/2/2023	<Active Finish> TX: V46	RX: 0	TX: EX	RX: -19639	
5:02:32.553 AM 6/2/2023	<Active Finish> TX: V46	RX: 0	TX: EX	RX: -21514	
5:03:36.654 AM 6/2/2023	<Active Finish> TX: V46	RX: 0	TX: EX	RX: -23390	
5:04:41.429 AM 6/2/2023	<Active Finish> TX: V46	RX: 0	TX: EX	RX: -25265	
5:05:45.971 AM 6/2/2023	<Active Finish> TX: V46	RX: 0	TX: EX	RX: -27140	
5:06:50.773 AM 6/2/2023	<Active Finish> TX: V46	RX: 0	TX: EX	RX: -29014	
5:07:55.240 AM 6/2/2023	<Active Finish> TX: V46	RX: 0	TX: EX	RX: -890	
5:08:59.648 AM 6/2/2023	<Active Finish> TX: V46	RX: 0	TX: EX	RX: -2764	
5:10:04.814 AM 6/2/2023	<Active Finish> TX: V46	RX: 0	TX: EX	RX: -19639	
5:11:08.749 AM 6/2/2023	<Active Finish> TX: V46	RX: 0	TX: EX	RX: -21514	
5:12:13.041 AM 6/2/2023	<Active Finish> TX: V46	RX: 0	TX: EX	RX: -23390	
5:13:17.951 AM 6/2/2023	<Active Finish> TX: V46	RX: 0	TX: EX	RX: -25265	
5:14:23.205 AM 6/2/2023	<Active Finish> TX: V46	RX: 0	TX: EX	RX: -27140	
5:15:27.721 AM 6/2/2023	<Active Finish> TX: V46	RX: 0	TX: EX	RX: -29014	
5:16:32.528 AM 6/2/2023	<Active Finish> TX: V46	RX: 0	TX: EX	RX: -890	
5:17:37.107 AM 6/2/2023	<Active Finish> TX: V46	RX: 0	TX: EX	RX: -2763	
5:18:42.357 AM 6/2/2023	<Active Finish> TX: V46	RX: 0	TX: EX	RX: -19639	
5:19:45.909 AM 6/2/2023	<Active Finish> TX: V46	RX: 0	TX: EX	RX: -21514	
5:20:51.083 AM 6/2/2023	<Active Finish> TX: V46	RX: 0	TX: EX	RX: -23390	
5:21:55.741 AM 6/2/2023	<Active Finish> TX: V46	RX: 0	TX: EX	RX: -25264	
5:22:59.810 AM 6/2/2023	<Active Finish> TX: V46	RX: 0	TX: EX	RX: -27140	
5:24:04.931 AM 6/2/2023	<Active Finish> TX: V46	RX: 0	TX: EX	RX: -29014	
5:25:09.675 AM 6/2/2023	<Active Finish> TX: V46	RX: 0	TX: EX	RX: -890	
5:26:14.178 AM 6/2/2023	<Active Finish> TX: V46	RX: 0	TX: EX	RX: -2763	
5:27:19.520 AM 6/2/2023	<Active Finish> TX: V46	RX: 0	TX: EX	RX: -19639	
5:28:23.769 AM 6/2/2023	<Active Finish> TX: V46	RX: 0	TX: EX	RX: -21514	
5:29:28.048 AM 6/2/2023	<Active Finish> TX: V46	RX: 0	TX: EX	RX: -23390	
5:30:32.460 AM 6/2/2023	<Active Finish> TX: V46	RX: 0	TX: EX	RX: -25264	
5:31:37.209 AM 6/2/2023	<Active Finish> TX: V46	RX: 0	TX: EX	RX: -27140	
5:32:41.841 AM 6/2/2023	<Active Finish> TX: V46	RX: 0	TX: EX	RX: -29014	
5:33:46.510 AM 6/2/2023	<Active Finish> TX: V46	RX: 0	TX: EX	RX: -890	
5:34:50.888 AM 6/2/2023	<Active Finish> TX: V46	RX: 0	TX: EX	RX: -2764	
5:35:56.450 AM 6/2/2023	<Active Finish> TX: V46	RX: 0	TX: EX	RX: -19639	
5:37:00.637 AM 6/2/2023	<Active Finish> TX: V46	RX: 0	TX: EX	RX: -21514	
5:38:04.797 AM 6/2/2023	<Active Finish> TX: V46	RX: 0	TX: EX	RX: -23390	
5:39:09.447 AM 6/2/2023	<Active Finish> TX: V46	RX: 0	TX: EX	RX: -25265	
5:40:13.738 AM 6/2/2023	<Active Finish> TX: V46	RX: 0	TX: EX	RX: -27140	
5:41:18.157 AM 6/2/2023	<Active Finish> TX: V46	RX: 0	TX: EX	RX: -29014	
5:42:22.700 AM 6/2/2023	<Active Finish> TX: V46	RX: 0	TX: EX	RX: -890	
5:43:27.062 AM 6/2/2023	<Active Finish> TX: V46	RX: 0	TX: EX	RX: -2764	
5:44:32.869 AM 6/2/2023	<Active Finish> TX: V46	RX: 0	TX: EX	RX: -9240	
5:45:36.807 AM 6/2/2023	<Active Finish> TX: V46	RX: 0	TX: EX	RX: -11114	
5:46:41.607 AM 6/2/2023	<Active Finish> TX: V46	RX: 0	TX: EX	RX: -12990	
5:47:46.208 AM 6/2/2023	<Active Finish> TX: V46	RX: 0	TX: EX	RX: -14864	
5:48:51.041 AM 6/2/2023	<Active Finish> TX: V46	RX: 0	TX: EX	RX: -16739	
5:49:55.333 AM 6/2/2023	<Active Finish> TX: V46	RX: 0	TX: EX	RX: -18614	
5:50:59.946 AM 6/2/2023	<Active Finish> TX: V46	RX: 0	TX: EX	RX: -20490	
5:52:04.363 AM 6/2/2023	<Active Finish> TX: V46	RX: 0	TX: EX	RX: -22364	
5:53:09.926 AM 6/2/2023	<Active Finish> TX: V46	RX: 0	TX: EX	RX: -9241	
2:39:25.532 PM 6/2/2023	<Active Init> TX: V20=-5000	RX: OK	TX: V21=0	RX: OK	TX: GS30	RX: OK	
2:39:25.892 PM 6/2/2023	<Active Init> TX: V20=0	RX: OK	TX: V21=0	RX: OK	TX: GS30	RX: OK	
2:39:26.234 PM 6/2/2023	<Active Init> TX: V20=0	RX: OK	TX: V21=16	RX: OK	TX: GS30	RX: OK	
2:39:35.788 PM 6/2/2023	<Active Finish> TX: V46	RX: 0	TX: EX	RX: 0	
2:39:41.316 PM 6/2/2023	<Active Finish> TX: V46	RX: 0	TX: EX	RX: 0	
2:40:06.368 PM 6/2/2023	<Active Finish> TX: V46	RX: 0	TX: EX	RX: 1	
2:41:08.569 PM 6/2/2023	<Active Init> TX: V20=0	RX: OK	TX: V21=0	RX: OK	TX: GS30	RX: OK	
2:41:08.919 PM 6/2/2023	<Active Init> TX: V20=0	RX: OK	TX: V21=16	RX: OK	TX: GS30	RX: OK	
2:41:18.107 PM 6/2/2023	<Active Finish> TX: V46	RX: 0	TX: EX	RX: 0	
2:41:20.218 PM 6/2/2023	<Active Finish> TX: V46	RX: 0	TX: EX	RX: 0	
2:41:39.509 PM 6/2/2023	<Active Goto> TX: V20=	RX: OK	TX: V21=1	RX: OK	TX: GS29	RX: OK	
2:41:40.827 PM 6/2/2023	<Active Stop> TX: STOP	RX: OK	TX: SR0=0	RX: OK	TX: V46=251	RX: OK	
2:41:41.698 PM 6/2/2023	<Active Finish> TX: V46	RX: 251	TX: EX	RX: 1	
2:41:55.167 PM 6/2/2023	<Active Init> TX: V20=-200	RX: OK	TX: V21=0	RX: OK	TX: GS30	RX: OK	
2:41:58.689 PM 6/2/2023	<Active Init> TX: V20=0	RX: OK	TX: V21=32	RX: OK	TX: GS30	RX: OK	
2:42:16.219 PM 6/2/2023	<Active Goto> TX: V20=400000.000	RX: OK	TX: V21=2	RX: OK	TX: GS29	RX: OK	
2:42:18.440 PM 6/2/2023	<Active Finish> TX: V46	RX: 0	TX: EX	RX: 0	
2:42:20.215 PM 6/2/2023	<Active Finish> TX: V46	RX: 0	TX: V32	RX: 0	
2:42:36.395 PM 6/2/2023	<Active Finish> TX: V46	RX: 0	TX: EX	RX: 400000	
2:45:42.910 PM 6/2/2023	<Active Goto> TX: V20=4800.000	RX: OK	TX: V21=2	RX: OK	TX: GS29	RX: OK	
2:45:43.375 PM 6/2/2023	<Active Goto> TX: V20=0.000	RX: OK	TX: V21=1	RX: OK	TX: GS29	RX: OK	
2:45:50.169 PM 6/2/2023	<Active Finish> TX: V46	RX: 0	TX: EX	RX: -4796	
2:45:51.980 PM 6/2/2023	<Active Goto> TX: V20=0.000	RX: OK	TX: V21=1	RX: OK	TX: GS29	RX: OK	
2:45:54.536 PM 6/2/2023	<Active Finish> TX: V46	RX: 0	TX: EX	RX: 0	
2:46:03.140 PM 6/2/2023	<Active Finish> TX: V46	RX: 0	TX: EX	RX: 1	
2:46:39.155 PM 6/2/2023	<Active Goto> TX: V20=4800.000	RX: OK	TX: V21=2	RX: OK	TX: GS29	RX: OK	
2:46:40.765 PM 6/2/2023	<Active Finish> TX: V46	RX: 0	TX: EX	RX: -4796	
2:46:41.649 PM 6/2/2023	<Active Goto> TX: V20=0.000	RX: OK	TX: V21=1	RX: OK	TX: GS29	RX: OK	
2:46:43.212 PM 6/2/2023	<Active Finish> TX: V46	RX: 0	TX: EX	RX: 0	
2:46:55.802 PM 6/2/2023	<Active Goto> TX: V20=	RX: OK	TX: V21=1	RX: OK	TX: GS29	RX: OK	
2:46:57.149 PM 6/2/2023	<Active Stop> TX: STOP	RX: OK	TX: SR0=0	RX: OK	TX: V46=251	RX: OK	
2:46:57.918 PM 6/2/2023	<Active Finish> TX: V46	RX: 251	TX: EX	RX: 1	
2:47:01.295 PM 6/2/2023	<Active Goto> TX: V20=800000.000	RX: OK	TX: V21=3	RX: OK	TX: GS29	RX: OK	
2:47:39.573 PM 6/2/2023	<Active Finish> TX: V46	RX: 0	TX: EX	RX: 799999	
2:47:59.217 PM 6/2/2023	<Active Goto> TX: V20=	RX: OK	TX: V21=3	RX: OK	TX: GS29	RX: OK	
2:48:00.691 PM 6/2/2023	<Active Stop> TX: STOP	RX: OK	TX: SR0=0	RX: OK	TX: V46=251	RX: OK	
2:48:01.475 PM 6/2/2023	<Active Finish> TX: V46	RX: 251	TX: EX	RX: 774636	
2:48:16.990 PM 6/2/2023	<Active Goto> TX: V20=0.000	RX: OK	TX: V21=1	RX: OK	TX: GS29	RX: OK	
2:48:17.437 PM 6/2/2023	<Active Goto> TX: V20=400000.000	RX: OK	TX: V21=2	RX: OK	TX: GS29	RX: OK	
2:48:24.172 PM 6/2/2023	<Active Finish> TX: V46	RX: 0	TX: EX	RX: 0	
2:48:26.009 PM 6/2/2023	<Active Goto> TX: V20=0.000	RX: 	
2:48:36.148 PM 6/2/2023	<Active Finish> TX: V46	RX: 0	TX: EX	RX: 400001	
2:51:22.335 PM 6/2/2023	<Active Init> TX: V20=-5000	RX: OK	TX: V21=0	RX: OK	TX: GS30	RX: OK	
2:51:22.687 PM 6/2/2023	<Active Init> TX: V20=0	RX: OK	TX: V21=0	RX: OK	TX: GS30	RX: OK	
2:51:23.029 PM 6/2/2023	<Active Init> TX: V20=0	RX: OK	TX: V21=16	RX: OK	TX: GS30	RX: OK	
2:51:32.595 PM 6/2/2023	<Active Finish> TX: V46	RX: 0	TX: EX	RX: 1	
2:51:34.399 PM 6/2/2023	<Active Finish> TX: V46	RX: 0	TX: EX	RX: 0	
2:51:45.121 PM 6/2/2023	<Active Finish> TX: V46	RX: 0	TX: EX	RX: 1	
2:51:47.185 PM 6/2/2023	<Active Init> TX: V81=0	RX: OK	TX: V82=1875	RX: OK	TX: V83=3750	RX: OK	TX: V84=5625	RX: OK	TX: V85=7500	RX: OK	TX: V86=9375	RX: OK	TX: V87=11250	RX: OK	TX: V88=13125	RX: OK	TX: V89=15000	RX: OK	TX: V90=16875	RX: OK	TX: V91=18750	RX: OK	TX: V92=20625	RX: OK	TX: V93=22500	RX: OK	TX: V94=24375	RX: OK	TX: V95=26250	RX: OK	TX: V96=28125	RX: OK	TX: V20=900	RX: OK	TX: V21=0	RX: OK	TX: GS30	RX: OK	
2:51:54.387 PM 6/2/2023	<Active Finish> TX: V46	RX: 0	TX: EX	RX: 0	
2:51:56.880 PM 6/2/2023	<Active Init> TX: V20=0	RX: OK	TX: V21=32	RX: OK	TX: GS30	RX: OK	
2:51:57.326 PM 6/2/2023	<Active Init> TX: V20=-200	RX: OK	TX: V21=0	RX: OK	TX: GS30	RX: OK	
2:52:07.713 PM 6/2/2023	<Active Finish> TX: V46	RX: 0	TX: V32	RX: 0	
2:52:08.385 PM 6/2/2023	<Active Finish> TX: V46	RX: 0	TX: EX	RX: 0	
2:52:09.241 PM 6/2/2023	<Active Goto> TX: V20=400000.000	RX: OK	TX: V21=2	RX: OK	TX: GS29	RX: OK	
2:52:09.590 PM 6/2/2023	<Active Goto> TX: V20=0.000	RX: OK	TX: V21=1	RX: OK	TX: GS29	RX: OK	
2:52:12.049 PM 6/2/2023	<Active Finish> TX: V46	RX: 0	TX: EX	RX: 0	
2:52:13.825 PM 6/2/2023	<Active Goto> TX: V20=0.000	RX: OK	TX: V21=1	RX: OK	TX: GS29	RX: OK	
2:52:16.287 PM 6/2/2023	<Active Finish> TX: V46	RX: 0	TX: EX	RX: 1	
2:52:29.548 PM 6/2/2023	<Active Finish> TX: V46	RX: 0	TX: EX	RX: 400000	
2:52:50.492 PM 6/2/2023	<Active Goto> TX: V20=4800.000	RX: OK	TX: V21=2	RX: OK	TX: GS29	RX: OK	
2:52:50.938 PM 6/2/2023	<Active Goto> TX: V20=0.000	RX: OK	TX: V21=1	RX: OK	TX: GS29	RX: OK	
2:52:57.679 PM 6/2/2023	<Active Finish> TX: V46	RX: 0	TX: EX	RX: -4796	
2:52:59.497 PM 6/2/2023	<Active Goto> TX: V20=0.000	RX: OK	TX: V21=1	RX: OK	TX: GS29	RX: OK	
2:53:01.931 PM 6/2/2023	<Active Finish> TX: V46	RX: 0	TX: EX	RX: 1	
2:53:11.149 PM 6/2/2023	<Active Finish> TX: V46	RX: 0	TX: EX	RX: 1	
2:53:13.202 PM 6/2/2023	<Active Init> TX: V81=0	RX: OK	TX: V82=1875	RX: OK	TX: V83=3750	RX: OK	TX: V84=5625	RX: OK	TX: V85=7500	RX: OK	TX: V86=9375	RX: OK	TX: V87=11250	RX: OK	TX: V88=13125	RX: OK	TX: V89=15000	RX: OK	TX: V90=16875	RX: OK	TX: V91=18750	RX: OK	TX: V92=20625	RX: OK	TX: V93=22500	RX: OK	TX: V94=24375	RX: OK	TX: V95=26250	RX: OK	TX: V96=28125	RX: OK	TX: V20=900	RX: OK	TX: V21=0	RX: OK	TX: GS30	RX: OK	
2:53:21.868 PM 6/2/2023	<Active Finish> TX: V46	RX: 0	TX: EX	RX: 0	
2:54:04.812 PM 6/2/2023	<Active Finish> TX: V46	RX: 0	TX: EX	RX: -3750	
2:54:19.188 PM 6/2/2023	<Active Finish> TX: V46	RX: 0	TX: EX	RX: -5626	
2:54:34.120 PM 6/2/2023	<Active Finish> TX: V46	RX: 0	TX: EX	RX: -11250	
2:54:47.787 PM 6/2/2023	<Active Finish> TX: V46	RX: 0	TX: EX	RX: -13125	
2:55:04.979 PM 6/2/2023	<Active Finish> TX: V46	RX: 0	TX: EX	RX: -3751	
2:55:18.529 PM 6/2/2023	<Active Finish> TX: V46	RX: 0	TX: EX	RX: -5626	
2:55:31.775 PM 6/2/2023	<Active Finish> TX: V46	RX: 0	TX: EX	RX: -11250	
2:55:45.790 PM 6/2/2023	<Active Finish> TX: V46	RX: 0	TX: EX	RX: -13125	
2:56:25.031 PM 6/2/2023	<Active Finish> TX: V46	RX: 0	TX: EX	RX: -20626	
2:57:21.769 PM 6/2/2023	<Active Finish> TX: V46	RX: 0	TX: EX	RX: -20626	
2:57:58.225 PM 6/2/2023	<Active Finish> TX: V46	RX: 0	TX: EX	RX: -20626	
2:58:43.605 PM 6/2/2023	<Active Finish> TX: V46	RX: 0	TX: EX	RX: 0	
2:58:59.790 PM 6/2/2023	<Active Finish> TX: V46	RX: 0	TX: EX	RX: -1875	
2:59:16.019 PM 6/2/2023	<Active Finish> TX: V46	RX: 0	TX: EX	RX: -3750	
2:59:31.725 PM 6/2/2023	<Active Finish> TX: V46	RX: 0	TX: EX	RX: -5626	
2:59:45.147 PM 6/2/2023	<Active Finish> TX: V46	RX: 0	TX: EX	RX: 0	
3:00:00.372 PM 6/2/2023	<Active Finish> TX: V46	RX: 0	TX: EX	RX: -1876	
3:00:12.984 PM 6/2/2023	<Active Finish> TX: V46	RX: 0	TX: EX	RX: -3750	
3:00:25.918 PM 6/2/2023	<Active Finish> TX: V46	RX: 0	TX: EX	RX: -5626	
3:02:02.505 PM 6/2/2023	<Active Finish> TX: V46	RX: 0	TX: EX	RX: -1876	
3:02:31.755 PM 6/2/2023	<Active Goto> TX: V20=0.000	RX: OK	TX: V21=1	RX: OK	TX: GS29	RX: OK	
3:02:32.267 PM 6/2/2023	<Active Goto> TX: V20=400000.000	RX: OK	TX: V21=2	RX: OK	TX: GS29	RX: OK	
3:02:38.929 PM 6/2/2023	<Active Finish> TX: V46	RX: 0	TX: EX	RX: 0	
3:02:40.700 PM 6/2/2023	<Active Goto> TX: V20=0.000	RX: OK	TX: V21=1	RX: OK	TX: GS29	RX: OK	
3:02:43.134 PM 6/2/2023	<Active Finish> TX: V46	RX: 0	TX: EX	RX: 1	
3:02:52.303 PM 6/2/2023	<Active Finish> TX: V46	RX: 0	TX: EX	RX: 400000	
3:54:30.538 PM 6/2/2023	<Active Init> TX: V20=-5000	RX: OK	TX: V21=0	RX: OK	TX: GS30	RX: OK	
3:54:30.885 PM 6/2/2023	<Active Init> TX: V20=0	RX: OK	TX: V21=0	RX: OK	TX: GS30	RX: OK	
3:54:31.217 PM 6/2/2023	<Active Init> TX: V20=0	RX: OK	TX: V21=16	RX: OK	TX: GS30	RX: OK	
3:54:32.867 PM 6/2/2023	<Active Update> TX: V46	RX: 1	TX: EX	RX: 	
3:54:40.581 PM 6/2/2023	<Active Finish> TX: V46	RX: 0	TX: EX	RX: 0	
3:54:43.538 PM 6/2/2023	<Active Finish> TX: V46	RX: 0	TX: EX	RX: 0	
3:54:53.441 PM 6/2/2023	<Active Finish> TX: V46	RX: 0	TX: EX	RX: 1	
3:54:55.552 PM 6/2/2023	<Active Init> TX: V81=0	RX: OK	TX: V82=1875	RX: OK	TX: V83=3750	RX: OK	TX: V84=5625	RX: OK	TX: V85=7500	RX: OK	TX: V86=9375	RX: OK	TX: V87=11250	RX: OK	TX: V88=13125	RX: OK	TX: V89=15000	RX: OK	TX: V90=16875	RX: OK	TX: V91=18750	RX: OK	TX: V92=20625	RX: OK	TX: V93=22500	RX: OK	TX: V94=24375	RX: OK	TX: V95=26250	RX: OK	TX: V96=28125	RX: OK	TX: V20=900	RX: OK	TX: V21=0	RX: OK	TX: GS30	RX: OK	
3:55:04.148 PM 6/2/2023	<Active Finish> TX: V46	RX: 0	TX: EX	RX: 0	
3:55:06.367 PM 6/2/2023	<Active Init> TX: V20=0	RX: OK	TX: V21=32	RX: OK	TX: GS30	RX: OK	
3:55:06.809 PM 6/2/2023	<Active Init> TX: V20=-200	RX: OK	TX: V21=0	RX: OK	TX: GS30	RX: OK	
3:55:17.088 PM 6/2/2023	<Active Finish> TX: V46	RX: 0	TX: V32	RX: 0	
3:55:17.750 PM 6/2/2023	<Active Finish> TX: V46	RX: 0	TX: EX	RX: 0	
3:55:18.701 PM 6/2/2023	<Active Goto> TX: V20=400000.000	RX: OK	TX: V21=2	RX: OK	TX: GS29	RX: OK	
3:55:19.036 PM 6/2/2023	<Active Goto> TX: V20=0.000	RX: OK	TX: V21=1	RX: OK	TX: GS29	RX: OK	
3:55:21.446 PM 6/2/2023	<Active Finish> TX: V46	RX: 0	TX: EX	RX: 	
3:55:23.197 PM 6/2/2023	<Active Goto> TX: V20=0.000	RX: OK	TX: V21=1	RX: OK	TX: GS29	RX: OK	
3:55:25.624 PM 6/2/2023	<Active Finish> TX: V46	RX: 0	TX: EX	RX: 0	
3:55:38.642 PM 6/2/2023	<Active Finish> TX: V46	RX: 0	TX: EX	RX: 400000	
3:58:45.386 PM 6/2/2023	<Active Goto> TX: V20=4800.000	RX: OK	TX: V21=2	RX: OK	TX: GS29	RX: OK	
3:58:45.838 PM 6/2/2023	<Active Goto> TX: V20=0.000	RX: OK	TX: V21=1	RX: OK	TX: GS29	RX: OK	
3:58:52.414 PM 6/2/2023	<Active Finish> TX: V46	RX: 0	TX: EX	RX: -4797	
3:58:54.185 PM 6/2/2023	<Active Goto> TX: V20=0.000	RX: OK	TX: V21=1	RX: OK	TX: GS29	RX: OK	
3:58:56.600 PM 6/2/2023	<Active Finish> TX: V46	RX: 0	TX: EX	RX: 0	
3:59:05.865 PM 6/2/2023	<Active Finish> TX: V46	RX: 0	TX: EX	RX: 1	
3:59:07.903 PM 6/2/2023	<Active Init> TX: V81=0	RX: OK	TX: V82=1875	RX: OK	TX: V83=3750	RX: OK	TX: V84=5625	RX: OK	TX: V85=7500	RX: OK	TX: V86=9375	RX: OK	TX: V87=11250	RX: OK	TX: V88=13125	RX: OK	TX: V89=15000	RX: OK	TX: V90=16875	RX: OK	TX: V91=18750	RX: OK	TX: V92=20625	RX: OK	TX: V93=22500	RX: OK	TX: V94=24375	RX: OK	TX: V95=26250	RX: OK	TX: V96=28125	RX: OK	TX: V20=900	RX: OK	TX: V21=0	RX: OK	TX: GS30	RX: OK	
3:59:16.368 PM 6/2/2023	<Active Finish> TX: V46	RX: 0	TX: EX	RX: 0	
3:59:33.134 PM 6/2/2023	<Active Goto> TX: V20=400000.000	RX: OK	TX: V21=2	RX: OK	TX: GS29	RX: OK	
3:59:33.467 PM 6/2/2023	<Active Goto> TX: V20=0.000	RX: OK	TX: V21=1	RX: OK	TX: GS29	RX: OK	
3:59:40.726 PM 6/2/2023	<Active Finish> TX: V46	RX: 0	TX: EX	RX: -1	
3:59:42.589 PM 6/2/2023	<Active Goto> TX: V20=0.000	RX: OK	TX: V21=1	RX: OK	TX: GS29	RX: OK	
3:59:44.993 PM 6/2/2023	<Active Finish> TX: V46	RX: 0	TX: EX	RX: 0	
3:59:53.330 PM 6/2/2023	<Active Finish> TX: V46	RX: 0	TX: EX	RX: 400000	
5:23:58.424 PM 6/2/2023	<Active Init> TX: V20=0	RX: OK	TX: V21=16	RX: OK	TX: GS30	RX: OK	
5:23:58.790 PM 6/2/2023	<Active Init> TX: V20=-5000	RX: OK	TX: V21=0	RX: OK	TX: GS30	RX: OK	
5:23:59.122 PM 6/2/2023	<Active Init> TX: V20=0	RX: OK	TX: V21=0	RX: OK	TX: GS30	RX: OK	
5:24:09.098 PM 6/2/2023	<Active Finish> TX: V46	RX: 0	TX: EX	RX: 1	
5:24:10.859 PM 6/2/2023	<Active Finish> TX: V46	RX: 0	TX: EX	RX: 0	
5:24:21.561 PM 6/2/2023	<Active Finish> TX: V46	RX: 0	TX: EX	RX: 0	
5:24:23.664 PM 6/2/2023	<Active Init> TX: V81=0	RX: OK	TX: V82=1875	RX: OK	TX: V83=3750	RX: OK	TX: V84=5625	RX: OK	TX: V85=7500	RX: OK	TX: V86=9375	RX: OK	TX: V87=11250	RX: OK	TX: V88=13125	RX: OK	TX: V89=15000	RX: OK	TX: V90=16875	RX: OK	TX: V91=18750	RX: OK	TX: V92=20625	RX: OK	TX: V93=22500	RX: OK	TX: V94=24375	RX: OK	TX: V95=26250	RX: OK	TX: V96=28125	RX: OK	TX: V20=900	RX: OK	TX: V21=0	RX: OK	TX: GS30	RX: OK	
5:24:32.290 PM 6/2/2023	<Active Finish> TX: V46	RX: 0	TX: EX	RX: 0	
5:24:35.162 PM 6/2/2023	<Active Init> TX: V20=0	RX: OK	TX: V21=32	RX: OK	TX: GS30	RX: OK	
5:24:35.622 PM 6/2/2023	<Active Init> TX: V20=-200	RX: OK	TX: V21=0	RX: OK	TX: GS30	RX: OK	
5:24:45.874 PM 6/2/2023	<Active Finish> TX: V46	RX: 0	TX: V32	RX: 0	
5:24:46.535 PM 6/2/2023	<Active Finish> TX: V46	RX: 0	TX: EX	RX: 0	
5:24:47.851 PM 6/2/2023	<Active Goto> TX: V20=0.000	RX: OK	TX: V21=1	RX: OK	TX: GS29	RX: OK	
5:24:48.305 PM 6/2/2023	<Active Goto> TX: V20=400000.000	RX: OK	TX: V21=2	RX: OK	TX: GS29	RX: OK	
5:24:50.060 PM 6/2/2023	<Active Finish> TX: V46	RX: 0	TX: EX	RX: 0	
5:24:51.890 PM 6/2/2023	<Active Goto> TX: V20=0.000	RX: OK	TX: V21=1	RX: OK	TX: GS29	RX: OK	
5:24:54.332 PM 6/2/2023	<Active Finish> TX: V46	RX: 0	TX: EX	RX: 1	
5:25:08.099 PM 6/2/2023	<Active Finish> TX: V46	RX: 0	TX: EX	RX: 399999	
7:25:52.555 PM 6/2/2023	<Active Init> TX: V20=0	RX: OK	TX: V21=0	RX: OK	TX: GS30	RX: OK	
7:25:52.962 PM 6/2/2023	<Active Init> TX: V20=0	RX: OK	TX: V21=16	RX: OK	TX: GS30	RX: OK	
7:25:53.313 PM 6/2/2023	<Active Init> TX: V20=-5000	RX: OK	TX: V21=0	RX: OK	TX: GS30	RX: OK	
7:26:02.088 PM 6/2/2023	<Active Finish> TX: V46	RX: 0	TX: EX	RX: 0	
7:26:05.053 PM 6/2/2023	<Active Finish> TX: V46	RX: 0	TX: EX	RX: 0	
7:26:16.526 PM 6/2/2023	<Active Finish> TX: V46	RX: 0	TX: EX	RX: 0	
7:26:18.561 PM 6/2/2023	<Active Init> TX: V81=0	RX: OK	TX: V82=1875	RX: OK	TX: V83=3750	RX: OK	TX: V84=5625	RX: OK	TX: V85=7500	RX: OK	TX: V86=9375	RX: OK	TX: V87=11250	RX: OK	TX: V88=13125	RX: OK	TX: V89=15000	RX: OK	TX: V90=16875	RX: OK	TX: V91=18750	RX: OK	TX: V92=20625	RX: OK	TX: V93=22500	RX: OK	TX: V94=24375	RX: OK	TX: V95=26250	RX: OK	TX: V96=28125	RX: OK	TX: V20=900	RX: OK	TX: V21=0	RX: OK	TX: GS30	RX: OK	
7:26:27.113 PM 6/2/2023	<Active Finish> TX: V46	RX: 0	TX: EX	RX: 0	
7:26:30.334 PM 6/2/2023	<Active Init> TX: V20=0	RX: OK	TX: V21=32	RX: OK	TX: GS30	RX: OK	
7:26:30.788 PM 6/2/2023	<Active Init> TX: V20=-200	RX: OK	TX: V21=0	RX: OK	TX: GS30	RX: OK	
7:26:41.055 PM 6/2/2023	<Active Finish> TX: V46	RX: 0	TX: V32	RX: 0	
7:26:41.713 PM 6/2/2023	<Active Finish> TX: V46	RX: 0	TX: EX	RX: 0	
7:26:42.559 PM 6/2/2023	<Active Goto> TX: V20=400000.000	RX: OK	TX: V21=2	RX: OK	TX: GS29	RX: OK	
7:26:42.892 PM 6/2/2023	<Active Goto> TX: V20=0.000	RX: OK	TX: V21=1	RX: OK	TX: GS29	RX: OK	
7:26:45.332 PM 6/2/2023	<Active Finish> TX: V46	RX: 0	TX: EX	RX: 0	
7:26:47.083 PM 6/2/2023	<Active Goto> TX: V20=0.000	RX: OK	TX: V21=1	RX: OK	TX: GS29	RX: OK	
7:26:49.594 PM 6/2/2023	<Active Finish> TX: V46	RX: 0	TX: EX	RX: 0	
7:27:02.599 PM 6/2/2023	<Active Finish> TX: V46	RX: 0	TX: EX	RX: 399999	
7:39:25.949 PM 6/2/2023	<Active Goto> TX: V20=1344.800	RX: OK	TX: V21=32	RX: OK	TX: GS29	RX: OK	
7:40:13.745 PM 6/2/2023	<Active Finish> TX: V46	RX: 0	TX: V32	RX: 1344	
9:24:41.767 PM 6/2/2023	<Active Goto> TX: V20=3333.333	RX: OK	TX: V21=16	RX: OK	TX: GS29	RX: OK	
9:24:44.086 PM 6/2/2023	<Active Finish> TX: V46	RX: 0	TX: EX	RX: 3335	
10:13:40.396 PM 6/2/2023	<Active Goto> TX: V20=800000.000	RX: OK	TX: V21=3	RX: OK	TX: GS29	RX: OK	
10:13:40.728 PM 6/2/2023	<Active Goto> TX: V20=4800.000	RX: OK	TX: V21=2	RX: OK	TX: GS29	RX: OK	
10:13:48.034 PM 6/2/2023	<Active Finish> TX: V46	RX: 0	TX: EX	RX: -4796	
10:13:49.833 PM 6/2/2023	<Active Goto> TX: V20=0.000	RX: OK	TX: V21=1	RX: OK	TX: GS29	RX: OK	
10:13:52.267 PM 6/2/2023	<Active Finish> TX: V46	RX: 0	TX: EX	RX: 0	
10:14:00.687 PM 6/2/2023	<Active Finish> TX: V46	RX: 0	TX: EX	RX: 799998	
10:14:02.724 PM 6/2/2023	<Active Init> TX: V81=0	RX: OK	TX: V82=1875	RX: OK	TX: V83=3750	RX: OK	TX: V84=5625	RX: OK	TX: V85=7500	RX: OK	TX: V86=9375	RX: OK	TX: V87=11250	RX: OK	TX: V88=13125	RX: OK	TX: V89=15000	RX: OK	TX: V90=16875	RX: OK	TX: V91=18750	RX: OK	TX: V92=20625	RX: OK	TX: V93=22500	RX: OK	TX: V94=24375	RX: OK	TX: V95=26250	RX: OK	TX: V96=28125	RX: OK	TX: V20=900	RX: OK	TX: V21=0	RX: OK	TX: GS30	RX: OK	
10:14:10.488 PM 6/2/2023	<Active Finish> TX: V46	RX: 0	TX: EX	RX: 0	
10:15:25.817 PM 6/2/2023	<Active Goto> TX: V20=418.200	RX: OK	TX: V21=32	RX: OK	TX: GS29	RX: OK	
10:15:58.728 PM 6/2/2023	<Active Finish> TX: V46	RX: 0	TX: V32	RX: 418	
10:16:51.242 PM 6/2/2023	<Active Finish> TX: V46	RX: 0	TX: EX	RX: 0	
10:19:02.712 PM 6/2/2023	<Active Goto> TX: V20=426.400	RX: OK	TX: V21=32	RX: OK	TX: GS29	RX: OK	
10:19:05.896 PM 6/2/2023	<Active Finish> TX: V46	RX: 0	TX: V32	RX: 426	
10:19:23.575 PM 6/2/2023	<Active Goto> TX: V20=434.600	RX: OK	TX: V21=32	RX: OK	TX: GS29	RX: OK	
10:19:26.665 PM 6/2/2023	<Active Finish> TX: V46	RX: 0	TX: V32	RX: 434	
10:19:46.799 PM 6/2/2023	<Active Goto> TX: V20=442.800	RX: OK	TX: V21=32	RX: OK	TX: GS29	RX: OK	
10:19:49.883 PM 6/2/2023	<Active Finish> TX: V46	RX: 0	TX: V32	RX: 442	
10:20:04.541 PM 6/2/2023	<Active Goto> TX: V20=451.000	RX: OK	TX: V21=32	RX: OK	TX: GS29	RX: OK	
10:20:07.657 PM 6/2/2023	<Active Finish> TX: V46	RX: 0	TX: V32	RX: 451	
10:21:30.661 PM 6/2/2023	<Active Finish> TX: V46	RX: 0	TX: EX	RX: 0	
10:51:15.155 PM 6/2/2023	<Active Finish> TX: V46	RX: 0	TX: EX	RX: 0	
10:57:07.051 PM 6/2/2023	<Active Finish> TX: V46	RX: 0	TX: EX	RX: 0	
10:57:24.308 PM 6/2/2023	<Active Goto> TX: V20=3501.667	RX: OK	TX: V21=16	RX: OK	TX: GS29	RX: OK	
10:57:25.848 PM 6/2/2023	<Active Finish> TX: V46	RX: 0	TX: EX	RX: 3502	
10:57:27.790 PM 6/2/2023	<Active Goto> TX: V20=3668.667	RX: OK	TX: V21=16	RX: OK	TX: GS29	RX: OK	
10:57:29.323 PM 6/2/2023	<Active Finish> TX: V46	RX: 0	TX: EX	RX: 3670	
10:57:30.699 PM 6/2/2023	<Active Goto> TX: V20=3836.667	RX: OK	TX: V21=16	RX: OK	TX: GS29	RX: OK	
10:57:32.235 PM 6/2/2023	<Active Finish> TX: V46	RX: 0	TX: EX	RX: 3837	
10:57:33.871 PM 6/2/2023	<Active Goto> TX: V20=4003.667	RX: OK	TX: V21=16	RX: OK	TX: GS29	RX: OK	
10:57:35.406 PM 6/2/2023	<Active Finish> TX: V46	RX: 0	TX: EX	RX: 4003	
10:57:36.830 PM 6/2/2023	<Active Goto> TX: V20=4169.667	RX: OK	TX: V21=16	RX: OK	TX: GS29	RX: OK	
10:57:38.366 PM 6/2/2023	<Active Finish> TX: V46	RX: 0	TX: EX	RX: 4170	
10:57:39.830 PM 6/2/2023	<Active Goto> TX: V20=4336.667	RX: OK	TX: V21=16	RX: OK	TX: GS29	RX: OK	
10:57:41.149 PM 6/2/2023	<Active Stop> TX: STOP	RX: OK	TX: SR0=0	RX: OK	TX: V46=251	RX: OK	
10:57:41.923 PM 6/2/2023	<Active Finish> TX: V46	RX: 251	TX: EX	RX: 4337	
10:59:12.353 PM 6/2/2023	<Active Finish> TX: V46	RX: 0	TX: EX	RX: -1874	
11:01:18.402 PM 6/2/2023	<Active Finish> TX: V46	RX: 0	TX: EX	RX: -3749	
11:03:24.574 PM 6/2/2023	<Active Finish> TX: V46	RX: 0	TX: EX	RX: -5624	
11:05:28.816 PM 6/2/2023	<Active Finish> TX: V46	RX: 0	TX: EX	RX: -7500	
11:07:34.189 PM 6/2/2023	<Active Finish> TX: V46	RX: 0	TX: EX	RX: -9374	
11:09:40.350 PM 6/2/2023	<Active Finish> TX: V46	RX: 0	TX: EX	RX: -11250	
11:11:46.669 PM 6/2/2023	<Active Finish> TX: V46	RX: 0	TX: EX	RX: -13124	
11:15:33.679 PM 6/2/2023	<Active Goto> TX: V20=400000.000	RX: OK	TX: V21=2	RX: OK	TX: GS29	RX: OK	
11:15:34.011 PM 6/2/2023	<Active Goto> TX: V20=0.000	RX: OK	TX: V21=1	RX: OK	TX: GS29	RX: OK	
11:15:39.992 PM 6/2/2023	<Active Update> TX: V46	RX: 	
11:15:42.445 PM 6/2/2023	<Active Finish> TX: V46	RX: 0	TX: EX	RX: 0	
11:15:44.263 PM 6/2/2023	<Active Goto> TX: V20=0.000	RX: OK	TX: V21=1	RX: OK	TX: GS29	RX: OK	
11:15:46.681 PM 6/2/2023	<Active Finish> TX: V46	RX: 0	TX: EX	RX: 0	
11:15:53.686 PM 6/2/2023	<Active Finish> TX: V46	RX: 0	TX: EX	RX: 400000	
11:45:50.718 PM 6/2/2023	<Active Goto> TX: V20=4800.000	RX: OK	TX: V21=2	RX: OK	TX: GS29	RX: OK	
11:45:51.172 PM 6/2/2023	<Active Goto> TX: V20=800000.000	RX: OK	TX: V21=3	RX: OK	TX: GS29	RX: OK	
11:45:57.785 PM 6/2/2023	<Active Finish> TX: V46	RX: 0	TX: EX	RX: -4796	
11:45:59.624 PM 6/2/2023	<Active Goto> TX: V20=0.000	RX: OK	TX: V21=1	RX: OK	TX: GS29	RX: OK	
11:46:02.049 PM 6/2/2023	<Active Finish> TX: V46	RX: 0	TX: EX	RX: 0	
11:46:11.383 PM 6/2/2023	<Active Finish> TX: V46	RX: 0	TX: EX	RX: 799999	
11:46:13.428 PM 6/2/2023	<Active Init> TX: V81=0	RX: OK	TX: V82=1875	RX: OK	TX: V83=3750	RX: OK	TX: V84=5625	RX: OK	TX: V85=7500	RX: OK	TX: V86=9375	RX: OK	TX: V87=11250	RX: OK	TX: V88=13125	RX: OK	TX: V89=15000	RX: OK	TX: V90=16875	RX: OK	TX: V91=18750	RX: OK	TX: V92=20625	RX: OK	TX: V93=22500	RX: OK	TX: V94=24375	RX: OK	TX: V95=26250	RX: OK	TX: V96=28125	RX: OK	TX: V20=900	RX: OK	TX: V21=0	RX: OK	TX: GS30	RX: OK	
11:46:21.272 PM 6/2/2023	<Active Finish> TX: V46	RX: 0	TX: EX	RX: 1	
11:48:30.187 PM 6/2/2023	<Active Finish> TX: V46	RX: 0	TX: EX	RX: 1	
