12:00:52.732 AM 6/4/2023	<Active Finish> TX: V46	RX: 0	TX: EX	RX: -1875	
12:03:26.708 AM 6/4/2023	<Active Finish> TX: V46	RX: 0	TX: EX	RX: -3750	
12:06:00.428 AM 6/4/2023	<Active Finish> TX: V46	RX: 0	TX: EX	RX: -5625	
12:08:34.799 AM 6/4/2023	<Active Finish> TX: V46	RX: 0	TX: EX	RX: -7500	
12:11:08.525 AM 6/4/2023	<Active Finish> TX: V46	RX: 0	TX: EX	RX: -9376	
12:13:42.293 AM 6/4/2023	<Active Finish> TX: V46	RX: 0	TX: EX	RX: -11251	
12:16:16.830 AM 6/4/2023	<Active Finish> TX: V46	RX: 0	TX: EX	RX: -13126	
12:22:09.479 AM 6/4/2023	<Active Goto> TX: V20=0.000	RX: OK	TX: V21=16	RX: OK	TX: GS29	RX: OK	
12:22:13.365 AM 6/4/2023	<Active Finish> TX: V46	RX: 0	TX: EX	RX: 0	
12:23:54.070 AM 6/4/2023	<Active Finish> TX: V46	RX: 0	TX: EX	RX: 0	
12:30:41.454 AM 6/4/2023	<Active Finish> TX: V46	RX: 0	TX: EX	RX: 0	
12:35:57.724 AM 6/4/2023	<Active Finish> TX: V46	RX: 0	TX: EX	RX: 0	
12:36:11.636 AM 6/4/2023	<Active Finish> TX: V46	RX: 0	TX: EX	RX: -1875	
12:36:26.149 AM 6/4/2023	<Active Finish> TX: V46	RX: 0	TX: EX	RX: -3750	
12:36:40.278 AM 6/4/2023	<Active Finish> TX: V46	RX: 0	TX: EX	RX: -5625	
12:36:56.334 AM 6/4/2023	<Active Finish> TX: V46	RX: 0	TX: EX	RX: -7500	
12:37:11.843 AM 6/4/2023	<Active Finish> TX: V46	RX: 0	TX: EX	RX: -9376	
12:37:27.770 AM 6/4/2023	<Active Finish> TX: V46	RX: 0	TX: EX	RX: -11250	
12:37:42.964 AM 6/4/2023	<Active Finish> TX: V46	RX: 0	TX: EX	RX: -13126	
12:42:24.148 AM 6/4/2023	<Active Finish> TX: V46	RX: 0	TX: EX	RX: 0	
12:46:37.742 AM 6/4/2023	<Active Finish> TX: V46	RX: 0	TX: EX	RX: -1875	
12:50:51.595 AM 6/4/2023	<Active Finish> TX: V46	RX: 0	TX: EX	RX: -3750	
12:55:06.648 AM 6/4/2023	<Active Finish> TX: V46	RX: 0	TX: EX	RX: -5625	
12:59:20.477 AM 6/4/2023	<Active Finish> TX: V46	RX: 0	TX: EX	RX: -7500	
1:03:33.816 AM 6/4/2023	<Active Finish> TX: V46	RX: 0	TX: EX	RX: -9376	
1:07:47.551 AM 6/4/2023	<Active Finish> TX: V46	RX: 0	TX: EX	RX: -11251	
1:12:02.169 AM 6/4/2023	<Active Finish> TX: V46	RX: 0	TX: EX	RX: -13126	
1:29:08.066 AM 6/4/2023	<Active Finish> TX: V46	RX: 0	TX: EX	RX: 0	
1:38:57.549 AM 6/4/2023	<Active Finish> TX: V46	RX: 0	TX: EX	RX: 0	
1:40:51.203 AM 6/4/2023	<Active Finish> TX: V46	RX: 0	TX: EX	RX: 0	
1:41:26.318 AM 6/4/2023	<Active Finish> TX: V46	RX: 0	TX: EX	RX: -1876	
1:41:59.906 AM 6/4/2023	<Active Finish> TX: V46	RX: 0	TX: EX	RX: -3750	
1:42:33.921 AM 6/4/2023	<Active Finish> TX: V46	RX: 0	TX: EX	RX: -5625	
1:43:08.066 AM 6/4/2023	<Active Finish> TX: V46	RX: 0	TX: EX	RX: -7500	
1:43:42.605 AM 6/4/2023	<Active Finish> TX: V46	RX: 0	TX: EX	RX: -9376	
1:44:16.612 AM 6/4/2023	<Active Finish> TX: V46	RX: 0	TX: EX	RX: -11250	
1:44:50.289 AM 6/4/2023	<Active Finish> TX: V46	RX: 0	TX: EX	RX: -13126	
1:47:16.697 AM 6/4/2023	<Active Finish> TX: V46	RX: 0	TX: EX	RX: 0	
1:51:32.412 AM 6/4/2023	<Active Finish> TX: V46	RX: 0	TX: EX	RX: -1875	
1:55:46.058 AM 6/4/2023	<Active Finish> TX: V46	RX: 0	TX: EX	RX: -3750	
1:59:59.938 AM 6/4/2023	<Active Finish> TX: V46	RX: 0	TX: EX	RX: -5625	
2:04:13.781 AM 6/4/2023	<Active Finish> TX: V46	RX: 0	TX: EX	RX: -7500	
2:08:28.020 AM 6/4/2023	<Active Finish> TX: V46	RX: 0	TX: EX	RX: -9376	
2:12:41.918 AM 6/4/2023	<Active Finish> TX: V46	RX: 0	TX: EX	RX: -11251	
2:16:56.230 AM 6/4/2023	<Active Finish> TX: V46	RX: 0	TX: EX	RX: -13126	
2:24:56.571 AM 6/4/2023	<Active Finish> TX: V46	RX: 0	TX: EX	RX: 0	
2:26:11.695 AM 6/4/2023	<Active Finish> TX: V46	RX: 0	TX: EX	RX: 0	
2:32:19.708 AM 6/4/2023	<Active Finish> TX: V46	RX: 0	TX: EX	RX: 0	
2:34:43.063 AM 6/4/2023	<Active Finish> TX: V46	RX: 0	TX: EX	RX: 0	
2:37:12.399 AM 6/4/2023	<Active Finish> TX: V46	RX: 0	TX: EX	RX: 0	
2:40:50.077 AM 6/4/2023	<Active Goto> TX: V20=500.000	RX: OK	TX: V21=16	RX: OK	TX: GS29	RX: OK	
2:40:51.623 AM 6/4/2023	<Active Finish> TX: V46	RX: 0	TX: EX	RX: 501	
2:40:53.212 AM 6/4/2023	<Active Goto> TX: V20=1001.000	RX: OK	TX: V21=16	RX: OK	TX: GS29	RX: OK	
2:40:54.756 AM 6/4/2023	<Active Finish> TX: V46	RX: 0	TX: EX	RX: 1001	
2:40:56.351 AM 6/4/2023	<Active Goto> TX: V20=1501.000	RX: OK	TX: V21=16	RX: OK	TX: GS29	RX: OK	
2:40:57.892 AM 6/4/2023	<Active Finish> TX: V46	RX: 0	TX: EX	RX: 1502	
2:40:59.509 AM 6/4/2023	<Active Goto> TX: V20=2002.000	RX: OK	TX: V21=16	RX: OK	TX: GS29	RX: OK	
2:41:01.044 AM 6/4/2023	<Active Finish> TX: V46	RX: 0	TX: EX	RX: 2002	
2:41:02.346 AM 6/4/2023	<Active Goto> TX: V20=	RX: OK	TX: V21=16	RX: OK	TX: GS29	RX: OK	
2:41:03.676 AM 6/4/2023	<Active Stop> TX: STOP	RX: OK	TX: SR0=0	RX: OK	TX: V46=251	RX: OK	
2:41:04.444 AM 6/4/2023	<Active Finish> TX: V46	RX: 251	TX: EX	RX: 16012	
2:41:17.881 AM 6/4/2023	<Active Goto> TX: V20=16512.000	RX: OK	TX: V21=16	RX: OK	TX: GS29	RX: OK	
2:41:19.426 AM 6/4/2023	<Active Finish> TX: V46	RX: 0	TX: EX	RX: 16514	
2:41:20.411 AM 6/4/2023	<Active Goto> TX: V20=17014.000	RX: OK	TX: V21=16	RX: OK	TX: GS29	RX: OK	
2:41:21.177 AM 6/4/2023	<Active Update> TX: V46	RX: 0	TX: EX	RX: 	
2:41:22.723 AM 6/4/2023	<Active Finish> TX: V46	RX: 0	TX: EX	RX: 17016	
2:41:23.632 AM 6/4/2023	<Active Goto> TX: V20=17516.000	RX: OK	TX: V21=16	RX: OK	TX: GS29	RX: OK	
2:41:25.172 AM 6/4/2023	<Active Finish> TX: V46	RX: 0	TX: EX	RX: 	
2:41:26.420 AM 6/4/2023	<Active Goto> TX: V20=500.000	RX: OK	TX: V21=16	RX: OK	TX: GS29	RX: OK	
2:41:27.184 AM 6/4/2023	<Active Update> TX: V46	RX: 1	TX: EX	RX: 	
2:41:31.042 AM 6/4/2023	<Active Finish> TX: V46	RX: 0	TX: EX	RX: 501	
2:41:32.342 AM 6/4/2023	<Active Goto> TX: V20=1001.000	RX: OK	TX: V21=16	RX: OK	TX: GS29	RX: OK	
2:41:33.905 AM 6/4/2023	<Active Finish> TX: V46	RX: 0	TX: EX	RX: 1001	
2:41:35.577 AM 6/4/2023	<Active Goto> TX: V20=1501.000	RX: OK	TX: V21=16	RX: OK	TX: GS29	RX: OK	
2:41:37.123 AM 6/4/2023	<Active Finish> TX: V46	RX: 0	TX: EX	RX: 1502	
2:41:38.367 AM 6/4/2023	<Active Goto> TX: V20=2002.000	RX: OK	TX: V21=16	RX: OK	TX: GS29	RX: OK	
2:41:40.006 AM 6/4/2023	<Active Finish> TX: V46	RX: 0	TX: EX	RX: 2002	
2:41:41.703 AM 6/4/2023	<Active Goto> TX: V20=2502.000	RX: OK	TX: V21=16	RX: OK	TX: GS29	RX: OK	
2:41:43.080 AM 6/4/2023	<Active Stop> TX: STOP	RX: OK	TX: SR0=0	RX: OK	TX: V46=251	RX: OK	
2:41:43.848 AM 6/4/2023	<Active Finish> TX: V46	RX: 251	TX: EX	RX: 2504	
2:45:22.349 AM 6/4/2023	<Active Finish> TX: V46	RX: 0	TX: EX	RX: 0	
2:47:26.995 AM 6/4/2023	<Active Finish> TX: V46	RX: 0	TX: EX	RX: -1875	
2:49:33.096 AM 6/4/2023	<Active Finish> TX: V46	RX: 0	TX: EX	RX: -3750	
2:51:36.605 AM 6/4/2023	<Active Finish> TX: V46	RX: 0	TX: EX	RX: -5625	
2:53:40.327 AM 6/4/2023	<Active Finish> TX: V46	RX: 0	TX: EX	RX: -7500	
2:55:44.253 AM 6/4/2023	<Active Finish> TX: V46	RX: 0	TX: EX	RX: -9376	
2:57:48.806 AM 6/4/2023	<Active Finish> TX: V46	RX: 0	TX: EX	RX: -11251	
2:59:53.954 AM 6/4/2023	<Active Finish> TX: V46	RX: 0	TX: EX	RX: -13126	
3:01:59.291 AM 6/4/2023	<Active Finish> TX: V46	RX: 0	TX: EX	RX: 0	
3:04:03.952 AM 6/4/2023	<Active Finish> TX: V46	RX: 0	TX: EX	RX: -1875	
3:06:10.011 AM 6/4/2023	<Active Finish> TX: V46	RX: 0	TX: EX	RX: -3750	
3:08:15.879 AM 6/4/2023	<Active Finish> TX: V46	RX: 0	TX: EX	RX: -5626	
3:10:20.472 AM 6/4/2023	<Active Finish> TX: V46	RX: 0	TX: EX	RX: -7500	
3:12:26.311 AM 6/4/2023	<Active Finish> TX: V46	RX: 0	TX: EX	RX: -9376	
3:14:32.080 AM 6/4/2023	<Active Finish> TX: V46	RX: 0	TX: EX	RX: -11251	
3:16:39.050 AM 6/4/2023	<Active Finish> TX: V46	RX: 0	TX: EX	RX: -13126	
3:18:45.438 AM 6/4/2023	<Active Finish> TX: V46	RX: 0	TX: EX	RX: 0	
3:20:50.455 AM 6/4/2023	<Active Finish> TX: V46	RX: 0	TX: EX	RX: -1876	
3:22:54.283 AM 6/4/2023	<Active Finish> TX: V46	RX: 0	TX: EX	RX: -3750	
3:24:58.476 AM 6/4/2023	<Active Finish> TX: V46	RX: 0	TX: EX	RX: -5625	
3:27:03.826 AM 6/4/2023	<Active Finish> TX: V46	RX: 0	TX: EX	RX: -7500	
3:29:08.208 AM 6/4/2023	<Active Finish> TX: V46	RX: 0	TX: EX	RX: -9376	
3:31:14.622 AM 6/4/2023	<Active Finish> TX: V46	RX: 0	TX: EX	RX: -11250	
3:33:21.043 AM 6/4/2023	<Active Finish> TX: V46	RX: 0	TX: EX	RX: -13126	
3:35:27.892 AM 6/4/2023	<Active Finish> TX: V46	RX: 0	TX: EX	RX: 0	
3:37:33.748 AM 6/4/2023	<Active Finish> TX: V46	RX: 0	TX: EX	RX: -1875	
3:39:39.768 AM 6/4/2023	<Active Finish> TX: V46	RX: 0	TX: EX	RX: -3750	
3:41:43.801 AM 6/4/2023	<Active Finish> TX: V46	RX: 0	TX: EX	RX: -5625	
3:43:49.825 AM 6/4/2023	<Active Finish> TX: V46	RX: 0	TX: EX	RX: -7500	
3:45:56.112 AM 6/4/2023	<Active Finish> TX: V46	RX: 0	TX: EX	RX: -9376	
3:48:02.822 AM 6/4/2023	<Active Finish> TX: V46	RX: 0	TX: EX	RX: -11251	
3:50:09.028 AM 6/4/2023	<Active Finish> TX: V46	RX: 0	TX: EX	RX: -13126	
3:57:02.907 AM 6/4/2023	<Active Finish> TX: V46	RX: 0	TX: EX	RX: 0	
5:01:23.377 AM 6/4/2023	<Active Finish> TX: V46	RX: 0	TX: EX	RX: 0	
5:15:00.715 AM 6/4/2023	<Active Finish> TX: V46	RX: 0	TX: EX	RX: 0	
5:21:04.772 AM 6/4/2023	<Active Finish> TX: V46	RX: 0	TX: EX	RX: 0	
5:22:21.151 AM 6/4/2023	<Active Finish> TX: V46	RX: 0	TX: EX	RX: 0	
5:23:34.338 AM 6/4/2023	<Active Finish> TX: V46	RX: 0	TX: EX	RX: 0	
5:24:20.124 AM 6/4/2023	<Active Finish> TX: V46	RX: 0	TX: EX	RX: 0	
5:25:46.197 AM 6/4/2023	<Active Finish> TX: V46	RX: 0	TX: EX	RX: 0	
5:29:51.572 AM 6/4/2023	<Active Finish> TX: V46	RX: 0	TX: EX	RX: -1875	
5:33:55.482 AM 6/4/2023	<Active Finish> TX: V46	RX: 0	TX: EX	RX: -3750	
5:38:00.872 AM 6/4/2023	<Active Finish> TX: V46	RX: 0	TX: EX	RX: -5625	
5:42:06.681 AM 6/4/2023	<Active Finish> TX: V46	RX: 0	TX: EX	RX: -7500	
5:46:11.854 AM 6/4/2023	<Active Finish> TX: V46	RX: 0	TX: EX	RX: -9376	
5:56:53.581 PM 6/4/2023	<Active Init> TX: V20=0	RX: OK	TX: V21=16	RX: OK	TX: GS30	RX: OK	
5:56:53.938 PM 6/4/2023	<Active Init> TX: V20=-5000	RX: OK	TX: V21=0	RX: OK	TX: GS30	RX: OK	
5:56:54.294 PM 6/4/2023	<Active Init> TX: V20=0	RX: OK	TX: V21=0	RX: OK	TX: GS30	RX: OK	
5:57:04.223 PM 6/4/2023	<Active Finish> TX: V46	RX: 0	TX: EX	RX: 1	
5:57:09.632 PM 6/4/2023	<Active Finish> TX: V46	RX: 0	TX: EX	RX: 0	
5:57:35.347 PM 6/4/2023	<Active Finish> TX: V46	RX: 0	TX: EX	RX: 1	
5:57:37.419 PM 6/4/2023	<Active Init> TX: V81=0	RX: OK	TX: V82=1875	RX: OK	TX: V83=3750	RX: OK	TX: V84=5625	RX: OK	TX: V85=7500	RX: OK	TX: V86=9375	RX: OK	TX: V87=11250	RX: OK	TX: V88=13125	RX: OK	TX: V89=15000	RX: OK	TX: V90=16875	RX: OK	TX: V91=18750	RX: OK	TX: V92=20625	RX: OK	TX: V93=22500	RX: OK	TX: V94=24375	RX: OK	TX: V95=26250	RX: OK	TX: V96=28125	RX: OK	TX: V20=900	RX: OK	TX: V21=0	RX: OK	TX: GS30	RX: OK	
5:57:44.006 PM 6/4/2023	<Active Finish> TX: V46	RX: 0	TX: EX	RX: 0	
5:57:44.805 PM 6/4/2023	<Active Init> TX: V20=-200	RX: OK	TX: V21=0	RX: OK	TX: GS30	RX: OK	
5:57:45.202 PM 6/4/2023	<Active Init> TX: V20=0	RX: OK	TX: V21=32	RX: OK	TX: GS30	RX: OK	
5:58:08.036 PM 6/4/2023	<Active Finish> TX: V46	RX: 0	TX: EX	RX: 0	
5:58:13.248 PM 6/4/2023	<Active Finish> TX: V46	RX: 0	TX: V32	RX: 0	
5:58:15.523 PM 6/4/2023	<Active Goto> TX: V20=0.000	RX: OK	TX: V21=1	RX: OK	TX: GS29	RX: OK	
5:58:15.967 PM 6/4/2023	<Active Goto> TX: V20=400000.000	RX: OK	TX: V21=2	RX: OK	TX: GS29	RX: OK	
5:58:17.720 PM 6/4/2023	<Active Finish> TX: V46	RX: 0	TX: EX	RX: 0	
5:58:19.506 PM 6/4/2023	<Active Goto> TX: V20=0.000	RX: OK	TX: V21=1	RX: OK	TX: GS29	RX: OK	
5:58:21.949 PM 6/4/2023	<Active Finish> TX: V46	RX: 0	TX: EX	RX: 1	
5:58:35.828 PM 6/4/2023	<Active Finish> TX: V46	RX: 0	TX: EX	RX: 400000	
6:02:43.552 PM 6/4/2023	<Active Goto> TX: V20=1344.800	RX: OK	TX: V21=32	RX: OK	TX: GS29	RX: OK	
6:03:31.709 PM 6/4/2023	<Active Finish> TX: V46	RX: 0	TX: V32	RX: 1344	
6:23:37.314 PM 6/4/2023	<Active Goto> TX: V20=833.333	RX: OK	TX: V21=16	RX: OK	TX: GS29	RX: OK	
6:23:39.624 PM 6/4/2023	<Active Finish> TX: V46	RX: 0	TX: EX	RX: 833	
6:23:40.529 PM 6/4/2023	<Active Goto> TX: V20=1666.333	RX: OK	TX: V21=16	RX: OK	TX: GS29	RX: OK	
6:23:42.894 PM 6/4/2023	<Active Finish> TX: V46	RX: 0	TX: EX	RX: 1665	
6:23:46.246 PM 6/4/2023	<Active Goto> TX: V20=2498.333	RX: OK	TX: V21=16	RX: OK	TX: GS29	RX: OK	
6:23:48.610 PM 6/4/2023	<Active Finish> TX: V46	RX: 0	TX: EX	RX: 2499	
6:23:49.523 PM 6/4/2023	<Active Goto> TX: V20=3332.333	RX: OK	TX: V21=16	RX: OK	TX: GS29	RX: OK	
6:23:51.907 PM 6/4/2023	<Active Finish> TX: V46	RX: 0	TX: EX	RX: 3332	
6:23:54.556 PM 6/4/2023	<Active Goto> TX: V20=	RX: OK	TX: V21=16	RX: OK	TX: GS29	RX: OK	
6:23:55.893 PM 6/4/2023	<Active Stop> TX: STOP	RX: OK	TX: SR0=0	RX: OK	TX: V46=251	RX: OK	
6:23:56.662 PM 6/4/2023	<Active Finish> TX: V46	RX: 251	TX: EX	RX: 17448	
6:24:10.229 PM 6/4/2023	<Active Goto> TX: V20=18281.333	RX: OK	TX: V21=16	RX: OK	TX: GS29	RX: OK	
6:24:12.530 PM 6/4/2023	<Active Finish> TX: V46	RX: 0	TX: EX	RX: 18281	
6:24:13.467 PM 6/4/2023	<Active Goto> TX: V20=19114.333	RX: OK	TX: V21=16	RX: OK	TX: GS29	RX: OK	
6:24:15.796 PM 6/4/2023	<Active Finish> TX: V46	RX: 0	TX: EX	RX: 19113	
6:24:16.710 PM 6/4/2023	<Active Goto> TX: V20=19946.333	RX: OK	TX: V21=16	RX: OK	TX: GS29	RX: OK	
6:24:19.053 PM 6/4/2023	<Active Finish> TX: V46	RX: 0	TX: EX	RX: 19945	
6:24:22.326 PM 6/4/2023	<Active Goto> TX: V20=20778.333	RX: OK	TX: V21=16	RX: OK	TX: GS29	RX: OK	
6:24:24.643 PM 6/4/2023	<Active Finish> TX: V46	RX: 0	TX: EX	RX: 20778	
6:24:25.627 PM 6/4/2023	<Active Goto> TX: V20=21611.333	RX: OK	TX: V21=16	RX: OK	TX: GS29	RX: OK	
6:24:27.951 PM 6/4/2023	<Active Finish> TX: V46	RX: 0	TX: EX	RX: 21611	
6:24:28.931 PM 6/4/2023	<Active Goto> TX: V20=22444.333	RX: OK	TX: V21=16	RX: OK	TX: GS29	RX: OK	
6:24:31.308 PM 6/4/2023	<Active Finish> TX: V46	RX: 0	TX: EX	RX: 22444	
6:24:34.241 PM 6/4/2023	<Active Goto> TX: V20=23277.333	RX: OK	TX: V21=16	RX: OK	TX: GS29	RX: OK	
6:24:35.866 PM 6/4/2023	<Active Finish> TX: V46	RX: 0	TX: EX	RX: 23277	
6:24:37.477 PM 6/4/2023	<Active Goto> TX: V20=24110.333	RX: OK	TX: V21=16	RX: OK	TX: GS29	RX: OK	
6:24:39.799 PM 6/4/2023	<Active Finish> TX: V46	RX: 0	TX: EX	RX: 24110	
6:24:40.804 PM 6/4/2023	<Active Goto> TX: V20=24943.333	RX: OK	TX: V21=16	RX: OK	TX: GS29	RX: OK	
6:24:43.149 PM 6/4/2023	<Active Finish> TX: V46	RX: 0	TX: EX	RX: 24942	
6:24:44.202 PM 6/4/2023	<Active Goto> TX: V20=	RX: OK	TX: V21=16	RX: OK	TX: GS29	RX: OK	
6:24:45.520 PM 6/4/2023	<Active Stop> TX: STOP	RX: OK	TX: SR0=0	RX: OK	TX: V46=251	RX: OK	
6:24:46.379 PM 6/4/2023	<Active Finish> TX: V46	RX: 251	TX: EX	RX: 38763	
6:25:03.221 PM 6/4/2023	<Active Goto> TX: V20=38500.000	RX: OK	TX: V21=16	RX: OK	TX: GS29	RX: OK	
6:25:09.599 PM 6/4/2023	<Active Finish> TX: V46	RX: 0	TX: EX	RX: 38500	
6:25:12.384 PM 6/4/2023	<Active Goto> TX: V20=	RX: OK	TX: V21=16	RX: OK	TX: GS29	RX: OK	
6:25:13.712 PM 6/4/2023	<Active Stop> TX: STOP	RX: OK	TX: SR0=0	RX: OK	TX: V46=251	RX: OK	
6:25:14.480 PM 6/4/2023	<Active Finish> TX: V46	RX: 251	TX: EX	RX: 52500	
6:25:32.052 PM 6/4/2023	<Active Goto> TX: V20=38500.000	RX: OK	TX: V21=16	RX: OK	TX: GS29	RX: OK	
6:25:37.507 PM 6/4/2023	<Active Finish> TX: V46	RX: 0	TX: EX	RX: 38500	
6:25:55.447 PM 6/4/2023	<Active Goto> TX: V20=38833.333	RX: OK	TX: V21=16	RX: OK	TX: GS29	RX: OK	
6:25:56.981 PM 6/4/2023	<Active Finish> TX: V46	RX: 0	TX: EX	RX: 38833	
6:26:04.482 PM 6/4/2023	<Active Goto> TX: V20=39166.667	RX: OK	TX: V21=16	RX: OK	TX: GS29	RX: OK	
6:26:06.015 PM 6/4/2023	<Active Finish> TX: V46	RX: 0	TX: EX	RX: 39164	
6:26:13.814 PM 6/4/2023	<Active Goto> TX: V20=39000.000	RX: OK	TX: V21=16	RX: OK	TX: GS29	RX: OK	
6:26:20.012 PM 6/4/2023	<Active Finish> TX: V46	RX: 0	TX: EX	RX: 39000	
9:28:30.012 PM 6/4/2023	<Active Goto> TX: V20=582.200	RX: OK	TX: V21=32	RX: OK	TX: GS29	RX: OK	
9:28:57.155 PM 6/4/2023	<Active Finish> TX: V46	RX: 0	TX: V32	RX: 582	
9:30:10.904 PM 6/4/2023	<Active Goto> TX: V20=800000.000	RX: OK	TX: V21=3	RX: OK	TX: GS29	RX: OK	
9:30:11.257 PM 6/4/2023	<Active Goto> TX: V20=4800.000	RX: OK	TX: V21=2	RX: OK	TX: GS29	RX: OK	
9:30:18.680 PM 6/4/2023	<Active Finish> TX: V46	RX: 0	TX: EX	RX: -4795	
9:30:20.475 PM 6/4/2023	<Active Goto> TX: V20=0.000	RX: OK	TX: V21=1	RX: OK	TX: GS29	RX: OK	
9:30:23.030 PM 6/4/2023	<Active Finish> TX: V46	RX: 0	TX: EX	RX: 1	
9:30:30.968 PM 6/4/2023	<Active Finish> TX: V46	RX: 0	TX: EX	RX: 799999	
9:30:33.051 PM 6/4/2023	<Active Init> TX: V81=0	RX: OK	TX: V82=1875	RX: OK	TX: V83=3750	RX: OK	TX: V84=5625	RX: OK	TX: V85=7500	RX: OK	TX: V86=9375	RX: OK	TX: V87=11250	RX: OK	TX: V88=13125	RX: OK	TX: V89=15000	RX: OK	TX: V90=16875	RX: OK	TX: V91=18750	RX: OK	TX: V92=20625	RX: OK	TX: V93=22500	RX: OK	TX: V94=24375	RX: OK	TX: V95=26250	RX: OK	TX: V96=28125	RX: OK	TX: V20=900	RX: OK	TX: V21=0	RX: OK	TX: GS30	RX: OK	
9:30:40.500 PM 6/4/2023	<Active Finish> TX: V46	RX: 0	TX: EX	RX: 0	
9:30:56.472 PM 6/4/2023	<Active Finish> TX: V46	RX: 0	TX: EX	RX: 0	
9:35:42.385 PM 6/4/2023	<Active Finish> TX: V46	RX: 0	TX: EX	RX: 0	
9:38:18.691 PM 6/4/2023	<Active Finish> TX: V46	RX: 0	TX: EX	RX: -1875	
9:40:53.533 PM 6/4/2023	<Active Finish> TX: V46	RX: 0	TX: EX	RX: -3750	
9:43:28.124 PM 6/4/2023	<Active Finish> TX: V46	RX: 0	TX: EX	RX: -5625	
9:46:03.559 PM 6/4/2023	<Active Finish> TX: V46	RX: 0	TX: EX	RX: -7500	
9:48:38.273 PM 6/4/2023	<Active Finish> TX: V46	RX: 0	TX: EX	RX: -9376	
9:51:13.325 PM 6/4/2023	<Active Finish> TX: V46	RX: 0	TX: EX	RX: -11251	
9:53:48.449 PM 6/4/2023	<Active Finish> TX: V46	RX: 0	TX: EX	RX: -13126	
9:58:01.597 PM 6/4/2023	<Active Goto> TX: V20=39833.333	RX: OK	TX: V21=16	RX: OK	TX: GS29	RX: OK	
9:58:03.984 PM 6/4/2023	<Active Finish> TX: V46	RX: 0	TX: EX	RX: 39833	
9:58:07.148 PM 6/4/2023	<Active Goto> TX: V20=40666.333	RX: OK	TX: V21=16	RX: OK	TX: GS29	RX: OK	
9:58:08.466 PM 6/4/2023	<Active Stop> TX: STOP	RX: OK	TX: SR0=0	RX: OK	TX: V46=251	RX: OK	
9:58:09.308 PM 6/4/2023	<Active Finish> TX: V46	RX: 251	TX: EX	RX: 40665	
10:00:19.282 PM 6/4/2023	<Active Finish> TX: V46	RX: 0	TX: EX	RX: 0	
10:04:03.168 PM 6/4/2023	<Active Finish> TX: V46	RX: 0	TX: EX	RX: 0	
10:07:19.242 PM 6/4/2023	<Active Finish> TX: V46	RX: 0	TX: EX	RX: 0	
10:10:29.920 PM 6/4/2023	<Active Finish> TX: V46	RX: 0	TX: EX	RX: 0	
10:12:33.579 PM 6/4/2023	<Active Finish> TX: V46	RX: 0	TX: EX	RX: -1875	
10:14:37.815 PM 6/4/2023	<Active Finish> TX: V46	RX: 0	TX: EX	RX: -3750	
10:16:41.684 PM 6/4/2023	<Active Finish> TX: V46	RX: 0	TX: EX	RX: -5625	
10:18:45.315 PM 6/4/2023	<Active Finish> TX: V46	RX: 0	TX: EX	RX: -7500	
10:20:49.280 PM 6/4/2023	<Active Finish> TX: V46	RX: 0	TX: EX	RX: -9376	
10:22:53.536 PM 6/4/2023	<Active Finish> TX: V46	RX: 0	TX: EX	RX: -11251	
10:24:57.444 PM 6/4/2023	<Active Finish> TX: V46	RX: 0	TX: EX	RX: -13126	
10:33:04.480 PM 6/4/2023	<Active Finish> TX: V46	RX: 0	TX: EX	RX: 0	
10:39:34.840 PM 6/4/2023	<Active Finish> TX: V46	RX: 0	TX: EX	RX: 0	
10:39:48.868 PM 6/4/2023	<Active Finish> TX: V46	RX: 0	TX: EX	RX: -1875	
10:40:04.932 PM 6/4/2023	<Active Finish> TX: V46	RX: 0	TX: EX	RX: -3750	
10:40:20.336 PM 6/4/2023	<Active Finish> TX: V46	RX: 0	TX: EX	RX: -5625	
10:40:31.258 PM 6/4/2023	<Active Finish> TX: V46	RX: 0	TX: EX	RX: -7500	
10:40:45.396 PM 6/4/2023	<Active Finish> TX: V46	RX: 0	TX: EX	RX: -9376	
10:40:59.821 PM 6/4/2023	<Active Finish> TX: V46	RX: 0	TX: EX	RX: -11251	
10:41:15.758 PM 6/4/2023	<Active Finish> TX: V46	RX: 0	TX: EX	RX: -13126	
10:41:26.528 PM 6/4/2023	<Active Finish> TX: V46	RX: 0	TX: EX	RX: -15000	
10:41:35.919 PM 6/4/2023	<Active Finish> TX: V46	RX: 0	TX: EX	RX: -16875	
10:41:49.720 PM 6/4/2023	<Active Finish> TX: V46	RX: 0	TX: EX	RX: -18750	
10:42:00.939 PM 6/4/2023	<Active Finish> TX: V46	RX: 0	TX: EX	RX: -20625	
10:42:14.796 PM 6/4/2023	<Active Finish> TX: V46	RX: 0	TX: EX	RX: -22500	
10:42:29.922 PM 6/4/2023	<Active Finish> TX: V46	RX: 0	TX: EX	RX: -24376	
10:42:45.007 PM 6/4/2023	<Active Finish> TX: V46	RX: 0	TX: EX	RX: -26251	
10:43:00.817 PM 6/4/2023	<Active Finish> TX: V46	RX: 0	TX: EX	RX: -28126	
10:43:52.747 PM 6/4/2023	<Active Goto> TX: V20=0.000	RX: OK	TX: V21=1	RX: OK	TX: GS29	RX: OK	
10:43:53.095 PM 6/4/2023	<Active Goto> TX: V20=4800.000	RX: OK	TX: V21=2	RX: OK	TX: GS29	RX: OK	
10:43:55.528 PM 6/4/2023	<Active Finish> TX: V46	RX: 0	TX: EX	RX: -4796	
10:43:57.402 PM 6/4/2023	<Active Goto> TX: V20=0.000	RX: OK	TX: V21=1	RX: OK	TX: GS29	RX: OK	
10:43:59.974 PM 6/4/2023	<Active Finish> TX: V46	RX: 0	TX: EX	RX: 1	
10:44:30.427 PM 6/4/2023	<Active Finish> TX: V46	RX: 0	TX: EX	RX: 1	
10:44:32.478 PM 6/4/2023	<Active Init> TX: V81=0	RX: OK	TX: V82=1875	RX: OK	TX: V83=3750	RX: OK	TX: V84=5625	RX: OK	TX: V85=7500	RX: OK	TX: V86=9375	RX: OK	TX: V87=11250	RX: OK	TX: V88=13125	RX: OK	TX: V89=15000	RX: OK	TX: V90=16875	RX: OK	TX: V91=18750	RX: OK	TX: V92=20625	RX: OK	TX: V93=22500	RX: OK	TX: V94=24375	RX: OK	TX: V95=26250	RX: OK	TX: V96=28125	RX: OK	TX: V20=900	RX: OK	TX: V21=0	RX: OK	TX: GS30	RX: OK	
10:44:40.430 PM 6/4/2023	<Active Finish> TX: V46	RX: 0	TX: EX	RX: 0	
10:44:57.796 PM 6/4/2023	<Active Finish> TX: V46	RX: 0	TX: EX	RX: 0	
10:45:12.688 PM 6/4/2023	<Active Finish> TX: V46	RX: 0	TX: EX	RX: -1875	
10:45:28.151 PM 6/4/2023	<Active Finish> TX: V46	RX: 0	TX: EX	RX: -3751	
10:45:43.932 PM 6/4/2023	<Active Finish> TX: V46	RX: 0	TX: EX	RX: -5625	
10:45:55.266 PM 6/4/2023	<Active Finish> TX: V46	RX: 0	TX: EX	RX: -7501	
10:46:09.214 PM 6/4/2023	<Active Finish> TX: V46	RX: 0	TX: EX	RX: -9376	
10:46:24.414 PM 6/4/2023	<Active Finish> TX: V46	RX: 0	TX: EX	RX: -11251	
10:46:35.791 PM 6/4/2023	<Active Finish> TX: V46	RX: 0	TX: EX	RX: -13125	
10:46:52.024 PM 6/4/2023	<Active Finish> TX: V46	RX: 0	TX: EX	RX: -15000	
10:47:03.232 PM 6/4/2023	<Active Finish> TX: V46	RX: 0	TX: EX	RX: -16875	
10:47:16.696 PM 6/4/2023	<Active Finish> TX: V46	RX: 0	TX: EX	RX: -18751	
10:47:32.088 PM 6/4/2023	<Active Finish> TX: V46	RX: 0	TX: EX	RX: -20626	
10:47:47.429 PM 6/4/2023	<Active Finish> TX: V46	RX: 0	TX: EX	RX: -22501	
10:47:58.308 PM 6/4/2023	<Active Finish> TX: V46	RX: 0	TX: EX	RX: -24376	
10:48:12.047 PM 6/4/2023	<Active Finish> TX: V46	RX: 0	TX: EX	RX: -26251	
10:48:27.574 PM 6/4/2023	<Active Finish> TX: V46	RX: 0	TX: EX	RX: -28125	
10:51:21.604 PM 6/4/2023	<Active Goto> TX: V20=0.000	RX: OK	TX: V21=16	RX: OK	TX: GS29	RX: OK	
10:51:24.691 PM 6/4/2023	<Active Finish> TX: V46	RX: 0	TX: EX	RX: 0	
10:53:23.883 PM 6/4/2023	<Active Finish> TX: V46	RX: 0	TX: EX	RX: 0	
10:53:51.041 PM 6/4/2023	<Active Goto> TX: V20=800000.000	RX: OK	TX: V21=3	RX: OK	TX: GS29	RX: OK	
10:53:51.375 PM 6/4/2023	<Active Goto> TX: V20=4800.000	RX: OK	TX: V21=2	RX: OK	TX: GS29	RX: OK	
10:53:53.817 PM 6/4/2023	<Active Finish> TX: V46	RX: 0	TX: EX	RX: -4796	
10:53:55.576 PM 6/4/2023	<Active Goto> TX: V20=0.000	RX: OK	TX: V21=1	RX: OK	TX: GS29	RX: OK	
10:53:58.050 PM 6/4/2023	<Active Finish> TX: V46	RX: 0	TX: EX	RX: 1	
10:54:28.951 PM 6/4/2023	<Active Finish> TX: V46	RX: 0	TX: EX	RX: 799999	
10:54:31.029 PM 6/4/2023	<Active Init> TX: V81=0	RX: OK	TX: V82=1875	RX: OK	TX: V83=3750	RX: OK	TX: V84=5625	RX: OK	TX: V85=7500	RX: OK	TX: V86=9375	RX: OK	TX: V87=11250	RX: OK	TX: V88=13125	RX: OK	TX: V89=15000	RX: OK	TX: V90=16875	RX: OK	TX: V91=18750	RX: OK	TX: V92=20625	RX: OK	TX: V93=22500	RX: OK	TX: V94=24375	RX: OK	TX: V95=26250	RX: OK	TX: V96=28125	RX: OK	TX: V20=900	RX: OK	TX: V21=0	RX: OK	TX: GS30	RX: OK	
10:54:38.130 PM 6/4/2023	<Active Finish> TX: V46	RX: 0	TX: EX	RX: 0	
10:54:58.408 PM 6/4/2023	<Active Finish> TX: V46	RX: 0	TX: EX	RX: 0	
10:58:04.880 PM 6/4/2023	<Active Finish> TX: V46	RX: 0	TX: EX	RX: 0	
11:00:39.845 PM 6/4/2023	<Active Finish> TX: V46	RX: 0	TX: EX	RX: -1875	
11:03:14.880 PM 6/4/2023	<Active Finish> TX: V46	RX: 0	TX: EX	RX: -3750	
11:05:50.462 PM 6/4/2023	<Active Finish> TX: V46	RX: 0	TX: EX	RX: -5626	
11:08:25.349 PM 6/4/2023	<Active Finish> TX: V46	RX: 0	TX: EX	RX: -7500	
11:11:00.304 PM 6/4/2023	<Active Finish> TX: V46	RX: 0	TX: EX	RX: -9376	
11:13:35.721 PM 6/4/2023	<Active Finish> TX: V46	RX: 0	TX: EX	RX: -11250	
11:16:10.701 PM 6/4/2023	<Active Finish> TX: V46	RX: 0	TX: EX	RX: -13126	
11:24:35.118 PM 6/4/2023	<Active Finish> TX: V46	RX: 0	TX: EX	RX: 0	
11:27:19.856 PM 6/4/2023	<Active Finish> TX: V46	RX: 0	TX: EX	RX: 0	
11:29:15.995 PM 6/4/2023	<Active Finish> TX: V46	RX: 0	TX: EX	RX: 0	
11:34:43.520 PM 6/4/2023	<Active Finish> TX: V46	RX: 0	TX: EX	RX: 0	
11:35:09.971 PM 6/4/2023	<Active Finish> TX: V46	RX: 0	TX: EX	RX: -1875	
11:35:34.196 PM 6/4/2023	<Active Finish> TX: V46	RX: 0	TX: EX	RX: -3750	
11:35:59.653 PM 6/4/2023	<Active Finish> TX: V46	RX: 0	TX: EX	RX: -5626	
11:36:23.029 PM 6/4/2023	<Active Finish> TX: V46	RX: 0	TX: EX	RX: -7500	
11:36:48.632 PM 6/4/2023	<Active Finish> TX: V46	RX: 0	TX: EX	RX: -9376	
11:37:12.479 PM 6/4/2023	<Active Finish> TX: V46	RX: 0	TX: EX	RX: -11251	
11:37:37.182 PM 6/4/2023	<Active Finish> TX: V46	RX: 0	TX: EX	RX: -13127	
11:38:02.484 PM 6/4/2023	<Active Finish> TX: V46	RX: 0	TX: EX	RX: -15000	
11:38:27.072 PM 6/4/2023	<Active Finish> TX: V46	RX: 0	TX: EX	RX: -16875	
11:38:51.809 PM 6/4/2023	<Active Finish> TX: V46	RX: 0	TX: EX	RX: -18750	
11:39:16.828 PM 6/4/2023	<Active Finish> TX: V46	RX: 0	TX: EX	RX: -20626	
11:39:42.080 PM 6/4/2023	<Active Finish> TX: V46	RX: 0	TX: EX	RX: -22500	
11:40:06.889 PM 6/4/2023	<Active Finish> TX: V46	RX: 0	TX: EX	RX: -24376	
11:40:31.505 PM 6/4/2023	<Active Finish> TX: V46	RX: 0	TX: EX	RX: -26251	
11:40:56.267 PM 6/4/2023	<Active Finish> TX: V46	RX: 0	TX: EX	RX: -28126	
11:41:31.719 PM 6/4/2023	<Active Goto> TX: V20=0.000	RX: OK	TX: V21=1	RX: OK	TX: GS29	RX: OK	
11:41:32.065 PM 6/4/2023	<Active Goto> TX: V20=4800.000	RX: OK	TX: V21=2	RX: OK	TX: GS29	RX: OK	
11:41:34.505 PM 6/4/2023	<Active Finish> TX: V46	RX: 0	TX: EX	RX: -4796	
11:41:36.271 PM 6/4/2023	<Active Goto> TX: V20=0.000	RX: OK	TX: V21=1	RX: OK	TX: GS29	RX: OK	
11:41:38.737 PM 6/4/2023	<Active Finish> TX: V46	RX: 0	TX: EX	RX: 1	
11:42:10.092 PM 6/4/2023	<Active Finish> TX: V46	RX: 0	TX: EX	RX: 1	
11:42:12.138 PM 6/4/2023	<Active Init> TX: V81=0	RX: OK	TX: V82=1875	RX: OK	TX: V83=3750	RX: OK	TX: V84=5625	RX: OK	TX: V85=7500	RX: OK	TX: V86=9375	RX: OK	TX: V87=11250	RX: OK	TX: V88=13125	RX: OK	TX: V89=15000	RX: OK	TX: V90=16875	RX: OK	TX: V91=18750	RX: OK	TX: V92=20625	RX: OK	TX: V93=22500	RX: OK	TX: V94=24375	RX: OK	TX: V95=26250	RX: OK	TX: V96=28125	RX: OK	TX: V20=900	RX: OK	TX: V21=0	RX: OK	TX: GS30	RX: OK	
11:42:19.975 PM 6/4/2023	<Active Finish> TX: V46	RX: 0	TX: EX	RX: 0	
11:42:44.810 PM 6/4/2023	<Active Finish> TX: V46	RX: 0	TX: EX	RX: 0	
11:43:09.628 PM 6/4/2023	<Active Finish> TX: V46	RX: 0	TX: EX	RX: -1875	
11:43:33.862 PM 6/4/2023	<Active Finish> TX: V46	RX: 0	TX: EX	RX: -3751	
11:43:58.533 PM 6/4/2023	<Active Finish> TX: V46	RX: 0	TX: EX	RX: -5626	
11:44:23.412 PM 6/4/2023	<Active Finish> TX: V46	RX: 0	TX: EX	RX: -7501	
11:44:48.691 PM 6/4/2023	<Active Finish> TX: V46	RX: 0	TX: EX	RX: -9375	
11:45:13.242 PM 6/4/2023	<Active Finish> TX: V46	RX: 0	TX: EX	RX: -11250	
11:45:37.953 PM 6/4/2023	<Active Finish> TX: V46	RX: 0	TX: EX	RX: -13125	
11:46:02.843 PM 6/4/2023	<Active Finish> TX: V46	RX: 0	TX: EX	RX: -15000	
11:46:27.186 PM 6/4/2023	<Active Finish> TX: V46	RX: 0	TX: EX	RX: -16875	
11:46:50.547 PM 6/4/2023	<Active Update> TX: V46	RX: 	
11:46:51.641 PM 6/4/2023	<Active Finish> TX: V46	RX: 0	TX: EX	RX: -18750	
11:47:16.669 PM 6/4/2023	<Active Finish> TX: V46	RX: 0	TX: EX	RX: -20626	
11:47:40.843 PM 6/4/2023	<Active Finish> TX: V46	RX: 0	TX: EX	RX: -22501	
11:48:06.262 PM 6/4/2023	<Active Finish> TX: V46	RX: 0	TX: EX	RX: -24375	
11:48:30.504 PM 6/4/2023	<Active Finish> TX: V46	RX: 0	TX: EX	RX: -26250	
11:48:55.590 PM 6/4/2023	<Active Finish> TX: V46	RX: 0	TX: EX	RX: -28125	
