12:03:40.415 AM 6/5/2023	<Active Goto> TX: V20=4800.000	RX: OK	TX: V21=2	RX: OK	TX: GS29	RX: OK	
12:03:40.858 AM 6/5/2023	<Active Goto> TX: V20=0.000	RX: OK	TX: V21=1	RX: OK	TX: GS29	RX: OK	
12:03:42.694 AM 6/5/2023	<Active Finish> TX: V46	RX: 0	TX: EX	RX: -4796	
12:03:43.356 AM 6/5/2023	<Active Finish> TX: V46	RX: 0	TX: EX	RX: 0	
12:03:44.018 AM 6/5/2023	<Active Goto> TX: V20=48000.000	RX: OK	TX: V21=5	RX: OK	TX: GS29	RX: OK	
12:03:45.633 AM 6/5/2023	<Active Init> TX: V81=0	RX: OK	TX: V82=1875	RX: OK	TX: V83=3750	RX: OK	TX: V84=5625	RX: OK	TX: V85=7500	RX: OK	TX: V86=9375	RX: OK	TX: V87=11250	RX: OK	TX: V88=13125	RX: OK	TX: V89=15000	RX: OK	TX: V90=16875	RX: OK	TX: V91=18750	RX: OK	TX: V92=20625	RX: OK	TX: V93=22500	RX: OK	TX: V94=24375	RX: OK	TX: V95=26250	RX: OK	TX: V96=28125	RX: OK	TX: V20=900	RX: OK	TX: V21=0	RX: OK	TX: GS30	RX: OK	
12:03:51.062 AM 6/5/2023	<Active Finish> TX: V46	RX: 0	TX: EX	RX: -47999	
12:03:52.603 AM 6/5/2023	<Active Finish> TX: V46	RX: 0	TX: EX	RX: 0	
12:04:58.340 AM 6/5/2023	<Active Finish> TX: V46	RX: 0	TX: EX	RX: 0	
12:07:00.862 AM 6/5/2023	<Active Finish> TX: V46	RX: 0	TX: EX	RX: 0	
12:09:06.409 AM 6/5/2023	<Active Finish> TX: V46	RX: 0	TX: EX	RX: 0	
12:09:30.238 AM 6/5/2023	<Active Finish> TX: V46	RX: 0	TX: EX	RX: -1875	
12:09:55.688 AM 6/5/2023	<Active Finish> TX: V46	RX: 0	TX: EX	RX: -3750	
12:10:20.275 AM 6/5/2023	<Active Finish> TX: V46	RX: 0	TX: EX	RX: -5626	
12:10:44.795 AM 6/5/2023	<Active Finish> TX: V46	RX: 0	TX: EX	RX: -7501	
12:11:09.763 AM 6/5/2023	<Active Finish> TX: V46	RX: 0	TX: EX	RX: -9375	
12:11:34.415 AM 6/5/2023	<Active Finish> TX: V46	RX: 0	TX: EX	RX: -11250	
12:11:58.854 AM 6/5/2023	<Active Finish> TX: V46	RX: 0	TX: EX	RX: -13125	
12:12:24.180 AM 6/5/2023	<Active Finish> TX: V46	RX: 0	TX: EX	RX: -15000	
12:12:48.726 AM 6/5/2023	<Active Finish> TX: V46	RX: 0	TX: EX	RX: -16875	
12:13:13.713 AM 6/5/2023	<Active Finish> TX: V46	RX: 0	TX: EX	RX: -18750	
12:13:38.436 AM 6/5/2023	<Active Finish> TX: V46	RX: 0	TX: EX	RX: -20625	
12:14:02.903 AM 6/5/2023	<Active Finish> TX: V46	RX: 0	TX: EX	RX: -22501	
12:14:27.741 AM 6/5/2023	<Active Finish> TX: V46	RX: 0	TX: EX	RX: -24375	
12:14:52.603 AM 6/5/2023	<Active Finish> TX: V46	RX: 0	TX: EX	RX: -26251	
12:15:17.201 AM 6/5/2023	<Active Finish> TX: V46	RX: 0	TX: EX	RX: -28125	
12:15:50.784 AM 6/5/2023	<Active Goto> TX: V20=4800.000	RX: OK	TX: V21=2	RX: OK	TX: GS29	RX: OK	
12:15:51.236 AM 6/5/2023	<Active Goto> TX: V20=800000.000	RX: OK	TX: V21=3	RX: OK	TX: GS29	RX: OK	
12:15:52.995 AM 6/5/2023	<Active Finish> TX: V46	RX: 0	TX: EX	RX: -4796	
12:15:54.794 AM 6/5/2023	<Active Goto> TX: V20=48000.000	RX: OK	TX: V21=5	RX: OK	TX: GS29	RX: OK	
12:15:57.209 AM 6/5/2023	<Active Finish> TX: V46	RX: 0	TX: EX	RX: -47999	
12:16:29.101 AM 6/5/2023	<Active Finish> TX: V46	RX: 0	TX: EX	RX: 799999	
12:16:31.148 AM 6/5/2023	<Active Init> TX: V81=0	RX: OK	TX: V82=1875	RX: OK	TX: V83=3750	RX: OK	TX: V84=5625	RX: OK	TX: V85=7500	RX: OK	TX: V86=9375	RX: OK	TX: V87=11250	RX: OK	TX: V88=13125	RX: OK	TX: V89=15000	RX: OK	TX: V90=16875	RX: OK	TX: V91=18750	RX: OK	TX: V92=20625	RX: OK	TX: V93=22500	RX: OK	TX: V94=24375	RX: OK	TX: V95=26250	RX: OK	TX: V96=28125	RX: OK	TX: V20=900	RX: OK	TX: V21=0	RX: OK	TX: GS30	RX: OK	
12:16:39.007 AM 6/5/2023	<Active Finish> TX: V46	RX: 0	TX: EX	RX: 1	
12:16:54.187 AM 6/5/2023	<Active Finish> TX: V46	RX: 0	TX: EX	RX: 1	
12:17:18.741 AM 6/5/2023	<Active Finish> TX: V46	RX: 0	TX: EX	RX: -1874	
12:17:42.805 AM 6/5/2023	<Active Finish> TX: V46	RX: 0	TX: EX	RX: -3749	
12:18:07.079 AM 6/5/2023	<Active Finish> TX: V46	RX: 0	TX: EX	RX: -5624	
12:18:31.974 AM 6/5/2023	<Active Finish> TX: V46	RX: 0	TX: EX	RX: -7500	
12:18:57.409 AM 6/5/2023	<Active Finish> TX: V46	RX: 0	TX: EX	RX: -9374	
12:19:21.191 AM 6/5/2023	<Active Finish> TX: V46	RX: 0	TX: EX	RX: -11250	
12:19:46.369 AM 6/5/2023	<Active Finish> TX: V46	RX: 0	TX: EX	RX: -13125	
12:20:11.546 AM 6/5/2023	<Active Finish> TX: V46	RX: 0	TX: EX	RX: -15000	
12:20:35.773 AM 6/5/2023	<Active Finish> TX: V46	RX: 0	TX: EX	RX: -16874	
12:21:00.475 AM 6/5/2023	<Active Finish> TX: V46	RX: 0	TX: EX	RX: -18749	
12:21:25.670 AM 6/5/2023	<Active Finish> TX: V46	RX: 0	TX: EX	RX: -20624	
12:21:49.920 AM 6/5/2023	<Active Finish> TX: V46	RX: 0	TX: EX	RX: -22500	
12:22:15.067 AM 6/5/2023	<Active Finish> TX: V46	RX: 0	TX: EX	RX: -24374	
12:22:38.971 AM 6/5/2023	<Active Finish> TX: V46	RX: 0	TX: EX	RX: -26250	
12:23:03.901 AM 6/5/2023	<Active Finish> TX: V46	RX: 0	TX: EX	RX: -28125	
12:23:46.038 AM 6/5/2023	<Active Goto> TX: V20=4800.000	RX: OK	TX: V21=2	RX: OK	TX: GS29	RX: OK	
12:23:46.491 AM 6/5/2023	<Active Goto> TX: V20=800000.000	RX: OK	TX: V21=3	RX: OK	TX: GS29	RX: OK	
12:23:48.263 AM 6/5/2023	<Active Finish> TX: V46	RX: 0	TX: EX	RX: -4796	
12:23:48.922 AM 6/5/2023	<Active Finish> TX: V46	RX: 0	TX: EX	RX: 799999	
12:23:49.601 AM 6/5/2023	<Active Goto> TX: V20=12000.000	RX: OK	TX: V21=2	RX: OK	TX: GS29	RX: OK	
12:23:51.230 AM 6/5/2023	<Active Init> TX: V81=0	RX: OK	TX: V82=1875	RX: OK	TX: V83=3750	RX: OK	TX: V84=5625	RX: OK	TX: V85=7500	RX: OK	TX: V86=9375	RX: OK	TX: V87=11250	RX: OK	TX: V88=13125	RX: OK	TX: V89=15000	RX: OK	TX: V90=16875	RX: OK	TX: V91=18750	RX: OK	TX: V92=20625	RX: OK	TX: V93=22500	RX: OK	TX: V94=24375	RX: OK	TX: V95=26250	RX: OK	TX: V96=28125	RX: OK	TX: V20=900	RX: OK	TX: V21=0	RX: OK	TX: GS30	RX: OK	
12:23:54.227 AM 6/5/2023	<Active Finish> TX: V46	RX: 0	TX: EX	RX: -11999	
12:23:58.151 AM 6/5/2023	<Active Finish> TX: V46	RX: 0	TX: EX	RX: 0	
12:25:13.883 AM 6/5/2023	<Active Goto> TX: V20=164.000	RX: OK	TX: V21=32	RX: OK	TX: GS29	RX: OK	
12:25:29.694 AM 6/5/2023	<Active Finish> TX: V46	RX: 0	TX: V32	RX: 164	
12:26:15.512 AM 6/5/2023	<Active Finish> TX: V46	RX: 0	TX: EX	RX: 0	
12:30:29.818 AM 6/5/2023	<Active Finish> TX: V46	RX: 0	TX: EX	RX: 0	
12:30:54.813 AM 6/5/2023	<Active Finish> TX: V46	RX: 0	TX: EX	RX: -1874	
12:31:19.462 AM 6/5/2023	<Active Finish> TX: V46	RX: 0	TX: EX	RX: -3749	
12:31:43.931 AM 6/5/2023	<Active Finish> TX: V46	RX: 0	TX: EX	RX: -5624	
12:32:09.061 AM 6/5/2023	<Active Finish> TX: V46	RX: 0	TX: EX	RX: -7500	
12:32:33.664 AM 6/5/2023	<Active Finish> TX: V46	RX: 0	TX: EX	RX: -9374	
12:32:57.978 AM 6/5/2023	<Active Finish> TX: V46	RX: 0	TX: EX	RX: -11250	
12:33:23.386 AM 6/5/2023	<Active Finish> TX: V46	RX: 0	TX: EX	RX: -13125	
12:33:47.773 AM 6/5/2023	<Active Finish> TX: V46	RX: 0	TX: EX	RX: -15000	
12:34:11.943 AM 6/5/2023	<Active Finish> TX: V46	RX: 0	TX: EX	RX: -16874	
12:34:38.111 AM 6/5/2023	<Active Finish> TX: V46	RX: 0	TX: EX	RX: -18749	
12:35:02.355 AM 6/5/2023	<Active Finish> TX: V46	RX: 0	TX: EX	RX: -20624	
12:35:26.817 AM 6/5/2023	<Active Finish> TX: V46	RX: 0	TX: EX	RX: -22500	
12:35:51.730 AM 6/5/2023	<Active Finish> TX: V46	RX: 0	TX: EX	RX: -24374	
12:36:16.298 AM 6/5/2023	<Active Finish> TX: V46	RX: 0	TX: EX	RX: -26250	
12:36:41.285 AM 6/5/2023	<Active Finish> TX: V46	RX: 0	TX: EX	RX: -28125	
12:37:30.496 AM 6/5/2023	<Active Goto> TX: V20=0.000	RX: OK	TX: V21=1	RX: OK	TX: GS29	RX: OK	
12:37:30.830 AM 6/5/2023	<Active Goto> TX: V20=4800.000	RX: OK	TX: V21=2	RX: OK	TX: GS29	RX: OK	
12:37:33.258 AM 6/5/2023	<Active Finish> TX: V46	RX: 0	TX: EX	RX: -4796	
12:37:35.048 AM 6/5/2023	<Active Goto> TX: V20=12000.000	RX: OK	TX: V21=2	RX: OK	TX: GS29	RX: OK	
12:37:37.473 AM 6/5/2023	<Active Finish> TX: V46	RX: 0	TX: EX	RX: -11999	
12:38:08.492 AM 6/5/2023	<Active Finish> TX: V46	RX: 0	TX: EX	RX: 1	
12:38:10.582 AM 6/5/2023	<Active Init> TX: V81=0	RX: OK	TX: V82=1875	RX: OK	TX: V83=3750	RX: OK	TX: V84=5625	RX: OK	TX: V85=7500	RX: OK	TX: V86=9375	RX: OK	TX: V87=11250	RX: OK	TX: V88=13125	RX: OK	TX: V89=15000	RX: OK	TX: V90=16875	RX: OK	TX: V91=18750	RX: OK	TX: V92=20625	RX: OK	TX: V93=22500	RX: OK	TX: V94=24375	RX: OK	TX: V95=26250	RX: OK	TX: V96=28125	RX: OK	TX: V20=900	RX: OK	TX: V21=0	RX: OK	TX: GS30	RX: OK	
12:38:18.460 AM 6/5/2023	<Active Finish> TX: V46	RX: 0	TX: EX	RX: 0	
12:38:30.888 AM 6/5/2023	<Active Finish> TX: V46	RX: 0	TX: EX	RX: 0	
12:38:57.120 AM 6/5/2023	<Active Finish> TX: V46	RX: 0	TX: EX	RX: -1875	
12:39:21.626 AM 6/5/2023	<Active Finish> TX: V46	RX: 0	TX: EX	RX: -3751	
12:39:46.325 AM 6/5/2023	<Active Finish> TX: V46	RX: 0	TX: EX	RX: -5626	
12:40:11.616 AM 6/5/2023	<Active Finish> TX: V46	RX: 0	TX: EX	RX: -7501	
12:40:35.956 AM 6/5/2023	<Active Finish> TX: V46	RX: 0	TX: EX	RX: -9376	
12:41:00.722 AM 6/5/2023	<Active Finish> TX: V46	RX: 0	TX: EX	RX: -11250	
12:41:25.919 AM 6/5/2023	<Active Finish> TX: V46	RX: 0	TX: EX	RX: -13125	
12:41:50.608 AM 6/5/2023	<Active Finish> TX: V46	RX: 0	TX: EX	RX: -15000	
12:42:14.956 AM 6/5/2023	<Active Finish> TX: V46	RX: 0	TX: EX	RX: -16875	
12:42:39.988 AM 6/5/2023	<Active Finish> TX: V46	RX: 0	TX: EX	RX: -18750	
12:43:04.390 AM 6/5/2023	<Active Finish> TX: V46	RX: 0	TX: EX	RX: -20626	
12:43:29.205 AM 6/5/2023	<Active Finish> TX: V46	RX: 0	TX: EX	RX: -22501	
12:43:54.106 AM 6/5/2023	<Active Finish> TX: V46	RX: 0	TX: EX	RX: -24376	
12:44:19.267 AM 6/5/2023	<Active Finish> TX: V46	RX: 0	TX: EX	RX: -26250	
12:44:43.521 AM 6/5/2023	<Active Finish> TX: V46	RX: 0	TX: EX	RX: -28125	
12:47:14.869 AM 6/5/2023	<Active Goto> TX: V20=4800.000	RX: OK	TX: V21=2	RX: OK	TX: GS29	RX: OK	
12:47:15.323 AM 6/5/2023	<Active Goto> TX: V20=0.000	RX: OK	TX: V21=1	RX: OK	TX: GS29	RX: OK	
12:47:17.094 AM 6/5/2023	<Active Finish> TX: V46	RX: 0	TX: EX	RX: -4796	
12:47:17.765 AM 6/5/2023	<Active Finish> TX: V46	RX: 0	TX: EX	RX: 0	
12:47:18.430 AM 6/5/2023	<Active Goto> TX: V20=0.000	RX: OK	TX: V21=1	RX: OK	TX: GS29	RX: OK	
12:47:20.030 AM 6/5/2023	<Active Init> TX: V81=0	RX: OK	TX: V82=1875	RX: OK	TX: V83=3750	RX: OK	TX: V84=5625	RX: OK	TX: V85=7500	RX: OK	TX: V86=9375	RX: OK	TX: V87=11250	RX: OK	TX: V88=13125	RX: OK	TX: V89=15000	RX: OK	TX: V90=16875	RX: OK	TX: V91=18750	RX: OK	TX: V92=20625	RX: OK	TX: V93=22500	RX: OK	TX: V94=24375	RX: OK	TX: V95=26250	RX: OK	TX: V96=28125	RX: OK	TX: V20=900	RX: OK	TX: V21=0	RX: OK	TX: GS30	RX: OK	
12:47:25.471 AM 6/5/2023	<Active Finish> TX: V46	RX: 0	TX: EX	RX: 1	
12:47:26.944 AM 6/5/2023	<Active Finish> TX: V46	RX: 0	TX: EX	RX: 0	
12:48:22.388 AM 6/5/2023	<Active Goto> TX: V20=582.200	RX: OK	TX: V21=32	RX: OK	TX: GS29	RX: OK	
12:48:38.988 AM 6/5/2023	<Active Finish> TX: V46	RX: 0	TX: V32	RX: 582	
12:49:28.105 AM 6/5/2023	<Active Finish> TX: V46	RX: 0	TX: EX	RX: 0	
12:55:49.573 AM 6/5/2023	<Active Finish> TX: V46	RX: 0	TX: EX	RX: 0	
12:58:41.207 AM 6/5/2023	<Active Finish> TX: V46	RX: 0	TX: EX	RX: 0	
12:59:10.779 AM 6/5/2023	<Active Finish> TX: V46	RX: 0	TX: EX	RX: -1875	
12:59:40.726 AM 6/5/2023	<Active Finish> TX: V46	RX: 0	TX: EX	RX: -3750	
1:00:09.085 AM 6/5/2023	<Active Finish> TX: V46	RX: 0	TX: EX	RX: -5626	
1:00:36.814 AM 6/5/2023	<Active Finish> TX: V46	RX: 0	TX: EX	RX: -7501	
1:01:04.808 AM 6/5/2023	<Active Finish> TX: V46	RX: 0	TX: EX	RX: -9376	
1:01:32.596 AM 6/5/2023	<Active Finish> TX: V46	RX: 0	TX: EX	RX: -11250	
1:02:01.038 AM 6/5/2023	<Active Finish> TX: V46	RX: 0	TX: EX	RX: -13125	
1:02:28.818 AM 6/5/2023	<Active Finish> TX: V46	RX: 0	TX: EX	RX: -15000	
1:02:56.354 AM 6/5/2023	<Active Finish> TX: V46	RX: 0	TX: EX	RX: -16875	
1:03:24.096 AM 6/5/2023	<Active Finish> TX: V46	RX: 0	TX: EX	RX: -18750	
1:03:52.283 AM 6/5/2023	<Active Finish> TX: V46	RX: 0	TX: EX	RX: -20626	
1:04:20.003 AM 6/5/2023	<Active Finish> TX: V46	RX: 0	TX: EX	RX: -22501	
1:04:47.600 AM 6/5/2023	<Active Finish> TX: V46	RX: 0	TX: EX	RX: -24376	
1:05:15.312 AM 6/5/2023	<Active Finish> TX: V46	RX: 0	TX: EX	RX: -26250	
1:05:43.041 AM 6/5/2023	<Active Finish> TX: V46	RX: 0	TX: EX	RX: -28125	
1:06:23.910 AM 6/5/2023	<Active Goto> TX: V20=800000.000	RX: OK	TX: V21=3	RX: OK	TX: GS29	RX: OK	
1:06:24.256 AM 6/5/2023	<Active Goto> TX: V20=4800.000	RX: OK	TX: V21=2	RX: OK	TX: GS29	RX: OK	
1:06:26.762 AM 6/5/2023	<Active Finish> TX: V46	RX: 0	TX: EX	RX: -4796	
1:06:28.539 AM 6/5/2023	<Active Goto> TX: V20=0.000	RX: OK	TX: V21=1	RX: OK	TX: GS29	RX: OK	
1:06:31.011 AM 6/5/2023	<Active Finish> TX: V46	RX: 0	TX: EX	RX: 1	
1:07:01.929 AM 6/5/2023	<Active Finish> TX: V46	RX: 0	TX: EX	RX: 799999	
1:07:03.967 AM 6/5/2023	<Active Init> TX: V81=0	RX: OK	TX: V82=1875	RX: OK	TX: V83=3750	RX: OK	TX: V84=5625	RX: OK	TX: V85=7500	RX: OK	TX: V86=9375	RX: OK	TX: V87=11250	RX: OK	TX: V88=13125	RX: OK	TX: V89=15000	RX: OK	TX: V90=16875	RX: OK	TX: V91=18750	RX: OK	TX: V92=20625	RX: OK	TX: V93=22500	RX: OK	TX: V94=24375	RX: OK	TX: V95=26250	RX: OK	TX: V96=28125	RX: OK	TX: V20=900	RX: OK	TX: V21=0	RX: OK	TX: GS30	RX: OK	
1:07:11.743 AM 6/5/2023	<Active Finish> TX: V46	RX: 0	TX: EX	RX: 1	
1:07:23.848 AM 6/5/2023	<Active Finish> TX: V46	RX: 0	TX: EX	RX: 1	
1:07:53.623 AM 6/5/2023	<Active Finish> TX: V46	RX: 0	TX: EX	RX: -1875	
1:08:23.333 AM 6/5/2023	<Active Finish> TX: V46	RX: 0	TX: EX	RX: -3749	
1:08:51.628 AM 6/5/2023	<Active Finish> TX: V46	RX: 0	TX: EX	RX: -5624	
1:09:19.635 AM 6/5/2023	<Active Finish> TX: V46	RX: 0	TX: EX	RX: -7499	
1:09:47.506 AM 6/5/2023	<Active Finish> TX: V46	RX: 0	TX: EX	RX: -9375	
1:10:15.236 AM 6/5/2023	<Active Finish> TX: V46	RX: 0	TX: EX	RX: -11249	
1:10:43.207 AM 6/5/2023	<Active Finish> TX: V46	RX: 0	TX: EX	RX: -13125	
1:11:11.237 AM 6/5/2023	<Active Finish> TX: V46	RX: 0	TX: EX	RX: -14999	
1:11:39.125 AM 6/5/2023	<Active Finish> TX: V46	RX: 0	TX: EX	RX: -16874	
1:12:07.386 AM 6/5/2023	<Active Finish> TX: V46	RX: 0	TX: EX	RX: -18749	
1:12:37.482 AM 6/5/2023	<Active Finish> TX: V46	RX: 0	TX: EX	RX: -20624	
1:13:05.443 AM 6/5/2023	<Active Finish> TX: V46	RX: 0	TX: EX	RX: -22499	
1:13:33.194 AM 6/5/2023	<Active Finish> TX: V46	RX: 0	TX: EX	RX: -24375	
1:14:00.707 AM 6/5/2023	<Active Finish> TX: V46	RX: 0	TX: EX	RX: -26250	
1:14:29.038 AM 6/5/2023	<Active Finish> TX: V46	RX: 0	TX: EX	RX: -28125	
1:18:40.095 AM 6/5/2023	<Active Finish> TX: V46	RX: 0	TX: EX	RX: -29999	
1:21:13.234 AM 6/5/2023	<Active Finish> TX: V46	RX: 0	TX: EX	RX: -29999	
1:24:23.769 AM 6/5/2023	<Active Finish> TX: V46	RX: 0	TX: EX	RX: -29999	
1:25:43.338 AM 6/5/2023	<Active Finish> TX: V46	RX: 0	TX: EX	RX: -29999	
1:27:31.627 AM 6/5/2023	<Active Finish> TX: V46	RX: 0	TX: EX	RX: -29999	
1:29:34.153 AM 6/5/2023	<Active Finish> TX: V46	RX: 0	TX: EX	RX: -29999	
1:33:42.466 AM 6/5/2023	<Active Finish> TX: V46	RX: 0	TX: EX	RX: -29999	
1:35:48.247 AM 6/5/2023	<Active Finish> TX: V46	RX: 0	TX: EX	RX: -1875	
1:37:54.717 AM 6/5/2023	<Active Finish> TX: V46	RX: 0	TX: EX	RX: -3749	
1:39:58.919 AM 6/5/2023	<Active Finish> TX: V46	RX: 0	TX: EX	RX: -5624	
1:42:02.850 AM 6/5/2023	<Active Finish> TX: V46	RX: 0	TX: EX	RX: -7499	
1:44:06.670 AM 6/5/2023	<Active Finish> TX: V46	RX: 0	TX: EX	RX: -9375	
1:46:10.594 AM 6/5/2023	<Active Finish> TX: V46	RX: 0	TX: EX	RX: -11250	
1:48:14.262 AM 6/5/2023	<Active Finish> TX: V46	RX: 0	TX: EX	RX: -13125	
1:50:19.526 AM 6/5/2023	<Active Finish> TX: V46	RX: 0	TX: EX	RX: 1	
1:52:24.334 AM 6/5/2023	<Active Finish> TX: V46	RX: 0	TX: EX	RX: -1875	
1:54:29.104 AM 6/5/2023	<Active Finish> TX: V46	RX: 0	TX: EX	RX: -3749	
1:56:32.899 AM 6/5/2023	<Active Finish> TX: V46	RX: 0	TX: EX	RX: -5624	
1:58:37.166 AM 6/5/2023	<Active Finish> TX: V46	RX: 0	TX: EX	RX: -7499	
2:00:41.289 AM 6/5/2023	<Active Finish> TX: V46	RX: 0	TX: EX	RX: -9375	
2:02:44.783 AM 6/5/2023	<Active Finish> TX: V46	RX: 0	TX: EX	RX: -11250	
2:04:49.992 AM 6/5/2023	<Active Finish> TX: V46	RX: 0	TX: EX	RX: -13125	
2:06:54.594 AM 6/5/2023	<Active Finish> TX: V46	RX: 0	TX: EX	RX: 1	
2:08:59.906 AM 6/5/2023	<Active Finish> TX: V46	RX: 0	TX: EX	RX: -1875	
2:11:04.055 AM 6/5/2023	<Active Finish> TX: V46	RX: 0	TX: EX	RX: -3749	
2:13:08.462 AM 6/5/2023	<Active Finish> TX: V46	RX: 0	TX: EX	RX: -5624	
2:15:12.281 AM 6/5/2023	<Active Finish> TX: V46	RX: 0	TX: EX	RX: -7499	
2:17:16.172 AM 6/5/2023	<Active Finish> TX: V46	RX: 0	TX: EX	RX: -9375	
2:19:20.001 AM 6/5/2023	<Active Finish> TX: V46	RX: 0	TX: EX	RX: -11250	
2:21:24.411 AM 6/5/2023	<Active Finish> TX: V46	RX: 0	TX: EX	RX: -13125	
2:28:16.361 AM 6/5/2023	<Active Finish> TX: V46	RX: 0	TX: EX	RX: -13125	
2:31:47.433 AM 6/5/2023	<Active Goto> TX: V20=0.000	RX: OK	TX: V21=1	RX: OK	TX: GS29	RX: OK	
2:31:47.765 AM 6/5/2023	<Active Goto> TX: V20=4800.000	RX: OK	TX: V21=2	RX: OK	TX: GS29	RX: OK	
2:31:50.189 AM 6/5/2023	<Active Finish> TX: V46	RX: 0	TX: EX	RX: -4796	
2:31:51.952 AM 6/5/2023	<Active Goto> TX: V20=0.000	RX: OK	TX: V21=1	RX: OK	TX: GS29	RX: OK	
2:31:54.379 AM 6/5/2023	<Active Finish> TX: V46	RX: 0	TX: EX	RX: 1	
2:32:25.265 AM 6/5/2023	<Active Finish> TX: V46	RX: 0	TX: EX	RX: 1	
2:32:27.447 AM 6/5/2023	<Active Init> TX: V81=0	RX: OK	TX: V82=1875	RX: OK	TX: V83=3750	RX: OK	TX: V84=5625	RX: OK	TX: V85=7500	RX: OK	TX: V86=9375	RX: OK	TX: V87=11250	RX: OK	TX: V88=13125	RX: OK	TX: V89=15000	RX: OK	TX: V90=16875	RX: OK	TX: V91=18750	RX: OK	TX: V92=20625	RX: OK	TX: V93=22500	RX: OK	TX: V94=24375	RX: OK	TX: V95=26250	RX: OK	TX: V96=28125	RX: OK	TX: V20=900	RX: OK	TX: V21=0	RX: OK	TX: GS30	RX: OK	
2:32:34.448 AM 6/5/2023	<Active Finish> TX: V46	RX: 0	TX: EX	RX: 0	
2:35:11.328 AM 6/5/2023	<Active Finish> TX: V46	RX: 0	TX: EX	RX: 0	
2:37:33.100 AM 6/5/2023	<Active Finish> TX: V46	RX: 0	TX: EX	RX: 0	
2:39:18.546 AM 6/5/2023	<Active Finish> TX: V46	RX: 0	TX: EX	RX: -1876	
2:41:03.050 AM 6/5/2023	<Active Finish> TX: V46	RX: 0	TX: EX	RX: -3750	
2:42:49.304 AM 6/5/2023	<Active Finish> TX: V46	RX: 0	TX: EX	RX: -5626	
2:44:34.272 AM 6/5/2023	<Active Finish> TX: V46	RX: 0	TX: EX	RX: -7500	
2:46:19.831 AM 6/5/2023	<Active Finish> TX: V46	RX: 0	TX: EX	RX: -9376	
2:48:04.064 AM 6/5/2023	<Active Finish> TX: V46	RX: 0	TX: EX	RX: -11250	
2:49:50.589 AM 6/5/2023	<Active Finish> TX: V46	RX: 0	TX: EX	RX: -13126	
2:51:35.593 AM 6/5/2023	<Active Finish> TX: V46	RX: 0	TX: EX	RX: -15000	
2:53:20.500 AM 6/5/2023	<Active Finish> TX: V46	RX: 0	TX: EX	RX: -16876	
2:55:05.940 AM 6/5/2023	<Active Finish> TX: V46	RX: 0	TX: EX	RX: -18750	
2:56:50.928 AM 6/5/2023	<Active Finish> TX: V46	RX: 0	TX: EX	RX: -20626	
2:58:37.264 AM 6/5/2023	<Active Finish> TX: V46	RX: 0	TX: EX	RX: -22500	
3:00:22.390 AM 6/5/2023	<Active Finish> TX: V46	RX: 0	TX: EX	RX: -24376	
3:02:07.525 AM 6/5/2023	<Active Finish> TX: V46	RX: 0	TX: EX	RX: -26250	
3:03:52.563 AM 6/5/2023	<Active Finish> TX: V46	RX: 0	TX: EX	RX: -28125	
3:05:37.643 AM 6/5/2023	<Active Finish> TX: V46	RX: 0	TX: EX	RX: 0	
3:07:23.033 AM 6/5/2023	<Active Finish> TX: V46	RX: 0	TX: EX	RX: -1876	
3:09:08.299 AM 6/5/2023	<Active Finish> TX: V46	RX: 0	TX: EX	RX: -3750	
3:10:54.042 AM 6/5/2023	<Active Finish> TX: V46	RX: 0	TX: EX	RX: -5626	
3:12:39.474 AM 6/5/2023	<Active Finish> TX: V46	RX: 0	TX: EX	RX: -7500	
3:14:24.470 AM 6/5/2023	<Active Finish> TX: V46	RX: 0	TX: EX	RX: -9376	
3:16:10.117 AM 6/5/2023	<Active Finish> TX: V46	RX: 0	TX: EX	RX: -11250	
3:17:55.481 AM 6/5/2023	<Active Finish> TX: V46	RX: 0	TX: EX	RX: -13125	
3:19:40.302 AM 6/5/2023	<Active Finish> TX: V46	RX: 0	TX: EX	RX: -15000	
3:21:26.427 AM 6/5/2023	<Active Finish> TX: V46	RX: 0	TX: EX	RX: -16875	
3:23:11.353 AM 6/5/2023	<Active Finish> TX: V46	RX: 0	TX: EX	RX: -18750	
3:24:55.961 AM 6/5/2023	<Active Finish> TX: V46	RX: 0	TX: EX	RX: -20626	
3:26:42.176 AM 6/5/2023	<Active Finish> TX: V46	RX: 0	TX: EX	RX: -22500	
3:28:27.481 AM 6/5/2023	<Active Finish> TX: V46	RX: 0	TX: EX	RX: -24376	
3:30:12.783 AM 6/5/2023	<Active Finish> TX: V46	RX: 0	TX: EX	RX: -26250	
3:31:58.469 AM 6/5/2023	<Active Finish> TX: V46	RX: 0	TX: EX	RX: -28126	
3:33:43.530 AM 6/5/2023	<Active Finish> TX: V46	RX: 0	TX: EX	RX: 0	
3:35:28.648 AM 6/5/2023	<Active Finish> TX: V46	RX: 0	TX: EX	RX: -1876	
3:37:14.284 AM 6/5/2023	<Active Finish> TX: V46	RX: 0	TX: EX	RX: -3750	
3:38:59.361 AM 6/5/2023	<Active Finish> TX: V46	RX: 0	TX: EX	RX: -5626	
3:40:43.889 AM 6/5/2023	<Active Finish> TX: V46	RX: 0	TX: EX	RX: -7501	
3:42:29.794 AM 6/5/2023	<Active Finish> TX: V46	RX: 0	TX: EX	RX: -9376	
3:44:14.651 AM 6/5/2023	<Active Finish> TX: V46	RX: 0	TX: EX	RX: -11250	
3:45:59.844 AM 6/5/2023	<Active Finish> TX: V46	RX: 0	TX: EX	RX: -13125	
3:47:45.312 AM 6/5/2023	<Active Finish> TX: V46	RX: 0	TX: EX	RX: -15000	
3:49:31.027 AM 6/5/2023	<Active Finish> TX: V46	RX: 0	TX: EX	RX: -16876	
3:51:15.846 AM 6/5/2023	<Active Finish> TX: V46	RX: 0	TX: EX	RX: -18750	
3:53:01.290 AM 6/5/2023	<Active Finish> TX: V46	RX: 0	TX: EX	RX: -20626	
3:54:46.477 AM 6/5/2023	<Active Finish> TX: V46	RX: 0	TX: EX	RX: -22500	
3:56:31.583 AM 6/5/2023	<Active Finish> TX: V46	RX: 0	TX: EX	RX: -24376	
3:58:17.518 AM 6/5/2023	<Active Finish> TX: V46	RX: 0	TX: EX	RX: -26250	
4:00:02.647 AM 6/5/2023	<Active Finish> TX: V46	RX: 0	TX: EX	RX: -28126	
4:01:48.111 AM 6/5/2023	<Active Finish> TX: V46	RX: 0	TX: EX	RX: 1	
4:03:32.778 AM 6/5/2023	<Active Finish> TX: V46	RX: 0	TX: EX	RX: -1876	
4:05:17.762 AM 6/5/2023	<Active Finish> TX: V46	RX: 0	TX: EX	RX: -3750	
4:07:03.324 AM 6/5/2023	<Active Finish> TX: V46	RX: 0	TX: EX	RX: -5626	
4:08:48.312 AM 6/5/2023	<Active Finish> TX: V46	RX: 0	TX: EX	RX: -7500	
4:10:33.984 AM 6/5/2023	<Active Finish> TX: V46	RX: 0	TX: EX	RX: -9376	
4:12:19.678 AM 6/5/2023	<Active Finish> TX: V46	RX: 0	TX: EX	RX: -11250	
4:14:04.838 AM 6/5/2023	<Active Finish> TX: V46	RX: 0	TX: EX	RX: -13125	
4:15:49.727 AM 6/5/2023	<Active Finish> TX: V46	RX: 0	TX: EX	RX: -15000	
4:17:34.870 AM 6/5/2023	<Active Finish> TX: V46	RX: 0	TX: EX	RX: -16876	
4:19:20.991 AM 6/5/2023	<Active Finish> TX: V46	RX: 0	TX: EX	RX: -18750	
4:21:06.540 AM 6/5/2023	<Active Finish> TX: V46	RX: 0	TX: EX	RX: -20626	
4:22:51.136 AM 6/5/2023	<Active Finish> TX: V46	RX: 0	TX: EX	RX: -22501	
4:24:36.738 AM 6/5/2023	<Active Finish> TX: V46	RX: 0	TX: EX	RX: -24376	
4:26:20.999 AM 6/5/2023	<Active Finish> TX: V46	RX: 0	TX: EX	RX: -26250	
4:28:06.388 AM 6/5/2023	<Active Finish> TX: V46	RX: 0	TX: EX	RX: -28126	
4:29:51.881 AM 6/5/2023	<Active Finish> TX: V46	RX: 0	TX: EX	RX: 0	
4:30:07.753 AM 6/5/2023	<Active Finish> TX: V46	RX: 0	TX: EX	RX: -1875	
4:31:37.224 AM 6/5/2023	<Active Finish> TX: V46	RX: 0	TX: EX	RX: -3750	
4:33:22.633 AM 6/5/2023	<Active Finish> TX: V46	RX: 0	TX: EX	RX: -5626	
4:35:08.214 AM 6/5/2023	<Active Finish> TX: V46	RX: 0	TX: EX	RX: -7500	
4:36:52.699 AM 6/5/2023	<Active Finish> TX: V46	RX: 0	TX: EX	RX: -9376	
4:38:38.142 AM 6/5/2023	<Active Finish> TX: V46	RX: 0	TX: EX	RX: -11250	
4:40:22.803 AM 6/5/2023	<Active Finish> TX: V46	RX: 0	TX: EX	RX: -13126	
4:42:08.107 AM 6/5/2023	<Active Finish> TX: V46	RX: 0	TX: EX	RX: -14999	
4:43:53.789 AM 6/5/2023	<Active Finish> TX: V46	RX: 0	TX: EX	RX: -16875	
4:45:38.963 AM 6/5/2023	<Active Finish> TX: V46	RX: 0	TX: EX	RX: -18750	
4:47:24.039 AM 6/5/2023	<Active Finish> TX: V46	RX: 0	TX: EX	RX: -20626	
4:49:09.386 AM 6/5/2023	<Active Finish> TX: V46	RX: 0	TX: EX	RX: -22500	
4:50:54.137 AM 6/5/2023	<Active Finish> TX: V46	RX: 0	TX: EX	RX: -24376	
4:52:39.495 AM 6/5/2023	<Active Finish> TX: V46	RX: 0	TX: EX	RX: -26250	
4:54:24.228 AM 6/5/2023	<Active Finish> TX: V46	RX: 0	TX: EX	RX: -28126	
4:58:44.093 AM 6/5/2023	<Active Goto> TX: V20=833.333	RX: OK	TX: V21=16	RX: OK	TX: GS29	RX: OK	
4:58:46.411 AM 6/5/2023	<Active Finish> TX: V46	RX: 0	TX: EX	RX: 833	
4:58:49.134 AM 6/5/2023	<Active Goto> TX: V20=1666.333	RX: OK	TX: V21=16	RX: OK	TX: GS29	RX: OK	
4:58:51.494 AM 6/5/2023	<Active Finish> TX: V46	RX: 0	TX: EX	RX: 1666	
4:58:52.409 AM 6/5/2023	<Active Goto> TX: V20=2499.333	RX: OK	TX: V21=16	RX: OK	TX: GS29	RX: OK	
4:58:54.798 AM 6/5/2023	<Active Finish> TX: V46	RX: 0	TX: EX	RX: 2500	
4:58:57.196 AM 6/5/2023	<Active Goto> TX: V20=	RX: OK	TX: V21=16	RX: OK	TX: GS29	RX: OK	
4:58:58.592 AM 6/5/2023	<Active Stop> TX: STOP	RX: OK	TX: SR0=0	RX: OK	TX: V46=251	RX: OK	
4:58:59.363 AM 6/5/2023	<Active Finish> TX: V46	RX: 251	TX: EX	RX: 17499	
4:59:28.472 AM 6/5/2023	<Active Goto> TX: V20=2500.000	RX: OK	TX: V21=16	RX: OK	TX: GS29	RX: OK	
4:59:33.240 AM 6/5/2023	<Active Finish> TX: V46	RX: 0	TX: EX	RX: 2500	
5:00:04.511 AM 6/5/2023	<Active Goto> TX: V20=4800.000	RX: OK	TX: V21=2	RX: OK	TX: GS29	RX: OK	
5:00:04.953 AM 6/5/2023	<Active Goto> TX: V20=800000.000	RX: OK	TX: V21=3	RX: OK	TX: GS29	RX: OK	
5:00:06.726 AM 6/5/2023	<Active Finish> TX: V46	RX: 0	TX: EX	RX: -4796	
5:00:08.499 AM 6/5/2023	<Active Goto> TX: V20=0.000	RX: OK	TX: V21=1	RX: OK	TX: GS29	RX: OK	
5:00:10.933 AM 6/5/2023	<Active Finish> TX: V46	RX: 0	TX: EX	RX: 1	
5:00:42.871 AM 6/5/2023	<Active Finish> TX: V46	RX: 0	TX: EX	RX: 799999	
5:00:44.918 AM 6/5/2023	<Active Init> TX: V81=0	RX: OK	TX: V82=1875	RX: OK	TX: V83=3750	RX: OK	TX: V84=5625	RX: OK	TX: V85=7500	RX: OK	TX: V86=9375	RX: OK	TX: V87=11250	RX: OK	TX: V88=13125	RX: OK	TX: V89=15000	RX: OK	TX: V90=16875	RX: OK	TX: V91=18750	RX: OK	TX: V92=20625	RX: OK	TX: V93=22500	RX: OK	TX: V94=24375	RX: OK	TX: V95=26250	RX: OK	TX: V96=28125	RX: OK	TX: V20=900	RX: OK	TX: V21=0	RX: OK	TX: GS30	RX: OK	
5:00:52.687 AM 6/5/2023	<Active Finish> TX: V46	RX: 0	TX: EX	RX: 0	
5:01:51.797 AM 6/5/2023	<Active Finish> TX: V46	RX: 0	TX: EX	RX: 0	
5:04:20.382 AM 6/5/2023	<Active Finish> TX: V46	RX: 0	TX: EX	RX: 0	
5:08:48.167 AM 6/5/2023	<Active Finish> TX: V46	RX: 0	TX: EX	RX: 0	
5:12:14.454 AM 6/5/2023	<Active Finish> TX: V46	RX: 0	TX: EX	RX: -1874	
5:15:38.329 AM 6/5/2023	<Active Finish> TX: V46	RX: 0	TX: EX	RX: -3749	
5:19:02.941 AM 6/5/2023	<Active Finish> TX: V46	RX: 0	TX: EX	RX: -5624	
5:22:26.831 AM 6/5/2023	<Active Finish> TX: V46	RX: 0	TX: EX	RX: -7499	
5:25:50.627 AM 6/5/2023	<Active Finish> TX: V46	RX: 0	TX: EX	RX: -9374	
5:29:15.991 AM 6/5/2023	<Active Finish> TX: V46	RX: 0	TX: EX	RX: -11250	
5:32:40.375 AM 6/5/2023	<Active Finish> TX: V46	RX: 0	TX: EX	RX: -13125	
5:39:23.863 AM 6/5/2023	<Active Finish> TX: V46	RX: 0	TX: EX	RX: 1	
5:59:28.407 AM 6/5/2023	<Active Finish> TX: V46	RX: 0	TX: EX	RX: -1874	
6:08:29.064 AM 6/5/2023	<Active Finish> TX: V46	RX: 0	TX: EX	RX: 0	
6:09:04.913 AM 6/5/2023	<Active Goto> TX: V20=400000.000	RX: OK	TX: V21=2	RX: OK	TX: GS29	RX: OK	
6:09:05.246 AM 6/5/2023	<Active Goto> TX: V20=0.000	RX: OK	TX: V21=1	RX: OK	TX: GS29	RX: OK	
6:09:12.681 AM 6/5/2023	<Active Finish> TX: V46	RX: 0	TX: EX	RX: 1	
6:09:14.471 AM 6/5/2023	<Active Goto> TX: V20=0.000	RX: OK	TX: V21=1	RX: OK	TX: GS29	RX: OK	
6:09:16.930 AM 6/5/2023	<Active Finish> TX: V46	RX: 0	TX: EX	RX: 1	
6:09:24.709 AM 6/5/2023	<Active Finish> TX: V46	RX: 0	TX: EX	RX: 400001	
6:14:21.863 PM 6/5/2023	<Active Init> TX: V20=0	RX: OK	TX: V21=16	RX: OK	TX: GS30	RX: OK	
6:14:22.216 PM 6/5/2023	<Active Init> TX: V20=-5000	RX: OK	TX: V21=0	RX: OK	TX: GS30	RX: OK	
6:14:22.564 PM 6/5/2023	<Active Init> TX: V20=0	RX: OK	TX: V21=0	RX: OK	TX: GS30	RX: OK	
6:14:32.580 PM 6/5/2023	<Active Finish> TX: V46	RX: 0	TX: EX	RX: 0	
6:14:38.022 PM 6/5/2023	<Active Finish> TX: V46	RX: 0	TX: EX	RX: 0	
6:14:45.551 PM 6/5/2023	<Active Finish> TX: V46	RX: 0	TX: EX	RX: 0	
6:14:47.752 PM 6/5/2023	<Active Init> TX: V81=0	RX: OK	TX: V82=1875	RX: OK	TX: V83=3750	RX: OK	TX: V84=5625	RX: OK	TX: V85=7500	RX: OK	TX: V86=9375	RX: OK	TX: V87=11250	RX: OK	TX: V88=13125	RX: OK	TX: V89=15000	RX: OK	TX: V90=16875	RX: OK	TX: V91=18750	RX: OK	TX: V92=20625	RX: OK	TX: V93=22500	RX: OK	TX: V94=24375	RX: OK	TX: V95=26250	RX: OK	TX: V96=28125	RX: OK	TX: V20=900	RX: OK	TX: V21=0	RX: OK	TX: GS30	RX: OK	
6:14:55.526 PM 6/5/2023	<Active Finish> TX: V46	RX: 0	TX: EX	RX: 0	
6:14:56.279 PM 6/5/2023	<Active Init> TX: V20=-200	RX: OK	TX: V21=0	RX: OK	TX: GS30	RX: OK	
6:14:56.611 PM 6/5/2023	<Active Init> TX: V20=0	RX: OK	TX: V21=32	RX: OK	TX: GS30	RX: OK	
6:15:07.035 PM 6/5/2023	<Active Finish> TX: V46	RX: 0	TX: EX	RX: 0	
6:15:24.820 PM 6/5/2023	<Active Finish> TX: V46	RX: 0	TX: V32	RX: 0	
6:15:26.056 PM 6/5/2023	<Active Goto> TX: V20=582.200	RX: OK	TX: V21=32	RX: OK	TX: GS29	RX: OK	
6:15:48.044 PM 6/5/2023	<Active Finish> TX: V46	RX: 0	TX: V32	RX: 582	
6:15:48.792 PM 6/5/2023	<Active Goto> TX: V20=400000.000	RX: OK	TX: V21=2	RX: OK	TX: GS29	RX: OK	
6:15:49.123 PM 6/5/2023	<Active Goto> TX: V20=0.000	RX: OK	TX: V21=1	RX: OK	TX: GS29	RX: OK	
6:15:51.662 PM 6/5/2023	<Active Finish> TX: V46	RX: 0	TX: EX	RX: 0	
6:15:53.446 PM 6/5/2023	<Active Goto> TX: V20=0.000	RX: OK	TX: V21=1	RX: OK	TX: GS29	RX: OK	
6:15:55.899 PM 6/5/2023	<Active Finish> TX: V46	RX: 0	TX: EX	RX: 0	
6:16:09.019 PM 6/5/2023	<Active Finish> TX: V46	RX: 0	TX: EX	RX: 399999	
6:16:21.786 PM 6/5/2023	<Active Goto> TX: V20=800000.000	RX: OK	TX: V21=3	RX: OK	TX: GS29	RX: OK	
6:16:22.132 PM 6/5/2023	<Active Goto> TX: V20=4800.000	RX: OK	TX: V21=2	RX: OK	TX: GS29	RX: OK	
6:16:29.491 PM 6/5/2023	<Active Finish> TX: V46	RX: 0	TX: EX	RX: -4797	
6:16:31.280 PM 6/5/2023	<Active Goto> TX: V20=0.000	RX: OK	TX: V21=1	RX: OK	TX: GS29	RX: OK	
6:16:33.707 PM 6/5/2023	<Active Finish> TX: V46	RX: 0	TX: EX	RX: 0	
6:16:41.531 PM 6/5/2023	<Active Finish> TX: V46	RX: 0	TX: EX	RX: 799998	
6:16:43.570 PM 6/5/2023	<Active Init> TX: V81=0	RX: OK	TX: V82=1875	RX: OK	TX: V83=3750	RX: OK	TX: V84=5625	RX: OK	TX: V85=7500	RX: OK	TX: V86=9375	RX: OK	TX: V87=11250	RX: OK	TX: V88=13125	RX: OK	TX: V89=15000	RX: OK	TX: V90=16875	RX: OK	TX: V91=18750	RX: OK	TX: V92=20625	RX: OK	TX: V93=22500	RX: OK	TX: V94=24375	RX: OK	TX: V95=26250	RX: OK	TX: V96=28125	RX: OK	TX: V20=900	RX: OK	TX: V21=0	RX: OK	TX: GS30	RX: OK	
6:16:50.738 PM 6/5/2023	<Active Finish> TX: V46	RX: 0	TX: EX	RX: 1	
6:17:27.731 PM 6/5/2023	<Active Finish> TX: V46	RX: 0	TX: EX	RX: 1	
6:18:57.782 PM 6/5/2023	<Active Finish> TX: V46	RX: 0	TX: EX	RX: 1	
6:21:37.988 PM 6/5/2023	<Active Finish> TX: V46	RX: 0	TX: EX	RX: 1	
6:24:57.707 PM 6/5/2023	<Active Finish> TX: V46	RX: 0	TX: EX	RX: 1	
6:25:12.788 PM 6/5/2023	<Active Finish> TX: V46	RX: 0	TX: EX	RX: -1874	
6:25:27.219 PM 6/5/2023	<Active Finish> TX: V46	RX: 0	TX: EX	RX: -3749	
6:25:42.098 PM 6/5/2023	<Active Finish> TX: V46	RX: 0	TX: EX	RX: -5624	
6:25:55.846 PM 6/5/2023	<Active Finish> TX: V46	RX: 0	TX: EX	RX: -7499	
6:26:03.470 PM 6/5/2023	<Active Finish> TX: V46	RX: 0	TX: EX	RX: -9375	
6:26:13.575 PM 6/5/2023	<Active Finish> TX: V46	RX: 0	TX: EX	RX: -11250	
6:26:24.092 PM 6/5/2023	<Active Finish> TX: V46	RX: 0	TX: EX	RX: -13125	
6:26:34.449 PM 6/5/2023	<Active Finish> TX: V46	RX: 0	TX: EX	RX: -14999	
6:26:45.068 PM 6/5/2023	<Active Finish> TX: V46	RX: 0	TX: EX	RX: -16874	
6:26:55.020 PM 6/5/2023	<Active Finish> TX: V46	RX: 0	TX: EX	RX: -18749	
6:27:05.703 PM 6/5/2023	<Active Finish> TX: V46	RX: 0	TX: EX	RX: -20624	
6:27:15.735 PM 6/5/2023	<Active Finish> TX: V46	RX: 0	TX: EX	RX: -22499	
6:27:26.553 PM 6/5/2023	<Active Finish> TX: V46	RX: 0	TX: EX	RX: -24375	
6:27:36.223 PM 6/5/2023	<Active Finish> TX: V46	RX: 0	TX: EX	RX: -26250	
6:27:46.360 PM 6/5/2023	<Active Finish> TX: V46	RX: 0	TX: EX	RX: -28125	
6:27:50.879 PM 6/5/2023	<Active Finish> TX: V46	RX: 0	TX: EX	RX: 1	
6:27:59.445 PM 6/5/2023	<Active Finish> TX: V46	RX: 0	TX: EX	RX: -1874	
6:28:11.751 PM 6/5/2023	<Active Finish> TX: V46	RX: 0	TX: EX	RX: -3749	
6:28:15.319 PM 6/5/2023	<Active Finish> TX: V46	RX: 0	TX: EX	RX: -5624	
6:28:25.876 PM 6/5/2023	<Active Finish> TX: V46	RX: 0	TX: EX	RX: -7500	
6:28:39.502 PM 6/5/2023	<Active Finish> TX: V46	RX: 0	TX: EX	RX: -9375	
6:28:53.928 PM 6/5/2023	<Active Finish> TX: V46	RX: 0	TX: EX	RX: -11250	
6:29:09.235 PM 6/5/2023	<Active Finish> TX: V46	RX: 0	TX: EX	RX: -13125	
6:29:13.871 PM 6/5/2023	<Active Finish> TX: V46	RX: 0	TX: EX	RX: -14999	
6:29:23.676 PM 6/5/2023	<Active Finish> TX: V46	RX: 0	TX: EX	RX: -16874	
6:29:33.335 PM 6/5/2023	<Active Finish> TX: V46	RX: 0	TX: EX	RX: -18749	
6:29:44.576 PM 6/5/2023	<Active Finish> TX: V46	RX: 0	TX: EX	RX: -20624	
6:29:54.865 PM 6/5/2023	<Active Finish> TX: V46	RX: 0	TX: EX	RX: -22499	
6:30:04.792 PM 6/5/2023	<Active Finish> TX: V46	RX: 0	TX: EX	RX: -24375	
6:30:14.966 PM 6/5/2023	<Active Finish> TX: V46	RX: 0	TX: EX	RX: -26250	
6:30:25.280 PM 6/5/2023	<Active Finish> TX: V46	RX: 0	TX: EX	RX: -28125	
6:34:05.048 PM 6/5/2023	<Active Finish> TX: V46	RX: 0	TX: EX	RX: 1	
6:34:18.164 PM 6/5/2023	<Active Finish> TX: V46	RX: 0	TX: EX	RX: -1874	
6:34:30.346 PM 6/5/2023	<Active Finish> TX: V46	RX: 0	TX: EX	RX: -3749	
6:34:42.855 PM 6/5/2023	<Active Finish> TX: V46	RX: 0	TX: EX	RX: -5624	
6:34:53.349 PM 6/5/2023	<Active Finish> TX: V46	RX: 0	TX: EX	RX: -7500	
6:34:57.267 PM 6/5/2023	<Active Finish> TX: V46	RX: 0	TX: EX	RX: -9374	
6:35:07.466 PM 6/5/2023	<Active Finish> TX: V46	RX: 0	TX: EX	RX: -11250	
6:35:20.257 PM 6/5/2023	<Active Finish> TX: V46	RX: 0	TX: EX	RX: -13125	
6:35:35.221 PM 6/5/2023	<Active Finish> TX: V46	RX: 0	TX: EX	RX: -15000	
6:35:51.208 PM 6/5/2023	<Active Finish> TX: V46	RX: 0	TX: EX	RX: -16874	
6:36:05.905 PM 6/5/2023	<Active Finish> TX: V46	RX: 0	TX: EX	RX: -18749	
6:36:21.137 PM 6/5/2023	<Active Finish> TX: V46	RX: 0	TX: EX	RX: -20624	
6:36:34.417 PM 6/5/2023	<Active Finish> TX: V46	RX: 0	TX: EX	RX: -22500	
6:36:38.548 PM 6/5/2023	<Active Finish> TX: V46	RX: 0	TX: EX	RX: -24375	
6:36:43.010 PM 6/5/2023	<Active Finish> TX: V46	RX: 0	TX: EX	RX: -26250	
6:36:53.095 PM 6/5/2023	<Active Finish> TX: V46	RX: 0	TX: EX	RX: -28125	
6:36:57.019 PM 6/5/2023	<Active Finish> TX: V46	RX: 0	TX: EX	RX: 1	
6:37:05.444 PM 6/5/2023	<Active Finish> TX: V46	RX: 0	TX: EX	RX: -1874	
6:37:18.406 PM 6/5/2023	<Active Finish> TX: V46	RX: 0	TX: EX	RX: -3749	
6:40:13.862 PM 6/5/2023	<Active Finish> TX: V46	RX: 0	TX: EX	RX: 1	
6:40:28.944 PM 6/5/2023	<Active Finish> TX: V46	RX: 0	TX: EX	RX: -1874	
6:40:44.852 PM 6/5/2023	<Active Finish> TX: V46	RX: 0	TX: EX	RX: -3749	
6:42:37.398 PM 6/5/2023	<Active Finish> TX: V46	RX: 0	TX: EX	RX: 1	
6:42:51.825 PM 6/5/2023	<Active Finish> TX: V46	RX: 0	TX: EX	RX: -1874	
6:43:07.591 PM 6/5/2023	<Active Finish> TX: V46	RX: 0	TX: EX	RX: -3749	
6:43:22.598 PM 6/5/2023	<Active Finish> TX: V46	RX: 0	TX: EX	RX: -5624	
6:43:38.200 PM 6/5/2023	<Active Finish> TX: V46	RX: 0	TX: EX	RX: -7499	
6:43:53.668 PM 6/5/2023	<Active Finish> TX: V46	RX: 0	TX: EX	RX: -9375	
6:44:09.128 PM 6/5/2023	<Active Finish> TX: V46	RX: 0	TX: EX	RX: -11250	
6:44:24.581 PM 6/5/2023	<Active Finish> TX: V46	RX: 0	TX: EX	RX: -13125	
6:44:39.536 PM 6/5/2023	<Active Finish> TX: V46	RX: 0	TX: EX	RX: -14999	
6:44:54.507 PM 6/5/2023	<Active Finish> TX: V46	RX: 0	TX: EX	RX: -16874	
6:45:07.996 PM 6/5/2023	<Active Finish> TX: V46	RX: 0	TX: EX	RX: -18749	
6:45:23.412 PM 6/5/2023	<Active Finish> TX: V46	RX: 0	TX: EX	RX: -20624	
6:45:38.449 PM 6/5/2023	<Active Finish> TX: V46	RX: 0	TX: EX	RX: -22500	
6:45:53.727 PM 6/5/2023	<Active Finish> TX: V46	RX: 0	TX: EX	RX: -24375	
6:46:09.806 PM 6/5/2023	<Active Finish> TX: V46	RX: 0	TX: EX	RX: -26250	
6:46:25.050 PM 6/5/2023	<Active Finish> TX: V46	RX: 0	TX: EX	RX: -28125	
6:48:10.753 PM 6/5/2023	<Active Finish> TX: V46	RX: 0	TX: EX	RX: 1	
6:48:25.681 PM 6/5/2023	<Active Finish> TX: V46	RX: 0	TX: EX	RX: -1874	
6:48:40.784 PM 6/5/2023	<Active Finish> TX: V46	RX: 0	TX: EX	RX: -3749	
6:48:56.590 PM 6/5/2023	<Active Finish> TX: V46	RX: 0	TX: EX	RX: -5624	
6:49:11.877 PM 6/5/2023	<Active Finish> TX: V46	RX: 0	TX: EX	RX: -7499	
6:49:27.007 PM 6/5/2023	<Active Finish> TX: V46	RX: 0	TX: EX	RX: -9375	
6:49:42.610 PM 6/5/2023	<Active Finish> TX: V46	RX: 0	TX: EX	RX: -11250	
6:49:58.392 PM 6/5/2023	<Active Finish> TX: V46	RX: 0	TX: EX	RX: -13125	
6:50:14.206 PM 6/5/2023	<Active Finish> TX: V46	RX: 0	TX: EX	RX: -14999	
6:50:28.953 PM 6/5/2023	<Active Finish> TX: V46	RX: 0	TX: EX	RX: -16874	
6:50:44.335 PM 6/5/2023	<Active Finish> TX: V46	RX: 0	TX: EX	RX: -18749	
6:51:00.762 PM 6/5/2023	<Active Finish> TX: V46	RX: 0	TX: EX	RX: -20624	
6:51:15.160 PM 6/5/2023	<Active Finish> TX: V46	RX: 0	TX: EX	RX: -22499	
6:51:30.824 PM 6/5/2023	<Active Finish> TX: V46	RX: 0	TX: EX	RX: -24375	
6:51:46.558 PM 6/5/2023	<Active Finish> TX: V46	RX: 0	TX: EX	RX: -26250	
6:52:01.646 PM 6/5/2023	<Active Finish> TX: V46	RX: 0	TX: EX	RX: -28125	
6:52:29.980 PM 6/5/2023	<Active Goto> TX: V20=4800.000	RX: OK	TX: V21=2	RX: OK	TX: GS29	RX: OK	
6:52:30.421 PM 6/5/2023	<Active Goto> TX: V20=0.000	RX: OK	TX: V21=1	RX: OK	TX: GS29	RX: OK	
6:52:32.188 PM 6/5/2023	<Active Finish> TX: V46	RX: 0	TX: EX	RX: -4797	
6:52:34.006 PM 6/5/2023	<Active Goto> TX: V20=0.000	RX: OK	TX: V21=1	RX: OK	TX: GS29	RX: OK	
6:52:36.439 PM 6/5/2023	<Active Finish> TX: V46	RX: 0	TX: EX	RX: 0	
6:53:08.420 PM 6/5/2023	<Active Finish> TX: V46	RX: 0	TX: EX	RX: 0	
6:53:10.532 PM 6/5/2023	<Active Init> TX: V81=0	RX: OK	TX: V82=1875	RX: OK	TX: V83=3750	RX: OK	TX: V84=5625	RX: OK	TX: V85=7500	RX: OK	TX: V86=9375	RX: OK	TX: V87=11250	RX: OK	TX: V88=13125	RX: OK	TX: V89=15000	RX: OK	TX: V90=16875	RX: OK	TX: V91=18750	RX: OK	TX: V92=20625	RX: OK	TX: V93=22500	RX: OK	TX: V94=24375	RX: OK	TX: V95=26250	RX: OK	TX: V96=28125	RX: OK	TX: V20=900	RX: OK	TX: V21=0	RX: OK	TX: GS30	RX: OK	
6:53:18.304 PM 6/5/2023	<Active Finish> TX: V46	RX: 0	TX: EX	RX: 0	
6:54:11.708 PM 6/5/2023	<Active Finish> TX: V46	RX: 0	TX: EX	RX: 0	
6:54:26.696 PM 6/5/2023	<Active Finish> TX: V46	RX: 0	TX: EX	RX: -1876	
6:54:42.454 PM 6/5/2023	<Active Finish> TX: V46	RX: 0	TX: EX	RX: -3750	
6:54:57.459 PM 6/5/2023	<Active Finish> TX: V46	RX: 0	TX: EX	RX: -5626	
6:55:13.370 PM 6/5/2023	<Active Finish> TX: V46	RX: 0	TX: EX	RX: -7500	
6:55:25.358 PM 6/5/2023	<Active Goto> TX: V20=500.000	RX: OK	TX: V21=16	RX: OK	TX: GS29	RX: OK	
6:55:26.904 PM 6/5/2023	<Active Finish> TX: V46	RX: 0	TX: EX	RX: 501	
6:55:28.645 PM 6/5/2023	<Active Finish> TX: V46	RX: 0	TX: EX	RX: -9376	
6:55:29.556 PM 6/5/2023	<Active Goto> TX: V20=1001.000	RX: OK	TX: V21=16	RX: OK	TX: GS29	RX: OK	
6:55:31.186 PM 6/5/2023	<Active Finish> TX: V46	RX: 0	TX: EX	RX: 1002	
6:55:32.117 PM 6/5/2023	<Active Goto> TX: V20=1502.000	RX: OK	TX: V21=16	RX: OK	TX: GS29	RX: OK	
6:55:33.662 PM 6/5/2023	<Active Finish> TX: V46	RX: 0	TX: EX	RX: 1503	
6:55:35.005 PM 6/5/2023	<Active Goto> TX: V20=2003.000	RX: OK	TX: V21=16	RX: OK	TX: GS29	RX: OK	
6:55:36.549 PM 6/5/2023	<Active Finish> TX: V46	RX: 0	TX: EX	RX: 2004	
6:55:38.249 PM 6/5/2023	<Active Goto> TX: V20=2504.000	RX: OK	TX: V21=16	RX: OK	TX: GS29	RX: OK	
6:55:39.784 PM 6/5/2023	<Active Finish> TX: V46	RX: 0	TX: EX	RX: 2505	
6:55:41.129 PM 6/5/2023	<Active Goto> TX: V20=3005.000	RX: OK	TX: V21=16	RX: OK	TX: GS29	RX: OK	
6:55:42.812 PM 6/5/2023	<Active Finish> TX: V46	RX: 0	TX: EX	RX: 3006	
6:55:43.938 PM 6/5/2023	<Active Finish> TX: V46	RX: 0	TX: EX	RX: -11250	
6:55:44.820 PM 6/5/2023	<Active Goto> TX: V20=3506.000	RX: OK	TX: V21=16	RX: OK	TX: GS29	RX: OK	
6:55:46.354 PM 6/5/2023	<Active Finish> TX: V46	RX: 0	TX: EX	RX: 3507	
6:55:47.281 PM 6/5/2023	<Active Goto> TX: V20=4007.000	RX: OK	TX: V21=16	RX: OK	TX: GS29	RX: OK	
6:55:48.818 PM 6/5/2023	<Active Finish> TX: V46	RX: 0	TX: EX	RX: 4007	
6:55:50.157 PM 6/5/2023	<Active Goto> TX: V20=4507.000	RX: OK	TX: V21=16	RX: OK	TX: GS29	RX: OK	
6:55:51.697 PM 6/5/2023	<Active Finish> TX: V46	RX: 0	TX: EX	RX: 4508	
6:55:53.062 PM 6/5/2023	<Active Goto> TX: V20=5008.000	RX: OK	TX: V21=16	RX: OK	TX: GS29	RX: OK	
6:55:54.606 PM 6/5/2023	<Active Finish> TX: V46	RX: 0	TX: EX	RX: 5009	
6:55:56.242 PM 6/5/2023	<Active Goto> TX: V20=5509.000	RX: OK	TX: V21=16	RX: OK	TX: GS29	RX: OK	
6:55:57.774 PM 6/5/2023	<Active Finish> TX: V46	RX: 0	TX: EX	RX: 5510	
6:55:59.638 PM 6/5/2023	<Active Finish> TX: V46	RX: 0	TX: EX	RX: -13125	
6:56:00.519 PM 6/5/2023	<Active Goto> TX: V20=6010.000	RX: OK	TX: V21=16	RX: OK	TX: GS29	RX: OK	
6:56:02.261 PM 6/5/2023	<Active Finish> TX: V46	RX: 0	TX: EX	RX: 6011	
6:56:05.228 PM 6/5/2023	<Active Goto> TX: V20=6511.000	RX: OK	TX: V21=16	RX: OK	TX: GS29	RX: OK	
6:56:06.788 PM 6/5/2023	<Active Finish> TX: V46	RX: 0	TX: EX	RX: 6512	
6:56:08.121 PM 6/5/2023	<Active Goto> TX: V20=7012.000	RX: OK	TX: V21=16	RX: OK	TX: GS29	RX: OK	
6:56:09.676 PM 6/5/2023	<Active Finish> TX: V46	RX: 0	TX: EX	RX: 7012	
6:56:11.407 PM 6/5/2023	<Active Goto> TX: V20=7512.000	RX: OK	TX: V21=16	RX: OK	TX: GS29	RX: OK	
6:56:12.950 PM 6/5/2023	<Active Finish> TX: V46	RX: 0	TX: EX	RX: 7513	
6:56:14.745 PM 6/5/2023	<Active Finish> TX: V46	RX: 0	TX: EX	RX: -15000	
6:56:15.647 PM 6/5/2023	<Active Goto> TX: V20=8013.000	RX: OK	TX: V21=16	RX: OK	TX: GS29	RX: OK	
6:56:17.240 PM 6/5/2023	<Active Finish> TX: V46	RX: 0	TX: EX	RX: 8013	
6:56:20.152 PM 6/5/2023	<Active Goto> TX: V20=8513.000	RX: OK	TX: V21=16	RX: OK	TX: GS29	RX: OK	
6:56:21.701 PM 6/5/2023	<Active Finish> TX: V46	RX: 0	TX: EX	RX: 8514	
6:56:23.286 PM 6/5/2023	<Active Goto> TX: V20=9014.000	RX: OK	TX: V21=16	RX: OK	TX: GS29	RX: OK	
6:56:24.835 PM 6/5/2023	<Active Finish> TX: V46	RX: 0	TX: EX	RX: 9014	
6:56:26.179 PM 6/5/2023	<Active Goto> TX: V20=9514.000	RX: OK	TX: V21=16	RX: OK	TX: GS29	RX: OK	
6:56:27.766 PM 6/5/2023	<Active Finish> TX: V46	RX: 0	TX: EX	RX: 9515	
6:56:29.427 PM 6/5/2023	<Active Goto> TX: V20=10015.000	RX: OK	TX: V21=16	RX: OK	TX: GS29	RX: OK	
6:56:31.254 PM 6/5/2023	<Active Finish> TX: V46	RX: 0	TX: EX	RX: -16876	
6:56:32.842 PM 6/5/2023	<Active Finish> TX: V46	RX: 0	TX: EX	RX: 10015	
6:56:35.444 PM 6/5/2023	<Active Goto> TX: V20=10515.000	RX: OK	TX: V21=16	RX: OK	TX: GS29	RX: OK	
6:56:36.993 PM 6/5/2023	<Active Finish> TX: V46	RX: 0	TX: EX	RX: 10516	
6:56:38.231 PM 6/5/2023	<Active Goto> TX: V20=11016.000	RX: OK	TX: V21=16	RX: OK	TX: GS29	RX: OK	
6:56:39.779 PM 6/5/2023	<Active Finish> TX: V46	RX: 0	TX: EX	RX: 11016	
6:56:41.346 PM 6/5/2023	<Active Goto> TX: V20=11516.000	RX: OK	TX: V21=16	RX: OK	TX: GS29	RX: OK	
6:56:42.890 PM 6/5/2023	<Active Finish> TX: V46	RX: 0	TX: EX	RX: 11517	
6:56:45.678 PM 6/5/2023	<Active Finish> TX: V46	RX: 0	TX: EX	RX: -18750	
6:56:46.231 PM 6/5/2023	<Active Goto> TX: V20=12017.000	RX: OK	TX: V21=16	RX: OK	TX: GS29	RX: OK	
6:56:47.779 PM 6/5/2023	<Active Finish> TX: V46	RX: 0	TX: EX	RX: 12017	
6:56:50.489 PM 6/5/2023	<Active Goto> TX: V20=12517.000	RX: OK	TX: V21=16	RX: OK	TX: GS29	RX: OK	
6:56:52.034 PM 6/5/2023	<Active Finish> TX: V46	RX: 0	TX: EX	RX: 12518	
6:56:53.278 PM 6/5/2023	<Active Goto> TX: V20=13018.000	RX: OK	TX: V21=16	RX: OK	TX: GS29	RX: OK	
6:56:54.835 PM 6/5/2023	<Active Finish> TX: V46	RX: 0	TX: EX	RX: 13018	
6:56:56.489 PM 6/5/2023	<Active Goto> TX: V20=13518.000	RX: OK	TX: V21=16	RX: OK	TX: GS29	RX: OK	
6:56:58.047 PM 6/5/2023	<Active Finish> TX: V46	RX: 0	TX: EX	RX: 13519	
6:56:59.292 PM 6/5/2023	<Active Goto> TX: V20=14019.000	RX: OK	TX: V21=16	RX: OK	TX: GS29	RX: OK	
6:57:01.838 PM 6/5/2023	<Active Finish> TX: V46	RX: 0	TX: EX	RX: -20626	
6:57:02.618 PM 6/5/2023	<Active Finish> TX: V46	RX: 0	TX: EX	RX: 14019	
6:57:05.290 PM 6/5/2023	<Active Goto> TX: V20=14519.000	RX: OK	TX: V21=16	RX: OK	TX: GS29	RX: OK	
6:57:06.898 PM 6/5/2023	<Active Finish> TX: V46	RX: 0	TX: EX	RX: 14520	
6:57:08.523 PM 6/5/2023	<Active Goto> TX: V20=15020.000	RX: OK	TX: V21=16	RX: OK	TX: GS29	RX: OK	
6:57:10.070 PM 6/5/2023	<Active Finish> TX: V46	RX: 0	TX: EX	RX: 15020	
6:57:11.316 PM 6/5/2023	<Active Goto> TX: V20=15520.000	RX: OK	TX: V21=16	RX: OK	TX: GS29	RX: OK	
6:57:12.863 PM 6/5/2023	<Active Finish> TX: V46	RX: 0	TX: EX	RX: 15521	
6:57:14.529 PM 6/5/2023	<Active Goto> TX: V20=16021.000	RX: OK	TX: V21=16	RX: OK	TX: GS29	RX: OK	
6:57:17.229 PM 6/5/2023	<Active Finish> TX: V46	RX: 0	TX: EX	RX: -22501	
6:57:17.781 PM 6/5/2023	<Active Stop> TX: STOP	RX: OK	TX: SR0=0	RX: OK	TX: V46=251	RX: OK	
6:57:18.549 PM 6/5/2023	<Active Finish> TX: V46	RX: 251	TX: EX	RX: 16022	
6:57:32.374 PM 6/5/2023	<Active Finish> TX: V46	RX: 0	TX: EX	RX: -24376	
6:57:48.065 PM 6/5/2023	<Active Finish> TX: V46	RX: 0	TX: EX	RX: -26250	
6:58:02.212 PM 6/5/2023	<Active Finish> TX: V46	RX: 0	TX: EX	RX: -28126	
7:08:10.479 PM 6/5/2023	<Active Finish> TX: V46	RX: 0	TX: EX	RX: 0	
7:08:57.825 PM 6/5/2023	<Active Goto> TX: V20=0.000	RX: OK	TX: V21=16	RX: OK	TX: GS29	RX: OK	
7:09:02.462 PM 6/5/2023	<Active Finish> TX: V46	RX: 0	TX: EX	RX: 1	
7:12:43.215 PM 6/5/2023	<Active Finish> TX: V46	RX: 0	TX: EX	RX: 0	
7:14:11.305 PM 6/5/2023	<Active Finish> TX: V46	RX: 0	TX: EX	RX: 0	
7:15:36.782 PM 6/5/2023	<Active Finish> TX: V46	RX: 0	TX: EX	RX: 0	
7:16:50.241 PM 6/5/2023	<Active Finish> TX: V46	RX: 0	TX: EX	RX: 0	
7:23:03.986 PM 6/5/2023	<Active Finish> TX: V46	RX: 0	TX: EX	RX: 0	
7:23:56.704 PM 6/5/2023	<Active Finish> TX: V46	RX: 0	TX: EX	RX: 0	
7:24:27.049 PM 6/5/2023	<Active Finish> TX: V46	RX: 0	TX: EX	RX: 0	
7:25:12.714 PM 6/5/2023	<Active Finish> TX: V46	RX: 0	TX: EX	RX: 0	
7:25:51.488 PM 6/5/2023	<Active Finish> TX: V46	RX: 0	TX: EX	RX: 0	
7:26:31.673 PM 6/5/2023	<Active Finish> TX: V46	RX: 0	TX: EX	RX: 0	
7:27:11.158 PM 6/5/2023	<Active Finish> TX: V46	RX: 0	TX: EX	RX: 0	
7:27:54.473 PM 6/5/2023	<Active Finish> TX: V46	RX: 0	TX: EX	RX: 0	
7:28:37.439 PM 6/5/2023	<Active Finish> TX: V46	RX: 0	TX: EX	RX: 0	
7:42:25.214 PM 6/5/2023	<Active Finish> TX: V46	RX: 0	TX: EX	RX: 0	
7:45:56.707 PM 6/5/2023	<Active Finish> TX: V46	RX: 0	TX: EX	RX: 0	
7:48:32.836 PM 6/5/2023	<Active Finish> TX: V46	RX: 0	TX: EX	RX: 0	
7:53:07.084 PM 6/5/2023	<Active Finish> TX: V46	RX: 0	TX: EX	RX: 0	
7:55:14.909 PM 6/5/2023	<Active Finish> TX: V46	RX: 0	TX: EX	RX: 0	
7:57:24.133 PM 6/5/2023	<Active Finish> TX: V46	RX: 0	TX: EX	RX: 0	
7:59:57.763 PM 6/5/2023	<Active Finish> TX: V46	RX: 0	TX: EX	RX: 0	
8:00:10.914 PM 6/5/2023	<Active Finish> TX: V46	RX: 0	TX: EX	RX: -1875	
8:00:23.241 PM 6/5/2023	<Active Finish> TX: V46	RX: 0	TX: EX	RX: -3750	
8:00:35.638 PM 6/5/2023	<Active Finish> TX: V46	RX: 0	TX: EX	RX: -5626	
8:00:48.076 PM 6/5/2023	<Active Finish> TX: V46	RX: 0	TX: EX	RX: -7500	
8:01:00.403 PM 6/5/2023	<Active Finish> TX: V46	RX: 0	TX: EX	RX: -9376	
8:01:14.619 PM 6/5/2023	<Active Finish> TX: V46	RX: 0	TX: EX	RX: -11250	
8:01:29.788 PM 6/5/2023	<Active Finish> TX: V46	RX: 0	TX: EX	RX: -13126	
8:01:45.422 PM 6/5/2023	<Active Finish> TX: V46	RX: 0	TX: EX	RX: -15000	
8:02:00.557 PM 6/5/2023	<Active Finish> TX: V46	RX: 0	TX: EX	RX: -16876	
8:02:11.576 PM 6/5/2023	<Active Finish> TX: V46	RX: 0	TX: EX	RX: -18750	
8:02:26.029 PM 6/5/2023	<Active Finish> TX: V46	RX: 0	TX: EX	RX: -20626	
8:02:41.567 PM 6/5/2023	<Active Finish> TX: V46	RX: 0	TX: EX	RX: -22500	
8:02:56.895 PM 6/5/2023	<Active Finish> TX: V46	RX: 0	TX: EX	RX: -24376	
8:03:12.726 PM 6/5/2023	<Active Finish> TX: V46	RX: 0	TX: EX	RX: -26250	
8:03:27.685 PM 6/5/2023	<Active Finish> TX: V46	RX: 0	TX: EX	RX: -28125	
8:03:57.999 PM 6/5/2023	<Active Goto> TX: V20=4800.000	RX: OK	TX: V21=2	RX: OK	TX: GS29	RX: OK	
8:03:58.452 PM 6/5/2023	<Active Goto> TX: V20=800000.000	RX: OK	TX: V21=3	RX: OK	TX: GS29	RX: OK	
8:04:00.254 PM 6/5/2023	<Active Finish> TX: V46	RX: 0	TX: EX	RX: -4798	
8:04:02.050 PM 6/5/2023	<Active Goto> TX: V20=0.000	RX: OK	TX: V21=1	RX: OK	TX: GS29	RX: OK	
8:04:04.629 PM 6/5/2023	<Active Finish> TX: V46	RX: 0	TX: EX	RX: 0	
8:04:36.545 PM 6/5/2023	<Active Finish> TX: V46	RX: 0	TX: EX	RX: 799998	
8:04:38.581 PM 6/5/2023	<Active Init> TX: V81=0	RX: OK	TX: V82=1875	RX: OK	TX: V83=3750	RX: OK	TX: V84=5625	RX: OK	TX: V85=7500	RX: OK	TX: V86=9375	RX: OK	TX: V87=11250	RX: OK	TX: V88=13125	RX: OK	TX: V89=15000	RX: OK	TX: V90=16875	RX: OK	TX: V91=18750	RX: OK	TX: V92=20625	RX: OK	TX: V93=22500	RX: OK	TX: V94=24375	RX: OK	TX: V95=26250	RX: OK	TX: V96=28125	RX: OK	TX: V20=900	RX: OK	TX: V21=0	RX: OK	TX: GS30	RX: OK	
8:04:46.346 PM 6/5/2023	<Active Finish> TX: V46	RX: 0	TX: EX	RX: 0	
8:05:21.306 PM 6/5/2023	<Active Finish> TX: V46	RX: 0	TX: EX	RX: 0	
8:05:36.475 PM 6/5/2023	<Active Finish> TX: V46	RX: 0	TX: EX	RX: -1874	
8:05:44.846 PM 6/5/2023	<Active Finish> TX: V46	RX: 0	TX: EX	RX: -3750	
8:05:59.596 PM 6/5/2023	<Active Finish> TX: V46	RX: 0	TX: EX	RX: -5624	
8:06:15.538 PM 6/5/2023	<Active Finish> TX: V46	RX: 0	TX: EX	RX: -7500	
8:06:31.008 PM 6/5/2023	<Active Finish> TX: V46	RX: 0	TX: EX	RX: -9374	
8:06:46.087 PM 6/5/2023	<Active Finish> TX: V46	RX: 0	TX: EX	RX: -11250	
8:07:01.034 PM 6/5/2023	<Active Finish> TX: V46	RX: 0	TX: EX	RX: -13125	
8:07:16.889 PM 6/5/2023	<Active Finish> TX: V46	RX: 0	TX: EX	RX: -15000	
8:07:27.155 PM 6/5/2023	<Active Finish> TX: V46	RX: 0	TX: EX	RX: -16874	
8:07:41.633 PM 6/5/2023	<Active Finish> TX: V46	RX: 0	TX: EX	RX: -18750	
8:07:57.021 PM 6/5/2023	<Active Finish> TX: V46	RX: 0	TX: EX	RX: -20624	
8:08:07.080 PM 6/5/2023	<Active Finish> TX: V46	RX: 0	TX: EX	RX: -22500	
8:08:21.264 PM 6/5/2023	<Active Finish> TX: V46	RX: 0	TX: EX	RX: -24374	
8:08:36.289 PM 6/5/2023	<Active Finish> TX: V46	RX: 0	TX: EX	RX: -26250	
8:08:52.363 PM 6/5/2023	<Active Finish> TX: V46	RX: 0	TX: EX	RX: -28125	
8:13:36.473 PM 6/5/2023	<Active Goto> TX: V20=501.000	RX: OK	TX: V21=16	RX: OK	TX: GS29	RX: OK	
8:13:38.123 PM 6/5/2023	<Active Finish> TX: V46	RX: 0	TX: EX	RX: 502	
8:13:41.055 PM 6/5/2023	<Active Goto> TX: V20=1002.000	RX: OK	TX: V21=16	RX: OK	TX: GS29	RX: OK	
8:13:42.610 PM 6/5/2023	<Active Finish> TX: V46	RX: 0	TX: EX	RX: 1003	
8:13:44.287 PM 6/5/2023	<Active Goto> TX: V20=1503.000	RX: OK	TX: V21=16	RX: OK	TX: GS29	RX: OK	
8:13:45.912 PM 6/5/2023	<Active Finish> TX: V46	RX: 0	TX: EX	RX: 1505	
8:13:47.178 PM 6/5/2023	<Active Goto> TX: V20=2005.000	RX: OK	TX: V21=16	RX: OK	TX: GS29	RX: OK	
8:13:48.731 PM 6/5/2023	<Active Finish> TX: V46	RX: 0	TX: EX	RX: 2006	
8:13:50.302 PM 6/5/2023	<Active Goto> TX: V20=2506.000	RX: OK	TX: V21=16	RX: OK	TX: GS29	RX: OK	
8:13:51.854 PM 6/5/2023	<Active Finish> TX: V46	RX: 0	TX: EX	RX: 2507	
8:13:53.186 PM 6/5/2023	<Active Goto> TX: V20=3007.000	RX: OK	TX: V21=16	RX: OK	TX: GS29	RX: OK	
8:13:54.526 PM 6/5/2023	<Active Stop> TX: STOP	RX: OK	TX: SR0=0	RX: OK	TX: V46=251	RX: OK	
8:13:55.293 PM 6/5/2023	<Active Finish> TX: V46	RX: 251	TX: EX	RX: 3007	
8:13:56.290 PM 6/5/2023	<Active Goto> TX: V20=	RX: OK	TX: V21=16	RX: OK	TX: GS29	RX: OK	
8:13:57.619 PM 6/5/2023	<Active Stop> TX: STOP	RX: OK	TX: SR0=0	RX: OK	TX: V46=251	RX: OK	
8:13:58.387 PM 6/5/2023	<Active Finish> TX: V46	RX: 251	TX: EX	RX: 17021	
8:14:12.129 PM 6/5/2023	<Active Goto> TX: V20=2500.000	RX: OK	TX: V21=16	RX: OK	TX: GS29	RX: OK	
8:14:17.567 PM 6/5/2023	<Active Finish> TX: V46	RX: 0	TX: EX	RX: 2501	
8:15:40.980 PM 6/5/2023	<Active Finish> TX: V46	RX: 0	TX: EX	RX: 0	
8:16:00.778 PM 6/5/2023	<Active Finish> TX: V46	RX: 0	TX: EX	RX: -1874	
8:20:33.746 PM 6/5/2023	<Active Finish> TX: V46	RX: 0	TX: EX	RX: 0	
8:23:07.594 PM 6/5/2023	<Active Finish> TX: V46	RX: 0	TX: EX	RX: -1874	
8:25:41.181 PM 6/5/2023	<Active Finish> TX: V46	RX: 0	TX: EX	RX: -3749	
8:28:16.678 PM 6/5/2023	<Active Finish> TX: V46	RX: 0	TX: EX	RX: -5624	
8:30:50.147 PM 6/5/2023	<Active Finish> TX: V46	RX: 0	TX: EX	RX: -7500	
8:33:23.976 PM 6/5/2023	<Active Finish> TX: V46	RX: 0	TX: EX	RX: -9374	
8:35:59.044 PM 6/5/2023	<Active Finish> TX: V46	RX: 0	TX: EX	RX: -11250	
8:38:32.749 PM 6/5/2023	<Active Finish> TX: V46	RX: 0	TX: EX	RX: -13125	
8:44:55.823 PM 6/5/2023	<Active Goto> TX: V20=23333.333	RX: OK	TX: V21=16	RX: OK	TX: GS29	RX: OK	
8:44:58.989 PM 6/5/2023	<Active Finish> TX: V46	RX: 0	TX: EX	RX: 23334	
8:45:48.649 PM 6/5/2023	<Active Goto> TX: V20=46666.667	RX: OK	TX: V21=16	RX: OK	TX: GS29	RX: OK	
8:45:52.541 PM 6/5/2023	<Active Finish> TX: V46	RX: 0	TX: EX	RX: 46667	
8:46:17.935 PM 6/5/2023	<Active Goto> TX: V20=30000.000	RX: OK	TX: V21=16	RX: OK	TX: GS29	RX: OK	
8:46:22.595 PM 6/5/2023	<Active Finish> TX: V46	RX: 0	TX: EX	RX: 30001	
8:47:12.611 PM 6/5/2023	<Active Goto> TX: V20=12500.000	RX: OK	TX: V21=16	RX: OK	TX: GS29	RX: OK	
8:47:17.295 PM 6/5/2023	<Active Finish> TX: V46	RX: 0	TX: EX	RX: 12501	
8:47:36.810 PM 6/5/2023	<Active Goto> TX: V20=5000.000	RX: OK	TX: V21=16	RX: OK	TX: GS29	RX: OK	
8:47:42.322 PM 6/5/2023	<Active Finish> TX: V46	RX: 0	TX: EX	RX: 5001	
8:48:28.649 PM 6/5/2023	<Active Goto> TX: V20=0.000	RX: OK	TX: V21=16	RX: OK	TX: GS29	RX: OK	
8:48:34.217 PM 6/5/2023	<Active Finish> TX: V46	RX: 0	TX: EX	RX: 1	
8:49:33.439 PM 6/5/2023	<Active Goto> TX: V20=834.333	RX: OK	TX: V21=16	RX: OK	TX: GS29	RX: OK	
8:49:35.756 PM 6/5/2023	<Active Finish> TX: V46	RX: 0	TX: EX	RX: 834	
8:49:37.376 PM 6/5/2023	<Active Goto> TX: V20=1667.333	RX: OK	TX: V21=16	RX: OK	TX: GS29	RX: OK	
8:49:39.689 PM 6/5/2023	<Active Finish> TX: V46	RX: 0	TX: EX	RX: 1668	
8:49:40.605 PM 6/5/2023	<Active Goto> TX: V20=2501.333	RX: OK	TX: V21=16	RX: OK	TX: GS29	RX: OK	
8:49:43.012 PM 6/5/2023	<Active Finish> TX: V46	RX: 0	TX: EX	RX: 2501	
8:49:43.944 PM 6/5/2023	<Active Goto> TX: V20=3334.333	RX: OK	TX: V21=16	RX: OK	TX: GS29	RX: OK	
8:49:46.384 PM 6/5/2023	<Active Finish> TX: V46	RX: 0	TX: EX	RX: 3335	
8:49:49.382 PM 6/5/2023	<Active Goto> TX: V20=4168.333	RX: OK	TX: V21=16	RX: OK	TX: GS29	RX: OK	
8:49:51.702 PM 6/5/2023	<Active Finish> TX: V46	RX: 0	TX: EX	RX: 4168	
8:49:52.621 PM 6/5/2023	<Active Goto> TX: V20=5001.333	RX: OK	TX: V21=16	RX: OK	TX: GS29	RX: OK	
8:49:54.923 PM 6/5/2023	<Active Finish> TX: V46	RX: 0	TX: EX	RX: 5002	
8:49:55.847 PM 6/5/2023	<Active Goto> TX: V20=5835.333	RX: OK	TX: V21=16	RX: OK	TX: GS29	RX: OK	
8:49:58.302 PM 6/5/2023	<Active Finish> TX: V46	RX: 0	TX: EX	RX: 5835	
8:50:01.617 PM 6/5/2023	<Active Goto> TX: V20=6668.333	RX: OK	TX: V21=16	RX: OK	TX: GS29	RX: OK	
8:50:03.917 PM 6/5/2023	<Active Finish> TX: V46	RX: 0	TX: EX	RX: 6669	
8:50:04.924 PM 6/5/2023	<Active Goto> TX: V20=7502.333	RX: OK	TX: V21=16	RX: OK	TX: GS29	RX: OK	
8:50:07.292 PM 6/5/2023	<Active Finish> TX: V46	RX: 0	TX: EX	RX: 7503	
8:50:10.601 PM 6/5/2023	<Active Goto> TX: V20=8336.333	RX: OK	TX: V21=16	RX: OK	TX: GS29	RX: OK	
8:50:12.903 PM 6/5/2023	<Active Finish> TX: V46	RX: 0	TX: EX	RX: 8336	
8:50:13.883 PM 6/5/2023	<Active Goto> TX: V20=9169.333	RX: OK	TX: V21=16	RX: OK	TX: GS29	RX: OK	
8:50:16.183 PM 6/5/2023	<Active Finish> TX: V46	RX: 0	TX: EX	RX: 9170	
8:50:17.094 PM 6/5/2023	<Active Goto> TX: V20=10003.333	RX: OK	TX: V21=16	RX: OK	TX: GS29	RX: OK	
8:50:19.452 PM 6/5/2023	<Active Finish> TX: V46	RX: 0	TX: EX	RX: 10004	
8:50:22.717 PM 6/5/2023	<Active Goto> TX: V20=10837.333	RX: OK	TX: V21=16	RX: OK	TX: GS29	RX: OK	
8:50:25.017 PM 6/5/2023	<Active Finish> TX: V46	RX: 0	TX: EX	RX: 10837	
8:50:25.997 PM 6/5/2023	<Active Goto> TX: V20=11670.333	RX: OK	TX: V21=16	RX: OK	TX: GS29	RX: OK	
8:50:28.363 PM 6/5/2023	<Active Finish> TX: V46	RX: 0	TX: EX	RX: 11671	
8:50:31.629 PM 6/5/2023	<Active Goto> TX: V20=12504.333	RX: OK	TX: V21=16	RX: OK	TX: GS29	RX: OK	
8:50:33.946 PM 6/5/2023	<Active Finish> TX: V46	RX: 0	TX: EX	RX: 12505	
8:50:34.970 PM 6/5/2023	<Active Goto> TX: V20=13338.333	RX: OK	TX: V21=16	RX: OK	TX: GS29	RX: OK	
8:50:37.280 PM 6/5/2023	<Active Finish> TX: V46	RX: 0	TX: EX	RX: 13338	
8:50:38.268 PM 6/5/2023	<Active Goto> TX: V20=14171.333	RX: OK	TX: V21=16	RX: OK	TX: GS29	RX: OK	
8:50:40.648 PM 6/5/2023	<Active Finish> TX: V46	RX: 0	TX: EX	RX: 14172	
8:50:43.564 PM 6/5/2023	<Active Goto> TX: V20=15005.333	RX: OK	TX: V21=16	RX: OK	TX: GS29	RX: OK	
8:50:45.908 PM 6/5/2023	<Active Finish> TX: V46	RX: 0	TX: EX	RX: 15006	
8:50:46.820 PM 6/5/2023	<Active Goto> TX: V20=15839.333	RX: OK	TX: V21=16	RX: OK	TX: GS29	RX: OK	
8:50:49.148 PM 6/5/2023	<Active Finish> TX: V46	RX: 0	TX: EX	RX: 15840	
8:50:50.180 PM 6/5/2023	<Active Goto> TX: V20=16673.333	RX: OK	TX: V21=16	RX: OK	TX: GS29	RX: OK	
8:50:52.571 PM 6/5/2023	<Active Finish> TX: V46	RX: 0	TX: EX	RX: 16674	
8:50:55.820 PM 6/5/2023	<Active Goto> TX: V20=17507.333	RX: OK	TX: V21=16	RX: OK	TX: GS29	RX: OK	
8:50:58.165 PM 6/5/2023	<Active Finish> TX: V46	RX: 0	TX: EX	RX: 17508	
8:50:59.078 PM 6/5/2023	<Active Goto> TX: V20=18341.333	RX: OK	TX: V21=16	RX: OK	TX: GS29	RX: OK	
8:51:01.498 PM 6/5/2023	<Active Finish> TX: V46	RX: 0	TX: EX	RX: 18342	
8:51:04.862 PM 6/5/2023	<Active Goto> TX: V20=19175.333	RX: OK	TX: V21=16	RX: OK	TX: GS29	RX: OK	
8:51:06.502 PM 6/5/2023	<Active Finish> TX: V46	RX: 0	TX: EX	RX: 19175	
8:51:07.760 PM 6/5/2023	<Active Goto> TX: V20=20008.333	RX: OK	TX: V21=16	RX: OK	TX: GS29	RX: OK	
8:51:10.079 PM 6/5/2023	<Active Finish> TX: V46	RX: 0	TX: EX	RX: 20009	
8:51:10.984 PM 6/5/2023	<Active Goto> TX: V20=20842.333	RX: OK	TX: V21=16	RX: OK	TX: GS29	RX: OK	
8:51:13.289 PM 6/5/2023	<Active Finish> TX: V46	RX: 0	TX: EX	RX: 20843	
8:51:14.200 PM 6/5/2023	<Active Goto> TX: V20=21676.333	RX: OK	TX: V21=16	RX: OK	TX: GS29	RX: OK	
8:51:15.816 PM 6/5/2023	<Active Finish> TX: V46	RX: 0	TX: EX	RX: 21677	
8:51:16.767 PM 6/5/2023	<Active Goto> TX: V20=22510.333	RX: OK	TX: V21=16	RX: OK	TX: GS29	RX: OK	
8:51:19.097 PM 6/5/2023	<Active Finish> TX: V46	RX: 0	TX: EX	RX: 22511	
8:51:20.016 PM 6/5/2023	<Active Goto> TX: V20=23344.333	RX: OK	TX: V21=16	RX: OK	TX: GS29	RX: OK	
8:51:22.336 PM 6/5/2023	<Active Finish> TX: V46	RX: 0	TX: EX	RX: 23345	
8:51:23.246 PM 6/5/2023	<Active Goto> TX: V20=24178.333	RX: OK	TX: V21=16	RX: OK	TX: GS29	RX: OK	
8:51:25.669 PM 6/5/2023	<Active Finish> TX: V46	RX: 0	TX: EX	RX: 24178	
8:51:28.699 PM 6/5/2023	<Active Goto> TX: V20=25011.333	RX: OK	TX: V21=16	RX: OK	TX: GS29	RX: OK	
8:51:31.046 PM 6/5/2023	<Active Finish> TX: V46	RX: 0	TX: EX	RX: 25012	
8:51:31.962 PM 6/5/2023	<Active Goto> TX: V20=25845.333	RX: OK	TX: V21=16	RX: OK	TX: GS29	RX: OK	
8:51:34.343 PM 6/5/2023	<Active Finish> TX: V46	RX: 0	TX: EX	RX: 25846	
8:51:35.250 PM 6/5/2023	<Active Goto> TX: V20=26679.333	RX: OK	TX: V21=16	RX: OK	TX: GS29	RX: OK	
8:51:37.586 PM 6/5/2023	<Active Finish> TX: V46	RX: 0	TX: EX	RX: 26680	
8:51:40.846 PM 6/5/2023	<Active Goto> TX: V20=27513.333	RX: OK	TX: V21=16	RX: OK	TX: GS29	RX: OK	
8:51:43.168 PM 6/5/2023	<Active Finish> TX: V46	RX: 0	TX: EX	RX: 27514	
8:51:44.077 PM 6/5/2023	<Active Goto> TX: V20=28347.333	RX: OK	TX: V21=16	RX: OK	TX: GS29	RX: OK	
8:51:46.485 PM 6/5/2023	<Active Finish> TX: V46	RX: 0	TX: EX	RX: 28348	
8:51:47.392 PM 6/5/2023	<Active Goto> TX: V20=29181.333	RX: OK	TX: V21=16	RX: OK	TX: GS29	RX: OK	
8:51:49.756 PM 6/5/2023	<Active Finish> TX: V46	RX: 0	TX: EX	RX: 29182	
8:51:52.799 PM 6/5/2023	<Active Goto> TX: V20=30015.333	RX: OK	TX: V21=16	RX: OK	TX: GS29	RX: OK	
8:51:55.110 PM 6/5/2023	<Active Finish> TX: V46	RX: 0	TX: EX	RX: 30015	
8:51:56.015 PM 6/5/2023	<Active Goto> TX: V20=30848.333	RX: OK	TX: V21=16	RX: OK	TX: GS29	RX: OK	
8:51:58.325 PM 6/5/2023	<Active Finish> TX: V46	RX: 0	TX: EX	RX: 30849	
8:51:59.238 PM 6/5/2023	<Active Goto> TX: V20=31682.333	RX: OK	TX: V21=16	RX: OK	TX: GS29	RX: OK	
8:52:01.684 PM 6/5/2023	<Active Finish> TX: V46	RX: 0	TX: EX	RX: 31683	
8:52:03.278 PM 6/5/2023	<Active Goto> TX: V20=	RX: OK	TX: V21=16	RX: OK	TX: GS29	RX: OK	
8:52:04.698 PM 6/5/2023	<Active Stop> TX: STOP	RX: OK	TX: SR0=0	RX: OK	TX: V46=251	RX: OK	
8:52:05.468 PM 6/5/2023	<Active Finish> TX: V46	RX: 251	TX: EX	RX: 47052	
8:52:30.456 PM 6/5/2023	<Active Goto> TX: V20=0.000	RX: OK	TX: V21=16	RX: OK	TX: GS29	RX: OK	
8:52:33.570 PM 6/5/2023	<Active Finish> TX: V46	RX: 0	TX: EX	RX: 1	
8:56:35.193 PM 6/5/2023	<Active Finish> TX: V46	RX: 0	TX: EX	RX: 0	
8:56:38.656 PM 6/5/2023	<Active Goto> TX: V20=0.000	RX: OK	TX: V21=16	RX: OK	TX: GS29	RX: OK	
8:56:45.049 PM 6/5/2023	<Active Finish> TX: V46	RX: 0	TX: EX	RX: 1	
8:56:50.705 PM 6/5/2023	<Active Goto> TX: V20=834.333	RX: OK	TX: V21=16	RX: OK	TX: GS29	RX: OK	
8:56:53.015 PM 6/5/2023	<Active Finish> TX: V46	RX: 0	TX: EX	RX: 834	
8:56:54.802 PM 6/5/2023	<Active Finish> TX: V46	RX: 0	TX: EX	RX: -1874	
8:56:55.684 PM 6/5/2023	<Active Goto> TX: V20=1667.333	RX: OK	TX: V21=16	RX: OK	TX: GS29	RX: OK	
8:56:58.108 PM 6/5/2023	<Active Finish> TX: V46	RX: 0	TX: EX	RX: 1668	
8:57:00.100 PM 6/5/2023	<Active Goto> TX: V20=2501.333	RX: OK	TX: V21=16	RX: OK	TX: GS29	RX: OK	
8:57:02.442 PM 6/5/2023	<Active Finish> TX: V46	RX: 0	TX: EX	RX: 2502	
8:57:03.364 PM 6/5/2023	<Active Goto> TX: V20=3335.333	RX: OK	TX: V21=16	RX: OK	TX: GS29	RX: OK	
8:57:05.698 PM 6/5/2023	<Active Finish> TX: V46	RX: 0	TX: EX	RX: 3335	
8:57:06.599 PM 6/5/2023	<Active Goto> TX: V20=4168.333	RX: OK	TX: V21=16	RX: OK	TX: GS29	RX: OK	
8:57:08.997 PM 6/5/2023	<Active Finish> TX: V46	RX: 0	TX: EX	RX: 4169	
8:57:12.277 PM 6/5/2023	<Active Goto> TX: V20=5002.333	RX: OK	TX: V21=16	RX: OK	TX: GS29	RX: OK	
8:57:14.619 PM 6/5/2023	<Active Finish> TX: V46	RX: 0	TX: EX	RX: 5003	
8:57:16.390 PM 6/5/2023	<Active Finish> TX: V46	RX: 0	TX: EX	RX: -3750	
8:57:17.284 PM 6/5/2023	<Active Goto> TX: V20=5836.333	RX: OK	TX: V21=16	RX: OK	TX: GS29	RX: OK	
8:57:18.923 PM 6/5/2023	<Active Finish> TX: V46	RX: 0	TX: EX	RX: 5836	
8:57:21.294 PM 6/5/2023	<Active Goto> TX: V20=6669.333	RX: OK	TX: V21=16	RX: OK	TX: GS29	RX: OK	
8:57:23.625 PM 6/5/2023	<Active Finish> TX: V46	RX: 0	TX: EX	RX: 6670	
8:57:24.532 PM 6/5/2023	<Active Goto> TX: V20=7503.333	RX: OK	TX: V21=16	RX: OK	TX: GS29	RX: OK	
8:57:26.972 PM 6/5/2023	<Active Finish> TX: V46	RX: 0	TX: EX	RX: 7504	
8:57:30.318 PM 6/5/2023	<Active Goto> TX: V20=8337.333	RX: OK	TX: V21=16	RX: OK	TX: GS29	RX: OK	
8:57:32.679 PM 6/5/2023	<Active Finish> TX: V46	RX: 0	TX: EX	RX: 8336	
8:57:33.589 PM 6/5/2023	<Active Goto> TX: V20=9169.333	RX: OK	TX: V21=16	RX: OK	TX: GS29	RX: OK	
8:57:35.991 PM 6/5/2023	<Active Finish> TX: V46	RX: 0	TX: EX	RX: 9169	
8:57:37.727 PM 6/5/2023	<Active Finish> TX: V46	RX: 0	TX: EX	RX: -5624	
8:57:39.380 PM 6/5/2023	<Active Goto> TX: V20=10002.333	RX: OK	TX: V21=16	RX: OK	TX: GS29	RX: OK	
8:57:41.689 PM 6/5/2023	<Active Finish> TX: V46	RX: 0	TX: EX	RX: 10003	
8:57:42.600 PM 6/5/2023	<Active Goto> TX: V20=10836.333	RX: OK	TX: V21=16	RX: OK	TX: GS29	RX: OK	
8:57:45.030 PM 6/5/2023	<Active Finish> TX: V46	RX: 0	TX: EX	RX: 10836	
8:57:48.388 PM 6/5/2023	<Active Goto> TX: V20=11669.333	RX: OK	TX: V21=16	RX: OK	TX: GS29	RX: OK	
8:57:50.713 PM 6/5/2023	<Active Finish> TX: V46	RX: 0	TX: EX	RX: 11670	
8:57:51.626 PM 6/5/2023	<Active Goto> TX: V20=12503.333	RX: OK	TX: V21=16	RX: OK	TX: GS29	RX: OK	
8:57:53.941 PM 6/5/2023	<Active Finish> TX: V46	RX: 0	TX: EX	RX: 12505	
8:57:54.858 PM 6/5/2023	<Active Goto> TX: V20=13338.333	RX: OK	TX: V21=16	RX: OK	TX: GS29	RX: OK	
8:57:57.392 PM 6/5/2023	<Active Finish> TX: V46	RX: 0	TX: EX	RX: -7500	
8:57:58.933 PM 6/5/2023	<Active Finish> TX: V46	RX: 0	TX: EX	RX: 13338	
8:58:00.230 PM 6/5/2023	<Active Goto> TX: V20=14171.333	RX: OK	TX: V21=16	RX: OK	TX: GS29	RX: OK	
8:58:02.549 PM 6/5/2023	<Active Finish> TX: V46	RX: 0	TX: EX	RX: 14172	
8:58:03.470 PM 6/5/2023	<Active Goto> TX: V20=15005.333	RX: OK	TX: V21=16	RX: OK	TX: GS29	RX: OK	
8:58:05.914 PM 6/5/2023	<Active Finish> TX: V46	RX: 0	TX: EX	RX: 15006	
8:58:06.830 PM 6/5/2023	<Active Goto> TX: V20=15839.333	RX: OK	TX: V21=16	RX: OK	TX: GS29	RX: OK	
8:58:09.252 PM 6/5/2023	<Active Finish> TX: V46	RX: 0	TX: EX	RX: 15840	
8:58:12.508 PM 6/5/2023	<Active Goto> TX: V20=16673.333	RX: OK	TX: V21=16	RX: OK	TX: GS29	RX: OK	
8:58:14.806 PM 6/5/2023	<Active Finish> TX: V46	RX: 0	TX: EX	RX: 16674	
8:58:15.724 PM 6/5/2023	<Active Goto> TX: V20=17507.333	RX: OK	TX: V21=16	RX: OK	TX: GS29	RX: OK	
8:58:18.254 PM 6/5/2023	<Active Finish> TX: V46	RX: 0	TX: EX	RX: -9374	
8:58:19.789 PM 6/5/2023	<Active Finish> TX: V46	RX: 0	TX: EX	RX: 17508	
8:58:21.442 PM 6/5/2023	<Active Goto> TX: V20=18341.333	RX: OK	TX: V21=16	RX: OK	TX: GS29	RX: OK	
8:58:23.755 PM 6/5/2023	<Active Finish> TX: V46	RX: 0	TX: EX	RX: 18342	
8:58:24.668 PM 6/5/2023	<Active Goto> TX: V20=19175.333	RX: OK	TX: V21=16	RX: OK	TX: GS29	RX: OK	
8:58:26.990 PM 6/5/2023	<Active Finish> TX: V46	RX: 0	TX: EX	RX: 19175	
8:58:27.903 PM 6/5/2023	<Active Goto> TX: V20=20008.333	RX: OK	TX: V21=16	RX: OK	TX: GS29	RX: OK	
8:58:30.232 PM 6/5/2023	<Active Finish> TX: V46	RX: 0	TX: EX	RX: 20009	
8:58:33.587 PM 6/5/2023	<Active Goto> TX: V20=20842.333	RX: OK	TX: V21=16	RX: OK	TX: GS29	RX: OK	
8:58:35.887 PM 6/5/2023	<Active Finish> TX: V46	RX: 0	TX: EX	RX: 20843	
8:58:36.870 PM 6/5/2023	<Active Goto> TX: V20=21676.333	RX: OK	TX: V21=16	RX: OK	TX: GS29	RX: OK	
8:58:39.397 PM 6/5/2023	<Active Finish> TX: V46	RX: 0	TX: EX	RX: -11250	
8:58:40.738 PM 6/5/2023	<Active Stop> TX: STOP	RX: OK	TX: SR0=0	RX: OK	TX: V46=251	RX: OK	
8:58:41.515 PM 6/5/2023	<Active Finish> TX: V46	RX: 251	TX: EX	RX: 21677	
8:58:42.565 PM 6/5/2023	<Active Goto> TX: V20=	RX: OK	TX: V21=16	RX: OK	TX: GS29	RX: OK	
8:58:43.881 PM 6/5/2023	<Active Stop> TX: STOP	RX: OK	TX: SR0=0	RX: OK	TX: V46=251	RX: OK	
8:58:44.652 PM 6/5/2023	<Active Finish> TX: V46	RX: 251	TX: EX	RX: 35490	
8:58:49.139 PM 6/5/2023	<Active Goto> TX: V20=19166.667	RX: OK	TX: V21=16	RX: OK	TX: GS29	RX: OK	
8:58:53.828 PM 6/5/2023	<Active Finish> TX: V46	RX: 0	TX: EX	RX: 19167	
8:58:58.313 PM 6/5/2023	<Active Finish> TX: V46	RX: 0	TX: EX	RX: -13125	
9:02:20.965 PM 6/5/2023	<Active Finish> TX: V46	RX: 0	TX: EX	RX: 0	
9:04:26.918 PM 6/5/2023	<Active Finish> TX: V46	RX: 0	TX: EX	RX: -1874	
9:06:32.265 PM 6/5/2023	<Active Finish> TX: V46	RX: 0	TX: EX	RX: -3750	
9:08:38.369 PM 6/5/2023	<Active Finish> TX: V46	RX: 0	TX: EX	RX: -5624	
9:10:44.016 PM 6/5/2023	<Active Finish> TX: V46	RX: 0	TX: EX	RX: -7500	
9:12:49.551 PM 6/5/2023	<Active Finish> TX: V46	RX: 0	TX: EX	RX: -9374	
9:14:55.990 PM 6/5/2023	<Active Finish> TX: V46	RX: 0	TX: EX	RX: -11250	
9:17:02.028 PM 6/5/2023	<Active Finish> TX: V46	RX: 0	TX: EX	RX: -13125	
9:19:43.967 PM 6/5/2023	<Active Goto> TX: V20=58333.333	RX: OK	TX: V21=16	RX: OK	TX: GS29	RX: OK	
9:19:48.608 PM 6/5/2023	<Active Finish> TX: V46	RX: 0	TX: EX	RX: 58334	
9:20:08.691 PM 6/5/2023	<Active Goto> TX: V20=57500.000	RX: OK	TX: V21=16	RX: OK	TX: GS29	RX: OK	
9:20:14.885 PM 6/5/2023	<Active Finish> TX: V46	RX: 0	TX: EX	RX: 57501	
9:20:31.510 PM 6/5/2023	<Active Goto> TX: V20=56666.667	RX: OK	TX: V21=16	RX: OK	TX: GS29	RX: OK	
9:20:37.689 PM 6/5/2023	<Active Finish> TX: V46	RX: 0	TX: EX	RX: 56667	
9:20:45.932 PM 6/5/2023	<Active Goto> TX: V20=56333.333	RX: OK	TX: V21=16	RX: OK	TX: GS29	RX: OK	
9:20:52.108 PM 6/5/2023	<Active Finish> TX: V46	RX: 0	TX: EX	RX: 56334	
9:21:04.692 PM 6/5/2023	<Active Goto> TX: V20=57000.000	RX: OK	TX: V21=16	RX: OK	TX: GS29	RX: OK	
9:21:07.117 PM 6/5/2023	<Active Finish> TX: V46	RX: 0	TX: EX	RX: 57001	
9:21:23.200 PM 6/5/2023	<Active Goto> TX: V20=56166.667	RX: OK	TX: V21=16	RX: OK	TX: GS29	RX: OK	
9:21:29.552 PM 6/5/2023	<Active Finish> TX: V46	RX: 0	TX: EX	RX: 56166	
9:27:28.827 PM 6/5/2023	<Active Finish> TX: V46	RX: 0	TX: EX	RX: 0	
9:27:58.114 PM 6/5/2023	<Active Goto> TX: V20=0.000	RX: OK	TX: V21=16	RX: OK	TX: GS29	RX: OK	
9:28:00.442 PM 6/5/2023	<Active Finish> TX: V46	RX: 0	TX: EX	RX: 1	
9:29:59.994 PM 6/5/2023	<Active Goto> TX: V20=2500.000	RX: OK	TX: V21=16	RX: OK	TX: GS29	RX: OK	
9:30:02.345 PM 6/5/2023	<Active Finish> TX: V46	RX: 0	TX: EX	RX: 2501	
9:31:42.333 PM 6/5/2023	<Active Finish> TX: V46	RX: 0	TX: EX	RX: 0	
9:35:24.412 PM 6/5/2023	<Active Goto> TX: V20=0.000	RX: OK	TX: V21=1	RX: OK	TX: GS29	RX: OK	
9:35:24.754 PM 6/5/2023	<Active Goto> TX: V20=4800.000	RX: OK	TX: V21=2	RX: OK	TX: GS29	RX: OK	
9:35:27.294 PM 6/5/2023	<Active Finish> TX: V46	RX: 0	TX: EX	RX: -4798	
9:35:29.048 PM 6/5/2023	<Active Goto> TX: V20=0.000	RX: OK	TX: V21=1	RX: OK	TX: GS29	RX: OK	
9:35:31.529 PM 6/5/2023	<Active Finish> TX: V46	RX: 0	TX: EX	RX: 0	
9:36:02.586 PM 6/5/2023	<Active Finish> TX: V46	RX: 0	TX: EX	RX: 0	
9:36:04.725 PM 6/5/2023	<Active Init> TX: V81=0	RX: OK	TX: V82=1875	RX: OK	TX: V83=3750	RX: OK	TX: V84=5625	RX: OK	TX: V85=7500	RX: OK	TX: V86=9375	RX: OK	TX: V87=11250	RX: OK	TX: V88=13125	RX: OK	TX: V89=15000	RX: OK	TX: V90=16875	RX: OK	TX: V91=18750	RX: OK	TX: V92=20625	RX: OK	TX: V93=22500	RX: OK	TX: V94=24375	RX: OK	TX: V95=26250	RX: OK	TX: V96=28125	RX: OK	TX: V20=900	RX: OK	TX: V21=0	RX: OK	TX: GS30	RX: OK	
9:36:12.574 PM 6/5/2023	<Active Finish> TX: V46	RX: 0	TX: EX	RX: 0	
9:36:29.928 PM 6/5/2023	<Active Finish> TX: V46	RX: 0	TX: EX	RX: 0	
9:41:13.253 PM 6/5/2023	<Active Finish> TX: V46	RX: 0	TX: EX	RX: 0	
9:42:53.361 PM 6/5/2023	<Active Finish> TX: V46	RX: 0	TX: EX	RX: 0	
9:47:50.428 PM 6/5/2023	<Active Goto> TX: V20=400000.000	RX: OK	TX: V21=2	RX: OK	TX: GS29	RX: OK	
9:47:50.760 PM 6/5/2023	<Active Goto> TX: V20=0.000	RX: OK	TX: V21=1	RX: OK	TX: GS29	RX: OK	
9:47:56.834 PM 6/5/2023	<S4DMX> TX: V46	RX: 149	TX: EX	RX: -2	
9:47:58.073 PM 6/5/2023	<Active Finish> TX: V46	RX: 149	TX: EX	RX: -2	
9:47:59.950 PM 6/5/2023	<Active Goto> TX: V20=0.000	RX: OK	TX: V21=1	RX: OK	TX: GS29	RX: OK	
9:48:02.394 PM 6/5/2023	<Active Finish> TX: V46	RX: 0	TX: EX	RX: 0	
9:48:04.271 PM 6/5/2023	<Active Goto> TX: V20=0.000	RX: OK	TX: V21=1	RX: OK	TX: GS29	RX: OK	
9:48:05.476 PM 6/5/2023	<S4DMX> TX: V46	RX: 149	TX: EX	RX: 0	
9:48:06.718 PM 6/5/2023	<Active Finish> TX: V46	RX: 149	TX: EX	RX: 0	
9:48:08.542 PM 6/5/2023	<Active Goto> TX: V20=0.000	RX: OK	TX: V21=1	RX: OK	TX: GS29	RX: OK	
9:48:10.497 PM 6/5/2023	<Active Finish> TX: V46	RX: 0	TX: EX	RX: 399998	
9:48:11.055 PM 6/5/2023	<Active Finish> TX: V46	RX: 0	TX: EX	RX: 0	
9:49:15.325 PM 6/5/2023	<Active Goto> TX: V20=1402.200	RX: OK	TX: V21=32	RX: OK	TX: GS29	RX: OK	
9:49:45.539 PM 6/5/2023	<Active Finish> TX: V46	RX: 0	TX: V32	RX: 1402	
10:29:37.524 PM 6/5/2023	<Active Goto> TX: V20=5000.000	RX: OK	TX: V21=16	RX: OK	TX: GS29	RX: OK	
10:29:39.878 PM 6/5/2023	<Active Finish> TX: V46	RX: 0	TX: EX	RX: 5001	
10:30:29.441 PM 6/5/2023	<Active Goto> TX: V20=7500.000	RX: OK	TX: V21=16	RX: OK	TX: GS29	RX: OK	
10:30:31.762 PM 6/5/2023	<Active Finish> TX: V46	RX: 0	TX: EX	RX: 7501	
10:31:04.343 PM 6/5/2023	<Active Goto> TX: V20=10000.000	RX: OK	TX: V21=16	RX: OK	TX: GS29	RX: OK	
10:31:06.653 PM 6/5/2023	<Active Finish> TX: V46	RX: 0	TX: EX	RX: 10001	
10:31:40.580 PM 6/5/2023	<Active Goto> TX: V20=12500.000	RX: OK	TX: V21=16	RX: OK	TX: GS29	RX: OK	
10:31:42.891 PM 6/5/2023	<Active Finish> TX: V46	RX: 0	TX: EX	RX: 12501	
10:32:02.487 PM 6/5/2023	<Active Goto> TX: V20=15000.000	RX: OK	TX: V21=16	RX: OK	TX: GS29	RX: OK	
10:32:04.807 PM 6/5/2023	<Active Finish> TX: V46	RX: 0	TX: EX	RX: 15001	
10:33:05.870 PM 6/5/2023	<Active Goto> TX: V20=17500.000	RX: OK	TX: V21=16	RX: OK	TX: GS29	RX: OK	
10:33:08.283 PM 6/5/2023	<Active Finish> TX: V46	RX: 0	TX: EX	RX: 17501	
10:33:49.092 PM 6/5/2023	<Active Goto> TX: V20=20000.000	RX: OK	TX: V21=16	RX: OK	TX: GS29	RX: OK	
10:33:51.522 PM 6/5/2023	<Active Finish> TX: V46	RX: 0	TX: EX	RX: 20001	
10:34:12.463 PM 6/5/2023	<Active Goto> TX: V20=22500.000	RX: OK	TX: V21=16	RX: OK	TX: GS29	RX: OK	
10:34:14.862 PM 6/5/2023	<Active Finish> TX: V46	RX: 0	TX: EX	RX: 22501	
10:34:39.577 PM 6/5/2023	<Active Goto> TX: V20=25000.000	RX: OK	TX: V21=16	RX: OK	TX: GS29	RX: OK	
10:34:41.926 PM 6/5/2023	<Active Finish> TX: V46	RX: 0	TX: EX	RX: 25001	
10:35:02.491 PM 6/5/2023	<Active Goto> TX: V20=27500.000	RX: OK	TX: V21=16	RX: OK	TX: GS29	RX: OK	
10:35:04.803 PM 6/5/2023	<Active Finish> TX: V46	RX: 0	TX: EX	RX: 27501	
10:35:37.125 PM 6/5/2023	<Active Goto> TX: V20=30000.000	RX: OK	TX: V21=16	RX: OK	TX: GS29	RX: OK	
10:35:39.460 PM 6/5/2023	<Active Finish> TX: V46	RX: 0	TX: EX	RX: 30001	
10:35:55.565 PM 6/5/2023	<Active Goto> TX: V20=32500.000	RX: OK	TX: V21=16	RX: OK	TX: GS29	RX: OK	
10:35:57.883 PM 6/5/2023	<Active Finish> TX: V46	RX: 0	TX: EX	RX: 32501	
10:36:20.963 PM 6/5/2023	<Active Goto> TX: V20=35000.000	RX: OK	TX: V21=16	RX: OK	TX: GS29	RX: OK	
10:36:23.288 PM 6/5/2023	<Active Finish> TX: V46	RX: 0	TX: EX	RX: 35001	
10:36:45.403 PM 6/5/2023	<Active Goto> TX: V20=37500.000	RX: OK	TX: V21=16	RX: OK	TX: GS29	RX: OK	
10:36:47.813 PM 6/5/2023	<Active Finish> TX: V46	RX: 0	TX: EX	RX: 37501	
10:37:09.911 PM 6/5/2023	<Active Goto> TX: V20=40000.000	RX: OK	TX: V21=16	RX: OK	TX: GS29	RX: OK	
10:37:12.232 PM 6/5/2023	<Active Finish> TX: V46	RX: 0	TX: EX	RX: 40001	
10:37:35.402 PM 6/5/2023	<Active Goto> TX: V20=42500.000	RX: OK	TX: V21=16	RX: OK	TX: GS29	RX: OK	
10:37:37.744 PM 6/5/2023	<Active Finish> TX: V46	RX: 0	TX: EX	RX: 42501	
10:38:00.911 PM 6/5/2023	<Active Goto> TX: V20=45000.000	RX: OK	TX: V21=16	RX: OK	TX: GS29	RX: OK	
10:38:03.260 PM 6/5/2023	<Active Finish> TX: V46	RX: 0	TX: EX	RX: 45001	
10:38:26.812 PM 6/5/2023	<Active Goto> TX: V20=47500.000	RX: OK	TX: V21=16	RX: OK	TX: GS29	RX: OK	
10:38:29.189 PM 6/5/2023	<Active Finish> TX: V46	RX: 0	TX: EX	RX: 47501	
10:38:51.161 PM 6/5/2023	<Active Goto> TX: V20=50000.000	RX: OK	TX: V21=16	RX: OK	TX: GS29	RX: OK	
10:38:53.491 PM 6/5/2023	<Active Finish> TX: V46	RX: 0	TX: EX	RX: 50001	
10:39:16.044 PM 6/5/2023	<Active Goto> TX: V20=52500.000	RX: OK	TX: V21=16	RX: OK	TX: GS29	RX: OK	
10:39:18.401 PM 6/5/2023	<Active Finish> TX: V46	RX: 0	TX: EX	RX: 52501	
10:39:40.262 PM 6/5/2023	<Active Goto> TX: V20=55000.000	RX: OK	TX: V21=16	RX: OK	TX: GS29	RX: OK	
10:39:42.606 PM 6/5/2023	<Active Finish> TX: V46	RX: 0	TX: EX	RX: 55001	
10:40:03.199 PM 6/5/2023	<Active Goto> TX: V20=57500.000	RX: OK	TX: V21=16	RX: OK	TX: GS29	RX: OK	
10:40:05.592 PM 6/5/2023	<Active Finish> TX: V46	RX: 0	TX: EX	RX: 57501	
10:40:30.613 PM 6/5/2023	<Active Goto> TX: V20=0.000	RX: OK	TX: V21=16	RX: OK	TX: GS29	RX: OK	
10:40:32.964 PM 6/5/2023	<Active Finish> TX: V46	RX: 0	TX: EX	RX: 1	
10:41:41.515 PM 6/5/2023	<Active Goto> TX: V20=57500.000	RX: OK	TX: V21=16	RX: OK	TX: GS29	RX: OK	
10:41:47.015 PM 6/5/2023	<Active Finish> TX: V46	RX: 0	TX: EX	RX: 57501	
10:43:21.402 PM 6/5/2023	<Active Goto> TX: V20=1148.000	RX: OK	TX: V21=32	RX: OK	TX: GS29	RX: OK	
10:43:31.679 PM 6/5/2023	<Active Finish> TX: V46	RX: 0	TX: V32	RX: 1148	
10:44:12.473 PM 6/5/2023	<Active Goto> TX: V20=1230.000	RX: OK	TX: V21=32	RX: OK	TX: GS29	RX: OK	
10:44:18.032 PM 6/5/2023	<Active Finish> TX: V46	RX: 0	TX: V32	RX: 1230	
10:44:35.676 PM 6/5/2023	<Active Goto> TX: V20=1312.000	RX: OK	TX: V21=32	RX: OK	TX: GS29	RX: OK	
10:44:41.259 PM 6/5/2023	<Active Finish> TX: V46	RX: 0	TX: V32	RX: 1312	
10:44:59.317 PM 6/5/2023	<Active Goto> TX: V20=1394.000	RX: OK	TX: V21=32	RX: OK	TX: GS29	RX: OK	
10:45:04.920 PM 6/5/2023	<Active Finish> TX: V46	RX: 0	TX: V32	RX: 1394	
10:45:24.201 PM 6/5/2023	<Active Goto> TX: V20=1476.000	RX: OK	TX: V21=32	RX: OK	TX: GS29	RX: OK	
10:45:29.731 PM 6/5/2023	<Active Finish> TX: V46	RX: 0	TX: V32	RX: 1476	
10:45:50.498 PM 6/5/2023	<Active Goto> TX: V20=1558.000	RX: OK	TX: V21=32	RX: OK	TX: GS29	RX: OK	
10:45:56.026 PM 6/5/2023	<Active Finish> TX: V46	RX: 0	TX: V32	RX: 1558	
10:46:15.818 PM 6/5/2023	<Active Goto> TX: V20=1640.000	RX: OK	TX: V21=32	RX: OK	TX: GS29	RX: OK	
10:46:16.590 PM 6/5/2023	<S4DMX> TX: V46	RX: 163	TX: V32	RX: 1558	
10:46:17.381 PM 6/5/2023	<Active Finish> TX: V46	RX: 163	TX: V32	RX: 1558	
10:46:20.055 PM 6/5/2023	<Active Goto> TX: V20=1640.000	RX: OK	TX: V21=32	RX: OK	TX: GS29	RX: OK	
10:46:20.835 PM 6/5/2023	<S4DMX> TX: V46	RX: 163	TX: V32	RX: 1558	
10:46:21.626 PM 6/5/2023	<Active Finish> TX: V46	RX: 163	TX: V32	RX: 1558	
10:46:22.956 PM 6/5/2023	<Active Goto> TX: V20=1640.000	RX: OK	TX: V21=32	RX: OK	TX: GS29	RX: OK	
10:46:23.731 PM 6/5/2023	<S4DMX> TX: V46	RX: 163	TX: V32	RX: 1558	
10:46:24.578 PM 6/5/2023	<Active Finish> TX: V46	RX: 163	TX: V32	RX: 1558	
10:46:26.170 PM 6/5/2023	<Active Goto> TX: V20=1640.000	RX: OK	TX: V21=32	RX: OK	TX: GS29	RX: OK	
10:46:26.946 PM 6/5/2023	<S4DMX> TX: V46	RX: 163	TX: V32	RX: 1558	
10:46:27.732 PM 6/5/2023	<Active Finish> TX: V46	RX: 163	TX: V32	RX: 1558	
10:46:29.091 PM 6/5/2023	<Active Goto> TX: V20=1640.000	RX: OK	TX: V21=32	RX: OK	TX: GS29	RX: OK	
10:46:29.872 PM 6/5/2023	<S4DMX> TX: V46	RX: 163	TX: V32	RX: 1558	
10:46:30.720 PM 6/5/2023	<Active Finish> TX: V46	RX: 163	TX: V32	RX: 1558	
10:46:31.996 PM 6/5/2023	<Active Goto> TX: V20=1640.000	RX: OK	TX: V21=32	RX: OK	TX: GS29	RX: OK	
10:46:32.771 PM 6/5/2023	<S4DMX> TX: V46	RX: 163	TX: V32	RX: 1558	
10:46:33.546 PM 6/5/2023	<Active Finish> TX: V46	RX: 163	TX: V32	RX: 1558	
10:46:35.215 PM 6/5/2023	<Active Goto> TX: V20=1599.000	RX: OK	TX: V21=32	RX: OK	TX: GS29	RX: OK	
10:46:35.991 PM 6/5/2023	<S4DMX> TX: V46	RX: 163	TX: V32	RX: 1558	
10:46:36.776 PM 6/5/2023	<Active Finish> TX: V46	RX: 163	TX: V32	RX: 1558	
10:46:37.879 PM 6/5/2023	<Active Goto> TX: V20=	RX: OK	TX: V21=32	RX: OK	TX: GS29	RX: OK	
10:46:39.218 PM 6/5/2023	<Active Stop> TX: STOP	RX: OK	TX: SR0=0	RX: OK	
10:46:40.027 PM 6/5/2023	<Active Finish> TX: V46	RX: 1	TX: V32	RX: 1532	
10:46:54.055 PM 6/5/2023	<Active Goto> TX: V20=1402.200	RX: OK	TX: V21=32	RX: OK	TX: GS29	RX: OK	
10:47:00.276 PM 6/5/2023	<Active Finish> TX: V46	RX: 0	TX: V32	RX: 1402	
10:47:25.373 PM 6/5/2023	<Active Goto> TX: V20=1435.000	RX: OK	TX: V21=32	RX: OK	TX: GS29	RX: OK	
10:47:29.452 PM 6/5/2023	<Active Finish> TX: V46	RX: 0	TX: V32	RX: 1435	
11:00:53.816 PM 6/5/2023	<Active Goto> TX: V20=800000.000	RX: OK	TX: V21=3	RX: OK	TX: GS29	RX: OK	
11:00:54.157 PM 6/5/2023	<Active Goto> TX: V20=4800.000	RX: OK	TX: V21=2	RX: OK	TX: GS29	RX: OK	
11:01:01.750 PM 6/5/2023	<Active Finish> TX: V46	RX: 0	TX: EX	RX: -4797	
11:01:02.888 PM 6/5/2023	<Active Goto> TX: V20=582.200	RX: OK	TX: V21=32	RX: OK	TX: GS29	RX: OK	
11:01:03.781 PM 6/5/2023	<Active Goto> TX: V20=0.000	RX: OK	TX: V21=1	RX: OK	TX: GS29	RX: OK	
11:01:07.144 PM 6/5/2023	<Active Finish> TX: V46	RX: 0	TX: EX	RX: 0	
11:01:14.412 PM 6/5/2023	<Active Finish> TX: V46	RX: 0	TX: EX	RX: 799998	
11:01:17.394 PM 6/5/2023	<Active Init> TX: V81=0	RX: OK	TX: V82=1875	RX: OK	TX: V83=3750	RX: OK	TX: V84=5625	RX: OK	TX: V85=7500	RX: OK	TX: V86=9375	RX: OK	TX: V87=11250	RX: OK	TX: V88=13125	RX: OK	TX: V89=15000	RX: OK	TX: V90=16875	RX: OK	TX: V91=18750	RX: OK	TX: V92=20625	RX: OK	TX: V93=22500	RX: OK	TX: V94=24375	RX: OK	TX: V95=26250	RX: OK	TX: V96=28125	RX: OK	TX: V20=900	RX: OK	TX: V21=0	RX: OK	TX: GS30	RX: OK	
11:01:26.110 PM 6/5/2023	<Active Finish> TX: V46	RX: 0	TX: EX	RX: 0	
11:01:33.165 PM 6/5/2023	<Active Finish> TX: V46	RX: 0	TX: V32	RX: 582	
11:02:08.270 PM 6/5/2023	<Active Finish> TX: V46	RX: 0	TX: EX	RX: 0	
11:04:21.239 PM 6/5/2023	<Active Finish> TX: V46	RX: 0	TX: EX	RX: 0	
11:06:06.069 PM 6/5/2023	<Active Finish> TX: V46	RX: 0	TX: EX	RX: 0	
11:08:24.402 PM 6/5/2023	<Active Finish> TX: V46	RX: 0	TX: EX	RX: 0	
11:12:35.564 PM 6/5/2023	<Active Finish> TX: V46	RX: 0	TX: EX	RX: 0	
11:15:09.771 PM 6/5/2023	<Active Finish> TX: V46	RX: 0	TX: EX	RX: -1876	
11:17:43.986 PM 6/5/2023	<Active Finish> TX: V46	RX: 0	TX: EX	RX: -3750	
11:20:19.560 PM 6/5/2023	<Active Finish> TX: V46	RX: 0	TX: EX	RX: -5626	
11:22:52.879 PM 6/5/2023	<Active Finish> TX: V46	RX: 0	TX: EX	RX: -7500	
11:25:28.735 PM 6/5/2023	<Active Finish> TX: V46	RX: 0	TX: EX	RX: -9376	
11:28:04.828 PM 6/5/2023	<Active Finish> TX: V46	RX: 0	TX: EX	RX: -11251	
11:30:40.372 PM 6/5/2023	<Active Finish> TX: V46	RX: 0	TX: EX	RX: -13126	
11:35:17.162 PM 6/5/2023	<Active Goto> TX: V20=17500.000	RX: OK	TX: V21=16	RX: OK	TX: GS29	RX: OK	
11:35:20.284 PM 6/5/2023	<Active Finish> TX: V46	RX: 0	TX: EX	RX: 17501	
11:37:44.357 PM 6/5/2023	<Active Goto> TX: V20=246.000	RX: OK	TX: V21=32	RX: OK	TX: GS29	RX: OK	
11:37:57.557 PM 6/5/2023	<Active Finish> TX: V46	RX: 0	TX: V32	RX: 246	
11:38:17.768 PM 6/5/2023	<Active Goto> TX: V20=328.000	RX: OK	TX: V21=32	RX: OK	TX: GS29	RX: OK	
11:38:23.210 PM 6/5/2023	<Active Finish> TX: V46	RX: 0	TX: V32	RX: 328	
11:38:54.493 PM 6/5/2023	<Active Goto> TX: V20=410.000	RX: OK	TX: V21=32	RX: OK	TX: GS29	RX: OK	
11:38:59.984 PM 6/5/2023	<Active Finish> TX: V46	RX: 0	TX: V32	RX: 410	
11:39:25.235 PM 6/5/2023	<Active Goto> TX: V20=492.000	RX: OK	TX: V21=32	RX: OK	TX: GS29	RX: OK	
11:39:30.641 PM 6/5/2023	<Active Finish> TX: V46	RX: 0	TX: V32	RX: 492	
11:39:50.234 PM 6/5/2023	<Active Goto> TX: V20=574.000	RX: OK	TX: V21=32	RX: OK	TX: GS29	RX: OK	
11:39:55.628 PM 6/5/2023	<Active Finish> TX: V46	RX: 0	TX: V32	RX: 574	
11:40:17.657 PM 6/5/2023	<Active Goto> TX: V20=656.000	RX: OK	TX: V21=32	RX: OK	TX: GS29	RX: OK	
11:40:23.089 PM 6/5/2023	<Active Finish> TX: V46	RX: 0	TX: V32	RX: 656	
11:40:37.677 PM 6/5/2023	<Active Goto> TX: V20=738.000	RX: OK	TX: V21=32	RX: OK	TX: GS29	RX: OK	
11:40:43.185 PM 6/5/2023	<Active Finish> TX: V46	RX: 0	TX: V32	RX: 738	
11:40:59.487 PM 6/5/2023	<Active Goto> TX: V20=820.000	RX: OK	TX: V21=32	RX: OK	TX: GS29	RX: OK	
11:41:04.950 PM 6/5/2023	<Active Finish> TX: V46	RX: 0	TX: V32	RX: 820	
11:41:21.120 PM 6/5/2023	<Active Goto> TX: V20=902.000	RX: OK	TX: V21=32	RX: OK	TX: GS29	RX: OK	
11:41:26.536 PM 6/5/2023	<Active Finish> TX: V46	RX: 0	TX: V32	RX: 902	
11:41:52.806 PM 6/5/2023	<Active Goto> TX: V20=582.200	RX: OK	TX: V21=32	RX: OK	TX: GS29	RX: OK	
11:42:05.148 PM 6/5/2023	<Active Finish> TX: V46	RX: 0	TX: V32	RX: 582	
11:46:17.198 PM 6/5/2023	<Active Goto> TX: V20=631.400	RX: OK	TX: V21=32	RX: OK	TX: GS29	RX: OK	
11:46:21.203 PM 6/5/2023	<Active Finish> TX: V46	RX: 0	TX: V32	RX: 631	
11:47:15.309 PM 6/5/2023	<Active Finish> TX: V46	RX: 0	TX: EX	RX: 0	
11:48:20.760 PM 6/5/2023	<Active Finish> TX: V46	RX: 0	TX: EX	RX: -1875	
11:51:47.371 PM 6/5/2023	<Active Goto> TX: V20=400000.000	RX: OK	TX: V21=2	RX: OK	TX: GS29	RX: OK	
11:51:47.703 PM 6/5/2023	<Active Goto> TX: V20=0.000	RX: OK	TX: V21=1	RX: OK	TX: GS29	RX: OK	
11:51:55.078 PM 6/5/2023	<Active Finish> TX: V46	RX: 0	TX: EX	RX: -1	
11:51:56.898 PM 6/5/2023	<Active Goto> TX: V20=0.000	RX: OK	TX: V21=1	RX: OK	TX: GS29	RX: OK	
11:51:59.355 PM 6/5/2023	<Active Finish> TX: V46	RX: 0	TX: EX	RX: 0	
11:52:05.189 PM 6/5/2023	<Active Goto> TX: V20=1435.000	RX: OK	TX: V21=32	RX: OK	TX: GS29	RX: OK	
11:52:08.257 PM 6/5/2023	<Active Finish> TX: V46	RX: 0	TX: EX	RX: 400000	
11:52:34.653 PM 6/5/2023	<Active Finish> TX: V46	RX: 0	TX: V32	RX: 1435	
