13:31:55,524 2023/07/28	S4ICS
S4ICS
S4ICS CALW INIT NONE	
13:31:55,528 2023/07/28	WPROT SIMULATED NONE 0.000 NONE -1, WPSEL SIMULATED NONE 0.000 NONE -1, CALW SIMULATED BUSY 0.000 NONE -1, ASEL SIMULATED NONE 0.000 NONE -1, GMIR SIMULATED NONE 0.000 NONE -1, GFOC SIMULATED NONE 0.000 NONE -1
	
13:32:57,810 2023/07/28	S4ICS
S4ICS
S4ICS CALW INIT NONE
S4ICS
S4ICS ASEL INIT NONE	
13:32:57,812 2023/07/28	WPROT SIMULATED NONE 0.000 NONE -1, WPSEL SIMULATED NONE 0.000 NONE -1, CALW SIMULATED READY 0.000 OFF 1, ASEL SIMULATED BUSY 0.000 NONE -1, GMIR SIMULATED NONE 0.000 NONE -1, GFOC SIMULATED NONE 0.000 NONE -1
	
13:36:48,086 2023/07/28	S4ICS
S4ICS
S4ICS CALW INIT NONE
S4ICS
S4ICS ASEL GOTO ON	
13:36:48,087 2023/07/28	WPROT SIMULATED NONE 0.000 NONE -1, WPSEL SIMULATED NONE 0.000 NONE -1, CALW SIMULATED READY 0.000 OFF 1, ASEL SIMULATED BUSY 0.000 OFF 1, GMIR SIMULATED NONE 0.000 NONE -1, GFOC SIMULATED NONE 0.000 NONE -1
	
13:38:25,501 2023/07/28	S4ICS
S4ICS
S4ICS CALW INIT NONE
S4ICS
S4ICS GMIR INIT NONE	
13:38:25,506 2023/07/28	WPROT SIMULATED NONE 0.000 NONE -1, WPSEL SIMULATED NONE 0.000 NONE -1, CALW SIMULATED READY 0.000 OFF 1, ASEL SIMULATED READY 28.800 ON 2, GMIR SIMULATED BUSY 0.000 NONE -1, GFOC SIMULATED NONE 0.000 NONE -1
	
13:39:12,983 2023/07/28	S4ICS
S4ICS
S4ICS CALW INIT NONE
S4ICS
S4ICS
S4ICS GMIR GOTO 240	
13:39:12,986 2023/07/28	WPROT SIMULATED NONE 0.000 NONE -1, WPSEL SIMULATED NONE 0.000 NONE -1, CALW SIMULATED READY 0.000 OFF 1, ASEL SIMULATED READY 28.800 ON 2, GMIR SIMULATED BUSY 0.000 TARGET 1, GFOC SIMULATED NONE 0.000 NONE -1
	
13:42:33,942 2023/07/28	S4ICS
S4ICS
S4ICS CALW INIT NONE
S4ICS
S4ICS
S4ICS GMIR GOTO 240
S4ICS GMIR GOTO 100
S4ICS
S4ICS GMIR GOTO 80
S4ICS GMIR INIT NONE
S4ICS GFOC INIT NONE	
13:42:33,944 2023/07/28	WPROT SIMULATED NONE 0.000 NONE -1, WPSEL SIMULATED NONE 0.000 NONE -1, CALW SIMULATED READY 0.000 OFF 1, ASEL SIMULATED READY 28.800 ON 2, GMIR SIMULATED READY 240.000 TARGET 1, GFOC SIMULATED BUSY 0.000 NONE -1
	
13:43:43,110 2023/07/28	S4ICS
S4ICS
S4ICS CALW INIT NONE
S4ICS
S4ICS
S4ICS GMIR GOTO 240
S4ICS GMIR GOTO 100
S4ICS
S4ICS GMIR GOTO 80
S4ICS GMIR INIT NONE
S4ICS GFOC INIT NONE
S4ICS
S4ICS GFOC GOTO 5
S4ICS ASEL GOTO OFF	
13:43:43,112 2023/07/28	WPROT SIMULATED NONE 0.000 NONE -1, WPSEL SIMULATED NONE 0.000 NONE -1, CALW SIMULATED READY 0.000 OFF 1, ASEL SIMULATED BUSY 28.800 ON 2, GMIR SIMULATED READY 240.000 TARGET 1, GFOC SIMULATED READY 0.000 TARGET 1
	
13:44:07,942 2023/07/28	S4ICS
S4ICS
S4ICS CALW INIT NONE
S4ICS
S4ICS
S4ICS GMIR GOTO 240
S4ICS GMIR GOTO 100
S4ICS
S4ICS GMIR GOTO 80
S4ICS GMIR INIT NONE
S4ICS GFOC INIT NONE
S4ICS
S4ICS GFOC GOTO 5
S4ICS ASEL GOTO ON	
13:44:07,947 2023/07/28	WPROT SIMULATED NONE 0.000 NONE -1, WPSEL SIMULATED NONE 0.000 NONE -1, CALW SIMULATED READY 0.000 OFF 1, ASEL SIMULATED BUSY 0.000 OFF 1, GMIR SIMULATED READY 240.000 TARGET 1, GFOC SIMULATED READY 0.000 TARGET 1
	
13:46:07,623 2023/07/28	S4ICS
S4ICS
S4ICS CALW INIT NONE
S4ICS
S4ICS
S4ICS GMIR GOTO 240
S4ICS GMIR GOTO 100
S4ICS
S4ICS GMIR GOTO 80
S4ICS GMIR INIT NONE
S4ICS GFOC INIT NONE
S4ICS
S4ICS GFOC GOTO 5
S4ICS GMIR GOTO PINHOLE
S4ICS WPSEL INIT NONE	
13:46:07,625 2023/07/28	WPROT SIMULATED NONE 0.000 NONE -1, WPSEL SIMULATED BUSY 0.000 NONE -1, CALW SIMULATED READY 0.000 OFF 1, ASEL SIMULATED READY 28.800 ON 2, GMIR SIMULATED READY 240.000 TARGET 1, GFOC SIMULATED READY 0.000 TARGET 1
	
13:46:43,083 2023/07/28	S4ICS
S4ICS
S4ICS CALW INIT NONE
S4ICS
S4ICS
S4ICS GMIR GOTO 240
S4ICS GMIR GOTO 100
S4ICS
S4ICS GMIR GOTO 80
S4ICS GMIR INIT NONE
S4ICS GFOC INIT NONE
S4ICS
S4ICS GFOC GOTO 5
S4ICS GMIR GOTO PINHOLE
S4ICS WPROT GOTO WP6	
13:46:43,090 2023/07/28	WPROT SIMULATED BUSY 0.000 WP1 1, WPSEL SIMULATED READY 0.000 L/4 1, CALW SIMULATED READY 0.000 OFF 1, ASEL SIMULATED READY 28.800 ON 2, GMIR SIMULATED READY 240.000 TARGET 1, GFOC SIMULATED READY 0.000 TARGET 1
	
13:47:10,730 2023/07/28	S4ICS
S4ICS
S4ICS CALW INIT NONE
S4ICS
S4ICS
S4ICS GMIR GOTO 240
S4ICS GMIR GOTO 100
S4ICS
S4ICS GMIR GOTO 80
S4ICS GMIR INIT NONE
S4ICS GFOC INIT NONE
S4ICS
S4ICS GFOC GOTO 5
S4ICS GMIR GOTO PINHOLE
S4ICS WPSEL GOTO L/2	
13:47:10,732 2023/07/28	WPROT SIMULATED READY 112.500 WP6 6, WPSEL SIMULATED BUSY 0.000 L/4 1, CALW SIMULATED READY 0.000 OFF 1, ASEL SIMULATED READY 28.800 ON 2, GMIR SIMULATED READY 240.000 TARGET 1, GFOC SIMULATED READY 0.000 TARGET 1
	
13:47:49,813 2023/07/28	S4ICS
S4ICS
S4ICS CALW INIT NONE
S4ICS
S4ICS
S4ICS GMIR GOTO 240
S4ICS GMIR GOTO 100
S4ICS
S4ICS GMIR GOTO 80
S4ICS GMIR INIT NONE
S4ICS GFOC INIT NONE
S4ICS
S4ICS GFOC GOTO 5
S4ICS GMIR GOTO PINHOLE
S4ICS WPROT GOTO WP12	
13:47:49,819 2023/07/28	WPROT SIMULATED BUSY 0.000 WP1 1, WPSEL SIMULATED READY 160.000 L/2 3, CALW SIMULATED READY 0.000 OFF 1, ASEL SIMULATED READY 28.800 ON 2, GMIR SIMULATED READY 240.000 TARGET 1, GFOC SIMULATED READY 0.000 TARGET 1
	
13:48:30,006 2023/07/28	GFOC GOTO 5	
13:48:30,008 2023/07/28	WPROT SIMULATED READY 247.500 WP12 12, WPSEL SIMULATED READY 160.000 L/2 3, CALW SIMULATED READY 0.000 OFF 1, ASEL SIMULATED READY 28.800 ON 2, GMIR SIMULATED READY 240.000 TARGET 1, GFOC SIMULATED BUSY 0.000 TARGET 1
	
13:48:55,218 2023/07/28	GFOC GOTO 15	
13:48:55,219 2023/07/28	WPROT SIMULATED READY 247.500 WP12 12, WPSEL SIMULATED READY 160.000 L/2 3, CALW SIMULATED READY 0.000 OFF 1, ASEL SIMULATED READY 28.800 ON 2, GMIR SIMULATED READY 240.000 TARGET 1, GFOC SIMULATED BUSY 5.000 TARGET 1
	
13:49:26,499 2023/07/28	GMIR GOTO 100	
13:49:26,506 2023/07/28	WPROT SIMULATED READY 247.500 WP12 12, WPSEL SIMULATED READY 160.000 L/2 3, CALW SIMULATED READY 0.000 OFF 1, ASEL SIMULATED READY 28.800 ON 2, GMIR SIMULATED BUSY 240.000 TARGET 1, GFOC SIMULATED READY 15.000 TARGET 1
	
13:50:30,254 2023/07/28	CALW GOTO POLARIZER	
13:50:30,256 2023/07/28	WPROT SIMULATED READY 247.500 WP12 12, WPSEL SIMULATED READY 160.000 L/2 3, CALW SIMULATED BUSY 0.000 OFF 1, ASEL SIMULATED READY 28.800 ON 2, GMIR SIMULATED READY 100.000 TARGET 1, GFOC SIMULATED READY 15.000 TARGET 1
	
13:50:41,034 2023/07/28	CALW GOTO DEPOLARIZER	
13:50:41,036 2023/07/28	WPROT SIMULATED READY 247.500 WP12 12, WPSEL SIMULATED READY 160.000 L/2 3, CALW SIMULATED BUSY 72.000 POLARIZER 2, ASEL SIMULATED READY 28.800 ON 2, GMIR SIMULATED READY 100.000 TARGET 1, GFOC SIMULATED READY 15.000 TARGET 1
	
13:52:18,754 2023/07/28	CALW GOTO PINHOLE	
13:52:18,756 2023/07/28	WPROT SIMULATED READY 247.500 WP12 12, WPSEL SIMULATED READY 160.000 L/2 3, CALW SIMULATED BUSY 288.000 DEPOLARIZER 5, ASEL SIMULATED READY 28.800 ON 2, GMIR SIMULATED READY 100.000 TARGET 1, GFOC SIMULATED READY 15.000 TARGET 1
	
13:53:38,507 2023/07/28	GMIR INIT NONE	
13:53:38,508 2023/07/28	WPROT SIMULATED READY 247.500 WP12 12, WPSEL SIMULATED READY 160.000 L/2 3, CALW SIMULATED READY 144.000 PINHOLE 3, ASEL SIMULATED READY 28.800 ON 2, GMIR SIMULATED BUSY 100.000 TARGET 1, GFOC SIMULATED READY 15.000 TARGET 1
	
13:54:12,947 2023/07/28	GMIR GOTO 160	
13:54:12,949 2023/07/28	WPROT SIMULATED READY 247.500 WP12 12, WPSEL SIMULATED READY 160.000 L/2 3, CALW SIMULATED READY 144.000 PINHOLE 3, ASEL SIMULATED READY 28.800 ON 2, GMIR SIMULATED BUSY 0.000 TARGET 1, GFOC SIMULATED READY 15.000 TARGET 1
	
13:54:38,441 2023/07/28	GMIR GOTO 320	
13:54:38,442 2023/07/28	WPROT SIMULATED READY 247.500 WP12 12, WPSEL SIMULATED READY 160.000 L/2 3, CALW SIMULATED READY 144.000 PINHOLE 3, ASEL SIMULATED READY 28.800 ON 2, GMIR SIMULATED BUSY 160.000 TARGET 1, GFOC SIMULATED READY 15.000 TARGET 1
	
13:55:07,858 2023/07/28	GMIR GOTO 360	
13:55:07,860 2023/07/28	WPROT SIMULATED READY 247.500 WP12 12, WPSEL SIMULATED READY 160.000 L/2 3, CALW SIMULATED READY 144.000 PINHOLE 3, ASEL SIMULATED READY 28.800 ON 2, GMIR SIMULATED BUSY 320.000 TARGET 1, GFOC SIMULATED READY 15.000 TARGET 1
	
13:55:40,080 2023/07/28	GMIR GOTO 365	
13:55:40,081 2023/07/28	WPROT SIMULATED READY 247.500 WP12 12, WPSEL SIMULATED READY 160.000 L/2 3, CALW SIMULATED READY 144.000 PINHOLE 3, ASEL SIMULATED READY 28.800 ON 2, GMIR SIMULATED BUSY 360.000 TARGET 1, GFOC SIMULATED READY 15.000 TARGET 1
	
13:56:22,179 2023/07/28	GMIR GOTO 290	
13:56:22,180 2023/07/28	WPROT SIMULATED READY 247.500 WP12 12, WPSEL SIMULATED READY 160.000 L/2 3, CALW SIMULATED READY 144.000 PINHOLE 3, ASEL SIMULATED READY 28.800 ON 2, GMIR SIMULATED BUSY 365.000 TARGET 1, GFOC SIMULATED READY 15.000 TARGET 1
	
13:56:50,054 2023/07/28	GFOC INIT NONE	
13:56:50,055 2023/07/28	WPROT SIMULATED READY 247.500 WP12 12, WPSEL SIMULATED READY 160.000 L/2 3, CALW SIMULATED READY 144.000 PINHOLE 3, ASEL SIMULATED READY 28.800 ON 2, GMIR SIMULATED READY 290.000 TARGET 1, GFOC SIMULATED BUSY 15.000 TARGET 1
	
13:57:18,370 2023/07/28	ASEL INIT NONE	
13:57:18,372 2023/07/28	WPROT SIMULATED READY 247.500 WP12 12, WPSEL SIMULATED READY 160.000 L/2 3, CALW SIMULATED READY 144.000 PINHOLE 3, ASEL SIMULATED BUSY 28.800 ON 2, GMIR SIMULATED READY 290.000 TARGET 1, GFOC SIMULATED READY 0.000 TARGET 1
	
