9:49:30.200 AM 5/25/2023	CMD: WPROT ACTIVE NONE 0.000 NONE -1, WPSEL ACTIVE BUSY 0.000 NONE -1, CALW ACTIVE BUSY 0.000 NONE -1, ASEL ACTIVE NONE 0.000 NONE -1, GMIR SIMULATED BUSY 0.000 NONE -1, GFOC SIMULATED NONE 0.000 NONE -1

STATUS: WPSEL INIT NONE, GMIR INIT NONE, CALW INIT NONE

9:49:30.872 AM 5/25/2023	<Active Init> TX: V20=0	RX: OK	TX: V21=0	RX: OK	TX: GS30	RX: OK	
9:49:31.384 AM 5/25/2023	<Active Init> TX: V20=-5000	RX: OK	TX: V21=0	RX: OK	TX: GS30	RX: OK	
9:49:40.568 AM 5/25/2023	<Active Finish> TX: V46	RX: 0	TX: EX	RX: 1	
9:49:54.392 AM 5/25/2023	<Active Finish> TX: V46	RX: 0	TX: EX	RX: 0	
9:49:56.446 AM 5/25/2023	<Active Init> TX: V81=0	RX: OK	TX: V82=1875	RX: OK	TX: V83=3750	RX: OK	TX: V84=5625	RX: OK	TX: V85=7500	RX: OK	TX: V86=9375	RX: OK	TX: V87=11250	RX: OK	TX: V88=13125	RX: OK	TX: V89=15000	RX: OK	TX: V90=16875	RX: OK	TX: V91=18750	RX: OK	TX: V92=20625	RX: OK	TX: V93=22500	RX: OK	TX: V94=24375	RX: OK	TX: V95=26250	RX: OK	TX: V96=28125	RX: OK	TX: V20=900	RX: OK	TX: V21=0	RX: OK	TX: GS30	RX: OK	
9:50:05.078 AM 5/25/2023	<Active Finish> TX: V46	RX: 0	TX: EX	RX: 0	
9:50:06.732 AM 5/25/2023	CMD: WPROT ACTIVE READY 0.000 WP1 1, WPSEL ACTIVE READY 0.000 L/4 1, CALW ACTIVE READY -0.006 OFF 1, ASEL ACTIVE BUSY 0.000 NONE -1, GMIR SIMULATED READY 0.000 TARGET 1, GFOC SIMULATED BUSY 0.000 NONE -1

STATUS: GFOC INIT NONE, ASEL INIT NONE

9:50:07.509 AM 5/25/2023	<Active Init> TX: V20=-200	RX: OK	TX: V21=0	RX: OK	TX: GS30	RX: OK	
9:50:17.510 AM 5/25/2023	<Active Finish> TX: V46	RX: 0	TX: EX	RX: 0	
9:50:19.065 AM 5/25/2023	CMD: WPROT ACTIVE READY 0.000 WP1 1, WPSEL ACTIVE BUSY 0.000 L/4 1, CALW ACTIVE BUSY -0.006 OFF 1, ASEL ACTIVE BUSY 0.000 OFF 1, GMIR SIMULATED READY 0.000 TARGET 1, GFOC SIMULATED READY 0.000 TARGET 1

STATUS: WPSEL GOTO OFF, CALW GOTO OFF, ASEL GOTO OFF

9:50:19.729 AM 5/25/2023	<Active Goto> TX: V20=400000.000	RX: OK	TX: V21=2	RX: OK	TX: GS29	RX: OK	
9:50:20.066 AM 5/25/2023	<Active Goto> TX: V20=0.000	RX: OK	TX: V21=1	RX: OK	TX: GS29	RX: OK	
9:50:22.579 AM 5/25/2023	<Active Finish> TX: V46	RX: 0	TX: EX	RX: 0	
9:50:24.350 AM 5/25/2023	<Active Goto> TX: V20=0.000	RX: OK	TX: V21=1	RX: OK	TX: GS29	RX: OK	
9:50:26.790 AM 5/25/2023	<Active Finish> TX: V46	RX: 0	TX: EX	RX: 1	
9:50:39.953 AM 5/25/2023	<Active Finish> TX: V46	RX: 0	TX: EX	RX: 399999	
9:58:07.329 AM 5/25/2023	<Active Goto> TX: V20=24000.000	RX: OK	TX: V21=3	RX: OK	TX: GS29	RX: OK	
9:58:11.986 AM 5/25/2023	<Active Finish> TX: V46	RX: 0	TX: EX	RX: -23999	
