02:31:46.338 2023/07/08	GFOC GOTO 17.200000	
02:31:46.343 2023/07/08	WPROT ACTIVE NONE 157.500 NONE -1, WPSEL ACTIVE READY 80.000 OFF 2, CALW ACTIVE READY -0.006 OFF 1, ASEL ACTIVE READY 0.006 OFF 1, GMIR ACTIVE READY 309.996 TARGET 1, GFOC ACTIVE BUSY 17.000 TARGET 1
	
02:31:47.379 2023/07/08	GFOC	TX: V20=1410.400	RX: OK
02:31:47.382 2023/07/08	GFOC	TX: V21=32	RX: OK
02:31:47.384 2023/07/08	GFOC	TX: GS29	RX: OK
02:31:47.883 2023/07/08	GFOC	TX: V46	RX: 1
02:31:47.887 2023/07/08	GFOC	TX: V32	RX: 1398
02:31:47.888 2023/07/08	GFOC=17.049	
02:31:48.424 2023/07/08	GFOC	TX: V46	RX: 1
02:31:48.429 2023/07/08	GFOC	TX: V32	RX: 1414
02:31:48.430 2023/07/08	GFOC=17.244	
02:31:48.938 2023/07/08	GFOC	TX: V46	RX: 1
02:31:48.942 2023/07/08	GFOC	TX: V32	RX: 1414
02:31:48.943 2023/07/08	GFOC=17.244	
02:31:49.458 2023/07/08	GFOC	TX: V46	RX: 0
02:31:49.462 2023/07/08	GFOC	TX: V32	RX: 1410
02:31:49.463 2023/07/08	GFOC=17.195	
02:31:49.969 2023/07/08	GFOC	TX: V46	RX: 0
02:31:49.974 2023/07/08	GFOC	TX: V32	RX: 1410
02:32:02.027 2023/07/08	GFOC GOTO 17.400000	
02:32:02.032 2023/07/08	WPROT ACTIVE NONE 157.500 NONE -1, WPSEL ACTIVE READY 80.000 OFF 2, CALW ACTIVE READY -0.006 OFF 1, ASEL ACTIVE READY 0.006 OFF 1, GMIR ACTIVE READY 309.996 TARGET 1, GFOC ACTIVE BUSY 17.195 TARGET 1
	
02:32:02.560 2023/07/08	GFOC	TX: V20=1426.800	RX: OK
02:32:02.564 2023/07/08	GFOC	TX: V21=32	RX: OK
02:32:02.566 2023/07/08	GFOC	TX: GS29	RX: OK
02:32:02.959 2023/07/08	GFOC	TX: V46	RX: 1
02:32:02.964 2023/07/08	GFOC	TX: V32	RX: 1411
02:32:02.965 2023/07/08	GFOC=17.207	
02:32:03.483 2023/07/08	GFOC	TX: V46	RX: 1
02:32:03.488 2023/07/08	GFOC	TX: V32	RX: 1427
02:32:03.489 2023/07/08	GFOC=17.402	
02:32:03.999 2023/07/08	GFOC	TX: V46	RX: 1
02:32:04.004 2023/07/08	GFOC	TX: V32	RX: 1434
02:32:04.005 2023/07/08	GFOC=17.488	
02:32:04.522 2023/07/08	GFOC	TX: V46	RX: 0
02:32:04.526 2023/07/08	GFOC	TX: V32	RX: 1426
02:32:04.528 2023/07/08	GFOC=17.390	
02:32:05.050 2023/07/08	GFOC	TX: V46	RX: 0
02:32:05.053 2023/07/08	GFOC	TX: V32	RX: 1426
02:32:23.643 2023/07/08	GFOC GOTO 17.800000	
02:32:23.646 2023/07/08	WPROT ACTIVE NONE 157.500 NONE -1, WPSEL ACTIVE READY 80.000 OFF 2, CALW ACTIVE READY -0.006 OFF 1, ASEL ACTIVE READY 0.006 OFF 1, GMIR ACTIVE READY 309.996 TARGET 1, GFOC ACTIVE BUSY 17.390 TARGET 1
	
02:32:24.405 2023/07/08	GFOC	TX: V20=1459.600	RX: OK
02:32:24.408 2023/07/08	GFOC	TX: V21=32	RX: OK
02:32:24.411 2023/07/08	GFOC	TX: GS29	RX: OK
02:32:25.375 2023/07/08	GFOC	TX: V46	RX: 1
02:32:25.379 2023/07/08	GFOC	TX: V32	RX: 1444
02:32:25.379 2023/07/08	GFOC=17.610	
02:32:25.834 2023/07/08	GFOC	TX: V46	RX: 1
02:32:25.837 2023/07/08	GFOC	TX: V32	RX: 1458
02:32:25.837 2023/07/08	GFOC=17.780	
02:32:26.235 2023/07/08	GFOC	TX: V46	RX: 1
02:32:26.239 2023/07/08	GFOC	TX: V32	RX: 1469
02:32:26.240 2023/07/08	GFOC=17.915	
02:32:26.609 2023/07/08	GFOC	TX: V46	RX: 1
02:32:26.613 2023/07/08	GFOC	TX: V32	RX: 1461
02:32:26.615 2023/07/08	GFOC=17.817	
02:32:27.024 2023/07/08	GFOC	TX: V46	RX: 0
02:32:27.029 2023/07/08	GFOC	TX: V32	RX: 1459
02:32:27.030 2023/07/08	GFOC=17.793	
02:32:27.548 2023/07/08	GFOC	TX: V46	RX: 0
02:32:27.557 2023/07/08	GFOC	TX: V32	RX: 1459
02:32:43.485 2023/07/08	GFOC GOTO 16.500000	
02:32:43.487 2023/07/08	WPROT ACTIVE NONE 157.500 NONE -1, WPSEL ACTIVE READY 80.000 OFF 2, CALW ACTIVE READY -0.006 OFF 1, ASEL ACTIVE READY 0.006 OFF 1, GMIR ACTIVE READY 309.996 TARGET 1, GFOC ACTIVE BUSY 17.793 TARGET 1
	
02:32:44.123 2023/07/08	GFOC	TX: V20=1353.000	RX: OK
02:32:44.128 2023/07/08	GFOC	TX: V21=32	RX: OK
02:32:44.130 2023/07/08	GFOC	TX: GS29	RX: OK
02:32:44.495 2023/07/08	GFOC	TX: V46	RX: 1
02:32:44.499 2023/07/08	GFOC	TX: V32	RX: 1459
02:32:44.500 2023/07/08	GFOC=17.793	
02:32:44.908 2023/07/08	GFOC	TX: V46	RX: 1
02:32:44.913 2023/07/08	GFOC	TX: V32	RX: 1449
02:32:44.914 2023/07/08	GFOC=17.671	
02:32:45.283 2023/07/08	GFOC	TX: V46	RX: 1
02:32:45.287 2023/07/08	GFOC	TX: V32	RX: 1438
02:32:45.288 2023/07/08	GFOC=17.537	
02:32:45.704 2023/07/08	GFOC	TX: V46	RX: 1
02:32:45.708 2023/07/08	GFOC	TX: V32	RX: 1426
02:32:45.709 2023/07/08	GFOC=17.390	
02:32:46.268 2023/07/08	GFOC	TX: V46	RX: 1
02:32:46.273 2023/07/08	GFOC	TX: V32	RX: 1409
02:32:46.274 2023/07/08	GFOC=17.183	
02:32:46.860 2023/07/08	GFOC	TX: V46	RX: 1
02:32:46.864 2023/07/08	GFOC	TX: V32	RX: 1391
02:32:46.865 2023/07/08	GFOC=16.963	
02:32:47.389 2023/07/08	GFOC	TX: V46	RX: 1
02:32:47.396 2023/07/08	GFOC	TX: V32	RX: 1376
02:32:47.397 2023/07/08	GFOC=16.780	
02:32:47.913 2023/07/08	GFOC	TX: V46	RX: 1
02:32:47.917 2023/07/08	GFOC	TX: V32	RX: 1360
02:32:47.918 2023/07/08	GFOC=16.585	
02:32:48.579 2023/07/08	GFOC	TX: V46	RX: 0
02:32:48.581 2023/07/08	GFOC	TX: V32	RX: 1353
02:32:48.582 2023/07/08	GFOC=16.500	
02:32:48.950 2023/07/08	GFOC	TX: V46	RX: 0
02:32:48.956 2023/07/08	GFOC	TX: V32	RX: 1353
02:33:10.075 2023/07/08	GFOC GOTO 16.200000	
02:33:10.078 2023/07/08	WPROT ACTIVE NONE 157.500 NONE -1, WPSEL ACTIVE READY 80.000 OFF 2, CALW ACTIVE READY -0.006 OFF 1, ASEL ACTIVE READY 0.006 OFF 1, GMIR ACTIVE READY 309.996 TARGET 1, GFOC ACTIVE BUSY 16.500 TARGET 1
	
02:33:10.608 2023/07/08	GFOC	TX: V20=1328.400	RX: OK
02:33:10.612 2023/07/08	GFOC	TX: V21=32	RX: OK
02:33:10.615 2023/07/08	GFOC	TX: GS29	RX: OK
02:33:11.137 2023/07/08	GFOC	TX: V46	RX: 1
02:33:11.141 2023/07/08	GFOC	TX: V32	RX: 1351
02:33:11.142 2023/07/08	GFOC=16.476	
02:33:11.567 2023/07/08	GFOC	TX: V46	RX: 1
02:33:11.570 2023/07/08	GFOC	TX: V32	RX: 1338
02:33:11.571 2023/07/08	GFOC=16.317	
02:33:11.958 2023/07/08	GFOC	TX: V46	RX: 0
02:33:11.960 2023/07/08	GFOC	TX: V32	RX: 1328
02:33:11.961 2023/07/08	GFOC=16.195	
02:33:12.353 2023/07/08	GFOC	TX: V46	RX: 0
02:33:12.358 2023/07/08	GFOC	TX: V32	RX: 1328
02:33:29.908 2023/07/08	GFOC GOTO 16.000000	
02:33:29.911 2023/07/08	WPROT ACTIVE NONE 157.500 NONE -1, WPSEL ACTIVE READY 80.000 OFF 2, CALW ACTIVE READY -0.006 OFF 1, ASEL ACTIVE READY 0.006 OFF 1, GMIR ACTIVE READY 309.996 TARGET 1, GFOC ACTIVE BUSY 16.195 TARGET 1
	
02:33:30.768 2023/07/08	GFOC	TX: V20=1312.000	RX: OK
02:33:30.776 2023/07/08	GFOC	TX: V21=32	RX: OK
02:33:30.778 2023/07/08	GFOC	TX: GS29	RX: OK
02:33:31.313 2023/07/08	GFOC	TX: V46	RX: 1
02:33:31.316 2023/07/08	GFOC	TX: V32	RX: 1326
02:33:31.317 2023/07/08	GFOC=16.171	
02:33:31.943 2023/07/08	GFOC	TX: V46	RX: 0
02:33:31.948 2023/07/08	GFOC	TX: V32	RX: 1312
02:33:31.949 2023/07/08	GFOC=16.000	
02:33:32.374 2023/07/08	GFOC	TX: V46	RX: 0
02:33:32.379 2023/07/08	GFOC	TX: V32	RX: 1312
02:33:52.760 2023/07/08	GFOC GOTO 15.500000	
02:33:52.763 2023/07/08	WPROT ACTIVE NONE 157.500 NONE -1, WPSEL ACTIVE READY 80.000 OFF 2, CALW ACTIVE READY -0.006 OFF 1, ASEL ACTIVE READY 0.006 OFF 1, GMIR ACTIVE READY 309.996 TARGET 1, GFOC ACTIVE BUSY 16.000 TARGET 1
	
02:33:53.761 2023/07/08	GFOC	TX: V20=1271.000	RX: OK
02:33:53.765 2023/07/08	GFOC	TX: V21=32	RX: OK
02:33:53.768 2023/07/08	GFOC	TX: GS29	RX: OK
02:33:54.173 2023/07/08	GFOC	TX: V46	RX: 1
02:33:54.176 2023/07/08	GFOC	TX: V32	RX: 1312
02:33:54.178 2023/07/08	GFOC=16.000	
02:33:54.700 2023/07/08	GFOC	TX: V46	RX: 1
02:33:54.704 2023/07/08	GFOC	TX: V32	RX: 1298
02:33:54.706 2023/07/08	GFOC=15.829	
02:33:55.228 2023/07/08	GFOC	TX: V46	RX: 1
02:33:55.233 2023/07/08	GFOC	TX: V32	RX: 1282
02:33:55.234 2023/07/08	GFOC=15.634	
02:33:55.754 2023/07/08	GFOC	TX: V46	RX: 0
02:33:55.758 2023/07/08	GFOC	TX: V32	RX: 1271
02:33:55.759 2023/07/08	GFOC=15.500	
02:33:56.168 2023/07/08	GFOC	TX: V46	RX: 0
02:33:56.173 2023/07/08	GFOC	TX: V32	RX: 1271
02:34:16.828 2023/07/08	GFOC GOTO 15.700000	
02:34:16.831 2023/07/08	WPROT ACTIVE NONE 157.500 NONE -1, WPSEL ACTIVE READY 80.000 OFF 2, CALW ACTIVE READY -0.006 OFF 1, ASEL ACTIVE READY 0.006 OFF 1, GMIR ACTIVE READY 309.996 TARGET 1, GFOC ACTIVE BUSY 15.500 TARGET 1
	
02:34:17.523 2023/07/08	GFOC	TX: V20=1287.400	RX: OK
02:34:17.529 2023/07/08	GFOC	TX: V21=32	RX: OK
02:34:17.532 2023/07/08	GFOC	TX: GS29	RX: OK
02:34:17.939 2023/07/08	GFOC	TX: V46	RX: 1
02:34:17.944 2023/07/08	GFOC	TX: V32	RX: 1272
02:34:17.944 2023/07/08	GFOC=15.512	
02:34:18.309 2023/07/08	GFOC	TX: V46	RX: 1
02:34:18.313 2023/07/08	GFOC	TX: V32	RX: 1283
02:34:18.314 2023/07/08	GFOC=15.646	
02:34:18.734 2023/07/08	GFOC	TX: V46	RX: 1
02:34:18.737 2023/07/08	GFOC	TX: V32	RX: 1296
02:34:18.738 2023/07/08	GFOC=15.805	
02:34:19.264 2023/07/08	GFOC	TX: V46	RX: 0
02:34:19.267 2023/07/08	GFOC	TX: V32	RX: 1287
02:34:19.268 2023/07/08	GFOC=15.695	
02:34:19.765 2023/07/08	GFOC	TX: V46	RX: 0
02:34:19.770 2023/07/08	GFOC	TX: V32	RX: 1287
02:34:36.264 2023/07/08	GFOC GOTO 15.800000	
02:34:36.267 2023/07/08	WPROT ACTIVE NONE 157.500 NONE -1, WPSEL ACTIVE READY 80.000 OFF 2, CALW ACTIVE READY -0.006 OFF 1, ASEL ACTIVE READY 0.006 OFF 1, GMIR ACTIVE READY 309.996 TARGET 1, GFOC ACTIVE BUSY 15.695 TARGET 1
	
02:34:36.884 2023/07/08	GFOC	TX: V20=1295.600	RX: OK
02:34:36.889 2023/07/08	GFOC	TX: V21=32	RX: OK
02:34:36.891 2023/07/08	GFOC	TX: GS29	RX: OK
02:34:37.410 2023/07/08	GFOC	TX: V46	RX: 1
02:34:37.424 2023/07/08	GFOC	TX: V32	RX: 1292
02:34:37.428 2023/07/08	GFOC=15.756	
02:34:37.944 2023/07/08	GFOC	TX: V46	RX: 1
02:34:38.257 2023/07/08	GFOC	TX: V32	RX: 1297
02:34:38.258 2023/07/08	GFOC=15.817	
02:34:38.723 2023/07/08	GFOC	TX: V46	RX: 0
02:34:38.727 2023/07/08	GFOC	TX: V32	RX: 1295
02:34:38.728 2023/07/08	GFOC=15.793	
02:34:39.098 2023/07/08	GFOC	TX: V46	RX: 0
02:34:39.102 2023/07/08	GFOC	TX: V32	RX: 1295
02:35:18.539 2023/07/08	GFOC GOTO 15.900000	
02:35:18.543 2023/07/08	WPROT ACTIVE NONE 157.500 NONE -1, WPSEL ACTIVE READY 80.000 OFF 2, CALW ACTIVE READY -0.006 OFF 1, ASEL ACTIVE READY 0.006 OFF 1, GMIR ACTIVE READY 309.996 TARGET 1, GFOC ACTIVE BUSY 15.793 TARGET 1
	
02:35:19.110 2023/07/08	GFOC	TX: V20=1303.800	RX: OK
02:35:19.114 2023/07/08	GFOC	TX: V21=32	RX: OK
02:35:19.117 2023/07/08	GFOC	TX: GS29	RX: OK
02:35:19.538 2023/07/08	GFOC	TX: V46	RX: 1
02:35:19.541 2023/07/08	GFOC	TX: V32	RX: 1297
02:35:19.542 2023/07/08	GFOC=15.817	
02:35:20.043 2023/07/08	GFOC	TX: V46	RX: 1
02:35:20.052 2023/07/08	GFOC	TX: V32	RX: 1312
02:35:20.053 2023/07/08	GFOC=16.000	
02:35:20.580 2023/07/08	GFOC	TX: V46	RX: 0
02:35:20.583 2023/07/08	GFOC	TX: V32	RX: 1303
02:35:20.584 2023/07/08	GFOC=15.890	
02:35:21.098 2023/07/08	GFOC	TX: V46	RX: 0
02:35:21.102 2023/07/08	GFOC	TX: V32	RX: 1303
03:10:02.654 2023/07/08	GFOC GOTO 16.000000	
03:10:02.657 2023/07/08	WPROT ACTIVE NONE 157.500 NONE -1, WPSEL ACTIVE READY 80.000 OFF 2, CALW ACTIVE READY -0.006 OFF 1, ASEL ACTIVE READY 0.006 OFF 1, GMIR ACTIVE READY 309.996 TARGET 1, GFOC ACTIVE BUSY 15.890 TARGET 1
	
03:10:03.405 2023/07/08	GFOC	TX: V20=1312.000	RX: OK
03:10:03.409 2023/07/08	GFOC	TX: V21=32	RX: OK
03:10:03.411 2023/07/08	GFOC	TX: GS29	RX: OK
03:10:03.931 2023/07/08	GFOC	TX: V46	RX: 1
03:10:03.937 2023/07/08	GFOC	TX: V32	RX: 1308
03:10:03.938 2023/07/08	GFOC=15.951	
03:10:04.470 2023/07/08	GFOC	TX: V46	RX: 1
03:10:04.477 2023/07/08	GFOC	TX: V32	RX: 1322
03:10:04.480 2023/07/08	GFOC=16.122	
03:10:04.991 2023/07/08	GFOC	TX: V46	RX: 0
03:10:04.996 2023/07/08	GFOC	TX: V32	RX: 1312
03:10:05.005 2023/07/08	GFOC=16.000	
03:10:05.408 2023/07/08	GFOC	TX: V46	RX: 0
03:10:05.414 2023/07/08	GFOC	TX: V32	RX: 1312
04:08:21.474 2023/07/08	GMIR GOTO 285.000000	
04:08:21.479 2023/07/08	WPROT ACTIVE NONE 157.500 NONE -1, WPSEL ACTIVE READY 80.000 OFF 2, CALW ACTIVE READY -0.006 OFF 1, ASEL ACTIVE READY 0.006 OFF 1, GMIR ACTIVE BUSY 309.996 TARGET 1, GFOC ACTIVE READY 16.000 TARGET 1
	
04:08:22.097 2023/07/08	GMIR	TX: V20=47500.000	RX: OK
04:08:22.101 2023/07/08	GMIR	TX: V21=16	RX: OK
04:08:22.104 2023/07/08	GMIR	TX: GS29	RX: OK
04:08:22.626 2023/07/08	GMIR	TX: V46	RX: 1
04:08:22.630 2023/07/08	GMIR	TX: EX	RX: 53472
04:08:22.631 2023/07/08	GMIR=320.832	
04:08:23.154 2023/07/08	GMIR	TX: V46	RX: 1
04:08:23.158 2023/07/08	GMIR	TX: EX	RX: 61427
04:08:23.159 2023/07/08	GMIR=368.562	
04:08:23.673 2023/07/08	GMIR	TX: V46	RX: 1
04:08:23.677 2023/07/08	GMIR	TX: EX	RX: 69270
04:08:23.678 2023/07/08	GMIR=415.620	
04:08:24.049 2023/07/08	GMIR	TX: V46	RX: 1
04:08:24.054 2023/07/08	GMIR	TX: EX	RX: 74961
04:08:24.055 2023/07/08	GMIR=449.766	
04:08:24.480 2023/07/08	GMIR	TX: V46	RX: 1
04:08:24.483 2023/07/08	GMIR	TX: EX	RX: 81461
04:08:24.484 2023/07/08	GMIR=488.766	
04:08:24.995 2023/07/08	GMIR	TX: V46	RX: 1
04:08:25.001 2023/07/08	GMIR	TX: EX	RX: 89294
04:08:25.002 2023/07/08	GMIR=535.764	
04:08:25.519 2023/07/08	GMIR	TX: V46	RX: 1
04:08:25.524 2023/07/08	GMIR	TX: EX	RX: 97198
04:08:25.526 2023/07/08	GMIR=583.188	
04:08:25.907 2023/07/08	GMIR	TX: V46	RX: 1
04:08:25.910 2023/07/08	GMIR	TX: EX	RX: 103021
04:08:25.911 2023/07/08	GMIR=618.126	
04:08:26.304 2023/07/08	GMIR	TX: V46	RX: 1
04:08:26.311 2023/07/08	GMIR	TX: EX	RX: 107451
04:08:26.312 2023/07/08	GMIR=644.706	
04:08:26.687 2023/07/08	GMIR	TX: V46	RX: 0
04:08:26.691 2023/07/08	GMIR	TX: EX	RX: 47500
04:08:26.692 2023/07/08	GMIR=285.000	
04:08:27.193 2023/07/08	GMIR	TX: V46	RX: 0
04:08:27.197 2023/07/08	GMIR	TX: EX	RX: 47500
04:16:45.819 2023/07/08	GMIR GOTO 55.000000	
04:16:45.823 2023/07/08	WPROT ACTIVE NONE 157.500 NONE -1, WPSEL ACTIVE READY 80.000 OFF 2, CALW ACTIVE READY -0.006 OFF 1, ASEL ACTIVE READY 0.006 OFF 1, GMIR ACTIVE BUSY 285.000 TARGET 1, GFOC ACTIVE READY 16.000 TARGET 1
	
04:16:46.902 2023/07/08	GMIR	TX: V20=9166.667	RX: OK
04:16:46.904 2023/07/08	GMIR	TX: V21=16	RX: OK
04:16:46.907 2023/07/08	GMIR	TX: GS29	RX: OK
04:16:47.268 2023/07/08	GMIR	TX: V46	RX: 1
04:16:47.272 2023/07/08	GMIR	TX: EX	RX: 47787
04:16:47.273 2023/07/08	GMIR=286.722	
04:16:47.659 2023/07/08	GMIR	TX: V46	RX: 1
04:16:47.663 2023/07/08	GMIR	TX: EX	RX: 52755
04:16:47.664 2023/07/08	GMIR=316.530	
04:16:48.081 2023/07/08	GMIR	TX: V46	RX: 1
04:16:48.086 2023/07/08	GMIR	TX: EX	RX: 59150
04:16:48.086 2023/07/08	GMIR=354.900	
04:16:48.587 2023/07/08	GMIR	TX: V46	RX: 1
04:16:48.591 2023/07/08	GMIR	TX: EX	RX: 66804
04:16:48.592 2023/07/08	GMIR=400.824	
04:16:49.097 2023/07/08	GMIR	TX: V46	RX: 0
04:16:49.101 2023/07/08	GMIR	TX: EX	RX: 9165
04:16:49.102 2023/07/08	GMIR=54.990	
04:16:49.461 2023/07/08	GMIR	TX: V46	RX: 0
04:16:49.463 2023/07/08	GMIR	TX: EX	RX: 9165
16:34:44.257 2023/07/08	WPSEL INIT NONE, GMIR INIT NONE, CALW INIT NONE	
16:34:44.268 2023/07/08	WPROT ACTIVE NONE 0.000 NONE -1, WPSEL ACTIVE BUSY 0.000 NONE -1, CALW ACTIVE BUSY 0.000 NONE -1, ASEL ACTIVE NONE 0.000 NONE -1, GMIR ACTIVE BUSY 0.000 NONE -1, GFOC ACTIVE NONE 0.000 NONE -1
	
16:34:44.851 2023/07/08	CALW	TX: V20=0	RX: OK
16:34:44.856 2023/07/08	CALW	TX: V21=0	RX: OK
16:34:44.859 2023/07/08	CALW	TX: GS30	RX: OK
16:34:45.084 2023/07/08	GMIR	TX: V20=0	RX: OK
16:34:45.088 2023/07/08	GMIR	TX: V21=16	RX: OK
16:34:45.093 2023/07/08	GMIR	TX: GS30	RX: OK
16:34:45.222 2023/07/08	WPSEL	TX: V20=-5000	RX: OK
16:34:45.228 2023/07/08	WPSEL	TX: V21=0	RX: OK
16:34:45.238 2023/07/08	WPSEL	TX: GS30	RX: OK
16:34:45.376 2023/07/08	CALW	TX: V46	RX: 1
16:34:45.380 2023/07/08	CALW	TX: EX	RX: -2848
16:34:45.381 2023/07/08	CALW=17.088	
16:34:45.609 2023/07/08	GMIR	TX: V46	RX: 1
16:34:45.941 2023/07/08	GMIR	TX: EX	RX: 16989
16:34:45.942 2023/07/08	GMIR=101.934	
16:34:46.129 2023/07/08	WPSEL	TX: V46	RX: 1
16:34:46.446 2023/07/08	WPSEL	TX: EX	RX: -19386
16:34:46.447 2023/07/08	WPSEL=-3.877	
16:34:47.159 2023/07/08	CALW	TX: V46	RX: 1
16:34:47.162 2023/07/08	CALW	TX: EX	RX: -15356
16:34:47.163 2023/07/08	CALW=92.136	
16:34:47.317 2023/07/08	GMIR	TX: V46	RX: 1
16:34:47.320 2023/07/08	GMIR	TX: EX	RX: 37849
16:34:47.320 2023/07/08	GMIR=227.094	
16:34:47.451 2023/07/08	WPSEL	TX: V46	RX: 1
16:34:47.460 2023/07/08	WPSEL	TX: EX	RX: -41977
16:34:47.461 2023/07/08	WPSEL=-8.395	
16:34:47.689 2023/07/08	CALW	TX: V46	RX: 1
16:34:48.000 2023/07/08	CALW	TX: EX	RX: -23064
16:34:48.001 2023/07/08	CALW=138.384	
16:34:48.219 2023/07/08	GMIR	TX: V46	RX: 1
16:34:48.222 2023/07/08	GMIR	TX: EX	RX: 51488
16:34:48.223 2023/07/08	GMIR=308.928	
16:34:48.342 2023/07/08	WPSEL	TX: V46	RX: 1
16:34:48.347 2023/07/08	WPSEL	TX: EX	RX: -61700
16:34:48.348 2023/07/08	WPSEL=-12.340	
16:34:48.488 2023/07/08	CALW	TX: V46	RX: 1
16:34:48.943 2023/07/08	CALW	TX: EX	RX: -28672
16:34:48.944 2023/07/08	CALW=172.032	
16:34:49.096 2023/07/08	GMIR	TX: V46	RX: 1
16:34:49.403 2023/07/08	GMIR	TX: EX	RX: 69341
16:34:49.404 2023/07/08	GMIR=416.046	
16:34:49.558 2023/07/08	WPSEL	TX: V46	RX: 1
16:34:49.566 2023/07/08	WPSEL	TX: EX	RX: -88775
16:34:49.567 2023/07/08	WPSEL=-17.755	
16:34:49.767 2023/07/08	CALW	TX: V46	RX: 1
16:34:49.774 2023/07/08	CALW	TX: EX	RX: -37036
16:34:49.774 2023/07/08	CALW=222.216	
16:34:49.895 2023/07/08	GMIR	TX: V46	RX: 1
16:34:49.900 2023/07/08	GMIR	TX: EX	RX: 76872
16:34:49.901 2023/07/08	GMIR=461.232	
16:34:50.031 2023/07/08	WPSEL	TX: V46	RX: 1
16:34:50.036 2023/07/08	WPSEL	TX: EX	RX: -99282
16:34:50.037 2023/07/08	WPSEL=-19.856	
16:34:50.298 2023/07/08	CALW	TX: V46	RX: 1
16:34:50.303 2023/07/08	CALW	TX: EX	RX: -42403
16:34:50.304 2023/07/08	CALW=254.418	
16:34:50.422 2023/07/08	GMIR	TX: V46	RX: 1
16:34:50.428 2023/07/08	GMIR	TX: EX	RX: 84855
16:34:50.429 2023/07/08	GMIR=509.130	
16:34:50.582 2023/07/08	WPSEL	TX: V46	RX: 1
16:34:50.586 2023/07/08	WPSEL	TX: EX	RX: -111494
16:34:50.587 2023/07/08	WPSEL=-22.299	
16:34:50.821 2023/07/08	CALW	TX: V46	RX: 1
16:34:50.827 2023/07/08	CALW	TX: EX	RX: -47688
16:34:50.828 2023/07/08	CALW=286.128	
16:34:50.948 2023/07/08	GMIR	TX: V46	RX: 1
16:34:50.953 2023/07/08	GMIR	TX: EX	RX: 92801
16:34:50.953 2023/07/08	GMIR=556.806	
16:34:51.105 2023/07/08	WPSEL	TX: V46	RX: 1
16:34:51.112 2023/07/08	WPSEL	TX: EX	RX: -123158
16:34:51.114 2023/07/08	WPSEL=-24.632	
16:34:51.339 2023/07/08	CALW	TX: V46	RX: 1
16:34:51.343 2023/07/08	CALW	TX: EX	RX: -52919
16:34:51.344 2023/07/08	CALW=317.514	
16:34:51.462 2023/07/08	GMIR	TX: V46	RX: 1
16:34:51.470 2023/07/08	GMIR	TX: EX	RX: 100612
16:34:51.471 2023/07/08	GMIR=603.672	
16:34:51.606 2023/07/08	WPSEL	TX: V46	RX: 1
16:34:51.934 2023/07/08	WPSEL	TX: EX	RX: -141198
16:34:51.935 2023/07/08	WPSEL=-28.240	
16:34:52.164 2023/07/08	CALW	TX: V46	RX: 1
16:34:52.169 2023/07/08	CALW	TX: EX	RX: -60739
16:34:52.170 2023/07/08	CALW=364.434	
16:34:52.299 2023/07/08	GMIR	TX: V46	RX: 1
16:34:52.304 2023/07/08	GMIR	TX: EX	RX: 113208
16:34:52.305 2023/07/08	GMIR=679.248	
16:34:52.453 2023/07/08	WPSEL	TX: V46	RX: 1
16:34:52.460 2023/07/08	WPSEL	TX: EX	RX: -153128
16:34:52.460 2023/07/08	WPSEL=-30.626	
16:34:52.580 2023/07/08	CALW	TX: V46	RX: 0
16:34:52.585 2023/07/08	CALW	TX: EX	RX: 0
16:34:52.587 2023/07/08	CALW=0.000	
16:34:52.773 2023/07/08	GMIR	TX: V46	RX: 1
16:34:52.777 2023/07/08	GMIR	TX: EX	RX: 120381
16:34:52.778 2023/07/08	GMIR=722.286	
16:34:52.975 2023/07/08	WPSEL	TX: V46	RX: 1
16:34:52.980 2023/07/08	WPSEL	TX: EX	RX: -164771
16:34:52.981 2023/07/08	WPSEL=-32.954	
16:34:53.105 2023/07/08	CALW	TX: V46	RX: 0
16:34:53.110 2023/07/08	CALW	TX: EX	RX: 0
16:34:53.324 2023/07/08	GMIR	TX: V46	RX: 1
16:34:53.641 2023/07/08	GMIR	TX: EX	RX: 123729
16:34:53.642 2023/07/08	GMIR=742.374	
16:34:53.832 2023/07/08	WPSEL	TX: V46	RX: 1
16:34:53.837 2023/07/08	WPSEL	TX: EX	RX: -183827
16:34:53.838 2023/07/08	WPSEL=-36.765	
16:34:54.141 2023/07/08	GMIR	TX: V46	RX: 1
16:34:54.157 2023/07/08	GMIR	TX: EX	RX: 124874
16:34:54.169 2023/07/08	GMIR=749.244	
16:34:54.337 2023/07/08	WPSEL	TX: V46	RX: 1
16:34:54.343 2023/07/08	WPSEL	TX: EX	RX: -195043
16:34:54.344 2023/07/08	WPSEL=-39.009	
16:34:54.674 2023/07/08	GMIR	TX: V46	RX: 1
16:34:54.682 2023/07/08	GMIR	TX: EX	RX: 132776
16:34:54.683 2023/07/08	GMIR=796.656	
16:34:54.834 2023/07/08	WPSEL	TX: V46	RX: 1
16:34:54.840 2023/07/08	WPSEL	TX: EX	RX: -206098
16:34:54.841 2023/07/08	WPSEL=-41.220	
16:34:55.090 2023/07/08	GMIR	TX: V46	RX: 1
16:34:55.101 2023/07/08	GMIR	TX: EX	RX: 139064
16:34:55.102 2023/07/08	GMIR=834.384	
16:34:55.221 2023/07/08	WPSEL	TX: V46	RX: 1
16:34:55.228 2023/07/08	WPSEL	TX: EX	RX: -214732
16:34:55.229 2023/07/08	WPSEL=-42.946	
16:34:55.479 2023/07/08	GMIR	TX: V46	RX: 1
16:34:55.485 2023/07/08	GMIR	TX: EX	RX: 144941
16:34:55.486 2023/07/08	GMIR=869.646	
16:34:55.620 2023/07/08	WPSEL	TX: V46	RX: 1
16:34:55.626 2023/07/08	WPSEL	TX: EX	RX: -223629
16:34:55.627 2023/07/08	WPSEL=-44.726	
16:34:55.993 2023/07/08	GMIR	TX: V46	RX: 1
16:34:56.001 2023/07/08	GMIR	TX: EX	RX: 152718
16:34:56.002 2023/07/08	GMIR=916.308	
16:34:56.146 2023/07/08	WPSEL	TX: V46	RX: 1
16:34:56.151 2023/07/08	WPSEL	TX: EX	RX: -235319
16:34:56.153 2023/07/08	WPSEL=-47.064	
16:34:56.437 2023/07/08	GMIR	TX: V46	RX: 1
16:34:56.444 2023/07/08	GMIR	TX: EX	RX: 159402
16:34:56.445 2023/07/08	GMIR=956.412	
16:34:56.662 2023/07/08	WPSEL	TX: V46	RX: 1
16:34:56.673 2023/07/08	WPSEL	TX: EX	RX: -246779
16:34:56.674 2023/07/08	WPSEL=-49.356	
16:34:57.061 2023/07/08	GMIR	TX: V46	RX: 1
16:34:57.065 2023/07/08	GMIR	TX: EX	RX: 168840
16:34:57.066 2023/07/08	GMIR=1013.040	
16:34:57.205 2023/07/08	WPSEL	TX: V46	RX: 1
16:34:57.227 2023/07/08	WPSEL	TX: EX	RX: -258820
16:34:57.228 2023/07/08	WPSEL=-51.764	
16:34:57.584 2023/07/08	GMIR	TX: V46	RX: 1
16:34:57.591 2023/07/08	GMIR	TX: EX	RX: 176770
16:34:57.592 2023/07/08	GMIR=1060.620	
16:34:57.729 2023/07/08	WPSEL	TX: V46	RX: 1
16:34:57.736 2023/07/08	WPSEL	TX: EX	RX: -270527
16:34:57.737 2023/07/08	WPSEL=-54.105	
16:34:58.094 2023/07/08	GMIR	TX: V46	RX: 1
16:34:58.101 2023/07/08	GMIR	TX: EX	RX: 180831
16:34:58.102 2023/07/08	GMIR=1084.986	
16:34:58.260 2023/07/08	WPSEL	TX: V46	RX: 1
16:34:58.265 2023/07/08	WPSEL	TX: EX	RX: -282288
16:34:58.266 2023/07/08	WPSEL=-56.458	
16:34:58.524 2023/07/08	GMIR	TX: V46	RX: 0
16:34:58.531 2023/07/08	GMIR	TX: EX	RX: 0
16:34:58.531 2023/07/08	GMIR=0.000	
16:34:58.652 2023/07/08	WPSEL	TX: V46	RX: 1
16:34:58.658 2023/07/08	WPSEL	TX: EX	RX: -291038
16:34:58.659 2023/07/08	WPSEL=-58.208	
16:34:58.918 2023/07/08	GMIR	TX: V46	RX: 0
16:34:58.921 2023/07/08	GMIR	TX: EX	RX: 0
16:34:59.101 2023/07/08	WPSEL	TX: V46	RX: 1
16:34:59.106 2023/07/08	WPSEL	TX: EX	RX: -301005
16:34:59.109 2023/07/08	WPSEL=-60.201	
16:34:59.604 2023/07/08	WPSEL	TX: V46	RX: 1
16:34:59.611 2023/07/08	WPSEL	TX: EX	RX: -312213
16:34:59.612 2023/07/08	WPSEL=-62.443	
16:35:00.160 2023/07/08	WPSEL	TX: V46	RX: 1
16:35:00.166 2023/07/08	WPSEL	TX: EX	RX: -324577
16:35:00.167 2023/07/08	WPSEL=-64.915	
16:35:00.776 2023/07/08	WPSEL	TX: V46	RX: 1
16:35:00.783 2023/07/08	WPSEL	TX: EX	RX: -338282
16:35:00.784 2023/07/08	WPSEL=-67.656	
16:35:01.184 2023/07/08	WPSEL	TX: V46	RX: 1
16:35:01.192 2023/07/08	WPSEL	TX: EX	RX: -347379
16:35:01.193 2023/07/08	WPSEL=-69.476	
16:35:01.570 2023/07/08	WPSEL	TX: V46	RX: 1
16:35:01.577 2023/07/08	WPSEL	TX: EX	RX: -355941
16:35:01.579 2023/07/08	WPSEL=-71.188	
16:35:01.966 2023/07/08	WPSEL	TX: V46	RX: 1
16:35:01.973 2023/07/08	WPSEL	TX: EX	RX: -364784
16:35:01.974 2023/07/08	WPSEL=-72.957	
16:35:02.337 2023/07/08	WPSEL	TX: V46	RX: 1
16:35:02.341 2023/07/08	WPSEL	TX: EX	RX: -373013
16:35:02.342 2023/07/08	WPSEL=-74.603	
16:35:02.756 2023/07/08	WPSEL	TX: V46	RX: 1
16:35:02.761 2023/07/08	WPSEL	TX: EX	RX: -382351
16:35:02.762 2023/07/08	WPSEL=-76.470	
16:35:03.476 2023/07/08	WPSEL	TX: V46	RX: 1
16:35:03.482 2023/07/08	WPSEL	TX: EX	RX: -397991
16:35:03.483 2023/07/08	WPSEL=-79.598	
16:35:03.905 2023/07/08	WPSEL	TX: V46	RX: 1
16:35:03.911 2023/07/08	WPSEL	TX: EX	RX: -4437
16:35:03.912 2023/07/08	WPSEL=-0.887	
16:35:04.405 2023/07/08	WPSEL	TX: V46	RX: 1
16:35:04.411 2023/07/08	WPSEL	TX: EX	RX: 2961
16:35:04.412 2023/07/08	WPSEL=0.592	
16:35:04.936 2023/07/08	WPSEL	TX: V46	RX: 1
16:35:04.941 2023/07/08	WPSEL	TX: EX	RX: 14745
16:35:04.942 2023/07/08	WPSEL=2.949	
16:35:05.400 2023/07/08	WPSEL	TX: V46	RX: 1
16:35:05.406 2023/07/08	WPSEL	TX: EX	RX: 20517
16:35:05.406 2023/07/08	WPSEL=4.103	
16:35:05.941 2023/07/08	WPSEL	TX: V46	RX: 1
16:35:05.945 2023/07/08	WPSEL	TX: EX	RX: 11047
16:35:05.947 2023/07/08	WPSEL=2.209	
16:35:06.325 2023/07/08	WPSEL	TX: V46	RX: 1
16:35:06.331 2023/07/08	WPSEL	TX: EX	RX: 2468
16:35:06.332 2023/07/08	WPSEL=0.494	
16:35:06.751 2023/07/08	WPSEL	TX: V46	RX: 1
16:35:06.756 2023/07/08	WPSEL	TX: EX	RX: -4871
16:35:06.757 2023/07/08	WPSEL=-0.974	
16:35:07.263 2023/07/08	WPSEL	TX: V46	RX: 0
16:35:07.292 2023/07/08	WPSEL	TX: EX	RX: 0
16:35:07.293 2023/07/08	WPSEL=0.000	
16:35:07.758 2023/07/08	WPSEL	TX: V46	RX: 0
16:35:07.762 2023/07/08	WPSEL	TX: EX	RX: 0
16:35:08.658 2023/07/08	WPROT	TX: V81=0	RX: OK
16:35:08.671 2023/07/08	WPROT	TX: V82=1875	RX: OK
16:35:08.674 2023/07/08	WPROT	TX: V83=3750	RX: OK
16:35:08.677 2023/07/08	WPROT	TX: V84=5625	RX: OK
16:35:08.680 2023/07/08	WPROT	TX: V85=7500	RX: OK
16:35:08.689 2023/07/08	WPROT	TX: V86=9375	RX: OK
16:35:08.712 2023/07/08	WPROT	TX: V87=11250	RX: OK
16:35:08.719 2023/07/08	WPROT	TX: V88=13125	RX: OK
16:35:08.722 2023/07/08	WPROT	TX: V89=15000	RX: OK
16:35:08.725 2023/07/08	WPROT	TX: V90=16875	RX: OK
16:35:08.728 2023/07/08	WPROT	TX: V91=18750	RX: OK
16:35:08.730 2023/07/08	WPROT	TX: V92=20625	RX: OK
16:35:08.737 2023/07/08	WPROT	TX: V93=22500	RX: OK
16:35:08.740 2023/07/08	WPROT	TX: V94=24375	RX: OK
16:35:08.743 2023/07/08	WPROT	TX: V95=26250	RX: OK
16:35:08.746 2023/07/08	WPROT	TX: V96=28125	RX: OK
16:35:08.749 2023/07/08	WPROT	TX: V20=900	RX: OK
16:35:08.752 2023/07/08	WPROT	TX: V21=0	RX: OK
16:35:08.755 2023/07/08	WPROT	TX: GS30	RX: OK
16:35:09.328 2023/07/08	WPROT	TX: V46	RX: 1
16:35:09.337 2023/07/08	WPROT	TX: EX	RX: -5132
16:35:09.339 2023/07/08	WPROT=61.584	
16:35:09.702 2023/07/08	WPROT	TX: V46	RX: 1
16:35:09.716 2023/07/08	WPROT	TX: EX	RX: -10703
16:35:09.717 2023/07/08	WPROT=128.436	
16:35:10.154 2023/07/08	WPROT	TX: V46	RX: 1
16:35:10.180 2023/07/08	WPROT	TX: EX	RX: -17859
16:35:10.182 2023/07/08	WPROT=214.308	
16:35:10.680 2023/07/08	WPROT	TX: V46	RX: 1
16:35:10.687 2023/07/08	WPROT	TX: EX	RX: -25474
16:35:10.717 2023/07/08	WPROT=305.688	
16:35:11.191 2023/07/08	WPROT	TX: V46	RX: 1
16:35:11.194 2023/07/08	WPROT	TX: EX	RX: -33199
16:35:11.195 2023/07/08	WPROT=398.388	
16:35:11.982 2023/07/08	WPROT	TX: V46	RX: 1
16:35:11.985 2023/07/08	WPROT	TX: EX	RX: -36446
16:35:11.986 2023/07/08	WPROT=437.352	
16:35:12.501 2023/07/08	WPROT	TX: V46	RX: 1
16:35:12.504 2023/07/08	WPROT	TX: EX	RX: -43799
16:35:12.504 2023/07/08	WPROT=525.588	
16:35:13.000 2023/07/08	WPROT	TX: V46	RX: 1
16:35:13.003 2023/07/08	WPROT	TX: EX	RX: -51353
16:35:13.004 2023/07/08	WPROT=616.236	
16:35:13.519 2023/07/08	WPROT	TX: V46	RX: 1
16:35:13.524 2023/07/08	WPROT	TX: EX	RX: -59239
16:35:13.525 2023/07/08	WPROT=710.868	
16:35:13.889 2023/07/08	WPROT	TX: V46	RX: 1
16:35:13.895 2023/07/08	WPROT	TX: EX	RX: -63479
16:35:13.896 2023/07/08	WPROT=761.748	
16:35:14.423 2023/07/08	WPROT	TX: V46	RX: 0
16:35:14.429 2023/07/08	WPROT	TX: EX	RX: 0
16:35:14.430 2023/07/08	WPROT=0.000	
16:35:14.954 2023/07/08	WPROT	TX: V46	RX: 0
16:35:14.959 2023/07/08	WPROT	TX: EX	RX: 0
16:35:15.313 2023/07/08	GFOC INIT NONE, ASEL INIT NONE	
16:35:15.316 2023/07/08	WPROT ACTIVE READY 0.000 WP1 1, WPSEL ACTIVE READY 0.000 L/4 1, CALW ACTIVE READY 0.000 OFF 1, ASEL ACTIVE BUSY 0.000 NONE -1, GMIR ACTIVE READY 0.000 TARGET 1, GFOC ACTIVE BUSY 0.000 NONE -1
	
16:35:16.028 2023/07/08	ASEL	TX: V20=-200	RX: OK
16:35:16.035 2023/07/08	ASEL	TX: V21=0	RX: OK
16:35:16.039 2023/07/08	ASEL	TX: GS30	RX: OK
16:35:16.241 2023/07/08	GFOC	TX: V20=0	RX: OK
16:35:16.246 2023/07/08	GFOC	TX: V21=32	RX: OK
16:35:16.250 2023/07/08	GFOC	TX: GS30	RX: OK
16:35:16.546 2023/07/08	ASEL	TX: V46	RX: 1
16:35:16.550 2023/07/08	ASEL	TX: EX	RX: -206
16:35:16.551 2023/07/08	ASEL=1.236	
16:35:16.729 2023/07/08	GFOC	TX: V46	RX: 1
16:35:16.733 2023/07/08	GFOC	TX: V32	RX: -4
16:35:16.734 2023/07/08	GFOC=-0.049	
16:35:16.972 2023/07/08	ASEL	TX: V46	RX: 1
16:35:16.981 2023/07/08	ASEL	TX: EX	RX: -499
16:35:16.983 2023/07/08	ASEL=2.994	
16:35:17.114 2023/07/08	GFOC	TX: V46	RX: 1
16:35:17.118 2023/07/08	GFOC	TX: V32	RX: -12
16:35:17.119 2023/07/08	GFOC=-0.146	
16:35:17.376 2023/07/08	ASEL	TX: V46	RX: 1
16:35:17.379 2023/07/08	ASEL	TX: EX	RX: -240
16:35:17.380 2023/07/08	ASEL=1.440	
16:35:17.511 2023/07/08	GFOC	TX: V46	RX: 1
16:35:17.515 2023/07/08	GFOC	TX: V32	RX: -21
16:35:17.516 2023/07/08	GFOC=-0.256	
16:35:17.799 2023/07/08	ASEL	TX: V46	RX: 1
16:35:17.804 2023/07/08	ASEL	TX: EX	RX: 136
16:35:17.805 2023/07/08	ASEL=-0.816	
16:35:18.015 2023/07/08	GFOC	TX: V46	RX: 1
16:35:18.020 2023/07/08	GFOC	TX: V32	RX: -32
16:35:18.021 2023/07/08	GFOC=-0.390	
16:35:18.304 2023/07/08	ASEL	TX: V46	RX: 1
16:35:18.310 2023/07/08	ASEL	TX: EX	RX: 118
16:35:18.311 2023/07/08	ASEL=-0.708	
16:35:18.525 2023/07/08	GFOC	TX: V46	RX: 1
16:35:18.531 2023/07/08	GFOC	TX: V32	RX: -44
16:35:18.532 2023/07/08	GFOC=-0.537	
16:35:18.807 2023/07/08	ASEL	TX: V46	RX: 1
16:35:18.811 2023/07/08	ASEL	TX: EX	RX: 85
16:35:18.812 2023/07/08	ASEL=-0.510	
16:35:18.930 2023/07/08	GFOC	TX: V46	RX: 1
16:35:18.935 2023/07/08	GFOC	TX: V32	RX: -52
16:35:18.936 2023/07/08	GFOC=-0.634	
16:35:19.174 2023/07/08	ASEL	TX: V46	RX: 1
16:35:19.180 2023/07/08	ASEL	TX: EX	RX: 61
16:35:19.181 2023/07/08	ASEL=-0.366	
16:35:19.323 2023/07/08	GFOC	TX: V46	RX: 1
16:35:19.326 2023/07/08	GFOC	TX: V32	RX: -61
16:35:19.328 2023/07/08	GFOC=-0.744	
16:35:20.202 2023/07/08	ASEL	TX: V46	RX: 1
16:35:20.207 2023/07/08	ASEL	TX: EX	RX: -5
16:35:20.208 2023/07/08	ASEL=0.030	
16:35:20.392 2023/07/08	GFOC	TX: V46	RX: 1
16:35:20.395 2023/07/08	GFOC	TX: V32	RX: -85
16:35:20.396 2023/07/08	GFOC=-1.037	
16:35:20.641 2023/07/08	ASEL	TX: V46	RX: 1
16:35:20.647 2023/07/08	ASEL	TX: EX	RX: -34
16:35:20.648 2023/07/08	ASEL=0.204	
16:35:20.896 2023/07/08	GFOC	TX: V46	RX: 1
16:35:20.902 2023/07/08	GFOC	TX: V32	RX: -96
16:35:20.903 2023/07/08	GFOC=-1.171	
16:35:21.166 2023/07/08	ASEL	TX: V46	RX: 1
16:35:21.476 2023/07/08	ASEL	TX: EX	RX: -88
16:35:21.478 2023/07/08	ASEL=0.528	
16:35:21.698 2023/07/08	GFOC	TX: V46	RX: 1
16:35:21.702 2023/07/08	GFOC	TX: V32	RX: -114
16:35:21.703 2023/07/08	GFOC=-1.390	
16:35:21.953 2023/07/08	ASEL	TX: V46	RX: 1
16:35:21.958 2023/07/08	ASEL	TX: EX	RX: -175
16:35:21.959 2023/07/08	ASEL=1.050	
16:35:22.541 2023/07/08	GFOC	TX: V46	RX: 1
16:35:22.546 2023/07/08	GFOC	TX: V32	RX: -133
16:35:22.546 2023/07/08	GFOC=-1.622	
16:35:23.497 2023/07/08	ASEL	TX: V46	RX: 1
16:35:23.506 2023/07/08	ASEL	TX: EX	RX: -50
16:35:23.507 2023/07/08	ASEL=0.300	
16:35:23.781 2023/07/08	GFOC	TX: V46	RX: 1
16:35:23.785 2023/07/08	GFOC	TX: V32	RX: -160
16:35:23.809 2023/07/08	GFOC=-1.951	
16:35:24.172 2023/07/08	ASEL	TX: V46	RX: 1
16:35:24.176 2023/07/08	ASEL	TX: EX	RX: -12
16:35:24.177 2023/07/08	ASEL=0.072	
16:35:25.322 2023/07/08	GFOC	TX: V46	RX: 
16:35:25.323 2023/07/08	ActiveUpdate: GFOC	TX: V46	RX: 	
16:35:27.263 2023/07/08	ASEL	TX: V46	RX: 
16:35:27.264 2023/07/08	ActiveUpdate: ASEL	TX: V46	RX: 	
16:35:28.181 2023/07/08	GFOC	TX: V46	RX: 
16:35:28.182 2023/07/08	ActiveUpdate: GFOC	TX: V46	RX: 	
16:35:28.535 2023/07/08	ASEL	TX: V46	RX: 0
16:35:28.540 2023/07/08	ASEL	TX: EX	RX: 0
16:35:28.541 2023/07/08	ASEL=0.000	
16:35:28.759 2023/07/08	GFOC	TX: V46	RX: 1
16:35:28.765 2023/07/08	GFOC	TX: V32	RX: -272
16:35:28.766 2023/07/08	GFOC=-3.317	
16:35:29.027 2023/07/08	ASEL	TX: V46	RX: 0
16:35:29.030 2023/07/08	ASEL	TX: EX	RX: 0
16:35:29.320 2023/07/08	GFOC	TX: V46	RX: 
16:35:29.321 2023/07/08	ActiveUpdate: GFOC	TX: V46	RX: 	
16:35:29.807 2023/07/08	GFOC	TX: V46	RX: 1
16:35:29.811 2023/07/08	GFOC	TX: V32	RX: -295
16:35:29.812 2023/07/08	GFOC=-3.598	
16:35:30.189 2023/07/08	GFOC	TX: V46	RX: 1
16:35:30.193 2023/07/08	GFOC	TX: V32	RX: -303
16:35:30.194 2023/07/08	GFOC=-3.695	
16:35:30.679 2023/07/08	GFOC	TX: V46	RX: 1
16:35:30.682 2023/07/08	GFOC	TX: V32	RX: -314
16:35:30.682 2023/07/08	GFOC=-3.829	
16:35:31.194 2023/07/08	GFOC	TX: V46	RX: 1
16:35:31.197 2023/07/08	GFOC	TX: V32	RX: -325
16:35:31.198 2023/07/08	GFOC=-3.963	
16:35:31.687 2023/07/08	GFOC	TX: V46	RX: 1
16:35:31.692 2023/07/08	GFOC	TX: V32	RX: -336
16:35:31.693 2023/07/08	GFOC=-4.098	
16:35:32.217 2023/07/08	GFOC	TX: V46	RX: 1
16:35:32.222 2023/07/08	GFOC	TX: V32	RX: -348
16:35:32.223 2023/07/08	GFOC=-4.244	
16:35:32.731 2023/07/08	GFOC	TX: V46	RX: 1
16:35:32.734 2023/07/08	GFOC	TX: V32	RX: -359
16:35:32.735 2023/07/08	GFOC=-4.378	
16:35:33.087 2023/07/08	GFOC	TX: V46	RX: 1
16:35:33.092 2023/07/08	GFOC	TX: V32	RX: -367
16:35:33.093 2023/07/08	GFOC=-4.476	
16:35:33.492 2023/07/08	GFOC	TX: V46	RX: 1
16:35:33.500 2023/07/08	GFOC	TX: V32	RX: -376
16:35:33.501 2023/07/08	GFOC=-4.585	
16:35:34.027 2023/07/08	GFOC	TX: V46	RX: 1
16:35:34.030 2023/07/08	GFOC	TX: V32	RX: -387
16:35:34.031 2023/07/08	GFOC=-4.720	
16:35:34.398 2023/07/08	GFOC	TX: V46	RX: 1
16:35:34.403 2023/07/08	GFOC	TX: V32	RX: -396
16:35:34.404 2023/07/08	GFOC=-4.829	
16:35:34.797 2023/07/08	GFOC	TX: V46	RX: 1
16:35:34.802 2023/07/08	GFOC	TX: V32	RX: -404
16:35:34.803 2023/07/08	GFOC=-4.927	
16:35:35.170 2023/07/08	GFOC	TX: V46	RX: 1
16:35:35.175 2023/07/08	GFOC	TX: V32	RX: -413
16:35:35.176 2023/07/08	GFOC=-5.037	
16:35:35.586 2023/07/08	GFOC	TX: V46	RX: 1
16:35:35.596 2023/07/08	GFOC	TX: V32	RX: -422
16:35:35.597 2023/07/08	GFOC=-5.146	
16:35:36.125 2023/07/08	GFOC	TX: V46	RX: 1
16:35:36.138 2023/07/08	GFOC	TX: V32	RX: -434
16:35:36.139 2023/07/08	GFOC=-5.293	
16:35:36.628 2023/07/08	GFOC	TX: V46	RX: 1
16:35:36.631 2023/07/08	GFOC	TX: V32	RX: -445
16:35:36.632 2023/07/08	GFOC=-5.427	
16:35:37.174 2023/07/08	GFOC	TX: V46	RX: 1
16:35:37.184 2023/07/08	GFOC	TX: V32	RX: -457
16:35:37.185 2023/07/08	GFOC=-5.573	
16:35:37.681 2023/07/08	GFOC	TX: V46	RX: 1
16:35:37.695 2023/07/08	GFOC	TX: V32	RX: -468
16:35:37.698 2023/07/08	GFOC=-5.707	
16:35:38.233 2023/07/08	GFOC	TX: V46	RX: 1
16:35:38.249 2023/07/08	GFOC	TX: V32	RX: -480
16:35:38.250 2023/07/08	GFOC=-5.854	
16:35:38.737 2023/07/08	GFOC	TX: V46	RX: 1
16:35:38.741 2023/07/08	GFOC	TX: V32	RX: -491
16:35:38.742 2023/07/08	GFOC=-5.988	
16:35:39.123 2023/07/08	GFOC	TX: V46	RX: 1
16:35:39.127 2023/07/08	GFOC	TX: V32	RX: -500
16:35:39.128 2023/07/08	GFOC=-6.098	
16:35:39.551 2023/07/08	GFOC	TX: V46	RX: 1
16:35:39.554 2023/07/08	GFOC	TX: V32	RX: -509
16:35:39.555 2023/07/08	GFOC=-6.207	
16:35:40.165 2023/07/08	GFOC	TX: V46	RX: 
16:35:40.166 2023/07/08	ActiveUpdate: GFOC	TX: V46	RX: 	
16:35:41.082 2023/07/08	GFOC	TX: V46	RX: 1
16:35:41.084 2023/07/08	GFOC	TX: V32	RX: -543
16:35:41.085 2023/07/08	GFOC=-6.622	
16:35:41.623 2023/07/08	GFOC	TX: V46	RX: 1
16:35:41.628 2023/07/08	GFOC	TX: V32	RX: -555
16:35:41.629 2023/07/08	GFOC=-6.768	
16:35:42.166 2023/07/08	GFOC	TX: V46	RX: 1
16:35:42.171 2023/07/08	GFOC	TX: V32	RX: -567
16:35:42.172 2023/07/08	GFOC=-6.915	
16:35:42.666 2023/07/08	GFOC	TX: V46	RX: 1
16:35:42.670 2023/07/08	GFOC	TX: V32	RX: -578
16:35:42.671 2023/07/08	GFOC=-7.049	
16:35:43.078 2023/07/08	GFOC	TX: V46	RX: 1
16:35:43.081 2023/07/08	GFOC	TX: V32	RX: -587
16:35:43.081 2023/07/08	GFOC=-7.159	
16:35:43.553 2023/07/08	GFOC	TX: V46	RX: 1
16:35:43.557 2023/07/08	GFOC	TX: V32	RX: -598
16:35:43.558 2023/07/08	GFOC=-7.293	
16:35:44.032 2023/07/08	GFOC	TX: V46	RX: 1
16:35:44.036 2023/07/08	GFOC	TX: V32	RX: -608
16:35:44.037 2023/07/08	GFOC=-7.415	
16:35:44.592 2023/07/08	GFOC	TX: V46	RX: 1
16:35:44.596 2023/07/08	GFOC	TX: V32	RX: -621
16:35:44.597 2023/07/08	GFOC=-7.573	
16:35:45.057 2023/07/08	GFOC	TX: V46	RX: 1
16:35:45.061 2023/07/08	GFOC	TX: V32	RX: -631
16:35:45.062 2023/07/08	GFOC=-7.695	
16:35:45.418 2023/07/08	GFOC	TX: V46	RX: 1
16:35:45.422 2023/07/08	GFOC	TX: V32	RX: -639
16:35:45.434 2023/07/08	GFOC=-7.793	
16:35:45.838 2023/07/08	GFOC	TX: V46	RX: 1
16:35:45.843 2023/07/08	GFOC	TX: V32	RX: -648
16:35:45.844 2023/07/08	GFOC=-7.902	
16:35:46.218 2023/07/08	GFOC	TX: V46	RX: 1
16:35:46.223 2023/07/08	GFOC	TX: V32	RX: -656
16:35:46.224 2023/07/08	GFOC=-8.000	
16:35:46.633 2023/07/08	GFOC	TX: V46	RX: 1
16:35:46.637 2023/07/08	GFOC	TX: V32	RX: -666
16:35:46.638 2023/07/08	GFOC=-8.122	
16:35:46.986 2023/07/08	GFOC	TX: V46	RX: 1
16:35:46.990 2023/07/08	GFOC	TX: V32	RX: -673
16:35:46.991 2023/07/08	GFOC=-8.207	
16:35:47.406 2023/07/08	GFOC	TX: V46	RX: 1
16:35:47.780 2023/07/08	GFOC	TX: V32	RX: -691
16:35:47.781 2023/07/08	GFOC=-8.427	
16:35:48.287 2023/07/08	GFOC	TX: V46	RX: 1
16:35:48.291 2023/07/08	GFOC	TX: V32	RX: -702
16:35:48.291 2023/07/08	GFOC=-8.561	
16:35:48.709 2023/07/08	GFOC	TX: V46	RX: 1
16:35:48.714 2023/07/08	GFOC	TX: V32	RX: -712
16:35:48.714 2023/07/08	GFOC=-8.683	
16:35:49.157 2023/07/08	GFOC	TX: V46	RX: 1
16:35:49.161 2023/07/08	GFOC	TX: V32	RX: -721
16:35:49.162 2023/07/08	GFOC=-8.793	
16:35:49.681 2023/07/08	GFOC	TX: V46	RX: 1
16:35:49.685 2023/07/08	GFOC	TX: V32	RX: -733
16:35:49.686 2023/07/08	GFOC=-8.939	
16:35:50.167 2023/07/08	GFOC	TX: V46	RX: 1
16:35:50.171 2023/07/08	GFOC	TX: V32	RX: -744
16:35:50.172 2023/07/08	GFOC=-9.073	
16:35:50.712 2023/07/08	GFOC	TX: V46	RX: 1
16:35:50.716 2023/07/08	GFOC	TX: V32	RX: -756
16:35:50.717 2023/07/08	GFOC=-9.220	
16:35:51.231 2023/07/08	GFOC	TX: V46	RX: 1
16:35:51.233 2023/07/08	GFOC	TX: V32	RX: -767
16:35:51.234 2023/07/08	GFOC=-9.354	
16:35:51.745 2023/07/08	GFOC	TX: V46	RX: 1
16:35:51.747 2023/07/08	GFOC	TX: V32	RX: -779
16:35:51.748 2023/07/08	GFOC=-9.500	
16:35:52.226 2023/07/08	GFOC	TX: V46	RX: 1
16:35:52.230 2023/07/08	GFOC	TX: V32	RX: -789
16:35:52.230 2023/07/08	GFOC=-9.622	
16:35:52.583 2023/07/08	GFOC	TX: V46	RX: 1
16:35:52.586 2023/07/08	GFOC	TX: V32	RX: -797
16:35:52.587 2023/07/08	GFOC=-9.720	
16:35:53.104 2023/07/08	GFOC	TX: V46	RX: 1
16:35:53.109 2023/07/08	GFOC	TX: V32	RX: -809
16:35:53.110 2023/07/08	GFOC=-9.866	
16:35:53.520 2023/07/08	GFOC	TX: V46	RX: 1
16:35:53.524 2023/07/08	GFOC	TX: V32	RX: -818
16:35:53.525 2023/07/08	GFOC=-9.976	
16:35:53.916 2023/07/08	GFOC	TX: V46	RX: 1
16:35:53.920 2023/07/08	GFOC	TX: V32	RX: -827
16:35:53.921 2023/07/08	GFOC=-10.085	
16:35:54.326 2023/07/08	GFOC	TX: V46	RX: 1
16:35:54.330 2023/07/08	GFOC	TX: V32	RX: -836
16:35:54.330 2023/07/08	GFOC=-10.195	
16:35:54.687 2023/07/08	GFOC	TX: V46	RX: 1
16:35:54.693 2023/07/08	GFOC	TX: V32	RX: -844
16:35:54.695 2023/07/08	GFOC=-10.293	
16:35:55.103 2023/07/08	GFOC	TX: V46	RX: 1
16:35:55.108 2023/07/08	GFOC	TX: V32	RX: -853
16:35:55.109 2023/07/08	GFOC=-10.402	
16:35:55.639 2023/07/08	GFOC	TX: V46	RX: 1
16:35:55.641 2023/07/08	GFOC	TX: V32	RX: -865
16:35:55.642 2023/07/08	GFOC=-10.549	
16:35:56.152 2023/07/08	GFOC	TX: V46	RX: 1
16:35:56.159 2023/07/08	GFOC	TX: V32	RX: -876
16:35:56.160 2023/07/08	GFOC=-10.683	
16:35:56.557 2023/07/08	GFOC	TX: V46	RX: 1
16:35:56.561 2023/07/08	GFOC	TX: V32	RX: -885
16:35:56.562 2023/07/08	GFOC=-10.793	
16:35:57.008 2023/07/08	GFOC	TX: V46	RX: 1
16:35:57.014 2023/07/08	GFOC	TX: V32	RX: -895
16:35:57.014 2023/07/08	GFOC=-10.915	
16:35:57.487 2023/07/08	GFOC	TX: V46	RX: 1
16:35:57.491 2023/07/08	GFOC	TX: V32	RX: -905
16:35:57.491 2023/07/08	GFOC=-11.037	
16:35:57.858 2023/07/08	GFOC	TX: V46	RX: 1
16:35:57.862 2023/07/08	GFOC	TX: V32	RX: -914
16:35:57.863 2023/07/08	GFOC=-11.146	
16:35:58.258 2023/07/08	GFOC	TX: V46	RX: 1
16:35:58.262 2023/07/08	GFOC	TX: V32	RX: -922
16:35:58.263 2023/07/08	GFOC=-11.244	
16:35:58.633 2023/07/08	GFOC	TX: V46	RX: 1
16:35:58.644 2023/07/08	GFOC	TX: V32	RX: -931
16:35:58.648 2023/07/08	GFOC=-11.354	
16:35:59.048 2023/07/08	GFOC	TX: V46	RX: 1
16:35:59.052 2023/07/08	GFOC	TX: V32	RX: -940
16:35:59.052 2023/07/08	GFOC=-11.463	
16:35:59.590 2023/07/08	GFOC	TX: V46	RX: 1
16:35:59.592 2023/07/08	GFOC	TX: V32	RX: -951
16:35:59.593 2023/07/08	GFOC=-11.598	
16:36:00.124 2023/07/08	GFOC	TX: V46	RX: 1
16:36:00.128 2023/07/08	GFOC	TX: V32	RX: -963
16:36:00.130 2023/07/08	GFOC=-11.744	
16:36:00.742 2023/07/08	GFOC	TX: V46	RX: 1
16:36:00.751 2023/07/08	GFOC	TX: V32	RX: -976
16:36:00.753 2023/07/08	GFOC=-11.902	
16:36:01.182 2023/07/08	GFOC	TX: V46	RX: 1
16:36:01.199 2023/07/08	GFOC	TX: V32	RX: -986
16:36:01.200 2023/07/08	GFOC=-12.024	
16:36:01.704 2023/07/08	GFOC	TX: V46	RX: 1
16:36:01.714 2023/07/08	GFOC	TX: V32	RX: -997
16:36:01.727 2023/07/08	GFOC=-12.159	
16:36:02.226 2023/07/08	GFOC	TX: V46	RX: 1
16:36:02.243 2023/07/08	GFOC	TX: V32	RX: -1009
16:36:02.246 2023/07/08	GFOC=-12.305	
16:36:02.826 2023/07/08	GFOC	TX: V46	RX: 1
16:36:02.830 2023/07/08	GFOC	TX: V32	RX: -1022
16:36:02.831 2023/07/08	GFOC=-12.463	
16:36:03.348 2023/07/08	GFOC	TX: V46	RX: 1
16:36:03.352 2023/07/08	GFOC	TX: V32	RX: -1034
16:36:03.354 2023/07/08	GFOC=-12.610	
16:36:03.874 2023/07/08	GFOC	TX: V46	RX: 1
16:36:03.879 2023/07/08	GFOC	TX: V32	RX: -1045
16:36:03.880 2023/07/08	GFOC=-12.744	
16:36:04.391 2023/07/08	GFOC	TX: V46	RX: 1
16:36:04.399 2023/07/08	GFOC	TX: V32	RX: -1057
16:36:04.400 2023/07/08	GFOC=-12.890	
16:36:04.911 2023/07/08	GFOC	TX: V46	RX: 1
16:36:04.921 2023/07/08	GFOC	TX: V32	RX: -1068
16:36:04.927 2023/07/08	GFOC=-13.024	
16:36:05.424 2023/07/08	GFOC	TX: V46	RX: 1
16:36:05.429 2023/07/08	GFOC	TX: V32	RX: -1080
16:36:05.430 2023/07/08	GFOC=-13.171	
16:36:05.967 2023/07/08	GFOC	TX: V46	RX: 1
16:36:05.972 2023/07/08	GFOC	TX: V32	RX: -1092
16:36:05.973 2023/07/08	GFOC=-13.317	
16:36:06.479 2023/07/08	GFOC	TX: V46	RX: 1
16:36:06.484 2023/07/08	GFOC	TX: V32	RX: -1103
16:36:06.485 2023/07/08	GFOC=-13.451	
16:36:06.898 2023/07/08	GFOC	TX: V46	RX: 1
16:36:06.908 2023/07/08	GFOC	TX: V32	RX: -1112
16:36:06.909 2023/07/08	GFOC=-13.561	
16:36:07.421 2023/07/08	GFOC	TX: V46	RX: 1
16:36:07.426 2023/07/08	GFOC	TX: V32	RX: -1124
16:36:07.427 2023/07/08	GFOC=-13.707	
16:36:07.952 2023/07/08	GFOC	TX: V46	RX: 1
16:36:07.956 2023/07/08	GFOC	TX: V32	RX: -1136
16:36:07.957 2023/07/08	GFOC=-13.854	
16:36:08.496 2023/07/08	GFOC	TX: V46	RX: 1
16:36:08.499 2023/07/08	GFOC	TX: V32	RX: -1148
16:36:08.500 2023/07/08	GFOC=-14.000	
16:36:09.004 2023/07/08	GFOC	TX: V46	RX: 1
16:36:09.008 2023/07/08	GFOC	TX: V32	RX: -1159
16:36:09.009 2023/07/08	GFOC=-14.134	
16:36:09.516 2023/07/08	GFOC	TX: V46	RX: 1
16:36:09.521 2023/07/08	GFOC	TX: V32	RX: -1170
16:36:09.522 2023/07/08	GFOC=-14.268	
16:36:09.930 2023/07/08	GFOC	TX: V46	RX: 1
16:36:09.933 2023/07/08	GFOC	TX: V32	RX: -1179
16:36:09.934 2023/07/08	GFOC=-14.378	
16:36:10.357 2023/07/08	GFOC	TX: V46	RX: 1
16:36:10.361 2023/07/08	GFOC	TX: V32	RX: -1189
16:36:10.362 2023/07/08	GFOC=-14.500	
16:36:10.834 2023/07/08	GFOC	TX: V46	RX: 1
16:36:10.838 2023/07/08	GFOC	TX: V32	RX: -1199
16:36:10.839 2023/07/08	GFOC=-14.622	
16:36:11.205 2023/07/08	GFOC	TX: V46	RX: 1
16:36:11.235 2023/07/08	GFOC	TX: V32	RX: -1208
16:36:11.237 2023/07/08	GFOC=-14.732	
16:36:11.619 2023/07/08	GFOC	TX: V46	RX: 1
16:36:11.623 2023/07/08	GFOC	TX: V32	RX: -1217
16:36:11.624 2023/07/08	GFOC=-14.841	
16:36:12.000 2023/07/08	GFOC	TX: V46	RX: 1
16:36:12.003 2023/07/08	GFOC	TX: V32	RX: -1225
16:36:12.005 2023/07/08	GFOC=-14.939	
16:36:12.406 2023/07/08	GFOC	TX: V46	RX: 1
16:36:12.411 2023/07/08	GFOC	TX: V32	RX: -1234
16:36:12.412 2023/07/08	GFOC=-15.049	
16:36:12.932 2023/07/08	GFOC	TX: V46	RX: 1
16:36:12.937 2023/07/08	GFOC	TX: V32	RX: -1245
16:36:12.938 2023/07/08	GFOC=-15.183	
16:36:13.304 2023/07/08	GFOC	TX: V46	RX: 1
16:36:13.309 2023/07/08	GFOC	TX: V32	RX: -1254
16:36:13.310 2023/07/08	GFOC=-15.293	
16:36:13.725 2023/07/08	GFOC	TX: V46	RX: 1
16:36:13.728 2023/07/08	GFOC	TX: V32	RX: -1263
16:36:13.729 2023/07/08	GFOC=-15.402	
16:36:14.117 2023/07/08	GFOC	TX: V46	RX: 1
16:36:14.126 2023/07/08	GFOC	TX: V32	RX: -1272
16:36:14.127 2023/07/08	GFOC=-15.512	
16:36:14.562 2023/07/08	GFOC	TX: V46	RX: 1
16:36:14.565 2023/07/08	GFOC	TX: V32	RX: -1281
16:36:14.565 2023/07/08	GFOC=-15.622	
16:36:15.033 2023/07/08	GFOC	TX: V46	RX: 1
16:36:15.038 2023/07/08	GFOC	TX: V32	RX: -1292
16:36:15.038 2023/07/08	GFOC=-15.756	
16:36:15.414 2023/07/08	GFOC	TX: V46	RX: 1
16:36:15.417 2023/07/08	GFOC	TX: V32	RX: -1300
16:36:15.418 2023/07/08	GFOC=-15.854	
16:36:15.815 2023/07/08	GFOC	TX: V46	RX: 1
16:36:15.820 2023/07/08	GFOC	TX: V32	RX: -1309
16:36:15.821 2023/07/08	GFOC=-15.963	
16:36:16.198 2023/07/08	GFOC	TX: V46	RX: 1
16:36:16.202 2023/07/08	GFOC	TX: V32	RX: -1317
16:36:16.203 2023/07/08	GFOC=-16.061	
16:36:17.121 2023/07/08	GFOC	TX: V46	RX: 0
16:36:17.124 2023/07/08	GFOC	TX: V32	RX: 0
16:36:17.125 2023/07/08	GFOC=0.000	
16:36:17.663 2023/07/08	GFOC	TX: V46	RX: 0
16:36:17.667 2023/07/08	GFOC	TX: V32	RX: 0
16:36:18.058 2023/07/08	WPSEL GOTO OFF, CALW GOTO OFF, ASEL GOTO OFF	
16:36:18.062 2023/07/08	WPROT ACTIVE READY 0.000 WP1 1, WPSEL ACTIVE BUSY 0.000 L/4 1, CALW ACTIVE BUSY 0.000 OFF 1, ASEL ACTIVE BUSY 0.000 OFF 1, GMIR ACTIVE READY 0.000 TARGET 1, GFOC ACTIVE READY 0.000 TARGET 1
	
16:36:18.827 2023/07/08	WPSEL	TX: V20=400000.000	RX: OK
16:36:18.832 2023/07/08	WPSEL	TX: V21=2	RX: OK
16:36:18.835 2023/07/08	WPSEL	TX: GS29	RX: OK
16:36:18.977 2023/07/08	ASEL	TX: V20=0.000	RX: OK
16:36:18.988 2023/07/08	ASEL	TX: V21=1	RX: OK
16:36:19.305 2023/07/08	ASEL	TX: GS29	RX: OK
16:36:19.757 2023/07/08	WPSEL	TX: V46	RX: 1
16:36:19.762 2023/07/08	WPSEL	TX: EX	RX: 13271
16:36:19.763 2023/07/08	WPSEL=2.654	
16:36:19.894 2023/07/08	ASEL	TX: V46	RX: 0
16:36:19.897 2023/07/08	ASEL	TX: EX	RX: 0
16:36:19.898 2023/07/08	ASEL=0.000	
16:36:20.146 2023/07/08	WPSEL	TX: V46	RX: 1
16:36:20.149 2023/07/08	WPSEL	TX: EX	RX: 21866
16:36:20.150 2023/07/08	WPSEL=4.373	
16:36:20.288 2023/07/08	ASEL	TX: V46	RX: 0
16:36:20.292 2023/07/08	ASEL	TX: EX	RX: 0
16:36:20.537 2023/07/08	WPSEL	TX: V46	RX: 1
16:36:20.541 2023/07/08	WPSEL	TX: EX	RX: 30592
16:36:20.542 2023/07/08	WPSEL=6.118	
16:36:20.924 2023/07/08	WPSEL	TX: V46	RX: 1
16:36:20.928 2023/07/08	WPSEL	TX: EX	RX: 39213
16:36:20.929 2023/07/08	WPSEL=7.843	
16:36:21.064 2023/07/08	CALW	TX: V20=0.000	RX: OK
16:36:21.070 2023/07/08	CALW	TX: V21=1	RX: OK
16:36:21.073 2023/07/08	CALW	TX: GS29	RX: OK
16:36:21.344 2023/07/08	WPSEL	TX: V46	RX: 1
16:36:21.347 2023/07/08	WPSEL	TX: EX	RX: 48522
16:36:21.347 2023/07/08	WPSEL=9.704	
16:36:21.465 2023/07/08	CALW	TX: V46	RX: 0
16:36:21.470 2023/07/08	CALW	TX: EX	RX: 0
16:36:21.472 2023/07/08	CALW=0.000	
16:36:21.710 2023/07/08	WPSEL	TX: V46	RX: 1
16:36:21.715 2023/07/08	WPSEL	TX: EX	RX: 56713
16:36:21.716 2023/07/08	WPSEL=11.343	
16:36:21.854 2023/07/08	CALW	TX: V46	RX: 0
16:36:21.858 2023/07/08	CALW	TX: EX	RX: 0
16:36:22.102 2023/07/08	WPSEL	TX: V46	RX: 1
16:36:22.107 2023/07/08	WPSEL	TX: EX	RX: 65436
16:36:22.108 2023/07/08	WPSEL=13.087	
16:36:23.179 2023/07/08	WPSEL	TX: V46	RX: 1
16:36:23.182 2023/07/08	WPSEL	TX: EX	RX: 89352
16:36:23.183 2023/07/08	WPSEL=17.870	
16:36:23.661 2023/07/08	WPSEL	TX: V46	RX: 1
16:36:23.667 2023/07/08	WPSEL	TX: EX	RX: 100142
16:36:23.668 2023/07/08	WPSEL=20.028	
16:36:24.032 2023/07/08	WPSEL	TX: V46	RX: 1
16:36:24.037 2023/07/08	WPSEL	TX: EX	RX: 108351
16:36:24.037 2023/07/08	WPSEL=21.670	
16:36:24.564 2023/07/08	WPSEL	TX: V46	RX: 1
16:36:24.567 2023/07/08	WPSEL	TX: EX	RX: 120150
16:36:24.568 2023/07/08	WPSEL=24.030	
16:36:24.957 2023/07/08	WPSEL	TX: V46	RX: 1
16:36:24.962 2023/07/08	WPSEL	TX: EX	RX: 128919
16:36:24.963 2023/07/08	WPSEL=25.784	
16:36:25.466 2023/07/08	WPSEL	TX: V46	RX: 1
16:36:25.471 2023/07/08	WPSEL	TX: EX	RX: 140263
16:36:25.472 2023/07/08	WPSEL=28.053	
16:36:26.002 2023/07/08	WPSEL	TX: V46	RX: 1
16:36:26.007 2023/07/08	WPSEL	TX: EX	RX: 152172
16:36:26.008 2023/07/08	WPSEL=30.434	
16:36:26.557 2023/07/08	WPSEL	TX: V46	RX: 1
16:36:26.560 2023/07/08	WPSEL	TX: EX	RX: 164469
16:36:26.561 2023/07/08	WPSEL=32.894	
16:36:26.917 2023/07/08	WPSEL	TX: V46	RX: 1
16:36:26.924 2023/07/08	WPSEL	TX: EX	RX: 172576
16:36:26.925 2023/07/08	WPSEL=34.515	
16:36:27.327 2023/07/08	WPSEL	TX: V46	RX: 1
16:36:27.331 2023/07/08	WPSEL	TX: EX	RX: 181624
16:36:27.332 2023/07/08	WPSEL=36.325	
16:36:27.701 2023/07/08	WPSEL	TX: V46	RX: 1
16:36:27.707 2023/07/08	WPSEL	TX: EX	RX: 190000
16:36:27.708 2023/07/08	WPSEL=38.000	
16:36:28.122 2023/07/08	WPSEL	TX: V46	RX: 1
16:36:28.127 2023/07/08	WPSEL	TX: EX	RX: 199332
16:36:28.128 2023/07/08	WPSEL=39.866	
16:36:28.652 2023/07/08	WPSEL	TX: V46	RX: 1
16:36:28.656 2023/07/08	WPSEL	TX: EX	RX: 211115
16:36:28.657 2023/07/08	WPSEL=42.223	
16:36:29.033 2023/07/08	WPSEL	TX: V46	RX: 1
16:36:29.036 2023/07/08	WPSEL	TX: EX	RX: 219542
16:36:29.038 2023/07/08	WPSEL=43.908	
16:36:29.418 2023/07/08	WPSEL	TX: V46	RX: 1
16:36:29.426 2023/07/08	WPSEL	TX: EX	RX: 228196
16:36:29.427 2023/07/08	WPSEL=45.639	
16:36:29.938 2023/07/08	WPSEL	TX: V46	RX: 1
16:36:29.943 2023/07/08	WPSEL	TX: EX	RX: 239717
16:36:29.944 2023/07/08	WPSEL=47.943	
16:36:30.307 2023/07/08	WPSEL	TX: V46	RX: 1
16:36:30.327 2023/07/08	WPSEL	TX: EX	RX: 247901
16:36:30.328 2023/07/08	WPSEL=49.580	
16:36:30.717 2023/07/08	WPSEL	TX: V46	RX: 1
16:36:30.721 2023/07/08	WPSEL	TX: EX	RX: 257045
16:36:30.722 2023/07/08	WPSEL=51.409	
16:36:31.092 2023/07/08	WPSEL	TX: V46	RX: 1
16:36:31.097 2023/07/08	WPSEL	TX: EX	RX: 265390
16:36:31.097 2023/07/08	WPSEL=53.078	
16:36:31.502 2023/07/08	WPSEL	TX: V46	RX: 1
16:36:31.507 2023/07/08	WPSEL	TX: EX	RX: 274522
16:36:31.508 2023/07/08	WPSEL=54.904	
16:36:32.021 2023/07/08	WPSEL	TX: V46	RX: 1
16:36:32.026 2023/07/08	WPSEL	TX: EX	RX: 286088
16:36:32.027 2023/07/08	WPSEL=57.218	
16:36:32.531 2023/07/08	WPSEL	TX: V46	RX: 1
16:36:32.543 2023/07/08	WPSEL	TX: EX	RX: 297434
16:36:32.544 2023/07/08	WPSEL=59.487	
16:36:33.057 2023/07/08	WPSEL	TX: V46	RX: 1
16:36:33.069 2023/07/08	WPSEL	TX: EX	RX: 309275
16:36:33.070 2023/07/08	WPSEL=61.855	
16:36:33.568 2023/07/08	WPSEL	TX: V46	RX: 1
16:36:33.573 2023/07/08	WPSEL	TX: EX	RX: 320473
16:36:33.574 2023/07/08	WPSEL=64.095	
16:36:34.097 2023/07/08	WPSEL	TX: V46	RX: 1
16:36:34.122 2023/07/08	WPSEL	TX: EX	RX: 332674
16:36:34.123 2023/07/08	WPSEL=66.535	
16:36:34.614 2023/07/08	WPSEL	TX: V46	RX: 1
16:36:34.620 2023/07/08	WPSEL	TX: EX	RX: 343757
16:36:34.621 2023/07/08	WPSEL=68.751	
16:36:35.002 2023/07/08	WPSEL	TX: V46	RX: 1
16:36:35.009 2023/07/08	WPSEL	TX: EX	RX: 352368
16:36:35.010 2023/07/08	WPSEL=70.474	
16:36:35.498 2023/07/08	WPSEL	TX: V46	RX: 1
16:36:35.502 2023/07/08	WPSEL	TX: EX	RX: 363382
16:36:35.503 2023/07/08	WPSEL=72.676	
16:36:36.031 2023/07/08	WPSEL	TX: V46	RX: 1
16:36:36.041 2023/07/08	WPSEL	TX: EX	RX: 375319
16:36:36.042 2023/07/08	WPSEL=75.064	
16:36:36.539 2023/07/08	WPSEL	TX: V46	RX: 1
16:36:36.544 2023/07/08	WPSEL	TX: EX	RX: 386575
16:36:36.545 2023/07/08	WPSEL=77.315	
16:36:36.951 2023/07/08	WPSEL	TX: V46	RX: 1
16:36:36.956 2023/07/08	WPSEL	TX: EX	RX: 395739
16:36:36.957 2023/07/08	WPSEL=79.148	
16:36:37.487 2023/07/08	WPSEL	TX: V46	RX: 0
16:36:37.491 2023/07/08	WPSEL	TX: EX	RX: 399999
16:36:37.492 2023/07/08	WPSEL=80.000	
16:36:38.024 2023/07/08	WPSEL	TX: V46	RX: 0
16:36:38.031 2023/07/08	WPSEL	TX: EX	RX: 399999
19:03:30.297 2023/07/08	WPSEL GOTO L/2, CALW GOTO OFF, ASEL GOTO ON	
19:03:30.301 2023/07/08	WPROT ACTIVE NONE 0.000 NONE -1, WPSEL ACTIVE BUSY 80.000 OFF 2, CALW ACTIVE BUSY 0.000 OFF 1, ASEL ACTIVE BUSY 0.000 OFF 1, GMIR ACTIVE READY 0.000 TARGET 1, GFOC ACTIVE READY 0.000 TARGET 1
	
19:03:31.090 2023/07/08	WPSEL	TX: V20=800000.000	RX: OK
19:03:31.093 2023/07/08	WPSEL	TX: V21=3	RX: OK
19:03:31.095 2023/07/08	WPSEL	TX: GS29	RX: OK
19:03:31.227 2023/07/08	ASEL	TX: V20=4800.000	RX: OK
19:03:31.229 2023/07/08	ASEL	TX: V21=2	RX: OK
19:03:31.232 2023/07/08	ASEL	TX: GS29	RX: OK
19:03:31.604 2023/07/08	WPSEL	TX: V46	RX: 1
19:03:31.609 2023/07/08	WPSEL	TX: EX	RX: 404082
19:03:31.610 2023/07/08	WPSEL=80.816	
19:03:31.741 2023/07/08	ASEL	TX: V46	RX: 1
19:03:32.219 2023/07/08	ASEL	TX: EX	RX: -644
19:03:32.220 2023/07/08	ASEL=3.864	
19:03:32.500 2023/07/08	WPSEL	TX: V46	RX: 1
19:03:32.511 2023/07/08	WPSEL	TX: EX	RX: 423980
19:03:32.512 2023/07/08	WPSEL=84.796	
19:03:33.283 2023/07/08	ASEL	TX: V46	RX: 1
19:03:33.285 2023/07/08	ASEL	TX: EX	RX: -1722
19:03:33.286 2023/07/08	ASEL=10.332	
19:03:33.577 2023/07/08	WPSEL	TX: V46	RX: 1
19:03:33.891 2023/07/08	WPSEL	TX: EX	RX: 454815
19:03:33.892 2023/07/08	WPSEL=90.963	
19:03:34.059 2023/07/08	ASEL	TX: V46	RX: 1
19:03:34.286 2023/07/08	ASEL	TX: EX	RX: -2730
19:03:34.287 2023/07/08	ASEL=16.380	
19:03:34.594 2023/07/08	WPSEL	TX: V46	RX: 1
19:03:34.600 2023/07/08	WPSEL	TX: EX	RX: 470529
19:03:34.601 2023/07/08	WPSEL=94.106	
19:03:34.753 2023/07/08	ASEL	TX: V46	RX: 1
19:03:35.071 2023/07/08	ASEL	TX: EX	RX: -3525
19:03:35.072 2023/07/08	ASEL=21.150	
19:03:35.531 2023/07/08	WPSEL	TX: V46	RX: 1
19:03:35.536 2023/07/08	WPSEL	TX: EX	RX: 491392
19:03:35.537 2023/07/08	WPSEL=98.278	
19:03:35.676 2023/07/08	ASEL	TX: V46	RX: 1
19:03:35.679 2023/07/08	ASEL	TX: EX	RX: -4141
19:03:35.680 2023/07/08	ASEL=24.846	
19:03:36.061 2023/07/08	WPSEL	TX: V46	RX: 1
19:03:36.078 2023/07/08	WPSEL	TX: EX	RX: 503192
19:03:36.079 2023/07/08	WPSEL=100.638	
19:03:36.207 2023/07/08	ASEL	TX: V46	RX: 1
19:03:36.210 2023/07/08	ASEL	TX: EX	RX: -4677
19:03:36.211 2023/07/08	ASEL=28.062	
19:03:36.487 2023/07/08	WPSEL	TX: V46	RX: 1
19:03:36.492 2023/07/08	WPSEL	TX: EX	RX: 512635
19:03:36.493 2023/07/08	WPSEL=102.527	
19:03:36.644 2023/07/08	ASEL	TX: V46	RX: 1
19:03:36.647 2023/07/08	ASEL	TX: EX	RX: -4798
19:03:36.648 2023/07/08	ASEL=28.788	
19:03:36.910 2023/07/08	WPSEL	TX: V46	RX: 1
19:03:37.250 2023/07/08	WPSEL	TX: EX	RX: 528885
19:03:37.253 2023/07/08	WPSEL=105.777	
19:03:37.929 2023/07/08	ASEL	TX: V46	RX: 0
19:03:37.932 2023/07/08	ASEL	TX: EX	RX: -4798
19:03:37.933 2023/07/08	ASEL=28.788	
19:03:38.231 2023/07/08	WPSEL	TX: V46	RX: 1
19:03:38.234 2023/07/08	WPSEL	TX: EX	RX: 551378
19:03:38.235 2023/07/08	WPSEL=110.276	
19:03:38.354 2023/07/08	ASEL	TX: V46	RX: 0
19:03:38.360 2023/07/08	ASEL	TX: EX	RX: -4798
19:03:38.618 2023/07/08	WPSEL	TX: V46	RX: 1
19:03:38.622 2023/07/08	WPSEL	TX: EX	RX: 560007
19:03:38.623 2023/07/08	WPSEL=112.001	
19:03:39.120 2023/07/08	WPSEL	TX: V46	RX: 1
19:03:39.123 2023/07/08	WPSEL	TX: EX	RX: 571141
19:03:39.124 2023/07/08	WPSEL=114.228	
19:03:39.263 2023/07/08	CALW	TX: V20=0.000	RX: OK
19:03:39.267 2023/07/08	CALW	TX: V21=1	RX: OK
19:03:39.270 2023/07/08	CALW	TX: GS29	RX: OK
19:03:39.518 2023/07/08	WPSEL	TX: V46	RX: 1
19:03:39.529 2023/07/08	WPSEL	TX: EX	RX: 580035
19:03:39.529 2023/07/08	WPSEL=116.007	
19:03:39.681 2023/07/08	CALW	TX: V46	RX: 0
19:03:39.685 2023/07/08	CALW	TX: EX	RX: 1
19:03:39.686 2023/07/08	CALW=-0.006	
19:03:39.924 2023/07/08	WPSEL	TX: V46	RX: 1
19:03:39.928 2023/07/08	WPSEL	TX: EX	RX: 589057
19:03:39.929 2023/07/08	WPSEL=117.811	
19:03:40.168 2023/07/08	CALW	TX: V46	RX: 0
19:03:40.171 2023/07/08	CALW	TX: EX	RX: 1
19:03:40.442 2023/07/08	WPSEL	TX: V46	RX: 1
19:03:40.445 2023/07/08	WPSEL	TX: EX	RX: 600537
19:03:40.446 2023/07/08	WPSEL=120.107	
19:03:41.109 2023/07/08	WPSEL	TX: V46	RX: 1
19:03:41.114 2023/07/08	WPSEL	TX: EX	RX: 615402
19:03:41.115 2023/07/08	WPSEL=123.080	
19:03:41.639 2023/07/08	WPSEL	TX: V46	RX: 1
19:03:41.642 2023/07/08	WPSEL	TX: EX	RX: 627141
19:03:41.643 2023/07/08	WPSEL=125.428	
19:03:42.007 2023/07/08	WPSEL	TX: V46	RX: 1
19:03:42.010 2023/07/08	WPSEL	TX: EX	RX: 635347
19:03:42.012 2023/07/08	WPSEL=127.069	
19:03:42.454 2023/07/08	WPSEL	TX: V46	RX: 1
19:03:42.458 2023/07/08	WPSEL	TX: EX	RX: 645306
19:03:42.459 2023/07/08	WPSEL=129.061	
19:03:42.944 2023/07/08	WPSEL	TX: V46	RX: 1
19:03:42.951 2023/07/08	WPSEL	TX: EX	RX: 656163
19:03:42.952 2023/07/08	WPSEL=131.233	
19:03:43.317 2023/07/08	WPSEL	TX: V46	RX: 1
19:03:43.322 2023/07/08	WPSEL	TX: EX	RX: 664493
19:03:43.323 2023/07/08	WPSEL=132.899	
19:03:43.719 2023/07/08	WPSEL	TX: V46	RX: 1
19:03:43.726 2023/07/08	WPSEL	TX: EX	RX: 673472
19:03:43.727 2023/07/08	WPSEL=134.694	
19:03:44.257 2023/07/08	WPSEL	TX: V46	RX: 1
19:03:44.262 2023/07/08	WPSEL	TX: EX	RX: 685409
19:03:44.263 2023/07/08	WPSEL=137.082	
19:03:44.645 2023/07/08	WPSEL	TX: V46	RX: 1
19:03:44.648 2023/07/08	WPSEL	TX: EX	RX: 693996
19:03:44.649 2023/07/08	WPSEL=138.799	
19:03:45.046 2023/07/08	WPSEL	TX: V46	RX: 1
19:03:45.049 2023/07/08	WPSEL	TX: EX	RX: 702906
19:03:45.050 2023/07/08	WPSEL=140.581	
19:03:45.584 2023/07/08	WPSEL	TX: V46	RX: 1
19:03:45.586 2023/07/08	WPSEL	TX: EX	RX: 714846
19:03:45.587 2023/07/08	WPSEL=142.969	
19:03:46.103 2023/07/08	WPSEL	TX: V46	RX: 1
19:03:46.106 2023/07/08	WPSEL	TX: EX	RX: 726395
19:03:46.107 2023/07/08	WPSEL=145.279	
19:03:46.626 2023/07/08	WPSEL	TX: V46	RX: 1
19:03:46.629 2023/07/08	WPSEL	TX: EX	RX: 738028
19:03:46.629 2023/07/08	WPSEL=147.606	
19:03:47.136 2023/07/08	WPSEL	TX: V46	RX: 1
19:03:47.143 2023/07/08	WPSEL	TX: EX	RX: 749452
19:03:47.144 2023/07/08	WPSEL=149.890	
19:03:47.669 2023/07/08	WPSEL	TX: V46	RX: 1
19:03:47.672 2023/07/08	WPSEL	TX: EX	RX: 761212
19:03:47.673 2023/07/08	WPSEL=152.242	
19:03:48.182 2023/07/08	WPSEL	TX: V46	RX: 1
19:03:48.187 2023/07/08	WPSEL	TX: EX	RX: 772660
19:03:48.188 2023/07/08	WPSEL=154.532	
19:03:48.706 2023/07/08	WPSEL	TX: V46	RX: 1
19:03:48.711 2023/07/08	WPSEL	TX: EX	RX: 784338
19:03:48.712 2023/07/08	WPSEL=156.868	
19:03:49.236 2023/07/08	WPSEL	TX: V46	RX: 1
19:03:49.239 2023/07/08	WPSEL	TX: EX	RX: 796066
19:03:49.240 2023/07/08	WPSEL=159.213	
19:03:49.627 2023/07/08	WPSEL	TX: V46	RX: 1
19:03:49.632 2023/07/08	WPSEL	TX: EX	RX: 799998
19:03:49.633 2023/07/08	WPSEL=160.000	
19:03:50.032 2023/07/08	WPSEL	TX: V46	RX: 0
19:03:50.037 2023/07/08	WPSEL	TX: EX	RX: 799998
19:03:50.038 2023/07/08	WPSEL=160.000	
19:03:50.388 2023/07/08	WPSEL	TX: V46	RX: 0
19:03:50.393 2023/07/08	WPSEL	TX: EX	RX: 799998
19:03:51.179 2023/07/08	WPROT	TX: V81=0	RX: OK
19:03:51.185 2023/07/08	WPROT	TX: V82=1875	RX: OK
19:03:51.189 2023/07/08	WPROT	TX: V83=3750	RX: OK
19:03:51.200 2023/07/08	WPROT	TX: V84=5625	RX: OK
19:03:51.203 2023/07/08	WPROT	TX: V85=7500	RX: OK
19:03:51.205 2023/07/08	WPROT	TX: V86=9375	RX: OK
19:03:51.208 2023/07/08	WPROT	TX: V87=11250	RX: OK
19:03:51.210 2023/07/08	WPROT	TX: V88=13125	RX: OK
19:03:51.213 2023/07/08	WPROT	TX: V89=15000	RX: OK
19:03:51.215 2023/07/08	WPROT	TX: V90=16875	RX: OK
19:03:51.218 2023/07/08	WPROT	TX: V91=18750	RX: OK
19:03:51.221 2023/07/08	WPROT	TX: V92=20625	RX: OK
19:03:51.223 2023/07/08	WPROT	TX: V93=22500	RX: OK
19:03:51.226 2023/07/08	WPROT	TX: V94=24375	RX: OK
19:03:51.228 2023/07/08	WPROT	TX: V95=26250	RX: OK
19:03:51.231 2023/07/08	WPROT	TX: V96=28125	RX: OK
19:03:51.233 2023/07/08	WPROT	TX: V20=900	RX: OK
19:03:51.236 2023/07/08	WPROT	TX: V21=0	RX: OK
19:03:51.238 2023/07/08	WPROT	TX: GS30	RX: OK
19:03:51.698 2023/07/08	WPROT	TX: V46	RX: 1
19:03:51.704 2023/07/08	WPROT	TX: EX	RX: -3358
19:03:51.705 2023/07/08	WPROT=40.296	
19:03:52.102 2023/07/08	WPROT	TX: V46	RX: 1
19:03:52.106 2023/07/08	WPROT	TX: EX	RX: -9451
19:03:52.107 2023/07/08	WPROT=113.412	
19:03:52.473 2023/07/08	WPROT	TX: V46	RX: 1
19:03:52.477 2023/07/08	WPROT	TX: EX	RX: -15060
19:03:52.478 2023/07/08	WPROT=180.720	
19:03:52.909 2023/07/08	WPROT	TX: V46	RX: 1
19:03:52.912 2023/07/08	WPROT	TX: EX	RX: -21620
19:03:52.913 2023/07/08	WPROT=259.440	
19:03:53.434 2023/07/08	WPROT	TX: V46	RX: 1
19:03:53.437 2023/07/08	WPROT	TX: EX	RX: -29568
19:03:53.438 2023/07/08	WPROT=354.816	
19:03:53.953 2023/07/08	WPROT	TX: V46	RX: 1
19:03:53.958 2023/07/08	WPROT	TX: EX	RX: -37436
19:03:53.959 2023/07/08	WPROT=449.232	
19:03:54.488 2023/07/08	WPROT	TX: V46	RX: 1
19:03:54.499 2023/07/08	WPROT	TX: EX	RX: -45507
19:03:54.500 2023/07/08	WPROT=546.084	
19:03:55.123 2023/07/08	WPROT	TX: V46	RX: 1
19:03:55.126 2023/07/08	WPROT	TX: EX	RX: -47742
19:03:55.127 2023/07/08	WPROT=572.904	
19:03:55.527 2023/07/08	WPROT	TX: V46	RX: 1
19:03:55.532 2023/07/08	WPROT	TX: EX	RX: -51841
19:03:55.533 2023/07/08	WPROT=622.092	
19:03:55.896 2023/07/08	WPROT	TX: V46	RX: 1
19:03:55.900 2023/07/08	WPROT	TX: EX	RX: -57405
19:03:55.901 2023/07/08	WPROT=688.860	
19:03:56.311 2023/07/08	WPROT	TX: V46	RX: 1
19:03:56.315 2023/07/08	WPROT	TX: EX	RX: -63667
19:03:56.316 2023/07/08	WPROT=764.004	
19:03:56.848 2023/07/08	WPROT	TX: V46	RX: 1
19:03:56.851 2023/07/08	WPROT	TX: EX	RX: -71754
19:03:56.852 2023/07/08	WPROT=861.048	
19:03:57.349 2023/07/08	WPROT	TX: V46	RX: 0
19:03:57.353 2023/07/08	WPROT	TX: EX	RX: 0
19:03:57.354 2023/07/08	WPROT=0.000	
19:03:57.874 2023/07/08	WPROT	TX: V46	RX: 0
19:03:57.877 2023/07/08	WPROT	TX: EX	RX: 0
19:05:23.557 2023/07/08	GFOC GOTO 6.000000	
19:05:23.560 2023/07/08	WPROT ACTIVE READY 0.000 WP1 1, WPSEL ACTIVE READY 160.000 L/2 3, CALW ACTIVE READY -0.006 OFF 1, ASEL ACTIVE READY 28.788 ON 2, GMIR ACTIVE READY 0.000 TARGET 1, GFOC ACTIVE BUSY 0.000 TARGET 1
	
19:05:24.539 2023/07/08	GFOC	TX: V20=492.000	RX: OK
19:05:24.545 2023/07/08	GFOC	TX: V21=32	RX: OK
19:05:24.548 2023/07/08	GFOC	TX: GS29	RX: OK
19:05:24.927 2023/07/08	GFOC	TX: V46	RX: 1
19:05:24.932 2023/07/08	GFOC	TX: V32	RX: 0
19:05:24.933 2023/07/08	GFOC=0.000	
19:05:25.338 2023/07/08	GFOC	TX: V46	RX: 1
19:05:25.341 2023/07/08	GFOC	TX: V32	RX: 13
19:05:25.342 2023/07/08	GFOC=0.159	
19:05:25.701 2023/07/08	GFOC	TX: V46	RX: 1
19:05:25.705 2023/07/08	GFOC	TX: V32	RX: 23
19:05:25.706 2023/07/08	GFOC=0.280	
19:05:26.112 2023/07/08	GFOC	TX: V46	RX: 1
19:05:26.117 2023/07/08	GFOC	TX: V32	RX: 35
19:05:26.118 2023/07/08	GFOC=0.427	
19:05:26.633 2023/07/08	GFOC	TX: V46	RX: 1
19:05:26.638 2023/07/08	GFOC	TX: V32	RX: 51
19:05:26.639 2023/07/08	GFOC=0.622	
19:05:27.172 2023/07/08	GFOC	TX: V46	RX: 1
19:05:27.174 2023/07/08	GFOC	TX: V32	RX: 67
19:05:27.176 2023/07/08	GFOC=0.817	
19:05:27.681 2023/07/08	GFOC	TX: V46	RX: 1
19:05:27.688 2023/07/08	GFOC	TX: V32	RX: 82
19:05:27.689 2023/07/08	GFOC=1.000	
19:05:28.209 2023/07/08	GFOC	TX: V46	RX: 1
19:05:28.215 2023/07/08	GFOC	TX: V32	RX: 98
19:05:28.216 2023/07/08	GFOC=1.195	
19:05:28.734 2023/07/08	GFOC	TX: V46	RX: 1
19:05:28.739 2023/07/08	GFOC	TX: V32	RX: 114
19:05:28.740 2023/07/08	GFOC=1.390	
19:05:29.263 2023/07/08	GFOC	TX: V46	RX: 1
19:05:29.268 2023/07/08	GFOC	TX: V32	RX: 129
19:05:29.269 2023/07/08	GFOC=1.573	
19:05:29.797 2023/07/08	GFOC	TX: V46	RX: 1
19:05:29.799 2023/07/08	GFOC	TX: V32	RX: 145
19:05:29.800 2023/07/08	GFOC=1.768	
19:05:30.320 2023/07/08	GFOC	TX: V46	RX: 1
19:05:30.323 2023/07/08	GFOC	TX: V32	RX: 161
19:05:30.324 2023/07/08	GFOC=1.963	
19:05:30.697 2023/07/08	GFOC	TX: V46	RX: 1
19:05:30.702 2023/07/08	GFOC	TX: V32	RX: 172
19:05:30.707 2023/07/08	GFOC=2.098	
19:05:31.109 2023/07/08	GFOC	TX: V46	RX: 1
19:05:31.112 2023/07/08	GFOC	TX: V32	RX: 184
19:05:31.112 2023/07/08	GFOC=2.244	
19:05:31.488 2023/07/08	GFOC	TX: V46	RX: 1
19:05:31.493 2023/07/08	GFOC	TX: V32	RX: 196
19:05:31.494 2023/07/08	GFOC=2.390	
19:05:31.898 2023/07/08	GFOC	TX: V46	RX: 1
19:05:32.365 2023/07/08	GFOC	TX: V32	RX: 222
19:05:32.366 2023/07/08	GFOC=2.707	
19:05:32.781 2023/07/08	GFOC	TX: V46	RX: 1
19:05:32.787 2023/07/08	GFOC	TX: V32	RX: 234
19:05:32.788 2023/07/08	GFOC=2.854	
19:05:33.355 2023/07/08	GFOC	TX: V46	RX: 1
19:05:33.358 2023/07/08	GFOC	TX: V32	RX: 251
19:05:33.358 2023/07/08	GFOC=3.061	
19:05:33.837 2023/07/08	GFOC	TX: V46	RX: 1
19:05:33.841 2023/07/08	GFOC	TX: V32	RX: 265
19:05:33.842 2023/07/08	GFOC=3.232	
19:05:34.364 2023/07/08	GFOC	TX: V46	RX: 1
19:05:34.369 2023/07/08	GFOC	TX: V32	RX: 281
19:05:34.370 2023/07/08	GFOC=3.427	
19:05:34.900 2023/07/08	GFOC	TX: V46	RX: 1
19:05:34.903 2023/07/08	GFOC	TX: V32	RX: 297
19:05:34.904 2023/07/08	GFOC=3.622	
19:05:35.423 2023/07/08	GFOC	TX: V46	RX: 1
19:05:35.426 2023/07/08	GFOC	TX: V32	RX: 313
19:05:35.427 2023/07/08	GFOC=3.817	
19:05:35.848 2023/07/08	GFOC	TX: V46	RX: 1
19:05:35.851 2023/07/08	GFOC	TX: V32	RX: 325
19:05:35.852 2023/07/08	GFOC=3.963	
19:05:36.239 2023/07/08	GFOC	TX: V46	RX: 1
19:05:36.241 2023/07/08	GFOC	TX: V32	RX: 337
19:05:36.242 2023/07/08	GFOC=4.110	
19:05:36.633 2023/07/08	GFOC	TX: V46	RX: 1
19:05:36.637 2023/07/08	GFOC	TX: V32	RX: 348
19:05:36.638 2023/07/08	GFOC=4.244	
19:05:36.998 2023/07/08	GFOC	TX: V46	RX: 1
19:05:37.001 2023/07/08	GFOC	TX: V32	RX: 359
19:05:37.002 2023/07/08	GFOC=4.378	
19:05:37.414 2023/07/08	GFOC	TX: V46	RX: 1
19:05:37.418 2023/07/08	GFOC	TX: V32	RX: 372
19:05:37.419 2023/07/08	GFOC=4.537	
19:05:37.791 2023/07/08	GFOC	TX: V46	RX: 1
19:05:37.794 2023/07/08	GFOC	TX: V32	RX: 383
19:05:37.795 2023/07/08	GFOC=4.671	
19:05:38.185 2023/07/08	GFOC	TX: V46	RX: 1
19:05:38.190 2023/07/08	GFOC	TX: V32	RX: 394
19:05:38.190 2023/07/08	GFOC=4.805	
19:05:38.555 2023/07/08	GFOC	TX: V46	RX: 1
19:05:38.560 2023/07/08	GFOC	TX: V32	RX: 405
19:05:38.561 2023/07/08	GFOC=4.939	
19:05:38.964 2023/07/08	GFOC	TX: V46	RX: 1
19:05:38.971 2023/07/08	GFOC	TX: V32	RX: 417
19:05:38.972 2023/07/08	GFOC=5.085	
19:05:39.373 2023/07/08	GFOC	TX: V46	RX: 1
19:05:39.380 2023/07/08	GFOC	TX: V32	RX: 429
19:05:39.381 2023/07/08	GFOC=5.232	
19:05:39.769 2023/07/08	GFOC	TX: V46	RX: 1
19:05:39.772 2023/07/08	GFOC	TX: V32	RX: 441
19:05:39.773 2023/07/08	GFOC=5.378	
19:05:40.138 2023/07/08	GFOC	TX: V46	RX: 1
19:05:40.141 2023/07/08	GFOC	TX: V32	RX: 452
19:05:40.142 2023/07/08	GFOC=5.512	
19:05:40.542 2023/07/08	GFOC	TX: V46	RX: 1
19:05:40.547 2023/07/08	GFOC	TX: V32	RX: 464
19:05:40.548 2023/07/08	GFOC=5.659	
19:05:41.080 2023/07/08	GFOC	TX: V46	RX: 1
19:05:41.084 2023/07/08	GFOC	TX: V32	RX: 480
19:05:41.084 2023/07/08	GFOC=5.854	
19:05:41.592 2023/07/08	GFOC	TX: V46	RX: 1
19:05:41.597 2023/07/08	GFOC	TX: V32	RX: 495
19:05:41.598 2023/07/08	GFOC=6.037	
19:05:42.119 2023/07/08	GFOC	TX: V46	RX: 1
19:05:42.125 2023/07/08	GFOC	TX: V32	RX: 497
19:05:42.125 2023/07/08	GFOC=6.061	
19:05:42.654 2023/07/08	GFOC	TX: V46	RX: 0
19:05:42.659 2023/07/08	GFOC	TX: V32	RX: 492
19:05:42.660 2023/07/08	GFOC=6.000	
19:05:43.171 2023/07/08	GFOC	TX: V46	RX: 0
19:05:43.176 2023/07/08	GFOC	TX: V32	RX: 492
19:12:32.178 2023/07/08	GMIR GOTO 330.000000	
19:12:32.180 2023/07/08	WPROT ACTIVE READY 0.000 WP1 1, WPSEL ACTIVE READY 160.000 L/2 3, CALW ACTIVE READY -0.006 OFF 1, ASEL ACTIVE READY 28.788 ON 2, GMIR ACTIVE BUSY 0.000 TARGET 1, GFOC ACTIVE READY 6.000 TARGET 1
	
19:12:33.085 2023/07/08	GMIR	TX: V20=55000.000	RX: OK
19:12:33.090 2023/07/08	GMIR	TX: V21=16	RX: OK
19:12:33.093 2023/07/08	GMIR	TX: GS29	RX: OK
19:12:33.602 2023/07/08	GMIR	TX: V46	RX: 1
19:12:33.606 2023/07/08	GMIR	TX: EX	RX: 1794
19:12:33.607 2023/07/08	GMIR=10.764	
19:12:33.993 2023/07/08	GMIR	TX: V46	RX: 1
19:12:34.001 2023/07/08	GMIR	TX: EX	RX: 7688
19:12:34.002 2023/07/08	GMIR=46.128	
19:12:34.407 2023/07/08	GMIR	TX: V46	RX: 1
19:12:34.412 2023/07/08	GMIR	TX: EX	RX: 13942
19:12:34.413 2023/07/08	GMIR=83.652	
19:12:34.942 2023/07/08	GMIR	TX: V46	RX: 1
19:12:34.945 2023/07/08	GMIR	TX: EX	RX: 21993
19:12:34.946 2023/07/08	GMIR=131.958	
19:12:35.466 2023/07/08	GMIR	TX: V46	RX: 1
19:12:35.469 2023/07/08	GMIR	TX: EX	RX: 29918
19:12:35.470 2023/07/08	GMIR=179.508	
19:12:35.982 2023/07/08	GMIR	TX: V46	RX: 1
19:12:35.985 2023/07/08	GMIR	TX: EX	RX: 37726
19:12:35.988 2023/07/08	GMIR=226.356	
19:12:36.500 2023/07/08	GMIR	TX: V46	RX: 1
19:12:36.505 2023/07/08	GMIR	TX: EX	RX: 45591
19:12:36.506 2023/07/08	GMIR=273.546	
19:12:37.028 2023/07/08	GMIR	TX: V46	RX: 1
19:12:37.031 2023/07/08	GMIR	TX: EX	RX: 53464
19:12:37.032 2023/07/08	GMIR=320.784	
19:12:37.399 2023/07/08	GMIR	TX: V46	RX: 0
19:12:37.404 2023/07/08	GMIR	TX: EX	RX: 55000
19:12:37.405 2023/07/08	GMIR=330.000	
19:12:37.819 2023/07/08	GMIR	TX: V46	RX: 0
19:12:37.822 2023/07/08	GMIR	TX: EX	RX: 55000
