14:36:26.894 2023/06/13	WPSEL INIT NONE	
14:36:27.351 2023/06/13	WPSEL	TX: V20=-5000	RX: OK	TX: V21=0	RX: OK	TX: GS30	RX: OK	
14:36:49.601 2023/06/13	WPSEL	TX: V46	RX: 0	TX: EX	RX: 1	
14:36:50.417 2023/06/13	WPROT	TX: V81=0	RX: OK	TX: V82=1875	RX: OK	TX: V83=3750	RX: OK	TX: V84=5625	RX: OK	TX: V85=7500	RX: OK	TX: V86=9375	RX: OK	TX: V87=11250	RX: OK	TX: V88=13125	RX: OK	TX: V89=15000	RX: OK	TX: V90=16875	RX: OK	TX: V91=18750	RX: OK	TX: V92=20625	RX: OK	TX: V93=22500	RX: OK	TX: V94=24375	RX: OK	TX: V95=26250	RX: OK	TX: V96=28125	RX: OK	TX: V20=900	RX: OK	TX: V21=0	RX: OK	TX: GS30	RX: OK	
14:36:57.722 2023/06/13	WPROT	TX: V46	RX: 0	TX: EX	RX: 0	
14:37:18.307 2023/06/13	CALW INIT NONE	
14:37:19.395 2023/06/13	CALW	TX: V20=0	RX: OK	TX: V21=0	RX: OK	TX: GS30	RX: OK	
14:37:27.478 2023/06/13	CALW	TX: V46	RX: 0	TX: EX	RX: 0	
14:37:35.247 2023/06/13	GFOC INIT NONE	
14:37:35.925 2023/06/13	GFOC	TX: V20=0	RX: OK	TX: V21=32	RX: OK	TX: GS30	RX: OK	
14:37:47.937 2023/06/13	ASEL INIT NONE	
14:37:48.528 2023/06/13	ASEL	TX: V20=-200	RX: OK	TX: V21=0	RX: OK	TX: GS30	RX: OK	
14:37:58.886 2023/06/13	ASEL	TX: V46	RX: 0	TX: EX	RX: 0	
14:38:03.475 2023/06/13	GFOC	TX: V46	RX: 0	TX: V32	RX: 0	
14:38:23.575 2023/06/13	GMIR INIT NONE	
14:38:24.033 2023/06/13	GMIR	TX: V20=0	RX: OK	TX: V21=16	RX: OK	TX: GS30	RX: OK	
14:38:36.038 2023/06/13	GMIR	TX: V46	RX: 0	TX: EX	RX: 0	
14:40:49.836 2023/06/13	WPROT GOTO WP2	
14:40:49.845 2023/06/13	<Immediate> 	TX: GS2	RX: OK	
14:40:50.623 2023/06/13	WPROT	TX: V46	RX: 0	TX: EX	RX: -1875	
14:40:59.620 2023/06/13	WPROT GOTO WP3	
14:40:59.639 2023/06/13	<Immediate> 	TX: GS3	RX: OK	
14:41:00.488 2023/06/13	WPROT	TX: V46	RX: 0	TX: EX	RX: -3750	
14:41:07.073 2023/06/13	WPROT GOTO WP8	
14:41:07.093 2023/06/13	<Immediate> 	TX: GS8	RX: OK	
14:41:08.298 2023/06/13	WPROT	TX: V46	RX: 0	TX: EX	RX: -13125	
14:41:18.459 2023/06/13	WPROT GOTO WP1	
14:41:18.480 2023/06/13	<Immediate> 	TX: GS1	RX: OK	
14:41:20.001 2023/06/13	WPROT	TX: V46	RX: 0	TX: EX	RX: 0	
15:40:53.007 2023/06/13	WPSEL INIT NONE, GMIR INIT NONE, CALW INIT NONE	
15:40:53.477 2023/06/13	GMIR	TX: V20=0	RX: OK	TX: V21=16	RX: OK	TX: GS30	RX: OK	
15:40:53.622 2023/06/13	WPSEL	TX: V20=-5000	RX: OK	TX: V21=0	RX: OK	TX: GS30	RX: OK	
15:40:53.780 2023/06/13	CALW	TX: V20=0	RX: OK	TX: V21=0	RX: OK	TX: GS30	RX: OK	
15:41:01.422 2023/06/13	WPSEL	TX: V46	RX: 0	TX: EX	RX: 1	
15:41:02.954 2023/06/13	CALW	TX: V46	RX: 0	TX: EX	RX: 0	
15:41:03.280 2023/06/13	WPROT	TX: V81=0	RX: OK	TX: V82=1875	RX: OK	TX: V83=3750	RX: OK	TX: V84=5625	RX: OK	TX: V85=7500	RX: OK	TX: V86=9375	RX: OK	TX: V87=11250	RX: OK	TX: V88=13125	RX: OK	TX: V89=15000	RX: OK	TX: V90=16875	RX: OK	TX: V91=18750	RX: OK	TX: V92=20625	RX: OK	TX: V93=22500	RX: OK	TX: V94=24375	RX: OK	TX: V95=26250	RX: OK	TX: V96=28125	RX: OK	TX: V20=900	RX: OK	TX: V21=0	RX: OK	TX: GS30	RX: OK	
15:41:03.919 2023/06/13	GMIR	TX: V46	RX: 0	TX: EX	RX: 0	
15:41:11.757 2023/06/13	WPROT	TX: V46	RX: 0	TX: EX	RX: 0	
15:41:14.532 2023/06/13	GFOC INIT NONE, ASEL INIT NONE	
15:41:14.994 2023/06/13	ASEL	TX: V20=-200	RX: OK	TX: V21=0	RX: OK	TX: GS30	RX: OK	
15:41:15.125 2023/06/13	GFOC	TX: V20=0	RX: OK	TX: V21=32	RX: OK	TX: GS30	RX: OK	
15:41:16.294 2023/06/13	GFOC	TX: V46	RX: 0	TX: V32	RX: 0	
15:41:24.588 2023/06/13	ASEL	TX: V46	RX: 0	TX: EX	RX: 0	
15:41:27.432 2023/06/13	WPSEL GOTO OFF, CALW GOTO OFF, ASEL GOTO OFF	
15:41:27.915 2023/06/13	WPSEL	TX: V20=400000.000	RX: OK	TX: V21=2	RX: OK	TX: GS29	RX: OK	
15:41:28.049 2023/06/13	ASEL	TX: V20=0.000	RX: OK	TX: V21=1	RX: OK	TX: GS29	RX: OK	
15:41:28.829 2023/06/13	ASEL	TX: V46	RX: 0	TX: EX	RX: 0	
15:41:30.256 2023/06/13	CALW	TX: V20=0.000	RX: OK	TX: V21=1	RX: OK	TX: GS29	RX: OK	
15:41:31.030 2023/06/13	CALW	TX: V46	RX: 0	TX: EX	RX: 0	
15:41:47.135 2023/06/13	WPSEL	TX: V46	RX: 0	TX: EX	RX: 399999	
15:42:06.252 2023/06/13	WPSEL GOTO L/2, CALW GOTO SHUTTER, ASEL GOTO ON	
15:42:06.713 2023/06/13	WPSEL	TX: V20=800000.000	RX: OK	TX: V21=3	RX: OK	TX: GS29	RX: OK	
15:42:06.842 2023/06/13	ASEL	TX: V20=4800.000	RX: OK	TX: V21=2	RX: OK	TX: GS29	RX: OK	
15:42:13.408 2023/06/13	ASEL	TX: V46	RX: 0	TX: EX	RX: -4797	
15:42:14.160 2023/06/13	CALW	TX: V20=36000.000	RX: 	
15:42:25.775 2023/06/13	WPSEL	TX: V46	RX: 0	TX: EX	RX: 799998	
15:42:26.519 2023/06/13	WPROT	TX: V81=0	RX: OK	TX: V82=1875	RX: OK	TX: V83=3750	RX: OK	TX: V84=5625	RX: OK	TX: V85=7500	RX: OK	TX: V86=9375	RX: OK	TX: V87=11250	RX: OK	TX: V88=13125	RX: OK	TX: V89=15000	RX: OK	TX: V90=16875	RX: OK	TX: V91=18750	RX: OK	TX: V92=20625	RX: OK	TX: V93=22500	RX: OK	TX: V94=24375	RX: OK	TX: V95=26250	RX: OK	TX: V96=28125	RX: OK	TX: V20=900	RX: OK	TX: V21=0	RX: OK	TX: GS30	RX: OK	
15:42:33.135 2023/06/13	WPROT	TX: V46	RX: 0	TX: EX	RX: 0	
15:42:44.887 2023/06/13	WPSEL GOTO L/2, CALW GOTO PINHOLE, ASEL GOTO ON	
15:42:45.377 2023/06/13	ASEL	TX: V20=4800.000	RX: OK	TX: V21=2	RX: OK	TX: GS29	RX: OK	
15:42:45.616 2023/06/13	WPSEL	TX: V20=800000.000	RX: OK	TX: V21=3	RX: OK	TX: GS29	RX: OK	
15:42:46.746 2023/06/13	WPSEL	TX: V46	RX: 0	TX: EX	RX: 799999	
15:42:47.366 2023/06/13	ASEL	TX: V46	RX: 0	TX: EX	RX: -4797	
15:42:48.000 2023/06/13	WPROT	TX: V81=0	RX: OK	TX: V82=1875	RX: OK	TX: V83=3750	RX: OK	TX: V84=5625	RX: OK	TX: V85=7500	RX: OK	TX: V86=9375	RX: OK	TX: V87=11250	RX: OK	TX: V88=13125	RX: OK	TX: V89=15000	RX: OK	TX: V90=16875	RX: OK	TX: V91=18750	RX: OK	TX: V92=20625	RX: OK	TX: V93=22500	RX: OK	TX: V94=24375	RX: OK	TX: V95=26250	RX: OK	TX: V96=28125	RX: OK	TX: V20=900	RX: OK	TX: V21=0	RX: OK	TX: GS30	RX: OK	
15:42:56.253 2023/06/13	WPROT	TX: V46	RX: 0	TX: EX	RX: 0	
15:43:11.028 2023/06/13	WPSEL GOTO L/2, CALW GOTO DEPOLARIZER, ASEL GOTO ON	
15:43:11.492 2023/06/13	WPSEL	TX: V20=800000.000	RX: OK	TX: V21=3	RX: OK	TX: GS29	RX: OK	
15:43:11.623 2023/06/13	ASEL	TX: V20=4800.000	RX: OK	TX: V21=2	RX: OK	TX: GS29	RX: OK	
15:43:12.568 2023/06/13	WPSEL	TX: V46	RX: 0	TX: EX	RX: 799999	
15:43:12.708 2023/06/13	ASEL	TX: V46	RX: 0	TX: EX	RX: -4797	
15:43:13.460 2023/06/13	WPROT	TX: V81=0	RX: OK	TX: V82=1875	RX: OK	TX: V83=3750	RX: OK	TX: V84=5625	RX: OK	TX: V85=7500	RX: OK	TX: V86=9375	RX: OK	TX: V87=11250	RX: OK	TX: V88=13125	RX: OK	TX: V89=15000	RX: OK	TX: V90=16875	RX: OK	TX: V91=18750	RX: OK	TX: V92=20625	RX: OK	TX: V93=22500	RX: OK	TX: V94=24375	RX: OK	TX: V95=26250	RX: OK	TX: V96=28125	RX: OK	TX: V20=900	RX: OK	TX: V21=0	RX: OK	TX: GS30	RX: OK	
15:43:21.239 2023/06/13	WPROT	TX: V46	RX: 0	TX: EX	RX: 0	
15:46:10.657 2023/06/13	CALW INIT NONE	
15:46:27.331 2023/06/13	CALW GOTO PINHOLE	
15:47:22.725 2023/06/13	CALW INIT NONE	
15:47:23.307 2023/06/13	CALW	TX: V20=0	RX: OK	TX: V21=0	RX: OK	TX: GS30	RX: OK	
15:47:31.399 2023/06/13	CALW	TX: V46	RX: 0	TX: EX	RX: 0	
15:47:44.612 2023/06/13	WPSEL GOTO L/2, CALW GOTO POLARIZER, ASEL GOTO ON	
15:47:45.078 2023/06/13	ASEL	TX: V20=4800.000	RX: OK	TX: V21=2	RX: OK	TX: GS29	RX: OK	
15:47:45.318 2023/06/13	WPSEL	TX: V20=800000.000	RX: OK	TX: V21=3	RX: OK	TX: GS29	RX: OK	
15:47:46.097 2023/06/13	WPSEL	TX: V46	RX: 0	TX: EX	RX: 799999	
15:47:46.242 2023/06/13	ASEL	TX: V46	RX: 0	TX: EX	RX: -4797	
15:47:46.948 2023/06/13	WPROT	TX: V81=0	RX: OK	TX: V82=1875	RX: OK	TX: V83=3750	RX: OK	TX: V84=5625	RX: OK	TX: V85=7500	RX: OK	TX: V86=9375	RX: OK	TX: V87=11250	RX: OK	TX: V88=13125	RX: OK	TX: V89=15000	RX: OK	TX: V90=16875	RX: OK	TX: V91=18750	RX: OK	TX: V92=20625	RX: OK	TX: V93=22500	RX: OK	TX: V94=24375	RX: OK	TX: V95=26250	RX: OK	TX: V96=28125	RX: OK	TX: V20=900	RX: OK	TX: V21=0	RX: OK	TX: GS30	RX: OK	
15:47:47.081 2023/06/13	CALW	TX: V20=12000.000	RX: OK	TX: V21=2	RX: OK	TX: GS29	RX: OK	
15:47:49.704 2023/06/13	CALW	TX: V46	RX: 0	TX: EX	RX: -12000	
15:47:54.994 2023/06/13	WPROT	TX: V46	RX: 0	TX: EX	RX: 0	
15:48:07.322 2023/06/13	WPSEL GOTO L/2, CALW GOTO SHUTTER, ASEL GOTO ON	
15:48:07.780 2023/06/13	WPSEL	TX: V20=800000.000	RX: OK	TX: V21=3	RX: OK	TX: GS29	RX: OK	
15:48:07.910 2023/06/13	ASEL	TX: V20=4800.000	RX: OK	TX: V21=2	RX: OK	TX: GS29	RX: OK	
15:48:08.599 2023/06/13	WPSEL	TX: V46	RX: 0	TX: EX	RX: 799999	
15:48:09.105 2023/06/13	ASEL	TX: V46	RX: 0	TX: EX	RX: -4797	
15:48:09.413 2023/06/13	WPROT	TX: V81=0	RX: OK	TX: V82=1875	RX: OK	TX: V83=3750	RX: OK	TX: V84=5625	RX: OK	TX: V85=7500	RX: OK	TX: V86=9375	RX: OK	TX: V87=11250	RX: OK	TX: V88=13125	RX: OK	TX: V89=15000	RX: OK	TX: V90=16875	RX: OK	TX: V91=18750	RX: OK	TX: V92=20625	RX: OK	TX: V93=22500	RX: OK	TX: V94=24375	RX: OK	TX: V95=26250	RX: OK	TX: V96=28125	RX: OK	TX: V20=900	RX: OK	TX: V21=0	RX: OK	TX: GS30	RX: OK	
15:48:09.903 2023/06/13	CALW	TX: V20=36000.000	RX: OK	TX: V21=4	RX: OK	TX: GS29	RX: OK	
15:48:13.758 2023/06/13	CALW	TX: V46	RX: 0	TX: EX	RX: -36000	
15:48:17.123 2023/06/13	WPROT	TX: V46	RX: 0	TX: EX	RX: 0	
15:48:24.202 2023/06/13	WPSEL GOTO L/2, CALW GOTO OFF, ASEL GOTO ON	
15:48:24.660 2023/06/13	WPSEL	TX: V20=800000.000	RX: OK	TX: V21=3	RX: OK	TX: GS29	RX: OK	
15:48:24.790 2023/06/13	ASEL	TX: V20=4800.000	RX: OK	TX: V21=2	RX: OK	TX: GS29	RX: OK	
15:48:26.044 2023/06/13	WPSEL	TX: V46	RX: 0	TX: EX	RX: 799999	
15:48:26.190 2023/06/13	ASEL	TX: V46	RX: 0	TX: EX	RX: -4797	
15:48:26.830 2023/06/13	WPROT	TX: V81=0	RX: OK	TX: V82=1875	RX: OK	TX: V83=3750	RX: OK	TX: V84=5625	RX: OK	TX: V85=7500	RX: OK	TX: V86=9375	RX: OK	TX: V87=11250	RX: OK	TX: V88=13125	RX: OK	TX: V89=15000	RX: OK	TX: V90=16875	RX: OK	TX: V91=18750	RX: OK	TX: V92=20625	RX: OK	TX: V93=22500	RX: OK	TX: V94=24375	RX: OK	TX: V95=26250	RX: OK	TX: V96=28125	RX: OK	TX: V20=900	RX: OK	TX: V21=0	RX: OK	TX: GS30	RX: OK	
15:48:26.966 2023/06/13	CALW	TX: V20=0.000	RX: OK	TX: V21=1	RX: OK	TX: GS29	RX: OK	
15:48:31.010 2023/06/13	CALW	TX: V46	RX: 0	TX: EX	RX: 0	
15:48:34.533 2023/06/13	WPROT	TX: V46	RX: 0	TX: EX	RX: 0	
15:48:42.331 2023/06/13	WPROT GOTO WP8	
15:48:42.344 2023/06/13	<Immediate> 	TX: GS8	RX: OK	
15:48:43.633 2023/06/13	WPROT	TX: V46	RX: 0	TX: EX	RX: -13125	
15:49:13.771 2023/06/13	WPROT GOTO WP14	
15:49:13.783 2023/06/13	<Immediate> 	TX: GS14	RX: OK	
15:49:15.705 2023/06/13	WPROT	TX: V46	RX: 0	TX: EX	RX: -24374	
15:49:26.786 2023/06/13	WPSEL GOTO OFF, CALW GOTO OFF, ASEL GOTO OFF	
15:49:27.248 2023/06/13	WPSEL	TX: V20=400000.000	RX: OK	TX: V21=2	RX: OK	TX: GS29	RX: OK	
15:49:27.379 2023/06/13	ASEL	TX: V20=0.000	RX: OK	TX: V21=1	RX: OK	TX: GS29	RX: OK	
15:49:34.047 2023/06/13	ASEL	TX: V46	RX: 0	TX: EX	RX: -1	
15:49:35.085 2023/06/13	CALW	TX: V20=0.000	RX: OK	TX: V21=1	RX: OK	TX: GS29	RX: OK	
15:49:36.263 2023/06/13	CALW	TX: V46	RX: 0	TX: EX	RX: 0	
15:49:38.279 2023/06/13	WPSEL	TX: V46	RX: 	
15:49:39.153 2023/06/13	WPSEL	TX: V46	RX: 	
15:49:41.447 2023/06/13	WPSEL	TX: V46	RX: 	
15:49:41.858 2023/06/13	WPSEL	TX: V46	RX: 	
15:49:42.830 2023/06/13	WPSEL	TX: V46	RX: 	
15:49:46.602 2023/06/13	WPSEL	TX: V46	RX: 0	TX: EX	RX: 400001	
18:28:51.514 2023/06/13	WPSEL INIT NONE, GMIR INIT NONE, CALW INIT NONE	
18:28:51.972 2023/06/13	CALW	TX: V20=0	RX: OK	TX: V21=0	RX: OK	TX: GS30	RX: OK	
18:28:52.132 2023/06/13	GMIR	TX: V20=0	RX: OK	TX: V21=16	RX: OK	TX: GS30	RX: OK	
18:28:52.288 2023/06/13	WPSEL	TX: V20=-5000	RX: OK	TX: V21=0	RX: OK	TX: GS30	RX: OK	
18:29:01.239 2023/06/13	CALW	TX: V46	RX: 0	TX: EX	RX: 0	
18:29:02.930 2023/06/13	GMIR	TX: V46	RX: 0	TX: EX	RX: 0	
18:29:14.499 2023/06/13	WPSEL	TX: V46	RX: 0	TX: EX	RX: 0	
18:29:15.334 2023/06/13	WPROT	TX: V81=0	RX: OK	TX: V82=1875	RX: OK	TX: V83=3750	RX: OK	TX: V84=5625	RX: OK	TX: V85=7500	RX: OK	TX: V86=9375	RX: OK	TX: V87=11250	RX: OK	TX: V88=13125	RX: OK	TX: V89=15000	RX: OK	TX: V90=16875	RX: OK	TX: V91=18750	RX: OK	TX: V92=20625	RX: OK	TX: V93=22500	RX: OK	TX: V94=24375	RX: OK	TX: V95=26250	RX: OK	TX: V96=28125	RX: OK	TX: V20=900	RX: OK	TX: V21=0	RX: OK	TX: GS30	RX: OK	
18:29:22.575 2023/06/13	WPROT	TX: V46	RX: 0	TX: EX	RX: 0	
18:29:24.647 2023/06/13	GFOC INIT NONE, ASEL INIT NONE	
18:29:25.215 2023/06/13	ASEL	TX: V20=-200	RX: OK	TX: V21=0	RX: OK	TX: GS30	RX: OK	
18:29:25.343 2023/06/13	GFOC	TX: V20=0	RX: OK	TX: V21=32	RX: OK	TX: GS30	RX: OK	
18:29:35.434 2023/06/13	ASEL	TX: V46	RX: 0	TX: EX	RX: 0	
18:29:35.578 2023/06/13	GFOC	TX: V46	RX: 0	TX: V32	RX: 0	
18:29:36.954 2023/06/13	WPSEL GOTO OFF, CALW GOTO OFF, ASEL GOTO OFF	
18:29:37.533 2023/06/13	WPSEL	TX: V20=400000.000	RX: OK	TX: V21=2	RX: OK	TX: GS29	RX: OK	
18:29:37.659 2023/06/13	ASEL	TX: V20=0.000	RX: OK	TX: V21=1	RX: OK	TX: GS29	RX: OK	
18:29:39.138 2023/06/13	ASEL	TX: V46	RX: 0	TX: EX	RX: 0	
18:29:39.899 2023/06/13	CALW	TX: V20=0.000	RX: 	
18:29:56.951 2023/06/13	WPSEL	TX: V46	RX: 0	TX: EX	RX: 400000	
18:36:29.902 2023/06/13	WPSEL INIT NONE, GMIR INIT NONE, CALW INIT NONE	
18:36:30.375 2023/06/13	GMIR	TX: V20=0	RX: OK	TX: V21=16	RX: OK	TX: GS30	RX: OK	
18:36:30.550 2023/06/13	WPSEL	TX: V20=-5000	RX: OK	TX: V21=0	RX: OK	TX: GS30	RX: OK	
18:36:44.972 2023/06/13	GMIR	TX: V46	RX: 0	TX: EX	RX: 0	
18:36:52.864 2023/06/13	WPSEL	TX: V46	RX: 0	TX: EX	RX: 1	
18:36:53.599 2023/06/13	WPROT	TX: V81=0	RX: OK	TX: V82=1875	RX: OK	TX: V83=3750	RX: OK	TX: V84=5625	RX: OK	TX: V85=7500	RX: OK	TX: V86=9375	RX: OK	TX: V87=11250	RX: OK	TX: V88=13125	RX: OK	TX: V89=15000	RX: OK	TX: V90=16875	RX: OK	TX: V91=18750	RX: OK	TX: V92=20625	RX: OK	TX: V93=22500	RX: OK	TX: V94=24375	RX: OK	TX: V95=26250	RX: OK	TX: V96=28125	RX: OK	TX: V20=900	RX: OK	TX: V21=0	RX: OK	TX: GS30	RX: OK	
18:37:01.300 2023/06/13	WPROT	TX: V46	RX: 0	TX: EX	RX: 0	
18:48:27.087 2023/06/13	WPSEL INIT NONE, GMIR INIT NONE, CALW INIT NONE	
18:48:28.067 2023/06/13	GMIR	TX: V20=0	RX: OK	TX: V21=16	RX: OK	TX: GS30	RX: OK	
18:48:28.203 2023/06/13	WPSEL	TX: V20=-5000	RX: OK	TX: V21=0	RX: OK	TX: GS30	RX: OK	
18:48:28.335 2023/06/13	CALW	TX: V20=0	RX: OK	TX: V21=0	RX: OK	TX: GS30	RX: OK	
18:48:36.764 2023/06/13	WPSEL	TX: V46	RX: 0	TX: EX	RX: 0	
18:48:37.214 2023/06/13	CALW	TX: V46	RX: 0	TX: EX	RX: 0	
18:48:38.283 2023/06/13	WPROT	TX: V81=0	RX: OK	TX: V82=1875	RX: OK	TX: V83=3750	RX: OK	TX: V84=5625	RX: OK	TX: V85=7500	RX: OK	TX: V86=9375	RX: OK	TX: V87=11250	RX: OK	TX: V88=13125	RX: OK	TX: V89=15000	RX: OK	TX: V90=16875	RX: OK	TX: V91=18750	RX: OK	TX: V92=20625	RX: OK	TX: V93=22500	RX: OK	TX: V94=24375	RX: OK	TX: V95=26250	RX: OK	TX: V96=28125	RX: OK	TX: V20=900	RX: OK	TX: V21=0	RX: OK	TX: GS30	RX: OK	
18:48:38.835 2023/06/13	GMIR	TX: V46	RX: 0	TX: EX	RX: 0	
18:48:46.129 2023/06/13	WPROT	TX: V46	RX: 0	TX: EX	RX: 0	
18:48:49.523 2023/06/13	GFOC INIT NONE, ASEL INIT NONE	
18:48:50.011 2023/06/13	GFOC	TX: V20=0	RX: OK	TX: V21=32	RX: OK	TX: GS30	RX: OK	
18:48:50.257 2023/06/13	ASEL	TX: V20=-200	RX: OK	TX: V21=0	RX: OK	TX: GS30	RX: OK	
18:49:00.202 2023/06/13	GFOC	TX: V46	RX: 0	TX: V32	RX: 0	
18:49:00.460 2023/06/13	ASEL	TX: V46	RX: 0	TX: EX	RX: 0	
18:49:01.507 2023/06/13	WPSEL GOTO OFF, CALW GOTO OFF, ASEL GOTO OFF	
18:49:02.040 2023/06/13	ASEL	TX: V20=0.000	RX: OK	TX: V21=1	RX: OK	TX: GS29	RX: OK	
18:49:02.274 2023/06/13	WPSEL	TX: V20=400000.000	RX: OK	TX: V21=2	RX: OK	TX: GS29	RX: OK	
18:49:03.324 2023/06/13	ASEL	TX: V46	RX: 0	TX: EX	RX: 0	
18:49:04.417 2023/06/13	CALW	TX: V20=0.000	RX: OK	TX: V21=1	RX: OK	TX: GS29	RX: OK	
18:49:05.824 2023/06/13	CALW	TX: V46	RX: 0	TX: EX	RX: 0	
18:49:21.295 2023/06/13	WPSEL	TX: V46	RX: 0	TX: EX	RX: 399999	
19:05:13.507 2023/06/13	GFOC GOTO 7.100000	
19:05:14.083 2023/06/13	GFOC	TX: V20=582.200	RX: OK	TX: V21=32	RX: OK	TX: GS29	RX: OK	
19:05:35.761 2023/06/13	GFOC	TX: V46	RX: 0	TX: V32	RX: 582	
19:06:52.377 2023/06/13	GMIR GOTO 208.500000	
19:06:53.060 2023/06/13	GMIR	TX: V20=34750.000	RX: OK	TX: V21=16	RX: OK	TX: GS29	RX: OK	
19:06:56.730 2023/06/13	GMIR	TX: V46	RX: 0	TX: EX	RX: 34751	
19:07:38.233 2023/06/13	WPSEL GOTO L/4, CALW GOTO OFF, ASEL GOTO ON	
19:07:38.693 2023/06/13	ASEL	TX: V20=4800.000	RX: OK	TX: V21=2	RX: OK	TX: GS29	RX: OK	
19:07:39.018 2023/06/13	WPSEL	TX: V20=0.000	RX: OK	TX: V21=1	RX: OK	TX: GS29	RX: OK	
19:07:45.321 2023/06/13	ASEL	TX: V46	RX: 0	TX: EX	RX: -4797	
19:07:46.086 2023/06/13	CALW	TX: V20=0.000	RX: OK	TX: V21=1	RX: OK	TX: GS29	RX: OK	
19:07:48.050 2023/06/13	CALW	TX: V46	RX: 0	TX: EX	RX: 0	
19:07:58.154 2023/06/13	WPSEL	TX: V46	RX: 0	TX: EX	RX: 0	
19:07:58.899 2023/06/13	WPROT	TX: V81=0	RX: OK	TX: V82=1875	RX: OK	TX: V83=3750	RX: OK	TX: V84=5625	RX: OK	TX: V85=7500	RX: OK	TX: V86=9375	RX: OK	TX: V87=11250	RX: OK	TX: V88=13125	RX: OK	TX: V89=15000	RX: OK	TX: V90=16875	RX: OK	TX: V91=18750	RX: OK	TX: V92=20625	RX: OK	TX: V93=22500	RX: OK	TX: V94=24375	RX: OK	TX: V95=26250	RX: OK	TX: V96=28125	RX: OK	TX: V20=900	RX: OK	TX: V21=0	RX: OK	TX: GS30	RX: OK	
19:08:06.478 2023/06/13	WPROT	TX: V46	RX: 0	TX: EX	RX: 0	
19:09:08.003 2023/06/13	WPROT GOTO WP1	
19:09:08.019 2023/06/13	<Immediate> 	TX: GS1	RX: OK	
19:09:09.698 2023/06/13	WPROT	TX: V46	RX: 0	TX: EX	RX: 0	
19:12:09.987 2023/06/13	WPROT GOTO WP1	
19:12:09.997 2023/06/13	<Immediate> 	TX: GS1	RX: OK	
19:12:10.749 2023/06/13	WPROT	TX: V46	RX: 0	TX: EX	RX: 0	
19:14:15.368 2023/06/13	WPROT GOTO WP1	
19:14:15.388 2023/06/13	<Immediate> 	TX: GS1	RX: OK	
19:14:15.827 2023/06/13	WPROT	TX: V46	RX: 0	TX: EX	RX: 0	
19:16:56.131 2023/06/13	WPROT GOTO WP1	
19:16:56.144 2023/06/13	<Immediate> 	TX: GS1	RX: OK	
19:16:56.667 2023/06/13	WPROT	TX: V46	RX: 0	TX: EX	RX: 0	
19:17:13.065 2023/06/13	WPROT GOTO WP2	
19:17:13.076 2023/06/13	<Immediate> 	TX: GS2	RX: OK	
19:17:13.909 2023/06/13	WPROT	TX: V46	RX: 0	TX: EX	RX: -1876	
19:17:28.004 2023/06/13	WPROT GOTO WP3	
19:17:28.016 2023/06/13	<Immediate> 	TX: GS3	RX: OK	
19:17:28.887 2023/06/13	WPROT	TX: V46	RX: 0	TX: EX	RX: -3750	
19:17:45.256 2023/06/13	WPROT GOTO WP4	
19:17:45.293 2023/06/13	<Immediate> 	TX: GS4	RX: OK	
19:17:46.243 2023/06/13	WPROT	TX: V46	RX: 0	TX: EX	RX: -5626	
19:18:03.002 2023/06/13	WPROT GOTO WP5	
19:18:03.015 2023/06/13	<Immediate> 	TX: GS5	RX: OK	
19:18:03.862 2023/06/13	WPROT	TX: V46	RX: 0	TX: EX	RX: -7501	
19:18:18.297 2023/06/13	WPROT GOTO WP6	
19:18:18.308 2023/06/13	<Immediate> 	TX: GS6	RX: OK	
19:18:19.631 2023/06/13	WPROT	TX: V46	RX: 0	TX: EX	RX: -9376	
19:18:33.712 2023/06/13	WPROT GOTO WP7	
19:18:33.724 2023/06/13	<Immediate> 	TX: GS7	RX: OK	
19:18:34.557 2023/06/13	WPROT	TX: V46	RX: 	
19:18:34.827 2023/06/13	WPROT	TX: V46	RX: 0	TX: EX	RX: -11250	
19:18:49.113 2023/06/13	WPROT GOTO WP8	
19:18:49.125 2023/06/13	<Immediate> 	TX: GS8	RX: OK	
19:18:49.954 2023/06/13	WPROT	TX: V46	RX: 0	TX: EX	RX: -13125	
19:19:04.546 2023/06/13	WPROT GOTO WP9	
19:19:04.567 2023/06/13	<Immediate> 	TX: GS9	RX: OK	
19:19:05.337 2023/06/13	WPROT	TX: V46	RX: 0	TX: EX	RX: -15000	
19:19:20.022 2023/06/13	WPROT GOTO WP10	
19:19:20.034 2023/06/13	<Immediate> 	TX: GS10	RX: OK	
19:19:20.828 2023/06/13	WPROT	TX: V46	RX: 0	TX: EX	RX: -16876	
19:19:35.517 2023/06/13	WPROT GOTO WP11	
19:19:35.527 2023/06/13	<Immediate> 	TX: GS11	RX: OK	
19:19:36.289 2023/06/13	WPROT	TX: V46	RX: 0	TX: EX	RX: -18751	
19:19:50.808 2023/06/13	WPROT GOTO WP12	
19:19:50.820 2023/06/13	<Immediate> 	TX: GS12	RX: OK	
19:19:51.667 2023/06/13	WPROT	TX: V46	RX: 0	TX: EX	RX: -20626	
19:20:06.282 2023/06/13	WPROT GOTO WP13	
19:20:06.303 2023/06/13	<Immediate> 	TX: GS13	RX: OK	
19:20:07.073 2023/06/13	WPROT	TX: V46	RX: 0	TX: EX	RX: -22501	
19:20:21.678 2023/06/13	WPROT GOTO WP14	
19:20:21.689 2023/06/13	<Immediate> 	TX: GS14	RX: OK	
19:20:22.689 2023/06/13	WPROT	TX: V46	RX: 0	TX: EX	RX: -24376	
19:20:37.044 2023/06/13	WPROT GOTO WP15	
19:20:37.066 2023/06/13	<Immediate> 	TX: GS15	RX: OK	
19:20:37.887 2023/06/13	WPROT	TX: V46	RX: 0	TX: EX	RX: -26250	
19:20:52.387 2023/06/13	WPROT GOTO WP16	
19:20:52.409 2023/06/13	<Immediate> 	TX: GS16	RX: OK	
19:20:53.116 2023/06/13	WPROT	TX: V46	RX: 0	TX: EX	RX: -28125	
19:22:16.692 2023/06/13	WPROT GOTO WP1	
19:22:16.702 2023/06/13	<Immediate> 	TX: GS1	RX: OK	
19:22:17.868 2023/06/13	WPROT	TX: V46	RX: 0	TX: EX	RX: 0	
19:22:34.174 2023/06/13	WPROT GOTO WP2	
19:22:34.187 2023/06/13	<Immediate> 	TX: GS2	RX: OK	
19:22:34.962 2023/06/13	WPROT	TX: V46	RX: 0	TX: EX	RX: -1876	
19:22:49.617 2023/06/13	WPROT GOTO WP3	
19:22:49.628 2023/06/13	<Immediate> 	TX: GS3	RX: OK	
19:22:50.450 2023/06/13	WPROT	TX: V46	RX: 0	TX: EX	RX: -3750	
19:23:04.953 2023/06/13	WPROT GOTO WP4	
19:23:04.963 2023/06/13	<Immediate> 	TX: GS4	RX: OK	
19:23:05.726 2023/06/13	WPROT	TX: V46	RX: 0	TX: EX	RX: -5626	
19:23:20.362 2023/06/13	WPROT GOTO WP5	
19:23:20.382 2023/06/13	<Immediate> 	TX: GS5	RX: OK	
19:23:21.146 2023/06/13	WPROT	TX: V46	RX: 0	TX: EX	RX: -7501	
19:23:35.684 2023/06/13	WPROT GOTO WP6	
19:23:35.694 2023/06/13	<Immediate> 	TX: GS6	RX: OK	
19:23:36.490 2023/06/13	WPROT	TX: V46	RX: 0	TX: EX	RX: -9376	
19:23:51.271 2023/06/13	WPROT GOTO WP7	
19:23:51.284 2023/06/13	<Immediate> 	TX: GS7	RX: OK	
19:23:52.122 2023/06/13	WPROT	TX: V46	RX: 0	TX: EX	RX: -11250	
19:24:06.782 2023/06/13	WPROT GOTO WP8	
19:24:06.792 2023/06/13	<Immediate> 	TX: GS8	RX: OK	
19:24:07.576 2023/06/13	WPROT	TX: V46	RX: 0	TX: EX	RX: -13125	
19:24:22.202 2023/06/13	WPROT GOTO WP9	
19:24:22.214 2023/06/13	<Immediate> 	TX: GS9	RX: OK	
19:24:23.003 2023/06/13	WPROT	TX: V46	RX: 0	TX: EX	RX: -15000	
19:24:37.717 2023/06/13	WPROT GOTO WP10	
19:24:37.728 2023/06/13	<Immediate> 	TX: GS10	RX: OK	
19:24:38.532 2023/06/13	WPROT	TX: V46	RX: 0	TX: EX	RX: -16876	
19:24:52.942 2023/06/13	WPROT GOTO WP11	
19:24:52.955 2023/06/13	<Immediate> 	TX: GS11	RX: OK	
19:24:53.773 2023/06/13	WPROT	TX: V46	RX: 0	TX: EX	RX: -18750	
19:25:08.578 2023/06/13	WPROT GOTO WP12	
19:25:08.589 2023/06/13	<Immediate> 	TX: GS12	RX: OK	
19:25:09.818 2023/06/13	WPROT	TX: V46	RX: 0	TX: EX	RX: -20626	
19:25:23.737 2023/06/13	WPROT GOTO WP13	
19:25:23.749 2023/06/13	<Immediate> 	TX: GS13	RX: OK	
19:25:24.564 2023/06/13	WPROT	TX: V46	RX: 0	TX: EX	RX: -22501	
19:25:39.167 2023/06/13	WPROT GOTO WP14	
19:25:39.177 2023/06/13	<Immediate> 	TX: GS14	RX: OK	
19:25:39.943 2023/06/13	WPROT	TX: V46	RX: 0	TX: EX	RX: -24376	
19:25:54.712 2023/06/13	WPROT GOTO WP15	
19:25:54.727 2023/06/13	<Immediate> 	TX: GS15	RX: OK	
19:25:55.578 2023/06/13	WPROT	TX: V46	RX: 0	TX: EX	RX: -26250	
19:26:10.087 2023/06/13	WPROT GOTO WP16	
19:26:10.099 2023/06/13	<Immediate> 	TX: GS16	RX: OK	
19:26:10.834 2023/06/13	WPROT	TX: V46	RX: 0	TX: EX	RX: -28125	
19:26:35.127 2023/06/13	WPSEL GOTO L/2, CALW GOTO OFF, ASEL GOTO ON	
19:26:35.697 2023/06/13	WPSEL	TX: V20=800000.000	RX: OK	TX: V21=3	RX: OK	TX: GS29	RX: OK	
19:26:35.824 2023/06/13	ASEL	TX: V20=4800.000	RX: OK	TX: V21=2	RX: OK	TX: GS29	RX: OK	
19:26:37.319 2023/06/13	ASEL	TX: V46	RX: 0	TX: EX	RX: -4798	
19:26:38.067 2023/06/13	CALW	TX: V20=0.000	RX: 	
19:27:13.068 2023/06/13	WPSEL	TX: V46	RX: 0	TX: EX	RX: 799999	
19:27:13.852 2023/06/13	WPROT	TX: V81=0	RX: OK	TX: V82=1875	RX: OK	TX: V83=3750	RX: OK	TX: V84=5625	RX: OK	TX: V85=7500	RX: OK	TX: V86=9375	RX: OK	TX: V87=11250	RX: OK	TX: V88=13125	RX: OK	TX: V89=15000	RX: OK	TX: V90=16875	RX: OK	TX: V91=18750	RX: OK	TX: V92=20625	RX: OK	TX: V93=22500	RX: OK	TX: V94=24375	RX: OK	TX: V95=26250	RX: OK	TX: V96=28125	RX: OK	TX: V20=900	RX: OK	TX: V21=0	RX: OK	TX: GS30	RX: OK	
19:27:20.517 2023/06/13	WPROT	TX: V46	RX: 0	TX: EX	RX: 0	
19:27:29.722 2023/06/13	WPROT GOTO WP1	
19:27:29.732 2023/06/13	<Immediate> 	TX: GS1	RX: OK	
19:27:30.565 2023/06/13	WPROT	TX: V46	RX: 0	TX: EX	RX: 0	
19:27:46.743 2023/06/13	WPROT GOTO WP2	
19:27:46.755 2023/06/13	<Immediate> 	TX: GS2	RX: OK	
19:27:47.612 2023/06/13	WPROT	TX: V46	RX: 0	TX: EX	RX: -1874	
19:28:01.493 2023/06/13	WPROT GOTO WP3	
19:28:01.511 2023/06/13	<Immediate> 	TX: GS3	RX: OK	
19:28:02.609 2023/06/13	WPROT	TX: V46	RX: 0	TX: EX	RX: -3749	
19:28:16.837 2023/06/13	WPROT GOTO WP4	
19:28:16.847 2023/06/13	<Immediate> 	TX: GS4	RX: OK	
19:28:17.959 2023/06/13	WPROT	TX: V46	RX: 0	TX: EX	RX: -5624	
19:28:32.233 2023/06/13	WPROT GOTO WP5	
19:28:32.252 2023/06/13	<Immediate> 	TX: GS5	RX: OK	
19:28:33.089 2023/06/13	WPROT	TX: V46	RX: 0	TX: EX	RX: -7500	
19:28:47.806 2023/06/13	WPROT GOTO WP6	
19:28:47.816 2023/06/13	<Immediate> 	TX: GS6	RX: OK	
19:28:48.626 2023/06/13	WPROT	TX: V46	RX: 0	TX: EX	RX: -9374	
19:29:03.267 2023/06/13	WPROT GOTO WP7	
19:29:03.278 2023/06/13	<Immediate> 	TX: GS7	RX: OK	
19:29:04.227 2023/06/13	WPROT	TX: V46	RX: 0	TX: EX	RX: -11250	
19:29:18.627 2023/06/13	WPROT GOTO WP8	
19:29:18.640 2023/06/13	<Immediate> 	TX: GS8	RX: OK	
19:29:19.802 2023/06/13	WPROT	TX: V46	RX: 0	TX: EX	RX: -13125	
19:29:33.962 2023/06/13	WPROT GOTO WP9	
19:29:33.983 2023/06/13	<Immediate> 	TX: GS9	RX: OK	
19:29:35.102 2023/06/13	WPROT	TX: V46	RX: 0	TX: EX	RX: -15000	
19:29:49.328 2023/06/13	WPROT GOTO WP10	
19:29:49.338 2023/06/13	<Immediate> 	TX: GS10	RX: OK	
19:29:50.654 2023/06/13	WPROT	TX: V46	RX: 0	TX: EX	RX: -16874	
19:30:04.732 2023/06/13	WPROT GOTO WP11	
19:30:04.748 2023/06/13	<Immediate> 	TX: GS11	RX: OK	
19:30:05.716 2023/06/13	WPROT	TX: V46	RX: 0	TX: EX	RX: -18749	
19:30:20.833 2023/06/13	WPROT GOTO WP12	
19:30:20.854 2023/06/13	<Immediate> 	TX: GS12	RX: OK	
19:30:21.660 2023/06/13	WPROT	TX: V46	RX: 0	TX: EX	RX: -20624	
19:30:35.737 2023/06/13	WPROT GOTO WP13	
19:30:35.749 2023/06/13	<Immediate> 	TX: GS13	RX: OK	
19:30:36.548 2023/06/13	WPROT	TX: V46	RX: 0	TX: EX	RX: -22500	
19:30:51.073 2023/06/13	WPROT GOTO WP14	
19:30:51.085 2023/06/13	<Immediate> 	TX: GS14	RX: OK	
19:30:52.192 2023/06/13	WPROT	TX: V46	RX: 0	TX: EX	RX: -24374	
19:31:06.936 2023/06/13	WPROT GOTO WP15	
19:31:06.948 2023/06/13	<Immediate> 	TX: GS15	RX: OK	
19:31:07.771 2023/06/13	WPROT	TX: V46	RX: 0	TX: EX	RX: -26250	
19:31:21.863 2023/06/13	WPROT GOTO WP16	
19:31:21.877 2023/06/13	<Immediate> 	TX: GS16	RX: OK	
19:31:23.054 2023/06/13	WPROT	TX: V46	RX: 0	TX: EX	RX: -28125	
19:31:50.327 2023/06/13	WPSEL GOTO L/2, CALW GOTO DEPOLARIZER, ASEL GOTO ON	
19:31:50.895 2023/06/13	ASEL	TX: V20=4800.000	RX: OK	TX: V21=2	RX: OK	TX: GS29	RX: OK	
19:31:51.138 2023/06/13	WPSEL	TX: V20=800000.000	RX: OK	TX: V21=3	RX: OK	TX: GS29	RX: OK	
19:31:52.468 2023/06/13	WPSEL	TX: V46	RX: 0	TX: EX	RX: 799999	
19:31:52.610 2023/06/13	ASEL	TX: V46	RX: 0	TX: EX	RX: -4798	
19:31:53.247 2023/06/13	WPROT	TX: V81=0	RX: OK	TX: V82=1875	RX: OK	TX: V83=3750	RX: OK	TX: V84=5625	RX: OK	TX: V85=7500	RX: OK	TX: V86=9375	RX: OK	TX: V87=11250	RX: OK	TX: V88=13125	RX: OK	TX: V89=15000	RX: OK	TX: V90=16875	RX: OK	TX: V91=18750	RX: OK	TX: V92=20625	RX: OK	TX: V93=22500	RX: OK	TX: V94=24375	RX: OK	TX: V95=26250	RX: OK	TX: V96=28125	RX: OK	TX: V20=900	RX: OK	TX: V21=0	RX: OK	TX: GS30	RX: OK	
19:31:59.163 2023/06/13	WPROT	TX: V46	RX: 0	TX: EX	RX: 0	
19:33:01.678 2023/06/13	WPSEL GOTO L/2, CALW GOTO OFF, ASEL GOTO ON	
19:33:02.250 2023/06/13	WPSEL	TX: V20=800000.000	RX: OK	TX: V21=3	RX: OK	TX: GS29	RX: OK	
19:33:02.387 2023/06/13	ASEL	TX: V20=4800.000	RX: OK	TX: V21=2	RX: OK	TX: GS29	RX: OK	
19:33:03.062 2023/06/13	WPSEL	TX: V46	RX: 0	TX: EX	RX: 799999	
19:33:03.563 2023/06/13	ASEL	TX: V46	RX: 0	TX: EX	RX: -4798	
19:33:03.858 2023/06/13	WPROT	TX: V81=0	RX: OK	TX: V82=1875	RX: OK	TX: V83=3750	RX: OK	TX: V84=5625	RX: OK	TX: V85=7500	RX: OK	TX: V86=9375	RX: OK	TX: V87=11250	RX: OK	TX: V88=13125	RX: OK	TX: V89=15000	RX: OK	TX: V90=16875	RX: OK	TX: V91=18750	RX: OK	TX: V92=20625	RX: OK	TX: V93=22500	RX: OK	TX: V94=24375	RX: OK	TX: V95=26250	RX: OK	TX: V96=28125	RX: OK	TX: V20=900	RX: OK	TX: V21=0	RX: OK	TX: GS30	RX: OK	
19:33:11.695 2023/06/13	WPROT	TX: V46	RX: 0	TX: EX	RX: 0	
19:35:38.361 2023/06/13	CALW INIT NONE	
19:35:38.932 2023/06/13	CALW	TX: V20=0	RX: OK	TX: V21=0	RX: OK	TX: GS30	RX: OK	
19:35:47.009 2023/06/13	CALW	TX: V46	RX: 0	TX: EX	RX: 1	
19:35:55.018 2023/06/13	CALW GOTO DEPOLARIZER	
19:35:55.586 2023/06/13	CALW	TX: V20=48000.000	RX: OK	TX: V21=5	RX: OK	TX: GS29	RX: OK	
19:36:01.517 2023/06/13	CALW	TX: V46	RX: 0	TX: EX	RX: -47999	
19:36:12.402 2023/06/13	WPSEL INIT NONE	
19:36:13.208 2023/06/13	WPSEL	TX: V20=-5000	RX: OK	TX: V21=0	RX: OK	TX: GS30	RX: OK	
19:36:53.608 2023/06/13	WPSEL	TX: V46	RX: 0	TX: EX	RX: 0	
19:36:54.343 2023/06/13	WPROT	TX: V81=0	RX: OK	TX: V82=1875	RX: OK	TX: V83=3750	RX: OK	TX: V84=5625	RX: OK	TX: V85=7500	RX: OK	TX: V86=9375	RX: OK	TX: V87=11250	RX: OK	TX: V88=13125	RX: OK	TX: V89=15000	RX: OK	TX: V90=16875	RX: OK	TX: V91=18750	RX: OK	TX: V92=20625	RX: OK	TX: V93=22500	RX: OK	TX: V94=24375	RX: OK	TX: V95=26250	RX: OK	TX: V96=28125	RX: OK	TX: V20=900	RX: OK	TX: V21=0	RX: OK	TX: GS30	RX: OK	
19:37:01.207 2023/06/13	WPROT	TX: V46	RX: 0	TX: EX	RX: 0	
19:37:05.711 2023/06/13	ASEL INIT NONE	
19:37:06.390 2023/06/13	ASEL	TX: V20=-200	RX: OK	TX: V21=0	RX: OK	TX: GS30	RX: OK	
19:37:27.585 2023/06/13	ASEL	TX: V46	RX: 0	TX: EX	RX: 0	
19:37:36.042 2023/06/13	WPSEL GOTO L/2	
19:37:36.718 2023/06/13	WPSEL	TX: V20=800000.000	RX: OK	TX: V21=3	RX: OK	TX: GS29	RX: OK	
19:38:14.152 2023/06/13	WPSEL	TX: V46	RX: 0	TX: EX	RX: 799998	
19:38:14.899 2023/06/13	WPROT	TX: V81=0	RX: OK	TX: V82=1875	RX: OK	TX: V83=3750	RX: OK	TX: V84=5625	RX: OK	TX: V85=7500	RX: OK	TX: V86=9375	RX: OK	TX: V87=11250	RX: OK	TX: V88=13125	RX: OK	TX: V89=15000	RX: OK	TX: V90=16875	RX: OK	TX: V91=18750	RX: OK	TX: V92=20625	RX: OK	TX: V93=22500	RX: OK	TX: V94=24375	RX: OK	TX: V95=26250	RX: OK	TX: V96=28125	RX: OK	TX: V20=900	RX: OK	TX: V21=0	RX: OK	TX: GS30	RX: OK	
19:38:21.341 2023/06/13	WPROT	TX: V46	RX: 0	TX: EX	RX: 0	
19:39:02.612 2023/06/13	WPROT GOTO WP1	
19:39:02.623 2023/06/13	<Immediate> 	TX: GS1	RX: OK	
19:39:03.037 2023/06/13	WPROT	TX: V46	RX: 0	TX: EX	RX: 0	
19:39:17.733 2023/06/13	WPROT GOTO WP2	
19:39:17.743 2023/06/13	<Immediate> 	TX: GS2	RX: OK	
19:39:18.581 2023/06/13	WPROT	TX: V46	RX: 0	TX: EX	RX: -1874	
19:39:32.658 2023/06/13	WPROT GOTO WP3	
19:39:32.670 2023/06/13	<Immediate> 	TX: GS3	RX: OK	
19:39:33.466 2023/06/13	WPROT	TX: V46	RX: 0	TX: EX	RX: -3749	
19:39:48.128 2023/06/13	WPROT GOTO WP4	
19:39:48.139 2023/06/13	<Immediate> 	TX: GS4	RX: OK	
19:39:49.477 2023/06/13	WPROT	TX: V46	RX: 0	TX: EX	RX: -5624	
19:40:03.552 2023/06/13	WPROT GOTO WP5	
19:40:03.562 2023/06/13	<Immediate> 	TX: GS5	RX: OK	
19:40:04.373 2023/06/13	WPROT	TX: V46	RX: 0	TX: EX	RX: -7500	
19:40:19.522 2023/06/13	WPROT GOTO WP6	
19:40:19.533 2023/06/13	<Immediate> 	TX: GS6	RX: OK	
19:40:20.246 2023/06/13	WPROT	TX: V46	RX: 0	TX: EX	RX: -9374	
19:40:34.547 2023/06/13	WPROT GOTO WP7	
19:40:34.561 2023/06/13	<Immediate> 	TX: GS7	RX: OK	
19:40:35.300 2023/06/13	WPROT	TX: V46	RX: 0	TX: EX	RX: -11250	
19:40:50.063 2023/06/13	WPROT GOTO WP8	
19:40:50.077 2023/06/13	<Immediate> 	TX: GS8	RX: OK	
19:40:51.296 2023/06/13	WPROT	TX: V46	RX: 0	TX: EX	RX: -13125	
19:41:05.422 2023/06/13	WPROT GOTO WP9	
19:41:05.432 2023/06/13	<Immediate> 	TX: GS9	RX: OK	
19:41:06.222 2023/06/13	WPROT	TX: V46	RX: 0	TX: EX	RX: -15000	
19:41:20.945 2023/06/13	WPROT GOTO WP10	
19:41:20.957 2023/06/13	<Immediate> 	TX: GS10	RX: OK	
19:41:22.038 2023/06/13	WPROT	TX: V46	RX: 0	TX: EX	RX: -16874	
19:41:36.417 2023/06/13	WPROT GOTO WP11	
19:41:36.427 2023/06/13	<Immediate> 	TX: GS11	RX: OK	
19:41:37.215 2023/06/13	WPROT	TX: V46	RX: 0	TX: EX	RX: -18749	
19:41:52.078 2023/06/13	WPROT GOTO WP12	
19:41:52.091 2023/06/13	<Immediate> 	TX: GS12	RX: 	
19:41:53.048 2023/06/13	WPROT	TX: GS12	RX: 	
20:11:11.524 2023/06/13	WPSEL INIT NONE, GMIR INIT NONE, CALW INIT NONE	
20:11:12.675 2023/06/13	GMIR	TX: V20=0	RX: OK	TX: V21=16	RX: OK	TX: GS30	RX: OK	
20:11:12.817 2023/06/13	WPSEL	TX: V20=-5000	RX: OK	TX: V21=0	RX: OK	TX: GS30	RX: OK	
20:11:12.957 2023/06/13	CALW	TX: V20=0	RX: OK	TX: V21=0	RX: OK	TX: GS30	RX: OK	
20:11:23.558 2023/06/13	CALW	TX: V46	RX: 0	TX: EX	RX: 0	
20:11:24.796 2023/06/13	GMIR	TX: V46	RX: 0	TX: EX	RX: 0	
20:11:53.649 2023/06/13	WPSEL	TX: V46	RX: 0	TX: EX	RX: 0	
20:11:54.401 2023/06/13	WPROT	TX: V81=0	RX: OK	TX: V82=1875	RX: OK	TX: V83=3750	RX: OK	TX: V84=5625	RX: OK	TX: V85=7500	RX: OK	TX: V86=9375	RX: OK	TX: V87=11250	RX: OK	TX: V88=13125	RX: OK	TX: V89=15000	RX: OK	TX: V90=16875	RX: OK	TX: V91=18750	RX: OK	TX: V92=20625	RX: OK	TX: V93=22500	RX: OK	TX: V94=24375	RX: OK	TX: V95=26250	RX: OK	TX: V96=28125	RX: OK	TX: V20=900	RX: OK	TX: V21=0	RX: OK	TX: GS30	RX: OK	
20:12:01.885 2023/06/13	WPROT	TX: V46	RX: 0	TX: EX	RX: 0	
20:12:02.376 2023/06/13	GFOC INIT NONE, ASEL INIT NONE	
20:12:02.872 2023/06/13	ASEL	TX: V20=-200	RX: OK	TX: V21=0	RX: OK	TX: GS30	RX: OK	
20:12:02.999 2023/06/13	GFOC	TX: V20=0	RX: OK	TX: V21=32	RX: OK	TX: GS30	RX: OK	
20:12:13.243 2023/06/13	ASEL	TX: V46	RX: 0	TX: EX	RX: 0	
20:12:31.397 2023/06/13	GFOC	TX: V46	RX: 0	TX: V32	RX: 0	
20:12:33.433 2023/06/13	WPSEL GOTO OFF, CALW GOTO OFF, ASEL GOTO OFF	
20:12:34.001 2023/06/13	WPSEL	TX: V20=400000.000	RX: OK	TX: V21=2	RX: OK	TX: GS29	RX: OK	
20:12:34.139 2023/06/13	ASEL	TX: V20=0.000	RX: OK	TX: V21=1	RX: OK	TX: GS29	RX: OK	
20:12:34.933 2023/06/13	ASEL	TX: V46	RX: 0	TX: EX	RX: 0	
20:12:35.768 2023/06/13	CALW	TX: V20=0.000	RX: OK	TX: V21=1	RX: OK	TX: GS29	RX: OK	
20:12:36.588 2023/06/13	CALW	TX: V46	RX: 0	TX: EX	RX: 0	
20:12:53.555 2023/06/13	WPSEL	TX: V46	RX: 0	TX: EX	RX: 399999	
