12:00:17.903 AM 6/9/2023	CMD: WPROT GOTO WP1
RESP: WPROT ACTIVE BUSY 0.000 WP1 1, WPSEL ACTIVE READY 160.000 L/2 3, CALW ACTIVE READY 0.000 OFF 1, ASEL ACTIVE READY 28.776 ON 2, GMIR ACTIVE READY 33.012 TARGET 1, GFOC ACTIVE READY 7.500 TARGET 1
12:00:17.981 AM 6/9/2023	<Immediate> TX: GS1	RX: OK	
12:00:19.297 AM 6/9/2023	<Active Finish> TX: V46	RX: 0	TX: EX	RX: 0	
12:02:52.709 AM 6/9/2023	CMD: WPROT GOTO WP2
RESP: WPROT ACTIVE BUSY 0.000 WP1 1, WPSEL ACTIVE READY 160.000 L/2 3, CALW ACTIVE READY 0.000 OFF 1, ASEL ACTIVE READY 28.776 ON 2, GMIR ACTIVE READY 33.012 TARGET 1, GFOC ACTIVE READY 7.500 TARGET 1
12:02:52.787 AM 6/9/2023	<Immediate> TX: GS2	RX: OK	
12:02:54.440 AM 6/9/2023	<Active Finish> TX: V46	RX: 0	TX: EX	RX: -1875	
12:05:27.322 AM 6/9/2023	CMD: WPROT GOTO WP3
RESP: WPROT ACTIVE BUSY 22.500 WP2 2, WPSEL ACTIVE READY 160.000 L/2 3, CALW ACTIVE READY 0.000 OFF 1, ASEL ACTIVE READY 28.776 ON 2, GMIR ACTIVE READY 33.012 TARGET 1, GFOC ACTIVE READY 7.500 TARGET 1
12:05:27.401 AM 6/9/2023	<Immediate> TX: GS3	RX: OK	
12:05:29.067 AM 6/9/2023	<Active Finish> TX: V46	RX: 0	TX: EX	RX: -3750	
12:08:02.717 AM 6/9/2023	CMD: WPROT GOTO WP4
RESP: WPROT ACTIVE BUSY 45.000 WP3 3, WPSEL ACTIVE READY 160.000 L/2 3, CALW ACTIVE READY 0.000 OFF 1, ASEL ACTIVE READY 28.776 ON 2, GMIR ACTIVE READY 33.012 TARGET 1, GFOC ACTIVE READY 7.500 TARGET 1
12:08:02.796 AM 6/9/2023	<Immediate> TX: GS4	RX: OK	
12:08:04.460 AM 6/9/2023	<Active Finish> TX: V46	RX: 0	TX: EX	RX: -5625	
12:10:37.338 AM 6/9/2023	CMD: WPROT GOTO WP5
RESP: WPROT ACTIVE BUSY 67.500 WP4 4, WPSEL ACTIVE READY 160.000 L/2 3, CALW ACTIVE READY 0.000 OFF 1, ASEL ACTIVE READY 28.776 ON 2, GMIR ACTIVE READY 33.012 TARGET 1, GFOC ACTIVE READY 7.500 TARGET 1
12:10:37.416 AM 6/9/2023	<Immediate> TX: GS5	RX: OK	
12:10:39.066 AM 6/9/2023	<Active Finish> TX: V46	RX: 0	TX: EX	RX: -7500	
12:13:12.732 AM 6/9/2023	CMD: WPROT GOTO WP6
RESP: WPROT ACTIVE BUSY 90.000 WP5 5, WPSEL ACTIVE READY 160.000 L/2 3, CALW ACTIVE READY 0.000 OFF 1, ASEL ACTIVE READY 28.776 ON 2, GMIR ACTIVE READY 33.012 TARGET 1, GFOC ACTIVE READY 7.500 TARGET 1
12:13:12.811 AM 6/9/2023	<Immediate> TX: GS6	RX: OK	
12:13:14.474 AM 6/9/2023	<Active Finish> TX: V46	RX: 0	TX: EX	RX: -9376	
12:15:47.714 AM 6/9/2023	CMD: WPROT GOTO WP7
RESP: WPROT ACTIVE BUSY 112.512 WP6 6, WPSEL ACTIVE READY 160.000 L/2 3, CALW ACTIVE READY 0.000 OFF 1, ASEL ACTIVE READY 28.776 ON 2, GMIR ACTIVE READY 33.012 TARGET 1, GFOC ACTIVE READY 7.500 TARGET 1
12:15:47.803 AM 6/9/2023	<Immediate> TX: GS7	RX: OK	
12:15:49.555 AM 6/9/2023	<Active Finish> TX: V46	RX: 0	TX: EX	RX: -11251	
12:18:22.097 AM 6/9/2023	CMD: WPROT GOTO WP8
RESP: WPROT ACTIVE BUSY 135.012 WP7 7, WPSEL ACTIVE READY 160.000 L/2 3, CALW ACTIVE READY 0.000 OFF 1, ASEL ACTIVE READY 28.776 ON 2, GMIR ACTIVE READY 33.012 TARGET 1, GFOC ACTIVE READY 7.500 TARGET 1
12:18:22.175 AM 6/9/2023	<Immediate> TX: GS8	RX: OK	
12:18:23.498 AM 6/9/2023	<Active Finish> TX: V46	RX: 0	TX: EX	RX: -13126	
12:27:48.594 AM 6/9/2023	CMD: GMIR GOTO 315.000000
RESP: WPROT ACTIVE READY 157.512 WP8 8, WPSEL ACTIVE READY 160.000 L/2 3, CALW ACTIVE READY 0.000 OFF 1, ASEL ACTIVE READY 28.776 ON 2, GMIR ACTIVE BUSY 33.012 TARGET 1, GFOC ACTIVE READY 7.500 TARGET 1
12:27:49.372 AM 6/9/2023	<Active Goto> TX: V20=52500.000	RX: OK	TX: V21=16	RX: OK	TX: GS29	RX: OK	
12:27:54.787 AM 6/9/2023	<Active Finish> TX: V46	RX: 0	TX: EX	RX: 52502	
12:29:29.643 AM 6/9/2023	CMD: WPROT GOTO WP1
RESP: WPROT ACTIVE BUSY 157.512 WP8 8, WPSEL ACTIVE READY 160.000 L/2 3, CALW ACTIVE READY 0.000 OFF 1, ASEL ACTIVE READY 28.776 ON 2, GMIR ACTIVE READY 315.012 TARGET 1, GFOC ACTIVE READY 7.500 TARGET 1
12:29:29.722 AM 6/9/2023	<Immediate> TX: GS1	RX: OK	
12:29:32.027 AM 6/9/2023	<Active Finish> TX: V46	RX: 0	TX: EX	RX: 0	
12:33:07.735 AM 6/9/2023	CMD: WPROT GOTO WP1
RESP: WPROT ACTIVE BUSY 0.000 WP1 1, WPSEL ACTIVE READY 160.000 L/2 3, CALW ACTIVE READY 0.000 OFF 1, ASEL ACTIVE READY 28.776 ON 2, GMIR ACTIVE READY 315.012 TARGET 1, GFOC ACTIVE READY 7.500 TARGET 1
12:33:07.814 AM 6/9/2023	<Immediate> TX: GS1	RX: OK	
12:33:09.127 AM 6/9/2023	<Active Finish> TX: V46	RX: 0	TX: EX	RX: 0	
12:35:11.517 AM 6/9/2023	CMD: WPROT GOTO WP2
RESP: WPROT ACTIVE BUSY 0.000 WP1 1, WPSEL ACTIVE READY 160.000 L/2 3, CALW ACTIVE READY 0.000 OFF 1, ASEL ACTIVE READY 28.776 ON 2, GMIR ACTIVE READY 315.012 TARGET 1, GFOC ACTIVE READY 7.500 TARGET 1
12:35:11.597 AM 6/9/2023	<Immediate> TX: GS2	RX: OK	
12:35:13.264 AM 6/9/2023	<Active Finish> TX: V46	RX: 0	TX: EX	RX: -1876	
12:37:15.473 AM 6/9/2023	CMD: WPROT GOTO WP3
RESP: WPROT ACTIVE BUSY 22.512 WP2 2, WPSEL ACTIVE READY 160.000 L/2 3, CALW ACTIVE READY 0.000 OFF 1, ASEL ACTIVE READY 28.776 ON 2, GMIR ACTIVE READY 315.012 TARGET 1, GFOC ACTIVE READY 7.500 TARGET 1
12:37:15.562 AM 6/9/2023	<Immediate> TX: GS3	RX: OK	
12:37:16.904 AM 6/9/2023	<Active Finish> TX: V46	RX: 0	TX: EX	RX: -3750	
12:39:19.722 AM 6/9/2023	CMD: WPROT GOTO WP4
RESP: WPROT ACTIVE BUSY 45.000 WP3 3, WPSEL ACTIVE READY 160.000 L/2 3, CALW ACTIVE READY 0.000 OFF 1, ASEL ACTIVE READY 28.776 ON 2, GMIR ACTIVE READY 315.012 TARGET 1, GFOC ACTIVE READY 7.500 TARGET 1
12:39:19.801 AM 6/9/2023	<Immediate> TX: GS4	RX: OK	
12:39:21.128 AM 6/9/2023	<Active Finish> TX: V46	RX: 0	TX: EX	RX: -5625	
12:41:24.332 AM 6/9/2023	CMD: WPROT GOTO WP5
RESP: WPROT ACTIVE BUSY 67.500 WP4 4, WPSEL ACTIVE READY 160.000 L/2 3, CALW ACTIVE READY 0.000 OFF 1, ASEL ACTIVE READY 28.776 ON 2, GMIR ACTIVE READY 315.012 TARGET 1, GFOC ACTIVE READY 7.500 TARGET 1
12:41:24.410 AM 6/9/2023	<Immediate> TX: GS5	RX: OK	
12:41:26.064 AM 6/9/2023	<Active Finish> TX: V46	RX: 0	TX: EX	RX: -7500	
12:43:28.177 AM 6/9/2023	CMD: WPROT GOTO WP6
RESP: WPROT ACTIVE BUSY 90.000 WP5 5, WPSEL ACTIVE READY 160.000 L/2 3, CALW ACTIVE READY 0.000 OFF 1, ASEL ACTIVE READY 28.776 ON 2, GMIR ACTIVE READY 315.012 TARGET 1, GFOC ACTIVE READY 7.500 TARGET 1
12:43:28.267 AM 6/9/2023	<Immediate> TX: GS6	RX: OK	
12:43:29.581 AM 6/9/2023	<Active Finish> TX: V46	RX: 0	TX: EX	RX: -9376	
12:45:32.423 AM 6/9/2023	CMD: WPROT GOTO WP7
RESP: WPROT ACTIVE BUSY 112.512 WP6 6, WPSEL ACTIVE READY 160.000 L/2 3, CALW ACTIVE READY 0.000 OFF 1, ASEL ACTIVE READY 28.776 ON 2, GMIR ACTIVE READY 315.012 TARGET 1, GFOC ACTIVE READY 7.500 TARGET 1
12:45:32.501 AM 6/9/2023	<Immediate> TX: GS7	RX: OK	
12:45:34.259 AM 6/9/2023	<Active Finish> TX: V46	RX: 0	TX: EX	RX: -11251	
12:47:36.762 AM 6/9/2023	CMD: WPROT GOTO WP8
RESP: WPROT ACTIVE BUSY 135.012 WP7 7, WPSEL ACTIVE READY 160.000 L/2 3, CALW ACTIVE READY 0.000 OFF 1, ASEL ACTIVE READY 28.776 ON 2, GMIR ACTIVE READY 315.012 TARGET 1, GFOC ACTIVE READY 7.500 TARGET 1
12:47:36.840 AM 6/9/2023	<Immediate> TX: GS8	RX: OK	
12:47:38.491 AM 6/9/2023	<Active Finish> TX: V46	RX: 0	TX: EX	RX: -13126	
12:52:52.373 AM 6/9/2023	CMD: GMIR GOTO 27.000000
RESP: WPROT ACTIVE READY 157.512 WP8 8, WPSEL ACTIVE READY 160.000 L/2 3, CALW ACTIVE READY 0.000 OFF 1, ASEL ACTIVE READY 28.776 ON 2, GMIR ACTIVE BUSY 315.012 TARGET 1, GFOC ACTIVE READY 7.500 TARGET 1
12:52:53.248 AM 6/9/2023	<Active Goto> TX: V20=4500.000	RX: OK	TX: V21=16	RX: OK	TX: GS29	RX: OK	
12:52:56.355 AM 6/9/2023	<Active Finish> TX: V46	RX: 0	TX: EX	RX: 4502	
12:54:29.535 AM 6/9/2023	CMD: WPROT GOTO WP1
RESP: WPROT ACTIVE BUSY 157.512 WP8 8, WPSEL ACTIVE READY 160.000 L/2 3, CALW ACTIVE READY 0.000 OFF 1, ASEL ACTIVE READY 28.776 ON 2, GMIR ACTIVE READY 27.012 TARGET 1, GFOC ACTIVE READY 7.500 TARGET 1
12:54:29.613 AM 6/9/2023	<Immediate> TX: GS1	RX: OK	
12:54:31.861 AM 6/9/2023	<Active Finish> TX: V46	RX: 0	TX: EX	RX: 0	
12:54:51.374 AM 6/9/2023	CMD: WPSEL GOTO L/4, CALW GOTO OFF, ASEL GOTO ON
RESP: WPROT ACTIVE READY 0.000 WP1 1, WPSEL ACTIVE BUSY 160.000 L/2 3, CALW ACTIVE BUSY 0.000 OFF 1, ASEL ACTIVE BUSY 28.776 ON 2, GMIR ACTIVE READY 27.012 TARGET 1, GFOC ACTIVE READY 7.500 TARGET 1
12:54:52.040 AM 6/9/2023	<Active Goto> TX: V20=0.000	RX: OK	TX: V21=1	RX: OK	TX: GS29	RX: OK	
12:54:52.374 AM 6/9/2023	<Active Goto> TX: V20=4800.000	RX: OK	TX: V21=2	RX: OK	TX: GS29	RX: OK	
12:54:54.802 AM 6/9/2023	<Active Finish> TX: V46	RX: 0	TX: EX	RX: -4796	
12:54:56.566 AM 6/9/2023	<Active Goto> TX: V20=0.000	RX: OK	TX: V21=1	RX: OK	TX: GS29	RX: OK	
12:54:58.987 AM 6/9/2023	<Active Finish> TX: V46	RX: 0	TX: EX	RX: 0	
12:55:30.047 AM 6/9/2023	<Active Finish> TX: V46	RX: 0	TX: EX	RX: 0	
12:55:32.095 AM 6/9/2023	<Active Init> TX: V81=0	RX: OK	TX: V82=1875	RX: OK	TX: V83=3750	RX: OK	TX: V84=5625	RX: OK	TX: V85=7500	RX: OK	TX: V86=9375	RX: OK	TX: V87=11250	RX: OK	TX: V88=13125	RX: OK	TX: V89=15000	RX: OK	TX: V90=16875	RX: OK	TX: V91=18750	RX: OK	TX: V92=20625	RX: OK	TX: V93=22500	RX: OK	TX: V94=24375	RX: OK	TX: V95=26250	RX: OK	TX: V96=28125	RX: OK	TX: V20=900	RX: OK	TX: V21=0	RX: OK	TX: GS30	RX: OK	
12:55:39.961 AM 6/9/2023	<Active Finish> TX: V46	RX: 0	TX: EX	RX: 0	
12:59:45.219 AM 6/9/2023	CMD: WPROT GOTO WP1
RESP: WPROT ACTIVE BUSY 0.000 WP1 1, WPSEL ACTIVE READY 0.000 L/4 1, CALW ACTIVE READY 0.000 OFF 1, ASEL ACTIVE READY 28.776 ON 2, GMIR ACTIVE READY 27.012 TARGET 1, GFOC ACTIVE READY 7.500 TARGET 1
12:59:45.309 AM 6/9/2023	<Immediate> TX: GS1	RX: OK	
12:59:46.539 AM 6/9/2023	<Active Finish> TX: V46	RX: 0	TX: EX	RX: 0	
1:01:30.589 AM 6/9/2023	CMD: WPROT GOTO WP2
RESP: WPROT ACTIVE BUSY 0.000 WP1 1, WPSEL ACTIVE READY 0.000 L/4 1, CALW ACTIVE READY 0.000 OFF 1, ASEL ACTIVE READY 28.776 ON 2, GMIR ACTIVE READY 27.012 TARGET 1, GFOC ACTIVE READY 7.500 TARGET 1
1:01:30.667 AM 6/9/2023	<Immediate> TX: GS2	RX: OK	
1:01:32.457 AM 6/9/2023	<Active Finish> TX: V46	RX: 0	TX: EX	RX: -1875	
1:03:14.488 AM 6/9/2023	CMD: WPROT GOTO WP3
RESP: WPROT ACTIVE BUSY 22.500 WP2 2, WPSEL ACTIVE READY 0.000 L/4 1, CALW ACTIVE READY 0.000 OFF 1, ASEL ACTIVE READY 28.776 ON 2, GMIR ACTIVE READY 27.012 TARGET 1, GFOC ACTIVE READY 7.500 TARGET 1
1:03:14.566 AM 6/9/2023	<Immediate> TX: GS3	RX: OK	
1:03:16.206 AM 6/9/2023	<Active Finish> TX: V46	RX: 0	TX: EX	RX: -3751	
1:04:58.919 AM 6/9/2023	CMD: WPROT GOTO WP4
RESP: WPROT ACTIVE BUSY 45.012 WP3 3, WPSEL ACTIVE READY 0.000 L/4 1, CALW ACTIVE READY 0.000 OFF 1, ASEL ACTIVE READY 28.776 ON 2, GMIR ACTIVE READY 27.012 TARGET 1, GFOC ACTIVE READY 7.500 TARGET 1
1:04:59.007 AM 6/9/2023	<Immediate> TX: GS4	RX: OK	
1:05:00.331 AM 6/9/2023	<Active Finish> TX: V46	RX: 0	TX: EX	RX: -5625	
1:06:43.493 AM 6/9/2023	CMD: WPROT GOTO WP5
RESP: WPROT ACTIVE BUSY 67.500 WP4 4, WPSEL ACTIVE READY 0.000 L/4 1, CALW ACTIVE READY 0.000 OFF 1, ASEL ACTIVE READY 28.776 ON 2, GMIR ACTIVE READY 27.012 TARGET 1, GFOC ACTIVE READY 7.500 TARGET 1
1:06:43.574 AM 6/9/2023	<Immediate> TX: GS5	RX: OK	
1:06:44.926 AM 6/9/2023	<Active Finish> TX: V46	RX: 0	TX: EX	RX: -7501	
1:08:27.917 AM 6/9/2023	CMD: WPROT GOTO WP6
RESP: WPROT ACTIVE BUSY 90.012 WP5 5, WPSEL ACTIVE READY 0.000 L/4 1, CALW ACTIVE READY 0.000 OFF 1, ASEL ACTIVE READY 28.776 ON 2, GMIR ACTIVE READY 27.012 TARGET 1, GFOC ACTIVE READY 7.500 TARGET 1
1:08:27.996 AM 6/9/2023	<Immediate> TX: GS6	RX: OK	
1:08:29.759 AM 6/9/2023	<Active Finish> TX: V46	RX: 0	TX: EX	RX: -9375	
1:10:12.733 AM 6/9/2023	CMD: WPROT GOTO WP7
RESP: WPROT ACTIVE BUSY 112.500 WP6 6, WPSEL ACTIVE READY 0.000 L/4 1, CALW ACTIVE READY 0.000 OFF 1, ASEL ACTIVE READY 28.776 ON 2, GMIR ACTIVE READY 27.012 TARGET 1, GFOC ACTIVE READY 7.500 TARGET 1
1:10:12.811 AM 6/9/2023	<Immediate> TX: GS7	RX: OK	
1:10:14.473 AM 6/9/2023	<Active Finish> TX: V46	RX: 0	TX: EX	RX: -11251	
1:11:57.785 AM 6/9/2023	CMD: WPROT GOTO WP8
RESP: WPROT ACTIVE BUSY 135.012 WP7 7, WPSEL ACTIVE READY 0.000 L/4 1, CALW ACTIVE READY 0.000 OFF 1, ASEL ACTIVE READY 28.776 ON 2, GMIR ACTIVE READY 27.012 TARGET 1, GFOC ACTIVE READY 7.500 TARGET 1
1:11:57.863 AM 6/9/2023	<Immediate> TX: GS8	RX: OK	
1:11:59.517 AM 6/9/2023	<Active Finish> TX: V46	RX: 0	TX: EX	RX: -13125	
1:13:42.467 AM 6/9/2023	CMD: WPROT GOTO WP9
RESP: WPROT ACTIVE BUSY 157.500 WP8 8, WPSEL ACTIVE READY 0.000 L/4 1, CALW ACTIVE READY 0.000 OFF 1, ASEL ACTIVE READY 28.776 ON 2, GMIR ACTIVE READY 27.012 TARGET 1, GFOC ACTIVE READY 7.500 TARGET 1
1:13:42.556 AM 6/9/2023	<Immediate> TX: GS9	RX: OK	
1:13:43.884 AM 6/9/2023	<Active Finish> TX: V46	RX: 0	TX: EX	RX: -15000	
1:15:27.042 AM 6/9/2023	CMD: WPROT GOTO WP10
RESP: WPROT ACTIVE BUSY 180.000 WP9 9, WPSEL ACTIVE READY 0.000 L/4 1, CALW ACTIVE READY 0.000 OFF 1, ASEL ACTIVE READY 28.776 ON 2, GMIR ACTIVE READY 27.012 TARGET 1, GFOC ACTIVE READY 7.500 TARGET 1
1:15:27.120 AM 6/9/2023	<Immediate> TX: GS10	RX: OK	
1:15:28.888 AM 6/9/2023	<Active Finish> TX: V46	RX: 0	TX: EX	RX: -16875	
1:17:12.047 AM 6/9/2023	CMD: WPROT GOTO WP11
RESP: WPROT ACTIVE BUSY 202.500 WP10 10, WPSEL ACTIVE READY 0.000 L/4 1, CALW ACTIVE READY 0.000 OFF 1, ASEL ACTIVE READY 28.776 ON 2, GMIR ACTIVE READY 27.012 TARGET 1, GFOC ACTIVE READY 7.500 TARGET 1
1:17:12.125 AM 6/9/2023	<Immediate> TX: GS11	RX: OK	
1:17:13.914 AM 6/9/2023	<Active Finish> TX: V46	RX: 0	TX: EX	RX: -18751	
1:18:56.417 AM 6/9/2023	CMD: WPROT GOTO WP12
RESP: WPROT ACTIVE BUSY 225.012 WP11 11, WPSEL ACTIVE READY 0.000 L/4 1, CALW ACTIVE READY 0.000 OFF 1, ASEL ACTIVE READY 28.776 ON 2, GMIR ACTIVE READY 27.012 TARGET 1, GFOC ACTIVE READY 7.500 TARGET 1
1:18:56.496 AM 6/9/2023	<Immediate> TX: GS12	RX: OK	
1:18:57.822 AM 6/9/2023	<Active Finish> TX: V46	RX: 0	TX: EX	RX: -20625	
1:20:41.873 AM 6/9/2023	CMD: WPROT GOTO WP13
RESP: WPROT ACTIVE BUSY 247.500 WP12 12, WPSEL ACTIVE READY 0.000 L/4 1, CALW ACTIVE READY 0.000 OFF 1, ASEL ACTIVE READY 28.776 ON 2, GMIR ACTIVE READY 27.012 TARGET 1, GFOC ACTIVE READY 7.500 TARGET 1
1:20:41.950 AM 6/9/2023	<Immediate> TX: GS13	RX: OK	
1:20:43.301 AM 6/9/2023	<Active Finish> TX: V46	RX: 0	TX: EX	RX: -22501	
1:22:27.568 AM 6/9/2023	CMD: WPROT GOTO WP14
RESP: WPROT ACTIVE BUSY 270.012 WP13 13, WPSEL ACTIVE READY 0.000 L/4 1, CALW ACTIVE READY 0.000 OFF 1, ASEL ACTIVE READY 28.776 ON 2, GMIR ACTIVE READY 27.012 TARGET 1, GFOC ACTIVE READY 7.500 TARGET 1
1:22:27.646 AM 6/9/2023	<Immediate> TX: GS14	RX: OK	
1:22:28.970 AM 6/9/2023	<Active Finish> TX: V46	RX: 0	TX: EX	RX: -24375	
1:24:13.487 AM 6/9/2023	CMD: WPROT GOTO WP15
RESP: WPROT ACTIVE BUSY 292.500 WP14 14, WPSEL ACTIVE READY 0.000 L/4 1, CALW ACTIVE READY 0.000 OFF 1, ASEL ACTIVE READY 28.776 ON 2, GMIR ACTIVE READY 27.012 TARGET 1, GFOC ACTIVE READY 7.500 TARGET 1
1:24:13.565 AM 6/9/2023	<Immediate> TX: GS15	RX: OK	
1:24:14.893 AM 6/9/2023	<Active Finish> TX: V46	RX: 0	TX: EX	RX: -26251	
1:25:58.772 AM 6/9/2023	CMD: WPROT GOTO WP16
RESP: WPROT ACTIVE BUSY 315.012 WP15 15, WPSEL ACTIVE READY 0.000 L/4 1, CALW ACTIVE READY 0.000 OFF 1, ASEL ACTIVE READY 28.776 ON 2, GMIR ACTIVE READY 27.012 TARGET 1, GFOC ACTIVE READY 7.500 TARGET 1
1:25:58.861 AM 6/9/2023	<Immediate> TX: GS16	RX: OK	
1:26:00.178 AM 6/9/2023	<Active Finish> TX: V46	RX: 0	TX: EX	RX: -28125	
1:27:43.967 AM 6/9/2023	CMD: WPROT GOTO WP1
RESP: WPROT ACTIVE BUSY 337.500 WP16 16, WPSEL ACTIVE READY 0.000 L/4 1, CALW ACTIVE READY 0.000 OFF 1, ASEL ACTIVE READY 28.776 ON 2, GMIR ACTIVE READY 27.012 TARGET 1, GFOC ACTIVE READY 7.500 TARGET 1
1:27:44.045 AM 6/9/2023	<Immediate> TX: GS1	RX: OK	
1:27:45.915 AM 6/9/2023	<Active Finish> TX: V46	RX: 0	TX: EX	RX: 0	
1:29:29.062 AM 6/9/2023	CMD: WPROT GOTO WP2
RESP: WPROT ACTIVE BUSY 0.000 WP1 1, WPSEL ACTIVE READY 0.000 L/4 1, CALW ACTIVE READY 0.000 OFF 1, ASEL ACTIVE READY 28.776 ON 2, GMIR ACTIVE READY 27.012 TARGET 1, GFOC ACTIVE READY 7.500 TARGET 1
1:29:29.140 AM 6/9/2023	<Immediate> TX: GS2	RX: OK	
1:29:30.889 AM 6/9/2023	<Active Finish> TX: V46	RX: 0	TX: EX	RX: -1875	
1:31:13.888 AM 6/9/2023	CMD: WPROT GOTO WP3
RESP: WPROT ACTIVE BUSY 22.500 WP2 2, WPSEL ACTIVE READY 0.000 L/4 1, CALW ACTIVE READY 0.000 OFF 1, ASEL ACTIVE READY 28.776 ON 2, GMIR ACTIVE READY 27.012 TARGET 1, GFOC ACTIVE READY 7.500 TARGET 1
1:31:13.966 AM 6/9/2023	<Immediate> TX: GS3	RX: OK	
1:31:15.636 AM 6/9/2023	<Active Finish> TX: V46	RX: 0	TX: EX	RX: -3751	
1:32:59.490 AM 6/9/2023	CMD: WPROT GOTO WP4
RESP: WPROT ACTIVE BUSY 45.012 WP3 3, WPSEL ACTIVE READY 0.000 L/4 1, CALW ACTIVE READY 0.000 OFF 1, ASEL ACTIVE READY 28.776 ON 2, GMIR ACTIVE READY 27.012 TARGET 1, GFOC ACTIVE READY 7.500 TARGET 1
1:32:59.568 AM 6/9/2023	<Immediate> TX: GS4	RX: OK	
1:33:01.227 AM 6/9/2023	<Active Finish> TX: V46	RX: 0	TX: EX	RX: -5625	
1:34:45.334 AM 6/9/2023	CMD: WPROT GOTO WP5
RESP: WPROT ACTIVE BUSY 67.500 WP4 4, WPSEL ACTIVE READY 0.000 L/4 1, CALW ACTIVE READY 0.000 OFF 1, ASEL ACTIVE READY 28.776 ON 2, GMIR ACTIVE READY 27.012 TARGET 1, GFOC ACTIVE READY 7.500 TARGET 1
1:34:45.412 AM 6/9/2023	<Immediate> TX: GS5	RX: OK	
1:34:47.063 AM 6/9/2023	<Active Finish> TX: V46	RX: 0	TX: EX	RX: -7501	
1:36:29.652 AM 6/9/2023	CMD: WPROT GOTO WP6
RESP: WPROT ACTIVE BUSY 90.012 WP5 5, WPSEL ACTIVE READY 0.000 L/4 1, CALW ACTIVE READY 0.000 OFF 1, ASEL ACTIVE READY 28.776 ON 2, GMIR ACTIVE READY 27.012 TARGET 1, GFOC ACTIVE READY 7.500 TARGET 1
1:36:29.730 AM 6/9/2023	<Immediate> TX: GS6	RX: OK	
1:36:31.068 AM 6/9/2023	<Active Finish> TX: V46	RX: 0	TX: EX	RX: -9375	
1:38:15.337 AM 6/9/2023	CMD: WPROT GOTO WP7
RESP: WPROT ACTIVE BUSY 112.500 WP6 6, WPSEL ACTIVE READY 0.000 L/4 1, CALW ACTIVE READY 0.000 OFF 1, ASEL ACTIVE READY 28.776 ON 2, GMIR ACTIVE READY 27.012 TARGET 1, GFOC ACTIVE READY 7.500 TARGET 1
1:38:15.417 AM 6/9/2023	<Immediate> TX: GS7	RX: OK	
1:38:16.822 AM 6/9/2023	<Active Finish> TX: V46	RX: 0	TX: EX	RX: -11251	
1:40:00.703 AM 6/9/2023	CMD: WPROT GOTO WP8
RESP: WPROT ACTIVE BUSY 135.012 WP7 7, WPSEL ACTIVE READY 0.000 L/4 1, CALW ACTIVE READY 0.000 OFF 1, ASEL ACTIVE READY 28.776 ON 2, GMIR ACTIVE READY 27.012 TARGET 1, GFOC ACTIVE READY 7.500 TARGET 1
1:40:00.791 AM 6/9/2023	<Immediate> TX: GS8	RX: OK	
1:40:02.550 AM 6/9/2023	<Active Finish> TX: V46	RX: 0	TX: EX	RX: -13125	
1:41:46.132 AM 6/9/2023	CMD: WPROT GOTO WP9
RESP: WPROT ACTIVE BUSY 157.500 WP8 8, WPSEL ACTIVE READY 0.000 L/4 1, CALW ACTIVE READY 0.000 OFF 1, ASEL ACTIVE READY 28.776 ON 2, GMIR ACTIVE READY 27.012 TARGET 1, GFOC ACTIVE READY 7.500 TARGET 1
1:41:46.221 AM 6/9/2023	<Immediate> TX: GS9	RX: OK	
1:41:47.880 AM 6/9/2023	<Active Finish> TX: V46	RX: 0	TX: EX	RX: -15000	
1:43:31.042 AM 6/9/2023	CMD: WPROT GOTO WP10
RESP: WPROT ACTIVE BUSY 180.000 WP9 9, WPSEL ACTIVE READY 0.000 L/4 1, CALW ACTIVE READY 0.000 OFF 1, ASEL ACTIVE READY 28.776 ON 2, GMIR ACTIVE READY 27.012 TARGET 1, GFOC ACTIVE READY 7.500 TARGET 1
1:43:31.131 AM 6/9/2023	<Immediate> TX: GS10	RX: OK	
1:43:32.904 AM 6/9/2023	<Active Finish> TX: V46	RX: 0	TX: EX	RX: -16875	
1:45:15.957 AM 6/9/2023	CMD: WPROT GOTO WP11
RESP: WPROT ACTIVE BUSY 202.500 WP10 10, WPSEL ACTIVE READY 0.000 L/4 1, CALW ACTIVE READY 0.000 OFF 1, ASEL ACTIVE READY 28.776 ON 2, GMIR ACTIVE READY 27.012 TARGET 1, GFOC ACTIVE READY 7.500 TARGET 1
1:45:16.035 AM 6/9/2023	<Immediate> TX: GS11	RX: OK	
1:45:17.350 AM 6/9/2023	<Active Finish> TX: V46	RX: 0	TX: EX	RX: -18751	
1:47:01.202 AM 6/9/2023	CMD: WPROT GOTO WP12
RESP: WPROT ACTIVE BUSY 225.012 WP11 11, WPSEL ACTIVE READY 0.000 L/4 1, CALW ACTIVE READY 0.000 OFF 1, ASEL ACTIVE READY 28.776 ON 2, GMIR ACTIVE READY 27.012 TARGET 1, GFOC ACTIVE READY 7.500 TARGET 1
1:47:01.291 AM 6/9/2023	<Immediate> TX: GS12	RX: OK	
1:47:02.945 AM 6/9/2023	<Active Finish> TX: V46	RX: 0	TX: EX	RX: -20625	
1:48:46.248 AM 6/9/2023	CMD: WPROT GOTO WP13
RESP: WPROT ACTIVE BUSY 247.500 WP12 12, WPSEL ACTIVE READY 0.000 L/4 1, CALW ACTIVE READY 0.000 OFF 1, ASEL ACTIVE READY 28.776 ON 2, GMIR ACTIVE READY 27.012 TARGET 1, GFOC ACTIVE READY 7.500 TARGET 1
1:48:46.326 AM 6/9/2023	<Immediate> TX: GS13	RX: OK	
1:48:47.982 AM 6/9/2023	<Active Finish> TX: V46	RX: 0	TX: EX	RX: -22501	
1:50:32.318 AM 6/9/2023	CMD: WPROT GOTO WP14
RESP: WPROT ACTIVE BUSY 270.012 WP13 13, WPSEL ACTIVE READY 0.000 L/4 1, CALW ACTIVE READY 0.000 OFF 1, ASEL ACTIVE READY 28.776 ON 2, GMIR ACTIVE READY 27.012 TARGET 1, GFOC ACTIVE READY 7.500 TARGET 1
1:50:32.396 AM 6/9/2023	<Immediate> TX: GS14	RX: OK	
1:50:34.251 AM 6/9/2023	<Active Finish> TX: V46	RX: 0	TX: EX	RX: -24375	
1:52:16.928 AM 6/9/2023	CMD: WPROT GOTO WP15
RESP: WPROT ACTIVE BUSY 292.500 WP14 14, WPSEL ACTIVE READY 0.000 L/4 1, CALW ACTIVE READY 0.000 OFF 1, ASEL ACTIVE READY 28.776 ON 2, GMIR ACTIVE READY 27.012 TARGET 1, GFOC ACTIVE READY 7.500 TARGET 1
1:52:17.006 AM 6/9/2023	<Immediate> TX: GS15	RX: OK	
1:52:18.756 AM 6/9/2023	<Active Finish> TX: V46	RX: 0	TX: EX	RX: -26251	
1:54:02.217 AM 6/9/2023	CMD: WPROT GOTO WP16
RESP: WPROT ACTIVE BUSY 315.012 WP15 15, WPSEL ACTIVE READY 0.000 L/4 1, CALW ACTIVE READY 0.000 OFF 1, ASEL ACTIVE READY 28.776 ON 2, GMIR ACTIVE READY 27.012 TARGET 1, GFOC ACTIVE READY 7.500 TARGET 1
1:54:02.295 AM 6/9/2023	<Immediate> TX: GS16	RX: OK	
1:54:04.055 AM 6/9/2023	<Active Finish> TX: V46	RX: 0	TX: EX	RX: -28125	
1:55:47.694 AM 6/9/2023	CMD: WPROT GOTO WP1
RESP: WPROT ACTIVE BUSY 337.500 WP16 16, WPSEL ACTIVE READY 0.000 L/4 1, CALW ACTIVE READY 0.000 OFF 1, ASEL ACTIVE READY 28.776 ON 2, GMIR ACTIVE READY 27.012 TARGET 1, GFOC ACTIVE READY 7.500 TARGET 1
1:55:47.773 AM 6/9/2023	<Immediate> TX: GS1	RX: OK	
1:55:49.416 AM 6/9/2023	<Active Finish> TX: V46	RX: 0	TX: EX	RX: 0	
1:57:32.358 AM 6/9/2023	CMD: WPROT GOTO WP2
RESP: WPROT ACTIVE BUSY 0.000 WP1 1, WPSEL ACTIVE READY 0.000 L/4 1, CALW ACTIVE READY 0.000 OFF 1, ASEL ACTIVE READY 28.776 ON 2, GMIR ACTIVE READY 27.012 TARGET 1, GFOC ACTIVE READY 7.500 TARGET 1
1:57:32.437 AM 6/9/2023	<Immediate> TX: GS2	RX: OK	
1:57:33.757 AM 6/9/2023	<Active Finish> TX: V46	RX: 0	TX: EX	RX: -1875	
1:59:17.178 AM 6/9/2023	CMD: WPROT GOTO WP3
RESP: WPROT ACTIVE BUSY 22.500 WP2 2, WPSEL ACTIVE READY 0.000 L/4 1, CALW ACTIVE READY 0.000 OFF 1, ASEL ACTIVE READY 28.776 ON 2, GMIR ACTIVE READY 27.012 TARGET 1, GFOC ACTIVE READY 7.500 TARGET 1
1:59:17.256 AM 6/9/2023	<Immediate> TX: GS3	RX: OK	
1:59:19.098 AM 6/9/2023	<Active Finish> TX: V46	RX: 0	TX: EX	RX: -3751	
2:01:02.682 AM 6/9/2023	CMD: WPROT GOTO WP4
RESP: WPROT ACTIVE BUSY 45.012 WP3 3, WPSEL ACTIVE READY 0.000 L/4 1, CALW ACTIVE READY 0.000 OFF 1, ASEL ACTIVE READY 28.776 ON 2, GMIR ACTIVE READY 27.012 TARGET 1, GFOC ACTIVE READY 7.500 TARGET 1
2:01:02.762 AM 6/9/2023	<Immediate> TX: GS4	RX: OK	
2:01:04.098 AM 6/9/2023	<Active Finish> TX: V46	RX: 0	TX: EX	RX: -5625	
2:02:47.687 AM 6/9/2023	CMD: WPROT GOTO WP5
RESP: WPROT ACTIVE BUSY 67.500 WP4 4, WPSEL ACTIVE READY 0.000 L/4 1, CALW ACTIVE READY 0.000 OFF 1, ASEL ACTIVE READY 28.776 ON 2, GMIR ACTIVE READY 27.012 TARGET 1, GFOC ACTIVE READY 7.500 TARGET 1
2:02:47.765 AM 6/9/2023	<Immediate> TX: GS5	RX: OK	
2:02:49.092 AM 6/9/2023	<Active Finish> TX: V46	RX: 0	TX: EX	RX: -7501	
2:04:32.723 AM 6/9/2023	CMD: WPROT GOTO WP6
RESP: WPROT ACTIVE BUSY 90.012 WP5 5, WPSEL ACTIVE READY 0.000 L/4 1, CALW ACTIVE READY 0.000 OFF 1, ASEL ACTIVE READY 28.776 ON 2, GMIR ACTIVE READY 27.012 TARGET 1, GFOC ACTIVE READY 7.500 TARGET 1
2:04:32.802 AM 6/9/2023	<Immediate> TX: GS6	RX: OK	
2:04:34.126 AM 6/9/2023	<Active Finish> TX: V46	RX: 0	TX: EX	RX: -9375	
2:06:17.763 AM 6/9/2023	CMD: WPROT GOTO WP7
RESP: WPROT ACTIVE BUSY 112.500 WP6 6, WPSEL ACTIVE READY 0.000 L/4 1, CALW ACTIVE READY 0.000 OFF 1, ASEL ACTIVE READY 28.776 ON 2, GMIR ACTIVE READY 27.012 TARGET 1, GFOC ACTIVE READY 7.500 TARGET 1
2:06:17.841 AM 6/9/2023	<Immediate> TX: GS7	RX: OK	
2:06:19.158 AM 6/9/2023	<Active Finish> TX: V46	RX: 0	TX: EX	RX: -11251	
2:08:03.092 AM 6/9/2023	CMD: WPROT GOTO WP8
RESP: WPROT ACTIVE BUSY 135.012 WP7 7, WPSEL ACTIVE READY 0.000 L/4 1, CALW ACTIVE READY 0.000 OFF 1, ASEL ACTIVE READY 28.776 ON 2, GMIR ACTIVE READY 27.012 TARGET 1, GFOC ACTIVE READY 7.500 TARGET 1
2:08:03.171 AM 6/9/2023	<Immediate> TX: GS8	RX: OK	
2:08:04.487 AM 6/9/2023	<Active Finish> TX: V46	RX: 0	TX: EX	RX: -13125	
2:09:47.908 AM 6/9/2023	CMD: WPROT GOTO WP9
RESP: WPROT ACTIVE BUSY 157.500 WP8 8, WPSEL ACTIVE READY 0.000 L/4 1, CALW ACTIVE READY 0.000 OFF 1, ASEL ACTIVE READY 28.776 ON 2, GMIR ACTIVE READY 27.012 TARGET 1, GFOC ACTIVE READY 7.500 TARGET 1
2:09:47.987 AM 6/9/2023	<Immediate> TX: GS9	RX: OK	
2:09:49.389 AM 6/9/2023	<Active Finish> TX: V46	RX: 0	TX: EX	RX: -15000	
2:11:34.629 AM 6/9/2023	CMD: WPROT GOTO WP10
RESP: WPROT ACTIVE BUSY 180.000 WP9 9, WPSEL ACTIVE READY 0.000 L/4 1, CALW ACTIVE READY 0.000 OFF 1, ASEL ACTIVE READY 28.776 ON 2, GMIR ACTIVE READY 27.012 TARGET 1, GFOC ACTIVE READY 7.500 TARGET 1
2:11:34.707 AM 6/9/2023	<Immediate> TX: GS10	RX: OK	
2:11:36.472 AM 6/9/2023	<Active Finish> TX: V46	RX: 0	TX: EX	RX: -16875	
2:13:19.167 AM 6/9/2023	CMD: WPROT GOTO WP11
RESP: WPROT ACTIVE BUSY 202.500 WP10 10, WPSEL ACTIVE READY 0.000 L/4 1, CALW ACTIVE READY 0.000 OFF 1, ASEL ACTIVE READY 28.776 ON 2, GMIR ACTIVE READY 27.012 TARGET 1, GFOC ACTIVE READY 7.500 TARGET 1
2:13:19.245 AM 6/9/2023	<Immediate> TX: GS11	RX: OK	
2:13:20.557 AM 6/9/2023	<Active Finish> TX: V46	RX: 0	TX: EX	RX: -18751	
2:15:04.288 AM 6/9/2023	CMD: WPROT GOTO WP12
RESP: WPROT ACTIVE BUSY 225.012 WP11 11, WPSEL ACTIVE READY 0.000 L/4 1, CALW ACTIVE READY 0.000 OFF 1, ASEL ACTIVE READY 28.776 ON 2, GMIR ACTIVE READY 27.012 TARGET 1, GFOC ACTIVE READY 7.500 TARGET 1
2:15:04.366 AM 6/9/2023	<Immediate> TX: GS12	RX: OK	
2:15:05.694 AM 6/9/2023	<Active Finish> TX: V46	RX: 0	TX: EX	RX: -20626	
2:16:49.508 AM 6/9/2023	CMD: WPROT GOTO WP13
RESP: WPROT ACTIVE BUSY 247.512 WP12 12, WPSEL ACTIVE READY 0.000 L/4 1, CALW ACTIVE READY 0.000 OFF 1, ASEL ACTIVE READY 28.776 ON 2, GMIR ACTIVE READY 27.012 TARGET 1, GFOC ACTIVE READY 7.500 TARGET 1
2:16:49.585 AM 6/9/2023	<Immediate> TX: GS13	RX: OK	
2:16:51.348 AM 6/9/2023	<Active Finish> TX: V46	RX: 0	TX: EX	RX: -22501	
2:18:35.103 AM 6/9/2023	CMD: WPROT GOTO WP14
RESP: WPROT ACTIVE BUSY 270.012 WP13 13, WPSEL ACTIVE READY 0.000 L/4 1, CALW ACTIVE READY 0.000 OFF 1, ASEL ACTIVE READY 28.776 ON 2, GMIR ACTIVE READY 27.012 TARGET 1, GFOC ACTIVE READY 7.500 TARGET 1
2:18:35.181 AM 6/9/2023	<Immediate> TX: GS14	RX: OK	
2:18:36.937 AM 6/9/2023	<Active Finish> TX: V46	RX: 0	TX: EX	RX: -24375	
2:20:19.522 AM 6/9/2023	CMD: WPROT GOTO WP15
RESP: WPROT ACTIVE BUSY 292.500 WP14 14, WPSEL ACTIVE READY 0.000 L/4 1, CALW ACTIVE READY 0.000 OFF 1, ASEL ACTIVE READY 28.776 ON 2, GMIR ACTIVE READY 27.012 TARGET 1, GFOC ACTIVE READY 7.500 TARGET 1
2:20:19.600 AM 6/9/2023	<Immediate> TX: GS15	RX: OK	
2:20:21.007 AM 6/9/2023	<Active Finish> TX: V46	RX: 0	TX: EX	RX: -26251	
2:22:05.003 AM 6/9/2023	CMD: WPROT GOTO WP16
RESP: WPROT ACTIVE BUSY 315.012 WP15 15, WPSEL ACTIVE READY 0.000 L/4 1, CALW ACTIVE READY 0.000 OFF 1, ASEL ACTIVE READY 28.776 ON 2, GMIR ACTIVE READY 27.012 TARGET 1, GFOC ACTIVE READY 7.500 TARGET 1
2:22:05.082 AM 6/9/2023	<Immediate> TX: GS16	RX: OK	
2:22:06.726 AM 6/9/2023	<Active Finish> TX: V46	RX: 0	TX: EX	RX: -28125	
2:23:50.217 AM 6/9/2023	CMD: WPROT GOTO WP1
RESP: WPROT ACTIVE BUSY 337.500 WP16 16, WPSEL ACTIVE READY 0.000 L/4 1, CALW ACTIVE READY 0.000 OFF 1, ASEL ACTIVE READY 28.776 ON 2, GMIR ACTIVE READY 27.012 TARGET 1, GFOC ACTIVE READY 7.500 TARGET 1
2:23:50.307 AM 6/9/2023	<Immediate> TX: GS1	RX: OK	
2:23:51.947 AM 6/9/2023	<Active Finish> TX: V46	RX: 0	TX: EX	RX: 0	
2:25:35.084 AM 6/9/2023	CMD: WPROT GOTO WP2
RESP: WPROT ACTIVE BUSY 0.000 WP1 1, WPSEL ACTIVE READY 0.000 L/4 1, CALW ACTIVE READY 0.000 OFF 1, ASEL ACTIVE READY 28.776 ON 2, GMIR ACTIVE READY 27.012 TARGET 1, GFOC ACTIVE READY 7.500 TARGET 1
2:25:35.172 AM 6/9/2023	<Immediate> TX: GS2	RX: OK	
2:25:36.952 AM 6/9/2023	<Active Finish> TX: V46	RX: 0	TX: EX	RX: -1875	
2:27:20.342 AM 6/9/2023	CMD: WPROT GOTO WP3
RESP: WPROT ACTIVE BUSY 22.500 WP2 2, WPSEL ACTIVE READY 0.000 L/4 1, CALW ACTIVE READY 0.000 OFF 1, ASEL ACTIVE READY 28.776 ON 2, GMIR ACTIVE READY 27.012 TARGET 1, GFOC ACTIVE READY 7.500 TARGET 1
2:27:20.420 AM 6/9/2023	<Immediate> TX: GS3	RX: OK	
2:27:22.079 AM 6/9/2023	<Active Finish> TX: V46	RX: 0	TX: EX	RX: -3751	
2:29:05.413 AM 6/9/2023	CMD: WPROT GOTO WP4
RESP: WPROT ACTIVE BUSY 45.012 WP3 3, WPSEL ACTIVE READY 0.000 L/4 1, CALW ACTIVE READY 0.000 OFF 1, ASEL ACTIVE READY 28.776 ON 2, GMIR ACTIVE READY 27.012 TARGET 1, GFOC ACTIVE READY 7.500 TARGET 1
2:29:05.502 AM 6/9/2023	<Immediate> TX: GS4	RX: OK	
2:29:07.270 AM 6/9/2023	<Active Finish> TX: V46	RX: 0	TX: EX	RX: -5625	
2:30:50.087 AM 6/9/2023	CMD: WPROT GOTO WP5
RESP: WPROT ACTIVE BUSY 67.500 WP4 4, WPSEL ACTIVE READY 0.000 L/4 1, CALW ACTIVE READY 0.000 OFF 1, ASEL ACTIVE READY 28.776 ON 2, GMIR ACTIVE READY 27.012 TARGET 1, GFOC ACTIVE READY 7.500 TARGET 1
2:30:50.166 AM 6/9/2023	<Immediate> TX: GS5	RX: OK	
2:30:51.807 AM 6/9/2023	<Active Finish> TX: V46	RX: 0	TX: EX	RX: -7501	
2:32:35.105 AM 6/9/2023	CMD: WPROT GOTO WP6
RESP: WPROT ACTIVE BUSY 90.012 WP5 5, WPSEL ACTIVE READY 0.000 L/4 1, CALW ACTIVE READY 0.000 OFF 1, ASEL ACTIVE READY 28.776 ON 2, GMIR ACTIVE READY 27.012 TARGET 1, GFOC ACTIVE READY 7.500 TARGET 1
2:32:35.183 AM 6/9/2023	<Immediate> TX: GS6	RX: OK	
2:32:36.840 AM 6/9/2023	<Active Finish> TX: V46	RX: 0	TX: EX	RX: -9375	
2:34:20.294 AM 6/9/2023	CMD: WPROT GOTO WP7
RESP: WPROT ACTIVE BUSY 112.500 WP6 6, WPSEL ACTIVE READY 0.000 L/4 1, CALW ACTIVE READY 0.000 OFF 1, ASEL ACTIVE READY 28.776 ON 2, GMIR ACTIVE READY 27.012 TARGET 1, GFOC ACTIVE READY 7.500 TARGET 1
2:34:20.372 AM 6/9/2023	<Immediate> TX: GS7	RX: OK	
2:34:22.128 AM 6/9/2023	<Active Finish> TX: V46	RX: 0	TX: EX	RX: -11251	
2:36:05.538 AM 6/9/2023	CMD: WPROT GOTO WP8
RESP: WPROT ACTIVE BUSY 135.012 WP7 7, WPSEL ACTIVE READY 0.000 L/4 1, CALW ACTIVE READY 0.000 OFF 1, ASEL ACTIVE READY 28.776 ON 2, GMIR ACTIVE READY 27.012 TARGET 1, GFOC ACTIVE READY 7.500 TARGET 1
2:36:05.617 AM 6/9/2023	<Immediate> TX: GS8	RX: OK	
2:36:07.381 AM 6/9/2023	<Active Finish> TX: V46	RX: 0	TX: EX	RX: -13125	
2:37:50.702 AM 6/9/2023	CMD: WPROT GOTO WP9
RESP: WPROT ACTIVE BUSY 157.500 WP8 8, WPSEL ACTIVE READY 0.000 L/4 1, CALW ACTIVE READY 0.000 OFF 1, ASEL ACTIVE READY 28.776 ON 2, GMIR ACTIVE READY 27.012 TARGET 1, GFOC ACTIVE READY 7.500 TARGET 1
2:37:50.780 AM 6/9/2023	<Immediate> TX: GS9	RX: OK	
2:37:52.121 AM 6/9/2023	<Active Finish> TX: V46	RX: 0	TX: EX	RX: -15000	
2:39:36.048 AM 6/9/2023	CMD: WPROT GOTO WP10
RESP: WPROT ACTIVE BUSY 180.000 WP9 9, WPSEL ACTIVE READY 0.000 L/4 1, CALW ACTIVE READY 0.000 OFF 1, ASEL ACTIVE READY 28.776 ON 2, GMIR ACTIVE READY 27.012 TARGET 1, GFOC ACTIVE READY 7.500 TARGET 1
2:39:36.127 AM 6/9/2023	<Immediate> TX: GS10	RX: OK	
2:39:37.888 AM 6/9/2023	<Active Finish> TX: V46	RX: 0	TX: EX	RX: -16875	
2:41:21.668 AM 6/9/2023	CMD: WPROT GOTO WP11
RESP: WPROT ACTIVE BUSY 202.500 WP10 10, WPSEL ACTIVE READY 0.000 L/4 1, CALW ACTIVE READY 0.000 OFF 1, ASEL ACTIVE READY 28.776 ON 2, GMIR ACTIVE READY 27.012 TARGET 1, GFOC ACTIVE READY 7.500 TARGET 1
2:41:21.745 AM 6/9/2023	<Immediate> TX: GS11	RX: OK	
2:41:23.413 AM 6/9/2023	<Active Finish> TX: V46	RX: 0	TX: EX	RX: -18751	
2:43:07.472 AM 6/9/2023	CMD: WPROT GOTO WP12
RESP: WPROT ACTIVE BUSY 225.012 WP11 11, WPSEL ACTIVE READY 0.000 L/4 1, CALW ACTIVE READY 0.000 OFF 1, ASEL ACTIVE READY 28.776 ON 2, GMIR ACTIVE READY 27.012 TARGET 1, GFOC ACTIVE READY 7.500 TARGET 1
2:43:07.561 AM 6/9/2023	<Immediate> TX: GS12	RX: OK	
2:43:08.887 AM 6/9/2023	<Active Finish> TX: V46	RX: 0	TX: EX	RX: -20625	
2:44:52.978 AM 6/9/2023	CMD: WPROT GOTO WP13
RESP: WPROT ACTIVE BUSY 247.500 WP12 12, WPSEL ACTIVE READY 0.000 L/4 1, CALW ACTIVE READY 0.000 OFF 1, ASEL ACTIVE READY 28.776 ON 2, GMIR ACTIVE READY 27.012 TARGET 1, GFOC ACTIVE READY 7.500 TARGET 1
2:44:53.056 AM 6/9/2023	<Immediate> TX: GS13	RX: OK	
2:44:54.816 AM 6/9/2023	<Active Finish> TX: V46	RX: 0	TX: EX	RX: -22501	
2:46:38.189 AM 6/9/2023	CMD: WPROT GOTO WP14
RESP: WPROT ACTIVE BUSY 270.012 WP13 13, WPSEL ACTIVE READY 0.000 L/4 1, CALW ACTIVE READY 0.000 OFF 1, ASEL ACTIVE READY 28.776 ON 2, GMIR ACTIVE READY 27.012 TARGET 1, GFOC ACTIVE READY 7.500 TARGET 1
2:46:38.267 AM 6/9/2023	<Immediate> TX: GS14	RX: OK	
2:46:39.588 AM 6/9/2023	<Active Finish> TX: V46	RX: 0	TX: EX	RX: -24376	
2:48:22.627 AM 6/9/2023	CMD: WPROT GOTO WP15
RESP: WPROT ACTIVE BUSY 292.512 WP14 14, WPSEL ACTIVE READY 0.000 L/4 1, CALW ACTIVE READY 0.000 OFF 1, ASEL ACTIVE READY 28.776 ON 2, GMIR ACTIVE READY 27.012 TARGET 1, GFOC ACTIVE READY 7.500 TARGET 1
2:48:22.716 AM 6/9/2023	<Immediate> TX: GS15	RX: OK	
2:48:24.465 AM 6/9/2023	<Active Finish> TX: V46	RX: 0	TX: EX	RX: -26251	
2:50:06.952 AM 6/9/2023	CMD: WPROT GOTO WP16
RESP: WPROT ACTIVE BUSY 315.012 WP15 15, WPSEL ACTIVE READY 0.000 L/4 1, CALW ACTIVE READY 0.000 OFF 1, ASEL ACTIVE READY 28.776 ON 2, GMIR ACTIVE READY 27.012 TARGET 1, GFOC ACTIVE READY 7.500 TARGET 1
2:50:07.030 AM 6/9/2023	<Immediate> TX: GS16	RX: OK	
2:50:08.791 AM 6/9/2023	<Active Finish> TX: V46	RX: 0	TX: EX	RX: -28125	
2:51:51.217 AM 6/9/2023	CMD: WPROT GOTO WP1
RESP: WPROT ACTIVE BUSY 337.500 WP16 16, WPSEL ACTIVE READY 0.000 L/4 1, CALW ACTIVE READY 0.000 OFF 1, ASEL ACTIVE READY 28.776 ON 2, GMIR ACTIVE READY 27.012 TARGET 1, GFOC ACTIVE READY 7.500 TARGET 1
2:51:51.306 AM 6/9/2023	<Immediate> TX: GS1	RX: OK	
2:51:53.188 AM 6/9/2023	<Active Finish> TX: V46	RX: 0	TX: EX	RX: 0	
2:53:35.837 AM 6/9/2023	CMD: WPROT GOTO WP2
RESP: WPROT ACTIVE BUSY 0.000 WP1 1, WPSEL ACTIVE READY 0.000 L/4 1, CALW ACTIVE READY 0.000 OFF 1, ASEL ACTIVE READY 28.776 ON 2, GMIR ACTIVE READY 27.012 TARGET 1, GFOC ACTIVE READY 7.500 TARGET 1
2:53:35.915 AM 6/9/2023	<Immediate> TX: GS2	RX: OK	
2:53:37.673 AM 6/9/2023	<Active Finish> TX: V46	RX: 0	TX: EX	RX: -1875	
2:55:20.374 AM 6/9/2023	CMD: WPROT GOTO WP3
RESP: WPROT ACTIVE BUSY 22.500 WP2 2, WPSEL ACTIVE READY 0.000 L/4 1, CALW ACTIVE READY 0.000 OFF 1, ASEL ACTIVE READY 28.776 ON 2, GMIR ACTIVE READY 27.012 TARGET 1, GFOC ACTIVE READY 7.500 TARGET 1
2:55:20.452 AM 6/9/2023	<Immediate> TX: GS3	RX: OK	
2:55:22.209 AM 6/9/2023	<Active Finish> TX: V46	RX: 0	TX: EX	RX: -3751	
2:57:05.068 AM 6/9/2023	CMD: WPROT GOTO WP4
RESP: WPROT ACTIVE BUSY 45.012 WP3 3, WPSEL ACTIVE READY 0.000 L/4 1, CALW ACTIVE READY 0.000 OFF 1, ASEL ACTIVE READY 28.776 ON 2, GMIR ACTIVE READY 27.012 TARGET 1, GFOC ACTIVE READY 7.500 TARGET 1
2:57:05.156 AM 6/9/2023	<Immediate> TX: GS4	RX: OK	
2:57:06.921 AM 6/9/2023	<Active Finish> TX: V46	RX: 0	TX: EX	RX: -5625	
2:58:49.556 AM 6/9/2023	CMD: WPROT GOTO WP5
RESP: WPROT ACTIVE BUSY 67.500 WP4 4, WPSEL ACTIVE READY 0.000 L/4 1, CALW ACTIVE READY 0.000 OFF 1, ASEL ACTIVE READY 28.776 ON 2, GMIR ACTIVE READY 27.012 TARGET 1, GFOC ACTIVE READY 7.500 TARGET 1
2:58:49.634 AM 6/9/2023	<Immediate> TX: GS5	RX: OK	
2:58:51.380 AM 6/9/2023	<Active Finish> TX: V46	RX: 0	TX: EX	RX: -7501	
3:00:34.207 AM 6/9/2023	CMD: WPROT GOTO WP6
RESP: WPROT ACTIVE BUSY 90.012 WP5 5, WPSEL ACTIVE READY 0.000 L/4 1, CALW ACTIVE READY 0.000 OFF 1, ASEL ACTIVE READY 28.776 ON 2, GMIR ACTIVE READY 27.012 TARGET 1, GFOC ACTIVE READY 7.500 TARGET 1
3:00:34.285 AM 6/9/2023	<Immediate> TX: GS6	RX: OK	
3:00:35.614 AM 6/9/2023	<Active Finish> TX: V46	RX: 0	TX: EX	RX: -9375	
3:02:18.603 AM 6/9/2023	CMD: WPROT GOTO WP7
RESP: WPROT ACTIVE BUSY 112.500 WP6 6, WPSEL ACTIVE READY 0.000 L/4 1, CALW ACTIVE READY 0.000 OFF 1, ASEL ACTIVE READY 28.776 ON 2, GMIR ACTIVE READY 27.012 TARGET 1, GFOC ACTIVE READY 7.500 TARGET 1
3:02:18.681 AM 6/9/2023	<Immediate> TX: GS7	RX: OK	
3:02:20.440 AM 6/9/2023	<Active Finish> TX: V46	RX: 0	TX: EX	RX: -11251	
3:04:04.045 AM 6/9/2023	CMD: WPROT GOTO WP8
RESP: WPROT ACTIVE BUSY 135.012 WP7 7, WPSEL ACTIVE READY 0.000 L/4 1, CALW ACTIVE READY 0.000 OFF 1, ASEL ACTIVE READY 28.776 ON 2, GMIR ACTIVE READY 27.012 TARGET 1, GFOC ACTIVE READY 7.500 TARGET 1
3:04:04.133 AM 6/9/2023	<Immediate> TX: GS8	RX: OK	
3:04:05.785 AM 6/9/2023	<Active Finish> TX: V46	RX: 0	TX: EX	RX: -13125	
3:05:48.873 AM 6/9/2023	CMD: WPROT GOTO WP9
RESP: WPROT ACTIVE BUSY 157.500 WP8 8, WPSEL ACTIVE READY 0.000 L/4 1, CALW ACTIVE READY 0.000 OFF 1, ASEL ACTIVE READY 28.776 ON 2, GMIR ACTIVE READY 27.012 TARGET 1, GFOC ACTIVE READY 7.500 TARGET 1
3:05:48.950 AM 6/9/2023	<Immediate> TX: GS9	RX: OK	
3:05:50.601 AM 6/9/2023	<Active Finish> TX: V46	RX: 0	TX: EX	RX: -15000	
3:07:33.672 AM 6/9/2023	CMD: WPROT GOTO WP10
RESP: WPROT ACTIVE BUSY 180.000 WP9 9, WPSEL ACTIVE READY 0.000 L/4 1, CALW ACTIVE READY 0.000 OFF 1, ASEL ACTIVE READY 28.776 ON 2, GMIR ACTIVE READY 27.012 TARGET 1, GFOC ACTIVE READY 7.500 TARGET 1
3:07:33.751 AM 6/9/2023	<Immediate> TX: GS10	RX: OK	
3:07:35.528 AM 6/9/2023	<Active Finish> TX: V46	RX: 0	TX: EX	RX: -16875	
3:09:18.278 AM 6/9/2023	CMD: WPROT GOTO WP11
RESP: WPROT ACTIVE BUSY 202.500 WP10 10, WPSEL ACTIVE READY 0.000 L/4 1, CALW ACTIVE READY 0.000 OFF 1, ASEL ACTIVE READY 28.776 ON 2, GMIR ACTIVE READY 27.012 TARGET 1, GFOC ACTIVE READY 7.500 TARGET 1
3:09:18.366 AM 6/9/2023	<Immediate> TX: GS11	RX: OK	
3:09:20.136 AM 6/9/2023	<Active Finish> TX: V46	RX: 0	TX: EX	RX: -18751	
3:11:03.282 AM 6/9/2023	CMD: WPROT GOTO WP12
RESP: WPROT ACTIVE BUSY 225.012 WP11 11, WPSEL ACTIVE READY 0.000 L/4 1, CALW ACTIVE READY 0.000 OFF 1, ASEL ACTIVE READY 28.776 ON 2, GMIR ACTIVE READY 27.012 TARGET 1, GFOC ACTIVE READY 7.500 TARGET 1
3:11:03.362 AM 6/9/2023	<Immediate> TX: GS12	RX: OK	
3:11:05.019 AM 6/9/2023	<Active Finish> TX: V46	RX: 0	TX: EX	RX: -20625	
3:12:47.628 AM 6/9/2023	CMD: WPROT GOTO WP13
RESP: WPROT ACTIVE BUSY 247.500 WP12 12, WPSEL ACTIVE READY 0.000 L/4 1, CALW ACTIVE READY 0.000 OFF 1, ASEL ACTIVE READY 28.776 ON 2, GMIR ACTIVE READY 27.012 TARGET 1, GFOC ACTIVE READY 7.500 TARGET 1
3:12:47.707 AM 6/9/2023	<Immediate> TX: GS13	RX: OK	
3:12:49.379 AM 6/9/2023	<Active Finish> TX: V46	RX: 0	TX: EX	RX: -22501	
3:14:32.602 AM 6/9/2023	CMD: WPROT GOTO WP14
RESP: WPROT ACTIVE BUSY 270.012 WP13 13, WPSEL ACTIVE READY 0.000 L/4 1, CALW ACTIVE READY 0.000 OFF 1, ASEL ACTIVE READY 28.776 ON 2, GMIR ACTIVE READY 27.012 TARGET 1, GFOC ACTIVE READY 7.500 TARGET 1
3:14:32.691 AM 6/9/2023	<Immediate> TX: GS14	RX: OK	
3:14:34.005 AM 6/9/2023	<Active Finish> TX: V46	RX: 0	TX: EX	RX: -24375	
3:16:17.887 AM 6/9/2023	CMD: WPROT GOTO WP15
RESP: WPROT ACTIVE BUSY 292.500 WP14 14, WPSEL ACTIVE READY 0.000 L/4 1, CALW ACTIVE READY 0.000 OFF 1, ASEL ACTIVE READY 28.776 ON 2, GMIR ACTIVE READY 27.012 TARGET 1, GFOC ACTIVE READY 7.500 TARGET 1
3:16:17.976 AM 6/9/2023	<Immediate> TX: GS15	RX: OK	
3:16:19.616 AM 6/9/2023	<Active Finish> TX: V46	RX: 0	TX: EX	RX: -26251	
3:18:01.767 AM 6/9/2023	CMD: WPROT GOTO WP16
RESP: WPROT ACTIVE BUSY 315.012 WP15 15, WPSEL ACTIVE READY 0.000 L/4 1, CALW ACTIVE READY 0.000 OFF 1, ASEL ACTIVE READY 28.776 ON 2, GMIR ACTIVE READY 27.012 TARGET 1, GFOC ACTIVE READY 7.500 TARGET 1
3:18:01.855 AM 6/9/2023	<Immediate> TX: GS16	RX: OK	
3:18:03.509 AM 6/9/2023	<Active Finish> TX: V46	RX: 0	TX: EX	RX: -28125	
3:19:46.959 AM 6/9/2023	CMD: WPROT GOTO WP1
RESP: WPROT ACTIVE BUSY 337.500 WP16 16, WPSEL ACTIVE READY 0.000 L/4 1, CALW ACTIVE READY 0.000 OFF 1, ASEL ACTIVE READY 28.776 ON 2, GMIR ACTIVE READY 27.012 TARGET 1, GFOC ACTIVE READY 7.500 TARGET 1
3:19:47.038 AM 6/9/2023	<Immediate> TX: GS1	RX: OK	
3:19:48.908 AM 6/9/2023	<Active Finish> TX: V46	RX: 0	TX: EX	RX: 0	
3:21:31.267 AM 6/9/2023	CMD: WPROT GOTO WP2
RESP: WPROT ACTIVE BUSY 0.000 WP1 1, WPSEL ACTIVE READY 0.000 L/4 1, CALW ACTIVE READY 0.000 OFF 1, ASEL ACTIVE READY 28.776 ON 2, GMIR ACTIVE READY 27.012 TARGET 1, GFOC ACTIVE READY 7.500 TARGET 1
3:21:31.346 AM 6/9/2023	<Immediate> TX: GS2	RX: OK	
3:21:32.690 AM 6/9/2023	<Active Finish> TX: V46	RX: 0	TX: EX	RX: -1875	
3:23:16.477 AM 6/9/2023	CMD: WPROT GOTO WP3
RESP: WPROT ACTIVE BUSY 22.500 WP2 2, WPSEL ACTIVE READY 0.000 L/4 1, CALW ACTIVE READY 0.000 OFF 1, ASEL ACTIVE READY 28.776 ON 2, GMIR ACTIVE READY 27.012 TARGET 1, GFOC ACTIVE READY 7.500 TARGET 1
3:23:16.556 AM 6/9/2023	<Immediate> TX: GS3	RX: OK	
3:23:18.214 AM 6/9/2023	<Active Finish> TX: V46	RX: 0	TX: EX	RX: -3751	
3:25:01.028 AM 6/9/2023	CMD: WPROT GOTO WP4
RESP: WPROT ACTIVE BUSY 45.012 WP3 3, WPSEL ACTIVE READY 0.000 L/4 1, CALW ACTIVE READY 0.000 OFF 1, ASEL ACTIVE READY 28.776 ON 2, GMIR ACTIVE READY 27.012 TARGET 1, GFOC ACTIVE READY 7.500 TARGET 1
3:25:01.106 AM 6/9/2023	<Immediate> TX: GS4	RX: OK	
3:25:02.858 AM 6/9/2023	<Active Finish> TX: V46	RX: 0	TX: EX	RX: -5625	
3:26:45.472 AM 6/9/2023	CMD: WPROT GOTO WP5
RESP: WPROT ACTIVE BUSY 67.500 WP4 4, WPSEL ACTIVE READY 0.000 L/4 1, CALW ACTIVE READY 0.000 OFF 1, ASEL ACTIVE READY 28.776 ON 2, GMIR ACTIVE READY 27.012 TARGET 1, GFOC ACTIVE READY 7.500 TARGET 1
3:26:45.550 AM 6/9/2023	<Immediate> TX: GS5	RX: OK	
3:26:47.205 AM 6/9/2023	<Active Finish> TX: V46	RX: 0	TX: EX	RX: -7501	
3:28:30.537 AM 6/9/2023	CMD: WPROT GOTO WP6
RESP: WPROT ACTIVE BUSY 90.012 WP5 5, WPSEL ACTIVE READY 0.000 L/4 1, CALW ACTIVE READY 0.000 OFF 1, ASEL ACTIVE READY 28.776 ON 2, GMIR ACTIVE READY 27.012 TARGET 1, GFOC ACTIVE READY 7.500 TARGET 1
3:28:30.615 AM 6/9/2023	<Immediate> TX: GS6	RX: OK	
3:28:31.930 AM 6/9/2023	<Active Finish> TX: V46	RX: 0	TX: EX	RX: -9376	
3:30:15.682 AM 6/9/2023	CMD: WPROT GOTO WP7
RESP: WPROT ACTIVE BUSY 112.512 WP6 6, WPSEL ACTIVE READY 0.000 L/4 1, CALW ACTIVE READY 0.000 OFF 1, ASEL ACTIVE READY 28.776 ON 2, GMIR ACTIVE READY 27.012 TARGET 1, GFOC ACTIVE READY 7.500 TARGET 1
3:30:15.761 AM 6/9/2023	<Immediate> TX: GS7	RX: OK	
3:30:17.076 AM 6/9/2023	<Active Finish> TX: V46	RX: 0	TX: EX	RX: -11251	
3:31:59.982 AM 6/9/2023	CMD: WPROT GOTO WP8
RESP: WPROT ACTIVE BUSY 135.012 WP7 7, WPSEL ACTIVE READY 0.000 L/4 1, CALW ACTIVE READY 0.000 OFF 1, ASEL ACTIVE READY 28.776 ON 2, GMIR ACTIVE READY 27.012 TARGET 1, GFOC ACTIVE READY 7.500 TARGET 1
3:32:00.061 AM 6/9/2023	<Immediate> TX: GS8	RX: OK	
3:32:01.713 AM 6/9/2023	<Active Finish> TX: V46	RX: 0	TX: EX	RX: -13124	
3:33:45.018 AM 6/9/2023	CMD: WPROT GOTO WP9
RESP: WPROT ACTIVE BUSY 157.488 WP8 8, WPSEL ACTIVE READY 0.000 L/4 1, CALW ACTIVE READY 0.000 OFF 1, ASEL ACTIVE READY 28.776 ON 2, GMIR ACTIVE READY 27.012 TARGET 1, GFOC ACTIVE READY 7.500 TARGET 1
3:33:45.107 AM 6/9/2023	<Immediate> TX: GS9	RX: OK	
3:33:46.873 AM 6/9/2023	<Active Finish> TX: V46	RX: 0	TX: EX	RX: -15000	
3:35:29.823 AM 6/9/2023	CMD: WPROT GOTO WP10
RESP: WPROT ACTIVE BUSY 180.000 WP9 9, WPSEL ACTIVE READY 0.000 L/4 1, CALW ACTIVE READY 0.000 OFF 1, ASEL ACTIVE READY 28.776 ON 2, GMIR ACTIVE READY 27.012 TARGET 1, GFOC ACTIVE READY 7.500 TARGET 1
3:35:29.912 AM 6/9/2023	<Immediate> TX: GS10	RX: OK	
3:35:31.248 AM 6/9/2023	<Active Finish> TX: V46	RX: 0	TX: EX	RX: -16875	
3:37:14.498 AM 6/9/2023	CMD: WPROT GOTO WP11
RESP: WPROT ACTIVE BUSY 202.500 WP10 10, WPSEL ACTIVE READY 0.000 L/4 1, CALW ACTIVE READY 0.000 OFF 1, ASEL ACTIVE READY 28.776 ON 2, GMIR ACTIVE READY 27.012 TARGET 1, GFOC ACTIVE READY 7.500 TARGET 1
3:37:14.587 AM 6/9/2023	<Immediate> TX: GS11	RX: OK	
3:37:15.914 AM 6/9/2023	<Active Finish> TX: V46	RX: 0	TX: EX	RX: -18751	
3:39:00.038 AM 6/9/2023	CMD: WPROT GOTO WP12
RESP: WPROT ACTIVE BUSY 225.012 WP11 11, WPSEL ACTIVE READY 0.000 L/4 1, CALW ACTIVE READY 0.000 OFF 1, ASEL ACTIVE READY 28.776 ON 2, GMIR ACTIVE READY 27.012 TARGET 1, GFOC ACTIVE READY 7.500 TARGET 1
3:39:00.126 AM 6/9/2023	<Immediate> TX: GS12	RX: OK	
3:39:01.895 AM 6/9/2023	<Active Finish> TX: V46	RX: 0	TX: EX	RX: -20625	
3:40:44.275 AM 6/9/2023	CMD: WPROT GOTO WP13
RESP: WPROT ACTIVE BUSY 247.500 WP12 12, WPSEL ACTIVE READY 0.000 L/4 1, CALW ACTIVE READY 0.000 OFF 1, ASEL ACTIVE READY 28.776 ON 2, GMIR ACTIVE READY 27.012 TARGET 1, GFOC ACTIVE READY 7.500 TARGET 1
3:40:44.353 AM 6/9/2023	<Immediate> TX: GS13	RX: OK	
3:40:45.675 AM 6/9/2023	<Active Finish> TX: V46	RX: 0	TX: EX	RX: -22501	
3:42:28.634 AM 6/9/2023	CMD: WPROT GOTO WP14
RESP: WPROT ACTIVE BUSY 270.012 WP13 13, WPSEL ACTIVE READY 0.000 L/4 1, CALW ACTIVE READY 0.000 OFF 1, ASEL ACTIVE READY 28.776 ON 2, GMIR ACTIVE READY 27.012 TARGET 1, GFOC ACTIVE READY 7.500 TARGET 1
3:42:28.712 AM 6/9/2023	<Immediate> TX: GS14	RX: OK	
3:42:30.561 AM 6/9/2023	<Active Finish> TX: V46	RX: 0	TX: EX	RX: -24375	
3:44:13.304 AM 6/9/2023	CMD: WPROT GOTO WP15
RESP: WPROT ACTIVE BUSY 292.500 WP14 14, WPSEL ACTIVE READY 0.000 L/4 1, CALW ACTIVE READY 0.000 OFF 1, ASEL ACTIVE READY 28.776 ON 2, GMIR ACTIVE READY 27.012 TARGET 1, GFOC ACTIVE READY 7.500 TARGET 1
3:44:13.382 AM 6/9/2023	<Immediate> TX: GS15	RX: OK	
3:44:15.155 AM 6/9/2023	<Active Finish> TX: V46	RX: 0	TX: EX	RX: -26251	
3:45:58.638 AM 6/9/2023	CMD: WPROT GOTO WP16
RESP: WPROT ACTIVE BUSY 315.012 WP15 15, WPSEL ACTIVE READY 0.000 L/4 1, CALW ACTIVE READY 0.000 OFF 1, ASEL ACTIVE READY 28.776 ON 2, GMIR ACTIVE READY 27.012 TARGET 1, GFOC ACTIVE READY 7.500 TARGET 1
3:45:58.716 AM 6/9/2023	<Immediate> TX: GS16	RX: OK	
3:46:00.372 AM 6/9/2023	<Active Finish> TX: V46	RX: 0	TX: EX	RX: -28125	
3:47:43.507 AM 6/9/2023	CMD: WPROT GOTO WP1
RESP: WPROT ACTIVE BUSY 337.500 WP16 16, WPSEL ACTIVE READY 0.000 L/4 1, CALW ACTIVE READY 0.000 OFF 1, ASEL ACTIVE READY 28.776 ON 2, GMIR ACTIVE READY 27.012 TARGET 1, GFOC ACTIVE READY 7.500 TARGET 1
3:47:43.596 AM 6/9/2023	<Immediate> TX: GS1	RX: OK	
3:47:45.468 AM 6/9/2023	<Active Finish> TX: V46	RX: 0	TX: EX	RX: 0	
3:49:28.164 AM 6/9/2023	CMD: WPROT GOTO WP2
RESP: WPROT ACTIVE BUSY 0.000 WP1 1, WPSEL ACTIVE READY 0.000 L/4 1, CALW ACTIVE READY 0.000 OFF 1, ASEL ACTIVE READY 28.776 ON 2, GMIR ACTIVE READY 27.012 TARGET 1, GFOC ACTIVE READY 7.500 TARGET 1
3:49:28.242 AM 6/9/2023	<Immediate> TX: GS2	RX: OK	
3:49:29.569 AM 6/9/2023	<Active Finish> TX: V46	RX: 0	TX: EX	RX: -1875	
3:51:12.612 AM 6/9/2023	CMD: WPROT GOTO WP3
RESP: WPROT ACTIVE BUSY 22.500 WP2 2, WPSEL ACTIVE READY 0.000 L/4 1, CALW ACTIVE READY 0.000 OFF 1, ASEL ACTIVE READY 28.776 ON 2, GMIR ACTIVE READY 27.012 TARGET 1, GFOC ACTIVE READY 7.500 TARGET 1
3:51:12.690 AM 6/9/2023	<Immediate> TX: GS3	RX: OK	
3:51:14.024 AM 6/9/2023	<Active Finish> TX: V46	RX: 0	TX: EX	RX: -3751	
3:52:57.793 AM 6/9/2023	CMD: WPROT GOTO WP4
RESP: WPROT ACTIVE BUSY 45.012 WP3 3, WPSEL ACTIVE READY 0.000 L/4 1, CALW ACTIVE READY 0.000 OFF 1, ASEL ACTIVE READY 28.776 ON 2, GMIR ACTIVE READY 27.012 TARGET 1, GFOC ACTIVE READY 7.500 TARGET 1
3:52:57.881 AM 6/9/2023	<Immediate> TX: GS4	RX: OK	
3:52:59.550 AM 6/9/2023	<Active Finish> TX: V46	RX: 0	TX: EX	RX: -5625	
3:54:42.508 AM 6/9/2023	CMD: WPROT GOTO WP5
RESP: WPROT ACTIVE BUSY 67.500 WP4 4, WPSEL ACTIVE READY 0.000 L/4 1, CALW ACTIVE READY 0.000 OFF 1, ASEL ACTIVE READY 28.776 ON 2, GMIR ACTIVE READY 27.012 TARGET 1, GFOC ACTIVE READY 7.500 TARGET 1
3:54:42.597 AM 6/9/2023	<Immediate> TX: GS5	RX: OK	
3:54:43.912 AM 6/9/2023	<Active Finish> TX: V46	RX: 0	TX: EX	RX: -7501	
3:56:27.682 AM 6/9/2023	CMD: WPROT GOTO WP6
RESP: WPROT ACTIVE BUSY 90.012 WP5 5, WPSEL ACTIVE READY 0.000 L/4 1, CALW ACTIVE READY 0.000 OFF 1, ASEL ACTIVE READY 28.776 ON 2, GMIR ACTIVE READY 27.012 TARGET 1, GFOC ACTIVE READY 7.500 TARGET 1
3:56:27.760 AM 6/9/2023	<Immediate> TX: GS6	RX: OK	
3:56:29.404 AM 6/9/2023	<Active Finish> TX: V46	RX: 0	TX: EX	RX: -9375	
3:58:12.328 AM 6/9/2023	CMD: WPROT GOTO WP7
RESP: WPROT ACTIVE BUSY 112.500 WP6 6, WPSEL ACTIVE READY 0.000 L/4 1, CALW ACTIVE READY 0.000 OFF 1, ASEL ACTIVE READY 28.776 ON 2, GMIR ACTIVE READY 27.012 TARGET 1, GFOC ACTIVE READY 7.500 TARGET 1
3:58:12.407 AM 6/9/2023	<Immediate> TX: GS7	RX: OK	
3:58:13.781 AM 6/9/2023	<Active Finish> TX: V46	RX: 0	TX: EX	RX: -11251	
3:59:57.723 AM 6/9/2023	CMD: WPROT GOTO WP8
RESP: WPROT ACTIVE BUSY 135.012 WP7 7, WPSEL ACTIVE READY 0.000 L/4 1, CALW ACTIVE READY 0.000 OFF 1, ASEL ACTIVE READY 28.776 ON 2, GMIR ACTIVE READY 27.012 TARGET 1, GFOC ACTIVE READY 7.500 TARGET 1
3:59:57.812 AM 6/9/2023	<Immediate> TX: GS8	RX: OK	
3:59:59.132 AM 6/9/2023	<Active Finish> TX: V46	RX: 0	TX: EX	RX: -13125	
4:01:42.756 AM 6/9/2023	CMD: WPROT GOTO WP9
RESP: WPROT ACTIVE BUSY 157.500 WP8 8, WPSEL ACTIVE READY 0.000 L/4 1, CALW ACTIVE READY 0.000 OFF 1, ASEL ACTIVE READY 28.776 ON 2, GMIR ACTIVE READY 27.012 TARGET 1, GFOC ACTIVE READY 7.500 TARGET 1
4:01:42.845 AM 6/9/2023	<Immediate> TX: GS9	RX: OK	
4:01:44.157 AM 6/9/2023	<Active Finish> TX: V46	RX: 0	TX: EX	RX: -15000	
4:03:27.228 AM 6/9/2023	CMD: WPROT GOTO WP10
RESP: WPROT ACTIVE BUSY 180.000 WP9 9, WPSEL ACTIVE READY 0.000 L/4 1, CALW ACTIVE READY 0.000 OFF 1, ASEL ACTIVE READY 28.776 ON 2, GMIR ACTIVE READY 27.012 TARGET 1, GFOC ACTIVE READY 7.500 TARGET 1
4:03:27.316 AM 6/9/2023	<Immediate> TX: GS10	RX: OK	
4:03:28.997 AM 6/9/2023	<Active Finish> TX: V46	RX: 0	TX: EX	RX: -16875	
4:05:12.278 AM 6/9/2023	CMD: WPROT GOTO WP11
RESP: WPROT ACTIVE BUSY 202.500 WP10 10, WPSEL ACTIVE READY 0.000 L/4 1, CALW ACTIVE READY 0.000 OFF 1, ASEL ACTIVE READY 28.776 ON 2, GMIR ACTIVE READY 27.012 TARGET 1, GFOC ACTIVE READY 7.500 TARGET 1
4:05:12.367 AM 6/9/2023	<Immediate> TX: GS11	RX: OK	
4:05:14.159 AM 6/9/2023	<Active Finish> TX: V46	RX: 0	TX: EX	RX: -18751	
4:06:56.894 AM 6/9/2023	CMD: WPROT GOTO WP12
RESP: WPROT ACTIVE BUSY 225.012 WP11 11, WPSEL ACTIVE READY 0.000 L/4 1, CALW ACTIVE READY 0.000 OFF 1, ASEL ACTIVE READY 28.776 ON 2, GMIR ACTIVE READY 27.012 TARGET 1, GFOC ACTIVE READY 7.500 TARGET 1
4:06:56.972 AM 6/9/2023	<Immediate> TX: GS12	RX: OK	
4:06:58.724 AM 6/9/2023	<Active Finish> TX: V46	RX: 0	TX: EX	RX: -20625	
4:08:41.277 AM 6/9/2023	CMD: WPROT GOTO WP13
RESP: WPROT ACTIVE BUSY 247.500 WP12 12, WPSEL ACTIVE READY 0.000 L/4 1, CALW ACTIVE READY 0.000 OFF 1, ASEL ACTIVE READY 28.776 ON 2, GMIR ACTIVE READY 27.012 TARGET 1, GFOC ACTIVE READY 7.500 TARGET 1
4:08:41.366 AM 6/9/2023	<Immediate> TX: GS13	RX: OK	
4:08:43.115 AM 6/9/2023	<Active Finish> TX: V46	RX: 0	TX: EX	RX: -22501	
4:10:26.142 AM 6/9/2023	CMD: WPROT GOTO WP14
RESP: WPROT ACTIVE BUSY 270.012 WP13 13, WPSEL ACTIVE READY 0.000 L/4 1, CALW ACTIVE READY 0.000 OFF 1, ASEL ACTIVE READY 28.776 ON 2, GMIR ACTIVE READY 27.012 TARGET 1, GFOC ACTIVE READY 7.500 TARGET 1
4:10:26.220 AM 6/9/2023	<Immediate> TX: GS14	RX: OK	
4:10:27.891 AM 6/9/2023	<Active Finish> TX: V46	RX: 0	TX: EX	RX: -24375	
4:12:11.544 AM 6/9/2023	CMD: WPROT GOTO WP15
RESP: WPROT ACTIVE BUSY 292.500 WP14 14, WPSEL ACTIVE READY 0.000 L/4 1, CALW ACTIVE READY 0.000 OFF 1, ASEL ACTIVE READY 28.776 ON 2, GMIR ACTIVE READY 27.012 TARGET 1, GFOC ACTIVE READY 7.500 TARGET 1
4:12:11.623 AM 6/9/2023	<Immediate> TX: GS15	RX: OK	
4:12:12.958 AM 6/9/2023	<Active Finish> TX: V46	RX: 0	TX: EX	RX: -26251	
4:13:56.798 AM 6/9/2023	CMD: WPROT GOTO WP16
RESP: WPROT ACTIVE BUSY 315.012 WP15 15, WPSEL ACTIVE READY 0.000 L/4 1, CALW ACTIVE READY 0.000 OFF 1, ASEL ACTIVE READY 28.776 ON 2, GMIR ACTIVE READY 27.012 TARGET 1, GFOC ACTIVE READY 7.500 TARGET 1
4:13:56.886 AM 6/9/2023	<Immediate> TX: GS16	RX: OK	
4:13:58.663 AM 6/9/2023	<Active Finish> TX: V46	RX: 0	TX: EX	RX: -28125	
4:15:41.069 AM 6/9/2023	CMD: WPROT GOTO WP1
RESP: WPROT ACTIVE BUSY 337.500 WP16 16, WPSEL ACTIVE READY 0.000 L/4 1, CALW ACTIVE READY 0.000 OFF 1, ASEL ACTIVE READY 28.776 ON 2, GMIR ACTIVE READY 27.012 TARGET 1, GFOC ACTIVE READY 7.500 TARGET 1
4:15:41.146 AM 6/9/2023	<Immediate> TX: GS1	RX: OK	
4:15:43.023 AM 6/9/2023	<Active Finish> TX: V46	RX: 0	TX: EX	RX: 0	
4:17:25.202 AM 6/9/2023	CMD: WPROT GOTO WP2
RESP: WPROT ACTIVE BUSY 0.000 WP1 1, WPSEL ACTIVE READY 0.000 L/4 1, CALW ACTIVE READY 0.000 OFF 1, ASEL ACTIVE READY 28.776 ON 2, GMIR ACTIVE READY 27.012 TARGET 1, GFOC ACTIVE READY 7.500 TARGET 1
4:17:25.291 AM 6/9/2023	<Immediate> TX: GS2	RX: OK	
4:17:27.067 AM 6/9/2023	<Active Finish> TX: V46	RX: 0	TX: EX	RX: -1875	
4:19:09.923 AM 6/9/2023	CMD: WPROT GOTO WP3
RESP: WPROT ACTIVE BUSY 22.500 WP2 2, WPSEL ACTIVE READY 0.000 L/4 1, CALW ACTIVE READY 0.000 OFF 1, ASEL ACTIVE READY 28.776 ON 2, GMIR ACTIVE READY 27.012 TARGET 1, GFOC ACTIVE READY 7.500 TARGET 1
4:19:10.003 AM 6/9/2023	<Immediate> TX: GS3	RX: OK	
4:19:11.784 AM 6/9/2023	<Active Finish> TX: V46	RX: 0	TX: EX	RX: -3751	
4:20:54.632 AM 6/9/2023	CMD: WPROT GOTO WP4
RESP: WPROT ACTIVE BUSY 45.012 WP3 3, WPSEL ACTIVE READY 0.000 L/4 1, CALW ACTIVE READY 0.000 OFF 1, ASEL ACTIVE READY 28.776 ON 2, GMIR ACTIVE READY 27.012 TARGET 1, GFOC ACTIVE READY 7.500 TARGET 1
4:20:54.723 AM 6/9/2023	<Immediate> TX: GS4	RX: OK	
4:20:55.715 AM 6/9/2023	<Active Update> TX: V46	RX: 	
4:20:56.817 AM 6/9/2023	<Active Finish> TX: V46	RX: 0	TX: EX	RX: -5625	
4:22:39.322 AM 6/9/2023	CMD: WPROT GOTO WP5
RESP: WPROT ACTIVE BUSY 67.500 WP4 4, WPSEL ACTIVE READY 0.000 L/4 1, CALW ACTIVE READY 0.000 OFF 1, ASEL ACTIVE READY 28.776 ON 2, GMIR ACTIVE READY 27.012 TARGET 1, GFOC ACTIVE READY 7.500 TARGET 1
4:22:39.412 AM 6/9/2023	<Immediate> TX: GS5	RX: OK	
4:22:40.749 AM 6/9/2023	<Active Finish> TX: V46	RX: 0	TX: EX	RX: -7501	
4:24:23.758 AM 6/9/2023	CMD: WPROT GOTO WP6
RESP: WPROT ACTIVE BUSY 90.012 WP5 5, WPSEL ACTIVE READY 0.000 L/4 1, CALW ACTIVE READY 0.000 OFF 1, ASEL ACTIVE READY 28.776 ON 2, GMIR ACTIVE READY 27.012 TARGET 1, GFOC ACTIVE READY 7.500 TARGET 1
4:24:23.848 AM 6/9/2023	<Immediate> TX: GS6	RX: OK	
4:24:25.521 AM 6/9/2023	<Active Finish> TX: V46	RX: 0	TX: EX	RX: -9375	
4:26:07.762 AM 6/9/2023	CMD: WPROT GOTO WP7
RESP: WPROT ACTIVE BUSY 112.500 WP6 6, WPSEL ACTIVE READY 0.000 L/4 1, CALW ACTIVE READY 0.000 OFF 1, ASEL ACTIVE READY 28.776 ON 2, GMIR ACTIVE READY 27.012 TARGET 1, GFOC ACTIVE READY 7.500 TARGET 1
4:26:07.851 AM 6/9/2023	<Immediate> TX: GS7	RX: OK	
4:26:09.613 AM 6/9/2023	<Active Finish> TX: V46	RX: 0	TX: EX	RX: -11251	
4:27:53.188 AM 6/9/2023	CMD: WPROT GOTO WP8
RESP: WPROT ACTIVE BUSY 135.012 WP7 7, WPSEL ACTIVE READY 0.000 L/4 1, CALW ACTIVE READY 0.000 OFF 1, ASEL ACTIVE READY 28.776 ON 2, GMIR ACTIVE READY 27.012 TARGET 1, GFOC ACTIVE READY 7.500 TARGET 1
4:27:53.277 AM 6/9/2023	<Immediate> TX: GS8	RX: OK	
4:27:54.950 AM 6/9/2023	<Active Finish> TX: V46	RX: 0	TX: EX	RX: -13125	
4:29:37.692 AM 6/9/2023	CMD: WPROT GOTO WP9
RESP: WPROT ACTIVE BUSY 157.500 WP8 8, WPSEL ACTIVE READY 0.000 L/4 1, CALW ACTIVE READY 0.000 OFF 1, ASEL ACTIVE READY 28.776 ON 2, GMIR ACTIVE READY 27.012 TARGET 1, GFOC ACTIVE READY 7.500 TARGET 1
4:29:37.781 AM 6/9/2023	<Immediate> TX: GS9	RX: OK	
4:29:39.093 AM 6/9/2023	<Active Finish> TX: V46	RX: 0	TX: EX	RX: -15000	
4:31:22.153 AM 6/9/2023	CMD: WPROT GOTO WP10
RESP: WPROT ACTIVE BUSY 180.000 WP9 9, WPSEL ACTIVE READY 0.000 L/4 1, CALW ACTIVE READY 0.000 OFF 1, ASEL ACTIVE READY 28.776 ON 2, GMIR ACTIVE READY 27.012 TARGET 1, GFOC ACTIVE READY 7.500 TARGET 1
4:31:22.230 AM 6/9/2023	<Immediate> TX: GS10	RX: OK	
4:31:23.898 AM 6/9/2023	<Active Finish> TX: V46	RX: 0	TX: EX	RX: -16875	
4:33:06.813 AM 6/9/2023	CMD: WPROT GOTO WP11
RESP: WPROT ACTIVE BUSY 202.500 WP10 10, WPSEL ACTIVE READY 0.000 L/4 1, CALW ACTIVE READY 0.000 OFF 1, ASEL ACTIVE READY 28.776 ON 2, GMIR ACTIVE READY 27.012 TARGET 1, GFOC ACTIVE READY 7.500 TARGET 1
4:33:06.902 AM 6/9/2023	<Immediate> TX: GS11	RX: OK	
4:33:08.307 AM 6/9/2023	<Active Finish> TX: V46	RX: 0	TX: EX	RX: -18751	
4:34:51.632 AM 6/9/2023	CMD: WPROT GOTO WP12
RESP: WPROT ACTIVE BUSY 225.012 WP11 11, WPSEL ACTIVE READY 0.000 L/4 1, CALW ACTIVE READY 0.000 OFF 1, ASEL ACTIVE READY 28.776 ON 2, GMIR ACTIVE READY 27.012 TARGET 1, GFOC ACTIVE READY 7.500 TARGET 1
4:34:51.721 AM 6/9/2023	<Immediate> TX: GS12	RX: OK	
4:34:53.039 AM 6/9/2023	<Active Finish> TX: V46	RX: 0	TX: EX	RX: -20626	
4:36:36.113 AM 6/9/2023	CMD: WPROT GOTO WP13
RESP: WPROT ACTIVE BUSY 247.512 WP12 12, WPSEL ACTIVE READY 0.000 L/4 1, CALW ACTIVE READY 0.000 OFF 1, ASEL ACTIVE READY 28.776 ON 2, GMIR ACTIVE READY 27.012 TARGET 1, GFOC ACTIVE READY 7.500 TARGET 1
4:36:36.193 AM 6/9/2023	<Immediate> TX: GS13	RX: OK	
4:36:37.831 AM 6/9/2023	<Active Finish> TX: V46	RX: 0	TX: EX	RX: -22501	
4:38:21.054 AM 6/9/2023	CMD: WPROT GOTO WP14
RESP: WPROT ACTIVE BUSY 270.012 WP13 13, WPSEL ACTIVE READY 0.000 L/4 1, CALW ACTIVE READY 0.000 OFF 1, ASEL ACTIVE READY 28.776 ON 2, GMIR ACTIVE READY 27.012 TARGET 1, GFOC ACTIVE READY 7.500 TARGET 1
4:38:21.142 AM 6/9/2023	<Immediate> TX: GS14	RX: OK	
4:38:22.468 AM 6/9/2023	<Active Finish> TX: V46	RX: 0	TX: EX	RX: -24375	
4:40:05.742 AM 6/9/2023	CMD: WPROT GOTO WP15
RESP: WPROT ACTIVE BUSY 292.500 WP14 14, WPSEL ACTIVE READY 0.000 L/4 1, CALW ACTIVE READY 0.000 OFF 1, ASEL ACTIVE READY 28.776 ON 2, GMIR ACTIVE READY 27.012 TARGET 1, GFOC ACTIVE READY 7.500 TARGET 1
4:40:05.821 AM 6/9/2023	<Immediate> TX: GS15	RX: OK	
4:40:07.563 AM 6/9/2023	<Active Finish> TX: V46	RX: 0	TX: EX	RX: -26251	
4:41:50.834 AM 6/9/2023	CMD: WPROT GOTO WP16
RESP: WPROT ACTIVE BUSY 315.012 WP15 15, WPSEL ACTIVE READY 0.000 L/4 1, CALW ACTIVE READY 0.000 OFF 1, ASEL ACTIVE READY 28.776 ON 2, GMIR ACTIVE READY 27.012 TARGET 1, GFOC ACTIVE READY 7.500 TARGET 1
4:41:50.912 AM 6/9/2023	<Immediate> TX: GS16	RX: OK	
4:41:52.224 AM 6/9/2023	<Active Finish> TX: V46	RX: 0	TX: EX	RX: -28125	
4:43:35.403 AM 6/9/2023	CMD: WPROT GOTO WP1
RESP: WPROT ACTIVE BUSY 337.500 WP16 16, WPSEL ACTIVE READY 0.000 L/4 1, CALW ACTIVE READY 0.000 OFF 1, ASEL ACTIVE READY 28.776 ON 2, GMIR ACTIVE READY 27.012 TARGET 1, GFOC ACTIVE READY 7.500 TARGET 1
4:43:35.480 AM 6/9/2023	<Immediate> TX: GS1	RX: OK	
4:43:37.342 AM 6/9/2023	<Active Finish> TX: V46	RX: 0	TX: EX	RX: 0	
4:45:20.467 AM 6/9/2023	CMD: WPROT GOTO WP2
RESP: WPROT ACTIVE BUSY 0.000 WP1 1, WPSEL ACTIVE READY 0.000 L/4 1, CALW ACTIVE READY 0.000 OFF 1, ASEL ACTIVE READY 28.776 ON 2, GMIR ACTIVE READY 27.012 TARGET 1, GFOC ACTIVE READY 7.500 TARGET 1
4:45:20.556 AM 6/9/2023	<Immediate> TX: GS2	RX: OK	
4:45:22.194 AM 6/9/2023	<Active Finish> TX: V46	RX: 0	TX: EX	RX: -1875	
4:47:05.467 AM 6/9/2023	CMD: WPROT GOTO WP3
RESP: WPROT ACTIVE BUSY 22.500 WP2 2, WPSEL ACTIVE READY 0.000 L/4 1, CALW ACTIVE READY 0.000 OFF 1, ASEL ACTIVE READY 28.776 ON 2, GMIR ACTIVE READY 27.012 TARGET 1, GFOC ACTIVE READY 7.500 TARGET 1
4:47:05.545 AM 6/9/2023	<Immediate> TX: GS3	RX: OK	
4:47:07.300 AM 6/9/2023	<Active Finish> TX: V46	RX: 0	TX: EX	RX: -3751	
4:48:50.799 AM 6/9/2023	CMD: WPROT GOTO WP4
RESP: WPROT ACTIVE BUSY 45.012 WP3 3, WPSEL ACTIVE READY 0.000 L/4 1, CALW ACTIVE READY 0.000 OFF 1, ASEL ACTIVE READY 28.776 ON 2, GMIR ACTIVE READY 27.012 TARGET 1, GFOC ACTIVE READY 7.500 TARGET 1
4:48:50.887 AM 6/9/2023	<Immediate> TX: GS4	RX: OK	
4:48:52.528 AM 6/9/2023	<Active Finish> TX: V46	RX: 0	TX: EX	RX: -5625	
4:50:35.444 AM 6/9/2023	CMD: WPROT GOTO WP5
RESP: WPROT ACTIVE BUSY 67.500 WP4 4, WPSEL ACTIVE READY 0.000 L/4 1, CALW ACTIVE READY 0.000 OFF 1, ASEL ACTIVE READY 28.776 ON 2, GMIR ACTIVE READY 27.012 TARGET 1, GFOC ACTIVE READY 7.500 TARGET 1
4:50:35.533 AM 6/9/2023	<Immediate> TX: GS5	RX: OK	
4:50:37.338 AM 6/9/2023	<Active Finish> TX: V46	RX: 0	TX: EX	RX: -7501	
4:52:20.415 AM 6/9/2023	CMD: WPROT GOTO WP6
RESP: WPROT ACTIVE BUSY 90.012 WP5 5, WPSEL ACTIVE READY 0.000 L/4 1, CALW ACTIVE READY 0.000 OFF 1, ASEL ACTIVE READY 28.776 ON 2, GMIR ACTIVE READY 27.012 TARGET 1, GFOC ACTIVE READY 7.500 TARGET 1
4:52:20.492 AM 6/9/2023	<Immediate> TX: GS6	RX: OK	
4:52:21.806 AM 6/9/2023	<Active Finish> TX: V46	RX: 0	TX: EX	RX: -9375	
4:54:04.934 AM 6/9/2023	CMD: WPROT GOTO WP7
RESP: WPROT ACTIVE BUSY 112.500 WP6 6, WPSEL ACTIVE READY 0.000 L/4 1, CALW ACTIVE READY 0.000 OFF 1, ASEL ACTIVE READY 28.776 ON 2, GMIR ACTIVE READY 27.012 TARGET 1, GFOC ACTIVE READY 7.500 TARGET 1
4:54:05.022 AM 6/9/2023	<Immediate> TX: GS7	RX: OK	
4:54:06.681 AM 6/9/2023	<Active Finish> TX: V46	RX: 0	TX: EX	RX: -11251	
4:55:48.892 AM 6/9/2023	CMD: WPROT GOTO WP8
RESP: WPROT ACTIVE BUSY 135.012 WP7 7, WPSEL ACTIVE READY 0.000 L/4 1, CALW ACTIVE READY 0.000 OFF 1, ASEL ACTIVE READY 28.776 ON 2, GMIR ACTIVE READY 27.012 TARGET 1, GFOC ACTIVE READY 7.500 TARGET 1
4:55:48.970 AM 6/9/2023	<Immediate> TX: GS8	RX: OK	
4:55:50.619 AM 6/9/2023	<Active Finish> TX: V46	RX: 0	TX: EX	RX: -13125	
4:57:34.043 AM 6/9/2023	CMD: WPROT GOTO WP9
RESP: WPROT ACTIVE BUSY 157.500 WP8 8, WPSEL ACTIVE READY 0.000 L/4 1, CALW ACTIVE READY 0.000 OFF 1, ASEL ACTIVE READY 28.776 ON 2, GMIR ACTIVE READY 27.012 TARGET 1, GFOC ACTIVE READY 7.500 TARGET 1
4:57:34.120 AM 6/9/2023	<Immediate> TX: GS9	RX: OK	
4:57:35.455 AM 6/9/2023	<Active Finish> TX: V46	RX: 0	TX: EX	RX: -15000	
4:59:18.857 AM 6/9/2023	CMD: WPROT GOTO WP10
RESP: WPROT ACTIVE BUSY 180.000 WP9 9, WPSEL ACTIVE READY 0.000 L/4 1, CALW ACTIVE READY 0.000 OFF 1, ASEL ACTIVE READY 28.776 ON 2, GMIR ACTIVE READY 27.012 TARGET 1, GFOC ACTIVE READY 7.500 TARGET 1
4:59:18.946 AM 6/9/2023	<Immediate> TX: GS10	RX: OK	
4:59:20.707 AM 6/9/2023	<Active Finish> TX: V46	RX: 0	TX: EX	RX: -16875	
5:01:03.138 AM 6/9/2023	CMD: WPROT GOTO WP11
RESP: WPROT ACTIVE BUSY 202.500 WP10 10, WPSEL ACTIVE READY 0.000 L/4 1, CALW ACTIVE READY 0.000 OFF 1, ASEL ACTIVE READY 28.776 ON 2, GMIR ACTIVE READY 27.012 TARGET 1, GFOC ACTIVE READY 7.500 TARGET 1
5:01:03.226 AM 6/9/2023	<Immediate> TX: GS11	RX: OK	
5:01:04.547 AM 6/9/2023	<Active Finish> TX: V46	RX: 0	TX: EX	RX: -18751	
5:02:48.123 AM 6/9/2023	CMD: WPROT GOTO WP12
RESP: WPROT ACTIVE BUSY 225.012 WP11 11, WPSEL ACTIVE READY 0.000 L/4 1, CALW ACTIVE READY 0.000 OFF 1, ASEL ACTIVE READY 28.776 ON 2, GMIR ACTIVE READY 27.012 TARGET 1, GFOC ACTIVE READY 7.500 TARGET 1
5:02:48.211 AM 6/9/2023	<Immediate> TX: GS12	RX: OK	
5:02:49.536 AM 6/9/2023	<Active Finish> TX: V46	RX: 0	TX: EX	RX: -20625	
5:04:32.632 AM 6/9/2023	CMD: WPROT GOTO WP13
RESP: WPROT ACTIVE BUSY 247.500 WP12 12, WPSEL ACTIVE READY 0.000 L/4 1, CALW ACTIVE READY 0.000 OFF 1, ASEL ACTIVE READY 28.776 ON 2, GMIR ACTIVE READY 27.012 TARGET 1, GFOC ACTIVE READY 7.500 TARGET 1
5:04:32.710 AM 6/9/2023	<Immediate> TX: GS13	RX: OK	
5:04:34.387 AM 6/9/2023	<Active Finish> TX: V46	RX: 0	TX: EX	RX: -22501	
5:06:16.938 AM 6/9/2023	CMD: WPROT GOTO WP14
RESP: WPROT ACTIVE BUSY 270.012 WP13 13, WPSEL ACTIVE READY 0.000 L/4 1, CALW ACTIVE READY 0.000 OFF 1, ASEL ACTIVE READY 28.776 ON 2, GMIR ACTIVE READY 27.012 TARGET 1, GFOC ACTIVE READY 7.500 TARGET 1
5:06:17.016 AM 6/9/2023	<Immediate> TX: GS14	RX: OK	
5:06:18.668 AM 6/9/2023	<Active Finish> TX: V46	RX: 0	TX: EX	RX: -24375	
5:08:02.488 AM 6/9/2023	CMD: WPROT GOTO WP15
RESP: WPROT ACTIVE BUSY 292.500 WP14 14, WPSEL ACTIVE READY 0.000 L/4 1, CALW ACTIVE READY 0.000 OFF 1, ASEL ACTIVE READY 28.776 ON 2, GMIR ACTIVE READY 27.012 TARGET 1, GFOC ACTIVE READY 7.500 TARGET 1
5:08:02.576 AM 6/9/2023	<Immediate> TX: GS15	RX: OK	
5:08:04.333 AM 6/9/2023	<Active Finish> TX: V46	RX: 0	TX: EX	RX: -26251	
5:09:46.468 AM 6/9/2023	CMD: WPROT GOTO WP16
RESP: WPROT ACTIVE BUSY 315.012 WP15 15, WPSEL ACTIVE READY 0.000 L/4 1, CALW ACTIVE READY 0.000 OFF 1, ASEL ACTIVE READY 28.776 ON 2, GMIR ACTIVE READY 27.012 TARGET 1, GFOC ACTIVE READY 7.500 TARGET 1
5:09:46.546 AM 6/9/2023	<Immediate> TX: GS16	RX: OK	
5:09:47.876 AM 6/9/2023	<Active Finish> TX: V46	RX: 0	TX: EX	RX: -28125	
5:11:31.543 AM 6/9/2023	CMD: WPROT GOTO WP1
RESP: WPROT ACTIVE BUSY 337.500 WP16 16, WPSEL ACTIVE READY 0.000 L/4 1, CALW ACTIVE READY 0.000 OFF 1, ASEL ACTIVE READY 28.776 ON 2, GMIR ACTIVE READY 27.012 TARGET 1, GFOC ACTIVE READY 7.500 TARGET 1
5:11:31.620 AM 6/9/2023	<Immediate> TX: GS1	RX: OK	
5:11:33.449 AM 6/9/2023	<Active Finish> TX: V46	RX: 0	TX: EX	RX: 0	
5:13:15.903 AM 6/9/2023	CMD: WPROT GOTO WP2
RESP: WPROT ACTIVE BUSY 0.000 WP1 1, WPSEL ACTIVE READY 0.000 L/4 1, CALW ACTIVE READY 0.000 OFF 1, ASEL ACTIVE READY 28.776 ON 2, GMIR ACTIVE READY 27.012 TARGET 1, GFOC ACTIVE READY 7.500 TARGET 1
5:13:15.981 AM 6/9/2023	<Immediate> TX: GS2	RX: OK	
5:13:17.746 AM 6/9/2023	<Active Finish> TX: V46	RX: 0	TX: EX	RX: -1875	
5:15:00.623 AM 6/9/2023	CMD: WPROT GOTO WP3
RESP: WPROT ACTIVE BUSY 22.500 WP2 2, WPSEL ACTIVE READY 0.000 L/4 1, CALW ACTIVE READY 0.000 OFF 1, ASEL ACTIVE READY 28.776 ON 2, GMIR ACTIVE READY 27.012 TARGET 1, GFOC ACTIVE READY 7.500 TARGET 1
5:15:00.702 AM 6/9/2023	<Immediate> TX: GS3	RX: OK	
5:15:02.358 AM 6/9/2023	<Active Finish> TX: V46	RX: 0	TX: EX	RX: -3751	
5:16:44.922 AM 6/9/2023	CMD: WPROT GOTO WP4
RESP: WPROT ACTIVE BUSY 45.012 WP3 3, WPSEL ACTIVE READY 0.000 L/4 1, CALW ACTIVE READY 0.000 OFF 1, ASEL ACTIVE READY 28.776 ON 2, GMIR ACTIVE READY 27.012 TARGET 1, GFOC ACTIVE READY 7.500 TARGET 1
5:16:45.000 AM 6/9/2023	<Immediate> TX: GS4	RX: OK	
5:16:46.343 AM 6/9/2023	<Active Finish> TX: V46	RX: 0	TX: EX	RX: -5625	
5:18:30.217 AM 6/9/2023	CMD: WPROT GOTO WP5
RESP: WPROT ACTIVE BUSY 67.500 WP4 4, WPSEL ACTIVE READY 0.000 L/4 1, CALW ACTIVE READY 0.000 OFF 1, ASEL ACTIVE READY 28.776 ON 2, GMIR ACTIVE READY 27.012 TARGET 1, GFOC ACTIVE READY 7.500 TARGET 1
5:18:30.306 AM 6/9/2023	<Immediate> TX: GS5	RX: OK	
5:18:32.146 AM 6/9/2023	<Active Finish> TX: V46	RX: 0	TX: EX	RX: -7501	
5:20:14.673 AM 6/9/2023	CMD: WPROT GOTO WP6
RESP: WPROT ACTIVE BUSY 90.012 WP5 5, WPSEL ACTIVE READY 0.000 L/4 1, CALW ACTIVE READY 0.000 OFF 1, ASEL ACTIVE READY 28.776 ON 2, GMIR ACTIVE READY 27.012 TARGET 1, GFOC ACTIVE READY 7.500 TARGET 1
5:20:14.752 AM 6/9/2023	<Immediate> TX: GS6	RX: OK	
5:20:16.515 AM 6/9/2023	<Active Finish> TX: V46	RX: 0	TX: EX	RX: -9375	
5:21:59.153 AM 6/9/2023	CMD: WPROT GOTO WP7
RESP: WPROT ACTIVE BUSY 112.500 WP6 6, WPSEL ACTIVE READY 0.000 L/4 1, CALW ACTIVE READY 0.000 OFF 1, ASEL ACTIVE READY 28.776 ON 2, GMIR ACTIVE READY 27.012 TARGET 1, GFOC ACTIVE READY 7.500 TARGET 1
5:21:59.231 AM 6/9/2023	<Immediate> TX: GS7	RX: OK	
5:22:00.549 AM 6/9/2023	<Active Finish> TX: V46	RX: 0	TX: EX	RX: -11251	
5:23:43.687 AM 6/9/2023	CMD: WPROT GOTO WP8
RESP: WPROT ACTIVE BUSY 135.012 WP7 7, WPSEL ACTIVE READY 0.000 L/4 1, CALW ACTIVE READY 0.000 OFF 1, ASEL ACTIVE READY 28.776 ON 2, GMIR ACTIVE READY 27.012 TARGET 1, GFOC ACTIVE READY 7.500 TARGET 1
5:23:43.776 AM 6/9/2023	<Immediate> TX: GS8	RX: OK	
5:23:45.419 AM 6/9/2023	<Active Finish> TX: V46	RX: 0	TX: EX	RX: -13125	
5:25:28.552 AM 6/9/2023	CMD: WPROT GOTO WP9
RESP: WPROT ACTIVE BUSY 157.500 WP8 8, WPSEL ACTIVE READY 0.000 L/4 1, CALW ACTIVE READY 0.000 OFF 1, ASEL ACTIVE READY 28.776 ON 2, GMIR ACTIVE READY 27.012 TARGET 1, GFOC ACTIVE READY 7.500 TARGET 1
5:25:28.630 AM 6/9/2023	<Immediate> TX: GS9	RX: OK	
5:25:29.956 AM 6/9/2023	<Active Finish> TX: V46	RX: 0	TX: EX	RX: -15000	
5:27:13.533 AM 6/9/2023	CMD: WPROT GOTO WP10
RESP: WPROT ACTIVE BUSY 180.000 WP9 9, WPSEL ACTIVE READY 0.000 L/4 1, CALW ACTIVE READY 0.000 OFF 1, ASEL ACTIVE READY 28.776 ON 2, GMIR ACTIVE READY 27.012 TARGET 1, GFOC ACTIVE READY 7.500 TARGET 1
5:27:13.621 AM 6/9/2023	<Immediate> TX: GS10	RX: OK	
5:27:14.935 AM 6/9/2023	<Active Finish> TX: V46	RX: 0	TX: EX	RX: -16875	
5:28:58.292 AM 6/9/2023	CMD: WPROT GOTO WP11
RESP: WPROT ACTIVE BUSY 202.500 WP10 10, WPSEL ACTIVE READY 0.000 L/4 1, CALW ACTIVE READY 0.000 OFF 1, ASEL ACTIVE READY 28.776 ON 2, GMIR ACTIVE READY 27.012 TARGET 1, GFOC ACTIVE READY 7.500 TARGET 1
5:28:58.371 AM 6/9/2023	<Immediate> TX: GS11	RX: OK	
5:29:00.013 AM 6/9/2023	<Active Finish> TX: V46	RX: 0	TX: EX	RX: -18751	
5:30:42.693 AM 6/9/2023	CMD: WPROT GOTO WP12
RESP: WPROT ACTIVE BUSY 225.012 WP11 11, WPSEL ACTIVE READY 0.000 L/4 1, CALW ACTIVE READY 0.000 OFF 1, ASEL ACTIVE READY 28.776 ON 2, GMIR ACTIVE READY 27.012 TARGET 1, GFOC ACTIVE READY 7.500 TARGET 1
5:30:42.770 AM 6/9/2023	<Immediate> TX: GS12	RX: OK	
5:30:44.094 AM 6/9/2023	<Active Finish> TX: V46	RX: 0	TX: EX	RX: -20625	
5:32:27.338 AM 6/9/2023	CMD: WPROT GOTO WP13
RESP: WPROT ACTIVE BUSY 247.500 WP12 12, WPSEL ACTIVE READY 0.000 L/4 1, CALW ACTIVE READY 0.000 OFF 1, ASEL ACTIVE READY 28.776 ON 2, GMIR ACTIVE READY 27.012 TARGET 1, GFOC ACTIVE READY 7.500 TARGET 1
5:32:27.427 AM 6/9/2023	<Immediate> TX: GS13	RX: OK	
5:32:29.187 AM 6/9/2023	<Active Finish> TX: V46	RX: 0	TX: EX	RX: -22501	
5:34:12.323 AM 6/9/2023	CMD: WPROT GOTO WP14
RESP: WPROT ACTIVE BUSY 270.012 WP13 13, WPSEL ACTIVE READY 0.000 L/4 1, CALW ACTIVE READY 0.000 OFF 1, ASEL ACTIVE READY 28.776 ON 2, GMIR ACTIVE READY 27.012 TARGET 1, GFOC ACTIVE READY 7.500 TARGET 1
5:34:12.401 AM 6/9/2023	<Immediate> TX: GS14	RX: OK	
5:34:13.732 AM 6/9/2023	<Active Finish> TX: V46	RX: 0	TX: EX	RX: -24376	
5:35:56.738 AM 6/9/2023	CMD: WPROT GOTO WP15
RESP: WPROT ACTIVE BUSY 292.512 WP14 14, WPSEL ACTIVE READY 0.000 L/4 1, CALW ACTIVE READY 0.000 OFF 1, ASEL ACTIVE READY 28.776 ON 2, GMIR ACTIVE READY 27.012 TARGET 1, GFOC ACTIVE READY 7.500 TARGET 1
5:35:56.817 AM 6/9/2023	<Immediate> TX: GS15	RX: OK	
5:35:58.480 AM 6/9/2023	<Active Finish> TX: V46	RX: 0	TX: EX	RX: -26251	
5:37:41.597 AM 6/9/2023	CMD: WPROT GOTO WP16
RESP: WPROT ACTIVE BUSY 315.012 WP15 15, WPSEL ACTIVE READY 0.000 L/4 1, CALW ACTIVE READY 0.000 OFF 1, ASEL ACTIVE READY 28.776 ON 2, GMIR ACTIVE READY 27.012 TARGET 1, GFOC ACTIVE READY 7.500 TARGET 1
5:37:41.686 AM 6/9/2023	<Immediate> TX: GS16	RX: OK	
5:37:43.013 AM 6/9/2023	<Active Finish> TX: V46	RX: 0	TX: EX	RX: -28125	
5:39:26.424 AM 6/9/2023	CMD: WPROT GOTO WP1
RESP: WPROT ACTIVE BUSY 337.500 WP16 16, WPSEL ACTIVE READY 0.000 L/4 1, CALW ACTIVE READY 0.000 OFF 1, ASEL ACTIVE READY 28.776 ON 2, GMIR ACTIVE READY 27.012 TARGET 1, GFOC ACTIVE READY 7.500 TARGET 1
5:39:26.502 AM 6/9/2023	<Immediate> TX: GS1	RX: OK	
5:39:28.253 AM 6/9/2023	<Active Finish> TX: V46	RX: 0	TX: EX	RX: 0	
5:44:43.789 AM 6/9/2023	CMD: WPSEL GOTO OFF, CALW GOTO OFF, ASEL GOTO OFF
RESP: WPROT ACTIVE READY 0.000 WP1 1, WPSEL ACTIVE BUSY 0.000 L/4 1, CALW ACTIVE BUSY 0.000 OFF 1, ASEL ACTIVE BUSY 28.776 ON 2, GMIR ACTIVE READY 27.012 TARGET 1, GFOC ACTIVE READY 7.500 TARGET 1
5:44:44.453 AM 6/9/2023	<Active Goto> TX: V20=400000.000	RX: OK	TX: V21=2	RX: OK	TX: GS29	RX: OK	
5:44:44.793 AM 6/9/2023	<Active Goto> TX: V20=0.000	RX: OK	TX: V21=1	RX: OK	TX: GS29	RX: OK	
5:44:52.114 AM 6/9/2023	<Active Finish> TX: V46	RX: 0	TX: EX	RX: 0	
5:44:53.885 AM 6/9/2023	<Active Goto> TX: V20=0.000	RX: OK	TX: V21=1	RX: OK	TX: GS29	RX: OK	
5:44:56.351 AM 6/9/2023	<Active Finish> TX: V46	RX: 0	TX: EX	RX: 0	
5:45:04.815 AM 6/9/2023	<Active Finish> TX: V46	RX: 0	TX: EX	RX: 399999	
