12:01:10.996 AM 6/6/2023	<Active Goto> TX: V20=4800.000	RX: OK	TX: V21=2	RX: OK	TX: GS29	RX: OK	
12:01:11.439 AM 6/6/2023	<Active Goto> TX: V20=800000.000	RX: OK	TX: V21=3	RX: OK	TX: GS29	RX: OK	
12:01:18.106 AM 6/6/2023	<Active Finish> TX: V46	RX: 0	TX: EX	RX: -4797	
12:01:19.926 AM 6/6/2023	<Active Goto> TX: V20=0.000	RX: OK	TX: V21=1	RX: OK	TX: GS29	RX: OK	
12:01:22.394 AM 6/6/2023	<Active Finish> TX: V46	RX: 0	TX: EX	RX: 0	
12:01:31.790 AM 6/6/2023	<Active Finish> TX: V46	RX: 0	TX: EX	RX: 799998	
12:01:33.826 AM 6/6/2023	<Active Init> TX: V81=0	RX: OK	TX: V82=1875	RX: OK	TX: V83=3750	RX: OK	TX: V84=5625	RX: OK	TX: V85=7500	RX: OK	TX: V86=9375	RX: OK	TX: V87=11250	RX: OK	TX: V88=13125	RX: OK	TX: V89=15000	RX: OK	TX: V90=16875	RX: OK	TX: V91=18750	RX: OK	TX: V92=20625	RX: OK	TX: V93=22500	RX: OK	TX: V94=24375	RX: OK	TX: V95=26250	RX: OK	TX: V96=28125	RX: OK	TX: V20=900	RX: OK	TX: V21=0	RX: OK	TX: GS30	RX: OK	
12:01:42.417 AM 6/6/2023	<Active Finish> TX: V46	RX: 0	TX: EX	RX: 1	
12:02:26.008 AM 6/6/2023	<Active Goto> TX: V20=615.000	RX: OK	TX: V21=32	RX: OK	TX: GS29	RX: OK	
12:02:55.535 AM 6/6/2023	<Active Finish> TX: V46	RX: 0	TX: V32	RX: 615	
12:04:11.104 AM 6/6/2023	<Active Finish> TX: V46	RX: 0	TX: EX	RX: 1	
12:09:14.479 AM 6/6/2023	<Active Finish> TX: V46	RX: 0	TX: EX	RX: 1	
12:18:39.988 AM 6/6/2023	<Active Finish> TX: V46	RX: 0	TX: EX	RX: 1	
12:26:12.488 AM 6/6/2023	<Active Finish> TX: V46	RX: 0	TX: EX	RX: 1	
12:26:40.613 AM 6/6/2023	<Active Finish> TX: V46	RX: 0	TX: EX	RX: -1874	
12:27:08.784 AM 6/6/2023	<Active Finish> TX: V46	RX: 0	TX: EX	RX: -3749	
12:27:38.945 AM 6/6/2023	<Active Finish> TX: V46	RX: 0	TX: EX	RX: -5624	
12:28:07.469 AM 6/6/2023	<Active Finish> TX: V46	RX: 0	TX: EX	RX: -7499	
12:28:37.352 AM 6/6/2023	<Active Finish> TX: V46	RX: 0	TX: EX	RX: -9375	
12:29:05.580 AM 6/6/2023	<Active Finish> TX: V46	RX: 0	TX: EX	RX: -11249	
12:29:35.561 AM 6/6/2023	<Active Finish> TX: V46	RX: 0	TX: EX	RX: -13125	
12:30:02.801 AM 6/6/2023	<Active Finish> TX: V46	RX: 0	TX: EX	RX: -14999	
2:08:36.734 AM 6/6/2023	<Active Finish> TX: V46	RX: 0	TX: EX	RX: 1	
2:08:48.913 AM 6/6/2023	<Active Finish> TX: V46	RX: 0	TX: EX	RX: -1874	
2:09:32.508 AM 6/6/2023	<Active Finish> TX: V46	RX: 0	TX: EX	RX: 1	
2:10:06.098 AM 6/6/2023	<Active Finish> TX: V46	RX: 0	TX: EX	RX: 1	
2:11:23.407 AM 6/6/2023	<Active Finish> TX: V46	RX: 0	TX: EX	RX: 1	
2:13:13.450 AM 6/6/2023	<Active Finish> TX: V46	RX: 0	TX: EX	RX: 1	
2:17:09.174 AM 6/6/2023	<Active Finish> TX: V46	RX: 0	TX: EX	RX: 1	
2:17:46.495 AM 6/6/2023	<Active Finish> TX: V46	RX: 0	TX: EX	RX: 1	
2:18:13.990 AM 6/6/2023	<Active Finish> TX: V46	RX: 0	TX: EX	RX: -1874	
2:18:42.074 AM 6/6/2023	<Active Finish> TX: V46	RX: 0	TX: EX	RX: -3749	
2:19:10.267 AM 6/6/2023	<Active Finish> TX: V46	RX: 0	TX: EX	RX: -5624	
2:19:37.891 AM 6/6/2023	<Active Finish> TX: V46	RX: 0	TX: EX	RX: -7499	
2:20:05.539 AM 6/6/2023	<Active Finish> TX: V46	RX: 0	TX: EX	RX: -9375	
2:20:20.518 AM 6/6/2023	<Active Goto> TX: V20=35833.333	RX: OK	TX: V21=16	RX: OK	TX: GS29	RX: OK	
2:20:23.672 AM 6/6/2023	<Active Finish> TX: V46	RX: 0	TX: EX	RX: 35833	
2:20:32.804 AM 6/6/2023	<Active Finish> TX: V46	RX: 0	TX: EX	RX: -11250	
2:21:00.821 AM 6/6/2023	<Active Finish> TX: V46	RX: 0	TX: EX	RX: -13125	
2:21:28.615 AM 6/6/2023	<Active Finish> TX: V46	RX: 0	TX: EX	RX: -14999	
2:21:55.820 AM 6/6/2023	<Active Finish> TX: V46	RX: 0	TX: EX	RX: -16874	
2:22:21.810 AM 6/6/2023	<Active Goto> TX: V20=24166.667	RX: OK	TX: V21=16	RX: OK	TX: GS29	RX: OK	
2:22:24.430 AM 6/6/2023	<Active Finish> TX: V46	RX: 0	TX: EX	RX: -18749	
2:22:26.740 AM 6/6/2023	<Active Finish> TX: V46	RX: 0	TX: EX	RX: 24166	
2:22:54.469 AM 6/6/2023	<Active Finish> TX: V46	RX: 0	TX: EX	RX: -20624	
2:23:22.069 AM 6/6/2023	<Active Finish> TX: V46	RX: 0	TX: EX	RX: -22499	
2:23:49.232 AM 6/6/2023	<Active Finish> TX: V46	RX: 0	TX: EX	RX: -24375	
2:24:17.872 AM 6/6/2023	<Active Finish> TX: V46	RX: 0	TX: EX	RX: -26250	
2:24:45.842 AM 6/6/2023	<Active Finish> TX: V46	RX: 0	TX: EX	RX: -28125	
2:26:18.849 AM 6/6/2023	<Active Goto> TX: V20=4800.000	RX: OK	TX: V21=2	RX: OK	TX: GS29	RX: OK	
2:26:19.292 AM 6/6/2023	<Active Goto> TX: V20=0.000	RX: OK	TX: V21=1	RX: OK	TX: GS29	RX: OK	
2:26:21.069 AM 6/6/2023	<Active Finish> TX: V46	RX: 0	TX: EX	RX: -4797	
2:26:22.868 AM 6/6/2023	<Active Goto> TX: V20=0.000	RX: OK	TX: V21=1	RX: OK	TX: GS29	RX: OK	
2:26:25.328 AM 6/6/2023	<Active Finish> TX: V46	RX: 0	TX: EX	RX: 0	
2:26:57.221 AM 6/6/2023	<Active Finish> TX: V46	RX: 0	TX: EX	RX: 0	
2:26:59.262 AM 6/6/2023	<Active Init> TX: V81=0	RX: OK	TX: V82=1875	RX: OK	TX: V83=3750	RX: OK	TX: V84=5625	RX: OK	TX: V85=7500	RX: OK	TX: V86=9375	RX: OK	TX: V87=11250	RX: OK	TX: V88=13125	RX: OK	TX: V89=15000	RX: OK	TX: V90=16875	RX: OK	TX: V91=18750	RX: OK	TX: V92=20625	RX: OK	TX: V93=22500	RX: OK	TX: V94=24375	RX: OK	TX: V95=26250	RX: OK	TX: V96=28125	RX: OK	TX: V20=900	RX: OK	TX: V21=0	RX: OK	TX: GS30	RX: OK	
2:27:07.037 AM 6/6/2023	<Active Finish> TX: V46	RX: 0	TX: EX	RX: 0	
2:27:36.624 AM 6/6/2023	<Active Finish> TX: V46	RX: 0	TX: EX	RX: 0	
2:28:05.526 AM 6/6/2023	<Active Finish> TX: V46	RX: 0	TX: EX	RX: -1875	
2:28:33.356 AM 6/6/2023	<Active Finish> TX: V46	RX: 0	TX: EX	RX: -3751	
2:29:01.461 AM 6/6/2023	<Active Finish> TX: V46	RX: 0	TX: EX	RX: -5625	
2:29:29.055 AM 6/6/2023	<Active Finish> TX: V46	RX: 0	TX: EX	RX: -7501	
2:29:57.179 AM 6/6/2023	<Active Finish> TX: V46	RX: 0	TX: EX	RX: -9375	
2:30:26.742 AM 6/6/2023	<Active Finish> TX: V46	RX: 0	TX: EX	RX: -11251	
2:30:55.299 AM 6/6/2023	<Active Finish> TX: V46	RX: 0	TX: EX	RX: -13125	
2:31:22.696 AM 6/6/2023	<Active Finish> TX: V46	RX: 0	TX: EX	RX: -15000	
2:31:50.338 AM 6/6/2023	<Active Finish> TX: V46	RX: 0	TX: EX	RX: -16875	
2:32:17.661 AM 6/6/2023	<Active Finish> TX: V46	RX: 0	TX: EX	RX: -18751	
2:32:45.721 AM 6/6/2023	<Active Finish> TX: V46	RX: 0	TX: EX	RX: -20625	
2:33:13.876 AM 6/6/2023	<Active Finish> TX: V46	RX: 0	TX: EX	RX: -22501	
2:33:41.552 AM 6/6/2023	<Active Finish> TX: V46	RX: 0	TX: EX	RX: -24375	
2:34:09.582 AM 6/6/2023	<Active Finish> TX: V46	RX: 0	TX: EX	RX: -26251	
2:34:39.632 AM 6/6/2023	<Active Finish> TX: V46	RX: 0	TX: EX	RX: -28124	
3:02:21.360 AM 6/6/2023	<Active Goto> TX: V20=39500.000	RX: OK	TX: V21=16	RX: OK	TX: GS29	RX: OK	
3:02:24.437 AM 6/6/2023	<Active Finish> TX: V46	RX: 0	TX: EX	RX: 39501	
3:03:58.576 AM 6/6/2023	<Active Finish> TX: V46	RX: 0	TX: EX	RX: 0	
3:10:48.660 AM 6/6/2023	<Active Finish> TX: V46	RX: 0	TX: EX	RX: 0	
3:11:23.967 AM 6/6/2023	<Active Finish> TX: V46	RX: 0	TX: EX	RX: -1875	
3:11:58.423 AM 6/6/2023	<Active Finish> TX: V46	RX: 0	TX: EX	RX: -3751	
3:12:32.355 AM 6/6/2023	<Active Finish> TX: V46	RX: 0	TX: EX	RX: -5625	
3:13:06.042 AM 6/6/2023	<Active Finish> TX: V46	RX: 0	TX: EX	RX: -7501	
3:13:40.256 AM 6/6/2023	<Active Finish> TX: V46	RX: 0	TX: EX	RX: -9376	
3:14:13.623 AM 6/6/2023	<Active Finish> TX: V46	RX: 0	TX: EX	RX: -11251	
3:14:47.511 AM 6/6/2023	<Active Finish> TX: V46	RX: 0	TX: EX	RX: -13125	
3:15:21.217 AM 6/6/2023	<Active Finish> TX: V46	RX: 0	TX: EX	RX: -15000	
3:15:55.549 AM 6/6/2023	<Active Finish> TX: V46	RX: 0	TX: EX	RX: -16875	
3:16:29.317 AM 6/6/2023	<Active Finish> TX: V46	RX: 0	TX: EX	RX: -18751	
3:17:03.178 AM 6/6/2023	<Active Finish> TX: V46	RX: 0	TX: EX	RX: -20625	
3:17:37.239 AM 6/6/2023	<Active Finish> TX: V46	RX: 0	TX: EX	RX: -22501	
3:18:10.802 AM 6/6/2023	<Active Finish> TX: V46	RX: 0	TX: EX	RX: -24376	
3:18:45.125 AM 6/6/2023	<Active Finish> TX: V46	RX: 0	TX: EX	RX: -26251	
3:19:18.705 AM 6/6/2023	<Active Finish> TX: V46	RX: 0	TX: EX	RX: -28125	
3:20:11.462 AM 6/6/2023	<Active Goto> TX: V20=4800.000	RX: OK	TX: V21=2	RX: OK	TX: GS29	RX: OK	
3:20:11.917 AM 6/6/2023	<Active Goto> TX: V20=800000.000	RX: OK	TX: V21=3	RX: OK	TX: GS29	RX: OK	
3:20:13.670 AM 6/6/2023	<Active Finish> TX: V46	RX: 0	TX: EX	RX: -4798	
3:20:15.446 AM 6/6/2023	<Active Goto> TX: V20=0.000	RX: OK	TX: V21=1	RX: OK	TX: GS29	RX: OK	
3:20:17.948 AM 6/6/2023	<Active Finish> TX: V46	RX: 0	TX: EX	RX: 0	
3:20:49.770 AM 6/6/2023	<Active Finish> TX: V46	RX: 0	TX: EX	RX: 799998	
3:20:51.814 AM 6/6/2023	<Active Init> TX: V81=0	RX: OK	TX: V82=1875	RX: OK	TX: V83=3750	RX: OK	TX: V84=5625	RX: OK	TX: V85=7500	RX: OK	TX: V86=9375	RX: OK	TX: V87=11250	RX: OK	TX: V88=13125	RX: OK	TX: V89=15000	RX: OK	TX: V90=16875	RX: OK	TX: V91=18750	RX: OK	TX: V92=20625	RX: OK	TX: V93=22500	RX: OK	TX: V94=24375	RX: OK	TX: V95=26250	RX: OK	TX: V96=28125	RX: OK	TX: V20=900	RX: OK	TX: V21=0	RX: OK	TX: GS30	RX: OK	
3:20:59.652 AM 6/6/2023	<Active Finish> TX: V46	RX: 0	TX: EX	RX: 0	
3:21:57.570 AM 6/6/2023	<Active Finish> TX: V46	RX: 0	TX: EX	RX: 1	
3:22:32.298 AM 6/6/2023	<Active Finish> TX: V46	RX: 0	TX: EX	RX: -1875	
3:23:06.749 AM 6/6/2023	<Active Finish> TX: V46	RX: 0	TX: EX	RX: -3749	
3:23:40.783 AM 6/6/2023	<Active Finish> TX: V46	RX: 0	TX: EX	RX: -5624	
3:24:14.628 AM 6/6/2023	<Active Finish> TX: V46	RX: 0	TX: EX	RX: -7499	
3:24:48.538 AM 6/6/2023	<Active Finish> TX: V46	RX: 0	TX: EX	RX: -9375	
3:25:22.418 AM 6/6/2023	<Active Finish> TX: V46	RX: 0	TX: EX	RX: -11250	
3:25:55.796 AM 6/6/2023	<Active Finish> TX: V46	RX: 0	TX: EX	RX: -13125	
3:26:29.576 AM 6/6/2023	<Active Finish> TX: V46	RX: 0	TX: EX	RX: -14999	
3:27:03.543 AM 6/6/2023	<Active Finish> TX: V46	RX: 0	TX: EX	RX: -16875	
3:27:36.924 AM 6/6/2023	<Active Finish> TX: V46	RX: 0	TX: EX	RX: -18749	
3:28:11.183 AM 6/6/2023	<Active Finish> TX: V46	RX: 0	TX: EX	RX: -20624	
3:28:44.664 AM 6/6/2023	<Active Finish> TX: V46	RX: 0	TX: EX	RX: -22499	
3:29:18.519 AM 6/6/2023	<Active Finish> TX: V46	RX: 0	TX: EX	RX: -24375	
3:29:52.479 AM 6/6/2023	<Active Finish> TX: V46	RX: 0	TX: EX	RX: -26250	
3:30:26.178 AM 6/6/2023	<Active Finish> TX: V46	RX: 0	TX: EX	RX: -28125	
3:35:32.229 AM 6/6/2023	<Active Finish> TX: V46	RX: 0	TX: EX	RX: -29999	
3:43:57.367 AM 6/6/2023	<Active Finish> TX: V46	RX: 0	TX: EX	RX: -29999	
3:46:03.608 AM 6/6/2023	<Active Finish> TX: V46	RX: 0	TX: EX	RX: -1874	
3:48:07.548 AM 6/6/2023	<Active Finish> TX: V46	RX: 0	TX: EX	RX: -3749	
3:50:13.257 AM 6/6/2023	<Active Finish> TX: V46	RX: 0	TX: EX	RX: -5624	
3:52:16.493 AM 6/6/2023	<Active Finish> TX: V46	RX: 0	TX: EX	RX: -7499	
3:54:20.340 AM 6/6/2023	<Active Finish> TX: V46	RX: 0	TX: EX	RX: -9375	
3:56:24.148 AM 6/6/2023	<Active Finish> TX: V46	RX: 0	TX: EX	RX: -11250	
3:58:30.339 AM 6/6/2023	<Active Finish> TX: V46	RX: 0	TX: EX	RX: -13125	
4:00:34.713 AM 6/6/2023	<Active Finish> TX: V46	RX: 0	TX: EX	RX: -29999	
4:02:40.206 AM 6/6/2023	<Active Finish> TX: V46	RX: 0	TX: EX	RX: -1875	
4:04:44.401 AM 6/6/2023	<Active Finish> TX: V46	RX: 0	TX: EX	RX: -3749	
4:06:50.287 AM 6/6/2023	<Active Finish> TX: V46	RX: 0	TX: EX	RX: -5624	
4:08:53.852 AM 6/6/2023	<Active Finish> TX: V46	RX: 0	TX: EX	RX: -7499	
4:11:00.257 AM 6/6/2023	<Active Finish> TX: V46	RX: 0	TX: EX	RX: -9375	
4:13:04.062 AM 6/6/2023	<Active Finish> TX: V46	RX: 0	TX: EX	RX: -11250	
4:15:09.712 AM 6/6/2023	<Active Finish> TX: V46	RX: 0	TX: EX	RX: -13125	
4:17:14.223 AM 6/6/2023	<Active Finish> TX: V46	RX: 0	TX: EX	RX: -29999	
4:19:20.115 AM 6/6/2023	<Active Finish> TX: V46	RX: 0	TX: EX	RX: -1875	
4:21:24.095 AM 6/6/2023	<Active Finish> TX: V46	RX: 0	TX: EX	RX: -3749	
4:23:29.639 AM 6/6/2023	<Active Finish> TX: V46	RX: 0	TX: EX	RX: -5624	
4:25:33.337 AM 6/6/2023	<Active Finish> TX: V46	RX: 0	TX: EX	RX: -7499	
4:27:37.174 AM 6/6/2023	<Active Finish> TX: V46	RX: 0	TX: EX	RX: -9375	
4:29:43.321 AM 6/6/2023	<Active Finish> TX: V46	RX: 0	TX: EX	RX: -11249	
4:31:47.115 AM 6/6/2023	<Active Finish> TX: V46	RX: 0	TX: EX	RX: -13125	
4:34:08.234 AM 6/6/2023	<Active Finish> TX: V46	RX: 0	TX: EX	RX: -29999	
4:36:13.160 AM 6/6/2023	<Active Finish> TX: V46	RX: 0	TX: EX	RX: -1874	
4:38:16.764 AM 6/6/2023	<Active Finish> TX: V46	RX: 0	TX: EX	RX: -3749	
4:40:23.035 AM 6/6/2023	<Active Finish> TX: V46	RX: 0	TX: EX	RX: -5624	
4:42:27.267 AM 6/6/2023	<Active Finish> TX: V46	RX: 0	TX: EX	RX: -7499	
4:44:31.334 AM 6/6/2023	<Active Finish> TX: V46	RX: 0	TX: EX	RX: -9375	
4:46:37.836 AM 6/6/2023	<Active Finish> TX: V46	RX: 0	TX: EX	RX: -11250	
4:48:41.346 AM 6/6/2023	<Active Finish> TX: V46	RX: 0	TX: EX	RX: -13125	
4:53:55.652 AM 6/6/2023	<Active Goto> TX: V20=0.000	RX: OK	TX: V21=16	RX: OK	TX: GS29	RX: OK	
4:53:58.780 AM 6/6/2023	<Active Finish> TX: V46	RX: 0	TX: EX	RX: 1	
4:54:45.548 AM 6/6/2023	<Active Finish> TX: V46	RX: 0	TX: EX	RX: -29999	
4:58:57.573 AM 6/6/2023	<Active Finish> TX: V46	RX: 0	TX: EX	RX: -29999	
4:59:41.791 AM 6/6/2023	<Active Goto> TX: V20=834.333	RX: OK	TX: V21=16	RX: OK	TX: GS29	RX: OK	
4:59:44.195 AM 6/6/2023	<Active Finish> TX: V46	RX: 0	TX: EX	RX: 834	
4:59:46.489 AM 6/6/2023	<Active Goto> TX: V20=1667.333	RX: OK	TX: V21=16	RX: OK	TX: GS29	RX: OK	
4:59:48.824 AM 6/6/2023	<Active Finish> TX: V46	RX: 0	TX: EX	RX: 1668	
4:59:49.737 AM 6/6/2023	<Active Goto> TX: V20=2501.333	RX: OK	TX: V21=16	RX: OK	TX: GS29	RX: OK	
4:59:51.063 AM 6/6/2023	<Active Update> TX: V46	RX: 	
4:59:53.153 AM 6/6/2023	<Active Finish> TX: V46	RX: 0	TX: EX	RX: 2502	
4:59:54.056 AM 6/6/2023	<Active Goto> TX: V20=	RX: OK	TX: V21=16	RX: OK	TX: GS29	RX: OK	
4:59:55.387 AM 6/6/2023	<Active Stop> TX: STOP	RX: OK	TX: SR0=0	RX: OK	TX: V46=251	RX: OK	
4:59:56.157 AM 6/6/2023	<Active Finish> TX: V46	RX: 251	TX: EX	RX: 16557	
5:00:07.817 AM 6/6/2023	<Active Goto> TX: V20=2500.000	RX: OK	TX: V21=16	RX: OK	TX: GS29	RX: OK	
5:00:12.710 AM 6/6/2023	<Active Update> TX: V46	RX: 	
5:00:14.819 AM 6/6/2023	<Active Update> TX: V46	RX: 	
5:00:17.044 AM 6/6/2023	<Active Finish> TX: V46	RX: 0	TX: EX	RX: 2501	
5:02:21.794 AM 6/6/2023	<Active Finish> TX: V46	RX: 0	TX: EX	RX: -1875	
5:05:46.839 AM 6/6/2023	<Active Finish> TX: V46	RX: 0	TX: EX	RX: -3749	
5:09:11.963 AM 6/6/2023	<Active Finish> TX: V46	RX: 0	TX: EX	RX: -5625	
5:12:38.000 AM 6/6/2023	<Active Finish> TX: V46	RX: 0	TX: EX	RX: -7499	
5:16:03.207 AM 6/6/2023	<Active Finish> TX: V46	RX: 0	TX: EX	RX: -9375	
5:19:27.299 AM 6/6/2023	<Active Finish> TX: V46	RX: 0	TX: EX	RX: -11250	
5:22:51.046 AM 6/6/2023	<Active Goto> TX: GS8	RX: OK	
5:22:52.511 AM 6/6/2023	<Active Finish> TX: V46	RX: 	
5:22:55.783 AM 6/6/2023	<Active Finish> TX: V46	RX: 0	TX: EX	RX: -13125	
5:27:35.271 AM 6/6/2023	<Active Goto> TX: V20=400000.000	RX: OK	TX: V21=2	RX: OK	TX: GS29	RX: OK	
5:27:35.605 AM 6/6/2023	<Active Goto> TX: V20=0.000	RX: OK	TX: V21=1	RX: OK	TX: GS29	RX: OK	
5:27:42.880 AM 6/6/2023	<Active Finish> TX: V46	RX: 0	TX: EX	RX: -1	
5:27:44.641 AM 6/6/2023	<Active Goto> TX: V20=0.000	RX: OK	TX: V21=1	RX: OK	TX: GS29	RX: OK	
5:27:47.070 AM 6/6/2023	<Active Finish> TX: V46	RX: 0	TX: EX	RX: 0	
5:27:55.590 AM 6/6/2023	<Active Finish> TX: V46	RX: 0	TX: EX	RX: 400000	
6:35:00.241 PM 6/6/2023	CMD: WPROT ACTIVE NONE 0.000 NONE -1, WPSEL ACTIVE BUSY 0.000 NONE -1, CALW ACTIVE BUSY 0.000 NONE -1, ASEL ACTIVE NONE 0.000 NONE -1, GMIR ACTIVE BUSY 0.000 NONE -1, GFOC ACTIVE NONE 0.000 NONE -1

STATUS: WPSEL INIT NONE, GMIR INIT NONE, CALW INIT NONE

6:35:00.918 PM 6/6/2023	<Active Init> TX: V20=0	RX: OK	TX: V21=0	RX: OK	TX: GS30	RX: OK	
6:35:01.251 PM 6/6/2023	<Active Init> TX: V20=0	RX: OK	TX: V21=16	RX: OK	TX: GS30	RX: OK	
6:35:01.594 PM 6/6/2023	<Active Init> TX: V20=-5000	RX: OK	TX: V21=0	RX: OK	TX: GS30	RX: OK	
6:35:10.364 PM 6/6/2023	<Active Finish> TX: V46	RX: 0	TX: EX	RX: 1	
6:35:17.006 PM 6/6/2023	<Active Finish> TX: V46	RX: 0	TX: EX	RX: 0	
6:35:24.480 PM 6/6/2023	<Active Finish> TX: V46	RX: 0	TX: EX	RX: 0	
6:35:26.531 PM 6/6/2023	<Active Init> TX: V81=0	RX: OK	TX: V82=1875	RX: OK	TX: V83=3750	RX: OK	TX: V84=5625	RX: OK	TX: V85=7500	RX: OK	TX: V86=9375	RX: OK	TX: V87=11250	RX: OK	TX: V88=13125	RX: OK	TX: V89=15000	RX: OK	TX: V90=16875	RX: OK	TX: V91=18750	RX: OK	TX: V92=20625	RX: OK	TX: V93=22500	RX: OK	TX: V94=24375	RX: OK	TX: V95=26250	RX: OK	TX: V96=28125	RX: OK	TX: V20=900	RX: OK	TX: V21=0	RX: OK	TX: GS30	RX: OK	
6:35:33.536 PM 6/6/2023	<Active Finish> TX: V46	RX: 0	TX: EX	RX: 0	
6:35:35.150 PM 6/6/2023	CMD: WPROT ACTIVE READY 0.000 WP1 1, WPSEL ACTIVE READY 0.000 L/4 1, CALW ACTIVE READY -0.006 OFF 1, ASEL ACTIVE BUSY 0.000 NONE -1, GMIR ACTIVE READY 0.000 TARGET 1, GFOC ACTIVE BUSY 0.000 NONE -1

STATUS: GFOC INIT NONE, ASEL INIT NONE

6:35:35.922 PM 6/6/2023	<Active Init> TX: V20=-200	RX: OK	TX: V21=0	RX: OK	TX: GS30	RX: OK	
6:35:36.257 PM 6/6/2023	<Active Init> TX: V20=0	RX: OK	TX: V21=32	RX: OK	TX: GS30	RX: OK	
6:35:46.704 PM 6/6/2023	<Active Finish> TX: V46	RX: 0	TX: EX	RX: 0	
6:36:05.860 PM 6/6/2023	<Active Finish> TX: V46	RX: 0	TX: V32	RX: 0	
6:36:05.931 PM 6/6/2023	CMD: WPROT ACTIVE READY 0.000 WP1 1, WPSEL ACTIVE BUSY 0.000 L/4 1, CALW ACTIVE BUSY -0.006 OFF 1, ASEL ACTIVE BUSY 0.000 OFF 1, GMIR ACTIVE READY 0.000 TARGET 1, GFOC ACTIVE READY 0.000 TARGET 1

STATUS: WPSEL GOTO OFF, CALW GOTO OFF, ASEL GOTO OFF

6:36:06.594 PM 6/6/2023	<Active Goto> TX: V20=400000.000	RX: OK	TX: V21=2	RX: OK	TX: GS29	RX: OK	
6:36:06.932 PM 6/6/2023	<Active Goto> TX: V20=0.000	RX: OK	TX: V21=1	RX: OK	TX: GS29	RX: OK	
6:36:09.363 PM 6/6/2023	<Active Finish> TX: V46	RX: 0	TX: EX	RX: 0	
6:36:11.132 PM 6/6/2023	<Active Goto> TX: V20=0.000	RX: OK	TX: V21=1	RX: OK	TX: GS29	RX: OK	
6:36:13.552 PM 6/6/2023	<Active Finish> TX: V46	RX: 0	TX: EX	RX: 1	
6:36:26.646 PM 6/6/2023	<Active Finish> TX: V46	RX: 0	TX: EX	RX: 399999	
6:56:09.382 PM 6/6/2023	CMD: WPROT ACTIVE NONE 0.000 NONE -1, WPSEL ACTIVE READY 80.000 OFF 2, CALW ACTIVE READY -0.006 OFF 1, ASEL ACTIVE READY 0.000 OFF 1, GMIR ACTIVE READY 0.000 TARGET 1, GFOC ACTIVE BUSY 0.000 TARGET 1

STATUS: GFOC GOTO 17.500000

6:56:10.186 PM 6/6/2023	<Active Goto> TX: V20=1435.000	RX: OK	TX: V21=32	RX: OK	TX: GS29	RX: OK	
6:57:01.032 PM 6/6/2023	<Active Finish> TX: V46	RX: 0	TX: V32	RX: 1435	
6:59:43.307 PM 6/6/2023	CMD: WPROT ACTIVE NONE 0.000 NONE -1, WPSEL ACTIVE READY 80.000 OFF 2, CALW ACTIVE READY -0.006 OFF 1, ASEL ACTIVE READY 0.000 OFF 1, GMIR ACTIVE BUSY 0.000 TARGET 1, GFOC ACTIVE READY 17.500 TARGET 1

STATUS: GMIR GOTO 172.000000

6:59:44.174 PM 6/6/2023	<Active Goto> TX: V20=28666.667	RX: OK	TX: V21=16	RX: OK	TX: GS29	RX: OK	
6:59:48.109 PM 6/6/2023	<Active Finish> TX: V46	RX: 0	TX: EX	RX: 28666	
7:43:34.841 PM 6/6/2023	CMD: WPROT ACTIVE NONE 0.000 NONE -1, WPSEL ACTIVE BUSY 80.000 OFF 2, CALW ACTIVE BUSY -0.006 OFF 1, ASEL ACTIVE BUSY 0.000 OFF 1, GMIR ACTIVE READY 171.996 TARGET 1, GFOC ACTIVE READY 17.500 TARGET 1

STATUS: WPSEL GOTO L/2, CALW GOTO OFF, ASEL GOTO ON

7:43:35.698 PM 6/6/2023	<Active Goto> TX: V20=800000.000	RX: OK	TX: V21=3	RX: OK	TX: GS29	RX: OK	
7:43:36.030 PM 6/6/2023	<Active Goto> TX: V20=4800.000	RX: OK	TX: V21=2	RX: OK	TX: GS29	RX: OK	
7:43:43.316 PM 6/6/2023	<Active Finish> TX: V46	RX: 0	TX: EX	RX: -4797	
7:43:45.196 PM 6/6/2023	<Active Goto> TX: V20=0.000	RX: OK	TX: V21=1	RX: OK	TX: GS29	RX: OK	
7:43:47.630 PM 6/6/2023	<Active Finish> TX: V46	RX: 0	TX: EX	RX: 1	
7:43:52.396 PM 6/6/2023	CMD: WPROT ACTIVE NONE 0.000 NONE -1, WPSEL ACTIVE BUSY 152.414 NONE -1, CALW ACTIVE READY -0.006 OFF 1, ASEL ACTIVE READY 28.782 ON 2, GMIR ACTIVE READY 171.996 TARGET 1, GFOC ACTIVE BUSY 17.500 TARGET 1

STATUS: GFOC GOTO 7.500000

7:43:53.672 PM 6/6/2023	<Active Goto> TX: V20=615.000	RX: OK	TX: V21=32	RX: OK	TX: GS29	RX: OK	
7:43:56.655 PM 6/6/2023	<Active Finish> TX: V46	RX: 0	TX: EX	RX: 799998	
7:43:59.593 PM 6/6/2023	<Active Init> TX: V81=0	RX: OK	TX: V82=1875	RX: OK	TX: V83=3750	RX: OK	TX: V84=5625	RX: OK	TX: V85=7500	RX: OK	TX: V86=9375	RX: OK	TX: V87=11250	RX: OK	TX: V88=13125	RX: OK	TX: V89=15000	RX: OK	TX: V90=16875	RX: OK	TX: V91=18750	RX: OK	TX: V92=20625	RX: OK	TX: V93=22500	RX: OK	TX: V94=24375	RX: OK	TX: V95=26250	RX: OK	TX: V96=28125	RX: OK	TX: V20=900	RX: OK	TX: V21=0	RX: OK	TX: GS30	RX: OK	
7:44:08.246 PM 6/6/2023	<Active Finish> TX: V46	RX: 0	TX: EX	RX: 0	
7:44:22.906 PM 6/6/2023	<Active Finish> TX: V46	RX: 0	TX: V32	RX: 615	
7:44:23.368 PM 6/6/2023	CMD: WPROT ACTIVE READY 0.000 WP1 1, WPSEL ACTIVE READY 160.000 L/2 3, CALW ACTIVE READY -0.006 OFF 1, ASEL ACTIVE READY 28.782 ON 2, GMIR ACTIVE BUSY 171.996 TARGET 1, GFOC ACTIVE READY 7.500 TARGET 1

STATUS: GMIR GOTO 90.000000

7:44:24.259 PM 6/6/2023	<Active Goto> TX: V20=15000.000	RX: OK	TX: V21=16	RX: OK	TX: GS29	RX: OK	
7:44:29.657 PM 6/6/2023	<Active Finish> TX: V46	RX: 0	TX: EX	RX: 15000	
7:47:28.552 PM 6/6/2023	CMD: WPROT ACTIVE BUSY 0.000 WP1 1, WPSEL ACTIVE READY 160.000 L/2 3, CALW ACTIVE READY -0.006 OFF 1, ASEL ACTIVE READY 28.782 ON 2, GMIR ACTIVE READY 90.000 TARGET 1, GFOC ACTIVE READY 7.500 TARGET 1

STATUS: WPROT GOTO WP1

7:47:29.669 PM 6/6/2023	<Active Finish> TX: V46	RX: 0	TX: EX	RX: 0	
7:48:29.148 PM 6/6/2023	CMD: WPROT ACTIVE BUSY 0.000 WP1 1, WPSEL ACTIVE READY 160.000 L/2 3, CALW ACTIVE READY -0.006 OFF 1, ASEL ACTIVE READY 28.782 ON 2, GMIR ACTIVE READY 90.000 TARGET 1, GFOC ACTIVE READY 7.500 TARGET 1

STATUS: WPROT GOTO WP1

7:48:30.380 PM 6/6/2023	<Active Finish> TX: V46	RX: 0	TX: EX	RX: 0	
7:49:19.247 PM 6/6/2023	CMD: WPROT ACTIVE BUSY 0.000 WP1 1, WPSEL ACTIVE READY 160.000 L/2 3, CALW ACTIVE READY -0.006 OFF 1, ASEL ACTIVE READY 28.782 ON 2, GMIR ACTIVE READY 90.000 TARGET 1, GFOC ACTIVE READY 7.500 TARGET 1

STATUS: WPROT GOTO WP1

7:49:20.355 PM 6/6/2023	<Active Finish> TX: V46	RX: 0	TX: EX	RX: 0	
7:52:33.818 PM 6/6/2023	CMD: WPROT ACTIVE BUSY 0.000 WP1 1, WPSEL ACTIVE READY 160.000 L/2 3, CALW ACTIVE READY -0.006 OFF 1, ASEL ACTIVE READY 28.782 ON 2, GMIR ACTIVE READY 90.000 TARGET 1, GFOC ACTIVE READY 7.500 TARGET 1

STATUS: WPROT GOTO WP1

7:52:34.964 PM 6/6/2023	<Active Finish> TX: V46	RX: 0	TX: EX	RX: 0	
7:52:47.007 PM 6/6/2023	CMD: WPROT ACTIVE BUSY 0.000 WP1 1, WPSEL ACTIVE READY 160.000 L/2 3, CALW ACTIVE READY -0.006 OFF 1, ASEL ACTIVE READY 28.782 ON 2, GMIR ACTIVE READY 90.000 TARGET 1, GFOC ACTIVE READY 7.500 TARGET 1

STATUS: WPROT GOTO WP2

7:52:48.774 PM 6/6/2023	<Active Finish> TX: V46	RX: 0	TX: EX	RX: -1874	
7:52:59.478 PM 6/6/2023	CMD: WPROT ACTIVE BUSY 22.488 WP2 2, WPSEL ACTIVE READY 160.000 L/2 3, CALW ACTIVE READY -0.006 OFF 1, ASEL ACTIVE READY 28.782 ON 2, GMIR ACTIVE READY 90.000 TARGET 1, GFOC ACTIVE READY 7.500 TARGET 1

STATUS: WPROT GOTO WP3

7:53:01.232 PM 6/6/2023	<Active Finish> TX: V46	RX: 0	TX: EX	RX: -3749	
7:53:09.133 PM 6/6/2023	CMD: WPROT ACTIVE BUSY 44.988 WP3 3, WPSEL ACTIVE READY 160.000 L/2 3, CALW ACTIVE READY -0.006 OFF 1, ASEL ACTIVE READY 28.782 ON 2, GMIR ACTIVE READY 90.000 TARGET 1, GFOC ACTIVE READY 7.500 TARGET 1

STATUS: WPROT GOTO WP4

7:53:10.896 PM 6/6/2023	<Active Finish> TX: V46	RX: 0	TX: EX	RX: -5624	
7:53:22.168 PM 6/6/2023	CMD: WPROT ACTIVE BUSY 67.488 WP4 4, WPSEL ACTIVE READY 160.000 L/2 3, CALW ACTIVE READY -0.006 OFF 1, ASEL ACTIVE READY 28.782 ON 2, GMIR ACTIVE READY 90.000 TARGET 1, GFOC ACTIVE READY 7.500 TARGET 1

STATUS: WPROT GOTO WP5

7:53:24.067 PM 6/6/2023	<Active Finish> TX: V46	RX: 0	TX: EX	RX: -7500	
7:53:37.064 PM 6/6/2023	CMD: WPROT ACTIVE BUSY 90.000 WP5 5, WPSEL ACTIVE READY 160.000 L/2 3, CALW ACTIVE READY -0.006 OFF 1, ASEL ACTIVE READY 28.782 ON 2, GMIR ACTIVE READY 90.000 TARGET 1, GFOC ACTIVE READY 7.500 TARGET 1

STATUS: WPROT GOTO WP6

7:53:38.720 PM 6/6/2023	<Active Finish> TX: V46	RX: 0	TX: EX	RX: -9374	
7:53:49.988 PM 6/6/2023	CMD: WPROT ACTIVE BUSY 112.488 WP6 6, WPSEL ACTIVE READY 160.000 L/2 3, CALW ACTIVE READY -0.006 OFF 1, ASEL ACTIVE READY 28.782 ON 2, GMIR ACTIVE READY 90.000 TARGET 1, GFOC ACTIVE READY 7.500 TARGET 1

STATUS: WPROT GOTO WP7

7:53:51.356 PM 6/6/2023	<Active Finish> TX: V46	RX: 0	TX: EX	RX: -11250	
7:54:04.937 PM 6/6/2023	CMD: WPROT ACTIVE BUSY 135.000 WP7 7, WPSEL ACTIVE READY 160.000 L/2 3, CALW ACTIVE READY -0.006 OFF 1, ASEL ACTIVE READY 28.782 ON 2, GMIR ACTIVE READY 90.000 TARGET 1, GFOC ACTIVE READY 7.500 TARGET 1

STATUS: WPROT GOTO WP8

7:54:06.627 PM 6/6/2023	<Active Finish> TX: V46	RX: 0	TX: EX	RX: -13125	
7:54:14.649 PM 6/6/2023	CMD: WPROT ACTIVE BUSY 157.500 WP8 8, WPSEL ACTIVE READY 160.000 L/2 3, CALW ACTIVE READY -0.006 OFF 1, ASEL ACTIVE READY 28.782 ON 2, GMIR ACTIVE READY 90.000 TARGET 1, GFOC ACTIVE READY 7.500 TARGET 1

STATUS: WPROT GOTO WP9

7:54:16.318 PM 6/6/2023	<Active Finish> TX: V46	RX: 0	TX: EX	RX: -15000	
7:54:29.588 PM 6/6/2023	CMD: WPROT ACTIVE BUSY 180.000 WP9 9, WPSEL ACTIVE READY 160.000 L/2 3, CALW ACTIVE READY -0.006 OFF 1, ASEL ACTIVE READY 28.782 ON 2, GMIR ACTIVE READY 90.000 TARGET 1, GFOC ACTIVE READY 7.500 TARGET 1

STATUS: WPROT GOTO WP10

7:54:30.915 PM 6/6/2023	<Active Finish> TX: V46	RX: 0	TX: EX	RX: -16874	
7:54:38.803 PM 6/6/2023	CMD: WPROT ACTIVE BUSY 202.488 WP10 10, WPSEL ACTIVE READY 160.000 L/2 3, CALW ACTIVE READY -0.006 OFF 1, ASEL ACTIVE READY 28.782 ON 2, GMIR ACTIVE READY 90.000 TARGET 1, GFOC ACTIVE READY 7.500 TARGET 1

STATUS: WPROT GOTO WP11

7:54:40.649 PM 6/6/2023	<Active Finish> TX: V46	RX: 0	TX: EX	RX: -18749	
7:54:54.357 PM 6/6/2023	CMD: WPROT ACTIVE BUSY 224.988 WP11 11, WPSEL ACTIVE READY 160.000 L/2 3, CALW ACTIVE READY -0.006 OFF 1, ASEL ACTIVE READY 28.782 ON 2, GMIR ACTIVE READY 90.000 TARGET 1, GFOC ACTIVE READY 7.500 TARGET 1

STATUS: WPROT GOTO WP12

7:54:56.245 PM 6/6/2023	<Active Finish> TX: V46	RX: 0	TX: EX	RX: -20624	
7:55:09.768 PM 6/6/2023	CMD: WPROT ACTIVE BUSY 247.488 WP12 12, WPSEL ACTIVE READY 160.000 L/2 3, CALW ACTIVE READY -0.006 OFF 1, ASEL ACTIVE READY 28.782 ON 2, GMIR ACTIVE READY 90.000 TARGET 1, GFOC ACTIVE READY 7.500 TARGET 1

STATUS: WPROT GOTO WP13

7:55:11.439 PM 6/6/2023	<Active Finish> TX: V46	RX: 0	TX: EX	RX: -22500	
7:55:19.499 PM 6/6/2023	CMD: WPROT ACTIVE BUSY 270.000 WP13 13, WPSEL ACTIVE READY 160.000 L/2 3, CALW ACTIVE READY -0.006 OFF 1, ASEL ACTIVE READY 28.782 ON 2, GMIR ACTIVE READY 90.000 TARGET 1, GFOC ACTIVE READY 7.500 TARGET 1

STATUS: WPROT GOTO WP14

7:55:21.195 PM 6/6/2023	<Active Finish> TX: V46	RX: 0	TX: EX	RX: -24374	
7:55:34.343 PM 6/6/2023	CMD: WPROT ACTIVE BUSY 292.488 WP14 14, WPSEL ACTIVE READY 160.000 L/2 3, CALW ACTIVE READY -0.006 OFF 1, ASEL ACTIVE READY 28.782 ON 2, GMIR ACTIVE READY 90.000 TARGET 1, GFOC ACTIVE READY 7.500 TARGET 1

STATUS: WPROT GOTO WP15

7:55:36.001 PM 6/6/2023	<Active Finish> TX: V46	RX: 0	TX: EX	RX: -26250	
7:55:47.219 PM 6/6/2023	CMD: WPROT ACTIVE BUSY 315.000 WP15 15, WPSEL ACTIVE READY 160.000 L/2 3, CALW ACTIVE READY -0.006 OFF 1, ASEL ACTIVE READY 28.782 ON 2, GMIR ACTIVE READY 90.000 TARGET 1, GFOC ACTIVE READY 7.500 TARGET 1

STATUS: WPROT GOTO WP16

7:55:49.009 PM 6/6/2023	<Active Finish> TX: V46	RX: 0	TX: EX	RX: -28125	
7:58:21.782 PM 6/6/2023	CMD: WPROT ACTIVE READY 337.500 WP16 16, WPSEL ACTIVE BUSY 160.000 L/2 3, CALW ACTIVE BUSY -0.006 OFF 1, ASEL ACTIVE BUSY 28.782 ON 2, GMIR ACTIVE READY 90.000 TARGET 1, GFOC ACTIVE READY 7.500 TARGET 1

STATUS: WPSEL GOTO L/4, CALW GOTO OFF, ASEL GOTO ON

7:58:22.447 PM 6/6/2023	<Active Goto> TX: V20=0.000	RX: OK	TX: V21=1	RX: OK	TX: GS29	RX: OK	
7:58:22.782 PM 6/6/2023	<Active Goto> TX: V20=4800.000	RX: OK	TX: V21=2	RX: OK	TX: GS29	RX: OK	
7:58:25.286 PM 6/6/2023	<Active Finish> TX: V46	RX: 0	TX: EX	RX: -4797	
7:58:27.060 PM 6/6/2023	<Active Goto> TX: V20=0.000	RX: OK	TX: V21=1	RX: OK	TX: GS29	RX: OK	
7:58:29.482 PM 6/6/2023	<Active Finish> TX: V46	RX: 0	TX: EX	RX: 1	
7:59:00.587 PM 6/6/2023	<Active Finish> TX: V46	RX: 0	TX: EX	RX: 0	
7:59:02.695 PM 6/6/2023	<Active Init> TX: V81=0	RX: OK	TX: V82=1875	RX: OK	TX: V83=3750	RX: OK	TX: V84=5625	RX: OK	TX: V85=7500	RX: OK	TX: V86=9375	RX: OK	TX: V87=11250	RX: OK	TX: V88=13125	RX: OK	TX: V89=15000	RX: OK	TX: V90=16875	RX: OK	TX: V91=18750	RX: OK	TX: V92=20625	RX: OK	TX: V93=22500	RX: OK	TX: V94=24375	RX: OK	TX: V95=26250	RX: OK	TX: V96=28125	RX: OK	TX: V20=900	RX: OK	TX: V21=0	RX: OK	TX: GS30	RX: OK	
7:59:10.417 PM 6/6/2023	<Active Finish> TX: V46	RX: 0	TX: EX	RX: 0	
7:59:28.437 PM 6/6/2023	CMD: WPROT ACTIVE BUSY 0.000 WP1 1, WPSEL ACTIVE READY 0.000 L/4 1, CALW ACTIVE READY -0.006 OFF 1, ASEL ACTIVE READY 28.782 ON 2, GMIR ACTIVE READY 90.000 TARGET 1, GFOC ACTIVE READY 7.500 TARGET 1

STATUS: WPROT GOTO WP1

7:59:29.553 PM 6/6/2023	<Active Finish> TX: V46	RX: 0	TX: EX	RX: 0	
7:59:43.003 PM 6/6/2023	CMD: WPROT ACTIVE BUSY 0.000 WP1 1, WPSEL ACTIVE READY 0.000 L/4 1, CALW ACTIVE READY -0.006 OFF 1, ASEL ACTIVE READY 28.782 ON 2, GMIR ACTIVE READY 90.000 TARGET 1, GFOC ACTIVE READY 7.500 TARGET 1

STATUS: WPROT GOTO WP2

7:59:44.654 PM 6/6/2023	<Active Finish> TX: V46	RX: 0	TX: EX	RX: -1875	
7:59:59.446 PM 6/6/2023	CMD: WPROT ACTIVE BUSY 22.500 WP2 2, WPSEL ACTIVE READY 0.000 L/4 1, CALW ACTIVE READY -0.006 OFF 1, ASEL ACTIVE READY 28.782 ON 2, GMIR ACTIVE READY 90.000 TARGET 1, GFOC ACTIVE READY 7.500 TARGET 1

STATUS: WPROT GOTO WP3

8:00:01.121 PM 6/6/2023	<Active Finish> TX: V46	RX: 0	TX: EX	RX: -3751	
8:00:10.447 PM 6/6/2023	CMD: WPROT ACTIVE BUSY 45.012 WP3 3, WPSEL ACTIVE READY 0.000 L/4 1, CALW ACTIVE READY -0.006 OFF 1, ASEL ACTIVE READY 28.782 ON 2, GMIR ACTIVE READY 90.000 TARGET 1, GFOC ACTIVE READY 7.500 TARGET 1

STATUS: WPROT GOTO WP4

8:00:12.200 PM 6/6/2023	<Active Finish> TX: V46	RX: 0	TX: EX	RX: -5625	
8:00:24.266 PM 6/6/2023	CMD: WPROT ACTIVE BUSY 67.500 WP4 4, WPSEL ACTIVE READY 0.000 L/4 1, CALW ACTIVE READY -0.006 OFF 1, ASEL ACTIVE READY 28.782 ON 2, GMIR ACTIVE READY 90.000 TARGET 1, GFOC ACTIVE READY 7.500 TARGET 1

STATUS: WPROT GOTO WP5

8:00:26.045 PM 6/6/2023	<Active Finish> TX: V46	RX: 0	TX: EX	RX: -7501	
8:00:39.171 PM 6/6/2023	CMD: WPROT ACTIVE BUSY 90.012 WP5 5, WPSEL ACTIVE READY 0.000 L/4 1, CALW ACTIVE READY -0.006 OFF 1, ASEL ACTIVE READY 28.782 ON 2, GMIR ACTIVE READY 90.000 TARGET 1, GFOC ACTIVE READY 7.500 TARGET 1

STATUS: WPROT GOTO WP6

8:00:40.496 PM 6/6/2023	<Active Finish> TX: V46	RX: 0	TX: EX	RX: -9375	
8:00:54.689 PM 6/6/2023	CMD: WPROT ACTIVE BUSY 112.500 WP6 6, WPSEL ACTIVE READY 0.000 L/4 1, CALW ACTIVE READY -0.006 OFF 1, ASEL ACTIVE READY 28.782 ON 2, GMIR ACTIVE READY 90.000 TARGET 1, GFOC ACTIVE READY 7.500 TARGET 1

STATUS: WPROT GOTO WP7

8:00:56.344 PM 6/6/2023	<Active Finish> TX: V46	RX: 0	TX: EX	RX: -11250	
8:01:10.001 PM 6/6/2023	CMD: WPROT ACTIVE BUSY 135.000 WP7 7, WPSEL ACTIVE READY 0.000 L/4 1, CALW ACTIVE READY -0.006 OFF 1, ASEL ACTIVE READY 28.782 ON 2, GMIR ACTIVE READY 90.000 TARGET 1, GFOC ACTIVE READY 7.500 TARGET 1

STATUS: WPROT GOTO WP8

8:01:11.351 PM 6/6/2023	<Active Finish> TX: V46	RX: 0	TX: EX	RX: -13125	
8:01:25.641 PM 6/6/2023	CMD: WPROT ACTIVE BUSY 157.500 WP8 8, WPSEL ACTIVE READY 0.000 L/4 1, CALW ACTIVE READY -0.006 OFF 1, ASEL ACTIVE READY 28.782 ON 2, GMIR ACTIVE READY 90.000 TARGET 1, GFOC ACTIVE READY 7.500 TARGET 1

STATUS: WPROT GOTO WP9

8:01:27.412 PM 6/6/2023	<Active Finish> TX: V46	RX: 0	TX: EX	RX: -15000	
8:01:41.047 PM 6/6/2023	CMD: WPROT ACTIVE BUSY 180.000 WP9 9, WPSEL ACTIVE READY 0.000 L/4 1, CALW ACTIVE READY -0.006 OFF 1, ASEL ACTIVE READY 28.782 ON 2, GMIR ACTIVE READY 90.000 TARGET 1, GFOC ACTIVE READY 7.500 TARGET 1

STATUS: WPROT GOTO WP10

8:01:42.394 PM 6/6/2023	<Active Finish> TX: V46	RX: 0	TX: EX	RX: -16875	
8:01:56.296 PM 6/6/2023	CMD: WPROT ACTIVE BUSY 202.500 WP10 10, WPSEL ACTIVE READY 0.000 L/4 1, CALW ACTIVE READY -0.006 OFF 1, ASEL ACTIVE READY 28.782 ON 2, GMIR ACTIVE READY 90.000 TARGET 1, GFOC ACTIVE READY 7.500 TARGET 1

STATUS: WPROT GOTO WP11

8:01:57.624 PM 6/6/2023	<Active Finish> TX: V46	RX: 0	TX: EX	RX: -18751	
8:02:11.771 PM 6/6/2023	CMD: WPROT ACTIVE BUSY 225.012 WP11 11, WPSEL ACTIVE READY 0.000 L/4 1, CALW ACTIVE READY -0.006 OFF 1, ASEL ACTIVE READY 28.782 ON 2, GMIR ACTIVE READY 90.000 TARGET 1, GFOC ACTIVE READY 7.500 TARGET 1

STATUS: WPROT GOTO WP12

8:02:13.142 PM 6/6/2023	<Active Finish> TX: V46	RX: 0	TX: EX	RX: -20626	
8:02:27.672 PM 6/6/2023	CMD: WPROT ACTIVE BUSY 247.512 WP12 12, WPSEL ACTIVE READY 0.000 L/4 1, CALW ACTIVE READY -0.006 OFF 1, ASEL ACTIVE READY 28.782 ON 2, GMIR ACTIVE READY 90.000 TARGET 1, GFOC ACTIVE READY 7.500 TARGET 1

STATUS: WPROT GOTO WP13

8:02:29.320 PM 6/6/2023	<Active Finish> TX: V46	RX: 0	TX: EX	RX: -22501	
8:02:38.491 PM 6/6/2023	CMD: WPROT ACTIVE BUSY 270.012 WP13 13, WPSEL ACTIVE READY 0.000 L/4 1, CALW ACTIVE READY -0.006 OFF 1, ASEL ACTIVE READY 28.782 ON 2, GMIR ACTIVE READY 90.000 TARGET 1, GFOC ACTIVE READY 7.500 TARGET 1

STATUS: WPROT GOTO WP14

8:02:39.815 PM 6/6/2023	<Active Finish> TX: V46	RX: 0	TX: EX	RX: -24376	
8:02:47.847 PM 6/6/2023	CMD: WPROT ACTIVE BUSY 292.512 WP14 14, WPSEL ACTIVE READY 0.000 L/4 1, CALW ACTIVE READY -0.006 OFF 1, ASEL ACTIVE READY 28.782 ON 2, GMIR ACTIVE READY 90.000 TARGET 1, GFOC ACTIVE READY 7.500 TARGET 1

STATUS: WPROT GOTO WP15

8:02:49.180 PM 6/6/2023	<Active Finish> TX: V46	RX: 0	TX: EX	RX: -26251	
8:03:01.088 PM 6/6/2023	CMD: WPROT ACTIVE BUSY 315.012 WP15 15, WPSEL ACTIVE READY 0.000 L/4 1, CALW ACTIVE READY -0.006 OFF 1, ASEL ACTIVE READY 28.782 ON 2, GMIR ACTIVE READY 90.000 TARGET 1, GFOC ACTIVE READY 7.500 TARGET 1

STATUS: WPROT GOTO WP16

8:03:02.411 PM 6/6/2023	<Active Finish> TX: V46	RX: 0	TX: EX	RX: -28125	
8:06:05.722 PM 6/6/2023	CMD: WPROT ACTIVE READY 337.500 WP16 16, WPSEL ACTIVE READY 0.000 L/4 1, CALW ACTIVE READY -0.006 OFF 1, ASEL ACTIVE READY 28.782 ON 2, GMIR ACTIVE BUSY 90.000 TARGET 1, GFOC ACTIVE READY 7.500 TARGET 1

STATUS: GMIR GOTO 35.000000

8:06:06.385 PM 6/6/2023	<Active Goto> TX: V20=5833.333	RX: OK	TX: V21=16	RX: OK	TX: GS29	RX: OK	
8:06:11.846 PM 6/6/2023	<Active Finish> TX: V46	RX: 0	TX: EX	RX: 5833	
8:08:19.452 PM 6/6/2023	CMD: WPROT ACTIVE BUSY 337.500 WP16 16, WPSEL ACTIVE READY 0.000 L/4 1, CALW ACTIVE READY -0.006 OFF 1, ASEL ACTIVE READY 28.782 ON 2, GMIR ACTIVE READY 34.998 TARGET 1, GFOC ACTIVE READY 7.500 TARGET 1

STATUS: WPROT GOTO WP1

8:08:21.104 PM 6/6/2023	<Active Finish> TX: V46	RX: 0	TX: EX	RX: 0	
8:11:41.241 PM 6/6/2023	CMD: WPROT ACTIVE READY 0.000 WP1 1, WPSEL ACTIVE BUSY 0.000 L/4 1, CALW ACTIVE BUSY -0.006 OFF 1, ASEL ACTIVE BUSY 28.782 ON 2, GMIR ACTIVE READY 34.998 TARGET 1, GFOC ACTIVE READY 7.500 TARGET 1

STATUS: WPSEL GOTO L/2, CALW GOTO OFF, ASEL GOTO ON

8:11:41.908 PM 6/6/2023	<Active Goto> TX: V20=800000.000	RX: OK	TX: V21=3	RX: OK	TX: GS29	RX: OK	
8:11:42.264 PM 6/6/2023	<Active Goto> TX: V20=4800.000	RX: OK	TX: V21=2	RX: OK	TX: GS29	RX: OK	
8:11:44.687 PM 6/6/2023	<Active Finish> TX: V46	RX: 0	TX: EX	RX: -4797	
8:11:46.479 PM 6/6/2023	<Active Goto> TX: V20=0.000	RX: OK	TX: V21=1	RX: OK	TX: GS29	RX: OK	
8:11:48.964 PM 6/6/2023	<Active Finish> TX: V46	RX: 0	TX: EX	RX: 1	
8:12:20.133 PM 6/6/2023	<Active Finish> TX: V46	RX: 0	TX: EX	RX: 799998	
8:12:22.248 PM 6/6/2023	<Active Init> TX: V81=0	RX: OK	TX: V82=1875	RX: OK	TX: V83=3750	RX: OK	TX: V84=5625	RX: OK	TX: V85=7500	RX: OK	TX: V86=9375	RX: OK	TX: V87=11250	RX: OK	TX: V88=13125	RX: OK	TX: V89=15000	RX: OK	TX: V90=16875	RX: OK	TX: V91=18750	RX: OK	TX: V92=20625	RX: OK	TX: V93=22500	RX: OK	TX: V94=24375	RX: OK	TX: V95=26250	RX: OK	TX: V96=28125	RX: OK	TX: V20=900	RX: OK	TX: V21=0	RX: OK	TX: GS30	RX: OK	
8:12:30.028 PM 6/6/2023	<Active Finish> TX: V46	RX: 0	TX: EX	RX: 0	
8:12:47.631 PM 6/6/2023	CMD: WPROT ACTIVE BUSY 0.000 WP1 1, WPSEL ACTIVE READY 160.000 L/2 3, CALW ACTIVE READY -0.006 OFF 1, ASEL ACTIVE READY 28.782 ON 2, GMIR ACTIVE READY 34.998 TARGET 1, GFOC ACTIVE READY 7.500 TARGET 1

STATUS: WPROT GOTO WP1

8:12:48.857 PM 6/6/2023	<Active Finish> TX: V46	RX: 0	TX: EX	RX: 0	
8:15:21.026 PM 6/6/2023	CMD: WPROT ACTIVE BUSY 0.000 WP1 1, WPSEL ACTIVE READY 160.000 L/2 3, CALW ACTIVE READY -0.006 OFF 1, ASEL ACTIVE READY 28.782 ON 2, GMIR ACTIVE READY 34.998 TARGET 1, GFOC ACTIVE READY 7.500 TARGET 1

STATUS: WPROT GOTO WP2

8:15:22.694 PM 6/6/2023	<Active Finish> TX: V46	RX: 0	TX: EX	RX: -1875	
8:17:57.000 PM 6/6/2023	CMD: WPROT ACTIVE BUSY 22.500 WP2 2, WPSEL ACTIVE READY 160.000 L/2 3, CALW ACTIVE READY -0.006 OFF 1, ASEL ACTIVE READY 28.782 ON 2, GMIR ACTIVE READY 34.998 TARGET 1, GFOC ACTIVE READY 7.500 TARGET 1

STATUS: WPROT GOTO WP3

8:17:58.756 PM 6/6/2023	<Active Finish> TX: V46	RX: 0	TX: EX	RX: -3750	
8:20:30.889 PM 6/6/2023	CMD: WPROT ACTIVE BUSY 45.000 WP3 3, WPSEL ACTIVE READY 160.000 L/2 3, CALW ACTIVE READY -0.006 OFF 1, ASEL ACTIVE READY 28.782 ON 2, GMIR ACTIVE READY 34.998 TARGET 1, GFOC ACTIVE READY 7.500 TARGET 1

STATUS: WPROT GOTO WP4

8:20:32.699 PM 6/6/2023	<Active Finish> TX: V46	RX: 0	TX: EX	RX: -5625	
8:23:04.734 PM 6/6/2023	CMD: WPROT ACTIVE BUSY 67.500 WP4 4, WPSEL ACTIVE READY 160.000 L/2 3, CALW ACTIVE READY -0.006 OFF 1, ASEL ACTIVE READY 28.782 ON 2, GMIR ACTIVE READY 34.998 TARGET 1, GFOC ACTIVE READY 7.500 TARGET 1

STATUS: WPROT GOTO WP5

8:23:06.498 PM 6/6/2023	<Active Finish> TX: V46	RX: 0	TX: EX	RX: -7500	
8:25:38.612 PM 6/6/2023	CMD: WPROT ACTIVE BUSY 90.000 WP5 5, WPSEL ACTIVE READY 160.000 L/2 3, CALW ACTIVE READY -0.006 OFF 1, ASEL ACTIVE READY 28.782 ON 2, GMIR ACTIVE READY 34.998 TARGET 1, GFOC ACTIVE READY 7.500 TARGET 1

STATUS: WPROT GOTO WP6

8:25:40.279 PM 6/6/2023	<Active Finish> TX: V46	RX: 0	TX: EX	RX: -9376	
8:28:12.342 PM 6/6/2023	CMD: WPROT ACTIVE BUSY 112.512 WP6 6, WPSEL ACTIVE READY 160.000 L/2 3, CALW ACTIVE READY -0.006 OFF 1, ASEL ACTIVE READY 28.782 ON 2, GMIR ACTIVE READY 34.998 TARGET 1, GFOC ACTIVE READY 7.500 TARGET 1

STATUS: WPROT GOTO WP7

8:28:14.013 PM 6/6/2023	<Active Finish> TX: V46	RX: 0	TX: EX	RX: -11251	
8:30:46.716 PM 6/6/2023	CMD: WPROT ACTIVE BUSY 135.012 WP7 7, WPSEL ACTIVE READY 160.000 L/2 3, CALW ACTIVE READY -0.006 OFF 1, ASEL ACTIVE READY 28.782 ON 2, GMIR ACTIVE READY 34.998 TARGET 1, GFOC ACTIVE READY 7.500 TARGET 1

STATUS: WPROT GOTO WP8

8:30:48.060 PM 6/6/2023	<Active Finish> TX: V46	RX: 0	TX: EX	RX: -13126	
8:36:22.648 PM 6/6/2023	CMD: WPROT ACTIVE READY 157.512 WP8 8, WPSEL ACTIVE READY 160.000 L/2 3, CALW ACTIVE READY -0.006 OFF 1, ASEL ACTIVE READY 28.782 ON 2, GMIR ACTIVE BUSY 34.998 TARGET 1, GFOC ACTIVE READY 7.500 TARGET 1

STATUS: GMIR GOTO 315.000000

8:36:23.444 PM 6/6/2023	<Active Goto> TX: V20=52500.000	RX: OK	TX: V21=16	RX: OK	TX: GS29	RX: OK	
8:36:28.835 PM 6/6/2023	<Active Finish> TX: V46	RX: 0	TX: EX	RX: 52500	
8:36:43.002 PM 6/6/2023	CMD: WPROT ACTIVE BUSY 157.512 WP8 8, WPSEL ACTIVE READY 160.000 L/2 3, CALW ACTIVE READY -0.006 OFF 1, ASEL ACTIVE READY 28.782 ON 2, GMIR ACTIVE READY 315.000 TARGET 1, GFOC ACTIVE READY 7.500 TARGET 1

STATUS: WPROT GOTO WP1

8:36:45.582 PM 6/6/2023	<Active Finish> TX: V46	RX: 0	TX: EX	RX: 0	
8:36:59.926 PM 6/6/2023	CMD: WPROT ACTIVE BUSY 0.000 WP1 1, WPSEL ACTIVE READY 160.000 L/2 3, CALW ACTIVE READY -0.006 OFF 1, ASEL ACTIVE READY 28.782 ON 2, GMIR ACTIVE READY 315.000 TARGET 1, GFOC ACTIVE READY 7.500 TARGET 1

STATUS: WPROT GOTO WP2

8:37:01.266 PM 6/6/2023	<Active Finish> TX: V46	RX: 0	TX: EX	RX: -1875	
8:41:01.242 PM 6/6/2023	CMD: WPROT ACTIVE BUSY 22.500 WP2 2, WPSEL ACTIVE READY 160.000 L/2 3, CALW ACTIVE READY -0.006 OFF 1, ASEL ACTIVE READY 28.782 ON 2, GMIR ACTIVE READY 315.000 TARGET 1, GFOC ACTIVE READY 7.500 TARGET 1

STATUS: WPROT GOTO WP1

8:41:04.076 PM 6/6/2023	<Active Finish> TX: V46	RX: 0	TX: EX	RX: 0	
8:43:07.637 PM 6/6/2023	CMD: WPROT ACTIVE BUSY 0.000 WP1 1, WPSEL ACTIVE READY 160.000 L/2 3, CALW ACTIVE READY -0.006 OFF 1, ASEL ACTIVE READY 28.782 ON 2, GMIR ACTIVE READY 315.000 TARGET 1, GFOC ACTIVE READY 7.500 TARGET 1

STATUS: WPROT GOTO WP2

8:43:08.952 PM 6/6/2023	<Active Finish> TX: V46	RX: 0	TX: EX	RX: -1875	
8:45:12.551 PM 6/6/2023	CMD: WPROT ACTIVE BUSY 22.500 WP2 2, WPSEL ACTIVE READY 160.000 L/2 3, CALW ACTIVE READY -0.006 OFF 1, ASEL ACTIVE READY 28.782 ON 2, GMIR ACTIVE READY 315.000 TARGET 1, GFOC ACTIVE READY 7.500 TARGET 1

STATUS: WPROT GOTO WP3

8:45:14.303 PM 6/6/2023	<Active Finish> TX: V46	RX: 0	TX: EX	RX: -3750	
8:47:16.946 PM 6/6/2023	CMD: WPROT ACTIVE BUSY 45.000 WP3 3, WPSEL ACTIVE READY 160.000 L/2 3, CALW ACTIVE READY -0.006 OFF 1, ASEL ACTIVE READY 28.782 ON 2, GMIR ACTIVE READY 315.000 TARGET 1, GFOC ACTIVE READY 7.500 TARGET 1

STATUS: WPROT GOTO WP4

8:47:18.801 PM 6/6/2023	<Active Finish> TX: V46	RX: 0	TX: EX	RX: -5625	
8:49:23.643 PM 6/6/2023	CMD: WPROT ACTIVE BUSY 67.500 WP4 4, WPSEL ACTIVE READY 160.000 L/2 3, CALW ACTIVE READY -0.006 OFF 1, ASEL ACTIVE READY 28.782 ON 2, GMIR ACTIVE READY 315.000 TARGET 1, GFOC ACTIVE READY 7.500 TARGET 1

STATUS: WPROT GOTO WP5

8:49:25.050 PM 6/6/2023	<Active Finish> TX: V46	RX: 0	TX: EX	RX: -7500	
8:51:27.816 PM 6/6/2023	CMD: WPROT ACTIVE BUSY 90.000 WP5 5, WPSEL ACTIVE READY 160.000 L/2 3, CALW ACTIVE READY -0.006 OFF 1, ASEL ACTIVE READY 28.782 ON 2, GMIR ACTIVE READY 315.000 TARGET 1, GFOC ACTIVE READY 7.500 TARGET 1

STATUS: WPROT GOTO WP6

8:51:29.154 PM 6/6/2023	<Active Finish> TX: V46	RX: 0	TX: EX	RX: -9376	
8:53:31.416 PM 6/6/2023	CMD: WPROT ACTIVE BUSY 112.512 WP6 6, WPSEL ACTIVE READY 160.000 L/2 3, CALW ACTIVE READY -0.006 OFF 1, ASEL ACTIVE READY 28.782 ON 2, GMIR ACTIVE READY 315.000 TARGET 1, GFOC ACTIVE READY 7.500 TARGET 1

STATUS: WPROT GOTO WP7

8:53:32.826 PM 6/6/2023	<Active Finish> TX: V46	RX: 0	TX: EX	RX: -11251	
8:55:37.406 PM 6/6/2023	CMD: WPROT ACTIVE BUSY 135.012 WP7 7, WPSEL ACTIVE READY 160.000 L/2 3, CALW ACTIVE READY -0.006 OFF 1, ASEL ACTIVE READY 28.782 ON 2, GMIR ACTIVE READY 315.000 TARGET 1, GFOC ACTIVE READY 7.500 TARGET 1

STATUS: WPROT GOTO WP8

8:55:39.195 PM 6/6/2023	<Active Finish> TX: V46	RX: 0	TX: EX	RX: -13126	
9:13:07.691 PM 6/6/2023	CMD: WPROT ACTIVE READY 157.512 WP8 8, WPSEL ACTIVE READY 160.000 L/2 3, CALW ACTIVE READY -0.006 OFF 1, ASEL ACTIVE READY 28.782 ON 2, GMIR ACTIVE BUSY 315.000 TARGET 1, GFOC ACTIVE READY 7.500 TARGET 1

STATUS: GMIR GOTO 320.000000

9:13:08.578 PM 6/6/2023	<Active Goto> TX: V20=53333.333	RX: OK	TX: V21=16	RX: OK	TX: GS29	RX: OK	
9:13:10.220 PM 6/6/2023	<Active Finish> TX: V46	RX: 0	TX: EX	RX: 53333	
9:16:13.958 PM 6/6/2023	CMD: WPROT ACTIVE READY 157.512 WP8 8, WPSEL ACTIVE READY 160.000 L/2 3, CALW ACTIVE READY -0.006 OFF 1, ASEL ACTIVE READY 28.782 ON 2, GMIR ACTIVE BUSY 319.998 TARGET 1, GFOC ACTIVE READY 7.500 TARGET 1

STATUS: GMIR GOTO 330.000000

9:16:14.743 PM 6/6/2023	<Active Goto> TX: V20=55000.000	RX: OK	TX: V21=16	RX: OK	TX: GS29	RX: OK	
9:16:17.081 PM 6/6/2023	<Active Finish> TX: V46	RX: 0	TX: EX	RX: 55000	
9:16:39.557 PM 6/6/2023	CMD: WPROT ACTIVE READY 157.512 WP8 8, WPSEL ACTIVE READY 160.000 L/2 3, CALW ACTIVE READY -0.006 OFF 1, ASEL ACTIVE READY 28.782 ON 2, GMIR ACTIVE BUSY 330.000 TARGET 1, GFOC ACTIVE READY 7.500 TARGET 1

STATUS: GMIR GOTO 0.000000

9:16:40.480 PM 6/6/2023	<Active Goto> TX: V20=0.000	RX: OK	TX: V21=16	RX: OK	TX: GS29	RX: OK	
9:16:42.819 PM 6/6/2023	<Active Finish> TX: V46	RX: 0	TX: EX	RX: 0	
9:17:36.207 PM 6/6/2023	CMD: WPROT ACTIVE READY 157.512 WP8 8, WPSEL ACTIVE READY 160.000 L/2 3, CALW ACTIVE READY -0.006 OFF 1, ASEL ACTIVE READY 28.782 ON 2, GMIR ACTIVE BUSY 0.000 TARGET 1, GFOC ACTIVE READY 7.500 TARGET 1

STATUS: GMIR GOTO 30.000000

9:17:37.197 PM 6/6/2023	<Active Goto> TX: V20=5000.000	RX: OK	TX: V21=16	RX: OK	TX: GS29	RX: OK	
9:17:39.521 PM 6/6/2023	<Active Finish> TX: V46	RX: 0	TX: EX	RX: 5000	
9:18:10.168 PM 6/6/2023	CMD: WPROT ACTIVE BUSY 157.512 WP8 8, WPSEL ACTIVE READY 160.000 L/2 3, CALW ACTIVE READY -0.006 OFF 1, ASEL ACTIVE READY 28.782 ON 2, GMIR ACTIVE READY 30.000 TARGET 1, GFOC ACTIVE READY 7.500 TARGET 1

STATUS: WPROT GOTO WP1

9:18:12.585 PM 6/6/2023	<Active Finish> TX: V46	RX: 0	TX: EX	RX: 0	
9:42:52.452 PM 6/6/2023	CMD: WPROT ACTIVE BUSY 0.000 WP1 1, WPSEL ACTIVE READY 160.000 L/2 3, CALW ACTIVE READY -0.006 OFF 1, ASEL ACTIVE READY 28.782 ON 2, GMIR ACTIVE READY 30.000 TARGET 1, GFOC ACTIVE READY 7.500 TARGET 1

STATUS: WPROT GOTO WP1

9:42:53.583 PM 6/6/2023	<Active Finish> TX: V46	RX: 0	TX: EX	RX: 0	
9:47:16.623 PM 6/6/2023	CMD: WPROT ACTIVE BUSY 0.000 WP1 1, WPSEL ACTIVE READY 160.000 L/2 3, CALW ACTIVE READY -0.006 OFF 1, ASEL ACTIVE READY 28.782 ON 2, GMIR ACTIVE READY 30.000 TARGET 1, GFOC ACTIVE READY 7.500 TARGET 1

STATUS: WPROT GOTO WP1

9:47:18.019 PM 6/6/2023	<Active Finish> TX: V46	RX: 0	TX: EX	RX: 0	
9:49:14.630 PM 6/6/2023	CMD: WPROT ACTIVE BUSY 0.000 WP1 1, WPSEL ACTIVE READY 160.000 L/2 3, CALW ACTIVE READY -0.006 OFF 1, ASEL ACTIVE READY 28.782 ON 2, GMIR ACTIVE READY 30.000 TARGET 1, GFOC ACTIVE READY 7.500 TARGET 1

STATUS: WPROT GOTO WP1

9:49:15.976 PM 6/6/2023	<Active Finish> TX: V46	RX: 0	TX: EX	RX: 0	
9:50:21.714 PM 6/6/2023	CMD: WPROT ACTIVE BUSY 0.000 WP1 1, WPSEL ACTIVE READY 160.000 L/2 3, CALW ACTIVE READY -0.006 OFF 1, ASEL ACTIVE READY 28.782 ON 2, GMIR ACTIVE READY 30.000 TARGET 1, GFOC ACTIVE READY 7.500 TARGET 1

STATUS: WPROT GOTO WP1

9:50:22.811 PM 6/6/2023	<Active Finish> TX: V46	RX: 0	TX: EX	RX: 0	
9:54:21.421 PM 6/6/2023	CMD: WPROT ACTIVE BUSY 0.000 WP1 1, WPSEL ACTIVE READY 160.000 L/2 3, CALW ACTIVE READY -0.006 OFF 1, ASEL ACTIVE READY 28.782 ON 2, GMIR ACTIVE READY 30.000 TARGET 1, GFOC ACTIVE READY 7.500 TARGET 1

STATUS: WPROT GOTO WP1

9:54:22.751 PM 6/6/2023	<Active Finish> TX: V46	RX: 0	TX: EX	RX: 0	
9:56:10.972 PM 6/6/2023	CMD: WPROT ACTIVE BUSY 0.000 WP1 1, WPSEL ACTIVE READY 160.000 L/2 3, CALW ACTIVE READY -0.006 OFF 1, ASEL ACTIVE READY 28.782 ON 2, GMIR ACTIVE READY 30.000 TARGET 1, GFOC ACTIVE READY 7.500 TARGET 1

STATUS: WPROT GOTO WP1

9:56:12.098 PM 6/6/2023	<Active Finish> TX: V46	RX: 0	TX: EX	RX: 0	
9:56:36.679 PM 6/6/2023	CMD: WPROT ACTIVE BUSY 0.000 WP1 1, WPSEL ACTIVE READY 160.000 L/2 3, CALW ACTIVE READY -0.006 OFF 1, ASEL ACTIVE READY 28.782 ON 2, GMIR ACTIVE READY 30.000 TARGET 1, GFOC ACTIVE READY 7.500 TARGET 1

STATUS: WPROT GOTO WP2

9:56:38.470 PM 6/6/2023	<Active Finish> TX: V46	RX: 0	TX: EX	RX: -1875	
9:57:01.056 PM 6/6/2023	CMD: WPROT ACTIVE BUSY 22.500 WP2 2, WPSEL ACTIVE READY 160.000 L/2 3, CALW ACTIVE READY -0.006 OFF 1, ASEL ACTIVE READY 28.782 ON 2, GMIR ACTIVE READY 30.000 TARGET 1, GFOC ACTIVE READY 7.500 TARGET 1

STATUS: WPROT GOTO WP3

9:57:02.752 PM 6/6/2023	<Active Finish> TX: V46	RX: 0	TX: EX	RX: -3750	
9:57:25.817 PM 6/6/2023	CMD: WPROT ACTIVE BUSY 45.000 WP3 3, WPSEL ACTIVE READY 160.000 L/2 3, CALW ACTIVE READY -0.006 OFF 1, ASEL ACTIVE READY 28.782 ON 2, GMIR ACTIVE READY 30.000 TARGET 1, GFOC ACTIVE READY 7.500 TARGET 1

STATUS: WPROT GOTO WP4

9:57:27.626 PM 6/6/2023	<Active Finish> TX: V46	RX: 0	TX: EX	RX: -5625	
9:57:50.748 PM 6/6/2023	CMD: WPROT ACTIVE BUSY 67.500 WP4 4, WPSEL ACTIVE READY 160.000 L/2 3, CALW ACTIVE READY -0.006 OFF 1, ASEL ACTIVE READY 28.782 ON 2, GMIR ACTIVE READY 30.000 TARGET 1, GFOC ACTIVE READY 7.500 TARGET 1

STATUS: WPROT GOTO WP5

9:57:52.531 PM 6/6/2023	<Active Finish> TX: V46	RX: 0	TX: EX	RX: -7500	
9:58:15.782 PM 6/6/2023	CMD: WPROT ACTIVE BUSY 90.000 WP5 5, WPSEL ACTIVE READY 160.000 L/2 3, CALW ACTIVE READY -0.006 OFF 1, ASEL ACTIVE READY 28.782 ON 2, GMIR ACTIVE READY 30.000 TARGET 1, GFOC ACTIVE READY 7.500 TARGET 1

STATUS: WPROT GOTO WP6

9:58:17.587 PM 6/6/2023	<Active Finish> TX: V46	RX: 0	TX: EX	RX: -9376	
9:58:40.688 PM 6/6/2023	CMD: WPROT ACTIVE BUSY 112.512 WP6 6, WPSEL ACTIVE READY 160.000 L/2 3, CALW ACTIVE READY -0.006 OFF 1, ASEL ACTIVE READY 28.782 ON 2, GMIR ACTIVE READY 30.000 TARGET 1, GFOC ACTIVE READY 7.500 TARGET 1

STATUS: WPROT GOTO WP7

9:58:42.484 PM 6/6/2023	<Active Finish> TX: V46	RX: 0	TX: EX	RX: -11251	
9:59:05.170 PM 6/6/2023	CMD: WPROT ACTIVE BUSY 135.012 WP7 7, WPSEL ACTIVE READY 160.000 L/2 3, CALW ACTIVE READY -0.006 OFF 1, ASEL ACTIVE READY 28.782 ON 2, GMIR ACTIVE READY 30.000 TARGET 1, GFOC ACTIVE READY 7.500 TARGET 1

STATUS: WPROT GOTO WP8

9:59:06.835 PM 6/6/2023	<Active Finish> TX: V46	RX: 0	TX: EX	RX: -13126	
10:06:51.118 PM 6/6/2023	CMD: WPROT ACTIVE BUSY 157.512 WP8 8, WPSEL ACTIVE READY 160.000 L/2 3, CALW ACTIVE READY -0.006 OFF 1, ASEL ACTIVE READY 28.782 ON 2, GMIR ACTIVE READY 30.000 TARGET 1, GFOC ACTIVE READY 7.500 TARGET 1

STATUS: WPROT GOTO WP1

10:06:53.342 PM 6/6/2023	<Active Finish> TX: V46	RX: 0	TX: EX	RX: 0	
10:11:06.284 PM 6/6/2023	CMD: WPROT ACTIVE BUSY 0.000 WP1 1, WPSEL ACTIVE READY 160.000 L/2 3, CALW ACTIVE READY -0.006 OFF 1, ASEL ACTIVE READY 28.782 ON 2, GMIR ACTIVE READY 30.000 TARGET 1, GFOC ACTIVE READY 7.500 TARGET 1

STATUS: WPROT GOTO WP2

10:11:07.989 PM 6/6/2023	<Active Finish> TX: V46	RX: 0	TX: EX	RX: -1875	
10:15:22.424 PM 6/6/2023	CMD: WPROT ACTIVE BUSY 22.500 WP2 2, WPSEL ACTIVE READY 160.000 L/2 3, CALW ACTIVE READY -0.006 OFF 1, ASEL ACTIVE READY 28.782 ON 2, GMIR ACTIVE READY 30.000 TARGET 1, GFOC ACTIVE READY 7.500 TARGET 1

STATUS: WPROT GOTO WP3

10:15:24.313 PM 6/6/2023	<Active Finish> TX: V46	RX: 0	TX: EX	RX: -3750	
10:19:38.318 PM 6/6/2023	CMD: WPROT ACTIVE BUSY 45.000 WP3 3, WPSEL ACTIVE READY 160.000 L/2 3, CALW ACTIVE READY -0.006 OFF 1, ASEL ACTIVE READY 28.782 ON 2, GMIR ACTIVE READY 30.000 TARGET 1, GFOC ACTIVE READY 7.500 TARGET 1

STATUS: WPROT GOTO WP4

10:19:39.789 PM 6/6/2023	<Active Finish> TX: V46	RX: 0	TX: EX	RX: -5625	
10:23:51.784 PM 6/6/2023	CMD: WPROT ACTIVE BUSY 67.500 WP4 4, WPSEL ACTIVE READY 160.000 L/2 3, CALW ACTIVE READY -0.006 OFF 1, ASEL ACTIVE READY 28.782 ON 2, GMIR ACTIVE READY 30.000 TARGET 1, GFOC ACTIVE READY 7.500 TARGET 1

STATUS: WPROT GOTO WP5

10:23:53.573 PM 6/6/2023	<Active Finish> TX: V46	RX: 0	TX: EX	RX: -7500	
10:28:06.137 PM 6/6/2023	CMD: WPROT ACTIVE BUSY 90.000 WP5 5, WPSEL ACTIVE READY 160.000 L/2 3, CALW ACTIVE READY -0.006 OFF 1, ASEL ACTIVE READY 28.782 ON 2, GMIR ACTIVE READY 30.000 TARGET 1, GFOC ACTIVE READY 7.500 TARGET 1

STATUS: WPROT GOTO WP6

10:28:07.470 PM 6/6/2023	<Active Finish> TX: V46	RX: 0	TX: EX	RX: -9376	
10:32:20.953 PM 6/6/2023	CMD: WPROT ACTIVE BUSY 112.512 WP6 6, WPSEL ACTIVE READY 160.000 L/2 3, CALW ACTIVE READY -0.006 OFF 1, ASEL ACTIVE READY 28.782 ON 2, GMIR ACTIVE READY 30.000 TARGET 1, GFOC ACTIVE READY 7.500 TARGET 1

STATUS: WPROT GOTO WP7

10:32:22.767 PM 6/6/2023	<Active Finish> TX: V46	RX: 0	TX: EX	RX: -11251	
10:40:06.336 PM 6/6/2023	CMD: WPROT ACTIVE BUSY 135.012 WP7 7, WPSEL ACTIVE READY 160.000 L/2 3, CALW ACTIVE READY -0.006 OFF 1, ASEL ACTIVE READY 28.782 ON 2, GMIR ACTIVE READY 30.000 TARGET 1, GFOC ACTIVE READY 7.500 TARGET 1

STATUS: WPROT GOTO WP1

10:40:08.829 PM 6/6/2023	<Active Finish> TX: V46	RX: 0	TX: EX	RX: 0	
10:41:31.508 PM 6/6/2023	CMD: WPROT ACTIVE BUSY 0.000 WP1 1, WPSEL ACTIVE READY 160.000 L/2 3, CALW ACTIVE READY -0.006 OFF 1, ASEL ACTIVE READY 28.782 ON 2, GMIR ACTIVE READY 30.000 TARGET 1, GFOC ACTIVE READY 7.500 TARGET 1

STATUS: WPROT GOTO WP1

10:41:32.717 PM 6/6/2023	<Active Finish> TX: V46	RX: 0	TX: EX	RX: 0	
10:42:50.655 PM 6/6/2023	CMD: WPROT ACTIVE BUSY 0.000 WP1 1, WPSEL ACTIVE READY 160.000 L/2 3, CALW ACTIVE READY -0.006 OFF 1, ASEL ACTIVE READY 28.782 ON 2, GMIR ACTIVE READY 30.000 TARGET 1, GFOC ACTIVE READY 7.500 TARGET 1

STATUS: WPROT GOTO WP7

10:42:52.553 PM 6/6/2023	<Active Finish> TX: V46	RX: 0	TX: EX	RX: -11251	
10:47:05.476 PM 6/6/2023	CMD: WPROT ACTIVE BUSY 135.012 WP7 7, WPSEL ACTIVE READY 160.000 L/2 3, CALW ACTIVE READY -0.006 OFF 1, ASEL ACTIVE READY 28.782 ON 2, GMIR ACTIVE READY 30.000 TARGET 1, GFOC ACTIVE READY 7.500 TARGET 1

STATUS: WPROT GOTO WP8

10:47:07.166 PM 6/6/2023	<Active Finish> TX: V46	RX: 0	TX: EX	RX: -13126	
10:55:28.563 PM 6/6/2023	CMD: WPROT ACTIVE BUSY 157.512 WP8 8, WPSEL ACTIVE READY 160.000 L/2 3, CALW ACTIVE READY -0.006 OFF 1, ASEL ACTIVE READY 28.782 ON 2, GMIR ACTIVE READY 30.000 TARGET 1, GFOC ACTIVE READY 7.500 TARGET 1

STATUS: WPROT GOTO WP1

10:55:30.930 PM 6/6/2023	<Active Finish> TX: V46	RX: 0	TX: EX	RX: 0	
10:59:15.477 PM 6/6/2023	CMD: WPROT ACTIVE BUSY 0.000 WP1 1, WPSEL ACTIVE READY 160.000 L/2 3, CALW ACTIVE READY -0.006 OFF 1, ASEL ACTIVE READY 28.782 ON 2, GMIR ACTIVE READY 30.000 TARGET 1, GFOC ACTIVE READY 7.500 TARGET 1

STATUS: WPROT GOTO WP1

10:59:16.867 PM 6/6/2023	<Active Finish> TX: V46	RX: 0	TX: EX	RX: 0	
11:00:19.988 PM 6/6/2023	CMD: WPROT ACTIVE BUSY 0.000 WP1 1, WPSEL ACTIVE READY 160.000 L/2 3, CALW ACTIVE READY -0.006 OFF 1, ASEL ACTIVE READY 28.782 ON 2, GMIR ACTIVE READY 30.000 TARGET 1, GFOC ACTIVE READY 7.500 TARGET 1

STATUS: WPROT GOTO WP2

11:00:21.322 PM 6/6/2023	<Active Finish> TX: V46	RX: 0	TX: EX	RX: -1875	
11:01:24.089 PM 6/6/2023	CMD: WPROT ACTIVE BUSY 22.500 WP2 2, WPSEL ACTIVE READY 160.000 L/2 3, CALW ACTIVE READY -0.006 OFF 1, ASEL ACTIVE READY 28.782 ON 2, GMIR ACTIVE READY 30.000 TARGET 1, GFOC ACTIVE READY 7.500 TARGET 1

STATUS: WPROT GOTO WP3

11:01:25.874 PM 6/6/2023	<Active Finish> TX: V46	RX: 0	TX: EX	RX: -3750	
11:02:28.952 PM 6/6/2023	CMD: WPROT ACTIVE BUSY 45.000 WP3 3, WPSEL ACTIVE READY 160.000 L/2 3, CALW ACTIVE READY -0.006 OFF 1, ASEL ACTIVE READY 28.782 ON 2, GMIR ACTIVE READY 30.000 TARGET 1, GFOC ACTIVE READY 7.500 TARGET 1

STATUS: WPROT GOTO WP4

11:02:30.633 PM 6/6/2023	<Active Finish> TX: V46	RX: 0	TX: EX	RX: -5625	
11:03:33.849 PM 6/6/2023	CMD: WPROT ACTIVE BUSY 67.500 WP4 4, WPSEL ACTIVE READY 160.000 L/2 3, CALW ACTIVE READY -0.006 OFF 1, ASEL ACTIVE READY 28.782 ON 2, GMIR ACTIVE READY 30.000 TARGET 1, GFOC ACTIVE READY 7.500 TARGET 1

STATUS: WPROT GOTO WP5

11:03:35.628 PM 6/6/2023	<Active Finish> TX: V46	RX: 0	TX: EX	RX: -7500	
11:04:38.683 PM 6/6/2023	CMD: WPROT ACTIVE BUSY 90.000 WP5 5, WPSEL ACTIVE READY 160.000 L/2 3, CALW ACTIVE READY -0.006 OFF 1, ASEL ACTIVE READY 28.782 ON 2, GMIR ACTIVE READY 30.000 TARGET 1, GFOC ACTIVE READY 7.500 TARGET 1

STATUS: WPROT GOTO WP6

11:04:40.357 PM 6/6/2023	<Active Finish> TX: V46	RX: 0	TX: EX	RX: -9376	
11:05:43.556 PM 6/6/2023	CMD: WPROT ACTIVE BUSY 112.512 WP6 6, WPSEL ACTIVE READY 160.000 L/2 3, CALW ACTIVE READY -0.006 OFF 1, ASEL ACTIVE READY 28.782 ON 2, GMIR ACTIVE READY 30.000 TARGET 1, GFOC ACTIVE READY 7.500 TARGET 1

STATUS: WPROT GOTO WP7

11:05:45.347 PM 6/6/2023	<Active Finish> TX: V46	RX: 0	TX: EX	RX: -11251	
11:06:48.537 PM 6/6/2023	CMD: WPROT ACTIVE BUSY 135.012 WP7 7, WPSEL ACTIVE READY 160.000 L/2 3, CALW ACTIVE READY -0.006 OFF 1, ASEL ACTIVE READY 28.782 ON 2, GMIR ACTIVE READY 30.000 TARGET 1, GFOC ACTIVE READY 7.500 TARGET 1

STATUS: WPROT GOTO WP8

11:06:49.874 PM 6/6/2023	<Active Finish> TX: V46	RX: 0	TX: EX	RX: -13126	
11:08:49.223 PM 6/6/2023	CMD: WPROT ACTIVE BUSY 157.512 WP8 8, WPSEL ACTIVE READY 160.000 L/2 3, CALW ACTIVE READY -0.006 OFF 1, ASEL ACTIVE READY 28.782 ON 2, GMIR ACTIVE READY 30.000 TARGET 1, GFOC ACTIVE READY 7.500 TARGET 1

STATUS: WPROT GOTO WP1

11:08:51.570 PM 6/6/2023	<Active Finish> TX: V46	RX: 0	TX: EX	RX: 0	
11:13:04.679 PM 6/6/2023	CMD: WPROT ACTIVE BUSY 0.000 WP1 1, WPSEL ACTIVE READY 160.000 L/2 3, CALW ACTIVE READY -0.006 OFF 1, ASEL ACTIVE READY 28.782 ON 2, GMIR ACTIVE READY 30.000 TARGET 1, GFOC ACTIVE READY 7.500 TARGET 1

STATUS: WPROT GOTO WP2

11:13:06.030 PM 6/6/2023	<Active Finish> TX: V46	RX: 0	TX: EX	RX: -1875	
11:17:20.234 PM 6/6/2023	CMD: WPROT ACTIVE BUSY 22.500 WP2 2, WPSEL ACTIVE READY 160.000 L/2 3, CALW ACTIVE READY -0.006 OFF 1, ASEL ACTIVE READY 28.782 ON 2, GMIR ACTIVE READY 30.000 TARGET 1, GFOC ACTIVE READY 7.500 TARGET 1

STATUS: WPROT GOTO WP3

11:17:22.010 PM 6/6/2023	<Active Finish> TX: V46	RX: 0	TX: EX	RX: -3750	
11:21:36.182 PM 6/6/2023	CMD: WPROT ACTIVE BUSY 45.000 WP3 3, WPSEL ACTIVE READY 160.000 L/2 3, CALW ACTIVE READY -0.006 OFF 1, ASEL ACTIVE READY 28.782 ON 2, GMIR ACTIVE READY 30.000 TARGET 1, GFOC ACTIVE READY 7.500 TARGET 1

STATUS: WPROT GOTO WP4

11:21:37.503 PM 6/6/2023	<Active Finish> TX: V46	RX: 0	TX: EX	RX: -5625	
11:25:49.820 PM 6/6/2023	CMD: WPROT ACTIVE BUSY 67.500 WP4 4, WPSEL ACTIVE READY 160.000 L/2 3, CALW ACTIVE READY -0.006 OFF 1, ASEL ACTIVE READY 28.782 ON 2, GMIR ACTIVE READY 30.000 TARGET 1, GFOC ACTIVE READY 7.500 TARGET 1

STATUS: WPROT GOTO WP5

11:25:51.629 PM 6/6/2023	<Active Finish> TX: V46	RX: 0	TX: EX	RX: -7500	
11:30:05.057 PM 6/6/2023	CMD: WPROT ACTIVE BUSY 90.000 WP5 5, WPSEL ACTIVE READY 160.000 L/2 3, CALW ACTIVE READY -0.006 OFF 1, ASEL ACTIVE READY 28.782 ON 2, GMIR ACTIVE READY 30.000 TARGET 1, GFOC ACTIVE READY 7.500 TARGET 1

STATUS: WPROT GOTO WP6

11:30:06.490 PM 6/6/2023	<Active Finish> TX: V46	RX: 0	TX: EX	RX: -9376	
11:34:21.101 PM 6/6/2023	CMD: WPROT ACTIVE BUSY 112.512 WP6 6, WPSEL ACTIVE READY 160.000 L/2 3, CALW ACTIVE READY -0.006 OFF 1, ASEL ACTIVE READY 28.782 ON 2, GMIR ACTIVE READY 30.000 TARGET 1, GFOC ACTIVE READY 7.500 TARGET 1

STATUS: WPROT GOTO WP7

11:34:22.781 PM 6/6/2023	<Active Finish> TX: V46	RX: 0	TX: EX	RX: -11251	
11:38:35.022 PM 6/6/2023	CMD: WPROT ACTIVE BUSY 135.012 WP7 7, WPSEL ACTIVE READY 160.000 L/2 3, CALW ACTIVE READY -0.006 OFF 1, ASEL ACTIVE READY 28.782 ON 2, GMIR ACTIVE READY 30.000 TARGET 1, GFOC ACTIVE READY 7.500 TARGET 1

STATUS: WPROT GOTO WP8

11:38:36.817 PM 6/6/2023	<Active Finish> TX: V46	RX: 0	TX: EX	RX: -13126	
11:47:21.043 PM 6/6/2023	CMD: WPROT ACTIVE BUSY 157.512 WP8 8, WPSEL ACTIVE READY 160.000 L/2 3, CALW ACTIVE READY -0.006 OFF 1, ASEL ACTIVE READY 28.782 ON 2, GMIR ACTIVE READY 30.000 TARGET 1, GFOC ACTIVE READY 7.500 TARGET 1

STATUS: WPROT GOTO WP1

11:47:23.376 PM 6/6/2023	<Active Finish> TX: V46	RX: 0	TX: EX	RX: 0	
11:54:26.719 PM 6/6/2023	CMD: WPROT ACTIVE BUSY 0.000 WP1 1, WPSEL ACTIVE READY 160.000 L/2 3, CALW ACTIVE READY -0.006 OFF 1, ASEL ACTIVE READY 28.782 ON 2, GMIR ACTIVE READY 30.000 TARGET 1, GFOC ACTIVE READY 7.500 TARGET 1

STATUS: WPROT GOTO WP1

11:54:27.841 PM 6/6/2023	<Active Finish> TX: V46	RX: 0	TX: EX	RX: 0	
11:56:24.575 PM 6/6/2023	CMD: WPROT ACTIVE BUSY 0.000 WP1 1, WPSEL ACTIVE READY 160.000 L/2 3, CALW ACTIVE READY -0.006 OFF 1, ASEL ACTIVE READY 28.782 ON 2, GMIR ACTIVE READY 30.000 TARGET 1, GFOC ACTIVE READY 7.500 TARGET 1

STATUS: WPROT GOTO WP1

11:56:25.803 PM 6/6/2023	<Active Finish> TX: V46	RX: 0	TX: EX	RX: 0	
