09:29:21.002 2023/08/07	GMIR GOTO 8.000000	
09:29:21.010 2023/08/07	WPROT SIMULATED NONE 0.000 NONE -1, WPSEL SIMULATED READY 80.000 OFF 2, CALW SIMULATED READY 0.000 OFF 1, ASEL SIMULATED READY 0.000 OFF 1, GMIR SIMULATED BUSY 9.000 TARGET 1, GFOC SIMULATED READY 0.300 TARGET 1
	
09:29:24.739 2023/08/07	GMIR GOTO 9.000000	
09:29:24.747 2023/08/07	WPROT SIMULATED NONE 0.000 NONE -1, WPSEL SIMULATED READY 80.000 OFF 2, CALW SIMULATED READY 0.000 OFF 1, ASEL SIMULATED READY 0.000 OFF 1, GMIR SIMULATED BUSY 8.000 TARGET 1, GFOC SIMULATED READY 0.300 TARGET 1
	
09:29:53.214 2023/08/07	GMIR GOTO 7.000000	
09:29:53.222 2023/08/07	WPROT SIMULATED NONE 0.000 NONE -1, WPSEL SIMULATED READY 80.000 OFF 2, CALW SIMULATED READY 0.000 OFF 1, ASEL SIMULATED READY 0.000 OFF 1, GMIR SIMULATED BUSY 9.000 TARGET 1, GFOC SIMULATED READY 0.300 TARGET 1
	
09:29:56.988 2023/08/07	GMIR GOTO 8.000000	
09:29:56.995 2023/08/07	WPROT SIMULATED NONE 0.000 NONE -1, WPSEL SIMULATED READY 80.000 OFF 2, CALW SIMULATED READY 0.000 OFF 1, ASEL SIMULATED READY 0.000 OFF 1, GMIR SIMULATED BUSY 7.000 TARGET 1, GFOC SIMULATED READY 0.300 TARGET 1
	
09:30:01.611 2023/08/07	GMIR GOTO 9.000000	
09:30:01.650 2023/08/07	WPROT SIMULATED NONE 0.000 NONE -1, WPSEL SIMULATED READY 80.000 OFF 2, CALW SIMULATED READY 0.000 OFF 1, ASEL SIMULATED READY 0.000 OFF 1, GMIR SIMULATED BUSY 8.000 TARGET 1, GFOC SIMULATED READY 0.300 TARGET 1
	
09:30:08.776 2023/08/07	GMIR GOTO 120.000000	
09:30:08.784 2023/08/07	WPROT SIMULATED NONE 0.000 NONE -1, WPSEL SIMULATED READY 80.000 OFF 2, CALW SIMULATED READY 0.000 OFF 1, ASEL SIMULATED READY 0.000 OFF 1, GMIR SIMULATED BUSY 9.000 TARGET 1, GFOC SIMULATED READY 0.300 TARGET 1
	
09:30:20.483 2023/08/07	GMIR GOTO 45.000000	
09:30:20.487 2023/08/07	WPROT SIMULATED NONE 0.000 NONE -1, WPSEL SIMULATED READY 80.000 OFF 2, CALW SIMULATED READY 0.000 OFF 1, ASEL SIMULATED READY 0.000 OFF 1, GMIR SIMULATED BUSY 120.000 TARGET 1, GFOC SIMULATED READY 0.300 TARGET 1
	
09:30:26.728 2023/08/07	GMIR GOTO 40.000000	
09:30:26.738 2023/08/07	WPROT SIMULATED NONE 0.000 NONE -1, WPSEL SIMULATED READY 80.000 OFF 2, CALW SIMULATED READY 0.000 OFF 1, ASEL SIMULATED READY 0.000 OFF 1, GMIR SIMULATED BUSY 45.000 TARGET 1, GFOC SIMULATED READY 0.300 TARGET 1
	
09:30:32.781 2023/08/07	GMIR GOTO 120.000000	
09:30:32.790 2023/08/07	WPROT SIMULATED NONE 0.000 NONE -1, WPSEL SIMULATED READY 80.000 OFF 2, CALW SIMULATED READY 0.000 OFF 1, ASEL SIMULATED READY 0.000 OFF 1, GMIR SIMULATED BUSY 40.000 TARGET 1, GFOC SIMULATED READY 0.300 TARGET 1
	
09:30:38.788 2023/08/07	GMIR GOTO 130.000000	
09:30:38.792 2023/08/07	WPROT SIMULATED NONE 0.000 NONE -1, WPSEL SIMULATED READY 80.000 OFF 2, CALW SIMULATED READY 0.000 OFF 1, ASEL SIMULATED READY 0.000 OFF 1, GMIR SIMULATED BUSY 120.000 TARGET 1, GFOC SIMULATED READY 0.300 TARGET 1
	
09:36:29.838 2023/08/07	WPSEL GOTO L/2	
09:36:29.846 2023/08/07	WPROT SIMULATED NONE 0.000 NONE -1, WPSEL SIMULATED BUSY 80.000 OFF 2, CALW SIMULATED READY 0.000 OFF 1, ASEL SIMULATED READY 0.000 OFF 1, GMIR SIMULATED READY 130.000 TARGET 1, GFOC SIMULATED READY 0.300 TARGET 1
	
09:41:42.655 2023/08/07	ASEL GOTO ON	
09:41:42.663 2023/08/07	WPROT SIMULATED READY 0.000 WP1 1, WPSEL SIMULATED READY 160.000 L/2 3, CALW SIMULATED READY 0.000 OFF 1, ASEL SIMULATED BUSY 0.000 OFF 1, GMIR SIMULATED READY 130.000 TARGET 1, GFOC SIMULATED READY 0.300 TARGET 1
	
09:42:06.499 2023/08/07	CALW GOTO SHUTTER	
09:42:06.505 2023/08/07	WPROT SIMULATED READY 0.000 WP1 1, WPSEL SIMULATED READY 160.000 L/2 3, CALW SIMULATED BUSY 0.000 OFF 1, ASEL SIMULATED READY 28.800 ON 2, GMIR SIMULATED READY 130.000 TARGET 1, GFOC SIMULATED READY 0.300 TARGET 1
	
09:44:02.490 2023/08/07	GMIR STOP NONE	
09:44:02.497 2023/08/07	WPROT SIMULATED READY 0.000 WP1 1, WPSEL SIMULATED READY 160.000 L/2 3, CALW SIMULATED READY 216.000 SHUTTER 4, ASEL SIMULATED READY 28.800 ON 2, GMIR SIMULATED BUSY 130.000 TARGET 1, GFOC SIMULATED READY 0.300 TARGET 1
	
09:44:02.540 2023/08/07	ActiveGoto GMIR: TIMEOUT	
09:44:12.368 2023/08/07	GMIR GOTO 120.000000	
09:44:12.374 2023/08/07	WPROT SIMULATED READY 0.000 WP1 1, WPSEL SIMULATED READY 160.000 L/2 3, CALW SIMULATED READY 216.000 SHUTTER 4, ASEL SIMULATED READY 28.800 ON 2, GMIR SIMULATED BUSY 130.000 TARGET 1, GFOC SIMULATED READY 0.300 TARGET 1
	
09:44:14.610 2023/08/07	GMIR STOP NONE	
09:44:14.616 2023/08/07	WPROT SIMULATED READY 0.000 WP1 1, WPSEL SIMULATED READY 160.000 L/2 3, CALW SIMULATED READY 216.000 SHUTTER 4, ASEL SIMULATED READY 28.800 ON 2, GMIR SIMULATED BUSY 120.000 TARGET 1, GFOC SIMULATED READY 0.300 TARGET 1
	
09:44:14.660 2023/08/07	ActiveGoto GMIR: TIMEOUT	
09:44:16.784 2023/08/07	GMIR STOP NONE	
09:44:16.789 2023/08/07	WPROT SIMULATED READY 0.000 WP1 1, WPSEL SIMULATED READY 160.000 L/2 3, CALW SIMULATED READY 216.000 SHUTTER 4, ASEL SIMULATED READY 28.800 ON 2, GMIR SIMULATED BUSY 120.000 TARGET 1, GFOC SIMULATED READY 0.300 TARGET 1
	
09:44:16.832 2023/08/07	ActiveGoto GMIR: TIMEOUT	
09:44:20.368 2023/08/07	GMIR STOP NONE	
09:44:20.374 2023/08/07	WPROT SIMULATED READY 0.000 WP1 1, WPSEL SIMULATED READY 160.000 L/2 3, CALW SIMULATED READY 216.000 SHUTTER 4, ASEL SIMULATED READY 28.800 ON 2, GMIR SIMULATED BUSY 120.000 TARGET 1, GFOC SIMULATED READY 0.300 TARGET 1
	
09:44:20.447 2023/08/07	ActiveGoto GMIR: TIMEOUT	
09:44:48.587 2023/08/07	GMIR STOP NONE	
09:44:48.593 2023/08/07	WPROT SIMULATED READY 0.000 WP1 1, WPSEL SIMULATED READY 160.000 L/2 3, CALW SIMULATED READY 216.000 SHUTTER 4, ASEL SIMULATED READY 28.800 ON 2, GMIR SIMULATED BUSY 120.000 TARGET 1, GFOC SIMULATED READY 0.300 TARGET 1
	
09:44:48.636 2023/08/07	ActiveGoto GMIR: TIMEOUT	
09:44:57.597 2023/08/07	GMIR STOP NONE	
09:44:57.603 2023/08/07	WPROT SIMULATED READY 0.000 WP1 1, WPSEL SIMULATED READY 160.000 L/2 3, CALW SIMULATED READY 216.000 SHUTTER 4, ASEL SIMULATED READY 28.800 ON 2, GMIR SIMULATED BUSY 120.000 TARGET 1, GFOC SIMULATED READY 0.300 TARGET 1
	
09:44:57.666 2023/08/07	ActiveGoto GMIR: TIMEOUT	
09:49:16.518 2023/08/07	GFOC GOTO 0.500000	
09:49:16.525 2023/08/07	WPROT SIMULATED READY 0.000 WP1 1, WPSEL SIMULATED READY 160.000 L/2 3, CALW SIMULATED READY 216.000 SHUTTER 4, ASEL SIMULATED READY 28.800 ON 2, GMIR SIMULATED TIMEOUT 120.000 TARGET 1, GFOC SIMULATED BUSY 0.300 TARGET 1
	
09:49:24.692 2023/08/07	GFOC GOTO 0.600000	
09:49:24.698 2023/08/07	WPROT SIMULATED READY 0.000 WP1 1, WPSEL SIMULATED READY 160.000 L/2 3, CALW SIMULATED READY 216.000 SHUTTER 4, ASEL SIMULATED READY 28.800 ON 2, GMIR SIMULATED TIMEOUT 120.000 TARGET 1, GFOC SIMULATED BUSY 0.500 TARGET 1
	
09:49:29.057 2023/08/07	GFOC GOTO 0.700000	
09:49:29.144 2023/08/07	WPROT SIMULATED READY 0.000 WP1 1, WPSEL SIMULATED READY 160.000 L/2 3, CALW SIMULATED READY 216.000 SHUTTER 4, ASEL SIMULATED READY 28.800 ON 2, GMIR SIMULATED TIMEOUT 120.000 TARGET 1, GFOC SIMULATED BUSY 0.600 TARGET 1
	
09:49:41.576 2023/08/07	GFOC GOTO 0.000000	
09:49:41.581 2023/08/07	WPROT SIMULATED READY 0.000 WP1 1, WPSEL SIMULATED READY 160.000 L/2 3, CALW SIMULATED READY 216.000 SHUTTER 4, ASEL SIMULATED READY 28.800 ON 2, GMIR SIMULATED TIMEOUT 120.000 TARGET 1, GFOC SIMULATED BUSY 0.700 TARGET 1
	
09:49:50.911 2023/08/07	GFOC GOTO 1.500000	
09:49:50.918 2023/08/07	WPROT SIMULATED READY 0.000 WP1 1, WPSEL SIMULATED READY 160.000 L/2 3, CALW SIMULATED READY 216.000 SHUTTER 4, ASEL SIMULATED READY 28.800 ON 2, GMIR SIMULATED TIMEOUT 120.000 TARGET 1, GFOC SIMULATED BUSY 0.000 TARGET 1
	
09:50:04.013 2023/08/07	GFOC GOTO 1.500000	
09:50:04.020 2023/08/07	WPROT SIMULATED READY 0.000 WP1 1, WPSEL SIMULATED READY 160.000 L/2 3, CALW SIMULATED READY 216.000 SHUTTER 4, ASEL SIMULATED READY 28.800 ON 2, GMIR SIMULATED TIMEOUT 120.000 TARGET 1, GFOC SIMULATED BUSY 1.500 TARGET 1
	
09:50:09.337 2023/08/07	GFOC GOTO 1.500000	
09:50:09.346 2023/08/07	WPROT SIMULATED READY 0.000 WP1 1, WPSEL SIMULATED READY 160.000 L/2 3, CALW SIMULATED READY 216.000 SHUTTER 4, ASEL SIMULATED READY 28.800 ON 2, GMIR SIMULATED TIMEOUT 120.000 TARGET 1, GFOC SIMULATED BUSY 1.500 TARGET 1
	
09:50:24.833 2023/08/07	GFOC GOTO 2.500000	
09:50:24.841 2023/08/07	WPROT SIMULATED READY 0.000 WP1 1, WPSEL SIMULATED READY 160.000 L/2 3, CALW SIMULATED READY 216.000 SHUTTER 4, ASEL SIMULATED READY 28.800 ON 2, GMIR SIMULATED TIMEOUT 120.000 TARGET 1, GFOC SIMULATED BUSY 1.500 TARGET 1
	
09:50:30.668 2023/08/07	GFOC GOTO 1.500000	
09:50:30.674 2023/08/07	WPROT SIMULATED READY 0.000 WP1 1, WPSEL SIMULATED READY 160.000 L/2 3, CALW SIMULATED READY 216.000 SHUTTER 4, ASEL SIMULATED READY 28.800 ON 2, GMIR SIMULATED TIMEOUT 120.000 TARGET 1, GFOC SIMULATED BUSY 2.500 TARGET 1
	
09:50:36.354 2023/08/07	GFOC GOTO 2.500000	
09:50:36.363 2023/08/07	WPROT SIMULATED READY 0.000 WP1 1, WPSEL SIMULATED READY 160.000 L/2 3, CALW SIMULATED READY 216.000 SHUTTER 4, ASEL SIMULATED READY 28.800 ON 2, GMIR SIMULATED TIMEOUT 120.000 TARGET 1, GFOC SIMULATED BUSY 1.500 TARGET 1
	
09:50:44.117 2023/08/07	GFOC GOTO 0.700000	
09:50:44.120 2023/08/07	WPROT SIMULATED READY 0.000 WP1 1, WPSEL SIMULATED READY 160.000 L/2 3, CALW SIMULATED READY 216.000 SHUTTER 4, ASEL SIMULATED READY 28.800 ON 2, GMIR SIMULATED TIMEOUT 120.000 TARGET 1, GFOC SIMULATED BUSY 2.500 TARGET 1
	
09:50:55.914 2023/08/07	GFOC GOTO 1.200000	
09:50:55.920 2023/08/07	WPROT SIMULATED READY 0.000 WP1 1, WPSEL SIMULATED READY 160.000 L/2 3, CALW SIMULATED READY 216.000 SHUTTER 4, ASEL SIMULATED READY 28.800 ON 2, GMIR SIMULATED TIMEOUT 120.000 TARGET 1, GFOC SIMULATED BUSY 0.700 TARGET 1
	
09:51:10.668 2023/08/07	GFOC GOTO 0.500000	
09:51:10.675 2023/08/07	WPROT SIMULATED READY 0.000 WP1 1, WPSEL SIMULATED READY 160.000 L/2 3, CALW SIMULATED READY 216.000 SHUTTER 4, ASEL SIMULATED READY 28.800 ON 2, GMIR SIMULATED TIMEOUT 120.000 TARGET 1, GFOC SIMULATED BUSY 1.200 TARGET 1
	
09:51:34.357 2023/08/07	GFOC GOTO 0.510000	
09:51:34.362 2023/08/07	WPROT SIMULATED READY 0.000 WP1 1, WPSEL SIMULATED READY 160.000 L/2 3, CALW SIMULATED READY 216.000 SHUTTER 4, ASEL SIMULATED READY 28.800 ON 2, GMIR SIMULATED TIMEOUT 120.000 TARGET 1, GFOC SIMULATED BUSY 0.500 TARGET 1
	
09:51:39.442 2023/08/07	GFOC GOTO 0.520000	
09:51:39.457 2023/08/07	WPROT SIMULATED READY 0.000 WP1 1, WPSEL SIMULATED READY 160.000 L/2 3, CALW SIMULATED READY 216.000 SHUTTER 4, ASEL SIMULATED READY 28.800 ON 2, GMIR SIMULATED TIMEOUT 120.000 TARGET 1, GFOC SIMULATED BUSY 0.510 TARGET 1
	
09:51:42.909 2023/08/07	GFOC GOTO 0.530000	
09:51:42.918 2023/08/07	WPROT SIMULATED READY 0.000 WP1 1, WPSEL SIMULATED READY 160.000 L/2 3, CALW SIMULATED READY 216.000 SHUTTER 4, ASEL SIMULATED READY 28.800 ON 2, GMIR SIMULATED TIMEOUT 120.000 TARGET 1, GFOC SIMULATED BUSY 0.520 TARGET 1
	
09:51:46.107 2023/08/07	GFOC GOTO 0.540000	
09:51:46.114 2023/08/07	WPROT SIMULATED READY 0.000 WP1 1, WPSEL SIMULATED READY 160.000 L/2 3, CALW SIMULATED READY 216.000 SHUTTER 4, ASEL SIMULATED READY 28.800 ON 2, GMIR SIMULATED TIMEOUT 120.000 TARGET 1, GFOC SIMULATED BUSY 0.530 TARGET 1
	
09:51:48.716 2023/08/07	GFOC GOTO 0.550000	
09:51:48.724 2023/08/07	WPROT SIMULATED READY 0.000 WP1 1, WPSEL SIMULATED READY 160.000 L/2 3, CALW SIMULATED READY 216.000 SHUTTER 4, ASEL SIMULATED READY 28.800 ON 2, GMIR SIMULATED TIMEOUT 120.000 TARGET 1, GFOC SIMULATED BUSY 0.540 TARGET 1
	
09:51:58.385 2023/08/07	GMIR GOTO 125.000000	
09:51:58.394 2023/08/07	WPROT SIMULATED READY 0.000 WP1 1, WPSEL SIMULATED READY 160.000 L/2 3, CALW SIMULATED READY 216.000 SHUTTER 4, ASEL SIMULATED READY 28.800 ON 2, GMIR SIMULATED BUSY 120.000 TARGET 1, GFOC SIMULATED READY 0.550 TARGET 1
	
09:51:59.733 2023/08/07	GMIR GOTO 130.000000	
09:51:59.741 2023/08/07	WPROT SIMULATED READY 0.000 WP1 1, WPSEL SIMULATED READY 160.000 L/2 3, CALW SIMULATED READY 216.000 SHUTTER 4, ASEL SIMULATED READY 28.800 ON 2, GMIR SIMULATED BUSY 125.000 TARGET 1, GFOC SIMULATED READY 0.550 TARGET 1
	
09:52:01.164 2023/08/07	GMIR GOTO 135.000000	
09:52:01.173 2023/08/07	WPROT SIMULATED READY 0.000 WP1 1, WPSEL SIMULATED READY 160.000 L/2 3, CALW SIMULATED READY 216.000 SHUTTER 4, ASEL SIMULATED READY 28.800 ON 2, GMIR SIMULATED BUSY 130.000 TARGET 1, GFOC SIMULATED READY 0.550 TARGET 1
	
09:52:02.064 2023/08/07	GMIR STOP NONE	
09:52:02.067 2023/08/07	WPROT SIMULATED READY 0.000 WP1 1, WPSEL SIMULATED READY 160.000 L/2 3, CALW SIMULATED READY 216.000 SHUTTER 4, ASEL SIMULATED READY 28.800 ON 2, GMIR SIMULATED BUSY 133.500 NONE -1, GFOC SIMULATED READY 0.550 TARGET 1
	
09:52:07.730 2023/08/07	GMIR STOP NONE	
09:52:07.737 2023/08/07	WPROT SIMULATED READY 0.000 WP1 1, WPSEL SIMULATED READY 160.000 L/2 3, CALW SIMULATED READY 216.000 SHUTTER 4, ASEL SIMULATED READY 28.800 ON 2, GMIR SIMULATED BUSY 133.749 NONE -1, GFOC SIMULATED READY 0.550 TARGET 1
	
09:52:07.802 2023/08/07	ActiveGoto GMIR: TIMEOUT	
09:52:12.055 2023/08/07	GMIR STOP NONE	
09:52:12.066 2023/08/07	WPROT SIMULATED READY 0.000 WP1 1, WPSEL SIMULATED READY 160.000 L/2 3, CALW SIMULATED READY 216.000 SHUTTER 4, ASEL SIMULATED READY 28.800 ON 2, GMIR SIMULATED BUSY 133.749 NONE -1, GFOC SIMULATED READY 0.550 TARGET 1
	
09:52:12.152 2023/08/07	ActiveGoto GMIR: TIMEOUT	
09:52:18.183 2023/08/07	GMIR GOTO 143.749000	
09:52:18.197 2023/08/07	WPROT SIMULATED READY 0.000 WP1 1, WPSEL SIMULATED READY 160.000 L/2 3, CALW SIMULATED READY 216.000 SHUTTER 4, ASEL SIMULATED READY 28.800 ON 2, GMIR SIMULATED BUSY 133.749 NONE -1, GFOC SIMULATED READY 0.550 TARGET 1
	
09:52:19.857 2023/08/07	GMIR GOTO 153.749000	
09:52:19.866 2023/08/07	WPROT SIMULATED READY 0.000 WP1 1, WPSEL SIMULATED READY 160.000 L/2 3, CALW SIMULATED READY 216.000 SHUTTER 4, ASEL SIMULATED READY 28.800 ON 2, GMIR SIMULATED BUSY 143.749 TARGET 1, GFOC SIMULATED READY 0.550 TARGET 1
	
09:52:21.384 2023/08/07	GMIR GOTO 163.749000	
09:52:21.393 2023/08/07	WPROT SIMULATED READY 0.000 WP1 1, WPSEL SIMULATED READY 160.000 L/2 3, CALW SIMULATED READY 216.000 SHUTTER 4, ASEL SIMULATED READY 28.800 ON 2, GMIR SIMULATED BUSY 153.749 TARGET 1, GFOC SIMULATED READY 0.550 TARGET 1
	
09:52:22.966 2023/08/07	GMIR GOTO 173.749000	
09:52:22.979 2023/08/07	WPROT SIMULATED READY 0.000 WP1 1, WPSEL SIMULATED READY 160.000 L/2 3, CALW SIMULATED READY 216.000 SHUTTER 4, ASEL SIMULATED READY 28.800 ON 2, GMIR SIMULATED BUSY 163.749 TARGET 1, GFOC SIMULATED READY 0.550 TARGET 1
	
09:52:23.032 2023/08/07	GMIR STOP NONE	
09:52:23.035 2023/08/07	WPROT SIMULATED READY 0.000 WP1 1, WPSEL SIMULATED READY 160.000 L/2 3, CALW SIMULATED READY 216.000 SHUTTER 4, ASEL SIMULATED READY 28.800 ON 2, GMIR SIMULATED BUSY 163.749 NONE -1, GFOC SIMULATED READY 0.550 TARGET 1
	
09:52:26.136 2023/08/07	GMIR STOP NONE	
09:52:26.139 2023/08/07	WPROT SIMULATED READY 0.000 WP1 1, WPSEL SIMULATED READY 160.000 L/2 3, CALW SIMULATED READY 216.000 SHUTTER 4, ASEL SIMULATED READY 28.800 ON 2, GMIR SIMULATED BUSY 164.345 NONE -1, GFOC SIMULATED READY 0.550 TARGET 1
	
09:52:26.207 2023/08/07	ActiveGoto GMIR: TIMEOUT	
09:52:56.980 2023/08/07	GMIR STOP NONE	
09:52:56.988 2023/08/07	WPROT SIMULATED READY 0.000 WP1 1, WPSEL SIMULATED READY 160.000 L/2 3, CALW SIMULATED READY 216.000 SHUTTER 4, ASEL SIMULATED READY 28.800 ON 2, GMIR SIMULATED BUSY 164.345 NONE -1, GFOC SIMULATED READY 0.550 TARGET 1
	
09:52:57.043 2023/08/07	ActiveGoto GMIR: TIMEOUT	
09:53:00.809 2023/08/07	GMIR GOTO 174.345000	
09:53:00.817 2023/08/07	WPROT SIMULATED READY 0.000 WP1 1, WPSEL SIMULATED READY 160.000 L/2 3, CALW SIMULATED READY 216.000 SHUTTER 4, ASEL SIMULATED READY 28.800 ON 2, GMIR SIMULATED BUSY 164.345 NONE -1, GFOC SIMULATED READY 0.550 TARGET 1
	
09:53:02.281 2023/08/07	GMIR GOTO 184.345000	
09:53:02.291 2023/08/07	WPROT SIMULATED READY 0.000 WP1 1, WPSEL SIMULATED READY 160.000 L/2 3, CALW SIMULATED READY 216.000 SHUTTER 4, ASEL SIMULATED READY 28.800 ON 2, GMIR SIMULATED BUSY 174.345 TARGET 1, GFOC SIMULATED READY 0.550 TARGET 1
	
09:53:03.893 2023/08/07	GMIR GOTO 194.345000	
09:53:03.903 2023/08/07	WPROT SIMULATED READY 0.000 WP1 1, WPSEL SIMULATED READY 160.000 L/2 3, CALW SIMULATED READY 216.000 SHUTTER 4, ASEL SIMULATED READY 28.800 ON 2, GMIR SIMULATED BUSY 184.345 TARGET 1, GFOC SIMULATED READY 0.550 TARGET 1
	
09:53:04.881 2023/08/07	GMIR STOP NONE	
09:53:04.887 2023/08/07	WPROT SIMULATED READY 0.000 WP1 1, WPSEL SIMULATED READY 160.000 L/2 3, CALW SIMULATED READY 216.000 SHUTTER 4, ASEL SIMULATED READY 28.800 ON 2, GMIR SIMULATED BUSY 190.609 NONE -1, GFOC SIMULATED READY 0.550 TARGET 1
	
09:53:05.236 2023/08/07	GMIR STOP NONE	
09:53:05.244 2023/08/07	WPROT SIMULATED READY 0.000 WP1 1, WPSEL SIMULATED READY 160.000 L/2 3, CALW SIMULATED READY 216.000 SHUTTER 4, ASEL SIMULATED READY 28.800 ON 2, GMIR SIMULATED BUSY 190.984 NONE -1, GFOC SIMULATED READY 0.550 TARGET 1
	
09:53:05.288 2023/08/07	ActiveGoto GMIR: TIMEOUT	
09:53:09.658 2023/08/07	GMIR STOP NONE	
09:53:09.693 2023/08/07	WPROT SIMULATED READY 0.000 WP1 1, WPSEL SIMULATED READY 160.000 L/2 3, CALW SIMULATED READY 216.000 SHUTTER 4, ASEL SIMULATED READY 28.800 ON 2, GMIR SIMULATED BUSY 190.984 NONE -1, GFOC SIMULATED READY 0.550 TARGET 1
	
09:53:09.760 2023/08/07	ActiveGoto GMIR: TIMEOUT	
09:53:13.685 2023/08/07	GMIR STOP NONE	
09:53:13.689 2023/08/07	WPROT SIMULATED READY 0.000 WP1 1, WPSEL SIMULATED READY 160.000 L/2 3, CALW SIMULATED READY 216.000 SHUTTER 4, ASEL SIMULATED READY 28.800 ON 2, GMIR SIMULATED BUSY 190.984 NONE -1, GFOC SIMULATED READY 0.550 TARGET 1
	
09:53:13.766 2023/08/07	ActiveGoto GMIR: TIMEOUT	
09:53:17.949 2023/08/07	GMIR STOP NONE	
09:53:17.956 2023/08/07	WPROT SIMULATED READY 0.000 WP1 1, WPSEL SIMULATED READY 160.000 L/2 3, CALW SIMULATED READY 216.000 SHUTTER 4, ASEL SIMULATED READY 28.800 ON 2, GMIR SIMULATED BUSY 190.984 NONE -1, GFOC SIMULATED READY 0.550 TARGET 1
	
09:53:18.019 2023/08/07	ActiveGoto GMIR: TIMEOUT	
09:53:18.214 2023/08/07	GMIR STOP NONE	
09:53:18.221 2023/08/07	WPROT SIMULATED READY 0.000 WP1 1, WPSEL SIMULATED READY 160.000 L/2 3, CALW SIMULATED READY 216.000 SHUTTER 4, ASEL SIMULATED READY 28.800 ON 2, GMIR SIMULATED BUSY 190.984 NONE -1, GFOC SIMULATED READY 0.550 TARGET 1
	
09:53:18.275 2023/08/07	ActiveGoto GMIR: TIMEOUT	
15:29:54.909 2023/08/07	GMIR GOTO 191.984000	
15:29:54.916 2023/08/07	WPROT SIMULATED READY 0.000 WP1 1, WPSEL SIMULATED READY 160.000 L/2 3, CALW SIMULATED READY 216.000 SHUTTER 4, ASEL SIMULATED READY 28.800 ON 2, GMIR SIMULATED BUSY 190.984 NONE -1, GFOC SIMULATED READY 0.550 TARGET 1
	
15:29:56.147 2023/08/07	GMIR GOTO 192.984000	
15:29:56.157 2023/08/07	WPROT SIMULATED READY 0.000 WP1 1, WPSEL SIMULATED READY 160.000 L/2 3, CALW SIMULATED READY 216.000 SHUTTER 4, ASEL SIMULATED READY 28.800 ON 2, GMIR SIMULATED BUSY 191.984 TARGET 1, GFOC SIMULATED READY 0.550 TARGET 1
	
15:29:57.435 2023/08/07	GMIR GOTO 193.984000	
15:29:57.444 2023/08/07	WPROT SIMULATED READY 0.000 WP1 1, WPSEL SIMULATED READY 160.000 L/2 3, CALW SIMULATED READY 216.000 SHUTTER 4, ASEL SIMULATED READY 28.800 ON 2, GMIR SIMULATED BUSY 192.984 TARGET 1, GFOC SIMULATED READY 0.550 TARGET 1
	
15:29:58.776 2023/08/07	GMIR GOTO 194.984000	
15:29:58.779 2023/08/07	WPROT SIMULATED READY 0.000 WP1 1, WPSEL SIMULATED READY 160.000 L/2 3, CALW SIMULATED READY 216.000 SHUTTER 4, ASEL SIMULATED READY 28.800 ON 2, GMIR SIMULATED BUSY 193.984 TARGET 1, GFOC SIMULATED READY 0.550 TARGET 1
	
15:30:00.064 2023/08/07	GMIR GOTO 195.984000	
15:30:00.074 2023/08/07	WPROT SIMULATED READY 0.000 WP1 1, WPSEL SIMULATED READY 160.000 L/2 3, CALW SIMULATED READY 216.000 SHUTTER 4, ASEL SIMULATED READY 28.800 ON 2, GMIR SIMULATED BUSY 194.984 TARGET 1, GFOC SIMULATED READY 0.550 TARGET 1
	
15:30:01.080 2023/08/07	GMIR STOP NONE	
15:30:01.088 2023/08/07	WPROT SIMULATED READY 0.000 WP1 1, WPSEL SIMULATED READY 160.000 L/2 3, CALW SIMULATED READY 216.000 SHUTTER 4, ASEL SIMULATED READY 28.800 ON 2, GMIR SIMULATED BUSY 195.921 NONE -1, GFOC SIMULATED READY 0.550 TARGET 1
	
15:30:02.364 2023/08/07	GMIR STOP NONE	
15:30:02.371 2023/08/07	WPROT SIMULATED READY 0.000 WP1 1, WPSEL SIMULATED READY 160.000 L/2 3, CALW SIMULATED READY 216.000 SHUTTER 4, ASEL SIMULATED READY 28.800 ON 2, GMIR SIMULATED BUSY 195.971 NONE -1, GFOC SIMULATED READY 0.550 TARGET 1
	
15:30:02.424 2023/08/07	ActiveGoto GMIR: TIMEOUT	
15:30:06.619 2023/08/07	GMIR STOP NONE	
15:30:06.627 2023/08/07	WPROT SIMULATED READY 0.000 WP1 1, WPSEL SIMULATED READY 160.000 L/2 3, CALW SIMULATED READY 216.000 SHUTTER 4, ASEL SIMULATED READY 28.800 ON 2, GMIR SIMULATED BUSY 195.971 NONE -1, GFOC SIMULATED READY 0.550 TARGET 1
	
15:30:06.681 2023/08/07	ActiveGoto GMIR: TIMEOUT	
15:30:12.318 2023/08/07	GMIR STOP NONE	
15:30:12.324 2023/08/07	WPROT SIMULATED READY 0.000 WP1 1, WPSEL SIMULATED READY 160.000 L/2 3, CALW SIMULATED READY 216.000 SHUTTER 4, ASEL SIMULATED READY 28.800 ON 2, GMIR SIMULATED BUSY 195.971 NONE -1, GFOC SIMULATED READY 0.550 TARGET 1
	
15:30:12.387 2023/08/07	ActiveGoto GMIR: TIMEOUT	
15:30:24.337 2023/08/07	GMIR STOP NONE	
15:30:24.344 2023/08/07	WPROT SIMULATED READY 0.000 WP1 1, WPSEL SIMULATED READY 160.000 L/2 3, CALW SIMULATED READY 216.000 SHUTTER 4, ASEL SIMULATED READY 28.800 ON 2, GMIR SIMULATED BUSY 195.971 NONE -1, GFOC SIMULATED READY 0.550 TARGET 1
	
15:30:24.399 2023/08/07	ActiveGoto GMIR: TIMEOUT	
15:30:30.993 2023/08/07	GMIR GOTO 0.000000	
15:30:30.996 2023/08/07	WPROT SIMULATED READY 0.000 WP1 1, WPSEL SIMULATED READY 160.000 L/2 3, CALW SIMULATED READY 216.000 SHUTTER 4, ASEL SIMULATED READY 28.800 ON 2, GMIR SIMULATED BUSY 195.971 NONE -1, GFOC SIMULATED READY 0.550 TARGET 1
	
15:30:43.045 2023/08/07	GMIR STOP NONE	
15:30:43.077 2023/08/07	WPROT SIMULATED READY 0.000 WP1 1, WPSEL SIMULATED READY 160.000 L/2 3, CALW SIMULATED READY 216.000 SHUTTER 4, ASEL SIMULATED READY 28.800 ON 2, GMIR SIMULATED BUSY 0.000 TARGET 1, GFOC SIMULATED READY 0.550 TARGET 1
	
15:30:43.165 2023/08/07	ActiveGoto GMIR: TIMEOUT	
15:30:54.037 2023/08/07	GMIR GOTO 0.000000	
15:30:54.044 2023/08/07	WPROT SIMULATED READY 0.000 WP1 1, WPSEL SIMULATED READY 160.000 L/2 3, CALW SIMULATED READY 216.000 SHUTTER 4, ASEL SIMULATED READY 28.800 ON 2, GMIR SIMULATED BUSY 0.000 TARGET 1, GFOC SIMULATED READY 0.550 TARGET 1
	
15:30:58.045 2023/08/07	GMIR STOP NONE	
15:30:58.051 2023/08/07	WPROT SIMULATED READY 0.000 WP1 1, WPSEL SIMULATED READY 160.000 L/2 3, CALW SIMULATED READY 216.000 SHUTTER 4, ASEL SIMULATED READY 28.800 ON 2, GMIR SIMULATED BUSY 0.000 TARGET 1, GFOC SIMULATED READY 0.550 TARGET 1
	
15:30:58.096 2023/08/07	ActiveGoto GMIR: TIMEOUT	
15:31:01.292 2023/08/07	GMIR GOTO 0.000000	
15:31:01.299 2023/08/07	WPROT SIMULATED READY 0.000 WP1 1, WPSEL SIMULATED READY 160.000 L/2 3, CALW SIMULATED READY 216.000 SHUTTER 4, ASEL SIMULATED READY 28.800 ON 2, GMIR SIMULATED BUSY 0.000 TARGET 1, GFOC SIMULATED READY 0.550 TARGET 1
	
