12:01:05.671 AM 6/8/2023	CMD: WPROT ACTIVE BUSY 0.000 WP1 1, WPSEL ACTIVE READY 160.000 L/2 3, CALW ACTIVE READY 0.000 OFF 1, ASEL ACTIVE READY 28.776 ON 2, GMIR ACTIVE READY 109.998 TARGET 1, GFOC ACTIVE READY 7.500 TARGET 1

STATUS: WPROT GOTO WP2

12:01:07.436 AM 6/8/2023	<Active Finish> TX: V46	RX: 0	TX: EX	RX: -1874	
12:03:40.741 AM 6/8/2023	CMD: WPROT ACTIVE BUSY 22.488 WP2 2, WPSEL ACTIVE READY 160.000 L/2 3, CALW ACTIVE READY 0.000 OFF 1, ASEL ACTIVE READY 28.776 ON 2, GMIR ACTIVE READY 109.998 TARGET 1, GFOC ACTIVE READY 7.500 TARGET 1

STATUS: WPROT GOTO WP3

12:03:42.077 AM 6/8/2023	<Active Finish> TX: V46	RX: 0	TX: EX	RX: -3749	
12:06:15.946 AM 6/8/2023	CMD: WPROT ACTIVE BUSY 44.988 WP3 3, WPSEL ACTIVE READY 160.000 L/2 3, CALW ACTIVE READY 0.000 OFF 1, ASEL ACTIVE READY 28.776 ON 2, GMIR ACTIVE READY 109.998 TARGET 1, GFOC ACTIVE READY 7.500 TARGET 1

STATUS: WPROT GOTO WP4

12:06:17.367 AM 6/8/2023	<Active Finish> TX: V46	RX: 0	TX: EX	RX: -5624	
12:08:50.833 AM 6/8/2023	CMD: WPROT ACTIVE BUSY 67.488 WP4 4, WPSEL ACTIVE READY 160.000 L/2 3, CALW ACTIVE READY 0.000 OFF 1, ASEL ACTIVE READY 28.776 ON 2, GMIR ACTIVE READY 109.998 TARGET 1, GFOC ACTIVE READY 7.500 TARGET 1

STATUS: WPROT GOTO WP5

12:08:52.599 AM 6/8/2023	<Active Finish> TX: V46	RX: 0	TX: EX	RX: -7500	
12:11:26.976 AM 6/8/2023	CMD: WPROT ACTIVE BUSY 90.000 WP5 5, WPSEL ACTIVE READY 160.000 L/2 3, CALW ACTIVE READY 0.000 OFF 1, ASEL ACTIVE READY 28.776 ON 2, GMIR ACTIVE READY 109.998 TARGET 1, GFOC ACTIVE READY 7.500 TARGET 1

STATUS: WPROT GOTO WP6

12:11:28.769 AM 6/8/2023	<Active Finish> TX: V46	RX: 0	TX: EX	RX: -9374	
12:14:01.841 AM 6/8/2023	CMD: WPROT ACTIVE BUSY 112.488 WP6 6, WPSEL ACTIVE READY 160.000 L/2 3, CALW ACTIVE READY 0.000 OFF 1, ASEL ACTIVE READY 28.776 ON 2, GMIR ACTIVE READY 109.998 TARGET 1, GFOC ACTIVE READY 7.500 TARGET 1

STATUS: WPROT GOTO WP7

12:14:03.607 AM 6/8/2023	<Active Finish> TX: V46	RX: 0	TX: EX	RX: -11250	
12:16:37.872 AM 6/8/2023	CMD: WPROT ACTIVE BUSY 135.000 WP7 7, WPSEL ACTIVE READY 160.000 L/2 3, CALW ACTIVE READY 0.000 OFF 1, ASEL ACTIVE READY 28.776 ON 2, GMIR ACTIVE READY 109.998 TARGET 1, GFOC ACTIVE READY 7.500 TARGET 1

STATUS: WPROT GOTO WP8

12:16:39.548 AM 6/8/2023	<Active Finish> TX: V46	RX: 0	TX: EX	RX: -13124	
12:24:31.277 AM 6/8/2023	CMD: WPROT ACTIVE READY 157.488 WP8 8, WPSEL ACTIVE READY 160.000 L/2 3, CALW ACTIVE READY 0.000 OFF 1, ASEL ACTIVE READY 28.776 ON 2, GMIR ACTIVE BUSY 109.998 TARGET 1, GFOC ACTIVE READY 7.500 TARGET 1

STATUS: GMIR GOTO 355.000000

12:24:32.171 AM 6/8/2023	<Active Goto> TX: V20=59166.667	RX: OK	TX: V21=16	RX: OK	TX: GS29	RX: OK	
12:24:36.890 AM 6/8/2023	<Active Finish> TX: V46	RX: 0	TX: EX	RX: 59164	
12:26:48.262 AM 6/8/2023	CMD: WPROT ACTIVE BUSY 157.488 WP8 8, WPSEL ACTIVE READY 160.000 L/2 3, CALW ACTIVE READY 0.000 OFF 1, ASEL ACTIVE READY 28.776 ON 2, GMIR ACTIVE READY 354.984 TARGET 1, GFOC ACTIVE READY 7.500 TARGET 1

STATUS: WPROT GOTO WP1

12:26:51.104 AM 6/8/2023	<Active Finish> TX: V46	RX: 0	TX: EX	RX: 0	
12:30:24.494 AM 6/8/2023	CMD: WPROT ACTIVE BUSY 0.000 WP1 1, WPSEL ACTIVE READY 160.000 L/2 3, CALW ACTIVE READY 0.000 OFF 1, ASEL ACTIVE READY 28.776 ON 2, GMIR ACTIVE READY 354.984 TARGET 1, GFOC ACTIVE READY 7.500 TARGET 1

STATUS: WPROT GOTO WP1

12:30:25.834 AM 6/8/2023	<Active Finish> TX: V46	RX: 0	TX: EX	RX: 0	
12:31:28.672 AM 6/8/2023	CMD: WPROT ACTIVE BUSY 0.000 WP1 1, WPSEL ACTIVE READY 160.000 L/2 3, CALW ACTIVE READY 0.000 OFF 1, ASEL ACTIVE READY 28.776 ON 2, GMIR ACTIVE READY 354.984 TARGET 1, GFOC ACTIVE READY 7.500 TARGET 1

STATUS: WPROT GOTO WP2

12:31:30.084 AM 6/8/2023	<Active Finish> TX: V46	RX: 0	TX: EX	RX: -1874	
12:32:33.732 AM 6/8/2023	CMD: WPROT ACTIVE BUSY 22.488 WP2 2, WPSEL ACTIVE READY 160.000 L/2 3, CALW ACTIVE READY 0.000 OFF 1, ASEL ACTIVE READY 28.776 ON 2, GMIR ACTIVE READY 354.984 TARGET 1, GFOC ACTIVE READY 7.500 TARGET 1

STATUS: WPROT GOTO WP3

12:32:35.513 AM 6/8/2023	<Active Finish> TX: V46	RX: 0	TX: EX	RX: -3749	
12:33:38.668 AM 6/8/2023	CMD: WPROT ACTIVE BUSY 44.988 WP3 3, WPSEL ACTIVE READY 160.000 L/2 3, CALW ACTIVE READY 0.000 OFF 1, ASEL ACTIVE READY 28.776 ON 2, GMIR ACTIVE READY 354.984 TARGET 1, GFOC ACTIVE READY 7.500 TARGET 1

STATUS: WPROT GOTO WP4

12:33:40.341 AM 6/8/2023	<Active Finish> TX: V46	RX: 0	TX: EX	RX: -5624	
12:34:43.838 AM 6/8/2023	CMD: WPROT ACTIVE BUSY 67.488 WP4 4, WPSEL ACTIVE READY 160.000 L/2 3, CALW ACTIVE READY 0.000 OFF 1, ASEL ACTIVE READY 28.776 ON 2, GMIR ACTIVE READY 354.984 TARGET 1, GFOC ACTIVE READY 7.500 TARGET 1

STATUS: WPROT GOTO WP5

12:34:45.165 AM 6/8/2023	<Active Finish> TX: V46	RX: 0	TX: EX	RX: -7500	
12:35:48.832 AM 6/8/2023	CMD: WPROT ACTIVE BUSY 90.000 WP5 5, WPSEL ACTIVE READY 160.000 L/2 3, CALW ACTIVE READY 0.000 OFF 1, ASEL ACTIVE READY 28.776 ON 2, GMIR ACTIVE READY 354.984 TARGET 1, GFOC ACTIVE READY 7.500 TARGET 1

STATUS: WPROT GOTO WP6

12:35:50.609 AM 6/8/2023	<Active Finish> TX: V46	RX: 0	TX: EX	RX: -9374	
12:36:54.138 AM 6/8/2023	CMD: WPROT ACTIVE BUSY 112.488 WP6 6, WPSEL ACTIVE READY 160.000 L/2 3, CALW ACTIVE READY 0.000 OFF 1, ASEL ACTIVE READY 28.776 ON 2, GMIR ACTIVE READY 354.984 TARGET 1, GFOC ACTIVE READY 7.500 TARGET 1

STATUS: WPROT GOTO WP7

12:36:55.925 AM 6/8/2023	<Active Finish> TX: V46	RX: 0	TX: EX	RX: -11250	
12:37:59.320 AM 6/8/2023	CMD: WPROT ACTIVE BUSY 135.000 WP7 7, WPSEL ACTIVE READY 160.000 L/2 3, CALW ACTIVE READY 0.000 OFF 1, ASEL ACTIVE READY 28.776 ON 2, GMIR ACTIVE READY 354.984 TARGET 1, GFOC ACTIVE READY 7.500 TARGET 1

STATUS: WPROT GOTO WP8

12:38:01.045 AM 6/8/2023	<Active Finish> TX: V46	RX: 0	TX: EX	RX: -13124	
12:40:11.102 AM 6/8/2023	CMD: WPROT ACTIVE BUSY 157.488 WP8 8, WPSEL ACTIVE READY 160.000 L/2 3, CALW ACTIVE READY 0.000 OFF 1, ASEL ACTIVE READY 28.776 ON 2, GMIR ACTIVE READY 354.984 TARGET 1, GFOC ACTIVE READY 7.500 TARGET 1

STATUS: WPROT GOTO WP1

12:40:13.345 AM 6/8/2023	<Active Finish> TX: V46	RX: 0	TX: EX	RX: 0	
12:44:25.836 AM 6/8/2023	CMD: WPROT ACTIVE BUSY 0.000 WP1 1, WPSEL ACTIVE READY 160.000 L/2 3, CALW ACTIVE READY 0.000 OFF 1, ASEL ACTIVE READY 28.776 ON 2, GMIR ACTIVE READY 354.984 TARGET 1, GFOC ACTIVE READY 7.500 TARGET 1

STATUS: WPROT GOTO WP2

12:44:27.655 AM 6/8/2023	<Active Finish> TX: V46	RX: 0	TX: EX	RX: -1874	
12:48:40.945 AM 6/8/2023	CMD: WPROT ACTIVE BUSY 22.488 WP2 2, WPSEL ACTIVE READY 160.000 L/2 3, CALW ACTIVE READY 0.000 OFF 1, ASEL ACTIVE READY 28.776 ON 2, GMIR ACTIVE READY 354.984 TARGET 1, GFOC ACTIVE READY 7.500 TARGET 1

STATUS: WPROT GOTO WP3

12:48:42.289 AM 6/8/2023	<Active Finish> TX: V46	RX: 0	TX: EX	RX: -3749	
12:52:56.143 AM 6/8/2023	CMD: WPROT ACTIVE BUSY 44.988 WP3 3, WPSEL ACTIVE READY 160.000 L/2 3, CALW ACTIVE READY 0.000 OFF 1, ASEL ACTIVE READY 28.776 ON 2, GMIR ACTIVE READY 354.984 TARGET 1, GFOC ACTIVE READY 7.500 TARGET 1

STATUS: WPROT GOTO WP4

12:52:57.931 AM 6/8/2023	<Active Finish> TX: V46	RX: 0	TX: EX	RX: -5624	
12:57:12.458 AM 6/8/2023	CMD: WPROT ACTIVE BUSY 67.488 WP4 4, WPSEL ACTIVE READY 160.000 L/2 3, CALW ACTIVE READY 0.000 OFF 1, ASEL ACTIVE READY 28.776 ON 2, GMIR ACTIVE READY 354.984 TARGET 1, GFOC ACTIVE READY 7.500 TARGET 1

STATUS: WPROT GOTO WP5

12:57:13.795 AM 6/8/2023	<Active Finish> TX: V46	RX: 0	TX: EX	RX: -7500	
1:01:28.403 AM 6/8/2023	CMD: WPROT ACTIVE BUSY 90.000 WP5 5, WPSEL ACTIVE READY 160.000 L/2 3, CALW ACTIVE READY 0.000 OFF 1, ASEL ACTIVE READY 28.776 ON 2, GMIR ACTIVE READY 354.984 TARGET 1, GFOC ACTIVE READY 7.500 TARGET 1

STATUS: WPROT GOTO WP6

1:01:29.760 AM 6/8/2023	<Active Finish> TX: V46	RX: 0	TX: EX	RX: -9374	
1:05:44.755 AM 6/8/2023	CMD: WPROT ACTIVE BUSY 112.488 WP6 6, WPSEL ACTIVE READY 160.000 L/2 3, CALW ACTIVE READY 0.000 OFF 1, ASEL ACTIVE READY 28.776 ON 2, GMIR ACTIVE READY 354.984 TARGET 1, GFOC ACTIVE READY 7.500 TARGET 1

STATUS: WPROT GOTO WP7

1:05:46.204 AM 6/8/2023	<Active Finish> TX: V46	RX: 0	TX: EX	RX: -11250	
1:09:59.421 AM 6/8/2023	CMD: WPROT ACTIVE BUSY 135.000 WP7 7, WPSEL ACTIVE READY 160.000 L/2 3, CALW ACTIVE READY 0.000 OFF 1, ASEL ACTIVE READY 28.776 ON 2, GMIR ACTIVE READY 354.984 TARGET 1, GFOC ACTIVE READY 7.500 TARGET 1

STATUS: WPROT GOTO WP8

1:10:00.766 AM 6/8/2023	<Active Finish> TX: V46	RX: 0	TX: EX	RX: -13125	
1:17:53.137 AM 6/8/2023	CMD: WPROT ACTIVE READY 157.500 WP8 8, WPSEL ACTIVE READY 160.000 L/2 3, CALW ACTIVE READY 0.000 OFF 1, ASEL ACTIVE READY 28.776 ON 2, GMIR ACTIVE BUSY 354.984 TARGET 1, GFOC ACTIVE READY 7.500 TARGET 1

STATUS: GMIR GOTO 310.000000

1:17:53.938 AM 6/8/2023	<Active Goto> TX: V20=51666.667	RX: OK	TX: V21=16	RX: OK	TX: GS29	RX: OK	
1:17:59.394 AM 6/8/2023	<Active Finish> TX: V46	RX: 0	TX: EX	RX: 51665	
1:19:00.522 AM 6/8/2023	CMD: WPROT ACTIVE BUSY 157.500 WP8 8, WPSEL ACTIVE READY 160.000 L/2 3, CALW ACTIVE READY 0.000 OFF 1, ASEL ACTIVE READY 28.776 ON 2, GMIR ACTIVE READY 309.990 TARGET 1, GFOC ACTIVE READY 7.500 TARGET 1

STATUS: WPROT GOTO WP1

1:19:02.825 AM 6/8/2023	<Active Finish> TX: V46	RX: 0	TX: EX	RX: 0	
1:22:53.405 AM 6/8/2023	CMD: WPROT ACTIVE BUSY 0.000 WP1 1, WPSEL ACTIVE READY 160.000 L/2 3, CALW ACTIVE READY 0.000 OFF 1, ASEL ACTIVE READY 28.776 ON 2, GMIR ACTIVE READY 309.990 TARGET 1, GFOC ACTIVE READY 7.500 TARGET 1

STATUS: WPROT GOTO WP1

1:22:54.735 AM 6/8/2023	<Active Finish> TX: V46	RX: 0	TX: EX	RX: 0	
1:23:18.034 AM 6/8/2023	CMD: WPROT ACTIVE BUSY 0.000 WP1 1, WPSEL ACTIVE READY 160.000 L/2 3, CALW ACTIVE READY 0.000 OFF 1, ASEL ACTIVE READY 28.776 ON 2, GMIR ACTIVE READY 309.990 TARGET 1, GFOC ACTIVE READY 7.500 TARGET 1

STATUS: WPROT GOTO WP2

1:23:19.811 AM 6/8/2023	<Active Finish> TX: V46	RX: 0	TX: EX	RX: -1874	
1:23:42.783 AM 6/8/2023	CMD: WPROT ACTIVE BUSY 22.488 WP2 2, WPSEL ACTIVE READY 160.000 L/2 3, CALW ACTIVE READY 0.000 OFF 1, ASEL ACTIVE READY 28.776 ON 2, GMIR ACTIVE READY 309.990 TARGET 1, GFOC ACTIVE READY 7.500 TARGET 1

STATUS: WPROT GOTO WP3

1:23:44.592 AM 6/8/2023	<Active Finish> TX: V46	RX: 0	TX: EX	RX: -3749	
1:24:07.848 AM 6/8/2023	CMD: WPROT ACTIVE BUSY 44.988 WP3 3, WPSEL ACTIVE READY 160.000 L/2 3, CALW ACTIVE READY 0.000 OFF 1, ASEL ACTIVE READY 28.776 ON 2, GMIR ACTIVE READY 309.990 TARGET 1, GFOC ACTIVE READY 7.500 TARGET 1

STATUS: WPROT GOTO WP4

1:24:09.178 AM 6/8/2023	<Active Finish> TX: V46	RX: 0	TX: EX	RX: -5624	
1:24:32.474 AM 6/8/2023	CMD: WPROT ACTIVE BUSY 67.488 WP4 4, WPSEL ACTIVE READY 160.000 L/2 3, CALW ACTIVE READY 0.000 OFF 1, ASEL ACTIVE READY 28.776 ON 2, GMIR ACTIVE READY 309.990 TARGET 1, GFOC ACTIVE READY 7.500 TARGET 1

STATUS: WPROT GOTO WP5

1:24:33.812 AM 6/8/2023	<Active Finish> TX: V46	RX: 0	TX: EX	RX: -7500	
1:24:56.762 AM 6/8/2023	CMD: WPROT ACTIVE BUSY 90.000 WP5 5, WPSEL ACTIVE READY 160.000 L/2 3, CALW ACTIVE READY 0.000 OFF 1, ASEL ACTIVE READY 28.776 ON 2, GMIR ACTIVE READY 309.990 TARGET 1, GFOC ACTIVE READY 7.500 TARGET 1

STATUS: WPROT GOTO WP6

1:24:58.544 AM 6/8/2023	<Active Finish> TX: V46	RX: 0	TX: EX	RX: -9374	
1:25:21.608 AM 6/8/2023	CMD: WPROT ACTIVE BUSY 112.488 WP6 6, WPSEL ACTIVE READY 160.000 L/2 3, CALW ACTIVE READY 0.000 OFF 1, ASEL ACTIVE READY 28.776 ON 2, GMIR ACTIVE READY 309.990 TARGET 1, GFOC ACTIVE READY 7.500 TARGET 1

STATUS: WPROT GOTO WP7

1:25:23.301 AM 6/8/2023	<Active Finish> TX: V46	RX: 0	TX: EX	RX: -11250	
1:25:46.162 AM 6/8/2023	CMD: WPROT ACTIVE BUSY 135.000 WP7 7, WPSEL ACTIVE READY 160.000 L/2 3, CALW ACTIVE READY 0.000 OFF 1, ASEL ACTIVE READY 28.776 ON 2, GMIR ACTIVE READY 309.990 TARGET 1, GFOC ACTIVE READY 7.500 TARGET 1

STATUS: WPROT GOTO WP8

1:25:47.865 AM 6/8/2023	<Active Finish> TX: V46	RX: 0	TX: EX	RX: -13124	
1:28:44.210 AM 6/8/2023	CMD: WPROT ACTIVE BUSY 157.488 WP8 8, WPSEL ACTIVE READY 160.000 L/2 3, CALW ACTIVE READY 0.000 OFF 1, ASEL ACTIVE READY 28.776 ON 2, GMIR ACTIVE READY 309.990 TARGET 1, GFOC ACTIVE READY 7.500 TARGET 1

STATUS: WPROT GOTO WP1

1:28:46.444 AM 6/8/2023	<Active Finish> TX: V46	RX: 0	TX: EX	RX: 0	
1:33:00.787 AM 6/8/2023	CMD: WPROT ACTIVE BUSY 0.000 WP1 1, WPSEL ACTIVE READY 160.000 L/2 3, CALW ACTIVE READY 0.000 OFF 1, ASEL ACTIVE READY 28.776 ON 2, GMIR ACTIVE READY 309.990 TARGET 1, GFOC ACTIVE READY 7.500 TARGET 1

STATUS: WPROT GOTO WP2

1:33:02.562 AM 6/8/2023	<Active Finish> TX: V46	RX: 0	TX: EX	RX: -1874	
1:37:15.013 AM 6/8/2023	CMD: WPROT ACTIVE BUSY 22.488 WP2 2, WPSEL ACTIVE READY 160.000 L/2 3, CALW ACTIVE READY 0.000 OFF 1, ASEL ACTIVE READY 28.776 ON 2, GMIR ACTIVE READY 309.990 TARGET 1, GFOC ACTIVE READY 7.500 TARGET 1

STATUS: WPROT GOTO WP3

1:37:16.817 AM 6/8/2023	<Active Finish> TX: V46	RX: 0	TX: EX	RX: -3749	
1:41:31.056 AM 6/8/2023	CMD: WPROT ACTIVE BUSY 44.988 WP3 3, WPSEL ACTIVE READY 160.000 L/2 3, CALW ACTIVE READY 0.000 OFF 1, ASEL ACTIVE READY 28.776 ON 2, GMIR ACTIVE READY 309.990 TARGET 1, GFOC ACTIVE READY 7.500 TARGET 1

STATUS: WPROT GOTO WP4

1:41:32.371 AM 6/8/2023	<Active Finish> TX: V46	RX: 0	TX: EX	RX: 	
1:45:45.083 AM 6/8/2023	CMD: WPROT ACTIVE BUSY 0.000 WP4 4, WPSEL ACTIVE READY 160.000 L/2 3, CALW ACTIVE READY 0.000 OFF 1, ASEL ACTIVE READY 28.776 ON 2, GMIR ACTIVE READY 309.990 TARGET 1, GFOC ACTIVE READY 7.500 TARGET 1

STATUS: WPROT GOTO WP5

1:45:46.493 AM 6/8/2023	<Active Finish> TX: V46	RX: 0	TX: EX	RX: -7500	
1:49:58.699 AM 6/8/2023	CMD: WPROT ACTIVE BUSY 90.000 WP5 5, WPSEL ACTIVE READY 160.000 L/2 3, CALW ACTIVE READY 0.000 OFF 1, ASEL ACTIVE READY 28.776 ON 2, GMIR ACTIVE READY 309.990 TARGET 1, GFOC ACTIVE READY 7.500 TARGET 1

STATUS: WPROT GOTO WP6

1:50:00.390 AM 6/8/2023	<Active Finish> TX: V46	RX: 0	TX: EX	RX: -9374	
1:54:14.626 AM 6/8/2023	CMD: WPROT ACTIVE BUSY 112.488 WP6 6, WPSEL ACTIVE READY 160.000 L/2 3, CALW ACTIVE READY 0.000 OFF 1, ASEL ACTIVE READY 28.776 ON 2, GMIR ACTIVE READY 309.990 TARGET 1, GFOC ACTIVE READY 7.500 TARGET 1

STATUS: WPROT GOTO WP7

1:54:16.315 AM 6/8/2023	<Active Finish> TX: V46	RX: 0	TX: EX	RX: -11250	
1:58:28.631 AM 6/8/2023	CMD: WPROT ACTIVE BUSY 135.000 WP7 7, WPSEL ACTIVE READY 160.000 L/2 3, CALW ACTIVE READY 0.000 OFF 1, ASEL ACTIVE READY 28.776 ON 2, GMIR ACTIVE READY 309.990 TARGET 1, GFOC ACTIVE READY 7.500 TARGET 1

STATUS: WPROT GOTO WP8

1:58:30.516 AM 6/8/2023	<Active Finish> TX: V46	RX: 0	TX: EX	RX: -13124	
2:04:54.982 AM 6/8/2023	CMD: WPROT ACTIVE READY 157.488 WP8 8, WPSEL ACTIVE READY 160.000 L/2 3, CALW ACTIVE READY 0.000 OFF 1, ASEL ACTIVE READY 28.776 ON 2, GMIR ACTIVE BUSY 309.990 TARGET 1, GFOC ACTIVE READY 7.500 TARGET 1

STATUS: GMIR GOTO 8.000000

2:04:55.874 AM 6/8/2023	<Active Goto> TX: V20=1333.333	RX: OK	TX: V21=16	RX: OK	TX: GS29	RX: OK	
2:04:58.217 AM 6/8/2023	<Active Finish> TX: V46	RX: 0	TX: EX	RX: 1333	
2:05:42.960 AM 6/8/2023	CMD: WPROT ACTIVE BUSY 157.488 WP8 8, WPSEL ACTIVE READY 160.000 L/2 3, CALW ACTIVE READY 0.000 OFF 1, ASEL ACTIVE READY 28.776 ON 2, GMIR ACTIVE READY 7.998 TARGET 1, GFOC ACTIVE READY 7.500 TARGET 1

STATUS: WPROT GOTO WP1

2:05:45.272 AM 6/8/2023	<Active Finish> TX: V46	RX: 0	TX: EX	RX: 0	
2:07:24.070 AM 6/8/2023	CMD: WPROT ACTIVE BUSY 0.000 WP1 1, WPSEL ACTIVE READY 160.000 L/2 3, CALW ACTIVE READY 0.000 OFF 1, ASEL ACTIVE READY 28.776 ON 2, GMIR ACTIVE READY 7.998 TARGET 1, GFOC ACTIVE READY 7.500 TARGET 1

STATUS: WPROT GOTO WP1

2:07:25.199 AM 6/8/2023	<Active Finish> TX: V46	RX: 0	TX: EX	RX: 0	
2:08:40.383 AM 6/8/2023	CMD: WPROT ACTIVE BUSY 0.000 WP1 1, WPSEL ACTIVE READY 160.000 L/2 3, CALW ACTIVE READY 0.000 OFF 1, ASEL ACTIVE READY 28.776 ON 2, GMIR ACTIVE READY 7.998 TARGET 1, GFOC ACTIVE READY 7.500 TARGET 1

STATUS: WPROT GOTO WP1

2:08:41.592 AM 6/8/2023	<Active Finish> TX: V46	RX: 0	TX: EX	RX: 0	
2:11:12.267 AM 6/8/2023	CMD: WPROT ACTIVE BUSY 0.000 WP1 1, WPSEL ACTIVE READY 160.000 L/2 3, CALW ACTIVE READY 0.000 OFF 1, ASEL ACTIVE READY 28.776 ON 2, GMIR ACTIVE READY 7.998 TARGET 1, GFOC ACTIVE READY 7.500 TARGET 1

STATUS: WPROT GOTO WP1

2:11:13.499 AM 6/8/2023	<Active Finish> TX: V46	RX: 0	TX: EX	RX: 0	
2:11:31.125 AM 6/8/2023	CMD: WPROT ACTIVE BUSY 0.000 WP1 1, WPSEL ACTIVE READY 160.000 L/2 3, CALW ACTIVE READY 0.000 OFF 1, ASEL ACTIVE READY 28.776 ON 2, GMIR ACTIVE READY 7.998 TARGET 1, GFOC ACTIVE READY 7.500 TARGET 1

STATUS: WPROT GOTO WP2

2:11:32.503 AM 6/8/2023	<Active Finish> TX: V46	RX: 0	TX: EX	RX: -1874	
2:11:49.888 AM 6/8/2023	CMD: WPROT ACTIVE BUSY 22.488 WP2 2, WPSEL ACTIVE READY 160.000 L/2 3, CALW ACTIVE READY 0.000 OFF 1, ASEL ACTIVE READY 28.776 ON 2, GMIR ACTIVE READY 7.998 TARGET 1, GFOC ACTIVE READY 7.500 TARGET 1

STATUS: WPROT GOTO WP3

2:11:51.211 AM 6/8/2023	<Active Finish> TX: V46	RX: 0	TX: EX	RX: -3749	
2:12:07.999 AM 6/8/2023	CMD: WPROT ACTIVE BUSY 44.988 WP3 3, WPSEL ACTIVE READY 160.000 L/2 3, CALW ACTIVE READY 0.000 OFF 1, ASEL ACTIVE READY 28.776 ON 2, GMIR ACTIVE READY 7.998 TARGET 1, GFOC ACTIVE READY 7.500 TARGET 1

STATUS: WPROT GOTO WP4

2:12:09.369 AM 6/8/2023	<Active Finish> TX: V46	RX: 0	TX: EX	RX: -5624	
2:12:26.928 AM 6/8/2023	CMD: WPROT ACTIVE BUSY 67.488 WP4 4, WPSEL ACTIVE READY 160.000 L/2 3, CALW ACTIVE READY 0.000 OFF 1, ASEL ACTIVE READY 28.776 ON 2, GMIR ACTIVE READY 7.998 TARGET 1, GFOC ACTIVE READY 7.500 TARGET 1

STATUS: WPROT GOTO WP5

2:12:28.718 AM 6/8/2023	<Active Finish> TX: V46	RX: 0	TX: EX	RX: -7500	
2:12:45.389 AM 6/8/2023	CMD: WPROT ACTIVE BUSY 90.000 WP5 5, WPSEL ACTIVE READY 160.000 L/2 3, CALW ACTIVE READY 0.000 OFF 1, ASEL ACTIVE READY 28.776 ON 2, GMIR ACTIVE READY 7.998 TARGET 1, GFOC ACTIVE READY 7.500 TARGET 1

STATUS: WPROT GOTO WP6

2:12:47.050 AM 6/8/2023	<Active Finish> TX: V46	RX: 0	TX: EX	RX: -9374	
2:13:03.950 AM 6/8/2023	CMD: WPROT ACTIVE BUSY 112.488 WP6 6, WPSEL ACTIVE READY 160.000 L/2 3, CALW ACTIVE READY 0.000 OFF 1, ASEL ACTIVE READY 28.776 ON 2, GMIR ACTIVE READY 7.998 TARGET 1, GFOC ACTIVE READY 7.500 TARGET 1

STATUS: WPROT GOTO WP7

2:13:04.608 AM 6/8/2023	<Active Update> TX: V46	RX: 1	TX: EX	RX: 	
2:13:06.034 AM 6/8/2023	<Active Update> TX: V46	RX: 	
2:13:07.823 AM 6/8/2023	<Active Finish> TX: V46	RX: 0	TX: EX	RX: -11250	
2:13:23.532 AM 6/8/2023	CMD: WPROT ACTIVE BUSY 135.000 WP7 7, WPSEL ACTIVE READY 160.000 L/2 3, CALW ACTIVE READY 0.000 OFF 1, ASEL ACTIVE READY 28.776 ON 2, GMIR ACTIVE READY 7.998 TARGET 1, GFOC ACTIVE READY 7.500 TARGET 1

STATUS: WPROT GOTO WP8

2:13:25.356 AM 6/8/2023	<Active Finish> TX: V46	RX: 0	TX: EX	RX: -13124	
2:14:21.953 AM 6/8/2023	CMD: WPROT ACTIVE BUSY 157.488 WP8 8, WPSEL ACTIVE READY 160.000 L/2 3, CALW ACTIVE READY 0.000 OFF 1, ASEL ACTIVE READY 28.776 ON 2, GMIR ACTIVE READY 7.998 TARGET 1, GFOC ACTIVE READY 7.500 TARGET 1

STATUS: WPROT GOTO WP1

2:14:24.392 AM 6/8/2023	<Active Finish> TX: V46	RX: 0	TX: EX	RX: 0	
2:18:37.052 AM 6/8/2023	CMD: WPROT ACTIVE BUSY 0.000 WP1 1, WPSEL ACTIVE READY 160.000 L/2 3, CALW ACTIVE READY 0.000 OFF 1, ASEL ACTIVE READY 28.776 ON 2, GMIR ACTIVE READY 7.998 TARGET 1, GFOC ACTIVE READY 7.500 TARGET 1

STATUS: WPROT GOTO WP2

2:18:38.455 AM 6/8/2023	<Active Finish> TX: V46	RX: 0	TX: EX	RX: -1874	
2:22:53.203 AM 6/8/2023	CMD: WPROT ACTIVE BUSY 22.488 WP2 2, WPSEL ACTIVE READY 160.000 L/2 3, CALW ACTIVE READY 0.000 OFF 1, ASEL ACTIVE READY 28.776 ON 2, GMIR ACTIVE READY 7.998 TARGET 1, GFOC ACTIVE READY 7.500 TARGET 1

STATUS: WPROT GOTO WP3

2:22:54.984 AM 6/8/2023	<Active Finish> TX: V46	RX: 0	TX: EX	RX: -3749	
2:27:09.577 AM 6/8/2023	CMD: WPROT ACTIVE BUSY 44.988 WP3 3, WPSEL ACTIVE READY 160.000 L/2 3, CALW ACTIVE READY 0.000 OFF 1, ASEL ACTIVE READY 28.776 ON 2, GMIR ACTIVE READY 7.998 TARGET 1, GFOC ACTIVE READY 7.500 TARGET 1

STATUS: WPROT GOTO WP4

2:27:10.911 AM 6/8/2023	<Active Finish> TX: V46	RX: 0	TX: EX	RX: -5624	
2:31:23.011 AM 6/8/2023	CMD: WPROT ACTIVE BUSY 67.488 WP4 4, WPSEL ACTIVE READY 160.000 L/2 3, CALW ACTIVE READY 0.000 OFF 1, ASEL ACTIVE READY 28.776 ON 2, GMIR ACTIVE READY 7.998 TARGET 1, GFOC ACTIVE READY 7.500 TARGET 1

STATUS: WPROT GOTO WP5

2:31:24.806 AM 6/8/2023	<Active Finish> TX: V46	RX: 0	TX: EX	RX: -7500	
2:35:39.426 AM 6/8/2023	CMD: WPROT ACTIVE BUSY 90.000 WP5 5, WPSEL ACTIVE READY 160.000 L/2 3, CALW ACTIVE READY 0.000 OFF 1, ASEL ACTIVE READY 28.776 ON 2, GMIR ACTIVE READY 7.998 TARGET 1, GFOC ACTIVE READY 7.500 TARGET 1

STATUS: WPROT GOTO WP6

2:35:41.288 AM 6/8/2023	<Active Finish> TX: V46	RX: 0	TX: EX	RX: -9374	
2:39:55.912 AM 6/8/2023	CMD: WPROT ACTIVE BUSY 112.488 WP6 6, WPSEL ACTIVE READY 160.000 L/2 3, CALW ACTIVE READY 0.000 OFF 1, ASEL ACTIVE READY 28.776 ON 2, GMIR ACTIVE READY 7.998 TARGET 1, GFOC ACTIVE READY 7.500 TARGET 1

STATUS: WPROT GOTO WP7

2:39:57.263 AM 6/8/2023	<Active Finish> TX: V46	RX: 0	TX: EX	RX: -11250	
2:44:11.382 AM 6/8/2023	CMD: WPROT ACTIVE BUSY 135.000 WP7 7, WPSEL ACTIVE READY 160.000 L/2 3, CALW ACTIVE READY 0.000 OFF 1, ASEL ACTIVE READY 28.776 ON 2, GMIR ACTIVE READY 7.998 TARGET 1, GFOC ACTIVE READY 7.500 TARGET 1

STATUS: WPROT GOTO WP8

2:44:13.033 AM 6/8/2023	<Active Finish> TX: V46	RX: 0	TX: EX	RX: -13124	
2:50:04.236 AM 6/8/2023	CMD: WPROT ACTIVE READY 157.488 WP8 8, WPSEL ACTIVE READY 160.000 L/2 3, CALW ACTIVE READY 0.000 OFF 1, ASEL ACTIVE READY 28.776 ON 2, GMIR ACTIVE BUSY 7.998 TARGET 1, GFOC ACTIVE READY 7.500 TARGET 1

STATUS: GMIR GOTO 136.000000

2:50:05.080 AM 6/8/2023	<Active Goto> TX: V20=22666.667	RX: OK	TX: V21=16	RX: OK	TX: GS29	RX: OK	
2:50:08.306 AM 6/8/2023	<Active Finish> TX: V46	RX: 0	TX: EX	RX: 22665	
2:50:33.655 AM 6/8/2023	CMD: WPROT ACTIVE BUSY 157.488 WP8 8, WPSEL ACTIVE READY 160.000 L/2 3, CALW ACTIVE READY 0.000 OFF 1, ASEL ACTIVE READY 28.776 ON 2, GMIR ACTIVE READY 135.990 TARGET 1, GFOC ACTIVE READY 7.500 TARGET 1

STATUS: WPROT GOTO WP1

2:50:36.128 AM 6/8/2023	<Active Finish> TX: V46	RX: 0	TX: EX	RX: 0	
2:50:52.217 AM 6/8/2023	CMD: WPROT ACTIVE BUSY 0.000 WP1 1, WPSEL ACTIVE READY 160.000 L/2 3, CALW ACTIVE READY 0.000 OFF 1, ASEL ACTIVE READY 28.776 ON 2, GMIR ACTIVE READY 135.990 TARGET 1, GFOC ACTIVE READY 7.500 TARGET 1

STATUS: WPROT GOTO WP2

2:50:54.003 AM 6/8/2023	<Active Finish> TX: V46	RX: 0	TX: EX	RX: -1874	
2:51:01.457 AM 6/8/2023	CMD: WPROT ACTIVE BUSY 22.488 WP2 2, WPSEL ACTIVE READY 160.000 L/2 3, CALW ACTIVE READY 0.000 OFF 1, ASEL ACTIVE READY 28.776 ON 2, GMIR ACTIVE READY 135.990 TARGET 1, GFOC ACTIVE READY 7.500 TARGET 1

STATUS: WPROT GOTO WP3

2:51:02.787 AM 6/8/2023	<Active Finish> TX: V46	RX: 0	TX: EX	RX: -3749	
2:52:16.042 AM 6/8/2023	CMD: WPROT ACTIVE BUSY 44.988 WP3 3, WPSEL ACTIVE READY 160.000 L/2 3, CALW ACTIVE READY 0.000 OFF 1, ASEL ACTIVE READY 28.776 ON 2, GMIR ACTIVE READY 135.990 TARGET 1, GFOC ACTIVE READY 7.500 TARGET 1

STATUS: WPROT GOTO WP1

2:52:19.082 AM 6/8/2023	<Active Finish> TX: V46	RX: 0	TX: EX	RX: 0	
2:52:48.106 AM 6/8/2023	CMD: WPROT ACTIVE BUSY 0.000 WP1 1, WPSEL ACTIVE READY 160.000 L/2 3, CALW ACTIVE READY 0.000 OFF 1, ASEL ACTIVE READY 28.776 ON 2, GMIR ACTIVE READY 135.990 TARGET 1, GFOC ACTIVE READY 7.500 TARGET 1

STATUS: WPROT GOTO WP1

2:52:49.495 AM 6/8/2023	<Active Finish> TX: V46	RX: 0	TX: EX	RX: 0	
2:53:07.929 AM 6/8/2023	CMD: WPROT ACTIVE BUSY 0.000 WP1 1, WPSEL ACTIVE READY 160.000 L/2 3, CALW ACTIVE READY 0.000 OFF 1, ASEL ACTIVE READY 28.776 ON 2, GMIR ACTIVE READY 135.990 TARGET 1, GFOC ACTIVE READY 7.500 TARGET 1

STATUS: WPROT GOTO WP1

2:53:09.094 AM 6/8/2023	<Active Finish> TX: V46	RX: 0	TX: EX	RX: 0	
2:54:53.980 AM 6/8/2023	CMD: WPROT ACTIVE BUSY 0.000 WP1 1, WPSEL ACTIVE READY 160.000 L/2 3, CALW ACTIVE READY 0.000 OFF 1, ASEL ACTIVE READY 28.776 ON 2, GMIR ACTIVE READY 135.990 TARGET 1, GFOC ACTIVE READY 7.500 TARGET 1

STATUS: WPROT GOTO WP1

2:54:55.195 AM 6/8/2023	<Active Finish> TX: V46	RX: 0	TX: EX	RX: 0	
2:55:49.867 AM 6/8/2023	CMD: WPROT ACTIVE BUSY 0.000 WP1 1, WPSEL ACTIVE READY 160.000 L/2 3, CALW ACTIVE READY 0.000 OFF 1, ASEL ACTIVE READY 28.776 ON 2, GMIR ACTIVE READY 135.990 TARGET 1, GFOC ACTIVE READY 7.500 TARGET 1

STATUS: WPROT GOTO WP1

2:55:51.069 AM 6/8/2023	<Active Finish> TX: V46	RX: 0	TX: EX	RX: 0	
2:56:54.866 AM 6/8/2023	CMD: WPROT ACTIVE BUSY 0.000 WP1 1, WPSEL ACTIVE READY 160.000 L/2 3, CALW ACTIVE READY 0.000 OFF 1, ASEL ACTIVE READY 28.776 ON 2, GMIR ACTIVE READY 135.990 TARGET 1, GFOC ACTIVE READY 7.500 TARGET 1

STATUS: WPROT GOTO WP2

2:56:56.192 AM 6/8/2023	<Active Finish> TX: V46	RX: 0	TX: EX	RX: -1874	
2:57:59.350 AM 6/8/2023	CMD: WPROT ACTIVE BUSY 22.488 WP2 2, WPSEL ACTIVE READY 160.000 L/2 3, CALW ACTIVE READY 0.000 OFF 1, ASEL ACTIVE READY 28.776 ON 2, GMIR ACTIVE READY 135.990 TARGET 1, GFOC ACTIVE READY 7.500 TARGET 1

STATUS: WPROT GOTO WP3

2:58:01.131 AM 6/8/2023	<Active Finish> TX: V46	RX: 0	TX: EX	RX: -3749	
2:59:04.176 AM 6/8/2023	CMD: WPROT ACTIVE BUSY 44.988 WP3 3, WPSEL ACTIVE READY 160.000 L/2 3, CALW ACTIVE READY 0.000 OFF 1, ASEL ACTIVE READY 28.776 ON 2, GMIR ACTIVE READY 135.990 TARGET 1, GFOC ACTIVE READY 7.500 TARGET 1

STATUS: WPROT GOTO WP4

2:59:05.936 AM 6/8/2023	<Active Finish> TX: V46	RX: 0	TX: EX	RX: -5624	
3:00:09.267 AM 6/8/2023	CMD: WPROT ACTIVE BUSY 67.488 WP4 4, WPSEL ACTIVE READY 160.000 L/2 3, CALW ACTIVE READY 0.000 OFF 1, ASEL ACTIVE READY 28.776 ON 2, GMIR ACTIVE READY 135.990 TARGET 1, GFOC ACTIVE READY 7.500 TARGET 1

STATUS: WPROT GOTO WP5

3:00:11.117 AM 6/8/2023	<Active Finish> TX: V46	RX: 0	TX: EX	RX: -7500	
3:01:13.962 AM 6/8/2023	CMD: WPROT ACTIVE BUSY 90.000 WP5 5, WPSEL ACTIVE READY 160.000 L/2 3, CALW ACTIVE READY 0.000 OFF 1, ASEL ACTIVE READY 28.776 ON 2, GMIR ACTIVE READY 135.990 TARGET 1, GFOC ACTIVE READY 7.500 TARGET 1

STATUS: WPROT GOTO WP6

3:01:15.753 AM 6/8/2023	<Active Finish> TX: V46	RX: 0	TX: EX	RX: -9374	
3:02:19.492 AM 6/8/2023	CMD: WPROT ACTIVE BUSY 112.488 WP6 6, WPSEL ACTIVE READY 160.000 L/2 3, CALW ACTIVE READY 0.000 OFF 1, ASEL ACTIVE READY 28.776 ON 2, GMIR ACTIVE READY 135.990 TARGET 1, GFOC ACTIVE READY 7.500 TARGET 1

STATUS: WPROT GOTO WP7

3:02:21.227 AM 6/8/2023	<Active Finish> TX: V46	RX: 0	TX: EX	RX: -11250	
3:03:24.688 AM 6/8/2023	CMD: WPROT ACTIVE BUSY 135.000 WP7 7, WPSEL ACTIVE READY 160.000 L/2 3, CALW ACTIVE READY 0.000 OFF 1, ASEL ACTIVE READY 28.776 ON 2, GMIR ACTIVE READY 135.990 TARGET 1, GFOC ACTIVE READY 7.500 TARGET 1

STATUS: WPROT GOTO WP8

3:03:26.449 AM 6/8/2023	<Active Finish> TX: V46	RX: 0	TX: EX	RX: -13124	
3:06:58.981 AM 6/8/2023	CMD: WPROT ACTIVE BUSY 157.488 WP8 8, WPSEL ACTIVE READY 160.000 L/2 3, CALW ACTIVE READY 0.000 OFF 1, ASEL ACTIVE READY 28.776 ON 2, GMIR ACTIVE READY 135.990 TARGET 1, GFOC ACTIVE READY 7.500 TARGET 1

STATUS: WPROT GOTO WP1

3:07:01.204 AM 6/8/2023	<Active Finish> TX: V46	RX: 0	TX: EX	RX: 0	
3:11:13.521 AM 6/8/2023	CMD: WPROT ACTIVE BUSY 0.000 WP1 1, WPSEL ACTIVE READY 160.000 L/2 3, CALW ACTIVE READY 0.000 OFF 1, ASEL ACTIVE READY 28.776 ON 2, GMIR ACTIVE READY 135.990 TARGET 1, GFOC ACTIVE READY 7.500 TARGET 1

STATUS: WPROT GOTO WP2

3:11:15.285 AM 6/8/2023	<Active Finish> TX: V46	RX: 0	TX: EX	RX: -1874	
3:15:28.995 AM 6/8/2023	CMD: WPROT ACTIVE BUSY 22.488 WP2 2, WPSEL ACTIVE READY 160.000 L/2 3, CALW ACTIVE READY 0.000 OFF 1, ASEL ACTIVE READY 28.776 ON 2, GMIR ACTIVE READY 135.990 TARGET 1, GFOC ACTIVE READY 7.500 TARGET 1

STATUS: WPROT GOTO WP3

3:15:30.757 AM 6/8/2023	<Active Finish> TX: V46	RX: 0	TX: EX	RX: -3749	
3:19:45.157 AM 6/8/2023	CMD: WPROT ACTIVE BUSY 44.988 WP3 3, WPSEL ACTIVE READY 160.000 L/2 3, CALW ACTIVE READY 0.000 OFF 1, ASEL ACTIVE READY 28.776 ON 2, GMIR ACTIVE READY 135.990 TARGET 1, GFOC ACTIVE READY 7.500 TARGET 1

STATUS: WPROT GOTO WP4

3:19:46.516 AM 6/8/2023	<Active Finish> TX: V46	RX: 0	TX: EX	RX: -5624	
3:24:00.811 AM 6/8/2023	CMD: WPROT ACTIVE BUSY 67.488 WP4 4, WPSEL ACTIVE READY 160.000 L/2 3, CALW ACTIVE READY 0.000 OFF 1, ASEL ACTIVE READY 28.776 ON 2, GMIR ACTIVE READY 135.990 TARGET 1, GFOC ACTIVE READY 7.500 TARGET 1

STATUS: WPROT GOTO WP5

3:24:02.511 AM 6/8/2023	<Active Finish> TX: V46	RX: 0	TX: EX	RX: -7500	
3:28:17.002 AM 6/8/2023	CMD: WPROT ACTIVE BUSY 90.000 WP5 5, WPSEL ACTIVE READY 160.000 L/2 3, CALW ACTIVE READY 0.000 OFF 1, ASEL ACTIVE READY 28.776 ON 2, GMIR ACTIVE READY 135.990 TARGET 1, GFOC ACTIVE READY 7.500 TARGET 1

STATUS: WPROT GOTO WP6

3:28:18.793 AM 6/8/2023	<Active Finish> TX: V46	RX: 0	TX: EX	RX: -9374	
3:32:32.446 AM 6/8/2023	CMD: WPROT ACTIVE BUSY 112.488 WP6 6, WPSEL ACTIVE READY 160.000 L/2 3, CALW ACTIVE READY 0.000 OFF 1, ASEL ACTIVE READY 28.776 ON 2, GMIR ACTIVE READY 135.990 TARGET 1, GFOC ACTIVE READY 7.500 TARGET 1

STATUS: WPROT GOTO WP7

3:32:34.142 AM 6/8/2023	<Active Finish> TX: V46	RX: 0	TX: EX	RX: -11250	
3:36:48.892 AM 6/8/2023	CMD: WPROT ACTIVE BUSY 135.000 WP7 7, WPSEL ACTIVE READY 160.000 L/2 3, CALW ACTIVE READY 0.000 OFF 1, ASEL ACTIVE READY 28.776 ON 2, GMIR ACTIVE READY 135.990 TARGET 1, GFOC ACTIVE READY 7.500 TARGET 1

STATUS: WPROT GOTO WP8

3:36:50.670 AM 6/8/2023	<Active Finish> TX: V46	RX: 0	TX: EX	RX: -13125	
4:09:33.632 AM 6/8/2023	CMD: WPROT ACTIVE READY 157.500 WP8 8, WPSEL ACTIVE BUSY 160.000 L/2 3, CALW ACTIVE BUSY 0.000 OFF 1, ASEL ACTIVE BUSY 28.776 ON 2, GMIR ACTIVE READY 135.990 TARGET 1, GFOC ACTIVE READY 7.500 TARGET 1

STATUS: WPSEL GOTO OFF, CALW GOTO OFF, ASEL GOTO OFF

4:09:34.322 AM 6/8/2023	<Active Goto> TX: V20=0.000	RX: OK	TX: V21=1	RX: OK	TX: GS29	RX: OK	
4:09:34.775 AM 6/8/2023	<Active Goto> TX: V20=400000.000	RX: OK	TX: V21=2	RX: OK	TX: GS29	RX: OK	
4:09:41.635 AM 6/8/2023	<Active Finish> TX: V46	RX: 0	TX: EX	RX: 1	
4:09:43.472 AM 6/8/2023	<Active Goto> TX: V20=0.000	RX: OK	TX: V21=1	RX: OK	TX: GS29	RX: OK	
4:09:46.086 AM 6/8/2023	<Active Finish> TX: V46	RX: 0	TX: EX	RX: 0	
4:09:54.707 AM 6/8/2023	<Active Finish> TX: V46	RX: 0	TX: EX	RX: 400001	
6:42:04.683 PM 6/8/2023	CMD: WPSEL INIT NONE, GMIR INIT NONE, CALW INIT NONE
RESP: WPROT ACTIVE NONE 0.000 NONE -1, WPSEL ACTIVE BUSY 0.000 NONE -1, CALW ACTIVE BUSY 0.000 NONE -1, ASEL ACTIVE NONE 0.000 NONE -1, GMIR ACTIVE BUSY 0.000 NONE -1, GFOC ACTIVE NONE 0.000 NONE -1
6:42:05.349 PM 6/8/2023	<Active Init> TX: V20=-5000	RX: OK	TX: V21=0	RX: OK	TX: GS30	RX: OK	
6:42:05.681 PM 6/8/2023	<Active Init> TX: V20=0	RX: OK	TX: V21=0	RX: OK	TX: GS30	RX: OK	
6:42:06.015 PM 6/8/2023	<Active Init> TX: V20=0	RX: OK	TX: V21=16	RX: OK	TX: GS30	RX: OK	
6:42:15.464 PM 6/8/2023	<Active Finish> TX: V46	RX: 0	TX: EX	RX: 0	
6:42:20.848 PM 6/8/2023	<Active Finish> TX: V46	RX: 0	TX: EX	RX: 0	
6:42:28.371 PM 6/8/2023	<Active Finish> TX: V46	RX: 0	TX: EX	RX: 0	
6:42:30.426 PM 6/8/2023	<Active Init> TX: V81=0	RX: OK	TX: V82=1875	RX: OK	TX: V83=3750	RX: OK	TX: V84=5625	RX: OK	TX: V85=7500	RX: OK	TX: V86=9375	RX: OK	TX: V87=11250	RX: OK	TX: V88=13125	RX: OK	TX: V89=15000	RX: OK	TX: V90=16875	RX: OK	TX: V91=18750	RX: OK	TX: V92=20625	RX: OK	TX: V93=22500	RX: OK	TX: V94=24375	RX: OK	TX: V95=26250	RX: OK	TX: V96=28125	RX: OK	TX: V20=900	RX: OK	TX: V21=0	RX: OK	TX: GS30	RX: OK	
6:42:37.379 PM 6/8/2023	<Active Finish> TX: V46	RX: 0	TX: EX	RX: 0	
6:42:38.237 PM 6/8/2023	CMD: GFOC INIT NONE, ASEL INIT NONE
RESP: WPROT ACTIVE READY 0.000 WP1 1, WPSEL ACTIVE READY 0.000 L/4 1, CALW ACTIVE READY 0.000 OFF 1, ASEL ACTIVE BUSY 0.000 NONE -1, GMIR ACTIVE READY 0.000 TARGET 1, GFOC ACTIVE BUSY 0.000 NONE -1
6:42:38.902 PM 6/8/2023	<Active Init> TX: V20=-200	RX: OK	TX: V21=0	RX: OK	TX: GS30	RX: OK	
6:42:39.235 PM 6/8/2023	<Active Init> TX: V20=0	RX: OK	TX: V21=32	RX: OK	TX: GS30	RX: OK	
6:42:48.568 PM 6/8/2023	<Active Finish> TX: V46	RX: 0	TX: EX	RX: 0	
6:43:08.721 PM 6/8/2023	<Active Finish> TX: V46	RX: 0	TX: V32	RX: 0	
6:43:08.855 PM 6/8/2023	CMD: WPSEL GOTO OFF, CALW GOTO OFF, ASEL GOTO OFF
RESP: WPROT ACTIVE READY 0.000 WP1 1, WPSEL ACTIVE BUSY 0.000 L/4 1, CALW ACTIVE BUSY 0.000 OFF 1, ASEL ACTIVE BUSY 0.000 OFF 1, GMIR ACTIVE READY 0.000 TARGET 1, GFOC ACTIVE READY 0.000 TARGET 1
6:43:09.516 PM 6/8/2023	<Active Goto> TX: V20=400000.000	RX: OK	TX: V21=2	RX: OK	TX: GS29	RX: OK	
6:43:09.868 PM 6/8/2023	<Active Goto> TX: V20=0.000	RX: OK	TX: V21=1	RX: OK	TX: GS29	RX: OK	
6:43:12.300 PM 6/8/2023	<Active Finish> TX: V46	RX: 0	TX: EX	RX: 0	
6:43:14.079 PM 6/8/2023	<Active Goto> TX: V20=0.000	RX: OK	TX: V21=1	RX: OK	TX: GS29	RX: OK	
6:43:16.513 PM 6/8/2023	<Active Finish> TX: V46	RX: 0	TX: EX	RX: 0	
6:43:29.691 PM 6/8/2023	<Active Finish> TX: V46	RX: 0	TX: EX	RX: 399999	
6:46:03.215 PM 6/8/2023	CMD: GFOC GOTO 10.000000
RESP: WPROT ACTIVE NONE 0.000 NONE -1, WPSEL ACTIVE READY 80.000 OFF 2, CALW ACTIVE READY 0.000 OFF 1, ASEL ACTIVE READY 0.000 OFF 1, GMIR ACTIVE READY 0.000 TARGET 1, GFOC ACTIVE BUSY 0.000 TARGET 1
6:46:03.907 PM 6/8/2023	<Active Goto> TX: V20=820.000	RX: OK	TX: V21=32	RX: OK	TX: GS29	RX: OK	
6:46:34.307 PM 6/8/2023	<Active Finish> TX: V46	RX: 0	TX: V32	RX: 820	
6:48:58.458 PM 6/8/2023	CMD: GMIR GOTO 10.000000
RESP: WPROT ACTIVE NONE 0.000 NONE -1, WPSEL ACTIVE READY 80.000 OFF 2, CALW ACTIVE READY 0.000 OFF 1, ASEL ACTIVE READY 0.000 OFF 1, GMIR ACTIVE BUSY 0.000 TARGET 1, GFOC ACTIVE READY 10.000 TARGET 1
6:48:59.129 PM 6/8/2023	<Active Goto> TX: V20=1666.667	RX: OK	TX: V21=16	RX: OK	TX: GS29	RX: OK	
6:49:01.461 PM 6/8/2023	<Active Finish> TX: V46	RX: 0	TX: EX	RX: 1669	
6:49:28.458 PM 6/8/2023	CMD: GFOC GOTO 17.500000
RESP: WPROT ACTIVE NONE 0.000 NONE -1, WPSEL ACTIVE READY 80.000 OFF 2, CALW ACTIVE READY 0.000 OFF 1, ASEL ACTIVE READY 0.000 OFF 1, GMIR ACTIVE READY 10.014 TARGET 1, GFOC ACTIVE BUSY 10.000 TARGET 1
6:49:29.234 PM 6/8/2023	<Active Goto> TX: V20=1435.000	RX: OK	TX: V21=32	RX: OK	TX: GS29	RX: OK	
6:49:52.708 PM 6/8/2023	<Active Finish> TX: V46	RX: 0	TX: V32	RX: 1435	
6:51:26.327 PM 6/8/2023	CMD: GMIR GOTO 170.100000
RESP: WPROT ACTIVE NONE 0.000 NONE -1, WPSEL ACTIVE READY 80.000 OFF 2, CALW ACTIVE READY 0.000 OFF 1, ASEL ACTIVE READY 0.000 OFF 1, GMIR ACTIVE BUSY 10.014 TARGET 1, GFOC ACTIVE READY 17.500 TARGET 1
6:51:27.104 PM 6/8/2023	<Active Goto> TX: V20=28350.000	RX: OK	TX: V21=16	RX: OK	TX: GS29	RX: OK	
6:51:31.206 PM 6/8/2023	<Active Finish> TX: V46	RX: 0	TX: EX	RX: 28353	
7:03:30.953 PM 6/8/2023	CMD: GMIR GOTO 17.000000
RESP: WPROT ACTIVE NONE 0.000 NONE -1, WPSEL ACTIVE READY 80.000 OFF 2, CALW ACTIVE READY 0.000 OFF 1, ASEL ACTIVE READY 0.000 OFF 1, GMIR ACTIVE BUSY 170.118 TARGET 1, GFOC ACTIVE READY 17.500 TARGET 1
7:03:31.729 PM 6/8/2023	<Active Goto> TX: V20=2833.333	RX: OK	TX: V21=16	RX: OK	TX: GS29	RX: OK	
7:03:36.395 PM 6/8/2023	<Active Finish> TX: V46	RX: 0	TX: EX	RX: 2836	
7:41:27.825 PM 6/8/2023	CMD: GMIR GOTO 54.000000
RESP: WPROT ACTIVE NONE 0.000 NONE -1, WPSEL ACTIVE READY 80.000 OFF 2, CALW ACTIVE READY 0.000 OFF 1, ASEL ACTIVE READY 0.000 OFF 1, GMIR ACTIVE BUSY 17.016 TARGET 1, GFOC ACTIVE READY 17.500 TARGET 1
7:41:28.711 PM 6/8/2023	<Active Goto> TX: V20=9000.000	RX: OK	TX: V21=16	RX: OK	TX: GS29	RX: OK	
7:41:31.061 PM 6/8/2023	<Active Finish> TX: V46	RX: 0	TX: EX	RX: 9001	
9:29:13.960 PM 6/8/2023	CMD: GMIR GOTO 105.000000
RESP: WPROT ACTIVE NONE 0.000 NONE -1, WPSEL ACTIVE READY 80.000 OFF 2, CALW ACTIVE READY 0.000 OFF 1, ASEL ACTIVE READY 0.000 OFF 1, GMIR ACTIVE BUSY 54.006 TARGET 1, GFOC ACTIVE READY 17.500 TARGET 1
9:29:14.637 PM 6/8/2023	<Active Goto> TX: V20=17500.000	RX: OK	TX: V21=16	RX: OK	TX: GS29	RX: OK	
9:29:16.984 PM 6/8/2023	<Active Finish> TX: V46	RX: 0	TX: EX	RX: 17502	
9:56:23.340 PM 6/8/2023	CMD: GMIR GOTO 45.000000
RESP: WPROT ACTIVE NONE 0.000 NONE -1, WPSEL ACTIVE READY 80.000 OFF 2, CALW ACTIVE READY 0.000 OFF 1, ASEL ACTIVE READY 0.000 OFF 1, GMIR ACTIVE BUSY 105.012 TARGET 1, GFOC ACTIVE READY 17.500 TARGET 1
9:56:24.329 PM 6/8/2023	<Active Goto> TX: V20=7500.000	RX: OK	TX: V21=16	RX: OK	TX: GS29	RX: OK	
9:56:29.856 PM 6/8/2023	<Active Finish> TX: V46	RX: 0	TX: EX	RX: 7502	
9:57:52.785 PM 6/8/2023	CMD: GMIR GOTO 312.000000
RESP: WPROT ACTIVE NONE 0.000 NONE -1, WPSEL ACTIVE READY 80.000 OFF 2, CALW ACTIVE READY 0.000 OFF 1, ASEL ACTIVE READY 0.000 OFF 1, GMIR ACTIVE BUSY 45.012 TARGET 1, GFOC ACTIVE READY 17.500 TARGET 1
9:57:53.565 PM 6/8/2023	<Active Goto> TX: V20=52000.000	RX: OK	TX: V21=16	RX: OK	TX: GS29	RX: OK	
9:57:58.243 PM 6/8/2023	<Active Finish> TX: V46	RX: 0	TX: EX	RX: 52001	
11:44:14.772 PM 6/8/2023	CMD: GMIR GOTO 33.000000
RESP: WPROT ACTIVE NONE 0.000 NONE -1, WPSEL ACTIVE READY 80.000 OFF 2, CALW ACTIVE READY 0.000 OFF 1, ASEL ACTIVE READY 0.000 OFF 1, GMIR ACTIVE BUSY 312.006 TARGET 1, GFOC ACTIVE READY 17.500 TARGET 1
11:44:15.438 PM 6/8/2023	<Active Goto> TX: V20=5500.000	RX: OK	TX: V21=16	RX: OK	TX: GS29	RX: OK	
11:44:18.649 PM 6/8/2023	<Active Finish> TX: V46	RX: 0	TX: EX	RX: 5502	
11:44:55.908 PM 6/8/2023	CMD: GFOC GOTO 7.500000
RESP: WPROT ACTIVE NONE 0.000 NONE -1, WPSEL ACTIVE READY 80.000 OFF 2, CALW ACTIVE READY 0.000 OFF 1, ASEL ACTIVE READY 0.000 OFF 1, GMIR ACTIVE READY 33.012 TARGET 1, GFOC ACTIVE BUSY 17.500 TARGET 1
11:44:56.690 PM 6/8/2023	<Active Goto> TX: V20=615.000	RX: OK	TX: V21=32	RX: OK	TX: GS29	RX: OK	
11:45:23.468 PM 6/8/2023	CMD: WPSEL GOTO L/2, CALW GOTO OFF, ASEL GOTO ON
RESP: WPROT ACTIVE NONE 0.000 NONE -1, WPSEL ACTIVE BUSY 80.000 OFF 2, CALW ACTIVE BUSY 0.000 OFF 1, ASEL ACTIVE BUSY 0.000 OFF 1, GMIR ACTIVE READY 33.012 TARGET 1, GFOC ACTIVE BUSY 7.927 NONE -1
11:45:24.590 PM 6/8/2023	<Active Goto> TX: V20=800000.000	RX: OK	TX: V21=3	RX: OK	TX: GS29	RX: OK	
11:45:24.928 PM 6/8/2023	<Active Goto> TX: V20=4800.000	RX: OK	TX: V21=2	RX: OK	TX: GS29	RX: OK	
11:45:27.148 PM 6/8/2023	<Active Finish> TX: V46	RX: 0	TX: V32	RX: 615	
11:45:31.974 PM 6/8/2023	<Active Finish> TX: V46	RX: 0	TX: EX	RX: -4796	
11:45:33.738 PM 6/8/2023	<Active Goto> TX: V20=0.000	RX: OK	TX: V21=1	RX: OK	TX: GS29	RX: OK	
11:45:36.217 PM 6/8/2023	<Active Finish> TX: V46	RX: 0	TX: EX	RX: 0	
11:45:44.789 PM 6/8/2023	<Active Finish> TX: V46	RX: 0	TX: EX	RX: 799999	
11:45:46.841 PM 6/8/2023	<Active Init> TX: V81=0	RX: OK	TX: V82=1875	RX: OK	TX: V83=3750	RX: OK	TX: V84=5625	RX: OK	TX: V85=7500	RX: OK	TX: V86=9375	RX: OK	TX: V87=11250	RX: OK	TX: V88=13125	RX: OK	TX: V89=15000	RX: OK	TX: V90=16875	RX: OK	TX: V91=18750	RX: OK	TX: V92=20625	RX: OK	TX: V93=22500	RX: OK	TX: V94=24375	RX: OK	TX: V95=26250	RX: OK	TX: V96=28125	RX: OK	TX: V20=900	RX: OK	TX: V21=0	RX: OK	TX: GS30	RX: OK	
11:45:53.945 PM 6/8/2023	<Active Finish> TX: V46	RX: 0	TX: EX	RX: 0	
11:50:27.922 PM 6/8/2023	CMD: WPROT GOTO WP1
RESP: WPROT ACTIVE BUSY 0.000 WP1 1, WPSEL ACTIVE READY 160.000 L/2 3, CALW ACTIVE READY 0.000 OFF 1, ASEL ACTIVE READY 28.776 ON 2, GMIR ACTIVE READY 33.012 TARGET 1, GFOC ACTIVE READY 7.500 TARGET 1
11:50:28.011 PM 6/8/2023	<Immediate> TX: GS1	RX: OK	
11:50:29.314 PM 6/8/2023	<Active Finish> TX: V46	RX: 0	TX: EX	RX: 0	
11:57:44.379 PM 6/8/2023	CMD: WPROT GOTO WP1
RESP: WPROT ACTIVE BUSY 0.000 WP1 1, WPSEL ACTIVE READY 160.000 L/2 3, CALW ACTIVE READY 0.000 OFF 1, ASEL ACTIVE READY 28.776 ON 2, GMIR ACTIVE READY 33.012 TARGET 1, GFOC ACTIVE READY 7.500 TARGET 1
11:57:44.458 PM 6/8/2023	<Immediate> TX: GS1	RX: OK	
11:57:45.556 PM 6/8/2023	<Active Finish> TX: V46	RX: 0	TX: EX	RX: 0	
