6:28:57.407 PM 6/1/2023	<Active Init> TX: V20=-5000	RX: OK	TX: V21=0	RX: OK	TX: GS30	RX: OK	
6:28:57.740 PM 6/1/2023	<Active Init> TX: V20=0	RX: OK	TX: V21=0	RX: OK	TX: GS30	RX: OK	
6:28:58.073 PM 6/1/2023	<Active Init> TX: V20=0	RX: OK	TX: V21=16	RX: OK	TX: GS30	RX: OK	
6:29:01.365 PM 6/1/2023	<S4DMX> TX: V46	RX: 58	TX: EX	RX: 11298	
6:29:03.011 PM 6/1/2023	<Active Finish> TX: V46	RX: 58	TX: EX	RX: 11298	
6:29:07.739 PM 6/1/2023	<Active Finish> TX: V46	RX: 0	TX: EX	RX: 0	
6:29:20.070 PM 6/1/2023	<Active Finish> TX: V46	RX: 0	TX: EX	RX: 0	
6:29:22.150 PM 6/1/2023	<Active Init> TX: V81=0	RX: OK	TX: V82=1875	RX: OK	TX: V83=3750	RX: OK	TX: V84=5625	RX: OK	TX: V85=7500	RX: OK	TX: V86=9375	RX: OK	TX: V87=11250	RX: OK	TX: V88=13125	RX: OK	TX: V89=15000	RX: OK	TX: V90=16875	RX: OK	TX: V91=18750	RX: OK	TX: V92=20625	RX: OK	TX: V93=22500	RX: OK	TX: V94=24375	RX: OK	TX: V95=26250	RX: OK	TX: V96=28125	RX: OK	TX: V20=900	RX: OK	TX: V21=0	RX: OK	TX: GS30	RX: OK	
6:29:30.694 PM 6/1/2023	<Active Finish> TX: V46	RX: 0	TX: EX	RX: 0	
6:29:33.433 PM 6/1/2023	<Active Init> TX: V20=-200	RX: OK	TX: V21=0	RX: OK	TX: GS30	RX: OK	
6:29:33.765 PM 6/1/2023	<Active Init> TX: V20=0	RX: OK	TX: V21=32	RX: OK	TX: GS30	RX: OK	
6:29:44.174 PM 6/1/2023	<Active Finish> TX: V46	RX: 0	TX: EX	RX: 0	
6:29:54.891 PM 6/1/2023	<Active Finish> TX: V46	RX: 0	TX: V32	RX: 0	
6:29:57.966 PM 6/1/2023	<Active Goto> TX: V20=400000.000	RX: OK	TX: V21=2	RX: OK	TX: GS29	RX: OK	
6:29:58.298 PM 6/1/2023	<Active Goto> TX: V20=0.000	RX: OK	TX: V21=1	RX: OK	TX: GS29	RX: OK	
6:30:00.731 PM 6/1/2023	<Active Finish> TX: V46	RX: 0	TX: EX	RX: 0	
6:30:02.493 PM 6/1/2023	<Active Goto> TX: V20=0.000	RX: OK	TX: V21=1	RX: OK	TX: GS29	RX: OK	
6:30:04.904 PM 6/1/2023	<Active Finish> TX: V46	RX: 0	TX: EX	RX: 0	
6:30:17.965 PM 6/1/2023	<Active Finish> TX: V46	RX: 0	TX: EX	RX: 399999	
7:11:06.353 PM 6/1/2023	<Active Init> TX: V20=0	RX: OK	TX: V21=16	RX: OK	TX: GS30	RX: OK	
7:11:21.822 PM 6/1/2023	<Active Finish> TX: V46	RX: 0	TX: EX	RX: 0	
9:15:38.378 PM 6/1/2023	<Active Goto> TX: V20=1312.000	RX: OK	TX: V21=32	RX: OK	TX: GS29	RX: OK	
9:16:24.933 PM 6/1/2023	<Active Finish> TX: V46	RX: 0	TX: V32	RX: 1312	
9:16:55.320 PM 6/1/2023	<Active Goto> TX: V20=1344.800	RX: OK	TX: V21=32	RX: OK	TX: GS29	RX: OK	
9:16:59.244 PM 6/1/2023	<Active Finish> TX: V46	RX: 0	TX: V32	RX: 1344	
10:39:16.275 PM 6/1/2023	<Active Init> TX: V20=0	RX: OK	TX: V21=16	RX: OK	TX: GS30	RX: OK	
10:39:16.622 PM 6/1/2023	<Active Init> TX: V20=-5000	RX: OK	TX: V21=0	RX: OK	TX: GS30	RX: OK	
10:39:16.953 PM 6/1/2023	<Active Init> TX: V20=0	RX: OK	TX: V21=0	RX: OK	TX: GS30	RX: OK	
10:39:27.130 PM 6/1/2023	<Active Finish> TX: V46	RX: 0	TX: EX	RX: 1	
10:39:28.947 PM 6/1/2023	<Active Finish> TX: V46	RX: 0	TX: EX	RX: 0	
10:39:39.525 PM 6/1/2023	<Active Finish> TX: V46	RX: 0	TX: EX	RX: 0	
10:39:41.588 PM 6/1/2023	<Active Init> TX: V81=0	RX: OK	TX: V82=1875	RX: OK	TX: V83=3750	RX: OK	TX: V84=5625	RX: OK	TX: V85=7500	RX: OK	TX: V86=9375	RX: OK	TX: V87=11250	RX: OK	TX: V88=13125	RX: OK	TX: V89=15000	RX: OK	TX: V90=16875	RX: OK	TX: V91=18750	RX: OK	TX: V92=20625	RX: OK	TX: V93=22500	RX: OK	TX: V94=24375	RX: OK	TX: V95=26250	RX: OK	TX: V96=28125	RX: OK	TX: V20=900	RX: OK	TX: V21=0	RX: OK	TX: GS30	RX: OK	
10:39:50.179 PM 6/1/2023	<Active Finish> TX: V46	RX: 0	TX: EX	RX: 0	
10:39:51.624 PM 6/1/2023	<Active Init> TX: V20=-200	RX: OK	TX: V21=0	RX: OK	TX: GS30	RX: OK	
10:39:51.957 PM 6/1/2023	<Active Init> TX: V20=0	RX: OK	TX: V21=32	RX: OK	TX: GS30	RX: OK	
10:40:02.430 PM 6/1/2023	<Active Finish> TX: V46	RX: 0	TX: EX	RX: 0	
10:40:54.512 PM 6/1/2023	<Active Finish> TX: V46	RX: 0	TX: V32	RX: 0	
10:40:56.101 PM 6/1/2023	<Active Goto> TX: V20=400000.000	RX: OK	TX: V21=2	RX: OK	TX: GS29	RX: OK	
10:40:56.443 PM 6/1/2023	<Active Goto> TX: V20=0.000	RX: OK	TX: V21=1	RX: OK	TX: GS29	RX: OK	
10:40:58.866 PM 6/1/2023	<Active Finish> TX: V46	RX: 0	TX: EX	RX: 0	
10:41:00.615 PM 6/1/2023	<Active Goto> TX: V20=0.000	RX: OK	TX: V21=1	RX: OK	TX: GS29	RX: OK	
10:41:03.086 PM 6/1/2023	<Active Finish> TX: V46	RX: 0	TX: EX	RX: 1	
10:41:16.212 PM 6/1/2023	<Active Finish> TX: V46	RX: 0	TX: EX	RX: 399999	
10:42:00.595 PM 6/1/2023	<Active Goto> TX: V20=1344.800	RX: OK	TX: V21=32	RX: OK	TX: GS29	RX: OK	
10:42:48.012 PM 6/1/2023	<Active Finish> TX: V46	RX: 0	TX: V32	RX: 1344	
10:44:38.285 PM 6/1/2023	<Active Goto> TX: V20=2500.000	RX: OK	TX: V21=16	RX: OK	TX: GS29	RX: OK	
10:44:40.595 PM 6/1/2023	<Active Finish> TX: V46	RX: 0	TX: EX	RX: 2501	
10:44:56.787 PM 6/1/2023	<Active Goto> TX: V20=12500.000	RX: OK	TX: V21=16	RX: OK	TX: GS29	RX: OK	
10:44:59.093 PM 6/1/2023	<Active Finish> TX: V46	RX: 0	TX: EX	RX: 12501	
10:46:49.162 PM 6/1/2023	<Active Goto> TX: V20=25000.000	RX: OK	TX: V21=16	RX: OK	TX: GS29	RX: OK	
10:46:52.322 PM 6/1/2023	<Active Finish> TX: V46	RX: 0	TX: EX	RX: 25000	
10:48:12.304 PM 6/1/2023	<Active Goto> TX: V20=12500.000	RX: OK	TX: V21=16	RX: OK	TX: GS29	RX: OK	
10:48:17.716 PM 6/1/2023	<Active Finish> TX: V46	RX: 0	TX: EX	RX: 12501	
11:53:14.878 PM 6/1/2023	<Active Goto> TX: V20=4800.000	RX: OK	TX: V21=2	RX: OK	TX: GS29	RX: OK	
11:53:15.320 PM 6/1/2023	<Active Goto> TX: V20=800000.000	RX: OK	TX: V21=3	RX: OK	TX: GS29	RX: OK	
11:53:21.916 PM 6/1/2023	<Active Finish> TX: V46	RX: 0	TX: EX	RX: -4797	
11:53:23.780 PM 6/1/2023	<Active Goto> TX: V20=0.000	RX: OK	TX: V21=1	RX: OK	TX: GS29	RX: OK	
11:53:26.206 PM 6/1/2023	<Active Finish> TX: V46	RX: 0	TX: EX	RX: 1	
11:53:35.430 PM 6/1/2023	<Active Finish> TX: V46	RX: 0	TX: EX	RX: 799999	
11:53:37.506 PM 6/1/2023	<Active Init> TX: V81=0	RX: OK	TX: V82=1875	RX: OK	TX: V83=3750	RX: OK	TX: V84=5625	RX: OK	TX: V85=7500	RX: OK	TX: V86=9375	RX: OK	TX: V87=11250	RX: OK	TX: V88=13125	RX: OK	TX: V89=15000	RX: OK	TX: V90=16875	RX: OK	TX: V91=18750	RX: OK	TX: V92=20625	RX: OK	TX: V93=22500	RX: OK	TX: V94=24375	RX: OK	TX: V95=26250	RX: OK	TX: V96=28125	RX: OK	TX: V20=900	RX: OK	TX: V21=0	RX: OK	TX: GS30	RX: OK	
11:53:44.620 PM 6/1/2023	<Active Finish> TX: V46	RX: 0	TX: EX	RX: 1	
11:55:39.915 PM 6/1/2023	<Active Goto> TX: V20=418.200	RX: OK	TX: V21=32	RX: OK	TX: GS29	RX: OK	
11:56:12.862 PM 6/1/2023	<Active Finish> TX: V46	RX: 0	TX: V32	RX: 418	
11:57:07.612 PM 6/1/2023	<Active Finish> TX: V46	RX: 0	TX: EX	RX: 1	
11:58:42.517 PM 6/1/2023	<Active Finish> TX: V46	RX: 0	TX: EX	RX: 1	
11:59:26.029 PM 6/1/2023	<Active Finish> TX: V46	RX: 0	TX: EX	RX: -5624	
