11:01:49.062 2023/10/17	Validate motor init	TX: STOP	RX: OK
11:01:49.064 2023/10/17	Validate motor init	TX: SR0=0	RX: OK
11:01:49.067 2023/10/17	Validate motor init	TX: CLR	RX: OK
11:01:49.069 2023/10/17	Validate motor init	TX: IP	RX: 192.168.1.245
11:01:49.072 2023/10/17	Validate motor init	TX: V45	RX: 16
11:01:49.074 2023/10/17	Validate motor init	TX: V50	RX: 1
11:01:49.596 2023/10/17	Send ID & POL	TX: V49=1	RX: OK
11:01:49.609 2023/10/17	Send ID & POL	TX: POL=16	RX: OK
11:01:50.122 2023/10/17	Send Positions	TX: V51=0	RX: OK
11:01:50.184 2023/10/17	Send Positions	TX: V52=1875	RX: OK
11:01:50.186 2023/10/17	Send Positions	TX: V53=3750	RX: OK
11:01:50.189 2023/10/17	Send Positions	TX: V54=5625	RX: OK
11:01:50.191 2023/10/17	Send Positions	TX: V55=7500	RX: OK
11:01:50.194 2023/10/17	Send Positions	TX: V56=9375	RX: OK
11:01:50.200 2023/10/17	Send Positions	TX: V57=11250	RX: OK
11:01:50.203 2023/10/17	Send Positions	TX: V58=13125	RX: OK
11:01:50.244 2023/10/17	Send Positions	TX: V59=15000	RX: OK
11:01:50.247 2023/10/17	Send Positions	TX: V60=16875	RX: OK
11:01:50.250 2023/10/17	Send Positions	TX: V61=18750	RX: OK
11:01:50.252 2023/10/17	Send Positions	TX: V62=20625	RX: OK
11:01:50.255 2023/10/17	Send Positions	TX: V63=22500	RX: OK
11:01:50.258 2023/10/17	Send Positions	TX: V64=24375	RX: OK
11:01:50.260 2023/10/17	Send Positions	TX: V65=26250	RX: OK
11:01:50.262 2023/10/17	Send Positions	TX: V66=28125	RX: OK
11:01:50.335 2023/10/17	Validate motor init	TX: STOP	RX: OK
11:01:50.337 2023/10/17	Validate motor init	TX: SR0=0	RX: OK
11:01:50.339 2023/10/17	Validate motor init	TX: CLR	RX: OK
11:01:50.342 2023/10/17	Validate motor init	TX: IP	RX: 192.168.1.246
11:01:50.344 2023/10/17	Validate motor init	TX: V45	RX: 80
11:01:50.347 2023/10/17	Validate motor init	TX: V50	RX: 2
11:01:50.869 2023/10/17	Send ID & POL	TX: V49=2	RX: OK
11:01:50.891 2023/10/17	Send ID & POL	TX: POL=80	RX: OK
11:01:50.897 2023/10/17	Validate motor init	TX: STOP	RX: OK
11:01:50.902 2023/10/17	Validate motor init	TX: SR0=0	RX: OK
11:01:50.905 2023/10/17	Validate motor init	TX: CLR	RX: OK
11:01:50.908 2023/10/17	Validate motor init	TX: IP	RX: 192.168.1.247
11:01:50.910 2023/10/17	Validate motor init	TX: V45	RX: 0
11:01:50.996 2023/10/17	Validate motor init	TX: V50	RX: 4
11:01:51.507 2023/10/17	Send ID & POL	TX: V49=4	RX: OK
11:01:51.577 2023/10/17	Send ID & POL	TX: POL=0	RX: OK
11:01:51.584 2023/10/17	Validate motor init	TX: STOP	RX: OK
11:01:51.588 2023/10/17	Validate motor init	TX: SR0=0	RX: OK
11:01:51.591 2023/10/17	Validate motor init	TX: CLR	RX: OK
11:01:51.594 2023/10/17	Validate motor init	TX: IP	RX: 192.168.1.248
11:01:51.654 2023/10/17	Validate motor init	TX: V45	RX: 48
11:01:51.657 2023/10/17	Validate motor init	TX: V50	RX: 8
11:01:52.659 2023/10/17	Can't open 192.168.1.248
11:01:52.705 2023/10/17	Validate motor init	TX: STOP	RX: OK
11:01:52.710 2023/10/17	Validate motor init	TX: SR0=0	RX: OK
11:01:52.713 2023/10/17	Validate motor init	TX: CLR	RX: OK
11:01:52.716 2023/10/17	Validate motor init	TX: IP	RX: 192.168.1.249
11:01:52.718 2023/10/17	Validate motor init	TX: V45	RX: 0
11:01:52.720 2023/10/17	Validate motor init	TX: V50	RX: 48
11:01:53.303 2023/10/17	Send ID & POL	TX: V49=48	RX: OK
11:01:53.306 2023/10/17	Send ID & POL	TX: POL=0	RX: OK
11:01:53.925 2023/10/17	Validate motor init	TX: STOP	RX: OK
11:01:53.938 2023/10/17	Validate motor init	TX: SR0=0	RX: OK
11:01:54.253 2023/10/17	Validate motor init	TX: CLR	RX: OK
11:01:54.281 2023/10/17	Validate motor init	TX: IP	RX: 192.168.1.249
11:01:54.283 2023/10/17	Validate motor init	TX: V45	RX: 0
11:01:54.286 2023/10/17	Validate motor init	TX: V50	RX: 48
11:01:54.804 2023/10/17	Send ID & POL	TX: V49=48	RX: OK
11:01:54.813 2023/10/17	Send ID & POL	TX: POL=0	RX: OK
11:02:37.048 2023/10/17	Validate motor init	TX: STOP	RX: OK
11:02:37.052 2023/10/17	Validate motor init	TX: SR0=0	RX: OK
11:02:37.055 2023/10/17	Validate motor init	TX: CLR	RX: OK
11:02:37.058 2023/10/17	Validate motor init	TX: IP	RX: 192.168.1.245
11:02:37.060 2023/10/17	Validate motor init	TX: V45	RX: 16
11:02:37.063 2023/10/17	Validate motor init	TX: V50	RX: 1
11:02:37.578 2023/10/17	Send ID & POL	TX: V49=1	RX: OK
11:02:37.581 2023/10/17	Send ID & POL	TX: POL=16	RX: OK
11:02:38.099 2023/10/17	Send Positions	TX: V51=0	RX: OK
11:02:38.103 2023/10/17	Send Positions	TX: V52=1875	RX: OK
11:02:38.105 2023/10/17	Send Positions	TX: V53=3750	RX: OK
11:02:38.108 2023/10/17	Send Positions	TX: V54=5625	RX: OK
11:02:38.110 2023/10/17	Send Positions	TX: V55=7500	RX: OK
11:02:38.113 2023/10/17	Send Positions	TX: V56=9375	RX: OK
11:02:38.115 2023/10/17	Send Positions	TX: V57=11250	RX: OK
11:02:38.118 2023/10/17	Send Positions	TX: V58=13125	RX: OK
11:02:38.120 2023/10/17	Send Positions	TX: V59=15000	RX: OK
11:02:38.123 2023/10/17	Send Positions	TX: V60=16875	RX: OK
11:02:38.125 2023/10/17	Send Positions	TX: V61=18750	RX: OK
11:02:38.128 2023/10/17	Send Positions	TX: V62=20625	RX: OK
11:02:38.131 2023/10/17	Send Positions	TX: V63=22500	RX: OK
11:02:38.133 2023/10/17	Send Positions	TX: V64=24375	RX: OK
11:02:38.136 2023/10/17	Send Positions	TX: V65=26250	RX: OK
11:02:38.139 2023/10/17	Send Positions	TX: V66=28125	RX: OK
11:02:38.144 2023/10/17	Validate motor init	TX: STOP	RX: OK
11:02:38.149 2023/10/17	Validate motor init	TX: SR0=0	RX: OK
11:02:38.153 2023/10/17	Validate motor init	TX: CLR	RX: OK
11:02:38.156 2023/10/17	Validate motor init	TX: IP	RX: 192.168.1.246
11:02:38.158 2023/10/17	Validate motor init	TX: V45	RX: 80
11:02:38.161 2023/10/17	Validate motor init	TX: V50	RX: 2
11:02:38.672 2023/10/17	Send ID & POL	TX: V49=2	RX: OK
11:02:38.676 2023/10/17	Send ID & POL	TX: POL=80	RX: OK
11:02:38.681 2023/10/17	Validate motor init	TX: STOP	RX: OK
11:02:38.685 2023/10/17	Validate motor init	TX: SR0=0	RX: OK
11:02:38.690 2023/10/17	Validate motor init	TX: CLR	RX: OK
11:02:38.693 2023/10/17	Validate motor init	TX: IP	RX: 192.168.1.247
11:02:38.695 2023/10/17	Validate motor init	TX: V45	RX: 0
11:02:38.698 2023/10/17	Validate motor init	TX: V50	RX: 4
11:02:39.216 2023/10/17	Send ID & POL	TX: V49=4	RX: OK
11:02:39.219 2023/10/17	Send ID & POL	TX: POL=0	RX: OK
11:02:39.225 2023/10/17	Validate motor init	TX: STOP	RX: OK
11:02:39.230 2023/10/17	Validate motor init	TX: SR0=0	RX: OK
11:02:39.234 2023/10/17	Validate motor init	TX: CLR	RX: OK
11:02:39.237 2023/10/17	Validate motor init	TX: IP	RX: 192.168.1.248
11:02:39.240 2023/10/17	Validate motor init	TX: V45	RX: 48
11:02:39.242 2023/10/17	Validate motor init	TX: V50	RX: 8
11:02:39.765 2023/10/17	Send ID & POL	TX: V49=8	RX: OK
11:02:39.768 2023/10/17	Send ID & POL	TX: POL=48	RX: OK
11:02:40.283 2023/10/17	Validate motor init	TX: STOP	RX: OK
11:02:40.286 2023/10/17	Validate motor init	TX: SR0=0	RX: OK
11:02:40.289 2023/10/17	Validate motor init	TX: CLR	RX: OK
11:02:40.291 2023/10/17	Validate motor init	TX: IP	RX: 192.168.1.249
11:02:40.294 2023/10/17	Validate motor init	TX: V45	RX: 0
11:02:40.296 2023/10/17	Validate motor init	TX: V50	RX: 48
11:02:40.812 2023/10/17	Send ID & POL	TX: V49=48	RX: OK
11:02:40.816 2023/10/17	Send ID & POL	TX: POL=0	RX: OK
11:02:41.326 2023/10/17	Validate motor init	TX: STOP	RX: OK
11:02:41.639 2023/10/17	Validate motor init	TX: SR0=0	RX: OK
11:02:41.642 2023/10/17	Validate motor init	TX: CLR	RX: OK
11:02:41.644 2023/10/17	Validate motor init	TX: IP	RX: 192.168.1.249
11:02:41.647 2023/10/17	Validate motor init	TX: V45	RX: 0
11:02:41.649 2023/10/17	Validate motor init	TX: V50	RX: 48
11:02:42.161 2023/10/17	Send ID & POL	TX: V49=48	RX: OK
11:02:42.164 2023/10/17	Send ID & POL	TX: POL=0	RX: OK
14:31:59.368 2023/10/17	Validate motor init	TX: STOP	RX: OK
14:31:59.372 2023/10/17	Validate motor init	TX: SR0=0	RX: OK
14:31:59.374 2023/10/17	Validate motor init	TX: CLR	RX: OK
14:31:59.377 2023/10/17	Validate motor init	TX: IP	RX: 192.168.1.245
14:31:59.381 2023/10/17	Validate motor init	TX: V45	RX: 16
14:31:59.383 2023/10/17	Validate motor init	TX: V50	RX: 1
14:31:59.438 2023/10/17	Send ID & POL	TX: V49=1	RX: OK
14:31:59.441 2023/10/17	Send ID & POL	TX: POL=16	RX: OK
14:31:59.531 2023/10/17	Send Positions	TX: V51=0	RX: OK
14:31:59.534 2023/10/17	Send Positions	TX: V52=1875	RX: OK
14:31:59.536 2023/10/17	Send Positions	TX: V53=3750	RX: OK
14:31:59.539 2023/10/17	Send Positions	TX: V54=5625	RX: OK
14:31:59.541 2023/10/17	Send Positions	TX: V55=7500	RX: OK
14:31:59.544 2023/10/17	Send Positions	TX: V56=9375	RX: OK
14:31:59.547 2023/10/17	Send Positions	TX: V57=11250	RX: OK
14:31:59.550 2023/10/17	Send Positions	TX: V58=13125	RX: OK
14:31:59.553 2023/10/17	Send Positions	TX: V59=15000	RX: OK
14:31:59.555 2023/10/17	Send Positions	TX: V60=16875	RX: OK
14:31:59.558 2023/10/17	Send Positions	TX: V61=18750	RX: OK
14:31:59.560 2023/10/17	Send Positions	TX: V62=20625	RX: OK
14:31:59.563 2023/10/17	Send Positions	TX: V63=22500	RX: OK
14:31:59.566 2023/10/17	Send Positions	TX: V64=24375	RX: OK
14:31:59.568 2023/10/17	Send Positions	TX: V65=26250	RX: OK
14:31:59.571 2023/10/17	Send Positions	TX: V66=28125	RX: OK
14:31:59.578 2023/10/17	Validate motor init	TX: STOP	RX: OK
14:31:59.583 2023/10/17	Validate motor init	TX: SR0=0	RX: OK
14:31:59.587 2023/10/17	Validate motor init	TX: CLR	RX: OK
14:31:59.590 2023/10/17	Validate motor init	TX: IP	RX: 192.168.1.246
14:31:59.592 2023/10/17	Validate motor init	TX: V45	RX: 80
14:31:59.595 2023/10/17	Validate motor init	TX: V50	RX: 2
14:31:59.649 2023/10/17	Send ID & POL	TX: V49=2	RX: OK
14:31:59.654 2023/10/17	Send ID & POL	TX: POL=80	RX: OK
14:31:59.660 2023/10/17	Validate motor init	TX: STOP	RX: OK
14:31:59.664 2023/10/17	Validate motor init	TX: SR0=0	RX: OK
14:31:59.970 2023/10/17	Validate motor init	TX: CLR	RX: OK
14:31:59.974 2023/10/17	Validate motor init	TX: IP	RX: 192.168.1.247
14:32:00.283 2023/10/17	Validate motor init	TX: V45	RX: 0
14:32:00.598 2023/10/17	Validate motor init	TX: V50	RX: 4
14:32:01.168 2023/10/17	Send ID & POL	TX: V49=4	RX: OK
14:32:01.386 2023/10/17	Send ID & POL	TX: POL=0	RX: OK
14:32:01.397 2023/10/17	Validate motor init	TX: STOP	RX: OK
14:32:01.401 2023/10/17	Validate motor init	TX: SR0=0	RX: OK
14:32:01.712 2023/10/17	Validate motor init	TX: CLR	RX: OK
14:32:01.715 2023/10/17	Validate motor init	TX: IP	RX: 192.168.1.248
14:32:01.718 2023/10/17	Validate motor init	TX: V45	RX: 48
14:32:01.720 2023/10/17	Validate motor init	TX: V50	RX: 8
14:32:01.775 2023/10/17	Send ID & POL	TX: V49=8	RX: OK
14:32:01.780 2023/10/17	Send ID & POL	TX: POL=48	RX: OK
14:32:01.785 2023/10/17	Validate motor init	TX: STOP	RX: OK
14:32:01.789 2023/10/17	Validate motor init	TX: SR0=0	RX: OK
14:32:02.102 2023/10/17	Validate motor init	TX: CLR	RX: OK
14:32:02.105 2023/10/17	Validate motor init	TX: IP	RX: 192.168.1.249
14:32:02.417 2023/10/17	Validate motor init	TX: V45	RX: 0
14:32:02.420 2023/10/17	Validate motor init	TX: V50	RX: 48
14:32:02.476 2023/10/17	Send ID & POL	TX: V49=48	RX: OK
14:32:02.481 2023/10/17	Send ID & POL	TX: POL=0	RX: OK
14:32:03.001 2023/10/17	Validate motor init	TX: STOP	RX: OK
14:32:03.004 2023/10/17	Validate motor init	TX: SR0=0	RX: OK
14:32:03.007 2023/10/17	Validate motor init	TX: CLR	RX: OK
14:32:03.009 2023/10/17	Validate motor init	TX: IP	RX: 192.168.1.249
14:32:03.016 2023/10/17	Validate motor init	TX: V45	RX: 0
14:32:03.019 2023/10/17	Validate motor init	TX: V50	RX: 48
14:32:03.076 2023/10/17	Send ID & POL	TX: V49=48	RX: OK
14:32:03.079 2023/10/17	Send ID & POL	TX: POL=0	RX: OK
14:32:25.960 2023/10/17	Validate motor init	TX: STOP	RX: OK
14:32:25.964 2023/10/17	Validate motor init	TX: SR0=0	RX: OK
14:32:25.969 2023/10/17	Validate motor init	TX: CLR	RX: OK
14:32:25.971 2023/10/17	Validate motor init	TX: IP	RX: 192.168.1.245
14:32:25.974 2023/10/17	Validate motor init	TX: V45	RX: 16
14:32:25.976 2023/10/17	Validate motor init	TX: V50	RX: 1
14:32:26.031 2023/10/17	Send ID & POL	TX: V49=1	RX: OK
14:32:26.037 2023/10/17	Send ID & POL	TX: POL=16	RX: OK
14:32:26.091 2023/10/17	Send Positions	TX: V51=0	RX: OK
14:32:26.095 2023/10/17	Send Positions	TX: V52=1875	RX: OK
14:32:26.098 2023/10/17	Send Positions	TX: V53=3750	RX: OK
14:32:26.100 2023/10/17	Send Positions	TX: V54=5625	RX: OK
14:32:26.103 2023/10/17	Send Positions	TX: V55=7500	RX: OK
14:32:26.105 2023/10/17	Send Positions	TX: V56=9375	RX: OK
14:32:26.108 2023/10/17	Send Positions	TX: V57=11250	RX: OK
14:32:26.110 2023/10/17	Send Positions	TX: V58=13125	RX: OK
14:32:26.113 2023/10/17	Send Positions	TX: V59=15000	RX: OK
14:32:26.115 2023/10/17	Send Positions	TX: V60=16875	RX: OK
14:32:26.118 2023/10/17	Send Positions	TX: V61=18750	RX: OK
14:32:26.121 2023/10/17	Send Positions	TX: V62=20625	RX: OK
14:32:26.122 2023/10/17	Send Positions	TX: V63=22500	RX: OK
14:32:26.126 2023/10/17	Send Positions	TX: V64=24375	RX: OK
14:32:26.128 2023/10/17	Send Positions	TX: V65=26250	RX: OK
14:32:26.130 2023/10/17	Send Positions	TX: V66=28125	RX: OK
14:32:26.194 2023/10/17	Validate motor init	TX: STOP	RX: OK
14:32:26.197 2023/10/17	Validate motor init	TX: SR0=0	RX: OK
14:32:26.199 2023/10/17	Validate motor init	TX: CLR	RX: OK
14:32:26.201 2023/10/17	Validate motor init	TX: IP	RX: 192.168.1.246
14:32:26.204 2023/10/17	Validate motor init	TX: V45	RX: 80
14:32:26.207 2023/10/17	Validate motor init	TX: V50	RX: 2
14:32:26.261 2023/10/17	Send ID & POL	TX: V49=2	RX: OK
14:32:26.265 2023/10/17	Send ID & POL	TX: POL=80	RX: OK
14:32:26.271 2023/10/17	Validate motor init	TX: STOP	RX: OK
14:32:26.275 2023/10/17	Validate motor init	TX: SR0=0	RX: OK
14:32:26.279 2023/10/17	Validate motor init	TX: CLR	RX: OK
14:32:26.281 2023/10/17	Validate motor init	TX: IP	RX: 192.168.1.247
14:32:26.284 2023/10/17	Validate motor init	TX: V45	RX: 0
14:32:26.286 2023/10/17	Validate motor init	TX: V50	RX: 4
14:32:26.341 2023/10/17	Send ID & POL	TX: V49=4	RX: OK
14:32:26.344 2023/10/17	Send ID & POL	TX: POL=0	RX: OK
14:32:26.350 2023/10/17	Validate motor init	TX: STOP	RX: OK
14:32:26.354 2023/10/17	Validate motor init	TX: SR0=0	RX: OK
14:32:26.357 2023/10/17	Validate motor init	TX: CLR	RX: OK
14:32:26.360 2023/10/17	Validate motor init	TX: IP	RX: 192.168.1.248
14:32:26.363 2023/10/17	Validate motor init	TX: V45	RX: 48
14:32:26.365 2023/10/17	Validate motor init	TX: V50	RX: 8
14:32:26.419 2023/10/17	Send ID & POL	TX: V49=8	RX: OK
14:32:26.424 2023/10/17	Send ID & POL	TX: POL=48	RX: OK
14:32:26.429 2023/10/17	Validate motor init	TX: STOP	RX: OK
14:32:26.433 2023/10/17	Validate motor init	TX: SR0=0	RX: OK
14:32:26.438 2023/10/17	Validate motor init	TX: CLR	RX: OK
14:32:26.440 2023/10/17	Validate motor init	TX: IP	RX: 192.168.1.249
14:32:26.443 2023/10/17	Validate motor init	TX: V45	RX: 0
14:32:26.446 2023/10/17	Validate motor init	TX: V50	RX: 48
14:32:26.501 2023/10/17	Send ID & POL	TX: V49=48	RX: OK
14:32:26.504 2023/10/17	Send ID & POL	TX: POL=0	RX: OK
14:32:27.027 2023/10/17	Validate motor init	TX: STOP	RX: OK
14:32:27.030 2023/10/17	Validate motor init	TX: SR0=0	RX: OK
14:32:27.033 2023/10/17	Validate motor init	TX: CLR	RX: OK
14:32:27.036 2023/10/17	Validate motor init	TX: IP	RX: 192.168.1.249
14:32:27.039 2023/10/17	Validate motor init	TX: V45	RX: 0
14:32:27.040 2023/10/17	Validate motor init	TX: V50	RX: 48
14:32:27.096 2023/10/17	Send ID & POL	TX: V49=48	RX: OK
14:32:27.100 2023/10/17	Send ID & POL	TX: POL=0	RX: OK
14:32:42.673 2023/10/17	Validate motor init	TX: STOP	RX: OK
14:32:42.677 2023/10/17	Validate motor init	TX: SR0=0	RX: OK
14:32:42.680 2023/10/17	Validate motor init	TX: CLR	RX: OK
14:32:42.683 2023/10/17	Validate motor init	TX: IP	RX: 192.168.1.245
14:32:42.686 2023/10/17	Validate motor init	TX: V45	RX: 16
14:32:42.688 2023/10/17	Validate motor init	TX: V50	RX: 1
14:32:42.743 2023/10/17	Send ID & POL	TX: V49=1	RX: OK
14:32:42.747 2023/10/17	Send ID & POL	TX: POL=16	RX: OK
14:32:42.803 2023/10/17	Send Positions	TX: V51=0	RX: OK
14:32:42.823 2023/10/17	Send Positions	TX: V52=1875	RX: OK
14:32:42.853 2023/10/17	Send Positions	TX: V53=3750	RX: OK
14:32:42.866 2023/10/17	Send Positions	TX: V54=5625	RX: OK
14:32:42.868 2023/10/17	Send Positions	TX: V55=7500	RX: OK
14:32:42.871 2023/10/17	Send Positions	TX: V56=9375	RX: OK
14:32:42.873 2023/10/17	Send Positions	TX: V57=11250	RX: OK
14:32:42.876 2023/10/17	Send Positions	TX: V58=13125	RX: OK
14:32:42.878 2023/10/17	Send Positions	TX: V59=15000	RX: OK
14:32:42.881 2023/10/17	Send Positions	TX: V60=16875	RX: OK
14:32:42.884 2023/10/17	Send Positions	TX: V61=18750	RX: OK
14:32:42.886 2023/10/17	Send Positions	TX: V62=20625	RX: OK
14:32:42.889 2023/10/17	Send Positions	TX: V63=22500	RX: OK
14:32:42.891 2023/10/17	Send Positions	TX: V64=24375	RX: OK
14:32:42.894 2023/10/17	Send Positions	TX: V65=26250	RX: OK
14:32:42.896 2023/10/17	Send Positions	TX: V66=28125	RX: OK
14:32:42.902 2023/10/17	Validate motor init	TX: STOP	RX: OK
14:32:42.907 2023/10/17	Validate motor init	TX: SR0=0	RX: OK
14:32:42.911 2023/10/17	Validate motor init	TX: CLR	RX: OK
14:32:42.914 2023/10/17	Validate motor init	TX: IP	RX: 192.168.1.246
14:32:42.916 2023/10/17	Validate motor init	TX: V45	RX: 80
14:32:42.919 2023/10/17	Validate motor init	TX: V50	RX: 2
14:32:42.974 2023/10/17	Send ID & POL	TX: V49=2	RX: OK
14:32:43.291 2023/10/17	Send ID & POL	TX: POL=80	RX: OK
14:32:43.296 2023/10/17	Validate motor init	TX: STOP	RX: OK
14:32:43.301 2023/10/17	Validate motor init	TX: SR0=0	RX: OK
14:32:43.304 2023/10/17	Validate motor init	TX: CLR	RX: OK
14:32:43.307 2023/10/17	Validate motor init	TX: IP	RX: 192.168.1.247
14:32:43.310 2023/10/17	Validate motor init	TX: V45	RX: 0
14:32:43.313 2023/10/17	Validate motor init	TX: V50	RX: 4
14:32:43.368 2023/10/17	Send ID & POL	TX: V49=4	RX: OK
14:32:43.372 2023/10/17	Send ID & POL	TX: POL=0	RX: OK
14:32:43.377 2023/10/17	Validate motor init	TX: STOP	RX: OK
14:32:43.382 2023/10/17	Validate motor init	TX: SR0=0	RX: OK
14:32:43.387 2023/10/17	Validate motor init	TX: CLR	RX: OK
14:32:43.390 2023/10/17	Validate motor init	TX: IP	RX: 192.168.1.248
14:32:43.393 2023/10/17	Validate motor init	TX: V45	RX: 48
14:32:43.395 2023/10/17	Validate motor init	TX: V50	RX: 8
14:32:43.450 2023/10/17	Send ID & POL	TX: V49=8	RX: OK
14:32:43.455 2023/10/17	Send ID & POL	TX: POL=48	RX: OK
14:32:43.461 2023/10/17	Validate motor init	TX: STOP	RX: OK
14:32:43.466 2023/10/17	Validate motor init	TX: SR0=0	RX: OK
14:32:43.472 2023/10/17	Validate motor init	TX: CLR	RX: OK
14:32:43.474 2023/10/17	Validate motor init	TX: IP	RX: 192.168.1.249
14:32:43.790 2023/10/17	Validate motor init	TX: V45	RX: 0
14:32:44.104 2023/10/17	Validate motor init	TX: V50	RX: 48
14:32:44.160 2023/10/17	Send ID & POL	TX: V49=48	RX: OK
14:32:44.164 2023/10/17	Send ID & POL	TX: POL=0	RX: OK
14:32:44.685 2023/10/17	Validate motor init	TX: STOP	RX: OK
14:32:44.688 2023/10/17	Validate motor init	TX: SR0=0	RX: OK
14:32:44.999 2023/10/17	Validate motor init	TX: CLR	RX: OK
14:32:45.001 2023/10/17	Validate motor init	TX: IP	RX: 192.168.1.249
14:32:45.004 2023/10/17	Validate motor init	TX: V45	RX: 0
14:32:45.007 2023/10/17	Validate motor init	TX: V50	RX: 48
14:32:45.063 2023/10/17	Send ID & POL	TX: V49=48	RX: OK
14:32:45.066 2023/10/17	Send ID & POL	TX: POL=0	RX: OK
14:33:07.060 2023/10/17	Validate motor init	TX: STOP	RX: OK
14:33:07.064 2023/10/17	Validate motor init	TX: SR0=0	RX: OK
14:33:07.069 2023/10/17	Validate motor init	TX: CLR	RX: OK
14:33:07.071 2023/10/17	Validate motor init	TX: IP	RX: 192.168.1.245
14:33:07.074 2023/10/17	Validate motor init	TX: V45	RX: 16
14:33:07.076 2023/10/17	Validate motor init	TX: V50	RX: 1
14:33:07.131 2023/10/17	Send ID & POL	TX: V49=1	RX: OK
14:33:07.136 2023/10/17	Send ID & POL	TX: POL=16	RX: OK
14:33:07.190 2023/10/17	Send Positions	TX: V51=0	RX: OK
14:33:07.195 2023/10/17	Send Positions	TX: V52=1875	RX: OK
14:33:07.198 2023/10/17	Send Positions	TX: V53=3750	RX: OK
14:33:07.200 2023/10/17	Send Positions	TX: V54=5625	RX: OK
14:33:07.240 2023/10/17	Send Positions	TX: V55=7500	RX: OK
14:33:07.260 2023/10/17	Send Positions	TX: V56=9375	RX: OK
14:33:07.262 2023/10/17	Send Positions	TX: V57=11250	RX: OK
14:33:07.265 2023/10/17	Send Positions	TX: V58=13125	RX: OK
14:33:07.268 2023/10/17	Send Positions	TX: V59=15000	RX: OK
14:33:07.270 2023/10/17	Send Positions	TX: V60=16875	RX: OK
14:33:07.273 2023/10/17	Send Positions	TX: V61=18750	RX: OK
14:33:07.275 2023/10/17	Send Positions	TX: V62=20625	RX: OK
14:33:07.278 2023/10/17	Send Positions	TX: V63=22500	RX: OK
14:33:07.280 2023/10/17	Send Positions	TX: V64=24375	RX: OK
14:33:07.282 2023/10/17	Send Positions	TX: V65=26250	RX: OK
14:33:07.285 2023/10/17	Send Positions	TX: V66=28125	RX: OK
14:33:07.292 2023/10/17	Validate motor init	TX: STOP	RX: OK
14:33:07.296 2023/10/17	Validate motor init	TX: SR0=0	RX: OK
14:33:07.300 2023/10/17	Validate motor init	TX: CLR	RX: OK
14:33:07.303 2023/10/17	Validate motor init	TX: IP	RX: 192.168.1.246
14:33:07.306 2023/10/17	Validate motor init	TX: V45	RX: 80
14:33:07.308 2023/10/17	Validate motor init	TX: V50	RX: 2
14:33:07.364 2023/10/17	Send ID & POL	TX: V49=2	RX: OK
14:33:07.367 2023/10/17	Send ID & POL	TX: POL=80	RX: OK
14:33:07.373 2023/10/17	Validate motor init	TX: STOP	RX: OK
14:33:07.377 2023/10/17	Validate motor init	TX: SR0=0	RX: OK
14:33:07.382 2023/10/17	Validate motor init	TX: CLR	RX: OK
14:33:07.385 2023/10/17	Validate motor init	TX: IP	RX: 192.168.1.247
14:33:07.388 2023/10/17	Validate motor init	TX: V45	RX: 0
14:33:07.390 2023/10/17	Validate motor init	TX: V50	RX: 4
14:33:07.448 2023/10/17	Send ID & POL	TX: V49=4	RX: OK
14:33:07.451 2023/10/17	Send ID & POL	TX: POL=0	RX: OK
14:33:07.456 2023/10/17	Validate motor init	TX: STOP	RX: OK
14:33:07.461 2023/10/17	Validate motor init	TX: SR0=0	RX: OK
14:33:07.465 2023/10/17	Validate motor init	TX: CLR	RX: OK
14:33:07.469 2023/10/17	Validate motor init	TX: IP	RX: 192.168.1.248
14:33:07.471 2023/10/17	Validate motor init	TX: V45	RX: 48
14:33:07.474 2023/10/17	Validate motor init	TX: V50	RX: 8
14:33:07.529 2023/10/17	Send ID & POL	TX: V49=8	RX: OK
14:33:07.533 2023/10/17	Send ID & POL	TX: POL=48	RX: OK
14:33:07.539 2023/10/17	Validate motor init	TX: STOP	RX: OK
14:33:07.543 2023/10/17	Validate motor init	TX: SR0=0	RX: OK
14:33:07.547 2023/10/17	Validate motor init	TX: CLR	RX: OK
14:33:07.551 2023/10/17	Validate motor init	TX: IP	RX: 192.168.1.249
14:33:07.554 2023/10/17	Validate motor init	TX: V45	RX: 0
14:33:07.556 2023/10/17	Validate motor init	TX: V50	RX: 48
14:33:07.611 2023/10/17	Send ID & POL	TX: V49=48	RX: OK
14:33:07.616 2023/10/17	Send ID & POL	TX: POL=0	RX: OK
14:33:08.135 2023/10/17	Validate motor init	TX: STOP	RX: OK
14:33:08.138 2023/10/17	Validate motor init	TX: SR0=0	RX: OK
14:33:08.454 2023/10/17	Validate motor init	TX: CLR	RX: OK
14:33:08.764 2023/10/17	Validate motor init	TX: IP	RX: 192.168.1.249
14:33:09.078 2023/10/17	Validate motor init	TX: V45	RX: 0
14:33:09.080 2023/10/17	Validate motor init	TX: V50	RX: 48
14:33:09.135 2023/10/17	Send ID & POL	TX: V49=48	RX: OK
14:33:09.139 2023/10/17	Send ID & POL	TX: POL=0	RX: OK
14:33:24.843 2023/10/17	Validate motor init	TX: STOP	RX: OK
14:33:24.847 2023/10/17	Validate motor init	TX: SR0=0	RX: OK
14:33:24.851 2023/10/17	Validate motor init	TX: CLR	RX: OK
14:33:24.855 2023/10/17	Validate motor init	TX: IP	RX: 192.168.1.245
14:33:24.856 2023/10/17	Validate motor init	TX: V45	RX: 16
14:33:24.859 2023/10/17	Validate motor init	TX: V50	RX: 1
14:33:24.914 2023/10/17	Send ID & POL	TX: V49=1	RX: OK
14:33:24.918 2023/10/17	Send ID & POL	TX: POL=16	RX: OK
14:33:25.028 2023/10/17	Send Positions	TX: V51=0	RX: OK
14:33:25.330 2023/10/17	Send Positions	TX: V52=1875	RX: OK
14:33:25.333 2023/10/17	Send Positions	TX: V53=3750	RX: OK
14:33:25.336 2023/10/17	Send Positions	TX: V54=5625	RX: OK
14:33:25.338 2023/10/17	Send Positions	TX: V55=7500	RX: OK
14:33:25.340 2023/10/17	Send Positions	TX: V56=9375	RX: OK
14:33:25.343 2023/10/17	Send Positions	TX: V57=11250	RX: OK
14:33:25.346 2023/10/17	Send Positions	TX: V58=13125	RX: OK
14:33:25.349 2023/10/17	Send Positions	TX: V59=15000	RX: OK
14:33:25.350 2023/10/17	Send Positions	TX: V60=16875	RX: OK
14:33:25.354 2023/10/17	Send Positions	TX: V61=18750	RX: OK
14:33:25.356 2023/10/17	Send Positions	TX: V62=20625	RX: OK
14:33:25.358 2023/10/17	Send Positions	TX: V63=22500	RX: OK
14:33:25.364 2023/10/17	Send Positions	TX: V64=24375	RX: OK
14:33:25.367 2023/10/17	Send Positions	TX: V65=26250	RX: OK
14:33:25.370 2023/10/17	Send Positions	TX: V66=28125	RX: OK
14:33:25.376 2023/10/17	Validate motor init	TX: STOP	RX: OK
14:33:25.380 2023/10/17	Validate motor init	TX: SR0=0	RX: OK
14:33:25.383 2023/10/17	Validate motor init	TX: CLR	RX: OK
14:33:25.386 2023/10/17	Validate motor init	TX: IP	RX: 192.168.1.246
14:33:25.389 2023/10/17	Validate motor init	TX: V45	RX: 80
14:33:25.391 2023/10/17	Validate motor init	TX: V50	RX: 2
14:33:25.447 2023/10/17	Send ID & POL	TX: V49=2	RX: OK
14:33:25.451 2023/10/17	Send ID & POL	TX: POL=80	RX: OK
14:33:25.456 2023/10/17	Validate motor init	TX: STOP	RX: OK
14:33:25.460 2023/10/17	Validate motor init	TX: SR0=0	RX: OK
14:33:25.463 2023/10/17	Validate motor init	TX: CLR	RX: OK
14:33:25.466 2023/10/17	Validate motor init	TX: IP	RX: 192.168.1.247
14:33:25.469 2023/10/17	Validate motor init	TX: V45	RX: 0
14:33:25.471 2023/10/17	Validate motor init	TX: V50	RX: 4
14:33:25.528 2023/10/17	Send ID & POL	TX: V49=4	RX: OK
14:33:25.533 2023/10/17	Send ID & POL	TX: POL=0	RX: OK
14:33:25.538 2023/10/17	Validate motor init	TX: STOP	RX: OK
14:33:25.542 2023/10/17	Validate motor init	TX: SR0=0	RX: OK
14:33:25.545 2023/10/17	Validate motor init	TX: CLR	RX: OK
14:33:25.548 2023/10/17	Validate motor init	TX: IP	RX: 192.168.1.248
14:33:25.550 2023/10/17	Validate motor init	TX: V45	RX: 48
14:33:25.554 2023/10/17	Validate motor init	TX: V50	RX: 8
14:33:25.608 2023/10/17	Send ID & POL	TX: V49=8	RX: OK
14:33:25.613 2023/10/17	Send ID & POL	TX: POL=48	RX: OK
14:33:25.618 2023/10/17	Validate motor init	TX: STOP	RX: OK
14:33:25.622 2023/10/17	Validate motor init	TX: SR0=0	RX: OK
14:33:25.625 2023/10/17	Validate motor init	TX: CLR	RX: OK
14:33:25.629 2023/10/17	Validate motor init	TX: IP	RX: 192.168.1.249
14:33:25.631 2023/10/17	Validate motor init	TX: V45	RX: 0
14:33:25.634 2023/10/17	Validate motor init	TX: V50	RX: 48
14:33:25.689 2023/10/17	Send ID & POL	TX: V49=48	RX: OK
14:33:25.693 2023/10/17	Send ID & POL	TX: POL=0	RX: OK
14:33:26.206 2023/10/17	Validate motor init	TX: STOP	RX: OK
14:33:26.209 2023/10/17	Validate motor init	TX: SR0=0	RX: OK
14:33:26.211 2023/10/17	Validate motor init	TX: CLR	RX: OK
14:33:26.213 2023/10/17	Validate motor init	TX: IP	RX: 192.168.1.249
14:33:26.216 2023/10/17	Validate motor init	TX: V45	RX: 0
14:33:26.218 2023/10/17	Validate motor init	TX: V50	RX: 48
14:33:26.275 2023/10/17	Send ID & POL	TX: V49=48	RX: OK
14:33:26.278 2023/10/17	Send ID & POL	TX: POL=0	RX: OK
14:33:43.544 2023/10/17	Validate motor init	TX: STOP	RX: OK
14:33:43.548 2023/10/17	Validate motor init	TX: SR0=0	RX: OK
14:33:43.553 2023/10/17	Validate motor init	TX: CLR	RX: OK
14:33:43.555 2023/10/17	Validate motor init	TX: IP	RX: 192.168.1.245
14:33:43.558 2023/10/17	Validate motor init	TX: V45	RX: 16
14:33:43.560 2023/10/17	Validate motor init	TX: V50	RX: 1
14:33:43.618 2023/10/17	Send ID & POL	TX: V49=1	RX: OK
14:33:43.622 2023/10/17	Send ID & POL	TX: POL=16	RX: OK
14:33:43.678 2023/10/17	Send Positions	TX: V51=0	RX: OK
14:33:43.681 2023/10/17	Send Positions	TX: V52=1875	RX: OK
14:33:43.684 2023/10/17	Send Positions	TX: V53=3750	RX: OK
14:33:43.687 2023/10/17	Send Positions	TX: V54=5625	RX: OK
14:33:43.690 2023/10/17	Send Positions	TX: V55=7500	RX: OK
14:33:43.692 2023/10/17	Send Positions	TX: V56=9375	RX: OK
14:33:43.695 2023/10/17	Send Positions	TX: V57=11250	RX: OK
14:33:43.697 2023/10/17	Send Positions	TX: V58=13125	RX: OK
14:33:43.699 2023/10/17	Send Positions	TX: V59=15000	RX: OK
14:33:43.702 2023/10/17	Send Positions	TX: V60=16875	RX: OK
14:33:43.740 2023/10/17	Send Positions	TX: V61=18750	RX: OK
14:33:43.760 2023/10/17	Send Positions	TX: V62=20625	RX: OK
14:33:43.764 2023/10/17	Send Positions	TX: V63=22500	RX: OK
14:33:43.766 2023/10/17	Send Positions	TX: V64=24375	RX: OK
14:33:43.768 2023/10/17	Send Positions	TX: V65=26250	RX: OK
14:33:43.771 2023/10/17	Send Positions	TX: V66=28125	RX: OK
14:33:43.777 2023/10/17	Validate motor init	TX: STOP	RX: OK
14:33:43.781 2023/10/17	Validate motor init	TX: SR0=0	RX: OK
14:33:43.784 2023/10/17	Validate motor init	TX: CLR	RX: OK
14:33:43.787 2023/10/17	Validate motor init	TX: IP	RX: 192.168.1.246
14:33:43.790 2023/10/17	Validate motor init	TX: V45	RX: 80
14:33:43.792 2023/10/17	Validate motor init	TX: V50	RX: 2
14:33:43.847 2023/10/17	Send ID & POL	TX: V49=2	RX: OK
14:33:43.851 2023/10/17	Send ID & POL	TX: POL=80	RX: OK
14:33:43.858 2023/10/17	Validate motor init	TX: STOP	RX: OK
14:33:43.862 2023/10/17	Validate motor init	TX: SR0=0	RX: OK
14:33:43.867 2023/10/17	Validate motor init	TX: CLR	RX: OK
14:33:43.869 2023/10/17	Validate motor init	TX: IP	RX: 192.168.1.247
14:33:43.874 2023/10/17	Validate motor init	TX: V45	RX: 0
14:33:43.876 2023/10/17	Validate motor init	TX: V50	RX: 4
14:33:44.448 2023/10/17	Send ID & POL	TX: V49=4	RX: OK
14:33:44.759 2023/10/17	Send ID & POL	TX: POL=0	RX: OK
14:33:44.770 2023/10/17	Validate motor init	TX: STOP	RX: OK
14:33:44.775 2023/10/17	Validate motor init	TX: SR0=0	RX: OK
14:33:44.781 2023/10/17	Validate motor init	TX: CLR	RX: OK
14:33:44.784 2023/10/17	Validate motor init	TX: IP	RX: 192.168.1.248
14:33:44.786 2023/10/17	Validate motor init	TX: V45	RX: 48
14:33:44.788 2023/10/17	Validate motor init	TX: V50	RX: 8
14:33:44.844 2023/10/17	Send ID & POL	TX: V49=8	RX: OK
14:33:44.848 2023/10/17	Send ID & POL	TX: POL=48	RX: OK
14:33:44.854 2023/10/17	Validate motor init	TX: STOP	RX: OK
14:33:44.858 2023/10/17	Validate motor init	TX: SR0=0	RX: OK
14:33:44.863 2023/10/17	Validate motor init	TX: CLR	RX: OK
14:33:44.866 2023/10/17	Validate motor init	TX: IP	RX: 192.168.1.249
14:33:44.869 2023/10/17	Validate motor init	TX: V45	RX: 0
14:33:44.871 2023/10/17	Validate motor init	TX: V50	RX: 48
14:33:44.932 2023/10/17	Send ID & POL	TX: V49=48	RX: OK
14:33:44.936 2023/10/17	Send ID & POL	TX: POL=0	RX: OK
14:33:45.449 2023/10/17	Validate motor init	TX: STOP	RX: OK
14:33:45.451 2023/10/17	Validate motor init	TX: SR0=0	RX: OK
14:33:45.456 2023/10/17	Validate motor init	TX: CLR	RX: OK
14:33:45.459 2023/10/17	Validate motor init	TX: IP	RX: 192.168.1.249
14:33:45.769 2023/10/17	Validate motor init	TX: V45	RX: 0
14:33:46.083 2023/10/17	Validate motor init	TX: V50	RX: 48
14:33:46.654 2023/10/17	Send ID & POL	TX: V49=48	RX: OK
14:33:46.658 2023/10/17	Send ID & POL	TX: POL=0	RX: OK
14:34:01.461 2023/10/17	Validate motor init	TX: STOP	RX: OK
14:34:01.464 2023/10/17	Validate motor init	TX: SR0=0	RX: OK
14:34:01.468 2023/10/17	Validate motor init	TX: CLR	RX: OK
14:34:01.471 2023/10/17	Validate motor init	TX: IP	RX: 192.168.1.245
14:34:01.473 2023/10/17	Validate motor init	TX: V45	RX: 16
14:34:01.475 2023/10/17	Validate motor init	TX: V50	RX: 1
14:34:01.530 2023/10/17	Send ID & POL	TX: V49=1	RX: OK
14:34:01.535 2023/10/17	Send ID & POL	TX: POL=16	RX: OK
14:34:01.591 2023/10/17	Send Positions	TX: V51=0	RX: OK
14:34:01.593 2023/10/17	Send Positions	TX: V52=1875	RX: OK
14:34:01.596 2023/10/17	Send Positions	TX: V53=3750	RX: OK
14:34:01.635 2023/10/17	Send Positions	TX: V54=5625	RX: OK
14:34:01.654 2023/10/17	Send Positions	TX: V55=7500	RX: OK
14:34:01.657 2023/10/17	Send Positions	TX: V56=9375	RX: OK
14:34:01.660 2023/10/17	Send Positions	TX: V57=11250	RX: OK
14:34:01.662 2023/10/17	Send Positions	TX: V58=13125	RX: OK
14:34:01.665 2023/10/17	Send Positions	TX: V59=15000	RX: OK
14:34:01.668 2023/10/17	Send Positions	TX: V60=16875	RX: OK
14:34:01.671 2023/10/17	Send Positions	TX: V61=18750	RX: OK
14:34:01.673 2023/10/17	Send Positions	TX: V62=20625	RX: OK
14:34:01.676 2023/10/17	Send Positions	TX: V63=22500	RX: OK
14:34:01.678 2023/10/17	Send Positions	TX: V64=24375	RX: OK
14:34:01.681 2023/10/17	Send Positions	TX: V65=26250	RX: OK
14:34:01.685 2023/10/17	Send Positions	TX: V66=28125	RX: OK
14:34:01.692 2023/10/17	Validate motor init	TX: STOP	RX: OK
14:34:01.696 2023/10/17	Validate motor init	TX: SR0=0	RX: OK
14:34:01.699 2023/10/17	Validate motor init	TX: CLR	RX: OK
14:34:01.702 2023/10/17	Validate motor init	TX: IP	RX: 192.168.1.246
14:34:01.705 2023/10/17	Validate motor init	TX: V45	RX: 80
14:34:01.708 2023/10/17	Validate motor init	TX: V50	RX: 2
14:34:01.764 2023/10/17	Send ID & POL	TX: V49=2	RX: OK
14:34:01.768 2023/10/17	Send ID & POL	TX: POL=80	RX: OK
14:34:01.774 2023/10/17	Validate motor init	TX: STOP	RX: OK
14:34:01.778 2023/10/17	Validate motor init	TX: SR0=0	RX: OK
14:34:01.783 2023/10/17	Validate motor init	TX: CLR	RX: OK
14:34:01.786 2023/10/17	Validate motor init	TX: IP	RX: 192.168.1.247
14:34:01.788 2023/10/17	Validate motor init	TX: V45	RX: 0
14:34:01.790 2023/10/17	Validate motor init	TX: V50	RX: 4
14:34:01.847 2023/10/17	Send ID & POL	TX: V49=4	RX: OK
14:34:01.850 2023/10/17	Send ID & POL	TX: POL=0	RX: OK
14:34:01.856 2023/10/17	Validate motor init	TX: STOP	RX: OK
14:34:01.861 2023/10/17	Validate motor init	TX: SR0=0	RX: OK
14:34:01.865 2023/10/17	Validate motor init	TX: CLR	RX: OK
14:34:02.179 2023/10/17	Validate motor init	TX: IP	RX: 192.168.1.248
14:34:02.493 2023/10/17	Validate motor init	TX: V45	RX: 48
14:34:02.496 2023/10/17	Validate motor init	TX: V50	RX: 8
14:34:02.551 2023/10/17	Send ID & POL	TX: V49=8	RX: OK
14:34:02.555 2023/10/17	Send ID & POL	TX: POL=48	RX: OK
14:34:02.561 2023/10/17	Validate motor init	TX: STOP	RX: OK
14:34:02.565 2023/10/17	Validate motor init	TX: SR0=0	RX: OK
14:34:02.569 2023/10/17	Validate motor init	TX: CLR	RX: OK
14:34:02.573 2023/10/17	Validate motor init	TX: IP	RX: 192.168.1.249
14:34:02.575 2023/10/17	Validate motor init	TX: V45	RX: 0
14:34:02.578 2023/10/17	Validate motor init	TX: V50	RX: 48
14:34:02.632 2023/10/17	Send ID & POL	TX: V49=48	RX: OK
14:34:02.637 2023/10/17	Send ID & POL	TX: POL=0	RX: OK
14:34:03.151 2023/10/17	Validate motor init	TX: STOP	RX: OK
14:34:03.464 2023/10/17	Validate motor init	TX: SR0=0	RX: OK
14:34:03.466 2023/10/17	Validate motor init	TX: CLR	RX: OK
14:34:03.469 2023/10/17	Validate motor init	TX: IP	RX: 192.168.1.249
14:34:03.471 2023/10/17	Validate motor init	TX: V45	RX: 0
14:34:03.474 2023/10/17	Validate motor init	TX: V50	RX: 48
14:34:03.528 2023/10/17	Send ID & POL	TX: V49=48	RX: OK
14:34:03.533 2023/10/17	Send ID & POL	TX: POL=0	RX: OK
14:34:19.600 2023/10/17	Validate motor init	TX: STOP	RX: OK
14:34:19.604 2023/10/17	Validate motor init	TX: SR0=0	RX: OK
14:34:19.607 2023/10/17	Validate motor init	TX: CLR	RX: OK
14:34:19.609 2023/10/17	Validate motor init	TX: IP	RX: 192.168.1.245
14:34:19.613 2023/10/17	Validate motor init	TX: V45	RX: 16
14:34:19.616 2023/10/17	Validate motor init	TX: V50	RX: 1
14:34:19.670 2023/10/17	Send ID & POL	TX: V49=1	RX: OK
14:34:19.675 2023/10/17	Send ID & POL	TX: POL=16	RX: OK
14:34:19.730 2023/10/17	Send Positions	TX: V51=0	RX: OK
14:34:19.733 2023/10/17	Send Positions	TX: V52=1875	RX: OK
14:34:19.736 2023/10/17	Send Positions	TX: V53=3750	RX: OK
14:34:19.775 2023/10/17	Send Positions	TX: V54=5625	RX: OK
14:34:19.795 2023/10/17	Send Positions	TX: V55=7500	RX: OK
14:34:19.797 2023/10/17	Send Positions	TX: V56=9375	RX: OK
14:34:19.800 2023/10/17	Send Positions	TX: V57=11250	RX: OK
14:34:19.802 2023/10/17	Send Positions	TX: V58=13125	RX: OK
14:34:19.805 2023/10/17	Send Positions	TX: V59=15000	RX: OK
14:34:19.807 2023/10/17	Send Positions	TX: V60=16875	RX: OK
14:34:19.810 2023/10/17	Send Positions	TX: V61=18750	RX: OK
14:34:19.813 2023/10/17	Send Positions	TX: V62=20625	RX: OK
14:34:19.815 2023/10/17	Send Positions	TX: V63=22500	RX: OK
14:34:19.818 2023/10/17	Send Positions	TX: V64=24375	RX: OK
14:34:19.820 2023/10/17	Send Positions	TX: V65=26250	RX: OK
14:34:19.823 2023/10/17	Send Positions	TX: V66=28125	RX: OK
14:34:19.828 2023/10/17	Validate motor init	TX: STOP	RX: OK
14:34:19.833 2023/10/17	Validate motor init	TX: SR0=0	RX: OK
14:34:19.835 2023/10/17	Validate motor init	TX: CLR	RX: OK
14:34:19.839 2023/10/17	Validate motor init	TX: IP	RX: 192.168.1.246
14:34:19.841 2023/10/17	Validate motor init	TX: V45	RX: 80
14:34:19.844 2023/10/17	Validate motor init	TX: V50	RX: 2
14:34:19.899 2023/10/17	Send ID & POL	TX: V49=2	RX: OK
14:34:19.903 2023/10/17	Send ID & POL	TX: POL=80	RX: OK
14:34:19.908 2023/10/17	Validate motor init	TX: STOP	RX: OK
14:34:19.913 2023/10/17	Validate motor init	TX: SR0=0	RX: OK
14:34:19.916 2023/10/17	Validate motor init	TX: CLR	RX: OK
14:34:19.919 2023/10/17	Validate motor init	TX: IP	RX: 192.168.1.247
14:34:19.921 2023/10/17	Validate motor init	TX: V45	RX: 0
14:34:19.924 2023/10/17	Validate motor init	TX: V50	RX: 4
14:34:19.979 2023/10/17	Send ID & POL	TX: V49=4	RX: OK
14:34:19.983 2023/10/17	Send ID & POL	TX: POL=0	RX: OK
14:34:19.989 2023/10/17	Validate motor init	TX: STOP	RX: OK
14:34:19.993 2023/10/17	Validate motor init	TX: SR0=0	RX: OK
14:34:19.997 2023/10/17	Validate motor init	TX: CLR	RX: OK
14:34:20.001 2023/10/17	Validate motor init	TX: IP	RX: 192.168.1.248
14:34:20.003 2023/10/17	Validate motor init	TX: V45	RX: 48
14:34:20.005 2023/10/17	Validate motor init	TX: V50	RX: 8
14:34:20.061 2023/10/17	Send ID & POL	TX: V49=8	RX: OK
14:34:20.065 2023/10/17	Send ID & POL	TX: POL=48	RX: OK
14:34:20.575 2023/10/17	Validate motor init	TX: STOP	RX: OK
14:34:20.578 2023/10/17	Validate motor init	TX: SR0=0	RX: OK
14:34:20.580 2023/10/17	Validate motor init	TX: CLR	RX: OK
14:34:20.582 2023/10/17	Validate motor init	TX: IP	RX: 192.168.1.249
14:34:20.585 2023/10/17	Validate motor init	TX: V45	RX: 0
14:34:20.588 2023/10/17	Validate motor init	TX: V50	RX: 48
14:34:20.643 2023/10/17	Send ID & POL	TX: V49=48	RX: OK
14:34:20.646 2023/10/17	Send ID & POL	TX: POL=0	RX: OK
14:34:21.167 2023/10/17	Validate motor init	TX: STOP	RX: OK
14:34:21.475 2023/10/17	Validate motor init	TX: SR0=0	RX: OK
14:34:21.786 2023/10/17	Validate motor init	TX: CLR	RX: OK
14:34:21.790 2023/10/17	Validate motor init	TX: IP	RX: 192.168.1.249
14:34:21.791 2023/10/17	Validate motor init	TX: V45	RX: 0
14:34:21.795 2023/10/17	Validate motor init	TX: V50	RX: 48
14:34:21.850 2023/10/17	Send ID & POL	TX: V49=48	RX: OK
14:34:21.854 2023/10/17	Send ID & POL	TX: POL=0	RX: OK
