1:09:49.664 AM 6/3/2023	<Active Finish> TX: V46	RX: 0	TX: EX	RX: 1	
1:12:58.485 AM 6/3/2023	<Active Finish> TX: V46	RX: 0	TX: EX	RX: 1	
1:13:53.505 AM 6/3/2023	<Active Finish> TX: V46	RX: 0	TX: EX	RX: 1	
1:37:56.577 AM 6/3/2023	<Active Finish> TX: V46	RX: 0	TX: EX	RX: 1	
6:41:02.391 PM 6/3/2023	<Active Init> TX: V20=-5000	RX: OK	TX: V21=0	RX: OK	TX: GS30	RX: OK	
6:41:02.733 PM 6/3/2023	<Active Init> TX: V20=0	RX: OK	TX: V21=0	RX: OK	TX: GS30	RX: OK	
6:41:03.065 PM 6/3/2023	<Active Init> TX: V20=0	RX: OK	TX: V21=16	RX: OK	TX: GS30	RX: OK	
6:41:12.801 PM 6/3/2023	<Active Finish> TX: V46	RX: 0	TX: EX	RX: 1	
6:41:18.345 PM 6/3/2023	<Active Finish> TX: V46	RX: 0	TX: EX	RX: 0	
6:41:43.296 PM 6/3/2023	<Active Finish> TX: V46	RX: 0	TX: EX	RX: 0	
6:41:45.334 PM 6/3/2023	<Active Init> TX: V81=0	RX: OK	TX: V82=1875	RX: OK	TX: V83=3750	RX: OK	TX: V84=5625	RX: OK	TX: V85=7500	RX: OK	TX: V86=9375	RX: OK	TX: V87=11250	RX: OK	TX: V88=13125	RX: OK	TX: V89=15000	RX: OK	TX: V90=16875	RX: OK	TX: V91=18750	RX: OK	TX: V92=20625	RX: OK	TX: V93=22500	RX: OK	TX: V94=24375	RX: OK	TX: V95=26250	RX: OK	TX: V96=28125	RX: OK	TX: V20=900	RX: OK	TX: V21=0	RX: OK	TX: GS30	RX: OK	
6:41:52.472 PM 6/3/2023	<Active Finish> TX: V46	RX: 0	TX: EX	RX: 0	
6:41:54.090 PM 6/3/2023	<Active Init> TX: V20=-200	RX: OK	TX: V21=0	RX: OK	TX: GS30	RX: OK	
6:41:54.429 PM 6/3/2023	<Active Init> TX: V20=0	RX: OK	TX: V21=32	RX: OK	TX: GS30	RX: OK	
6:42:08.721 PM 6/3/2023	<Active Finish> TX: V46	RX: 0	TX: EX	RX: 0	
6:42:17.137 PM 6/3/2023	<Active Finish> TX: V46	RX: 0	TX: V32	RX: 0	
6:42:18.645 PM 6/3/2023	<Active Goto> TX: V20=400000.000	RX: OK	TX: V21=2	RX: OK	TX: GS29	RX: OK	
6:42:18.981 PM 6/3/2023	<Active Goto> TX: V20=0.000	RX: OK	TX: V21=1	RX: OK	TX: GS29	RX: OK	
6:42:21.424 PM 6/3/2023	<Active Finish> TX: V46	RX: 0	TX: EX	RX: 0	
6:42:23.197 PM 6/3/2023	<Active Goto> TX: V20=0.000	RX: OK	TX: V21=1	RX: OK	TX: GS29	RX: OK	
6:42:25.670 PM 6/3/2023	<Active Finish> TX: V46	RX: 0	TX: EX	RX: 1	
6:42:38.705 PM 6/3/2023	<Active Finish> TX: V46	RX: 0	TX: EX	RX: 399998	
6:46:51.078 PM 6/3/2023	<Active Goto> TX: V20=418.200	RX: OK	TX: V21=32	RX: OK	TX: GS29	RX: OK	
6:47:07.303 PM 6/3/2023	<Active Finish> TX: V46	RX: 0	TX: V32	RX: 418	
6:47:47.937 PM 6/3/2023	<Active Goto> TX: V20=800000.000	RX: OK	TX: V21=3	RX: OK	TX: GS29	RX: OK	
6:47:48.281 PM 6/3/2023	<Active Goto> TX: V20=4800.000	RX: OK	TX: V21=2	RX: OK	TX: GS29	RX: OK	
6:47:55.623 PM 6/3/2023	<Active Finish> TX: V46	RX: 0	TX: EX	RX: -4797	
6:47:57.415 PM 6/3/2023	<Active Goto> TX: V20=0.000	RX: OK	TX: V21=1	RX: OK	TX: GS29	RX: OK	
6:47:59.830 PM 6/3/2023	<Active Finish> TX: V46	RX: 0	TX: EX	RX: 1	
6:48:07.650 PM 6/3/2023	<Active Finish> TX: V46	RX: 0	TX: EX	RX: 799998	
6:48:09.691 PM 6/3/2023	<Active Init> TX: V81=0	RX: OK	TX: V82=1875	RX: OK	TX: V83=3750	RX: OK	TX: V84=5625	RX: OK	TX: V85=7500	RX: OK	TX: V86=9375	RX: OK	TX: V87=11250	RX: OK	TX: V88=13125	RX: OK	TX: V89=15000	RX: OK	TX: V90=16875	RX: OK	TX: V91=18750	RX: OK	TX: V92=20625	RX: OK	TX: V93=22500	RX: OK	TX: V94=24375	RX: OK	TX: V95=26250	RX: OK	TX: V96=28125	RX: OK	TX: V20=900	RX: OK	TX: V21=0	RX: OK	TX: GS30	RX: OK	
6:48:16.757 PM 6/3/2023	<Active Finish> TX: V46	RX: 0	TX: EX	RX: 0	
6:50:42.181 PM 6/3/2023	<Active Finish> TX: V46	RX: 0	TX: EX	RX: 0	
6:53:04.627 PM 6/3/2023	<Active Finish> TX: V46	RX: 0	TX: EX	RX: 0	
6:54:30.412 PM 6/3/2023	<Active Finish> TX: V46	RX: 0	TX: EX	RX: 0	
6:56:52.639 PM 6/3/2023	<Active Finish> TX: V46	RX: 0	TX: EX	RX: 0	
7:00:53.072 PM 6/3/2023	<Active Finish> TX: V46	RX: 0	TX: EX	RX: 0	
7:01:07.220 PM 6/3/2023	<Active Finish> TX: V46	RX: 0	TX: EX	RX: -1874	
7:01:23.883 PM 6/3/2023	<Active Finish> TX: V46	RX: 0	TX: EX	RX: -3750	
7:01:38.212 PM 6/3/2023	<Active Finish> TX: V46	RX: 0	TX: EX	RX: -5624	
7:01:52.436 PM 6/3/2023	<Active Finish> TX: V46	RX: 0	TX: EX	RX: -7500	
7:02:06.517 PM 6/3/2023	<Active Finish> TX: V46	RX: 0	TX: EX	RX: -9374	
7:02:22.528 PM 6/3/2023	<Active Finish> TX: V46	RX: 0	TX: EX	RX: -11251	
7:02:35.863 PM 6/3/2023	<Active Finish> TX: V46	RX: 0	TX: EX	RX: -13125	
7:02:50.287 PM 6/3/2023	<Active Finish> TX: V46	RX: 0	TX: EX	RX: -15000	
7:03:06.012 PM 6/3/2023	<Active Finish> TX: V46	RX: 0	TX: EX	RX: -16874	
7:03:21.137 PM 6/3/2023	<Active Finish> TX: V46	RX: 0	TX: EX	RX: -18749	
7:03:37.022 PM 6/3/2023	<Active Finish> TX: V46	RX: 0	TX: EX	RX: -20624	
7:03:52.378 PM 6/3/2023	<Active Finish> TX: V46	RX: 0	TX: EX	RX: -22500	
7:04:07.655 PM 6/3/2023	<Active Finish> TX: V46	RX: 0	TX: EX	RX: -24374	
7:04:22.966 PM 6/3/2023	<Active Finish> TX: V46	RX: 0	TX: EX	RX: -26250	
7:04:38.215 PM 6/3/2023	<Active Finish> TX: V46	RX: 0	TX: EX	RX: -28125	
7:06:58.704 PM 6/3/2023	<Active Goto> TX: V20=0.000	RX: OK	TX: V21=1	RX: OK	TX: GS29	RX: OK	
7:06:59.046 PM 6/3/2023	<Active Goto> TX: V20=4800.000	RX: OK	TX: V21=2	RX: OK	TX: GS29	RX: OK	
7:07:01.545 PM 6/3/2023	<Active Finish> TX: V46	RX: 0	TX: EX	RX: -4797	
7:07:03.352 PM 6/3/2023	<Active Goto> TX: V20=0.000	RX: OK	TX: V21=1	RX: OK	TX: GS29	RX: OK	
7:07:05.808 PM 6/3/2023	<Active Finish> TX: V46	RX: 0	TX: EX	RX: 1	
7:07:37.020 PM 6/3/2023	<Active Finish> TX: V46	RX: 0	TX: EX	RX: 0	
7:07:39.056 PM 6/3/2023	<Active Init> TX: V81=0	RX: OK	TX: V82=1875	RX: OK	TX: V83=3750	RX: OK	TX: V84=5625	RX: OK	TX: V85=7500	RX: OK	TX: V86=9375	RX: OK	TX: V87=11250	RX: OK	TX: V88=13125	RX: OK	TX: V89=15000	RX: OK	TX: V90=16875	RX: OK	TX: V91=18750	RX: OK	TX: V92=20625	RX: OK	TX: V93=22500	RX: OK	TX: V94=24375	RX: OK	TX: V95=26250	RX: OK	TX: V96=28125	RX: OK	TX: V20=900	RX: OK	TX: V21=0	RX: OK	TX: GS30	RX: OK	
7:07:46.860 PM 6/3/2023	<Active Finish> TX: V46	RX: 0	TX: EX	RX: 0	
7:07:55.634 PM 6/3/2023	<Active Finish> TX: V46	RX: 0	TX: EX	RX: 0	
7:08:12.212 PM 6/3/2023	<Active Finish> TX: V46	RX: 0	TX: EX	RX: -1876	
7:08:28.238 PM 6/3/2023	<Active Finish> TX: V46	RX: 0	TX: EX	RX: -3750	
7:08:44.253 PM 6/3/2023	<Active Finish> TX: V46	RX: 0	TX: EX	RX: -5626	
7:08:59.865 PM 6/3/2023	<Active Finish> TX: V46	RX: 0	TX: EX	RX: -7500	
7:09:12.586 PM 6/3/2023	<Active Finish> TX: V46	RX: 0	TX: EX	RX: -9376	
7:09:30.872 PM 6/3/2023	<Active Finish> TX: V46	RX: 0	TX: EX	RX: -11250	
7:09:46.050 PM 6/3/2023	<Active Finish> TX: V46	RX: 0	TX: EX	RX: -13125	
7:10:02.016 PM 6/3/2023	<Active Finish> TX: V46	RX: 0	TX: EX	RX: -15000	
7:10:17.552 PM 6/3/2023	<Active Finish> TX: V46	RX: 0	TX: EX	RX: -16876	
7:10:29.997 PM 6/3/2023	<Active Finish> TX: V46	RX: 0	TX: EX	RX: -18750	
7:10:47.532 PM 6/3/2023	<Active Finish> TX: V46	RX: 0	TX: EX	RX: -20626	
7:11:01.335 PM 6/3/2023	<Active Finish> TX: V46	RX: 0	TX: EX	RX: -22501	
7:11:19.083 PM 6/3/2023	<Active Finish> TX: V46	RX: 0	TX: EX	RX: -24376	
7:11:34.763 PM 6/3/2023	<Active Finish> TX: V46	RX: 0	TX: EX	RX: -26250	
7:11:47.697 PM 6/3/2023	<Active Finish> TX: V46	RX: 0	TX: EX	RX: -28125	
7:12:19.507 PM 6/3/2023	<Active Goto> TX: V20=0.000	RX: OK	TX: V21=1	RX: OK	TX: GS29	RX: OK	
7:12:19.839 PM 6/3/2023	<Active Goto> TX: V20=4800.000	RX: OK	TX: V21=2	RX: OK	TX: GS29	RX: OK	
7:12:21.729 PM 6/3/2023	<Active Finish> TX: V46	RX: 0	TX: EX	RX: 0	
7:12:22.278 PM 6/3/2023	<Active Finish> TX: V46	RX: 0	TX: EX	RX: -4797	
7:12:24.203 PM 6/3/2023	<Active Init> TX: V81=0	RX: OK	TX: V82=1875	RX: OK	TX: V83=3750	RX: OK	TX: V84=5625	RX: OK	TX: V85=7500	RX: OK	TX: V86=9375	RX: OK	TX: V87=11250	RX: OK	TX: V88=13125	RX: OK	TX: V89=15000	RX: OK	TX: V90=16875	RX: OK	TX: V91=18750	RX: OK	TX: V92=20625	RX: OK	TX: V93=22500	RX: OK	TX: V94=24375	RX: OK	TX: V95=26250	RX: OK	TX: V96=28125	RX: OK	TX: V20=900	RX: OK	TX: V21=0	RX: OK	TX: GS30	RX: OK	
7:12:24.556 PM 6/3/2023	<Active Goto> TX: V20=48000.000	RX: OK	TX: V21=5	RX: OK	TX: GS29	RX: OK	
7:12:30.729 PM 6/3/2023	<S4DMX> TX: V46	RX: 139	TX: EX	RX: -47999	
7:12:31.471 PM 6/3/2023	<Active Finish> TX: V46	RX: 0	TX: EX	RX: 0	
7:12:32.019 PM 6/3/2023	<Active Finish> TX: V46	RX: 139	TX: EX	RX: -47999	
7:12:34.075 PM 6/3/2023	<Active Goto> TX: V20=48000.000	RX: OK	TX: V21=5	RX: OK	TX: GS29	RX: OK	
7:12:35.612 PM 6/3/2023	<Active Finish> TX: V46	RX: 0	TX: EX	RX: -47999	
7:14:19.898 PM 6/3/2023	<Active Finish> TX: V46	RX: 0	TX: EX	RX: 0	
7:16:08.462 PM 6/3/2023	<Active Finish> TX: V46	RX: 0	TX: EX	RX: 0	
7:19:14.483 PM 6/3/2023	<Active Finish> TX: V46	RX: 0	TX: EX	RX: 0	
7:19:29.840 PM 6/3/2023	<Active Finish> TX: V46	RX: 0	TX: EX	RX: -1874	
7:19:46.661 PM 6/3/2023	<Active Finish> TX: V46	RX: 0	TX: EX	RX: -3750	
7:20:04.872 PM 6/3/2023	<Active Finish> TX: V46	RX: 0	TX: EX	RX: -5624	
7:20:20.851 PM 6/3/2023	<Active Finish> TX: V46	RX: 0	TX: EX	RX: -7500	
7:20:38.081 PM 6/3/2023	<Active Finish> TX: V46	RX: 0	TX: EX	RX: -9374	
7:20:53.972 PM 6/3/2023	<Active Finish> TX: V46	RX: 0	TX: EX	RX: -11250	
7:21:09.508 PM 6/3/2023	<Active Finish> TX: V46	RX: 0	TX: EX	RX: -13124	
7:21:25.707 PM 6/3/2023	<Active Finish> TX: V46	RX: 0	TX: EX	RX: -15000	
7:21:43.419 PM 6/3/2023	<Active Finish> TX: V46	RX: 0	TX: EX	RX: -16874	
7:21:59.176 PM 6/3/2023	<Active Finish> TX: V46	RX: 0	TX: EX	RX: -18750	
7:22:13.169 PM 6/3/2023	<Active Finish> TX: V46	RX: 0	TX: EX	RX: -20624	
7:22:30.285 PM 6/3/2023	<Active Finish> TX: V46	RX: 0	TX: EX	RX: -22500	
7:22:45.886 PM 6/3/2023	<Active Finish> TX: V46	RX: 0	TX: EX	RX: -24374	
7:23:03.790 PM 6/3/2023	<Active Finish> TX: V46	RX: 0	TX: EX	RX: -26250	
7:23:20.027 PM 6/3/2023	<Active Finish> TX: V46	RX: 0	TX: EX	RX: -28124	
7:24:04.782 PM 6/3/2023	<Active Goto> TX: V20=0.000	RX: OK	TX: V21=1	RX: OK	TX: GS29	RX: OK	
7:24:05.114 PM 6/3/2023	<Active Goto> TX: V20=4800.000	RX: OK	TX: V21=2	RX: OK	TX: GS29	RX: OK	
7:24:06.993 PM 6/3/2023	<Active Finish> TX: V46	RX: 0	TX: EX	RX: 0	
7:24:07.545 PM 6/3/2023	<Active Finish> TX: V46	RX: 0	TX: EX	RX: -4797	
7:24:09.480 PM 6/3/2023	<Active Init> TX: V81=0	RX: OK	TX: V82=1875	RX: OK	TX: V83=3750	RX: OK	TX: V84=5625	RX: OK	TX: V85=7500	RX: OK	TX: V86=9375	RX: OK	TX: V87=11250	RX: OK	TX: V88=13125	RX: OK	TX: V89=15000	RX: OK	TX: V90=16875	RX: OK	TX: V91=18750	RX: OK	TX: V92=20625	RX: OK	TX: V93=22500	RX: OK	TX: V94=24375	RX: OK	TX: V95=26250	RX: OK	TX: V96=28125	RX: OK	TX: V20=900	RX: OK	TX: V21=0	RX: OK	TX: GS30	RX: OK	
7:24:09.832 PM 6/3/2023	<Active Goto> TX: V20=12000.000	RX: OK	TX: V21=2	RX: OK	TX: GS29	RX: OK	
7:24:14.665 PM 6/3/2023	<Active Finish> TX: V46	RX: 0	TX: EX	RX: -11999	
7:24:16.154 PM 6/3/2023	<Active Finish> TX: V46	RX: 0	TX: EX	RX: 0	
7:25:03.365 PM 6/3/2023	<Active Finish> TX: V46	RX: 0	TX: EX	RX: 0	
7:27:42.532 PM 6/3/2023	<Active Finish> TX: V46	RX: 0	TX: EX	RX: 0	
7:28:54.794 PM 6/3/2023	<Active Finish> TX: V46	RX: 0	TX: EX	RX: 0	
7:30:33.511 PM 6/3/2023	<Active Goto> TX: V20=434.436	RX: OK	TX: V21=32	RX: OK	TX: GS29	RX: OK	
7:30:36.596 PM 6/3/2023	<Active Finish> TX: V46	RX: 0	TX: V32	RX: 434	
7:30:37.882 PM 6/3/2023	<Active Goto> TX: V20=413.608	RX: OK	TX: V21=32	RX: OK	TX: GS29	RX: OK	
7:30:40.196 PM 6/3/2023	<Active Finish> TX: V46	RX: 0	TX: V32	RX: 413	
7:30:41.143 PM 6/3/2023	<Active Goto> TX: V20=417.626	RX: OK	TX: V21=32	RX: OK	TX: GS29	RX: OK	
7:30:43.534 PM 6/3/2023	<Active Finish> TX: V46	RX: 0	TX: V32	RX: 417	
7:30:46.913 PM 6/3/2023	<Active Goto> TX: V20=400.570	RX: OK	TX: V21=32	RX: OK	TX: GS29	RX: OK	
7:30:49.221 PM 6/3/2023	<Active Finish> TX: V46	RX: 0	TX: V32	RX: 400	
7:30:50.140 PM 6/3/2023	<Active Goto> TX: V20=400.570	RX: OK	TX: V21=32	RX: OK	TX: GS29	RX: OK	
7:30:51.699 PM 6/3/2023	<Active Finish> TX: V46	RX: 0	TX: V32	RX: 400	
7:30:54.815 PM 6/3/2023	<Active Goto> TX: V20=383.596	RX: OK	TX: V21=32	RX: OK	TX: GS29	RX: OK	
7:30:57.247 PM 6/3/2023	<Active Finish> TX: V46	RX: 0	TX: V32	RX: 383	
7:31:00.210 PM 6/3/2023	<Active Goto> TX: V20=366.622	RX: OK	TX: V21=32	RX: OK	TX: GS29	RX: OK	
7:31:02.594 PM 6/3/2023	<Active Finish> TX: V46	RX: 0	TX: V32	RX: 366	
7:31:19.443 PM 6/3/2023	<Active Goto> TX: V20=360.800	RX: OK	TX: V21=32	RX: OK	TX: GS29	RX: OK	
7:31:21.751 PM 6/3/2023	<Active Finish> TX: V46	RX: 0	TX: V32	RX: 360	
7:31:27.220 PM 6/3/2023	<Active Goto> TX: V20=336.200	RX: OK	TX: V21=32	RX: OK	TX: GS29	RX: OK	
7:31:29.573 PM 6/3/2023	<Active Finish> TX: V46	RX: 0	TX: V32	RX: 336	
7:31:44.566 PM 6/3/2023	<Active Goto> TX: V20=328.000	RX: OK	TX: V21=32	RX: OK	TX: GS29	RX: OK	
7:31:46.976 PM 6/3/2023	<Active Finish> TX: V46	RX: 0	TX: V32	RX: 328	
7:31:59.362 PM 6/3/2023	<Active Goto> TX: V20=344.400	RX: OK	TX: V21=32	RX: OK	TX: GS29	RX: OK	
7:32:02.447 PM 6/3/2023	<Active Finish> TX: V46	RX: 0	TX: V32	RX: 344	
7:32:17.080 PM 6/3/2023	<Active Goto> TX: V20=344.400	RX: OK	TX: V21=32	RX: OK	TX: GS29	RX: OK	
7:32:18.610 PM 6/3/2023	<Active Finish> TX: V46	RX: 0	TX: V32	RX: 344	
7:33:19.606 PM 6/3/2023	<Active Finish> TX: V46	RX: 0	TX: EX	RX: 0	
7:33:34.339 PM 6/3/2023	<Active Finish> TX: V46	RX: 0	TX: EX	RX: -1876	
7:33:38.056 PM 6/3/2023	<Active Goto> TX: V20=352.190	RX: OK	TX: V21=32	RX: OK	TX: GS29	RX: OK	
7:33:41.171 PM 6/3/2023	<Active Finish> TX: V46	RX: 0	TX: V32	RX: 352	
7:33:51.161 PM 6/3/2023	<Active Finish> TX: V46	RX: 0	TX: EX	RX: -3750	
7:33:52.147 PM 6/3/2023	<Active Goto> TX: V20=343.826	RX: OK	TX: V21=32	RX: OK	TX: GS29	RX: OK	
7:33:54.459 PM 6/3/2023	<Active Finish> TX: V46	RX: 0	TX: V32	RX: 343	
7:33:57.781 PM 6/3/2023	<Active Goto> TX: V20=334.806	RX: OK	TX: V21=32	RX: OK	TX: GS29	RX: OK	
7:34:00.225 PM 6/3/2023	<Active Finish> TX: V46	RX: 0	TX: V32	RX: 334	
7:34:07.547 PM 6/3/2023	<Active Finish> TX: V46	RX: 0	TX: EX	RX: -5626	
7:34:10.172 PM 6/3/2023	<Active Goto> TX: V20=325.786	RX: OK	TX: V21=32	RX: OK	TX: GS29	RX: OK	
7:34:12.558 PM 6/3/2023	<Active Finish> TX: V46	RX: 0	TX: V32	RX: 325	
7:34:23.337 PM 6/3/2023	<Active Finish> TX: V46	RX: 0	TX: EX	RX: -7501	
7:34:25.558 PM 6/3/2023	<Active Goto> TX: V20=316.766	RX: OK	TX: V21=32	RX: OK	TX: GS29	RX: OK	
7:34:27.899 PM 6/3/2023	<Active Finish> TX: V46	RX: 0	TX: V32	RX: 316	
7:34:41.661 PM 6/3/2023	<Active Finish> TX: V46	RX: 0	TX: EX	RX: -9376	
7:34:44.311 PM 6/3/2023	<Active Goto> TX: V20=324.228	RX: OK	TX: V21=32	RX: OK	TX: GS29	RX: OK	
7:34:47.538 PM 6/3/2023	<Active Finish> TX: V46	RX: 0	TX: V32	RX: 324	
7:34:54.657 PM 6/3/2023	<Active Finish> TX: V46	RX: 0	TX: EX	RX: -11250	
7:35:12.611 PM 6/3/2023	<Active Finish> TX: V46	RX: 0	TX: EX	RX: -13125	
7:35:28.629 PM 6/3/2023	<Active Finish> TX: V46	RX: 0	TX: EX	RX: -15000	
7:35:46.023 PM 6/3/2023	<Active Finish> TX: V46	RX: 0	TX: EX	RX: -16876	
7:35:59.256 PM 6/3/2023	<Active Finish> TX: V46	RX: 0	TX: EX	RX: -18750	
7:36:11.867 PM 6/3/2023	<Active Finish> TX: V46	RX: 0	TX: EX	RX: -20626	
7:36:29.414 PM 6/3/2023	<Active Finish> TX: V46	RX: 0	TX: EX	RX: -22501	
7:36:45.261 PM 6/3/2023	<Active Finish> TX: V46	RX: 0	TX: EX	RX: -24376	
7:37:00.570 PM 6/3/2023	<Active Finish> TX: V46	RX: 0	TX: EX	RX: -26250	
7:37:17.020 PM 6/3/2023	<Active Finish> TX: V46	RX: 0	TX: EX	RX: -28125	
7:37:44.628 PM 6/3/2023	<Active Goto> TX: V20=4800.000	RX: OK	TX: V21=2	RX: OK	TX: GS29	RX: OK	
7:37:45.081 PM 6/3/2023	<Active Goto> TX: V20=800000.000	RX: OK	TX: V21=3	RX: OK	TX: GS29	RX: OK	
7:37:46.836 PM 6/3/2023	<Active Finish> TX: V46	RX: 0	TX: EX	RX: -4797	
7:37:48.659 PM 6/3/2023	<Active Goto> TX: V20=12000.000	RX: OK	TX: V21=2	RX: OK	TX: GS29	RX: OK	
7:37:51.116 PM 6/3/2023	<Active Finish> TX: V46	RX: 0	TX: EX	RX: -11999	
7:38:23.004 PM 6/3/2023	<Active Finish> TX: V46	RX: 0	TX: EX	RX: 799998	
7:38:25.050 PM 6/3/2023	<Active Init> TX: V81=0	RX: OK	TX: V82=1875	RX: OK	TX: V83=3750	RX: OK	TX: V84=5625	RX: OK	TX: V85=7500	RX: OK	TX: V86=9375	RX: OK	TX: V87=11250	RX: OK	TX: V88=13125	RX: OK	TX: V89=15000	RX: OK	TX: V90=16875	RX: OK	TX: V91=18750	RX: OK	TX: V92=20625	RX: OK	TX: V93=22500	RX: OK	TX: V94=24375	RX: OK	TX: V95=26250	RX: OK	TX: V96=28125	RX: OK	TX: V20=900	RX: OK	TX: V21=0	RX: OK	TX: GS30	RX: OK	
7:38:32.808 PM 6/3/2023	<Active Finish> TX: V46	RX: 0	TX: EX	RX: 0	
7:38:43.091 PM 6/3/2023	<Active Finish> TX: V46	RX: 0	TX: EX	RX: 0	
7:38:58.135 PM 6/3/2023	<Active Finish> TX: V46	RX: 0	TX: EX	RX: -1875	
7:39:14.125 PM 6/3/2023	<Active Finish> TX: V46	RX: 0	TX: EX	RX: -3750	
7:39:31.786 PM 6/3/2023	<Active Finish> TX: V46	RX: 0	TX: EX	RX: -5625	
7:39:47.208 PM 6/3/2023	<Active Finish> TX: V46	RX: 0	TX: EX	RX: -7500	
7:40:03.079 PM 6/3/2023	<Active Finish> TX: V46	RX: 0	TX: EX	RX: -9376	
7:40:18.222 PM 6/3/2023	<Active Finish> TX: V46	RX: 0	TX: EX	RX: -11251	
7:40:33.432 PM 6/3/2023	<Active Finish> TX: V46	RX: 0	TX: EX	RX: -13126	
7:40:48.953 PM 6/3/2023	<Active Finish> TX: V46	RX: 0	TX: EX	RX: -15000	
7:41:01.870 PM 6/3/2023	<Active Finish> TX: V46	RX: 0	TX: EX	RX: -16875	
7:41:17.634 PM 6/3/2023	<Active Finish> TX: V46	RX: 0	TX: EX	RX: -18750	
7:41:33.496 PM 6/3/2023	<Active Finish> TX: V46	RX: 0	TX: EX	RX: -20625	
7:41:51.950 PM 6/3/2023	<Active Finish> TX: V46	RX: 0	TX: EX	RX: -22500	
7:42:07.429 PM 6/3/2023	<Active Finish> TX: V46	RX: 0	TX: EX	RX: -24375	
7:42:20.320 PM 6/3/2023	<Active Finish> TX: V46	RX: 0	TX: EX	RX: -26251	
7:42:38.824 PM 6/3/2023	<Active Finish> TX: V46	RX: 0	TX: EX	RX: -28126	
7:43:18.110 PM 6/3/2023	<Active Goto> TX: V20=800000.000	RX: OK	TX: V21=3	RX: OK	TX: GS29	RX: OK	
7:43:18.453 PM 6/3/2023	<Active Goto> TX: V20=4800.000	RX: OK	TX: V21=2	RX: OK	TX: GS29	RX: OK	
7:43:20.325 PM 6/3/2023	<Active Finish> TX: V46	RX: 0	TX: EX	RX: 799998	
7:43:20.873 PM 6/3/2023	<Active Finish> TX: V46	RX: 0	TX: EX	RX: -4797	
7:43:22.825 PM 6/3/2023	<Active Init> TX: V81=0	RX: OK	TX: V82=1875	RX: OK	TX: V83=3750	RX: OK	TX: V84=5625	RX: OK	TX: V85=7500	RX: OK	TX: V86=9375	RX: OK	TX: V87=11250	RX: OK	TX: V88=13125	RX: OK	TX: V89=15000	RX: OK	TX: V90=16875	RX: OK	TX: V91=18750	RX: OK	TX: V92=20625	RX: OK	TX: V93=22500	RX: OK	TX: V94=24375	RX: OK	TX: V95=26250	RX: OK	TX: V96=28125	RX: OK	TX: V20=900	RX: OK	TX: V21=0	RX: OK	TX: GS30	RX: OK	
7:43:23.171 PM 6/3/2023	<Active Goto> TX: V20=48000.000	RX: OK	TX: V21=5	RX: OK	TX: GS29	RX: OK	
7:43:28.089 PM 6/3/2023	<S4DMX> TX: V46	RX: 139	TX: EX	RX: -47999	
7:43:29.323 PM 6/3/2023	<Active Finish> TX: V46	RX: 139	TX: EX	RX: -47999	
7:43:29.981 PM 6/3/2023	<Active Finish> TX: V46	RX: 0	TX: EX	RX: 1	
7:43:31.056 PM 6/3/2023	<Active Goto> TX: V20=48000.000	RX: OK	TX: V21=5	RX: OK	TX: GS29	RX: OK	
7:43:32.602 PM 6/3/2023	<Active Finish> TX: V46	RX: 0	TX: EX	RX: -47999	
7:43:50.275 PM 6/3/2023	<Active Goto> TX: V20=418.200	RX: OK	TX: V21=32	RX: OK	TX: GS29	RX: OK	
7:43:55.721 PM 6/3/2023	<Active Finish> TX: V46	RX: 0	TX: V32	RX: 418	
7:44:57.587 PM 6/3/2023	<Active Finish> TX: V46	RX: 0	TX: EX	RX: 1	
7:46:39.873 PM 6/3/2023	<Active Finish> TX: V46	RX: 0	TX: EX	RX: 1	
7:46:55.639 PM 6/3/2023	<Active Finish> TX: V46	RX: 0	TX: EX	RX: -1874	
7:47:11.470 PM 6/3/2023	<Active Finish> TX: V46	RX: 0	TX: EX	RX: -3749	
7:47:27.133 PM 6/3/2023	<Active Finish> TX: V46	RX: 0	TX: EX	RX: -5625	
7:47:43.123 PM 6/3/2023	<Active Finish> TX: V46	RX: 0	TX: EX	RX: -7499	
7:48:00.997 PM 6/3/2023	<Active Finish> TX: V46	RX: 0	TX: EX	RX: -9375	
7:48:16.677 PM 6/3/2023	<Active Finish> TX: V46	RX: 0	TX: EX	RX: -11250	
7:48:35.050 PM 6/3/2023	<Active Finish> TX: V46	RX: 0	TX: EX	RX: -13125	
7:48:50.441 PM 6/3/2023	<Active Finish> TX: V46	RX: 0	TX: EX	RX: -15000	
7:49:04.895 PM 6/3/2023	<Active Finish> TX: V46	RX: 0	TX: EX	RX: -16874	
7:49:21.423 PM 6/3/2023	<Active Finish> TX: V46	RX: 0	TX: EX	RX: -18749	
7:49:37.769 PM 6/3/2023	<Active Finish> TX: V46	RX: 0	TX: EX	RX: -20624	
7:49:56.290 PM 6/3/2023	<Active Finish> TX: V46	RX: 0	TX: EX	RX: -22499	
7:50:13.912 PM 6/3/2023	<Active Finish> TX: V46	RX: 0	TX: EX	RX: -24375	
7:50:27.407 PM 6/3/2023	<Active Finish> TX: V46	RX: 0	TX: EX	RX: -26250	
7:50:45.985 PM 6/3/2023	<Active Finish> TX: V46	RX: 0	TX: EX	RX: -28125	
7:51:48.738 PM 6/3/2023	<Active Goto> TX: V20=800000.000	RX: OK	TX: V21=3	RX: OK	TX: GS29	RX: OK	
7:51:49.071 PM 6/3/2023	<Active Goto> TX: V20=4800.000	RX: OK	TX: V21=2	RX: OK	TX: GS29	RX: OK	
7:51:50.946 PM 6/3/2023	<Active Finish> TX: V46	RX: 0	TX: EX	RX: 799998	
7:51:51.503 PM 6/3/2023	<Active Finish> TX: V46	RX: 0	TX: EX	RX: -4797	
7:51:53.440 PM 6/3/2023	<Active Init> TX: V81=0	RX: OK	TX: V82=1875	RX: OK	TX: V83=3750	RX: OK	TX: V84=5625	RX: OK	TX: V85=7500	RX: OK	TX: V86=9375	RX: OK	TX: V87=11250	RX: OK	TX: V88=13125	RX: OK	TX: V89=15000	RX: OK	TX: V90=16875	RX: OK	TX: V91=18750	RX: OK	TX: V92=20625	RX: OK	TX: V93=22500	RX: OK	TX: V94=24375	RX: OK	TX: V95=26250	RX: OK	TX: V96=28125	RX: OK	TX: V20=900	RX: OK	TX: V21=0	RX: OK	TX: GS30	RX: OK	
7:51:53.782 PM 6/3/2023	<Active Goto> TX: V20=0.000	RX: OK	TX: V21=1	RX: OK	TX: GS29	RX: OK	
7:51:57.429 PM 6/3/2023	<Active Finish> TX: V46	RX: 0	TX: EX	RX: 1	
7:51:59.644 PM 6/3/2023	<Active Finish> TX: V46	RX: 0	TX: EX	RX: 0	
7:54:25.547 PM 6/3/2023	<Active Finish> TX: V46	RX: 0	TX: EX	RX: 0	
7:55:59.941 PM 6/3/2023	<Active Finish> TX: V46	RX: 0	TX: EX	RX: 0	
7:57:52.913 PM 6/3/2023	<Active Goto> TX: V20=500.000	RX: OK	TX: V21=16	RX: OK	TX: GS29	RX: OK	
7:57:54.461 PM 6/3/2023	<Active Finish> TX: V46	RX: 0	TX: EX	RX: 501	
7:57:56.060 PM 6/3/2023	<Active Goto> TX: V20=1001.000	RX: OK	TX: V21=16	RX: OK	TX: GS29	RX: OK	
7:57:58.368 PM 6/3/2023	<Active Finish> TX: V46	RX: 0	TX: EX	RX: 1001	
7:57:59.288 PM 6/3/2023	<Active Goto> TX: V20=1501.000	RX: OK	TX: V21=16	RX: OK	TX: GS29	RX: OK	
7:58:00.832 PM 6/3/2023	<Active Finish> TX: V46	RX: 0	TX: EX	RX: 1502	
7:58:02.091 PM 6/3/2023	<Active Goto> TX: V20=2002.000	RX: OK	TX: V21=16	RX: OK	TX: GS29	RX: OK	
7:58:03.635 PM 6/3/2023	<Active Finish> TX: V46	RX: 0	TX: EX	RX: 2002	
7:58:05.220 PM 6/3/2023	<Active Goto> TX: V20=2502.000	RX: OK	TX: V21=16	RX: OK	TX: GS29	RX: OK	
7:58:06.766 PM 6/3/2023	<Active Finish> TX: V46	RX: 0	TX: EX	RX: 2503	
7:58:08.016 PM 6/3/2023	<Active Goto> TX: V20=3003.000	RX: OK	TX: V21=16	RX: OK	TX: GS29	RX: OK	
7:58:09.589 PM 6/3/2023	<Active Finish> TX: V46	RX: 0	TX: EX	RX: 3004	
7:58:11.237 PM 6/3/2023	<Active Goto> TX: V20=3504.000	RX: OK	TX: V21=16	RX: OK	TX: GS29	RX: OK	
7:58:12.789 PM 6/3/2023	<Active Finish> TX: V46	RX: 0	TX: EX	RX: 3506	
7:58:14.026 PM 6/3/2023	<Active Goto> TX: V20=4006.000	RX: OK	TX: V21=16	RX: OK	TX: GS29	RX: OK	
7:58:15.602 PM 6/3/2023	<Active Finish> TX: V46	RX: 0	TX: EX	RX: 4008	
7:58:17.266 PM 6/3/2023	<Active Goto> TX: V20=4508.000	RX: OK	TX: V21=16	RX: OK	TX: GS29	RX: OK	
7:58:18.873 PM 6/3/2023	<Active Finish> TX: V46	RX: 0	TX: EX	RX: 4510	
7:58:20.151 PM 6/3/2023	<Active Goto> TX: V20=5010.000	RX: OK	TX: V21=16	RX: OK	TX: GS29	RX: OK	
7:58:21.684 PM 6/3/2023	<Active Finish> TX: V46	RX: 0	TX: EX	RX: 5012	
7:58:23.281 PM 6/3/2023	<Active Goto> TX: V20=5512.000	RX: OK	TX: V21=16	RX: OK	TX: GS29	RX: OK	
7:58:24.928 PM 6/3/2023	<Active Finish> TX: V46	RX: 0	TX: EX	RX: 5514	
7:58:59.340 PM 6/3/2023	<Active Goto> TX: V20=434.436	RX: OK	TX: V21=32	RX: OK	TX: GS29	RX: OK	
7:59:02.440 PM 6/3/2023	<Active Finish> TX: V46	RX: 0	TX: V32	RX: 434	
7:59:09.025 PM 6/3/2023	<Active Goto> TX: V20=450.426	RX: OK	TX: V21=32	RX: OK	TX: GS29	RX: OK	
7:59:12.142 PM 6/3/2023	<Active Finish> TX: V46	RX: 0	TX: V32	RX: 450	
7:59:17.230 PM 6/3/2023	<Active Goto> TX: V20=466.416	RX: OK	TX: V21=32	RX: OK	TX: GS29	RX: OK	
7:59:20.453 PM 6/3/2023	<Active Finish> TX: V46	RX: 0	TX: V32	RX: 466	
7:59:25.842 PM 6/3/2023	<Active Goto> TX: V20=482.406	RX: OK	TX: V21=32	RX: OK	TX: GS29	RX: OK	
7:59:28.990 PM 6/3/2023	<Active Finish> TX: V46	RX: 0	TX: V32	RX: 482	
7:59:39.206 PM 6/3/2023	<Active Goto> TX: V20=483.800	RX: OK	TX: V21=32	RX: OK	TX: GS29	RX: OK	
7:59:41.543 PM 6/3/2023	<Active Finish> TX: V46	RX: 0	TX: V32	RX: 483	
7:59:46.272 PM 6/3/2023	<Active Goto> TX: V20=475.600	RX: OK	TX: V21=32	RX: OK	TX: GS29	RX: OK	
7:59:48.593 PM 6/3/2023	<Active Finish> TX: V46	RX: 0	TX: V32	RX: 475	
8:00:04.678 PM 6/3/2023	<Active Goto> TX: V20=483.226	RX: OK	TX: V21=32	RX: OK	TX: GS29	RX: OK	
8:00:07.765 PM 6/3/2023	<Active Finish> TX: V46	RX: 0	TX: V32	RX: 483	
8:00:17.385 PM 6/3/2023	<Active Goto> TX: V20=491.180	RX: OK	TX: V21=32	RX: OK	TX: GS29	RX: OK	
8:00:20.512 PM 6/3/2023	<Active Finish> TX: V46	RX: 0	TX: V32	RX: 491	
8:00:34.593 PM 6/3/2023	<Active Goto> TX: V20=574.000	RX: OK	TX: V21=32	RX: OK	TX: GS29	RX: OK	
8:00:40.233 PM 6/3/2023	<Active Finish> TX: V46	RX: 0	TX: V32	RX: 574	
8:00:50.936 PM 6/3/2023	<Active Goto> TX: V20=582.200	RX: OK	TX: V21=32	RX: OK	TX: GS29	RX: OK	
8:00:54.102 PM 6/3/2023	<Active Finish> TX: V46	RX: 0	TX: V32	RX: 582	
8:02:40.382 PM 6/3/2023	<Active Finish> TX: V46	RX: 0	TX: EX	RX: 0	
8:06:42.294 PM 6/3/2023	<Active Finish> TX: V46	RX: 0	TX: EX	RX: 0	
8:08:36.623 PM 6/3/2023	<Active Finish> TX: V46	RX: 0	TX: EX	RX: 0	
8:09:50.345 PM 6/3/2023	<Active Finish> TX: V46	RX: 0	TX: EX	RX: 0	
8:11:01.432 PM 6/3/2023	<Active Finish> TX: V46	RX: 0	TX: EX	RX: 0	
8:11:58.024 PM 6/3/2023	<Active Finish> TX: V46	RX: 0	TX: EX	RX: 0	
8:19:17.866 PM 6/3/2023	<Active Finish> TX: V46	RX: 0	TX: EX	RX: 0	
8:19:58.274 PM 6/3/2023	<Active Finish> TX: V46	RX: 0	TX: EX	RX: -1875	
8:20:38.118 PM 6/3/2023	<Active Finish> TX: V46	RX: 0	TX: EX	RX: -3750	
8:21:18.506 PM 6/3/2023	<Active Finish> TX: V46	RX: 0	TX: EX	RX: -5626	
8:21:58.346 PM 6/3/2023	<Active Finish> TX: V46	RX: 0	TX: EX	RX: -7500	
8:22:39.197 PM 6/3/2023	<Active Finish> TX: V46	RX: 0	TX: EX	RX: -9376	
8:29:11.650 PM 6/3/2023	<Active Finish> TX: V46	RX: 0	TX: EX	RX: 0	
8:29:52.982 PM 6/3/2023	<Active Finish> TX: V46	RX: 0	TX: EX	RX: -1875	
8:30:32.396 PM 6/3/2023	<Active Finish> TX: V46	RX: 0	TX: EX	RX: -3750	
8:31:13.488 PM 6/3/2023	<Active Finish> TX: V46	RX: 0	TX: EX	RX: -5626	
8:31:54.290 PM 6/3/2023	<Active Finish> TX: V46	RX: 0	TX: EX	RX: -7500	
8:32:33.594 PM 6/3/2023	<Active Finish> TX: V46	RX: 0	TX: EX	RX: -9376	
8:33:13.736 PM 6/3/2023	<Active Finish> TX: V46	RX: 0	TX: EX	RX: -11251	
8:33:54.509 PM 6/3/2023	<Active Finish> TX: V46	RX: 0	TX: EX	RX: -13126	
8:34:35.061 PM 6/3/2023	<Active Finish> TX: V46	RX: 0	TX: EX	RX: 0	
8:35:14.589 PM 6/3/2023	<Active Finish> TX: V46	RX: 0	TX: EX	RX: -1876	
8:35:54.257 PM 6/3/2023	<Active Finish> TX: V46	RX: 0	TX: EX	RX: -3750	
8:36:34.560 PM 6/3/2023	<Active Finish> TX: V46	RX: 0	TX: EX	RX: -5626	
8:37:15.184 PM 6/3/2023	<Active Finish> TX: V46	RX: 0	TX: EX	RX: -7500	
8:37:55.463 PM 6/3/2023	<Active Finish> TX: V46	RX: 0	TX: EX	RX: -9376	
8:38:35.319 PM 6/3/2023	<Active Finish> TX: V46	RX: 0	TX: EX	RX: -11251	
8:39:16.011 PM 6/3/2023	<Active Finish> TX: V46	RX: 0	TX: EX	RX: -13126	
8:39:57.167 PM 6/3/2023	<Active Finish> TX: V46	RX: 0	TX: EX	RX: 0	
8:40:36.338 PM 6/3/2023	<Active Finish> TX: V46	RX: 0	TX: EX	RX: -1875	
8:41:16.233 PM 6/3/2023	<Active Finish> TX: V46	RX: 0	TX: EX	RX: -3750	
8:41:56.810 PM 6/3/2023	<Active Finish> TX: V46	RX: 0	TX: EX	RX: -5626	
8:42:36.848 PM 6/3/2023	<Active Finish> TX: V46	RX: 0	TX: EX	RX: -7500	
8:43:17.839 PM 6/3/2023	<Active Finish> TX: V46	RX: 0	TX: EX	RX: -9376	
8:43:58.065 PM 6/3/2023	<Active Finish> TX: V46	RX: 0	TX: EX	RX: -11251	
8:44:37.406 PM 6/3/2023	<Active Finish> TX: V46	RX: 0	TX: EX	RX: -13126	
8:45:19.690 PM 6/3/2023	<Active Finish> TX: V46	RX: 0	TX: EX	RX: 0	
8:45:59.291 PM 6/3/2023	<Active Finish> TX: V46	RX: 0	TX: EX	RX: -1875	
8:46:38.943 PM 6/3/2023	<Active Finish> TX: V46	RX: 0	TX: EX	RX: -3750	
8:47:18.462 PM 6/3/2023	<Active Finish> TX: V46	RX: 0	TX: EX	RX: -5626	
8:48:00.006 PM 6/3/2023	<Active Finish> TX: V46	RX: 0	TX: EX	RX: -7500	
8:48:39.646 PM 6/3/2023	<Active Finish> TX: V46	RX: 0	TX: EX	RX: -9376	
8:49:20.457 PM 6/3/2023	<Active Finish> TX: V46	RX: 0	TX: EX	RX: -11251	
8:50:00.323 PM 6/3/2023	<Active Finish> TX: V46	RX: 0	TX: EX	RX: -13126	
8:50:41.891 PM 6/3/2023	<Active Finish> TX: V46	RX: 0	TX: EX	RX: 0	
8:51:21.167 PM 6/3/2023	<Active Finish> TX: V46	RX: 0	TX: EX	RX: -1875	
8:52:00.437 PM 6/3/2023	<Active Finish> TX: V46	RX: 0	TX: EX	RX: -3750	
8:52:40.668 PM 6/3/2023	<Active Finish> TX: V46	RX: 0	TX: EX	RX: -5626	
8:53:21.469 PM 6/3/2023	<Active Finish> TX: V46	RX: 0	TX: EX	RX: -7500	
8:54:01.698 PM 6/3/2023	<Active Finish> TX: V46	RX: 0	TX: EX	RX: -9376	
8:54:42.144 PM 6/3/2023	<Active Finish> TX: V46	RX: 0	TX: EX	RX: -11251	
8:55:22.375 PM 6/3/2023	<Active Finish> TX: V46	RX: 0	TX: EX	RX: -13126	
8:56:03.469 PM 6/3/2023	<Active Finish> TX: V46	RX: 0	TX: EX	RX: 0	
8:56:42.605 PM 6/3/2023	<Active Finish> TX: V46	RX: 0	TX: EX	RX: -1875	
8:57:23.100 PM 6/3/2023	<Active Finish> TX: V46	RX: 0	TX: EX	RX: -3750	
8:58:03.217 PM 6/3/2023	<Active Finish> TX: V46	RX: 0	TX: EX	RX: -5626	
8:58:43.206 PM 6/3/2023	<Active Finish> TX: V46	RX: 0	TX: EX	RX: -7500	
8:59:23.747 PM 6/3/2023	<Active Finish> TX: V46	RX: 0	TX: EX	RX: -9376	
9:00:03.497 PM 6/3/2023	<Active Finish> TX: V46	RX: 0	TX: EX	RX: -11251	
9:00:43.470 PM 6/3/2023	<Active Finish> TX: V46	RX: 0	TX: EX	RX: -13126	
9:01:24.862 PM 6/3/2023	<Active Finish> TX: V46	RX: 0	TX: EX	RX: 0	
9:02:04.379 PM 6/3/2023	<Active Finish> TX: V46	RX: 0	TX: EX	RX: -1875	
9:02:44.556 PM 6/3/2023	<Active Finish> TX: V46	RX: 0	TX: EX	RX: -3750	
9:03:24.393 PM 6/3/2023	<Active Finish> TX: V46	RX: 0	TX: EX	RX: -5626	
9:04:04.790 PM 6/3/2023	<Active Finish> TX: V46	RX: 0	TX: EX	RX: -7500	
9:04:44.980 PM 6/3/2023	<Active Finish> TX: V46	RX: 0	TX: EX	RX: -9376	
9:05:25.443 PM 6/3/2023	<Active Finish> TX: V46	RX: 0	TX: EX	RX: -11251	
9:06:05.778 PM 6/3/2023	<Active Finish> TX: V46	RX: 0	TX: EX	RX: -13126	
9:06:46.739 PM 6/3/2023	<Active Finish> TX: V46	RX: 0	TX: EX	RX: 0	
9:07:26.531 PM 6/3/2023	<Active Finish> TX: V46	RX: 0	TX: EX	RX: -1875	
9:08:06.257 PM 6/3/2023	<Active Finish> TX: V46	RX: 0	TX: EX	RX: -3750	
9:08:46.610 PM 6/3/2023	<Active Finish> TX: V46	RX: 0	TX: EX	RX: -5626	
9:09:26.952 PM 6/3/2023	<Active Finish> TX: V46	RX: 0	TX: EX	RX: -7500	
9:10:06.925 PM 6/3/2023	<Active Finish> TX: V46	RX: 0	TX: EX	RX: -9376	
9:10:47.266 PM 6/3/2023	<Active Finish> TX: V46	RX: 0	TX: EX	RX: -11251	
9:11:27.534 PM 6/3/2023	<Active Finish> TX: V46	RX: 0	TX: EX	RX: -13126	
9:12:08.398 PM 6/3/2023	<Active Finish> TX: V46	RX: 0	TX: EX	RX: 0	
9:12:47.858 PM 6/3/2023	<Active Finish> TX: V46	RX: 0	TX: EX	RX: -1875	
9:13:27.663 PM 6/3/2023	<Active Finish> TX: V46	RX: 0	TX: EX	RX: -3750	
9:14:08.296 PM 6/3/2023	<Active Finish> TX: V46	RX: 0	TX: EX	RX: -5626	
9:14:48.421 PM 6/3/2023	<Active Finish> TX: V46	RX: 0	TX: EX	RX: -7500	
9:15:29.351 PM 6/3/2023	<Active Finish> TX: V46	RX: 0	TX: EX	RX: -9376	
9:16:09.405 PM 6/3/2023	<Active Finish> TX: V46	RX: 0	TX: EX	RX: -11251	
9:16:48.795 PM 6/3/2023	<Active Finish> TX: V46	RX: 0	TX: EX	RX: -13126	
9:17:30.471 PM 6/3/2023	<Active Finish> TX: V46	RX: 0	TX: EX	RX: 0	
9:18:09.679 PM 6/3/2023	<Active Finish> TX: V46	RX: 0	TX: EX	RX: -1875	
9:18:50.047 PM 6/3/2023	<Active Finish> TX: V46	RX: 0	TX: EX	RX: -3750	
9:19:29.600 PM 6/3/2023	<Active Finish> TX: V46	RX: 0	TX: EX	RX: -5626	
9:20:09.832 PM 6/3/2023	<Active Finish> TX: V46	RX: 0	TX: EX	RX: -7500	
9:20:50.850 PM 6/3/2023	<Active Finish> TX: V46	RX: 0	TX: EX	RX: -9376	
9:21:30.309 PM 6/3/2023	<Active Finish> TX: V46	RX: 0	TX: EX	RX: -11251	
9:22:11.285 PM 6/3/2023	<Active Finish> TX: V46	RX: 0	TX: EX	RX: -13126	
9:22:52.178 PM 6/3/2023	<Active Finish> TX: V46	RX: 0	TX: EX	RX: 0	
9:23:31.935 PM 6/3/2023	<Active Finish> TX: V46	RX: 0	TX: EX	RX: -1875	
9:24:12.203 PM 6/3/2023	<Active Finish> TX: V46	RX: 0	TX: EX	RX: -3750	
9:24:51.980 PM 6/3/2023	<Active Finish> TX: V46	RX: 0	TX: EX	RX: -5626	
9:25:32.104 PM 6/3/2023	<Active Finish> TX: V46	RX: 0	TX: EX	RX: -7500	
9:26:11.800 PM 6/3/2023	<Active Finish> TX: V46	RX: 0	TX: EX	RX: -9376	
9:26:52.417 PM 6/3/2023	<Active Finish> TX: V46	RX: 0	TX: EX	RX: -11251	
9:27:33.072 PM 6/3/2023	<Active Finish> TX: V46	RX: 0	TX: EX	RX: -13126	
9:28:14.253 PM 6/3/2023	<Active Finish> TX: V46	RX: 0	TX: EX	RX: 0	
9:28:53.076 PM 6/3/2023	<Active Finish> TX: V46	RX: 0	TX: EX	RX: -1876	
9:29:32.850 PM 6/3/2023	<Active Finish> TX: V46	RX: 0	TX: EX	RX: -3750	
9:30:13.800 PM 6/3/2023	<Active Finish> TX: V46	RX: 0	TX: EX	RX: -5626	
9:30:53.626 PM 6/3/2023	<Active Finish> TX: V46	RX: 0	TX: EX	RX: -7500	
9:31:33.850 PM 6/3/2023	<Active Finish> TX: V46	RX: 0	TX: EX	RX: -9376	
9:32:14.226 PM 6/3/2023	<Active Finish> TX: V46	RX: 0	TX: EX	RX: -11251	
9:32:54.806 PM 6/3/2023	<Active Finish> TX: V46	RX: 0	TX: EX	RX: -13126	
9:33:35.851 PM 6/3/2023	<Active Finish> TX: V46	RX: 0	TX: EX	RX: 0	
9:34:15.298 PM 6/3/2023	<Active Finish> TX: V46	RX: 0	TX: EX	RX: -1875	
9:34:55.509 PM 6/3/2023	<Active Finish> TX: V46	RX: 0	TX: EX	RX: -3750	
9:35:35.320 PM 6/3/2023	<Active Finish> TX: V46	RX: 0	TX: EX	RX: -5626	
9:36:15.090 PM 6/3/2023	<Active Finish> TX: V46	RX: 0	TX: EX	RX: -7500	
9:36:55.058 PM 6/3/2023	<Active Finish> TX: V46	RX: 0	TX: EX	RX: -9376	
9:37:35.788 PM 6/3/2023	<Active Finish> TX: V46	RX: 0	TX: EX	RX: -11251	
9:38:15.853 PM 6/3/2023	<Active Finish> TX: V46	RX: 0	TX: EX	RX: -13126	
9:38:56.892 PM 6/3/2023	<Active Finish> TX: V46	RX: 0	TX: EX	RX: 0	
9:39:36.599 PM 6/3/2023	<Active Finish> TX: V46	RX: 0	TX: EX	RX: -1875	
9:40:17.140 PM 6/3/2023	<Active Finish> TX: V46	RX: 0	TX: EX	RX: -3750	
9:40:56.790 PM 6/3/2023	<Active Finish> TX: V46	RX: 0	TX: EX	RX: -5626	
9:41:36.707 PM 6/3/2023	<Active Finish> TX: V46	RX: 0	TX: EX	RX: -7500	
9:42:17.234 PM 6/3/2023	<Active Finish> TX: V46	RX: 0	TX: EX	RX: -9376	
9:42:57.158 PM 6/3/2023	<Active Finish> TX: V46	RX: 0	TX: EX	RX: -11251	
9:43:37.409 PM 6/3/2023	<Active Finish> TX: V46	RX: 0	TX: EX	RX: -13126	
9:44:18.765 PM 6/3/2023	<Active Finish> TX: V46	RX: 0	TX: EX	RX: 0	
9:44:57.909 PM 6/3/2023	<Active Finish> TX: V46	RX: 0	TX: EX	RX: -1875	
9:45:38.054 PM 6/3/2023	<Active Finish> TX: V46	RX: 0	TX: EX	RX: -3750	
9:46:18.898 PM 6/3/2023	<Active Finish> TX: V46	RX: 0	TX: EX	RX: -5626	
9:46:58.618 PM 6/3/2023	<Active Finish> TX: V46	RX: 0	TX: EX	RX: -7500	
9:47:39.165 PM 6/3/2023	<Active Finish> TX: V46	RX: 0	TX: EX	RX: -9376	
9:48:19.525 PM 6/3/2023	<Active Finish> TX: V46	RX: 0	TX: EX	RX: -11250	
9:48:59.177 PM 6/3/2023	<Active Finish> TX: V46	RX: 0	TX: EX	RX: -13126	
9:49:40.119 PM 6/3/2023	<Active Finish> TX: V46	RX: 0	TX: EX	RX: 0	
9:50:20.225 PM 6/3/2023	<Active Finish> TX: V46	RX: 0	TX: EX	RX: -1875	
9:51:00.101 PM 6/3/2023	<Active Finish> TX: V46	RX: 0	TX: EX	RX: -3750	
9:51:40.372 PM 6/3/2023	<Active Finish> TX: V46	RX: 0	TX: EX	RX: -5626	
9:52:20.536 PM 6/3/2023	<Active Finish> TX: V46	RX: 0	TX: EX	RX: -7500	
9:53:00.803 PM 6/3/2023	<Active Finish> TX: V46	RX: 0	TX: EX	RX: -9376	
9:53:41.627 PM 6/3/2023	<Active Finish> TX: V46	RX: 0	TX: EX	RX: -11251	
9:57:29.302 PM 6/3/2023	<Active Finish> TX: V46	RX: 0	TX: EX	RX: 0	
9:58:08.303 PM 6/3/2023	<Active Finish> TX: V46	RX: 0	TX: EX	RX: -1875	
9:58:47.508 PM 6/3/2023	<Active Finish> TX: V46	RX: 0	TX: EX	RX: -3750	
9:59:25.225 PM 6/3/2023	<Active Finish> TX: V46	RX: 0	TX: EX	RX: -5626	
10:00:05.378 PM 6/3/2023	<Active Finish> TX: V46	RX: 0	TX: EX	RX: -7500	
10:00:45.303 PM 6/3/2023	<Active Finish> TX: V46	RX: 0	TX: EX	RX: -9376	
10:01:25.597 PM 6/3/2023	<Active Finish> TX: V46	RX: 0	TX: EX	RX: -11251	
10:02:05.524 PM 6/3/2023	<Active Finish> TX: V46	RX: 0	TX: EX	RX: -13126	
10:02:46.516 PM 6/3/2023	<Active Finish> TX: V46	RX: 0	TX: EX	RX: 0	
10:03:26.305 PM 6/3/2023	<Active Finish> TX: V46	RX: 0	TX: EX	RX: -1875	
10:04:06.010 PM 6/3/2023	<Active Finish> TX: V46	RX: 0	TX: EX	RX: -3750	
10:04:44.632 PM 6/3/2023	<Active Finish> TX: V46	RX: 0	TX: EX	RX: -5626	
10:05:23.642 PM 6/3/2023	<Active Finish> TX: V46	RX: 0	TX: EX	RX: -7500	
10:06:04.060 PM 6/3/2023	<Active Finish> TX: V46	RX: 0	TX: EX	RX: -9376	
10:06:43.980 PM 6/3/2023	<Active Finish> TX: V46	RX: 0	TX: EX	RX: -11251	
10:07:22.109 PM 6/3/2023	<Active Finish> TX: V46	RX: 0	TX: EX	RX: -13126	
10:08:02.331 PM 6/3/2023	<Active Finish> TX: V46	RX: 0	TX: EX	RX: 0	
10:08:42.181 PM 6/3/2023	<Active Finish> TX: V46	RX: 0	TX: EX	RX: -1875	
10:09:21.674 PM 6/3/2023	<Active Finish> TX: V46	RX: 0	TX: EX	RX: -3750	
10:10:01.709 PM 6/3/2023	<Active Finish> TX: V46	RX: 0	TX: EX	RX: -5626	
10:10:40.295 PM 6/3/2023	<Active Finish> TX: V46	RX: 0	TX: EX	RX: -7500	
10:11:19.364 PM 6/3/2023	<Active Finish> TX: V46	RX: 0	TX: EX	RX: -9376	
10:12:00.211 PM 6/3/2023	<Active Finish> TX: V46	RX: 0	TX: EX	RX: -11251	
10:12:40.174 PM 6/3/2023	<Active Finish> TX: V46	RX: 0	TX: EX	RX: -13126	
10:14:35.584 PM 6/3/2023	<Active Goto> TX: V20=0.000	RX: OK	TX: V21=1	RX: OK	TX: GS29	RX: OK	
10:14:36.043 PM 6/3/2023	<Active Goto> TX: V20=400000.000	RX: OK	TX: V21=2	RX: OK	TX: GS29	RX: OK	
10:14:42.984 PM 6/3/2023	<Active Finish> TX: V46	RX: 0	TX: EX	RX: 0	
10:14:44.755 PM 6/3/2023	<Active Goto> TX: V20=0.000	RX: OK	TX: V21=1	RX: OK	TX: GS29	RX: OK	
10:14:47.309 PM 6/3/2023	<Active Finish> TX: V46	RX: 0	TX: EX	RX: 1	
10:14:55.910 PM 6/3/2023	<Active Finish> TX: V46	RX: 0	TX: EX	RX: 400000	
10:55:32.117 PM 6/3/2023	<Active Goto> TX: V20=800000.000	RX: OK	TX: V21=3	RX: OK	TX: GS29	RX: OK	
10:55:32.463 PM 6/3/2023	<Active Goto> TX: V20=4800.000	RX: OK	TX: V21=2	RX: OK	TX: GS29	RX: OK	
10:55:39.739 PM 6/3/2023	<Active Finish> TX: V46	RX: 0	TX: EX	RX: -4796	
10:55:41.574 PM 6/3/2023	<Active Goto> TX: V20=0.000	RX: OK	TX: V21=1	RX: OK	TX: GS29	RX: OK	
10:55:44.007 PM 6/3/2023	<Active Finish> TX: V46	RX: 0	TX: EX	RX: 1	
10:55:52.501 PM 6/3/2023	<Active Finish> TX: V46	RX: 0	TX: EX	RX: 799998	
10:55:54.540 PM 6/3/2023	<Active Init> TX: V81=0	RX: OK	TX: V82=1875	RX: OK	TX: V83=3750	RX: OK	TX: V84=5625	RX: OK	TX: V85=7500	RX: OK	TX: V86=9375	RX: OK	TX: V87=11250	RX: OK	TX: V88=13125	RX: OK	TX: V89=15000	RX: OK	TX: V90=16875	RX: OK	TX: V91=18750	RX: OK	TX: V92=20625	RX: OK	TX: V93=22500	RX: OK	TX: V94=24375	RX: OK	TX: V95=26250	RX: OK	TX: V96=28125	RX: OK	TX: V20=900	RX: OK	TX: V21=0	RX: OK	TX: GS30	RX: OK	
10:56:02.322 PM 6/3/2023	<Active Finish> TX: V46	RX: 0	TX: EX	RX: 0	
10:57:40.880 PM 6/3/2023	<Active Finish> TX: V46	RX: 0	TX: EX	RX: 0	
11:00:46.459 PM 6/3/2023	<Active Finish> TX: V46	RX: 0	TX: EX	RX: 0	
11:03:14.009 PM 6/3/2023	<Active Finish> TX: V46	RX: 0	TX: EX	RX: 0	
11:08:30.679 PM 6/3/2023	<Active Finish> TX: V46	RX: 0	TX: EX	RX: 0	
11:12:34.153 PM 6/3/2023	<Active Finish> TX: V46	RX: 0	TX: EX	RX: -1875	
11:15:08.805 PM 6/3/2023	<Active Finish> TX: V46	RX: 0	TX: EX	RX: -3750	
11:17:42.707 PM 6/3/2023	<Active Finish> TX: V46	RX: 0	TX: EX	RX: -5625	
11:20:18.420 PM 6/3/2023	<Active Finish> TX: V46	RX: 0	TX: EX	RX: -7500	
11:22:52.095 PM 6/3/2023	<Active Finish> TX: V46	RX: 0	TX: EX	RX: -9376	
11:25:25.960 PM 6/3/2023	<Active Finish> TX: V46	RX: 0	TX: EX	RX: -11251	
11:28:02.010 PM 6/3/2023	<Active Finish> TX: V46	RX: 0	TX: EX	RX: -13126	
11:32:33.611 PM 6/3/2023	<Active Goto> TX: V20=6347.333	RX: OK	TX: V21=16	RX: OK	TX: GS29	RX: OK	
11:32:35.913 PM 6/3/2023	<Active Finish> TX: V46	RX: 0	TX: EX	RX: 6350	
11:32:37.198 PM 6/3/2023	<Active Goto> TX: V20=7183.333	RX: OK	TX: V21=16	RX: OK	TX: GS29	RX: OK	
11:32:39.511 PM 6/3/2023	<Active Finish> TX: V46	RX: 0	TX: EX	RX: 7184	
11:32:40.437 PM 6/3/2023	<Active Goto> TX: V20=8017.333	RX: OK	TX: V21=16	RX: OK	TX: GS29	RX: OK	
11:32:42.755 PM 6/3/2023	<Active Finish> TX: V46	RX: 0	TX: EX	RX: 8018	
11:32:43.664 PM 6/3/2023	<Active Goto> TX: V20=8851.333	RX: OK	TX: V21=16	RX: OK	TX: GS29	RX: OK	
11:32:46.105 PM 6/3/2023	<Active Finish> TX: V46	RX: 0	TX: EX	RX: 8853	
11:32:49.048 PM 6/3/2023	<Active Goto> TX: V20=9686.333	RX: OK	TX: V21=16	RX: OK	TX: GS29	RX: OK	
11:32:51.350 PM 6/3/2023	<Active Finish> TX: V46	RX: 0	TX: EX	RX: 9688	
11:32:52.270 PM 6/3/2023	<Active Goto> TX: V20=10521.333	RX: OK	TX: V21=16	RX: OK	TX: GS29	RX: OK	
11:32:54.571 PM 6/3/2023	<Active Finish> TX: V46	RX: 0	TX: EX	RX: 10522	
11:32:55.485 PM 6/3/2023	<Active Goto> TX: V20=11355.333	RX: OK	TX: V21=16	RX: OK	TX: GS29	RX: OK	
11:32:57.786 PM 6/3/2023	<Active Finish> TX: V46	RX: 0	TX: EX	RX: 11357	
11:32:58.701 PM 6/3/2023	<Active Goto> TX: V20=12190.333	RX: OK	TX: V21=16	RX: OK	TX: GS29	RX: OK	
11:33:01.048 PM 6/3/2023	<Active Finish> TX: V46	RX: 0	TX: EX	RX: 12192	
11:33:04.375 PM 6/3/2023	<Active Goto> TX: V20=13025.333	RX: OK	TX: V21=16	RX: OK	TX: GS29	RX: OK	
11:33:06.678 PM 6/3/2023	<Active Finish> TX: V46	RX: 0	TX: EX	RX: 13027	
11:33:07.645 PM 6/3/2023	<Active Goto> TX: V20=13860.333	RX: OK	TX: V21=16	RX: OK	TX: GS29	RX: OK	
11:33:09.972 PM 6/3/2023	<Active Finish> TX: V46	RX: 0	TX: EX	RX: 13860	
11:33:13.218 PM 6/3/2023	<Active Goto> TX: V20=14693.333	RX: OK	TX: V21=16	RX: OK	TX: GS29	RX: OK	
11:33:15.526 PM 6/3/2023	<Active Finish> TX: V46	RX: 0	TX: EX	RX: 14695	
11:33:16.537 PM 6/3/2023	<Active Goto> TX: V20=15528.333	RX: OK	TX: V21=16	RX: OK	TX: GS29	RX: OK	
11:33:18.838 PM 6/3/2023	<Active Finish> TX: V46	RX: 0	TX: EX	RX: 15530	
11:33:19.800 PM 6/3/2023	<Active Goto> TX: V20=16363.333	RX: OK	TX: V21=16	RX: OK	TX: GS29	RX: OK	
11:33:22.118 PM 6/3/2023	<Active Finish> TX: V46	RX: 0	TX: EX	RX: 16365	
11:33:25.149 PM 6/3/2023	<Active Goto> TX: V20=17198.333	RX: OK	TX: V21=16	RX: OK	TX: GS29	RX: OK	
11:33:27.493 PM 6/3/2023	<Active Finish> TX: V46	RX: 0	TX: EX	RX: 17198	
11:33:28.394 PM 6/3/2023	<Active Goto> TX: V20=18031.333	RX: OK	TX: V21=16	RX: OK	TX: GS29	RX: OK	
11:33:30.737 PM 6/3/2023	<Active Finish> TX: V46	RX: 0	TX: EX	RX: 18033	
11:33:31.642 PM 6/3/2023	<Active Goto> TX: V20=18866.333	RX: OK	TX: V21=16	RX: OK	TX: GS29	RX: OK	
11:33:34.026 PM 6/3/2023	<Active Finish> TX: V46	RX: 0	TX: EX	RX: 18868	
11:33:36.413 PM 6/3/2023	<Active Goto> TX: V20=	RX: OK	TX: V21=16	RX: OK	TX: GS29	RX: OK	
11:33:37.801 PM 6/3/2023	<Active Stop> TX: STOP	RX: OK	TX: SR0=0	RX: OK	TX: V46=251	RX: OK	
11:33:38.581 PM 6/3/2023	<Active Finish> TX: V46	RX: 251	TX: EX	RX: 33756	
11:33:41.190 PM 6/3/2023	<Active Goto> TX: V20=34256.000	RX: OK	TX: V21=16	RX: OK	TX: GS29	RX: OK	
11:33:42.723 PM 6/3/2023	<Active Finish> TX: V46	RX: 0	TX: EX	RX: 34257	
11:33:43.662 PM 6/3/2023	<Active Goto> TX: V20=34757.000	RX: OK	TX: V21=16	RX: OK	TX: GS29	RX: OK	
11:33:44.990 PM 6/3/2023	<Active Stop> TX: STOP	RX: OK	TX: SR0=0	RX: OK	TX: V46=251	RX: OK	
11:33:45.759 PM 6/3/2023	<Active Finish> TX: V46	RX: 251	TX: EX	RX: 34758	
11:33:46.677 PM 6/3/2023	<Active Goto> TX: V20=35258.000	RX: OK	TX: V21=16	RX: OK	TX: GS29	RX: OK	
11:33:48.274 PM 6/3/2023	<Active Finish> TX: V46	RX: 0	TX: EX	RX: 35259	
11:33:49.231 PM 6/3/2023	<Active Goto> TX: V20=35759.000	RX: OK	TX: V21=16	RX: OK	TX: GS29	RX: OK	
11:33:50.789 PM 6/3/2023	<Active Finish> TX: V46	RX: 0	TX: EX	RX: 35760	
11:33:52.357 PM 6/3/2023	<Active Goto> TX: V20=36260.000	RX: OK	TX: V21=16	RX: OK	TX: GS29	RX: OK	
11:33:53.901 PM 6/3/2023	<Active Finish> TX: V46	RX: 0	TX: EX	RX: 36261	
11:33:55.484 PM 6/3/2023	<Active Goto> TX: V20=36761.000	RX: OK	TX: V21=16	RX: OK	TX: GS29	RX: OK	
11:33:57.030 PM 6/3/2023	<Active Finish> TX: V46	RX: 0	TX: EX	RX: 36762	
11:33:58.372 PM 6/3/2023	<Active Goto> TX: V20=37262.000	RX: OK	TX: V21=16	RX: OK	TX: GS29	RX: OK	
11:33:59.778 PM 6/3/2023	<Active Stop> TX: STOP	RX: OK	TX: SR0=0	RX: OK	TX: V46=251	RX: OK	
11:34:00.545 PM 6/3/2023	<Active Finish> TX: V46	RX: 251	TX: EX	RX: 37264	
11:34:57.175 PM 6/3/2023	<Active Finish> TX: V46	RX: 0	TX: EX	RX: 0	
11:37:02.138 PM 6/3/2023	<Active Finish> TX: V46	RX: 0	TX: EX	RX: -1875	
11:39:08.153 PM 6/3/2023	<Active Finish> TX: V46	RX: 0	TX: EX	RX: -3750	
11:41:12.057 PM 6/3/2023	<Active Finish> TX: V46	RX: 0	TX: EX	RX: -5625	
11:43:17.512 PM 6/3/2023	<Active Finish> TX: V46	RX: 0	TX: EX	RX: -7500	
11:45:21.307 PM 6/3/2023	<Active Finish> TX: V46	RX: 0	TX: EX	RX: -9376	
11:47:25.994 PM 6/3/2023	<Active Finish> TX: V46	RX: 0	TX: EX	RX: -11250	
11:49:31.794 PM 6/3/2023	<Active Finish> TX: V46	RX: 0	TX: EX	RX: -13126	
11:53:52.577 PM 6/3/2023	<Active Finish> TX: V46	RX: 0	TX: EX	RX: 0	
11:58:18.019 PM 6/3/2023	<Active Finish> TX: V46	RX: 0	TX: EX	RX: 0	
