18:11:04.234 2023/08/28	WPSEL INIT NONE, GMIR INIT NONE, CALW INIT NONE	
18:11:04.586 2023/08/28	WPROT SIMULATED READY 0.000 WP1 1, WPSEL SIMULATED BUSY 160.000 L/2 3, CALW SIMULATED BUSY 0.000 OFF 1, ASEL SIMULATED READY 28.800 ON 2, GMIR SIMULATED BUSY 0.000 TARGET 1, GFOC SIMULATED READY 2.500 TARGET 1
	
18:12:16.123 2023/08/28	WPSEL INIT NONE, GMIR INIT NONE, CALW INIT NONE	
18:12:16.129 2023/08/28	WPROT SIMULATED READY 0.000 WP1 1, WPSEL SIMULATED BUSY 0.000 L/4 1, CALW SIMULATED BUSY 0.000 OFF 1, ASEL SIMULATED READY 28.800 ON 2, GMIR SIMULATED BUSY 0.000 TARGET 1, GFOC SIMULATED READY 2.500 TARGET 1
	
18:15:44.450 2023/08/28	GFOC GOTO 0.000000	
18:15:44.457 2023/08/28	WPROT SIMULATED READY 0.000 WP1 1, WPSEL SIMULATED READY 0.000 L/4 1, CALW SIMULATED READY 0.000 OFF 1, ASEL SIMULATED READY 28.800 ON 2, GMIR SIMULATED READY 0.000 TARGET 1, GFOC SIMULATED BUSY 2.500 TARGET 1
	
18:17:57.108 2023/08/28	GFOC GOTO 2.500000	
18:17:57.122 2023/08/28	WPROT SIMULATED READY 0.000 WP1 1, WPSEL SIMULATED READY 0.000 L/4 1, CALW SIMULATED READY 0.000 OFF 1, ASEL SIMULATED READY 28.800 ON 2, GMIR SIMULATED READY 0.000 TARGET 1, GFOC SIMULATED BUSY 0.000 TARGET 1
	
18:18:56.530 2023/08/28	WPSEL GOTO L/2, CALW GOTO DEPOLARIZER	
18:18:56.534 2023/08/28	WPROT SIMULATED READY 0.000 WP1 1, WPSEL SIMULATED BUSY 0.000 L/4 1, CALW SIMULATED BUSY 0.000 OFF 1, ASEL SIMULATED READY 28.800 ON 2, GMIR SIMULATED READY 0.000 TARGET 1, GFOC SIMULATED READY 2.500 TARGET 1
	
18:19:09.830 2023/08/28	GFOC GOTO 5.500000	
18:19:09.834 2023/08/28	WPROT SIMULATED BUSY 75.304 NONE -1, WPSEL SIMULATED READY 160.000 L/2 3, CALW SIMULATED READY 288.000 DEPOLARIZER 5, ASEL SIMULATED READY 28.800 ON 2, GMIR SIMULATED READY 0.000 TARGET 1, GFOC SIMULATED BUSY 2.500 TARGET 1
	
18:23:07.282 2023/08/28	GFOC GOTO 1.900000	
18:23:07.368 2023/08/28	WPROT SIMULATED READY 0.000 WP1 1, WPSEL SIMULATED READY 160.000 L/2 3, CALW SIMULATED READY 288.000 DEPOLARIZER 5, ASEL SIMULATED READY 28.800 ON 2, GMIR SIMULATED READY 0.000 TARGET 1, GFOC SIMULATED BUSY 5.500 TARGET 1
	
18:23:25.117 2023/08/28	GFOC GOTO 1.800000	
18:23:25.172 2023/08/28	WPROT SIMULATED READY 0.000 WP1 1, WPSEL SIMULATED READY 160.000 L/2 3, CALW SIMULATED READY 288.000 DEPOLARIZER 5, ASEL SIMULATED READY 28.800 ON 2, GMIR SIMULATED READY 0.000 TARGET 1, GFOC SIMULATED BUSY 1.900 TARGET 1
	
18:24:02.123 2023/08/28	GFOC GOTO 1.900000	
18:24:02.325 2023/08/28	WPROT SIMULATED READY 0.000 WP1 1, WPSEL SIMULATED READY 160.000 L/2 3, CALW SIMULATED READY 288.000 DEPOLARIZER 5, ASEL SIMULATED READY 28.800 ON 2, GMIR SIMULATED READY 0.000 TARGET 1, GFOC SIMULATED BUSY 1.800 TARGET 1
	
19:53:00.833 2023/08/28	WPSEL INIT NONE, GMIR INIT NONE, CALW INIT NONE	
19:53:00.903 2023/08/28	WPROT SIMULATED NONE 0.000 NONE -1, WPSEL SIMULATED BUSY 0.000 NONE -1, CALW SIMULATED BUSY 0.000 NONE -1, ASEL SIMULATED NONE 0.000 NONE -1, GMIR SIMULATED BUSY 0.000 NONE -1, GFOC SIMULATED NONE 0.000 NONE -1
	
19:53:07.297 2023/08/28	GFOC INIT NONE, ASEL INIT NONE	
19:53:07.300 2023/08/28	WPROT SIMULATED READY 0.000 WP1 1, WPSEL SIMULATED READY 0.000 L/4 1, CALW SIMULATED READY 0.000 OFF 1, ASEL SIMULATED BUSY 0.000 NONE -1, GMIR SIMULATED READY 0.000 TARGET 1, GFOC SIMULATED BUSY 0.000 NONE -1
	
19:53:13.573 2023/08/28	WPSEL GOTO OFF	
19:53:13.576 2023/08/28	WPROT SIMULATED READY 0.000 WP1 1, WPSEL SIMULATED BUSY 0.000 L/4 1, CALW SIMULATED READY 0.000 OFF 1, ASEL SIMULATED READY 0.000 OFF 1, GMIR SIMULATED READY 0.000 TARGET 1, GFOC SIMULATED READY 0.000 TARGET 1
	
20:17:41.242 2023/08/28	WPSEL INIT NONE, GMIR INIT NONE, CALW INIT NONE	
20:17:41.517 2023/08/28	WPROT SIMULATED NONE 0.000 NONE -1, WPSEL SIMULATED BUSY 80.000 OFF 2, CALW SIMULATED BUSY 0.000 OFF 1, ASEL SIMULATED NONE 0.000 OFF 1, GMIR SIMULATED BUSY 0.000 TARGET 1, GFOC SIMULATED READY 0.000 TARGET 1
	
20:17:46.472 2023/08/28	GFOC INIT NONE, ASEL INIT NONE	
20:17:46.477 2023/08/28	WPROT SIMULATED BUSY 184.967 NONE -1, WPSEL SIMULATED READY 0.000 L/4 1, CALW SIMULATED READY 0.000 OFF 1, ASEL SIMULATED BUSY 0.000 OFF 1, GMIR SIMULATED READY 0.000 TARGET 1, GFOC SIMULATED BUSY 0.000 TARGET 1
	
20:17:54.389 2023/08/28	WPSEL GOTO OFF	
20:17:54.393 2023/08/28	WPROT SIMULATED READY 0.000 WP1 1, WPSEL SIMULATED BUSY 0.000 L/4 1, CALW SIMULATED READY 0.000 OFF 1, ASEL SIMULATED READY 0.000 OFF 1, GMIR SIMULATED READY 0.000 TARGET 1, GFOC SIMULATED READY 0.000 TARGET 1
	
23:10:11.973 2023/08/28	WPSEL GOTO L/4, CALW GOTO DEPOLARIZER, ASEL GOTO ON	
23:10:11.977 2023/08/28	WPROT SIMULATED NONE 0.000 NONE -1, WPSEL SIMULATED BUSY 80.000 OFF 2, CALW SIMULATED BUSY 0.000 OFF 1, ASEL SIMULATED BUSY 0.000 OFF 1, GMIR SIMULATED READY 0.000 TARGET 1, GFOC SIMULATED READY 0.000 TARGET 1
	
23:21:34.452 2023/08/28	WPSEL GOTO L/2	
23:21:34.456 2023/08/28	WPROT SIMULATED READY 0.000 WP1 1, WPSEL SIMULATED BUSY 0.000 L/4 1, CALW SIMULATED READY 288.000 DEPOLARIZER 5, ASEL SIMULATED READY 28.800 ON 2, GMIR SIMULATED READY 0.000 TARGET 1, GFOC SIMULATED READY 0.000 TARGET 1
	
23:22:09.034 2023/08/28	GFOC GOTO 0.200000	
23:22:09.114 2023/08/28	WPROT SIMULATED READY 0.000 WP1 1, WPSEL SIMULATED READY 160.000 L/2 3, CALW SIMULATED READY 288.000 DEPOLARIZER 5, ASEL SIMULATED READY 28.800 ON 2, GMIR SIMULATED READY 0.000 TARGET 1, GFOC SIMULATED BUSY 0.000 TARGET 1
	
23:22:17.957 2023/08/28	CALW GOTO POLARIZER	
23:22:17.962 2023/08/28	WPROT SIMULATED READY 0.000 WP1 1, WPSEL SIMULATED READY 160.000 L/2 3, CALW SIMULATED BUSY 288.000 DEPOLARIZER 5, ASEL SIMULATED READY 28.800 ON 2, GMIR SIMULATED READY 0.000 TARGET 1, GFOC SIMULATED READY 0.200 TARGET 1
	
23:22:26.456 2023/08/28	GFOC GOTO 4.400000	
23:22:26.553 2023/08/28	WPROT SIMULATED READY 0.000 WP1 1, WPSEL SIMULATED READY 160.000 L/2 3, CALW SIMULATED READY 72.000 POLARIZER 2, ASEL SIMULATED READY 28.800 ON 2, GMIR SIMULATED READY 0.000 TARGET 1, GFOC SIMULATED BUSY 0.200 TARGET 1
	
23:22:44.952 2023/08/28	WPSEL GOTO L/4, CALW GOTO DEPOLARIZER	
23:22:44.956 2023/08/28	WPROT SIMULATED READY 0.000 WP1 1, WPSEL SIMULATED BUSY 160.000 L/2 3, CALW SIMULATED BUSY 72.000 POLARIZER 2, ASEL SIMULATED READY 28.800 ON 2, GMIR SIMULATED READY 0.000 TARGET 1, GFOC SIMULATED READY 4.400 TARGET 1
	
23:22:58.263 2023/08/28	GFOC GOTO 7.700000	
23:22:58.266 2023/08/28	WPROT SIMULATED BUSY 157.994 NONE -1, WPSEL SIMULATED READY 0.000 L/4 1, CALW SIMULATED READY 288.000 DEPOLARIZER 5, ASEL SIMULATED READY 28.800 ON 2, GMIR SIMULATED READY 0.000 TARGET 1, GFOC SIMULATED BUSY 4.400 TARGET 1
	
23:23:48.629 2023/08/28	GFOC GOTO 7.100000	
23:23:48.690 2023/08/28	WPROT SIMULATED READY 0.000 WP1 1, WPSEL SIMULATED READY 0.000 L/4 1, CALW SIMULATED READY 288.000 DEPOLARIZER 5, ASEL SIMULATED READY 28.800 ON 2, GMIR SIMULATED READY 0.000 TARGET 1, GFOC SIMULATED BUSY 7.700 TARGET 1
	
23:23:56.608 2023/08/28	CALW GOTO POLARIZER	
23:23:56.612 2023/08/28	WPROT SIMULATED READY 0.000 WP1 1, WPSEL SIMULATED READY 0.000 L/4 1, CALW SIMULATED BUSY 288.000 DEPOLARIZER 5, ASEL SIMULATED READY 28.800 ON 2, GMIR SIMULATED READY 0.000 TARGET 1, GFOC SIMULATED READY 7.100 TARGET 1
	
23:24:05.109 2023/08/28	GFOC GOTO 5.500000	
23:24:05.215 2023/08/28	WPROT SIMULATED READY 0.000 WP1 1, WPSEL SIMULATED READY 0.000 L/4 1, CALW SIMULATED READY 72.000 POLARIZER 2, ASEL SIMULATED READY 28.800 ON 2, GMIR SIMULATED READY 0.000 TARGET 1, GFOC SIMULATED BUSY 7.100 TARGET 1
	
23:24:39.444 2023/08/28	WPSEL GOTO OFF, CALW GOTO OFF, ASEL GOTO OFF	
23:24:39.448 2023/08/28	WPROT SIMULATED READY 0.000 WP1 1, WPSEL SIMULATED BUSY 0.000 L/4 1, CALW SIMULATED BUSY 72.000 POLARIZER 2, ASEL SIMULATED BUSY 28.800 ON 2, GMIR SIMULATED READY 0.000 TARGET 1, GFOC SIMULATED READY 5.500 TARGET 1
	
23:24:55.742 2023/08/28	GFOC GOTO 1.100000	
23:24:55.745 2023/08/28	WPROT SIMULATED NONE 0.000 NONE -1, WPSEL SIMULATED READY 80.000 OFF 2, CALW SIMULATED READY 0.000 OFF 1, ASEL SIMULATED READY 0.000 OFF 1, GMIR SIMULATED READY 0.000 TARGET 1, GFOC SIMULATED BUSY 5.500 TARGET 1
	
