16:11:45.326 2023/09/15	WPSEL GOTO L/4, CALW GOTO POLARIZER, ASEL GOTO ON	
16:11:45.331 2023/09/15	WPROT SIMULATED NONE 0.000 NONE -1, WPSEL SIMULATED BUSY 80.000 OFF 2, CALW SIMULATED BUSY 0.000 OFF 1, ASEL SIMULATED BUSY 0.000 OFF 1, GMIR SIMULATED READY 0.000 TARGET 1, GFOC SIMULATED READY 2.000 TARGET 1
	
16:13:26.304 2023/09/15	WPROT GOTO WP2	
16:13:26.307 2023/09/15	WPROT SIMULATED BUSY 0.000 WP1 1, WPSEL SIMULATED READY 0.000 L/4 1, CALW SIMULATED READY 72.000 POLARIZER 2, ASEL SIMULATED READY 28.800 ON 2, GMIR SIMULATED READY 0.000 TARGET 1, GFOC SIMULATED READY 2.000 TARGET 1
	
16:13:35.605 2023/09/15	WPROT GOTO WP3	
16:13:35.610 2023/09/15	WPROT SIMULATED BUSY 22.500 WP2 2, WPSEL SIMULATED READY 0.000 L/4 1, CALW SIMULATED READY 72.000 POLARIZER 2, ASEL SIMULATED READY 28.800 ON 2, GMIR SIMULATED READY 0.000 TARGET 1, GFOC SIMULATED READY 2.000 TARGET 1
	
16:13:44.387 2023/09/15	WPROT GOTO WP4	
16:13:44.392 2023/09/15	WPROT SIMULATED BUSY 45.000 WP3 3, WPSEL SIMULATED READY 0.000 L/4 1, CALW SIMULATED READY 72.000 POLARIZER 2, ASEL SIMULATED READY 28.800 ON 2, GMIR SIMULATED READY 0.000 TARGET 1, GFOC SIMULATED READY 2.000 TARGET 1
	
16:13:52.845 2023/09/15	WPROT GOTO WP5	
16:13:52.848 2023/09/15	WPROT SIMULATED BUSY 67.500 WP4 4, WPSEL SIMULATED READY 0.000 L/4 1, CALW SIMULATED READY 72.000 POLARIZER 2, ASEL SIMULATED READY 28.800 ON 2, GMIR SIMULATED READY 0.000 TARGET 1, GFOC SIMULATED READY 2.000 TARGET 1
	
16:14:01.519 2023/09/15	WPROT GOTO WP6	
16:14:01.522 2023/09/15	WPROT SIMULATED BUSY 90.000 WP5 5, WPSEL SIMULATED READY 0.000 L/4 1, CALW SIMULATED READY 72.000 POLARIZER 2, ASEL SIMULATED READY 28.800 ON 2, GMIR SIMULATED READY 0.000 TARGET 1, GFOC SIMULATED READY 2.000 TARGET 1
	
16:14:10.285 2023/09/15	WPROT GOTO WP7	
16:14:10.289 2023/09/15	WPROT SIMULATED BUSY 112.500 WP6 6, WPSEL SIMULATED READY 0.000 L/4 1, CALW SIMULATED READY 72.000 POLARIZER 2, ASEL SIMULATED READY 28.800 ON 2, GMIR SIMULATED READY 0.000 TARGET 1, GFOC SIMULATED READY 2.000 TARGET 1
	
16:14:19.119 2023/09/15	WPROT GOTO WP8	
16:14:19.122 2023/09/15	WPROT SIMULATED BUSY 135.000 WP7 7, WPSEL SIMULATED READY 0.000 L/4 1, CALW SIMULATED READY 72.000 POLARIZER 2, ASEL SIMULATED READY 28.800 ON 2, GMIR SIMULATED READY 0.000 TARGET 1, GFOC SIMULATED READY 2.000 TARGET 1
	
16:14:27.981 2023/09/15	WPROT GOTO WP1	
16:14:27.985 2023/09/15	WPROT SIMULATED BUSY 157.500 WP8 8, WPSEL SIMULATED READY 0.000 L/4 1, CALW SIMULATED READY 72.000 POLARIZER 2, ASEL SIMULATED READY 28.800 ON 2, GMIR SIMULATED READY 0.000 TARGET 1, GFOC SIMULATED READY 2.000 TARGET 1
	
16:14:41.483 2023/09/15	WPROT GOTO WP2	
16:14:41.487 2023/09/15	WPROT SIMULATED BUSY 0.000 WP1 1, WPSEL SIMULATED READY 0.000 L/4 1, CALW SIMULATED READY 72.000 POLARIZER 2, ASEL SIMULATED READY 28.800 ON 2, GMIR SIMULATED READY 0.000 TARGET 1, GFOC SIMULATED READY 2.000 TARGET 1
	
16:14:50.264 2023/09/15	WPROT GOTO WP3	
16:14:50.267 2023/09/15	WPROT SIMULATED BUSY 22.500 WP2 2, WPSEL SIMULATED READY 0.000 L/4 1, CALW SIMULATED READY 72.000 POLARIZER 2, ASEL SIMULATED READY 28.800 ON 2, GMIR SIMULATED READY 0.000 TARGET 1, GFOC SIMULATED READY 2.000 TARGET 1
	
16:14:59.621 2023/09/15	WPROT GOTO WP4	
16:14:59.625 2023/09/15	WPROT SIMULATED BUSY 45.000 WP3 3, WPSEL SIMULATED READY 0.000 L/4 1, CALW SIMULATED READY 72.000 POLARIZER 2, ASEL SIMULATED READY 28.800 ON 2, GMIR SIMULATED READY 0.000 TARGET 1, GFOC SIMULATED READY 2.000 TARGET 1
	
16:15:08.873 2023/09/15	WPROT GOTO WP5	
16:15:08.877 2023/09/15	WPROT SIMULATED BUSY 67.500 WP4 4, WPSEL SIMULATED READY 0.000 L/4 1, CALW SIMULATED READY 72.000 POLARIZER 2, ASEL SIMULATED READY 28.800 ON 2, GMIR SIMULATED READY 0.000 TARGET 1, GFOC SIMULATED READY 2.000 TARGET 1
	
16:15:18.144 2023/09/15	WPROT GOTO WP6	
16:15:18.148 2023/09/15	WPROT SIMULATED BUSY 90.000 WP5 5, WPSEL SIMULATED READY 0.000 L/4 1, CALW SIMULATED READY 72.000 POLARIZER 2, ASEL SIMULATED READY 28.800 ON 2, GMIR SIMULATED READY 0.000 TARGET 1, GFOC SIMULATED READY 2.000 TARGET 1
	
16:15:27.422 2023/09/15	WPROT GOTO WP7	
16:15:27.426 2023/09/15	WPROT SIMULATED BUSY 112.500 WP6 6, WPSEL SIMULATED READY 0.000 L/4 1, CALW SIMULATED READY 72.000 POLARIZER 2, ASEL SIMULATED READY 28.800 ON 2, GMIR SIMULATED READY 0.000 TARGET 1, GFOC SIMULATED READY 2.000 TARGET 1
	
16:15:36.783 2023/09/15	WPROT GOTO WP8	
16:15:36.786 2023/09/15	WPROT SIMULATED BUSY 135.000 WP7 7, WPSEL SIMULATED READY 0.000 L/4 1, CALW SIMULATED READY 72.000 POLARIZER 2, ASEL SIMULATED READY 28.800 ON 2, GMIR SIMULATED READY 0.000 TARGET 1, GFOC SIMULATED READY 2.000 TARGET 1
	
16:15:45.552 2023/09/15	WPROT GOTO WP1	
16:15:45.556 2023/09/15	WPROT SIMULATED BUSY 157.500 WP8 8, WPSEL SIMULATED READY 0.000 L/4 1, CALW SIMULATED READY 72.000 POLARIZER 2, ASEL SIMULATED READY 28.800 ON 2, GMIR SIMULATED READY 0.000 TARGET 1, GFOC SIMULATED READY 2.000 TARGET 1
	
16:15:58.837 2023/09/15	WPROT GOTO WP2	
16:15:58.841 2023/09/15	WPROT SIMULATED BUSY 0.000 WP1 1, WPSEL SIMULATED READY 0.000 L/4 1, CALW SIMULATED READY 72.000 POLARIZER 2, ASEL SIMULATED READY 28.800 ON 2, GMIR SIMULATED READY 0.000 TARGET 1, GFOC SIMULATED READY 2.000 TARGET 1
	
16:16:07.634 2023/09/15	WPROT GOTO WP3	
16:16:07.872 2023/09/15	WPROT SIMULATED BUSY 22.500 WP2 2, WPSEL SIMULATED READY 0.000 L/4 1, CALW SIMULATED READY 72.000 POLARIZER 2, ASEL SIMULATED READY 28.800 ON 2, GMIR SIMULATED READY 0.000 TARGET 1, GFOC SIMULATED READY 2.000 TARGET 1
	
16:16:17.233 2023/09/15	WPROT GOTO WP4	
16:16:17.237 2023/09/15	WPROT SIMULATED BUSY 45.000 WP3 3, WPSEL SIMULATED READY 0.000 L/4 1, CALW SIMULATED READY 72.000 POLARIZER 2, ASEL SIMULATED READY 28.800 ON 2, GMIR SIMULATED READY 0.000 TARGET 1, GFOC SIMULATED READY 2.000 TARGET 1
	
16:16:26.552 2023/09/15	WPROT GOTO WP5	
16:16:26.555 2023/09/15	WPROT SIMULATED BUSY 67.500 WP4 4, WPSEL SIMULATED READY 0.000 L/4 1, CALW SIMULATED READY 72.000 POLARIZER 2, ASEL SIMULATED READY 28.800 ON 2, GMIR SIMULATED READY 0.000 TARGET 1, GFOC SIMULATED READY 2.000 TARGET 1
	
16:16:35.399 2023/09/15	WPROT GOTO WP6	
16:16:35.402 2023/09/15	WPROT SIMULATED BUSY 90.000 WP5 5, WPSEL SIMULATED READY 0.000 L/4 1, CALW SIMULATED READY 72.000 POLARIZER 2, ASEL SIMULATED READY 28.800 ON 2, GMIR SIMULATED READY 0.000 TARGET 1, GFOC SIMULATED READY 2.000 TARGET 1
	
16:16:44.173 2023/09/15	WPROT GOTO WP7	
16:16:44.177 2023/09/15	WPROT SIMULATED BUSY 112.500 WP6 6, WPSEL SIMULATED READY 0.000 L/4 1, CALW SIMULATED READY 72.000 POLARIZER 2, ASEL SIMULATED READY 28.800 ON 2, GMIR SIMULATED READY 0.000 TARGET 1, GFOC SIMULATED READY 2.000 TARGET 1
	
16:16:53.009 2023/09/15	WPROT GOTO WP8	
16:16:53.012 2023/09/15	WPROT SIMULATED BUSY 135.000 WP7 7, WPSEL SIMULATED READY 0.000 L/4 1, CALW SIMULATED READY 72.000 POLARIZER 2, ASEL SIMULATED READY 28.800 ON 2, GMIR SIMULATED READY 0.000 TARGET 1, GFOC SIMULATED READY 2.000 TARGET 1
	
16:17:02.249 2023/09/15	WPROT GOTO WP1	
16:17:02.253 2023/09/15	WPROT SIMULATED BUSY 157.500 WP8 8, WPSEL SIMULATED READY 0.000 L/4 1, CALW SIMULATED READY 72.000 POLARIZER 2, ASEL SIMULATED READY 28.800 ON 2, GMIR SIMULATED READY 0.000 TARGET 1, GFOC SIMULATED READY 2.000 TARGET 1
	
16:17:15.761 2023/09/15	WPROT GOTO WP2	
16:17:15.764 2023/09/15	WPROT SIMULATED BUSY 0.000 WP1 1, WPSEL SIMULATED READY 0.000 L/4 1, CALW SIMULATED READY 72.000 POLARIZER 2, ASEL SIMULATED READY 28.800 ON 2, GMIR SIMULATED READY 0.000 TARGET 1, GFOC SIMULATED READY 2.000 TARGET 1
	
16:17:24.517 2023/09/15	WPROT GOTO WP3	
16:17:24.520 2023/09/15	WPROT SIMULATED BUSY 22.500 WP2 2, WPSEL SIMULATED READY 0.000 L/4 1, CALW SIMULATED READY 72.000 POLARIZER 2, ASEL SIMULATED READY 28.800 ON 2, GMIR SIMULATED READY 0.000 TARGET 1, GFOC SIMULATED READY 2.000 TARGET 1
	
16:17:33.655 2023/09/15	WPROT GOTO WP4	
16:17:33.659 2023/09/15	WPROT SIMULATED BUSY 45.000 WP3 3, WPSEL SIMULATED READY 0.000 L/4 1, CALW SIMULATED READY 72.000 POLARIZER 2, ASEL SIMULATED READY 28.800 ON 2, GMIR SIMULATED READY 0.000 TARGET 1, GFOC SIMULATED READY 2.000 TARGET 1
	
16:17:42.542 2023/09/15	WPROT GOTO WP5	
16:17:42.545 2023/09/15	WPROT SIMULATED BUSY 67.500 WP4 4, WPSEL SIMULATED READY 0.000 L/4 1, CALW SIMULATED READY 72.000 POLARIZER 2, ASEL SIMULATED READY 28.800 ON 2, GMIR SIMULATED READY 0.000 TARGET 1, GFOC SIMULATED READY 2.000 TARGET 1
	
16:17:51.310 2023/09/15	WPROT GOTO WP6	
16:17:51.314 2023/09/15	WPROT SIMULATED BUSY 90.000 WP5 5, WPSEL SIMULATED READY 0.000 L/4 1, CALW SIMULATED READY 72.000 POLARIZER 2, ASEL SIMULATED READY 28.800 ON 2, GMIR SIMULATED READY 0.000 TARGET 1, GFOC SIMULATED READY 2.000 TARGET 1
	
16:18:00.127 2023/09/15	WPROT GOTO WP7	
16:18:00.130 2023/09/15	WPROT SIMULATED BUSY 112.500 WP6 6, WPSEL SIMULATED READY 0.000 L/4 1, CALW SIMULATED READY 72.000 POLARIZER 2, ASEL SIMULATED READY 28.800 ON 2, GMIR SIMULATED READY 0.000 TARGET 1, GFOC SIMULATED READY 2.000 TARGET 1
	
16:18:08.864 2023/09/15	WPROT GOTO WP8	
16:18:08.867 2023/09/15	WPROT SIMULATED BUSY 135.000 WP7 7, WPSEL SIMULATED READY 0.000 L/4 1, CALW SIMULATED READY 72.000 POLARIZER 2, ASEL SIMULATED READY 28.800 ON 2, GMIR SIMULATED READY 0.000 TARGET 1, GFOC SIMULATED READY 2.000 TARGET 1
	
16:18:18.173 2023/09/15	WPROT GOTO WP1	
16:18:18.177 2023/09/15	WPROT SIMULATED BUSY 157.500 WP8 8, WPSEL SIMULATED READY 0.000 L/4 1, CALW SIMULATED READY 72.000 POLARIZER 2, ASEL SIMULATED READY 28.800 ON 2, GMIR SIMULATED READY 0.000 TARGET 1, GFOC SIMULATED READY 2.000 TARGET 1
	
16:18:31.608 2023/09/15	WPROT GOTO WP2	
16:18:31.612 2023/09/15	WPROT SIMULATED BUSY 0.000 WP1 1, WPSEL SIMULATED READY 0.000 L/4 1, CALW SIMULATED READY 72.000 POLARIZER 2, ASEL SIMULATED READY 28.800 ON 2, GMIR SIMULATED READY 0.000 TARGET 1, GFOC SIMULATED READY 2.000 TARGET 1
	
16:18:40.401 2023/09/15	WPROT GOTO WP3	
16:18:40.405 2023/09/15	WPROT SIMULATED BUSY 22.500 WP2 2, WPSEL SIMULATED READY 0.000 L/4 1, CALW SIMULATED READY 72.000 POLARIZER 2, ASEL SIMULATED READY 28.800 ON 2, GMIR SIMULATED READY 0.000 TARGET 1, GFOC SIMULATED READY 2.000 TARGET 1
	
16:18:49.603 2023/09/15	WPROT GOTO WP4	
16:18:49.607 2023/09/15	WPROT SIMULATED BUSY 45.000 WP3 3, WPSEL SIMULATED READY 0.000 L/4 1, CALW SIMULATED READY 72.000 POLARIZER 2, ASEL SIMULATED READY 28.800 ON 2, GMIR SIMULATED READY 0.000 TARGET 1, GFOC SIMULATED READY 2.000 TARGET 1
	
16:18:58.459 2023/09/15	WPROT GOTO WP5	
16:18:58.462 2023/09/15	WPROT SIMULATED BUSY 67.500 WP4 4, WPSEL SIMULATED READY 0.000 L/4 1, CALW SIMULATED READY 72.000 POLARIZER 2, ASEL SIMULATED READY 28.800 ON 2, GMIR SIMULATED READY 0.000 TARGET 1, GFOC SIMULATED READY 2.000 TARGET 1
	
16:19:07.699 2023/09/15	WPROT GOTO WP6	
16:19:07.703 2023/09/15	WPROT SIMULATED BUSY 90.000 WP5 5, WPSEL SIMULATED READY 0.000 L/4 1, CALW SIMULATED READY 72.000 POLARIZER 2, ASEL SIMULATED READY 28.800 ON 2, GMIR SIMULATED READY 0.000 TARGET 1, GFOC SIMULATED READY 2.000 TARGET 1
	
16:19:16.909 2023/09/15	WPROT GOTO WP7	
16:19:16.912 2023/09/15	WPROT SIMULATED BUSY 112.500 WP6 6, WPSEL SIMULATED READY 0.000 L/4 1, CALW SIMULATED READY 72.000 POLARIZER 2, ASEL SIMULATED READY 28.800 ON 2, GMIR SIMULATED READY 0.000 TARGET 1, GFOC SIMULATED READY 2.000 TARGET 1
	
16:19:25.733 2023/09/15	WPROT GOTO WP8	
16:19:25.736 2023/09/15	WPROT SIMULATED BUSY 135.000 WP7 7, WPSEL SIMULATED READY 0.000 L/4 1, CALW SIMULATED READY 72.000 POLARIZER 2, ASEL SIMULATED READY 28.800 ON 2, GMIR SIMULATED READY 0.000 TARGET 1, GFOC SIMULATED READY 2.000 TARGET 1
	
16:19:34.469 2023/09/15	WPROT GOTO WP1	
16:19:34.472 2023/09/15	WPROT SIMULATED BUSY 157.500 WP8 8, WPSEL SIMULATED READY 0.000 L/4 1, CALW SIMULATED READY 72.000 POLARIZER 2, ASEL SIMULATED READY 28.800 ON 2, GMIR SIMULATED READY 0.000 TARGET 1, GFOC SIMULATED READY 2.000 TARGET 1
	
16:19:47.973 2023/09/15	WPROT GOTO WP2	
16:19:48.222 2023/09/15	WPROT SIMULATED BUSY 0.000 WP1 1, WPSEL SIMULATED READY 0.000 L/4 1, CALW SIMULATED READY 72.000 POLARIZER 2, ASEL SIMULATED READY 28.800 ON 2, GMIR SIMULATED READY 0.000 TARGET 1, GFOC SIMULATED READY 2.000 TARGET 1
	
16:19:57.652 2023/09/15	WPROT GOTO WP3	
16:19:57.656 2023/09/15	WPROT SIMULATED BUSY 22.500 WP2 2, WPSEL SIMULATED READY 0.000 L/4 1, CALW SIMULATED READY 72.000 POLARIZER 2, ASEL SIMULATED READY 28.800 ON 2, GMIR SIMULATED READY 0.000 TARGET 1, GFOC SIMULATED READY 2.000 TARGET 1
	
16:20:06.436 2023/09/15	WPROT GOTO WP4	
16:20:06.439 2023/09/15	WPROT SIMULATED BUSY 45.000 WP3 3, WPSEL SIMULATED READY 0.000 L/4 1, CALW SIMULATED READY 72.000 POLARIZER 2, ASEL SIMULATED READY 28.800 ON 2, GMIR SIMULATED READY 0.000 TARGET 1, GFOC SIMULATED READY 2.000 TARGET 1
	
16:20:15.111 2023/09/15	WPROT GOTO WP5	
16:20:15.114 2023/09/15	WPROT SIMULATED BUSY 67.500 WP4 4, WPSEL SIMULATED READY 0.000 L/4 1, CALW SIMULATED READY 72.000 POLARIZER 2, ASEL SIMULATED READY 28.800 ON 2, GMIR SIMULATED READY 0.000 TARGET 1, GFOC SIMULATED READY 2.000 TARGET 1
	
16:20:24.434 2023/09/15	WPROT GOTO WP6	
16:20:24.439 2023/09/15	WPROT SIMULATED BUSY 90.000 WP5 5, WPSEL SIMULATED READY 0.000 L/4 1, CALW SIMULATED READY 72.000 POLARIZER 2, ASEL SIMULATED READY 28.800 ON 2, GMIR SIMULATED READY 0.000 TARGET 1, GFOC SIMULATED READY 2.000 TARGET 1
	
16:20:33.735 2023/09/15	WPROT GOTO WP7	
16:20:33.740 2023/09/15	WPROT SIMULATED BUSY 112.500 WP6 6, WPSEL SIMULATED READY 0.000 L/4 1, CALW SIMULATED READY 72.000 POLARIZER 2, ASEL SIMULATED READY 28.800 ON 2, GMIR SIMULATED READY 0.000 TARGET 1, GFOC SIMULATED READY 2.000 TARGET 1
	
16:20:43.052 2023/09/15	WPROT GOTO WP8	
16:20:43.056 2023/09/15	WPROT SIMULATED BUSY 135.000 WP7 7, WPSEL SIMULATED READY 0.000 L/4 1, CALW SIMULATED READY 72.000 POLARIZER 2, ASEL SIMULATED READY 28.800 ON 2, GMIR SIMULATED READY 0.000 TARGET 1, GFOC SIMULATED READY 2.000 TARGET 1
	
16:20:51.870 2023/09/15	WPROT GOTO WP1	
16:20:51.873 2023/09/15	WPROT SIMULATED BUSY 157.500 WP8 8, WPSEL SIMULATED READY 0.000 L/4 1, CALW SIMULATED READY 72.000 POLARIZER 2, ASEL SIMULATED READY 28.800 ON 2, GMIR SIMULATED READY 0.000 TARGET 1, GFOC SIMULATED READY 2.000 TARGET 1
	
16:21:05.425 2023/09/15	WPROT GOTO WP2	
16:21:05.429 2023/09/15	WPROT SIMULATED BUSY 0.000 WP1 1, WPSEL SIMULATED READY 0.000 L/4 1, CALW SIMULATED READY 72.000 POLARIZER 2, ASEL SIMULATED READY 28.800 ON 2, GMIR SIMULATED READY 0.000 TARGET 1, GFOC SIMULATED READY 2.000 TARGET 1
	
16:21:14.810 2023/09/15	WPROT GOTO WP3	
16:21:15.062 2023/09/15	WPROT SIMULATED BUSY 22.500 WP2 2, WPSEL SIMULATED READY 0.000 L/4 1, CALW SIMULATED READY 72.000 POLARIZER 2, ASEL SIMULATED READY 28.800 ON 2, GMIR SIMULATED READY 0.000 TARGET 1, GFOC SIMULATED READY 2.000 TARGET 1
	
16:21:24.038 2023/09/15	WPROT GOTO WP4	
16:21:24.041 2023/09/15	WPROT SIMULATED BUSY 45.000 WP3 3, WPSEL SIMULATED READY 0.000 L/4 1, CALW SIMULATED READY 72.000 POLARIZER 2, ASEL SIMULATED READY 28.800 ON 2, GMIR SIMULATED READY 0.000 TARGET 1, GFOC SIMULATED READY 2.000 TARGET 1
	
16:21:32.875 2023/09/15	WPROT GOTO WP5	
16:21:32.879 2023/09/15	WPROT SIMULATED BUSY 67.500 WP4 4, WPSEL SIMULATED READY 0.000 L/4 1, CALW SIMULATED READY 72.000 POLARIZER 2, ASEL SIMULATED READY 28.800 ON 2, GMIR SIMULATED READY 0.000 TARGET 1, GFOC SIMULATED READY 2.000 TARGET 1
	
16:21:41.517 2023/09/15	WPROT GOTO WP6	
16:21:41.521 2023/09/15	WPROT SIMULATED BUSY 90.000 WP5 5, WPSEL SIMULATED READY 0.000 L/4 1, CALW SIMULATED READY 72.000 POLARIZER 2, ASEL SIMULATED READY 28.800 ON 2, GMIR SIMULATED READY 0.000 TARGET 1, GFOC SIMULATED READY 2.000 TARGET 1
	
16:21:50.933 2023/09/15	WPROT GOTO WP7	
16:21:50.937 2023/09/15	WPROT SIMULATED BUSY 112.500 WP6 6, WPSEL SIMULATED READY 0.000 L/4 1, CALW SIMULATED READY 72.000 POLARIZER 2, ASEL SIMULATED READY 28.800 ON 2, GMIR SIMULATED READY 0.000 TARGET 1, GFOC SIMULATED READY 2.000 TARGET 1
	
16:22:00.162 2023/09/15	WPROT GOTO WP8	
16:22:00.166 2023/09/15	WPROT SIMULATED BUSY 135.000 WP7 7, WPSEL SIMULATED READY 0.000 L/4 1, CALW SIMULATED READY 72.000 POLARIZER 2, ASEL SIMULATED READY 28.800 ON 2, GMIR SIMULATED READY 0.000 TARGET 1, GFOC SIMULATED READY 2.000 TARGET 1
	
16:22:09.002 2023/09/15	WPROT GOTO WP1	
16:22:09.006 2023/09/15	WPROT SIMULATED BUSY 157.500 WP8 8, WPSEL SIMULATED READY 0.000 L/4 1, CALW SIMULATED READY 72.000 POLARIZER 2, ASEL SIMULATED READY 28.800 ON 2, GMIR SIMULATED READY 0.000 TARGET 1, GFOC SIMULATED READY 2.000 TARGET 1
	
16:22:22.406 2023/09/15	WPROT GOTO WP2	
16:22:22.411 2023/09/15	WPROT SIMULATED BUSY 0.000 WP1 1, WPSEL SIMULATED READY 0.000 L/4 1, CALW SIMULATED READY 72.000 POLARIZER 2, ASEL SIMULATED READY 28.800 ON 2, GMIR SIMULATED READY 0.000 TARGET 1, GFOC SIMULATED READY 2.000 TARGET 1
	
16:22:31.732 2023/09/15	WPROT GOTO WP3	
16:22:31.736 2023/09/15	WPROT SIMULATED BUSY 22.500 WP2 2, WPSEL SIMULATED READY 0.000 L/4 1, CALW SIMULATED READY 72.000 POLARIZER 2, ASEL SIMULATED READY 28.800 ON 2, GMIR SIMULATED READY 0.000 TARGET 1, GFOC SIMULATED READY 2.000 TARGET 1
	
16:22:40.534 2023/09/15	WPROT GOTO WP4	
16:22:40.537 2023/09/15	WPROT SIMULATED BUSY 45.000 WP3 3, WPSEL SIMULATED READY 0.000 L/4 1, CALW SIMULATED READY 72.000 POLARIZER 2, ASEL SIMULATED READY 28.800 ON 2, GMIR SIMULATED READY 0.000 TARGET 1, GFOC SIMULATED READY 2.000 TARGET 1
	
16:22:48.816 2023/09/15	WPROT GOTO WP5	
16:22:48.820 2023/09/15	WPROT SIMULATED BUSY 67.500 WP4 4, WPSEL SIMULATED READY 0.000 L/4 1, CALW SIMULATED READY 72.000 POLARIZER 2, ASEL SIMULATED READY 28.800 ON 2, GMIR SIMULATED READY 0.000 TARGET 1, GFOC SIMULATED READY 2.000 TARGET 1
	
16:22:57.529 2023/09/15	WPROT GOTO WP6	
16:22:57.533 2023/09/15	WPROT SIMULATED BUSY 90.000 WP5 5, WPSEL SIMULATED READY 0.000 L/4 1, CALW SIMULATED READY 72.000 POLARIZER 2, ASEL SIMULATED READY 28.800 ON 2, GMIR SIMULATED READY 0.000 TARGET 1, GFOC SIMULATED READY 2.000 TARGET 1
	
16:23:06.328 2023/09/15	WPROT GOTO WP7	
16:23:06.332 2023/09/15	WPROT SIMULATED BUSY 112.500 WP6 6, WPSEL SIMULATED READY 0.000 L/4 1, CALW SIMULATED READY 72.000 POLARIZER 2, ASEL SIMULATED READY 28.800 ON 2, GMIR SIMULATED READY 0.000 TARGET 1, GFOC SIMULATED READY 2.000 TARGET 1
	
16:23:15.179 2023/09/15	WPROT GOTO WP8	
16:23:15.182 2023/09/15	WPROT SIMULATED BUSY 135.000 WP7 7, WPSEL SIMULATED READY 0.000 L/4 1, CALW SIMULATED READY 72.000 POLARIZER 2, ASEL SIMULATED READY 28.800 ON 2, GMIR SIMULATED READY 0.000 TARGET 1, GFOC SIMULATED READY 2.000 TARGET 1
	
16:23:23.987 2023/09/15	WPROT GOTO WP1	
16:23:23.990 2023/09/15	WPROT SIMULATED BUSY 157.500 WP8 8, WPSEL SIMULATED READY 0.000 L/4 1, CALW SIMULATED READY 72.000 POLARIZER 2, ASEL SIMULATED READY 28.800 ON 2, GMIR SIMULATED READY 0.000 TARGET 1, GFOC SIMULATED READY 2.000 TARGET 1
	
16:23:37.572 2023/09/15	WPROT GOTO WP2	
16:23:37.575 2023/09/15	WPROT SIMULATED BUSY 0.000 WP1 1, WPSEL SIMULATED READY 0.000 L/4 1, CALW SIMULATED READY 72.000 POLARIZER 2, ASEL SIMULATED READY 28.800 ON 2, GMIR SIMULATED READY 0.000 TARGET 1, GFOC SIMULATED READY 2.000 TARGET 1
	
16:23:46.449 2023/09/15	WPROT GOTO WP3	
16:23:46.452 2023/09/15	WPROT SIMULATED BUSY 22.500 WP2 2, WPSEL SIMULATED READY 0.000 L/4 1, CALW SIMULATED READY 72.000 POLARIZER 2, ASEL SIMULATED READY 28.800 ON 2, GMIR SIMULATED READY 0.000 TARGET 1, GFOC SIMULATED READY 2.000 TARGET 1
	
16:23:55.190 2023/09/15	WPROT GOTO WP4	
16:23:55.193 2023/09/15	WPROT SIMULATED BUSY 45.000 WP3 3, WPSEL SIMULATED READY 0.000 L/4 1, CALW SIMULATED READY 72.000 POLARIZER 2, ASEL SIMULATED READY 28.800 ON 2, GMIR SIMULATED READY 0.000 TARGET 1, GFOC SIMULATED READY 2.000 TARGET 1
	
16:24:04.139 2023/09/15	WPROT GOTO WP5	
16:24:04.379 2023/09/15	WPROT SIMULATED BUSY 67.500 WP4 4, WPSEL SIMULATED READY 0.000 L/4 1, CALW SIMULATED READY 72.000 POLARIZER 2, ASEL SIMULATED READY 28.800 ON 2, GMIR SIMULATED READY 0.000 TARGET 1, GFOC SIMULATED READY 2.000 TARGET 1
	
16:24:13.409 2023/09/15	WPROT GOTO WP6	
16:24:13.413 2023/09/15	WPROT SIMULATED BUSY 90.000 WP5 5, WPSEL SIMULATED READY 0.000 L/4 1, CALW SIMULATED READY 72.000 POLARIZER 2, ASEL SIMULATED READY 28.800 ON 2, GMIR SIMULATED READY 0.000 TARGET 1, GFOC SIMULATED READY 2.000 TARGET 1
	
16:24:22.257 2023/09/15	WPROT GOTO WP7	
16:24:22.262 2023/09/15	WPROT SIMULATED BUSY 112.500 WP6 6, WPSEL SIMULATED READY 0.000 L/4 1, CALW SIMULATED READY 72.000 POLARIZER 2, ASEL SIMULATED READY 28.800 ON 2, GMIR SIMULATED READY 0.000 TARGET 1, GFOC SIMULATED READY 2.000 TARGET 1
	
16:24:31.009 2023/09/15	WPROT GOTO WP8	
16:24:31.014 2023/09/15	WPROT SIMULATED BUSY 135.000 WP7 7, WPSEL SIMULATED READY 0.000 L/4 1, CALW SIMULATED READY 72.000 POLARIZER 2, ASEL SIMULATED READY 28.800 ON 2, GMIR SIMULATED READY 0.000 TARGET 1, GFOC SIMULATED READY 2.000 TARGET 1
	
16:24:39.830 2023/09/15	WPROT GOTO WP1	
16:24:39.833 2023/09/15	WPROT SIMULATED BUSY 157.500 WP8 8, WPSEL SIMULATED READY 0.000 L/4 1, CALW SIMULATED READY 72.000 POLARIZER 2, ASEL SIMULATED READY 28.800 ON 2, GMIR SIMULATED READY 0.000 TARGET 1, GFOC SIMULATED READY 2.000 TARGET 1
	
16:24:53.342 2023/09/15	WPROT GOTO WP2	
16:24:53.345 2023/09/15	WPROT SIMULATED BUSY 0.000 WP1 1, WPSEL SIMULATED READY 0.000 L/4 1, CALW SIMULATED READY 72.000 POLARIZER 2, ASEL SIMULATED READY 28.800 ON 2, GMIR SIMULATED READY 0.000 TARGET 1, GFOC SIMULATED READY 2.000 TARGET 1
	
16:25:02.157 2023/09/15	WPROT GOTO WP3	
16:25:02.160 2023/09/15	WPROT SIMULATED BUSY 22.500 WP2 2, WPSEL SIMULATED READY 0.000 L/4 1, CALW SIMULATED READY 72.000 POLARIZER 2, ASEL SIMULATED READY 28.800 ON 2, GMIR SIMULATED READY 0.000 TARGET 1, GFOC SIMULATED READY 2.000 TARGET 1
	
16:25:10.842 2023/09/15	WPROT GOTO WP4	
16:25:10.845 2023/09/15	WPROT SIMULATED BUSY 45.000 WP3 3, WPSEL SIMULATED READY 0.000 L/4 1, CALW SIMULATED READY 72.000 POLARIZER 2, ASEL SIMULATED READY 28.800 ON 2, GMIR SIMULATED READY 0.000 TARGET 1, GFOC SIMULATED READY 2.000 TARGET 1
	
16:25:19.666 2023/09/15	WPROT GOTO WP5	
16:25:19.901 2023/09/15	WPROT SIMULATED BUSY 67.500 WP4 4, WPSEL SIMULATED READY 0.000 L/4 1, CALW SIMULATED READY 72.000 POLARIZER 2, ASEL SIMULATED READY 28.800 ON 2, GMIR SIMULATED READY 0.000 TARGET 1, GFOC SIMULATED READY 2.000 TARGET 1
	
16:25:28.475 2023/09/15	WPROT GOTO WP6	
16:25:28.722 2023/09/15	WPROT SIMULATED BUSY 90.000 WP5 5, WPSEL SIMULATED READY 0.000 L/4 1, CALW SIMULATED READY 72.000 POLARIZER 2, ASEL SIMULATED READY 28.800 ON 2, GMIR SIMULATED READY 0.000 TARGET 1, GFOC SIMULATED READY 2.000 TARGET 1
	
16:25:37.602 2023/09/15	WPROT GOTO WP7	
16:25:37.605 2023/09/15	WPROT SIMULATED BUSY 112.500 WP6 6, WPSEL SIMULATED READY 0.000 L/4 1, CALW SIMULATED READY 72.000 POLARIZER 2, ASEL SIMULATED READY 28.800 ON 2, GMIR SIMULATED READY 0.000 TARGET 1, GFOC SIMULATED READY 2.000 TARGET 1
	
16:25:46.804 2023/09/15	WPROT GOTO WP8	
16:25:46.808 2023/09/15	WPROT SIMULATED BUSY 135.000 WP7 7, WPSEL SIMULATED READY 0.000 L/4 1, CALW SIMULATED READY 72.000 POLARIZER 2, ASEL SIMULATED READY 28.800 ON 2, GMIR SIMULATED READY 0.000 TARGET 1, GFOC SIMULATED READY 2.000 TARGET 1
	
16:25:55.609 2023/09/15	WPROT GOTO WP1	
16:25:55.613 2023/09/15	WPROT SIMULATED BUSY 157.500 WP8 8, WPSEL SIMULATED READY 0.000 L/4 1, CALW SIMULATED READY 72.000 POLARIZER 2, ASEL SIMULATED READY 28.800 ON 2, GMIR SIMULATED READY 0.000 TARGET 1, GFOC SIMULATED READY 2.000 TARGET 1
	
16:26:09.510 2023/09/15	WPROT GOTO WP2	
16:26:09.513 2023/09/15	WPROT SIMULATED BUSY 0.000 WP1 1, WPSEL SIMULATED READY 0.000 L/4 1, CALW SIMULATED READY 72.000 POLARIZER 2, ASEL SIMULATED READY 28.800 ON 2, GMIR SIMULATED READY 0.000 TARGET 1, GFOC SIMULATED READY 2.000 TARGET 1
	
16:26:18.286 2023/09/15	WPROT GOTO WP3	
16:26:18.290 2023/09/15	WPROT SIMULATED BUSY 22.500 WP2 2, WPSEL SIMULATED READY 0.000 L/4 1, CALW SIMULATED READY 72.000 POLARIZER 2, ASEL SIMULATED READY 28.800 ON 2, GMIR SIMULATED READY 0.000 TARGET 1, GFOC SIMULATED READY 2.000 TARGET 1
	
16:26:27.041 2023/09/15	WPROT GOTO WP4	
16:26:27.044 2023/09/15	WPROT SIMULATED BUSY 45.000 WP3 3, WPSEL SIMULATED READY 0.000 L/4 1, CALW SIMULATED READY 72.000 POLARIZER 2, ASEL SIMULATED READY 28.800 ON 2, GMIR SIMULATED READY 0.000 TARGET 1, GFOC SIMULATED READY 2.000 TARGET 1
	
16:26:36.297 2023/09/15	WPROT GOTO WP5	
16:26:36.301 2023/09/15	WPROT SIMULATED BUSY 67.500 WP4 4, WPSEL SIMULATED READY 0.000 L/4 1, CALW SIMULATED READY 72.000 POLARIZER 2, ASEL SIMULATED READY 28.800 ON 2, GMIR SIMULATED READY 0.000 TARGET 1, GFOC SIMULATED READY 2.000 TARGET 1
	
16:26:45.188 2023/09/15	WPROT GOTO WP6	
16:26:45.192 2023/09/15	WPROT SIMULATED BUSY 90.000 WP5 5, WPSEL SIMULATED READY 0.000 L/4 1, CALW SIMULATED READY 72.000 POLARIZER 2, ASEL SIMULATED READY 28.800 ON 2, GMIR SIMULATED READY 0.000 TARGET 1, GFOC SIMULATED READY 2.000 TARGET 1
	
16:26:54.013 2023/09/15	WPROT GOTO WP7	
16:26:54.016 2023/09/15	WPROT SIMULATED BUSY 112.500 WP6 6, WPSEL SIMULATED READY 0.000 L/4 1, CALW SIMULATED READY 72.000 POLARIZER 2, ASEL SIMULATED READY 28.800 ON 2, GMIR SIMULATED READY 0.000 TARGET 1, GFOC SIMULATED READY 2.000 TARGET 1
	
16:27:03.213 2023/09/15	WPROT GOTO WP8	
16:27:03.218 2023/09/15	WPROT SIMULATED BUSY 135.000 WP7 7, WPSEL SIMULATED READY 0.000 L/4 1, CALW SIMULATED READY 72.000 POLARIZER 2, ASEL SIMULATED READY 28.800 ON 2, GMIR SIMULATED READY 0.000 TARGET 1, GFOC SIMULATED READY 2.000 TARGET 1
	
16:27:12.127 2023/09/15	WPROT GOTO WP1	
16:27:12.130 2023/09/15	WPROT SIMULATED BUSY 157.500 WP8 8, WPSEL SIMULATED READY 0.000 L/4 1, CALW SIMULATED READY 72.000 POLARIZER 2, ASEL SIMULATED READY 28.800 ON 2, GMIR SIMULATED READY 0.000 TARGET 1, GFOC SIMULATED READY 2.000 TARGET 1
	
16:27:25.523 2023/09/15	WPROT GOTO WP2	
16:27:25.527 2023/09/15	WPROT SIMULATED BUSY 0.000 WP1 1, WPSEL SIMULATED READY 0.000 L/4 1, CALW SIMULATED READY 72.000 POLARIZER 2, ASEL SIMULATED READY 28.800 ON 2, GMIR SIMULATED READY 0.000 TARGET 1, GFOC SIMULATED READY 2.000 TARGET 1
	
16:27:34.394 2023/09/15	WPROT GOTO WP3	
16:27:34.398 2023/09/15	WPROT SIMULATED BUSY 22.500 WP2 2, WPSEL SIMULATED READY 0.000 L/4 1, CALW SIMULATED READY 72.000 POLARIZER 2, ASEL SIMULATED READY 28.800 ON 2, GMIR SIMULATED READY 0.000 TARGET 1, GFOC SIMULATED READY 2.000 TARGET 1
	
16:27:43.644 2023/09/15	WPROT GOTO WP4	
16:27:43.647 2023/09/15	WPROT SIMULATED BUSY 45.000 WP3 3, WPSEL SIMULATED READY 0.000 L/4 1, CALW SIMULATED READY 72.000 POLARIZER 2, ASEL SIMULATED READY 28.800 ON 2, GMIR SIMULATED READY 0.000 TARGET 1, GFOC SIMULATED READY 2.000 TARGET 1
	
16:27:52.505 2023/09/15	WPROT GOTO WP5	
16:27:52.508 2023/09/15	WPROT SIMULATED BUSY 67.500 WP4 4, WPSEL SIMULATED READY 0.000 L/4 1, CALW SIMULATED READY 72.000 POLARIZER 2, ASEL SIMULATED READY 28.800 ON 2, GMIR SIMULATED READY 0.000 TARGET 1, GFOC SIMULATED READY 2.000 TARGET 1
	
16:28:01.286 2023/09/15	WPROT GOTO WP6	
16:28:01.529 2023/09/15	WPROT SIMULATED BUSY 90.000 WP5 5, WPSEL SIMULATED READY 0.000 L/4 1, CALW SIMULATED READY 72.000 POLARIZER 2, ASEL SIMULATED READY 28.800 ON 2, GMIR SIMULATED READY 0.000 TARGET 1, GFOC SIMULATED READY 2.000 TARGET 1
	
16:28:10.562 2023/09/15	WPROT GOTO WP7	
16:28:10.809 2023/09/15	WPROT SIMULATED BUSY 112.500 WP6 6, WPSEL SIMULATED READY 0.000 L/4 1, CALW SIMULATED READY 72.000 POLARIZER 2, ASEL SIMULATED READY 28.800 ON 2, GMIR SIMULATED READY 0.000 TARGET 1, GFOC SIMULATED READY 2.000 TARGET 1
	
16:28:20.253 2023/09/15	WPROT GOTO WP8	
16:28:20.256 2023/09/15	WPROT SIMULATED BUSY 135.000 WP7 7, WPSEL SIMULATED READY 0.000 L/4 1, CALW SIMULATED READY 72.000 POLARIZER 2, ASEL SIMULATED READY 28.800 ON 2, GMIR SIMULATED READY 0.000 TARGET 1, GFOC SIMULATED READY 2.000 TARGET 1
	
16:28:29.098 2023/09/15	WPROT GOTO WP1	
16:28:29.101 2023/09/15	WPROT SIMULATED BUSY 157.500 WP8 8, WPSEL SIMULATED READY 0.000 L/4 1, CALW SIMULATED READY 72.000 POLARIZER 2, ASEL SIMULATED READY 28.800 ON 2, GMIR SIMULATED READY 0.000 TARGET 1, GFOC SIMULATED READY 2.000 TARGET 1
	
16:28:42.945 2023/09/15	WPROT GOTO WP2	
16:28:42.949 2023/09/15	WPROT SIMULATED BUSY 0.000 WP1 1, WPSEL SIMULATED READY 0.000 L/4 1, CALW SIMULATED READY 72.000 POLARIZER 2, ASEL SIMULATED READY 28.800 ON 2, GMIR SIMULATED READY 0.000 TARGET 1, GFOC SIMULATED READY 2.000 TARGET 1
	
16:28:51.684 2023/09/15	WPROT GOTO WP3	
16:28:51.687 2023/09/15	WPROT SIMULATED BUSY 22.500 WP2 2, WPSEL SIMULATED READY 0.000 L/4 1, CALW SIMULATED READY 72.000 POLARIZER 2, ASEL SIMULATED READY 28.800 ON 2, GMIR SIMULATED READY 0.000 TARGET 1, GFOC SIMULATED READY 2.000 TARGET 1
	
16:29:00.581 2023/09/15	WPROT GOTO WP4	
16:29:00.584 2023/09/15	WPROT SIMULATED BUSY 45.000 WP3 3, WPSEL SIMULATED READY 0.000 L/4 1, CALW SIMULATED READY 72.000 POLARIZER 2, ASEL SIMULATED READY 28.800 ON 2, GMIR SIMULATED READY 0.000 TARGET 1, GFOC SIMULATED READY 2.000 TARGET 1
	
16:29:09.322 2023/09/15	WPROT GOTO WP5	
16:29:09.326 2023/09/15	WPROT SIMULATED BUSY 67.500 WP4 4, WPSEL SIMULATED READY 0.000 L/4 1, CALW SIMULATED READY 72.000 POLARIZER 2, ASEL SIMULATED READY 28.800 ON 2, GMIR SIMULATED READY 0.000 TARGET 1, GFOC SIMULATED READY 2.000 TARGET 1
	
16:29:18.154 2023/09/15	WPROT GOTO WP6	
16:29:18.158 2023/09/15	WPROT SIMULATED BUSY 90.000 WP5 5, WPSEL SIMULATED READY 0.000 L/4 1, CALW SIMULATED READY 72.000 POLARIZER 2, ASEL SIMULATED READY 28.800 ON 2, GMIR SIMULATED READY 0.000 TARGET 1, GFOC SIMULATED READY 2.000 TARGET 1
	
16:29:27.360 2023/09/15	WPROT GOTO WP7	
16:29:27.364 2023/09/15	WPROT SIMULATED BUSY 112.500 WP6 6, WPSEL SIMULATED READY 0.000 L/4 1, CALW SIMULATED READY 72.000 POLARIZER 2, ASEL SIMULATED READY 28.800 ON 2, GMIR SIMULATED READY 0.000 TARGET 1, GFOC SIMULATED READY 2.000 TARGET 1
	
16:29:36.646 2023/09/15	WPROT GOTO WP8	
16:29:36.650 2023/09/15	WPROT SIMULATED BUSY 135.000 WP7 7, WPSEL SIMULATED READY 0.000 L/4 1, CALW SIMULATED READY 72.000 POLARIZER 2, ASEL SIMULATED READY 28.800 ON 2, GMIR SIMULATED READY 0.000 TARGET 1, GFOC SIMULATED READY 2.000 TARGET 1
	
16:29:46.076 2023/09/15	WPROT GOTO WP1	
16:29:46.080 2023/09/15	WPROT SIMULATED BUSY 157.500 WP8 8, WPSEL SIMULATED READY 0.000 L/4 1, CALW SIMULATED READY 72.000 POLARIZER 2, ASEL SIMULATED READY 28.800 ON 2, GMIR SIMULATED READY 0.000 TARGET 1, GFOC SIMULATED READY 2.000 TARGET 1
	
16:29:59.365 2023/09/15	WPROT GOTO WP2	
16:29:59.369 2023/09/15	WPROT SIMULATED BUSY 0.000 WP1 1, WPSEL SIMULATED READY 0.000 L/4 1, CALW SIMULATED READY 72.000 POLARIZER 2, ASEL SIMULATED READY 28.800 ON 2, GMIR SIMULATED READY 0.000 TARGET 1, GFOC SIMULATED READY 2.000 TARGET 1
	
16:30:08.115 2023/09/15	WPROT GOTO WP3	
16:30:08.119 2023/09/15	WPROT SIMULATED BUSY 22.500 WP2 2, WPSEL SIMULATED READY 0.000 L/4 1, CALW SIMULATED READY 72.000 POLARIZER 2, ASEL SIMULATED READY 28.800 ON 2, GMIR SIMULATED READY 0.000 TARGET 1, GFOC SIMULATED READY 2.000 TARGET 1
	
16:30:16.626 2023/09/15	WPROT GOTO WP4	
16:30:16.630 2023/09/15	WPROT SIMULATED BUSY 45.000 WP3 3, WPSEL SIMULATED READY 0.000 L/4 1, CALW SIMULATED READY 72.000 POLARIZER 2, ASEL SIMULATED READY 28.800 ON 2, GMIR SIMULATED READY 0.000 TARGET 1, GFOC SIMULATED READY 2.000 TARGET 1
	
16:30:25.358 2023/09/15	WPROT GOTO WP5	
16:30:25.362 2023/09/15	WPROT SIMULATED BUSY 67.500 WP4 4, WPSEL SIMULATED READY 0.000 L/4 1, CALW SIMULATED READY 72.000 POLARIZER 2, ASEL SIMULATED READY 28.800 ON 2, GMIR SIMULATED READY 0.000 TARGET 1, GFOC SIMULATED READY 2.000 TARGET 1
	
16:30:34.236 2023/09/15	WPROT GOTO WP6	
16:30:34.475 2023/09/15	WPROT SIMULATED BUSY 90.000 WP5 5, WPSEL SIMULATED READY 0.000 L/4 1, CALW SIMULATED READY 72.000 POLARIZER 2, ASEL SIMULATED READY 28.800 ON 2, GMIR SIMULATED READY 0.000 TARGET 1, GFOC SIMULATED READY 2.000 TARGET 1
	
16:30:43.433 2023/09/15	WPROT GOTO WP7	
16:30:43.438 2023/09/15	WPROT SIMULATED BUSY 112.500 WP6 6, WPSEL SIMULATED READY 0.000 L/4 1, CALW SIMULATED READY 72.000 POLARIZER 2, ASEL SIMULATED READY 28.800 ON 2, GMIR SIMULATED READY 0.000 TARGET 1, GFOC SIMULATED READY 2.000 TARGET 1
	
16:30:52.229 2023/09/15	WPROT GOTO WP8	
16:30:52.232 2023/09/15	WPROT SIMULATED BUSY 135.000 WP7 7, WPSEL SIMULATED READY 0.000 L/4 1, CALW SIMULATED READY 72.000 POLARIZER 2, ASEL SIMULATED READY 28.800 ON 2, GMIR SIMULATED READY 0.000 TARGET 1, GFOC SIMULATED READY 2.000 TARGET 1
	
16:31:01.575 2023/09/15	WPROT GOTO WP1	
16:31:01.834 2023/09/15	WPROT SIMULATED BUSY 157.500 WP8 8, WPSEL SIMULATED READY 0.000 L/4 1, CALW SIMULATED READY 72.000 POLARIZER 2, ASEL SIMULATED READY 28.800 ON 2, GMIR SIMULATED READY 0.000 TARGET 1, GFOC SIMULATED READY 2.000 TARGET 1
	
16:31:15.035 2023/09/15	WPROT GOTO WP2	
16:31:15.039 2023/09/15	WPROT SIMULATED BUSY 0.000 WP1 1, WPSEL SIMULATED READY 0.000 L/4 1, CALW SIMULATED READY 72.000 POLARIZER 2, ASEL SIMULATED READY 28.800 ON 2, GMIR SIMULATED READY 0.000 TARGET 1, GFOC SIMULATED READY 2.000 TARGET 1
	
16:31:23.726 2023/09/15	WPROT GOTO WP3	
16:31:23.730 2023/09/15	WPROT SIMULATED BUSY 22.500 WP2 2, WPSEL SIMULATED READY 0.000 L/4 1, CALW SIMULATED READY 72.000 POLARIZER 2, ASEL SIMULATED READY 28.800 ON 2, GMIR SIMULATED READY 0.000 TARGET 1, GFOC SIMULATED READY 2.000 TARGET 1
	
16:31:33.003 2023/09/15	WPROT GOTO WP4	
16:31:33.006 2023/09/15	WPROT SIMULATED BUSY 45.000 WP3 3, WPSEL SIMULATED READY 0.000 L/4 1, CALW SIMULATED READY 72.000 POLARIZER 2, ASEL SIMULATED READY 28.800 ON 2, GMIR SIMULATED READY 0.000 TARGET 1, GFOC SIMULATED READY 2.000 TARGET 1
	
16:31:41.783 2023/09/15	WPROT GOTO WP5	
16:31:41.787 2023/09/15	WPROT SIMULATED BUSY 67.500 WP4 4, WPSEL SIMULATED READY 0.000 L/4 1, CALW SIMULATED READY 72.000 POLARIZER 2, ASEL SIMULATED READY 28.800 ON 2, GMIR SIMULATED READY 0.000 TARGET 1, GFOC SIMULATED READY 2.000 TARGET 1
	
16:31:50.627 2023/09/15	WPROT GOTO WP6	
16:31:50.631 2023/09/15	WPROT SIMULATED BUSY 90.000 WP5 5, WPSEL SIMULATED READY 0.000 L/4 1, CALW SIMULATED READY 72.000 POLARIZER 2, ASEL SIMULATED READY 28.800 ON 2, GMIR SIMULATED READY 0.000 TARGET 1, GFOC SIMULATED READY 2.000 TARGET 1
	
16:31:59.379 2023/09/15	WPROT GOTO WP7	
16:31:59.383 2023/09/15	WPROT SIMULATED BUSY 112.500 WP6 6, WPSEL SIMULATED READY 0.000 L/4 1, CALW SIMULATED READY 72.000 POLARIZER 2, ASEL SIMULATED READY 28.800 ON 2, GMIR SIMULATED READY 0.000 TARGET 1, GFOC SIMULATED READY 2.000 TARGET 1
	
16:32:08.146 2023/09/15	WPROT GOTO WP8	
16:32:08.151 2023/09/15	WPROT SIMULATED BUSY 135.000 WP7 7, WPSEL SIMULATED READY 0.000 L/4 1, CALW SIMULATED READY 72.000 POLARIZER 2, ASEL SIMULATED READY 28.800 ON 2, GMIR SIMULATED READY 0.000 TARGET 1, GFOC SIMULATED READY 2.000 TARGET 1
	
16:32:17.103 2023/09/15	WPROT GOTO WP1	
16:32:17.107 2023/09/15	WPROT SIMULATED BUSY 157.500 WP8 8, WPSEL SIMULATED READY 0.000 L/4 1, CALW SIMULATED READY 72.000 POLARIZER 2, ASEL SIMULATED READY 28.800 ON 2, GMIR SIMULATED READY 0.000 TARGET 1, GFOC SIMULATED READY 2.000 TARGET 1
	
16:32:30.895 2023/09/15	WPROT GOTO WP2	
16:32:30.900 2023/09/15	WPROT SIMULATED BUSY 0.000 WP1 1, WPSEL SIMULATED READY 0.000 L/4 1, CALW SIMULATED READY 72.000 POLARIZER 2, ASEL SIMULATED READY 28.800 ON 2, GMIR SIMULATED READY 0.000 TARGET 1, GFOC SIMULATED READY 2.000 TARGET 1
	
16:32:39.791 2023/09/15	WPROT GOTO WP3	
16:32:39.795 2023/09/15	WPROT SIMULATED BUSY 22.500 WP2 2, WPSEL SIMULATED READY 0.000 L/4 1, CALW SIMULATED READY 72.000 POLARIZER 2, ASEL SIMULATED READY 28.800 ON 2, GMIR SIMULATED READY 0.000 TARGET 1, GFOC SIMULATED READY 2.000 TARGET 1
	
16:32:48.685 2023/09/15	WPROT GOTO WP4	
16:32:48.688 2023/09/15	WPROT SIMULATED BUSY 45.000 WP3 3, WPSEL SIMULATED READY 0.000 L/4 1, CALW SIMULATED READY 72.000 POLARIZER 2, ASEL SIMULATED READY 28.800 ON 2, GMIR SIMULATED READY 0.000 TARGET 1, GFOC SIMULATED READY 2.000 TARGET 1
	
16:32:57.463 2023/09/15	WPROT GOTO WP5	
16:32:57.466 2023/09/15	WPROT SIMULATED BUSY 67.500 WP4 4, WPSEL SIMULATED READY 0.000 L/4 1, CALW SIMULATED READY 72.000 POLARIZER 2, ASEL SIMULATED READY 28.800 ON 2, GMIR SIMULATED READY 0.000 TARGET 1, GFOC SIMULATED READY 2.000 TARGET 1
	
16:33:06.265 2023/09/15	WPROT GOTO WP6	
16:33:06.509 2023/09/15	WPROT SIMULATED BUSY 90.000 WP5 5, WPSEL SIMULATED READY 0.000 L/4 1, CALW SIMULATED READY 72.000 POLARIZER 2, ASEL SIMULATED READY 28.800 ON 2, GMIR SIMULATED READY 0.000 TARGET 1, GFOC SIMULATED READY 2.000 TARGET 1
	
16:33:15.469 2023/09/15	WPROT GOTO WP7	
16:33:15.472 2023/09/15	WPROT SIMULATED BUSY 112.500 WP6 6, WPSEL SIMULATED READY 0.000 L/4 1, CALW SIMULATED READY 72.000 POLARIZER 2, ASEL SIMULATED READY 28.800 ON 2, GMIR SIMULATED READY 0.000 TARGET 1, GFOC SIMULATED READY 2.000 TARGET 1
	
16:33:24.806 2023/09/15	WPROT GOTO WP8	
16:33:24.811 2023/09/15	WPROT SIMULATED BUSY 135.000 WP7 7, WPSEL SIMULATED READY 0.000 L/4 1, CALW SIMULATED READY 72.000 POLARIZER 2, ASEL SIMULATED READY 28.800 ON 2, GMIR SIMULATED READY 0.000 TARGET 1, GFOC SIMULATED READY 2.000 TARGET 1
	
16:33:34.106 2023/09/15	WPROT GOTO WP1	
16:33:34.109 2023/09/15	WPROT SIMULATED BUSY 157.500 WP8 8, WPSEL SIMULATED READY 0.000 L/4 1, CALW SIMULATED READY 72.000 POLARIZER 2, ASEL SIMULATED READY 28.800 ON 2, GMIR SIMULATED READY 0.000 TARGET 1, GFOC SIMULATED READY 2.000 TARGET 1
	
16:33:48.005 2023/09/15	WPROT GOTO WP2	
16:33:48.009 2023/09/15	WPROT SIMULATED BUSY 0.000 WP1 1, WPSEL SIMULATED READY 0.000 L/4 1, CALW SIMULATED READY 72.000 POLARIZER 2, ASEL SIMULATED READY 28.800 ON 2, GMIR SIMULATED READY 0.000 TARGET 1, GFOC SIMULATED READY 2.000 TARGET 1
	
16:33:56.952 2023/09/15	WPROT GOTO WP3	
16:33:57.197 2023/09/15	WPROT SIMULATED BUSY 22.500 WP2 2, WPSEL SIMULATED READY 0.000 L/4 1, CALW SIMULATED READY 72.000 POLARIZER 2, ASEL SIMULATED READY 28.800 ON 2, GMIR SIMULATED READY 0.000 TARGET 1, GFOC SIMULATED READY 2.000 TARGET 1
	
16:34:06.184 2023/09/15	WPROT GOTO WP4	
16:34:06.187 2023/09/15	WPROT SIMULATED BUSY 45.000 WP3 3, WPSEL SIMULATED READY 0.000 L/4 1, CALW SIMULATED READY 72.000 POLARIZER 2, ASEL SIMULATED READY 28.800 ON 2, GMIR SIMULATED READY 0.000 TARGET 1, GFOC SIMULATED READY 2.000 TARGET 1
	
16:34:15.393 2023/09/15	WPROT GOTO WP5	
16:34:15.397 2023/09/15	WPROT SIMULATED BUSY 67.500 WP4 4, WPSEL SIMULATED READY 0.000 L/4 1, CALW SIMULATED READY 72.000 POLARIZER 2, ASEL SIMULATED READY 28.800 ON 2, GMIR SIMULATED READY 0.000 TARGET 1, GFOC SIMULATED READY 2.000 TARGET 1
	
16:34:24.717 2023/09/15	WPROT GOTO WP6	
16:34:24.720 2023/09/15	WPROT SIMULATED BUSY 90.000 WP5 5, WPSEL SIMULATED READY 0.000 L/4 1, CALW SIMULATED READY 72.000 POLARIZER 2, ASEL SIMULATED READY 28.800 ON 2, GMIR SIMULATED READY 0.000 TARGET 1, GFOC SIMULATED READY 2.000 TARGET 1
	
16:34:33.920 2023/09/15	WPROT GOTO WP7	
16:34:33.923 2023/09/15	WPROT SIMULATED BUSY 112.500 WP6 6, WPSEL SIMULATED READY 0.000 L/4 1, CALW SIMULATED READY 72.000 POLARIZER 2, ASEL SIMULATED READY 28.800 ON 2, GMIR SIMULATED READY 0.000 TARGET 1, GFOC SIMULATED READY 2.000 TARGET 1
	
16:34:42.798 2023/09/15	WPROT GOTO WP8	
16:34:42.801 2023/09/15	WPROT SIMULATED BUSY 135.000 WP7 7, WPSEL SIMULATED READY 0.000 L/4 1, CALW SIMULATED READY 72.000 POLARIZER 2, ASEL SIMULATED READY 28.800 ON 2, GMIR SIMULATED READY 0.000 TARGET 1, GFOC SIMULATED READY 2.000 TARGET 1
	
16:34:51.703 2023/09/15	WPROT GOTO WP1	
16:34:51.706 2023/09/15	WPROT SIMULATED BUSY 157.500 WP8 8, WPSEL SIMULATED READY 0.000 L/4 1, CALW SIMULATED READY 72.000 POLARIZER 2, ASEL SIMULATED READY 28.800 ON 2, GMIR SIMULATED READY 0.000 TARGET 1, GFOC SIMULATED READY 2.000 TARGET 1
	
16:35:05.274 2023/09/15	WPROT GOTO WP2	
16:35:05.279 2023/09/15	WPROT SIMULATED BUSY 0.000 WP1 1, WPSEL SIMULATED READY 0.000 L/4 1, CALW SIMULATED READY 72.000 POLARIZER 2, ASEL SIMULATED READY 28.800 ON 2, GMIR SIMULATED READY 0.000 TARGET 1, GFOC SIMULATED READY 2.000 TARGET 1
	
16:35:14.466 2023/09/15	WPROT GOTO WP3	
16:35:14.469 2023/09/15	WPROT SIMULATED BUSY 22.500 WP2 2, WPSEL SIMULATED READY 0.000 L/4 1, CALW SIMULATED READY 72.000 POLARIZER 2, ASEL SIMULATED READY 28.800 ON 2, GMIR SIMULATED READY 0.000 TARGET 1, GFOC SIMULATED READY 2.000 TARGET 1
	
16:35:23.718 2023/09/15	WPROT GOTO WP4	
16:35:23.721 2023/09/15	WPROT SIMULATED BUSY 45.000 WP3 3, WPSEL SIMULATED READY 0.000 L/4 1, CALW SIMULATED READY 72.000 POLARIZER 2, ASEL SIMULATED READY 28.800 ON 2, GMIR SIMULATED READY 0.000 TARGET 1, GFOC SIMULATED READY 2.000 TARGET 1
	
16:35:32.551 2023/09/15	WPROT GOTO WP5	
16:35:32.793 2023/09/15	WPROT SIMULATED BUSY 67.500 WP4 4, WPSEL SIMULATED READY 0.000 L/4 1, CALW SIMULATED READY 72.000 POLARIZER 2, ASEL SIMULATED READY 28.800 ON 2, GMIR SIMULATED READY 0.000 TARGET 1, GFOC SIMULATED READY 2.000 TARGET 1
	
16:35:41.368 2023/09/15	WPROT GOTO WP6	
16:35:41.620 2023/09/15	WPROT SIMULATED BUSY 90.000 WP5 5, WPSEL SIMULATED READY 0.000 L/4 1, CALW SIMULATED READY 72.000 POLARIZER 2, ASEL SIMULATED READY 28.800 ON 2, GMIR SIMULATED READY 0.000 TARGET 1, GFOC SIMULATED READY 2.000 TARGET 1
	
16:35:50.672 2023/09/15	WPROT GOTO WP7	
16:35:50.914 2023/09/15	WPROT SIMULATED BUSY 112.500 WP6 6, WPSEL SIMULATED READY 0.000 L/4 1, CALW SIMULATED READY 72.000 POLARIZER 2, ASEL SIMULATED READY 28.800 ON 2, GMIR SIMULATED READY 0.000 TARGET 1, GFOC SIMULATED READY 2.000 TARGET 1
	
16:35:59.847 2023/09/15	WPROT GOTO WP8	
16:35:59.851 2023/09/15	WPROT SIMULATED BUSY 135.000 WP7 7, WPSEL SIMULATED READY 0.000 L/4 1, CALW SIMULATED READY 72.000 POLARIZER 2, ASEL SIMULATED READY 28.800 ON 2, GMIR SIMULATED READY 0.000 TARGET 1, GFOC SIMULATED READY 2.000 TARGET 1
	
16:36:08.609 2023/09/15	WPROT GOTO WP1	
16:36:08.613 2023/09/15	WPROT SIMULATED BUSY 157.500 WP8 8, WPSEL SIMULATED READY 0.000 L/4 1, CALW SIMULATED READY 72.000 POLARIZER 2, ASEL SIMULATED READY 28.800 ON 2, GMIR SIMULATED READY 0.000 TARGET 1, GFOC SIMULATED READY 2.000 TARGET 1
	
16:36:21.583 2023/09/15	WPROT GOTO WP2	
16:36:21.825 2023/09/15	WPROT SIMULATED BUSY 0.000 WP1 1, WPSEL SIMULATED READY 0.000 L/4 1, CALW SIMULATED READY 72.000 POLARIZER 2, ASEL SIMULATED READY 28.800 ON 2, GMIR SIMULATED READY 0.000 TARGET 1, GFOC SIMULATED READY 2.000 TARGET 1
	
16:36:31.239 2023/09/15	WPROT GOTO WP3	
16:36:31.242 2023/09/15	WPROT SIMULATED BUSY 22.500 WP2 2, WPSEL SIMULATED READY 0.000 L/4 1, CALW SIMULATED READY 72.000 POLARIZER 2, ASEL SIMULATED READY 28.800 ON 2, GMIR SIMULATED READY 0.000 TARGET 1, GFOC SIMULATED READY 2.000 TARGET 1
	
16:36:40.544 2023/09/15	WPROT GOTO WP4	
16:36:40.547 2023/09/15	WPROT SIMULATED BUSY 45.000 WP3 3, WPSEL SIMULATED READY 0.000 L/4 1, CALW SIMULATED READY 72.000 POLARIZER 2, ASEL SIMULATED READY 28.800 ON 2, GMIR SIMULATED READY 0.000 TARGET 1, GFOC SIMULATED READY 2.000 TARGET 1
	
16:36:49.388 2023/09/15	WPROT GOTO WP5	
16:36:49.391 2023/09/15	WPROT SIMULATED BUSY 67.500 WP4 4, WPSEL SIMULATED READY 0.000 L/4 1, CALW SIMULATED READY 72.000 POLARIZER 2, ASEL SIMULATED READY 28.800 ON 2, GMIR SIMULATED READY 0.000 TARGET 1, GFOC SIMULATED READY 2.000 TARGET 1
	
16:36:58.599 2023/09/15	WPROT GOTO WP6	
16:36:58.602 2023/09/15	WPROT SIMULATED BUSY 90.000 WP5 5, WPSEL SIMULATED READY 0.000 L/4 1, CALW SIMULATED READY 72.000 POLARIZER 2, ASEL SIMULATED READY 28.800 ON 2, GMIR SIMULATED READY 0.000 TARGET 1, GFOC SIMULATED READY 2.000 TARGET 1
	
16:37:07.331 2023/09/15	WPROT GOTO WP7	
16:37:07.335 2023/09/15	WPROT SIMULATED BUSY 112.500 WP6 6, WPSEL SIMULATED READY 0.000 L/4 1, CALW SIMULATED READY 72.000 POLARIZER 2, ASEL SIMULATED READY 28.800 ON 2, GMIR SIMULATED READY 0.000 TARGET 1, GFOC SIMULATED READY 2.000 TARGET 1
	
16:37:16.142 2023/09/15	WPROT GOTO WP8	
16:37:16.396 2023/09/15	WPROT SIMULATED BUSY 135.000 WP7 7, WPSEL SIMULATED READY 0.000 L/4 1, CALW SIMULATED READY 72.000 POLARIZER 2, ASEL SIMULATED READY 28.800 ON 2, GMIR SIMULATED READY 0.000 TARGET 1, GFOC SIMULATED READY 2.000 TARGET 1
	
16:37:25.967 2023/09/15	WPROT GOTO WP1	
16:37:25.970 2023/09/15	WPROT SIMULATED BUSY 157.500 WP8 8, WPSEL SIMULATED READY 0.000 L/4 1, CALW SIMULATED READY 72.000 POLARIZER 2, ASEL SIMULATED READY 28.800 ON 2, GMIR SIMULATED READY 0.000 TARGET 1, GFOC SIMULATED READY 2.000 TARGET 1
	
16:37:39.367 2023/09/15	WPROT GOTO WP2	
16:37:39.370 2023/09/15	WPROT SIMULATED BUSY 0.000 WP1 1, WPSEL SIMULATED READY 0.000 L/4 1, CALW SIMULATED READY 72.000 POLARIZER 2, ASEL SIMULATED READY 28.800 ON 2, GMIR SIMULATED READY 0.000 TARGET 1, GFOC SIMULATED READY 2.000 TARGET 1
	
16:37:48.214 2023/09/15	WPROT GOTO WP3	
16:37:48.217 2023/09/15	WPROT SIMULATED BUSY 22.500 WP2 2, WPSEL SIMULATED READY 0.000 L/4 1, CALW SIMULATED READY 72.000 POLARIZER 2, ASEL SIMULATED READY 28.800 ON 2, GMIR SIMULATED READY 0.000 TARGET 1, GFOC SIMULATED READY 2.000 TARGET 1
	
16:37:57.073 2023/09/15	WPROT GOTO WP4	
16:37:57.077 2023/09/15	WPROT SIMULATED BUSY 45.000 WP3 3, WPSEL SIMULATED READY 0.000 L/4 1, CALW SIMULATED READY 72.000 POLARIZER 2, ASEL SIMULATED READY 28.800 ON 2, GMIR SIMULATED READY 0.000 TARGET 1, GFOC SIMULATED READY 2.000 TARGET 1
	
16:38:05.905 2023/09/15	WPROT GOTO WP5	
16:38:05.908 2023/09/15	WPROT SIMULATED BUSY 67.500 WP4 4, WPSEL SIMULATED READY 0.000 L/4 1, CALW SIMULATED READY 72.000 POLARIZER 2, ASEL SIMULATED READY 28.800 ON 2, GMIR SIMULATED READY 0.000 TARGET 1, GFOC SIMULATED READY 2.000 TARGET 1
	
16:38:15.232 2023/09/15	WPROT GOTO WP6	
16:38:15.236 2023/09/15	WPROT SIMULATED BUSY 90.000 WP5 5, WPSEL SIMULATED READY 0.000 L/4 1, CALW SIMULATED READY 72.000 POLARIZER 2, ASEL SIMULATED READY 28.800 ON 2, GMIR SIMULATED READY 0.000 TARGET 1, GFOC SIMULATED READY 2.000 TARGET 1
	
16:38:24.111 2023/09/15	WPROT GOTO WP7	
16:38:24.114 2023/09/15	WPROT SIMULATED BUSY 112.500 WP6 6, WPSEL SIMULATED READY 0.000 L/4 1, CALW SIMULATED READY 72.000 POLARIZER 2, ASEL SIMULATED READY 28.800 ON 2, GMIR SIMULATED READY 0.000 TARGET 1, GFOC SIMULATED READY 2.000 TARGET 1
	
16:38:32.813 2023/09/15	WPROT GOTO WP8	
16:38:32.817 2023/09/15	WPROT SIMULATED BUSY 135.000 WP7 7, WPSEL SIMULATED READY 0.000 L/4 1, CALW SIMULATED READY 72.000 POLARIZER 2, ASEL SIMULATED READY 28.800 ON 2, GMIR SIMULATED READY 0.000 TARGET 1, GFOC SIMULATED READY 2.000 TARGET 1
	
16:38:41.727 2023/09/15	WPROT GOTO WP1	
16:38:41.731 2023/09/15	WPROT SIMULATED BUSY 157.500 WP8 8, WPSEL SIMULATED READY 0.000 L/4 1, CALW SIMULATED READY 72.000 POLARIZER 2, ASEL SIMULATED READY 28.800 ON 2, GMIR SIMULATED READY 0.000 TARGET 1, GFOC SIMULATED READY 2.000 TARGET 1
	
16:38:55.126 2023/09/15	WPROT GOTO WP2	
16:38:55.130 2023/09/15	WPROT SIMULATED BUSY 0.000 WP1 1, WPSEL SIMULATED READY 0.000 L/4 1, CALW SIMULATED READY 72.000 POLARIZER 2, ASEL SIMULATED READY 28.800 ON 2, GMIR SIMULATED READY 0.000 TARGET 1, GFOC SIMULATED READY 2.000 TARGET 1
	
16:39:03.928 2023/09/15	WPROT GOTO WP3	
16:39:03.932 2023/09/15	WPROT SIMULATED BUSY 22.500 WP2 2, WPSEL SIMULATED READY 0.000 L/4 1, CALW SIMULATED READY 72.000 POLARIZER 2, ASEL SIMULATED READY 28.800 ON 2, GMIR SIMULATED READY 0.000 TARGET 1, GFOC SIMULATED READY 2.000 TARGET 1
	
16:39:12.636 2023/09/15	WPROT GOTO WP4	
16:39:12.639 2023/09/15	WPROT SIMULATED BUSY 45.000 WP3 3, WPSEL SIMULATED READY 0.000 L/4 1, CALW SIMULATED READY 72.000 POLARIZER 2, ASEL SIMULATED READY 28.800 ON 2, GMIR SIMULATED READY 0.000 TARGET 1, GFOC SIMULATED READY 2.000 TARGET 1
	
16:39:21.810 2023/09/15	WPROT GOTO WP5	
16:39:21.813 2023/09/15	WPROT SIMULATED BUSY 67.500 WP4 4, WPSEL SIMULATED READY 0.000 L/4 1, CALW SIMULATED READY 72.000 POLARIZER 2, ASEL SIMULATED READY 28.800 ON 2, GMIR SIMULATED READY 0.000 TARGET 1, GFOC SIMULATED READY 2.000 TARGET 1
	
16:39:30.562 2023/09/15	WPROT GOTO WP6	
16:39:30.565 2023/09/15	WPROT SIMULATED BUSY 90.000 WP5 5, WPSEL SIMULATED READY 0.000 L/4 1, CALW SIMULATED READY 72.000 POLARIZER 2, ASEL SIMULATED READY 28.800 ON 2, GMIR SIMULATED READY 0.000 TARGET 1, GFOC SIMULATED READY 2.000 TARGET 1
	
16:39:39.374 2023/09/15	WPROT GOTO WP7	
16:39:39.378 2023/09/15	WPROT SIMULATED BUSY 112.500 WP6 6, WPSEL SIMULATED READY 0.000 L/4 1, CALW SIMULATED READY 72.000 POLARIZER 2, ASEL SIMULATED READY 28.800 ON 2, GMIR SIMULATED READY 0.000 TARGET 1, GFOC SIMULATED READY 2.000 TARGET 1
	
16:39:48.248 2023/09/15	WPROT GOTO WP8	
16:39:48.251 2023/09/15	WPROT SIMULATED BUSY 135.000 WP7 7, WPSEL SIMULATED READY 0.000 L/4 1, CALW SIMULATED READY 72.000 POLARIZER 2, ASEL SIMULATED READY 28.800 ON 2, GMIR SIMULATED READY 0.000 TARGET 1, GFOC SIMULATED READY 2.000 TARGET 1
	
16:39:57.079 2023/09/15	WPROT GOTO WP1	
16:39:57.083 2023/09/15	WPROT SIMULATED BUSY 157.500 WP8 8, WPSEL SIMULATED READY 0.000 L/4 1, CALW SIMULATED READY 72.000 POLARIZER 2, ASEL SIMULATED READY 28.800 ON 2, GMIR SIMULATED READY 0.000 TARGET 1, GFOC SIMULATED READY 2.000 TARGET 1
	
16:40:10.453 2023/09/15	WPROT GOTO WP2	
16:40:10.457 2023/09/15	WPROT SIMULATED BUSY 0.000 WP1 1, WPSEL SIMULATED READY 0.000 L/4 1, CALW SIMULATED READY 72.000 POLARIZER 2, ASEL SIMULATED READY 28.800 ON 2, GMIR SIMULATED READY 0.000 TARGET 1, GFOC SIMULATED READY 2.000 TARGET 1
	
16:40:19.434 2023/09/15	WPROT GOTO WP3	
16:40:19.675 2023/09/15	WPROT SIMULATED BUSY 22.500 WP2 2, WPSEL SIMULATED READY 0.000 L/4 1, CALW SIMULATED READY 72.000 POLARIZER 2, ASEL SIMULATED READY 28.800 ON 2, GMIR SIMULATED READY 0.000 TARGET 1, GFOC SIMULATED READY 2.000 TARGET 1
	
16:40:28.500 2023/09/15	WPROT GOTO WP4	
16:40:28.504 2023/09/15	WPROT SIMULATED BUSY 45.000 WP3 3, WPSEL SIMULATED READY 0.000 L/4 1, CALW SIMULATED READY 72.000 POLARIZER 2, ASEL SIMULATED READY 28.800 ON 2, GMIR SIMULATED READY 0.000 TARGET 1, GFOC SIMULATED READY 2.000 TARGET 1
	
16:40:37.336 2023/09/15	WPROT GOTO WP5	
16:40:37.340 2023/09/15	WPROT SIMULATED BUSY 67.500 WP4 4, WPSEL SIMULATED READY 0.000 L/4 1, CALW SIMULATED READY 72.000 POLARIZER 2, ASEL SIMULATED READY 28.800 ON 2, GMIR SIMULATED READY 0.000 TARGET 1, GFOC SIMULATED READY 2.000 TARGET 1
	
16:40:46.145 2023/09/15	WPROT GOTO WP6	
16:40:46.149 2023/09/15	WPROT SIMULATED BUSY 90.000 WP5 5, WPSEL SIMULATED READY 0.000 L/4 1, CALW SIMULATED READY 72.000 POLARIZER 2, ASEL SIMULATED READY 28.800 ON 2, GMIR SIMULATED READY 0.000 TARGET 1, GFOC SIMULATED READY 2.000 TARGET 1
	
16:40:54.532 2023/09/15	WPROT GOTO WP7	
16:40:54.779 2023/09/15	WPROT SIMULATED BUSY 112.500 WP6 6, WPSEL SIMULATED READY 0.000 L/4 1, CALW SIMULATED READY 72.000 POLARIZER 2, ASEL SIMULATED READY 28.800 ON 2, GMIR SIMULATED READY 0.000 TARGET 1, GFOC SIMULATED READY 2.000 TARGET 1
	
16:41:03.834 2023/09/15	WPROT GOTO WP8	
16:41:03.838 2023/09/15	WPROT SIMULATED BUSY 135.000 WP7 7, WPSEL SIMULATED READY 0.000 L/4 1, CALW SIMULATED READY 72.000 POLARIZER 2, ASEL SIMULATED READY 28.800 ON 2, GMIR SIMULATED READY 0.000 TARGET 1, GFOC SIMULATED READY 2.000 TARGET 1
	
16:41:12.682 2023/09/15	WPROT GOTO WP1	
16:41:12.939 2023/09/15	WPROT SIMULATED BUSY 157.500 WP8 8, WPSEL SIMULATED READY 0.000 L/4 1, CALW SIMULATED READY 72.000 POLARIZER 2, ASEL SIMULATED READY 28.800 ON 2, GMIR SIMULATED READY 0.000 TARGET 1, GFOC SIMULATED READY 2.000 TARGET 1
	
16:41:26.999 2023/09/15	WPROT GOTO WP2	
16:41:27.003 2023/09/15	WPROT SIMULATED BUSY 0.000 WP1 1, WPSEL SIMULATED READY 0.000 L/4 1, CALW SIMULATED READY 72.000 POLARIZER 2, ASEL SIMULATED READY 28.800 ON 2, GMIR SIMULATED READY 0.000 TARGET 1, GFOC SIMULATED READY 2.000 TARGET 1
	
16:41:35.776 2023/09/15	WPROT GOTO WP3	
16:41:35.779 2023/09/15	WPROT SIMULATED BUSY 22.500 WP2 2, WPSEL SIMULATED READY 0.000 L/4 1, CALW SIMULATED READY 72.000 POLARIZER 2, ASEL SIMULATED READY 28.800 ON 2, GMIR SIMULATED READY 0.000 TARGET 1, GFOC SIMULATED READY 2.000 TARGET 1
	
16:41:44.640 2023/09/15	WPROT GOTO WP4	
16:41:44.644 2023/09/15	WPROT SIMULATED BUSY 45.000 WP3 3, WPSEL SIMULATED READY 0.000 L/4 1, CALW SIMULATED READY 72.000 POLARIZER 2, ASEL SIMULATED READY 28.800 ON 2, GMIR SIMULATED READY 0.000 TARGET 1, GFOC SIMULATED READY 2.000 TARGET 1
	
16:41:53.792 2023/09/15	WPROT GOTO WP5	
16:41:53.796 2023/09/15	WPROT SIMULATED BUSY 67.500 WP4 4, WPSEL SIMULATED READY 0.000 L/4 1, CALW SIMULATED READY 72.000 POLARIZER 2, ASEL SIMULATED READY 28.800 ON 2, GMIR SIMULATED READY 0.000 TARGET 1, GFOC SIMULATED READY 2.000 TARGET 1
	
16:42:02.150 2023/09/15	WPROT GOTO WP6	
16:42:02.154 2023/09/15	WPROT SIMULATED BUSY 90.000 WP5 5, WPSEL SIMULATED READY 0.000 L/4 1, CALW SIMULATED READY 72.000 POLARIZER 2, ASEL SIMULATED READY 28.800 ON 2, GMIR SIMULATED READY 0.000 TARGET 1, GFOC SIMULATED READY 2.000 TARGET 1
	
16:42:11.051 2023/09/15	WPROT GOTO WP7	
16:42:11.294 2023/09/15	WPROT SIMULATED BUSY 112.500 WP6 6, WPSEL SIMULATED READY 0.000 L/4 1, CALW SIMULATED READY 72.000 POLARIZER 2, ASEL SIMULATED READY 28.800 ON 2, GMIR SIMULATED READY 0.000 TARGET 1, GFOC SIMULATED READY 2.000 TARGET 1
	
16:42:20.181 2023/09/15	WPROT GOTO WP8	
16:42:20.185 2023/09/15	WPROT SIMULATED BUSY 135.000 WP7 7, WPSEL SIMULATED READY 0.000 L/4 1, CALW SIMULATED READY 72.000 POLARIZER 2, ASEL SIMULATED READY 28.800 ON 2, GMIR SIMULATED READY 0.000 TARGET 1, GFOC SIMULATED READY 2.000 TARGET 1
	
16:42:29.073 2023/09/15	WPROT GOTO WP1	
16:42:29.076 2023/09/15	WPROT SIMULATED BUSY 157.500 WP8 8, WPSEL SIMULATED READY 0.000 L/4 1, CALW SIMULATED READY 72.000 POLARIZER 2, ASEL SIMULATED READY 28.800 ON 2, GMIR SIMULATED READY 0.000 TARGET 1, GFOC SIMULATED READY 2.000 TARGET 1
	
16:42:42.958 2023/09/15	WPROT GOTO WP2	
16:42:42.962 2023/09/15	WPROT SIMULATED BUSY 0.000 WP1 1, WPSEL SIMULATED READY 0.000 L/4 1, CALW SIMULATED READY 72.000 POLARIZER 2, ASEL SIMULATED READY 28.800 ON 2, GMIR SIMULATED READY 0.000 TARGET 1, GFOC SIMULATED READY 2.000 TARGET 1
	
16:42:51.799 2023/09/15	WPROT GOTO WP3	
16:42:51.803 2023/09/15	WPROT SIMULATED BUSY 22.500 WP2 2, WPSEL SIMULATED READY 0.000 L/4 1, CALW SIMULATED READY 72.000 POLARIZER 2, ASEL SIMULATED READY 28.800 ON 2, GMIR SIMULATED READY 0.000 TARGET 1, GFOC SIMULATED READY 2.000 TARGET 1
	
16:43:00.259 2023/09/15	WPROT GOTO WP4	
16:43:00.496 2023/09/15	WPROT SIMULATED BUSY 45.000 WP3 3, WPSEL SIMULATED READY 0.000 L/4 1, CALW SIMULATED READY 72.000 POLARIZER 2, ASEL SIMULATED READY 28.800 ON 2, GMIR SIMULATED READY 0.000 TARGET 1, GFOC SIMULATED READY 2.000 TARGET 1
	
16:43:09.456 2023/09/15	WPROT GOTO WP5	
16:43:09.459 2023/09/15	WPROT SIMULATED BUSY 67.500 WP4 4, WPSEL SIMULATED READY 0.000 L/4 1, CALW SIMULATED READY 72.000 POLARIZER 2, ASEL SIMULATED READY 28.800 ON 2, GMIR SIMULATED READY 0.000 TARGET 1, GFOC SIMULATED READY 2.000 TARGET 1
	
16:43:18.346 2023/09/15	WPROT GOTO WP6	
16:43:18.349 2023/09/15	WPROT SIMULATED BUSY 90.000 WP5 5, WPSEL SIMULATED READY 0.000 L/4 1, CALW SIMULATED READY 72.000 POLARIZER 2, ASEL SIMULATED READY 28.800 ON 2, GMIR SIMULATED READY 0.000 TARGET 1, GFOC SIMULATED READY 2.000 TARGET 1
	
16:43:27.109 2023/09/15	WPROT GOTO WP7	
16:43:27.112 2023/09/15	WPROT SIMULATED BUSY 112.500 WP6 6, WPSEL SIMULATED READY 0.000 L/4 1, CALW SIMULATED READY 72.000 POLARIZER 2, ASEL SIMULATED READY 28.800 ON 2, GMIR SIMULATED READY 0.000 TARGET 1, GFOC SIMULATED READY 2.000 TARGET 1
	
16:43:35.842 2023/09/15	WPROT GOTO WP8	
16:43:35.845 2023/09/15	WPROT SIMULATED BUSY 135.000 WP7 7, WPSEL SIMULATED READY 0.000 L/4 1, CALW SIMULATED READY 72.000 POLARIZER 2, ASEL SIMULATED READY 28.800 ON 2, GMIR SIMULATED READY 0.000 TARGET 1, GFOC SIMULATED READY 2.000 TARGET 1
	
16:43:44.649 2023/09/15	WPROT GOTO WP1	
16:43:44.653 2023/09/15	WPROT SIMULATED BUSY 157.500 WP8 8, WPSEL SIMULATED READY 0.000 L/4 1, CALW SIMULATED READY 72.000 POLARIZER 2, ASEL SIMULATED READY 28.800 ON 2, GMIR SIMULATED READY 0.000 TARGET 1, GFOC SIMULATED READY 2.000 TARGET 1
	
16:43:58.033 2023/09/15	WPROT GOTO WP2	
16:43:58.037 2023/09/15	WPROT SIMULATED BUSY 0.000 WP1 1, WPSEL SIMULATED READY 0.000 L/4 1, CALW SIMULATED READY 72.000 POLARIZER 2, ASEL SIMULATED READY 28.800 ON 2, GMIR SIMULATED READY 0.000 TARGET 1, GFOC SIMULATED READY 2.000 TARGET 1
	
16:44:06.838 2023/09/15	WPROT GOTO WP3	
16:44:06.841 2023/09/15	WPROT SIMULATED BUSY 22.500 WP2 2, WPSEL SIMULATED READY 0.000 L/4 1, CALW SIMULATED READY 72.000 POLARIZER 2, ASEL SIMULATED READY 28.800 ON 2, GMIR SIMULATED READY 0.000 TARGET 1, GFOC SIMULATED READY 2.000 TARGET 1
	
16:44:15.677 2023/09/15	WPROT GOTO WP4	
16:44:15.680 2023/09/15	WPROT SIMULATED BUSY 45.000 WP3 3, WPSEL SIMULATED READY 0.000 L/4 1, CALW SIMULATED READY 72.000 POLARIZER 2, ASEL SIMULATED READY 28.800 ON 2, GMIR SIMULATED READY 0.000 TARGET 1, GFOC SIMULATED READY 2.000 TARGET 1
	
16:44:24.373 2023/09/15	WPROT GOTO WP5	
16:44:24.377 2023/09/15	WPROT SIMULATED BUSY 67.500 WP4 4, WPSEL SIMULATED READY 0.000 L/4 1, CALW SIMULATED READY 72.000 POLARIZER 2, ASEL SIMULATED READY 28.800 ON 2, GMIR SIMULATED READY 0.000 TARGET 1, GFOC SIMULATED READY 2.000 TARGET 1
	
16:44:33.614 2023/09/15	WPROT GOTO WP6	
16:44:33.618 2023/09/15	WPROT SIMULATED BUSY 90.000 WP5 5, WPSEL SIMULATED READY 0.000 L/4 1, CALW SIMULATED READY 72.000 POLARIZER 2, ASEL SIMULATED READY 28.800 ON 2, GMIR SIMULATED READY 0.000 TARGET 1, GFOC SIMULATED READY 2.000 TARGET 1
	
16:44:42.453 2023/09/15	WPROT GOTO WP7	
16:44:42.456 2023/09/15	WPROT SIMULATED BUSY 112.500 WP6 6, WPSEL SIMULATED READY 0.000 L/4 1, CALW SIMULATED READY 72.000 POLARIZER 2, ASEL SIMULATED READY 28.800 ON 2, GMIR SIMULATED READY 0.000 TARGET 1, GFOC SIMULATED READY 2.000 TARGET 1
	
16:44:51.338 2023/09/15	WPROT GOTO WP8	
16:44:51.342 2023/09/15	WPROT SIMULATED BUSY 135.000 WP7 7, WPSEL SIMULATED READY 0.000 L/4 1, CALW SIMULATED READY 72.000 POLARIZER 2, ASEL SIMULATED READY 28.800 ON 2, GMIR SIMULATED READY 0.000 TARGET 1, GFOC SIMULATED READY 2.000 TARGET 1
	
16:44:59.996 2023/09/15	WPROT GOTO WP1	
16:44:59.999 2023/09/15	WPROT SIMULATED BUSY 157.500 WP8 8, WPSEL SIMULATED READY 0.000 L/4 1, CALW SIMULATED READY 72.000 POLARIZER 2, ASEL SIMULATED READY 28.800 ON 2, GMIR SIMULATED READY 0.000 TARGET 1, GFOC SIMULATED READY 2.000 TARGET 1
	
16:45:13.520 2023/09/15	WPROT GOTO WP2	
16:45:13.524 2023/09/15	WPROT SIMULATED BUSY 0.000 WP1 1, WPSEL SIMULATED READY 0.000 L/4 1, CALW SIMULATED READY 72.000 POLARIZER 2, ASEL SIMULATED READY 28.800 ON 2, GMIR SIMULATED READY 0.000 TARGET 1, GFOC SIMULATED READY 2.000 TARGET 1
	
16:45:22.271 2023/09/15	WPROT GOTO WP3	
16:45:22.275 2023/09/15	WPROT SIMULATED BUSY 22.500 WP2 2, WPSEL SIMULATED READY 0.000 L/4 1, CALW SIMULATED READY 72.000 POLARIZER 2, ASEL SIMULATED READY 28.800 ON 2, GMIR SIMULATED READY 0.000 TARGET 1, GFOC SIMULATED READY 2.000 TARGET 1
	
16:45:31.163 2023/09/15	WPROT GOTO WP4	
16:45:31.167 2023/09/15	WPROT SIMULATED BUSY 45.000 WP3 3, WPSEL SIMULATED READY 0.000 L/4 1, CALW SIMULATED READY 72.000 POLARIZER 2, ASEL SIMULATED READY 28.800 ON 2, GMIR SIMULATED READY 0.000 TARGET 1, GFOC SIMULATED READY 2.000 TARGET 1
	
16:45:39.798 2023/09/15	WPROT GOTO WP5	
16:45:39.801 2023/09/15	WPROT SIMULATED BUSY 67.500 WP4 4, WPSEL SIMULATED READY 0.000 L/4 1, CALW SIMULATED READY 72.000 POLARIZER 2, ASEL SIMULATED READY 28.800 ON 2, GMIR SIMULATED READY 0.000 TARGET 1, GFOC SIMULATED READY 2.000 TARGET 1
	
16:45:48.778 2023/09/15	WPROT GOTO WP6	
16:45:49.017 2023/09/15	WPROT SIMULATED BUSY 90.000 WP5 5, WPSEL SIMULATED READY 0.000 L/4 1, CALW SIMULATED READY 72.000 POLARIZER 2, ASEL SIMULATED READY 28.800 ON 2, GMIR SIMULATED READY 0.000 TARGET 1, GFOC SIMULATED READY 2.000 TARGET 1
	
16:45:58.035 2023/09/15	WPROT GOTO WP7	
16:45:58.039 2023/09/15	WPROT SIMULATED BUSY 112.500 WP6 6, WPSEL SIMULATED READY 0.000 L/4 1, CALW SIMULATED READY 72.000 POLARIZER 2, ASEL SIMULATED READY 28.800 ON 2, GMIR SIMULATED READY 0.000 TARGET 1, GFOC SIMULATED READY 2.000 TARGET 1
	
16:46:06.835 2023/09/15	WPROT GOTO WP8	
16:46:06.838 2023/09/15	WPROT SIMULATED BUSY 135.000 WP7 7, WPSEL SIMULATED READY 0.000 L/4 1, CALW SIMULATED READY 72.000 POLARIZER 2, ASEL SIMULATED READY 28.800 ON 2, GMIR SIMULATED READY 0.000 TARGET 1, GFOC SIMULATED READY 2.000 TARGET 1
	
16:46:15.687 2023/09/15	WPROT GOTO WP1	
16:46:15.692 2023/09/15	WPROT SIMULATED BUSY 157.500 WP8 8, WPSEL SIMULATED READY 0.000 L/4 1, CALW SIMULATED READY 72.000 POLARIZER 2, ASEL SIMULATED READY 28.800 ON 2, GMIR SIMULATED READY 0.000 TARGET 1, GFOC SIMULATED READY 2.000 TARGET 1
	
16:46:29.552 2023/09/15	WPROT GOTO WP2	
16:46:29.556 2023/09/15	WPROT SIMULATED BUSY 0.000 WP1 1, WPSEL SIMULATED READY 0.000 L/4 1, CALW SIMULATED READY 72.000 POLARIZER 2, ASEL SIMULATED READY 28.800 ON 2, GMIR SIMULATED READY 0.000 TARGET 1, GFOC SIMULATED READY 2.000 TARGET 1
	
16:46:38.743 2023/09/15	WPROT GOTO WP3	
16:46:38.747 2023/09/15	WPROT SIMULATED BUSY 22.500 WP2 2, WPSEL SIMULATED READY 0.000 L/4 1, CALW SIMULATED READY 72.000 POLARIZER 2, ASEL SIMULATED READY 28.800 ON 2, GMIR SIMULATED READY 0.000 TARGET 1, GFOC SIMULATED READY 2.000 TARGET 1
	
16:46:47.571 2023/09/15	WPROT GOTO WP4	
16:46:47.574 2023/09/15	WPROT SIMULATED BUSY 45.000 WP3 3, WPSEL SIMULATED READY 0.000 L/4 1, CALW SIMULATED READY 72.000 POLARIZER 2, ASEL SIMULATED READY 28.800 ON 2, GMIR SIMULATED READY 0.000 TARGET 1, GFOC SIMULATED READY 2.000 TARGET 1
	
16:46:56.308 2023/09/15	WPROT GOTO WP5	
16:46:56.311 2023/09/15	WPROT SIMULATED BUSY 67.500 WP4 4, WPSEL SIMULATED READY 0.000 L/4 1, CALW SIMULATED READY 72.000 POLARIZER 2, ASEL SIMULATED READY 28.800 ON 2, GMIR SIMULATED READY 0.000 TARGET 1, GFOC SIMULATED READY 2.000 TARGET 1
	
16:47:05.625 2023/09/15	WPROT GOTO WP6	
16:47:05.629 2023/09/15	WPROT SIMULATED BUSY 90.000 WP5 5, WPSEL SIMULATED READY 0.000 L/4 1, CALW SIMULATED READY 72.000 POLARIZER 2, ASEL SIMULATED READY 28.800 ON 2, GMIR SIMULATED READY 0.000 TARGET 1, GFOC SIMULATED READY 2.000 TARGET 1
	
16:47:15.035 2023/09/15	WPROT GOTO WP7	
16:47:15.039 2023/09/15	WPROT SIMULATED BUSY 112.500 WP6 6, WPSEL SIMULATED READY 0.000 L/4 1, CALW SIMULATED READY 72.000 POLARIZER 2, ASEL SIMULATED READY 28.800 ON 2, GMIR SIMULATED READY 0.000 TARGET 1, GFOC SIMULATED READY 2.000 TARGET 1
	
16:47:23.892 2023/09/15	WPROT GOTO WP8	
16:47:23.895 2023/09/15	WPROT SIMULATED BUSY 135.000 WP7 7, WPSEL SIMULATED READY 0.000 L/4 1, CALW SIMULATED READY 72.000 POLARIZER 2, ASEL SIMULATED READY 28.800 ON 2, GMIR SIMULATED READY 0.000 TARGET 1, GFOC SIMULATED READY 2.000 TARGET 1
	
16:47:32.686 2023/09/15	WPROT GOTO WP1	
16:47:32.690 2023/09/15	WPROT SIMULATED BUSY 157.500 WP8 8, WPSEL SIMULATED READY 0.000 L/4 1, CALW SIMULATED READY 72.000 POLARIZER 2, ASEL SIMULATED READY 28.800 ON 2, GMIR SIMULATED READY 0.000 TARGET 1, GFOC SIMULATED READY 2.000 TARGET 1
	
16:47:46.213 2023/09/15	WPROT GOTO WP2	
16:47:46.216 2023/09/15	WPROT SIMULATED BUSY 0.000 WP1 1, WPSEL SIMULATED READY 0.000 L/4 1, CALW SIMULATED READY 72.000 POLARIZER 2, ASEL SIMULATED READY 28.800 ON 2, GMIR SIMULATED READY 0.000 TARGET 1, GFOC SIMULATED READY 2.000 TARGET 1
	
16:47:54.987 2023/09/15	WPROT GOTO WP3	
16:47:54.991 2023/09/15	WPROT SIMULATED BUSY 22.500 WP2 2, WPSEL SIMULATED READY 0.000 L/4 1, CALW SIMULATED READY 72.000 POLARIZER 2, ASEL SIMULATED READY 28.800 ON 2, GMIR SIMULATED READY 0.000 TARGET 1, GFOC SIMULATED READY 2.000 TARGET 1
	
16:48:03.852 2023/09/15	WPROT GOTO WP4	
16:48:03.855 2023/09/15	WPROT SIMULATED BUSY 45.000 WP3 3, WPSEL SIMULATED READY 0.000 L/4 1, CALW SIMULATED READY 72.000 POLARIZER 2, ASEL SIMULATED READY 28.800 ON 2, GMIR SIMULATED READY 0.000 TARGET 1, GFOC SIMULATED READY 2.000 TARGET 1
	
16:48:13.214 2023/09/15	WPROT GOTO WP5	
16:48:13.460 2023/09/15	WPROT SIMULATED BUSY 67.500 WP4 4, WPSEL SIMULATED READY 0.000 L/4 1, CALW SIMULATED READY 72.000 POLARIZER 2, ASEL SIMULATED READY 28.800 ON 2, GMIR SIMULATED READY 0.000 TARGET 1, GFOC SIMULATED READY 2.000 TARGET 1
	
16:48:22.867 2023/09/15	WPROT GOTO WP6	
16:48:22.871 2023/09/15	WPROT SIMULATED BUSY 90.000 WP5 5, WPSEL SIMULATED READY 0.000 L/4 1, CALW SIMULATED READY 72.000 POLARIZER 2, ASEL SIMULATED READY 28.800 ON 2, GMIR SIMULATED READY 0.000 TARGET 1, GFOC SIMULATED READY 2.000 TARGET 1
	
16:48:31.658 2023/09/15	WPROT GOTO WP7	
16:48:31.661 2023/09/15	WPROT SIMULATED BUSY 112.500 WP6 6, WPSEL SIMULATED READY 0.000 L/4 1, CALW SIMULATED READY 72.000 POLARIZER 2, ASEL SIMULATED READY 28.800 ON 2, GMIR SIMULATED READY 0.000 TARGET 1, GFOC SIMULATED READY 2.000 TARGET 1
	
16:48:40.954 2023/09/15	WPROT GOTO WP8	
16:48:40.958 2023/09/15	WPROT SIMULATED BUSY 135.000 WP7 7, WPSEL SIMULATED READY 0.000 L/4 1, CALW SIMULATED READY 72.000 POLARIZER 2, ASEL SIMULATED READY 28.800 ON 2, GMIR SIMULATED READY 0.000 TARGET 1, GFOC SIMULATED READY 2.000 TARGET 1
	
16:48:50.355 2023/09/15	WPROT GOTO WP1	
16:48:50.359 2023/09/15	WPROT SIMULATED BUSY 157.500 WP8 8, WPSEL SIMULATED READY 0.000 L/4 1, CALW SIMULATED READY 72.000 POLARIZER 2, ASEL SIMULATED READY 28.800 ON 2, GMIR SIMULATED READY 0.000 TARGET 1, GFOC SIMULATED READY 2.000 TARGET 1
	
16:49:03.415 2023/09/15	WPROT GOTO WP2	
16:49:03.657 2023/09/15	WPROT SIMULATED BUSY 0.000 WP1 1, WPSEL SIMULATED READY 0.000 L/4 1, CALW SIMULATED READY 72.000 POLARIZER 2, ASEL SIMULATED READY 28.800 ON 2, GMIR SIMULATED READY 0.000 TARGET 1, GFOC SIMULATED READY 2.000 TARGET 1
	
16:49:12.562 2023/09/15	WPROT GOTO WP3	
16:49:12.567 2023/09/15	WPROT SIMULATED BUSY 22.500 WP2 2, WPSEL SIMULATED READY 0.000 L/4 1, CALW SIMULATED READY 72.000 POLARIZER 2, ASEL SIMULATED READY 28.800 ON 2, GMIR SIMULATED READY 0.000 TARGET 1, GFOC SIMULATED READY 2.000 TARGET 1
	
16:49:21.518 2023/09/15	WPROT GOTO WP4	
16:49:21.522 2023/09/15	WPROT SIMULATED BUSY 45.000 WP3 3, WPSEL SIMULATED READY 0.000 L/4 1, CALW SIMULATED READY 72.000 POLARIZER 2, ASEL SIMULATED READY 28.800 ON 2, GMIR SIMULATED READY 0.000 TARGET 1, GFOC SIMULATED READY 2.000 TARGET 1
	
16:49:30.293 2023/09/15	WPROT GOTO WP5	
16:49:30.297 2023/09/15	WPROT SIMULATED BUSY 67.500 WP4 4, WPSEL SIMULATED READY 0.000 L/4 1, CALW SIMULATED READY 72.000 POLARIZER 2, ASEL SIMULATED READY 28.800 ON 2, GMIR SIMULATED READY 0.000 TARGET 1, GFOC SIMULATED READY 2.000 TARGET 1
	
16:49:39.091 2023/09/15	WPROT GOTO WP6	
16:49:39.096 2023/09/15	WPROT SIMULATED BUSY 90.000 WP5 5, WPSEL SIMULATED READY 0.000 L/4 1, CALW SIMULATED READY 72.000 POLARIZER 2, ASEL SIMULATED READY 28.800 ON 2, GMIR SIMULATED READY 0.000 TARGET 1, GFOC SIMULATED READY 2.000 TARGET 1
	
16:49:47.980 2023/09/15	WPROT GOTO WP7	
16:49:47.983 2023/09/15	WPROT SIMULATED BUSY 112.500 WP6 6, WPSEL SIMULATED READY 0.000 L/4 1, CALW SIMULATED READY 72.000 POLARIZER 2, ASEL SIMULATED READY 28.800 ON 2, GMIR SIMULATED READY 0.000 TARGET 1, GFOC SIMULATED READY 2.000 TARGET 1
	
16:49:56.838 2023/09/15	WPROT GOTO WP8	
16:49:57.084 2023/09/15	WPROT SIMULATED BUSY 135.000 WP7 7, WPSEL SIMULATED READY 0.000 L/4 1, CALW SIMULATED READY 72.000 POLARIZER 2, ASEL SIMULATED READY 28.800 ON 2, GMIR SIMULATED READY 0.000 TARGET 1, GFOC SIMULATED READY 2.000 TARGET 1
	
16:50:06.058 2023/09/15	WPROT GOTO WP1	
16:50:06.062 2023/09/15	WPROT SIMULATED BUSY 157.500 WP8 8, WPSEL SIMULATED READY 0.000 L/4 1, CALW SIMULATED READY 72.000 POLARIZER 2, ASEL SIMULATED READY 28.800 ON 2, GMIR SIMULATED READY 0.000 TARGET 1, GFOC SIMULATED READY 2.000 TARGET 1
	
16:50:19.888 2023/09/15	WPROT GOTO WP2	
16:50:19.892 2023/09/15	WPROT SIMULATED BUSY 0.000 WP1 1, WPSEL SIMULATED READY 0.000 L/4 1, CALW SIMULATED READY 72.000 POLARIZER 2, ASEL SIMULATED READY 28.800 ON 2, GMIR SIMULATED READY 0.000 TARGET 1, GFOC SIMULATED READY 2.000 TARGET 1
	
16:50:28.780 2023/09/15	WPROT GOTO WP3	
16:50:28.783 2023/09/15	WPROT SIMULATED BUSY 22.500 WP2 2, WPSEL SIMULATED READY 0.000 L/4 1, CALW SIMULATED READY 72.000 POLARIZER 2, ASEL SIMULATED READY 28.800 ON 2, GMIR SIMULATED READY 0.000 TARGET 1, GFOC SIMULATED READY 2.000 TARGET 1
	
16:50:37.990 2023/09/15	WPROT GOTO WP4	
16:50:37.994 2023/09/15	WPROT SIMULATED BUSY 45.000 WP3 3, WPSEL SIMULATED READY 0.000 L/4 1, CALW SIMULATED READY 72.000 POLARIZER 2, ASEL SIMULATED READY 28.800 ON 2, GMIR SIMULATED READY 0.000 TARGET 1, GFOC SIMULATED READY 2.000 TARGET 1
	
16:50:46.837 2023/09/15	WPROT GOTO WP5	
16:50:46.840 2023/09/15	WPROT SIMULATED BUSY 67.500 WP4 4, WPSEL SIMULATED READY 0.000 L/4 1, CALW SIMULATED READY 72.000 POLARIZER 2, ASEL SIMULATED READY 28.800 ON 2, GMIR SIMULATED READY 0.000 TARGET 1, GFOC SIMULATED READY 2.000 TARGET 1
	
16:50:55.664 2023/09/15	WPROT GOTO WP6	
16:50:55.667 2023/09/15	WPROT SIMULATED BUSY 90.000 WP5 5, WPSEL SIMULATED READY 0.000 L/4 1, CALW SIMULATED READY 72.000 POLARIZER 2, ASEL SIMULATED READY 28.800 ON 2, GMIR SIMULATED READY 0.000 TARGET 1, GFOC SIMULATED READY 2.000 TARGET 1
	
16:51:04.580 2023/09/15	WPROT GOTO WP7	
16:51:04.583 2023/09/15	WPROT SIMULATED BUSY 112.500 WP6 6, WPSEL SIMULATED READY 0.000 L/4 1, CALW SIMULATED READY 72.000 POLARIZER 2, ASEL SIMULATED READY 28.800 ON 2, GMIR SIMULATED READY 0.000 TARGET 1, GFOC SIMULATED READY 2.000 TARGET 1
	
16:51:13.449 2023/09/15	WPROT GOTO WP8	
16:51:13.689 2023/09/15	WPROT SIMULATED BUSY 135.000 WP7 7, WPSEL SIMULATED READY 0.000 L/4 1, CALW SIMULATED READY 72.000 POLARIZER 2, ASEL SIMULATED READY 28.800 ON 2, GMIR SIMULATED READY 0.000 TARGET 1, GFOC SIMULATED READY 2.000 TARGET 1
	
