10:28:54.657 2023/07/03	WPSEL INIT NONE, GMIR INIT NONE, CALW INIT NONE	
10:28:54.660 2023/07/03	WPROT ACTIVE NONE 0.000 NONE -1, WPSEL ACTIVE BUSY 0.000 NONE -1, CALW ACTIVE BUSY 0.000 NONE -1, ASEL ACTIVE NONE 0.000 NONE -1, GMIR SIMULATED BUSY 0.000 NONE -1, GFOC SIMULATED NONE 0.000 NONE -1
	
10:28:55.352 2023/07/03	WPSEL	TX: V20=-5000	RX: OK	TX: V21=0	RX: OK	TX: GS30	RX: OK	
10:28:55.600 2023/07/03	CALW	TX: V20=0	RX: OK	TX: V21=0	RX: OK	TX: GS30	RX: OK	
10:28:56.135 2023/07/03	WPSEL=2.129	TX: V46	RX: 1	TX: EX	RX: 10645	
10:28:56.486 2023/07/03	CALW=34.980	TX: V46	RX: 1	TX: EX	RX: -5830	
10:28:56.945 2023/07/03	WPSEL=4.998	TX: V46	RX: 1	TX: EX	RX: 24990	
10:28:57.293 2023/07/03	CALW=68.844	TX: V46	RX: 1	TX: EX	RX: -11474	
10:28:57.818 2023/07/03	WPSEL=1.836	TX: V46	RX: 1	TX: EX	RX: 9178	
10:28:58.159 2023/07/03	CALW=103.218	TX: V46	RX: 1	TX: EX	RX: -17203	
10:28:58.620 2023/07/03	WPSEL=-0.772	TX: V46	RX: 1	TX: EX	RX: -3859	
10:28:58.981 2023/07/03	CALW=148.974	TX: V46	RX: 1	TX: EX	RX: -24829	
10:28:59.481 2023/07/03	WPSEL=2.571	TX: V46	RX: 1	TX: EX	RX: 12853	
10:28:59.877 2023/07/03	CALW=183.540	TX: V46	RX: 1	TX: EX	RX: -30590	
10:29:00.394 2023/07/03	WPSEL=3.189	TX: V46	RX: 1	TX: EX	RX: 15947	
10:29:00.748 2023/07/03	CALW=236.274	TX: V46	RX: 1	TX: EX	RX: -39379	
10:29:01.206 2023/07/03	WPSEL=-0.419	TX: V46	RX: 1	TX: EX	RX: -2096	
10:29:01.553 2023/07/03	CALW=285.036	TX: V46	RX: 1	TX: EX	RX: -47506	
10:29:02.028 2023/07/03	WPSEL=0.000	TX: V46	RX: 0	TX: EX	RX: 0	
10:29:02.366 2023/07/03	CALW=334.332	TX: V46	RX: 1	TX: EX	RX: -55722	
10:29:02.825 2023/07/03	WPSEL	TX: V46	RX: 0	TX: EX	RX: 0	
10:29:03.179 2023/07/03	CALW=0.000	TX: V46	RX: 1	TX: EX	RX: 0	
10:29:03.811 2023/07/03	CALW=0.000	TX: V46	RX: 0	TX: EX	RX: 0	
10:29:04.752 2023/07/03	WPROT	TX: V81=0	RX: OK	TX: V82=1875	RX: OK	TX: V83=3750	RX: OK	TX: V84=5625	RX: OK	TX: V85=7500	RX: OK	TX: V86=9375	RX: OK	TX: V87=11250	RX: OK	TX: V88=13125	RX: OK	TX: V89=15000	RX: OK	TX: V90=16875	RX: OK	TX: V91=18750	RX: OK	TX: V92=20625	RX: OK	TX: V93=22500	RX: OK	TX: V94=24375	RX: OK	TX: V95=26250	RX: OK	TX: V96=28125	RX: OK	TX: V20=900	RX: OK	TX: V21=0	RX: OK	TX: GS30	RX: OK	
10:29:05.122 2023/07/03	CALW	TX: V46	RX: 0	TX: EX	RX: 0	
10:29:05.621 2023/07/03	WPROT=113.700	TX: V46	RX: 1	TX: EX	RX: -9475	
10:29:06.294 2023/07/03	WPROT=235.020	TX: V46	RX: 1	TX: EX	RX: -19585	
10:29:06.863 2023/07/03	WPROT=339.024	TX: V46	RX: 1	TX: EX	RX: -28252	
10:29:07.466 2023/07/03	WPROT=448.344	TX: V46	RX: 1	TX: EX	RX: -37362	
10:29:08.036 2023/07/03	WPROT=551.460	TX: V46	RX: 1	TX: EX	RX: -45955	
10:29:08.605 2023/07/03	WPROT=654.900	TX: V46	RX: 1	TX: EX	RX: -54575	
10:29:09.186 2023/07/03	WPROT=752.976	TX: V46	RX: 1	TX: EX	RX: -62748	
10:29:09.806 2023/07/03	WPROT=766.932	TX: V46	RX: 1	TX: EX	RX: -63911	
10:29:10.426 2023/07/03	WPROT=874.080	TX: V46	RX: 1	TX: EX	RX: -72840	
10:29:10.994 2023/07/03	WPROT=977.208	TX: V46	RX: 1	TX: EX	RX: -81434	
10:29:11.636 2023/07/03	WPROT=1085.988	TX: V46	RX: 1	TX: EX	RX: -90499	
10:29:12.215 2023/07/03	WPROT=0.000	TX: V46	RX: 0	TX: EX	RX: 0	
10:29:12.783 2023/07/03	WPROT	TX: V46	RX: 0	TX: EX	RX: 0	
10:29:13.249 2023/07/03	GFOC INIT NONE, ASEL INIT NONE	
10:29:13.252 2023/07/03	WPROT ACTIVE READY 0.000 WP1 1, WPSEL ACTIVE READY 0.000 L/4 1, CALW ACTIVE READY 0.000 OFF 1, ASEL ACTIVE BUSY 0.000 NONE -1, GMIR SIMULATED READY 0.000 TARGET 1, GFOC SIMULATED BUSY 0.000 NONE -1
	
10:29:13.820 2023/07/03	ASEL	TX: V20=-200	RX: OK	TX: V21=0	RX: OK	TX: GS30	RX: OK	
10:29:14.426 2023/07/03	ASEL=-1.872	TX: V46	RX: 1	TX: EX	RX: 312	
10:29:15.042 2023/07/03	ASEL=-5.598	TX: V46	RX: 1	TX: EX	RX: 933	
10:29:15.675 2023/07/03	ASEL=-9.450	TX: V46	RX: 1	TX: EX	RX: 1575	
10:29:16.253 2023/07/03	ASEL=-12.954	TX: V46	RX: 1	TX: EX	RX: 2159	
10:29:16.822 2023/07/03	ASEL=-16.410	TX: V46	RX: 1	TX: EX	RX: 2735	
10:29:17.486 2023/07/03	ASEL=-20.436	TX: V46	RX: 1	TX: EX	RX: 3406	
10:29:18.078 2023/07/03	ASEL=-24.024	TX: V46	RX: 1	TX: EX	RX: 4004	
10:29:18.689 2023/07/03	ASEL=-27.702	TX: V46	RX: 1	TX: EX	RX: 4617	
10:29:19.389 2023/07/03	ASEL=-0.774	TX: V46	RX: 1	TX: EX	RX: 129	
10:29:19.959 2023/07/03	ASEL=-0.546	TX: V46	RX: 1	TX: EX	RX: 91	
10:29:20.630 2023/07/03	ASEL=-0.288	TX: V46	RX: 1	TX: EX	RX: 48	
10:29:21.260 2023/07/03	ASEL=-0.042	TX: V46	RX: 1	TX: EX	RX: 7	
10:29:21.876 2023/07/03	ASEL=0.198	TX: V46	RX: 1	TX: EX	RX: -33	
10:29:22.482 2023/07/03	ASEL=0.432	TX: V46	RX: 1	TX: EX	RX: -72	
10:29:23.054 2023/07/03	ASEL=1.128	TX: V46	RX: 1	TX: EX	RX: -188	
10:29:23.781 2023/07/03	ASEL=0.822	TX: V46	RX: 1	TX: EX	RX: -137	
10:29:24.423 2023/07/03	ASEL=0.510	TX: V46	RX: 1	TX: EX	RX: -85	
10:29:25.062 2023/07/03	ASEL=0.198	TX: V46	RX: 1	TX: EX	RX: -33	
10:29:25.738 2023/07/03	ASEL=-0.120	TX: V46	RX: 1	TX: EX	RX: 20	
10:29:26.351 2023/07/03	ASEL=0.000	TX: V46	RX: 0	TX: EX	RX: 0	
10:29:26.967 2023/07/03	ASEL	TX: V46	RX: 0	TX: EX	RX: 0	
10:29:27.096 2023/07/03	WPSEL GOTO OFF, CALW GOTO OFF, ASEL GOTO OFF	
10:29:27.100 2023/07/03	WPROT ACTIVE READY 0.000 WP1 1, WPSEL ACTIVE BUSY 0.000 L/4 1, CALW ACTIVE BUSY 0.000 OFF 1, ASEL ACTIVE BUSY 0.000 OFF 1, GMIR SIMULATED READY 0.000 TARGET 1, GFOC SIMULATED READY 0.000 TARGET 1
	
10:29:27.777 2023/07/03	WPSEL	TX: V20=400000.000	RX: OK	TX: V21=2	RX: OK	TX: GS29	RX: OK	
10:29:28.005 2023/07/03	ASEL	TX: V20=0.000	RX: OK	TX: V21=1	RX: OK	TX: GS29	RX: OK	
10:29:28.485 2023/07/03	WPSEL=1.678	TX: V46	RX: 1	TX: EX	RX: 8388	
10:29:28.898 2023/07/03	ASEL=0.000	TX: V46	RX: 0	TX: EX	RX: 0	
10:29:29.405 2023/07/03	WPSEL=5.774	TX: V46	RX: 1	TX: EX	RX: 28870	
10:29:29.743 2023/07/03	ASEL	TX: V46	RX: 0	TX: EX	RX: 0	
10:29:30.203 2023/07/03	WPSEL=9.318	TX: V46	RX: 1	TX: EX	RX: 46592	
10:29:30.772 2023/07/03	WPSEL=11.848	TX: V46	RX: 1	TX: EX	RX: 59239	
10:29:31.010 2023/07/03	CALW	TX: V20=0.000	RX: OK	TX: V21=1	RX: OK	TX: GS29	RX: OK	
10:29:31.458 2023/07/03	WPSEL=14.903	TX: V46	RX: 1	TX: EX	RX: 74513	
10:29:31.807 2023/07/03	CALW=0.000	TX: V46	RX: 0	TX: EX	RX: 0	
10:29:32.281 2023/07/03	WPSEL=18.561	TX: V46	RX: 1	TX: EX	RX: 92805	
10:29:32.631 2023/07/03	CALW	TX: V46	RX: 0	TX: EX	RX: 0	
10:29:33.171 2023/07/03	WPSEL=22.483	TX: V46	RX: 1	TX: EX	RX: 112416	
10:29:33.748 2023/07/03	WPSEL=25.088	TX: V46	RX: 1	TX: EX	RX: 125440	
10:29:34.321 2023/07/03	WPSEL=27.635	TX: V46	RX: 1	TX: EX	RX: 138176	
10:29:34.917 2023/07/03	WPSEL=30.284	TX: V46	RX: 1	TX: EX	RX: 151419	
10:29:35.485 2023/07/03	WPSEL=32.809	TX: V46	RX: 1	TX: EX	RX: 164046	
10:29:36.223 2023/07/03	WPSEL=36.097	TX: V46	RX: 1	TX: EX	RX: 180483	
10:29:36.856 2023/07/03	WPSEL=38.909	TX: V46	RX: 1	TX: EX	RX: 194543	
10:29:37.513 2023/07/03	WPSEL=41.829	TX: V46	RX: 1	TX: EX	RX: 209144	
10:29:38.084 2023/07/03	WPSEL=44.375	TX: V46	RX: 1	TX: EX	RX: 221873	
10:29:38.652 2023/07/03	WPSEL=46.898	TX: V46	RX: 1	TX: EX	RX: 234488	
10:29:39.263 2023/07/03	WPSEL=49.613	TX: V46	RX: 1	TX: EX	RX: 248064	
10:29:39.968 2023/07/03	WPSEL=52.747	TX: V46	RX: 1	TX: EX	RX: 263736	
10:29:40.582 2023/07/03	WPSEL=55.481	TX: V46	RX: 1	TX: EX	RX: 277406	
10:29:41.198 2023/07/03	WPSEL=58.189	TX: V46	RX: 1	TX: EX	RX: 290945	
10:29:41.920 2023/07/03	WPSEL=61.431	TX: V46	RX: 1	TX: EX	RX: 307155	
10:29:42.546 2023/07/03	WPSEL=64.218	TX: V46	RX: 1	TX: EX	RX: 321090	
10:29:43.241 2023/07/03	WPSEL=67.265	TX: V46	RX: 1	TX: EX	RX: 336327	
10:29:43.809 2023/07/03	WPSEL=69.832	TX: V46	RX: 1	TX: EX	RX: 349160	
10:29:44.444 2023/07/03	WPSEL=72.656	TX: V46	RX: 1	TX: EX	RX: 363279	
10:29:45.070 2023/07/03	WPSEL=75.441	TX: V46	RX: 1	TX: EX	RX: 377206	
10:29:45.734 2023/07/03	WPSEL=78.393	TX: V46	RX: 1	TX: EX	RX: 391965	
10:29:46.301 2023/07/03	WPSEL=80.000	TX: V46	RX: 1	TX: EX	RX: 399999	
10:29:46.972 2023/07/03	WPSEL=80.000	TX: V46	RX: 0	TX: EX	RX: 399999	
10:29:47.616 2023/07/03	WPSEL	TX: V46	RX: 0	TX: EX	RX: 399999	
10:43:38.403 2023/07/03	WPSEL GOTO L/4, CALW GOTO OFF, ASEL GOTO ON	
10:43:38.407 2023/07/03	WPROT ACTIVE NONE 0.000 NONE -1, WPSEL ACTIVE BUSY 80.000 OFF 2, CALW ACTIVE BUSY 0.000 OFF 1, ASEL ACTIVE BUSY 0.000 OFF 1, GMIR SIMULATED READY 0.000 TARGET 1, GFOC SIMULATED READY 0.000 TARGET 1
	
10:43:38.967 2023/07/03	WPSEL	TX: V20=0.000	RX: OK	TX: V21=1	RX: OK	TX: GS29	RX: OK	
10:43:39.204 2023/07/03	ASEL	TX: V20=4800.000	RX: OK	TX: V21=2	RX: OK	TX: GS29	RX: OK	
10:43:39.719 2023/07/03	WPSEL=78.128	TX: V46	RX: 1	TX: EX	RX: 390640	
10:43:40.058 2023/07/03	ASEL=3.018	TX: V46	RX: 1	TX: EX	RX: -503	
10:43:40.516 2023/07/03	WPSEL=74.586	TX: V46	RX: 1	TX: EX	RX: 372929	
10:43:40.867 2023/07/03	ASEL=7.932	TX: V46	RX: 1	TX: EX	RX: -1322	
10:43:41.343 2023/07/03	WPSEL=70.906	TX: V46	RX: 1	TX: EX	RX: 354530	
10:43:41.689 2023/07/03	ASEL=12.918	TX: V46	RX: 1	TX: EX	RX: -2153	
10:43:42.147 2023/07/03	WPSEL=67.331	TX: V46	RX: 1	TX: EX	RX: 336654	
10:43:42.496 2023/07/03	ASEL=17.814	TX: V46	RX: 1	TX: EX	RX: -2969	
10:43:42.988 2023/07/03	WPSEL=63.594	TX: V46	RX: 1	TX: EX	RX: 317968	
10:43:43.402 2023/07/03	ASEL=23.298	TX: V46	RX: 1	TX: EX	RX: -3883	
10:43:43.925 2023/07/03	WPSEL=59.424	TX: V46	RX: 1	TX: EX	RX: 297120	
10:43:44.263 2023/07/03	ASEL=28.392	TX: V46	RX: 1	TX: EX	RX: -4732	
10:43:44.722 2023/07/03	WPSEL=55.880	TX: V46	RX: 1	TX: EX	RX: 279400	
10:43:45.071 2023/07/03	ASEL=28.776	TX: V46	RX: 0	TX: EX	RX: -4796	
10:43:45.531 2023/07/03	WPSEL=52.283	TX: V46	RX: 1	TX: EX	RX: 261416	
10:43:45.888 2023/07/03	ASEL	TX: V46	RX: 0	TX: EX	RX: -4796	
10:43:46.345 2023/07/03	WPSEL=48.660	TX: V46	RX: 1	TX: EX	RX: 243302	
10:43:46.998 2023/07/03	WPSEL=45.759	TX: V46	RX: 1	TX: EX	RX: 228795	
10:43:47.237 2023/07/03	CALW	TX: V20=0.000	RX: OK	TX: V21=1	RX: OK	TX: GS29	RX: OK	
10:43:47.788 2023/07/03	WPSEL=42.248	TX: V46	RX: 1	TX: EX	RX: 211240	
10:43:48.228 2023/07/03	CALW=0.000	TX: V46	RX: 0	TX: EX	RX: 0	
10:43:48.738 2023/07/03	WPSEL=38.020	TX: V46	RX: 1	TX: EX	RX: 190099	
10:43:49.076 2023/07/03	CALW	TX: V46	RX: 0	TX: EX	RX: 0	
10:43:49.645 2023/07/03	WPSEL=33.986	TX: V46	RX: 1	TX: EX	RX: 169928	
10:43:50.225 2023/07/03	WPSEL=31.406	TX: V46	RX: 1	TX: EX	RX: 157029	
10:43:50.937 2023/07/03	WPSEL=28.241	TX: V46	RX: 1	TX: EX	RX: 141206	
10:43:51.506 2023/07/03	WPSEL=25.710	TX: V46	RX: 1	TX: EX	RX: 128552	
10:43:52.101 2023/07/03	WPSEL=23.064	TX: V46	RX: 1	TX: EX	RX: 115321	
10:43:52.678 2023/07/03	WPSEL=20.496	TX: V46	RX: 1	TX: EX	RX: 102479	
10:43:53.336 2023/07/03	WPSEL=17.581	TX: V46	RX: 1	TX: EX	RX: 87906	
10:43:53.906 2023/07/03	WPSEL=15.037	TX: V46	RX: 1	TX: EX	RX: 75185	
10:43:54.478 2023/07/03	WPSEL=12.496	TX: V46	RX: 1	TX: EX	RX: 62480	
10:43:55.057 2023/07/03	WPSEL=9.917	TX: V46	RX: 1	TX: EX	RX: 49586	
10:43:55.630 2023/07/03	WPSEL=7.371	TX: V46	RX: 1	TX: EX	RX: 36854	
10:43:56.282 2023/07/03	WPSEL=4.470	TX: V46	RX: 1	TX: EX	RX: 22349	
10:43:56.892 2023/07/03	WPSEL=1.764	TX: V46	RX: 1	TX: EX	RX: 8821	
10:43:57.517 2023/07/03	WPSEL=0.000	TX: V46	RX: 1	TX: EX	RX: 0	
10:43:58.096 2023/07/03	WPSEL=0.000	TX: V46	RX: 0	TX: EX	RX: 0	
10:43:58.664 2023/07/03	WPSEL	TX: V46	RX: 0	TX: EX	RX: 0	
10:44:00.136 2023/07/03	WPROT	TX: V81=0	RX: OK	TX: V82=1875	RX: OK	TX: V83=3750	RX: OK	TX: V84=5625	RX: OK	TX: V85=7500	RX: OK	TX: V86=9375	RX: OK	TX: V87=11250	RX: OK	TX: V88=13125	RX: OK	TX: V89=15000	RX: OK	TX: V90=16875	RX: OK	TX: V91=18750	RX: OK	TX: V92=20625	RX: OK	TX: V93=22500	RX: OK	TX: V94=24375	RX: OK	TX: V95=26250	RX: OK	TX: V96=28125	RX: OK	TX: V20=900	RX: OK	TX: V21=0	RX: OK	TX: GS30	RX: OK	
10:44:00.747 2023/07/03	WPROT=66.828	TX: V46	RX: 1	TX: EX	RX: -5569	
10:44:01.330 2023/07/03	WPROT=172.428	TX: V46	RX: 1	TX: EX	RX: -14369	
10:44:01.993 2023/07/03	WPROT=292.800	TX: V46	RX: 1	TX: EX	RX: -24400	
10:44:02.632 2023/07/03	WPROT=408.636	TX: V46	RX: 1	TX: EX	RX: -34053	
10:44:03.245 2023/07/03	WPROT=519.732	TX: V46	RX: 1	TX: EX	RX: -43311	
10:44:03.824 2023/07/03	WPROT=624.792	TX: V46	RX: 1	TX: EX	RX: -52066	
10:44:04.440 2023/07/03	WPROT=736.452	TX: V46	RX: 1	TX: EX	RX: -61371	
10:44:05.012 2023/07/03	WPROT=760.740	TX: V46	RX: 1	TX: EX	RX: -63395	
10:44:05.680 2023/07/03	WPROT=848.412	TX: V46	RX: 1	TX: EX	RX: -70701	
10:44:06.328 2023/07/03	WPROT=965.268	TX: V46	RX: 1	TX: EX	RX: -80439	
10:44:06.922 2023/07/03	WPROT=1073.280	TX: V46	RX: 1	TX: EX	RX: -89440	
10:44:07.487 2023/07/03	WPROT=0.000	TX: V46	RX: 0	TX: EX	RX: 0	
10:44:08.056 2023/07/03	WPROT	TX: V46	RX: 0	TX: EX	RX: 0	
10:44:33.709 2023/07/03	WPROT GOTO WP1	
10:44:33.712 2023/07/03	WPROT ACTIVE BUSY 0.000 WP1 1, WPSEL ACTIVE READY 0.000 L/4 1, CALW ACTIVE READY 0.000 OFF 1, ASEL ACTIVE READY 28.776 ON 2, GMIR SIMULATED READY 0.000 TARGET 1, GFOC SIMULATED READY 0.000 TARGET 1
	
10:44:33.755 2023/07/03	<Immediate> 	TX: GS1	RX: OK	
10:44:34.094 2023/07/03	WPROT=0.000	TX: V46	RX: 1	TX: EX	RX: 0	
10:44:34.463 2023/07/03	WPROT=0.000	TX: V46	RX: 0	TX: EX	RX: 0	
10:44:34.801 2023/07/03	WPROT	TX: V46	RX: 0	TX: EX	RX: 0	
10:44:48.839 2023/07/03	WPROT GOTO WP2	
10:44:48.842 2023/07/03	WPROT ACTIVE BUSY 0.000 WP1 1, WPSEL ACTIVE READY 0.000 L/4 1, CALW ACTIVE READY 0.000 OFF 1, ASEL ACTIVE READY 28.776 ON 2, GMIR SIMULATED READY 0.000 TARGET 1, GFOC SIMULATED READY 0.000 TARGET 1
	
10:44:48.885 2023/07/03	<Immediate> 	TX: GS2	RX: OK	
10:44:49.423 2023/07/03	WPROT=22.500	TX: V46	RX: 1	TX: EX	RX: -1875	
10:44:49.806 2023/07/03	WPROT=22.500	TX: V46	RX: 0	TX: EX	RX: -1875	
10:44:51.025 2023/07/03	WPROT	TX: V46	RX: 	
10:44:51.081 2023/07/03	WPROT GOTO WP2	
10:44:51.084 2023/07/03	WPROT ACTIVE BUSY 0.000 NONE -1, WPSEL ACTIVE READY 0.000 L/4 1, CALW ACTIVE READY 0.000 OFF 1, ASEL ACTIVE READY 28.776 ON 2, GMIR SIMULATED READY 0.000 TARGET 1, GFOC SIMULATED READY 0.000 TARGET 1
	
10:44:52.193 2023/07/03	<Immediate> 	TX: GS2	RX: 	
10:44:52.516 2023/07/03	WPROT	TX: GS2	RX: OK	
10:44:52.856 2023/07/03	WPROT=22.500	TX: V46	RX: 1	TX: EX	RX: -1875	
10:44:53.205 2023/07/03	WPROT=22.500	TX: V46	RX: 0	TX: EX	RX: -1875	
10:44:53.567 2023/07/03	WPROT	TX: V46	RX: 0	TX: EX	RX: -1875	
10:44:57.337 2023/07/03	WPROT GOTO WP3	
10:44:57.340 2023/07/03	WPROT ACTIVE BUSY 22.500 WP2 2, WPSEL ACTIVE READY 0.000 L/4 1, CALW ACTIVE READY 0.000 OFF 1, ASEL ACTIVE READY 28.776 ON 2, GMIR SIMULATED READY 0.000 TARGET 1, GFOC SIMULATED READY 0.000 TARGET 1
	
10:44:57.383 2023/07/03	<Immediate> 	TX: GS3	RX: OK	
10:44:57.941 2023/07/03	WPROT=45.012	TX: V46	RX: 1	TX: EX	RX: -3751	
10:44:58.290 2023/07/03	WPROT=45.012	TX: V46	RX: 0	TX: EX	RX: -3751	
10:44:58.639 2023/07/03	WPROT	TX: V46	RX: 0	TX: EX	RX: -3751	
10:45:03.011 2023/07/03	WPROT GOTO WP4	
10:45:03.014 2023/07/03	WPROT ACTIVE BUSY 45.012 WP3 3, WPSEL ACTIVE READY 0.000 L/4 1, CALW ACTIVE READY 0.000 OFF 1, ASEL ACTIVE READY 28.776 ON 2, GMIR SIMULATED READY 0.000 TARGET 1, GFOC SIMULATED READY 0.000 TARGET 1
	
10:45:03.057 2023/07/03	<Immediate> 	TX: GS4	RX: OK	
10:45:03.616 2023/07/03	WPROT=67.512	TX: V46	RX: 1	TX: EX	RX: -5626	
10:45:03.965 2023/07/03	WPROT=67.512	TX: V46	RX: 0	TX: EX	RX: -5626	
10:45:04.358 2023/07/03	WPROT	TX: V46	RX: 0	TX: EX	RX: -5626	
10:45:08.334 2023/07/03	WPROT GOTO WP5	
10:45:08.337 2023/07/03	WPROT ACTIVE BUSY 67.512 WP4 4, WPSEL ACTIVE READY 0.000 L/4 1, CALW ACTIVE READY 0.000 OFF 1, ASEL ACTIVE READY 28.776 ON 2, GMIR SIMULATED READY 0.000 TARGET 1, GFOC SIMULATED READY 0.000 TARGET 1
	
10:45:08.380 2023/07/03	<Immediate> 	TX: GS5	RX: OK	
10:45:08.717 2023/07/03	WPROT=77.400	TX: V46	RX: 1	TX: EX	RX: -6450	
10:45:09.065 2023/07/03	WPROT=90.012	TX: V46	RX: 0	TX: EX	RX: -7501	
10:45:09.416 2023/07/03	WPROT	TX: V46	RX: 0	TX: EX	RX: -7501	
10:45:13.243 2023/07/03	WPROT GOTO WP6	
10:45:13.246 2023/07/03	WPROT ACTIVE BUSY 90.012 WP5 5, WPSEL ACTIVE READY 0.000 L/4 1, CALW ACTIVE READY 0.000 OFF 1, ASEL ACTIVE READY 28.776 ON 2, GMIR SIMULATED READY 0.000 TARGET 1, GFOC SIMULATED READY 0.000 TARGET 1
	
10:45:13.289 2023/07/03	<Immediate> 	TX: GS6	RX: OK	
10:45:13.626 2023/07/03	WPROT=100.092	TX: V46	RX: 1	TX: EX	RX: -8341	
10:45:14.043 2023/07/03	WPROT=112.512	TX: V46	RX: 0	TX: EX	RX: -9376	
10:45:14.386 2023/07/03	WPROT	TX: V46	RX: 0	TX: EX	RX: -9376	
10:45:18.393 2023/07/03	WPROT GOTO WP7	
10:45:18.396 2023/07/03	WPROT ACTIVE BUSY 112.512 WP6 6, WPSEL ACTIVE READY 0.000 L/4 1, CALW ACTIVE READY 0.000 OFF 1, ASEL ACTIVE READY 28.776 ON 2, GMIR SIMULATED READY 0.000 TARGET 1, GFOC SIMULATED READY 0.000 TARGET 1
	
10:45:18.439 2023/07/03	<Immediate> 	TX: GS7	RX: OK	
10:45:18.776 2023/07/03	WPROT=122.676	TX: V46	RX: 1	TX: EX	RX: -10223	
10:45:19.128 2023/07/03	WPROT=135.012	TX: V46	RX: 0	TX: EX	RX: -11251	
10:45:19.476 2023/07/03	WPROT	TX: V46	RX: 0	TX: EX	RX: -11251	
10:45:22.872 2023/07/03	WPROT GOTO WP8	
10:45:22.875 2023/07/03	WPROT ACTIVE BUSY 135.012 WP7 7, WPSEL ACTIVE READY 0.000 L/4 1, CALW ACTIVE READY 0.000 OFF 1, ASEL ACTIVE READY 28.776 ON 2, GMIR SIMULATED READY 0.000 TARGET 1, GFOC SIMULATED READY 0.000 TARGET 1
	
10:45:22.918 2023/07/03	<Immediate> 	TX: GS8	RX: OK	
10:45:23.364 2023/07/03	WPROT=156.456	TX: V46	RX: 1	TX: EX	RX: -13038	
10:45:23.715 2023/07/03	WPROT=157.500	TX: V46	RX: 0	TX: EX	RX: -13125	
10:45:24.053 2023/07/03	WPROT	TX: V46	RX: 0	TX: EX	RX: -13125	
10:45:27.683 2023/07/03	WPROT GOTO WP9	
10:45:27.686 2023/07/03	WPROT ACTIVE BUSY 157.500 WP8 8, WPSEL ACTIVE READY 0.000 L/4 1, CALW ACTIVE READY 0.000 OFF 1, ASEL ACTIVE READY 28.776 ON 2, GMIR SIMULATED READY 0.000 TARGET 1, GFOC SIMULATED READY 0.000 TARGET 1
	
10:45:27.729 2023/07/03	<Immediate> 	TX: GS9	RX: OK	
10:45:28.068 2023/07/03	WPROT=167.616	TX: V46	RX: 1	TX: EX	RX: -13968	
10:45:28.427 2023/07/03	WPROT=180.000	TX: V46	RX: 0	TX: EX	RX: -15000	
10:45:28.877 2023/07/03	WPROT	TX: V46	RX: 0	TX: EX	RX: -15000	
10:45:32.748 2023/07/03	WPROT GOTO WP10	
10:45:32.751 2023/07/03	WPROT ACTIVE BUSY 180.000 WP9 9, WPSEL ACTIVE READY 0.000 L/4 1, CALW ACTIVE READY 0.000 OFF 1, ASEL ACTIVE READY 28.776 ON 2, GMIR SIMULATED READY 0.000 TARGET 1, GFOC SIMULATED READY 0.000 TARGET 1
	
10:45:32.795 2023/07/03	<Immediate> 	TX: GS10	RX: OK	
10:45:33.352 2023/07/03	WPROT=202.500	TX: V46	RX: 1	TX: EX	RX: -16875	
10:45:33.704 2023/07/03	WPROT=202.500	TX: V46	RX: 0	TX: EX	RX: -16875	
10:45:34.063 2023/07/03	WPROT	TX: V46	RX: 0	TX: EX	RX: -16875	
10:45:38.443 2023/07/03	WPROT GOTO WP11	
10:45:38.446 2023/07/03	WPROT ACTIVE BUSY 202.500 WP10 10, WPSEL ACTIVE READY 0.000 L/4 1, CALW ACTIVE READY 0.000 OFF 1, ASEL ACTIVE READY 28.776 ON 2, GMIR SIMULATED READY 0.000 TARGET 1, GFOC SIMULATED READY 0.000 TARGET 1
	
10:45:38.489 2023/07/03	<Immediate> 	TX: GS11	RX: OK	
10:45:39.047 2023/07/03	WPROT=225.012	TX: V46	RX: 1	TX: EX	RX: -18751	
10:45:39.399 2023/07/03	WPROT=225.012	TX: V46	RX: 0	TX: EX	RX: -18751	
10:45:39.738 2023/07/03	WPROT	TX: V46	RX: 0	TX: EX	RX: -18751	
10:45:44.148 2023/07/03	WPROT GOTO WP12	
10:45:44.151 2023/07/03	WPROT ACTIVE BUSY 225.012 WP11 11, WPSEL ACTIVE READY 0.000 L/4 1, CALW ACTIVE READY 0.000 OFF 1, ASEL ACTIVE READY 28.776 ON 2, GMIR SIMULATED READY 0.000 TARGET 1, GFOC SIMULATED READY 0.000 TARGET 1
	
10:45:44.194 2023/07/03	<Immediate> 	TX: GS12	RX: OK	
10:45:44.759 2023/07/03	WPROT=247.512	TX: V46	RX: 1	TX: EX	RX: -20626	
10:45:45.121 2023/07/03	WPROT=247.512	TX: V46	RX: 0	TX: EX	RX: -20626	
10:45:45.517 2023/07/03	WPROT	TX: V46	RX: 0	TX: EX	RX: -20626	
10:45:48.832 2023/07/03	WPROT GOTO WP13	
10:45:48.836 2023/07/03	WPROT ACTIVE BUSY 247.512 WP12 12, WPSEL ACTIVE READY 0.000 L/4 1, CALW ACTIVE READY 0.000 OFF 1, ASEL ACTIVE READY 28.776 ON 2, GMIR SIMULATED READY 0.000 TARGET 1, GFOC SIMULATED READY 0.000 TARGET 1
	
10:45:48.879 2023/07/03	<Immediate> 	TX: GS13	RX: OK	
10:45:49.537 2023/07/03	WPROT=270.012	TX: V46	RX: 0	TX: EX	RX: -22501	
10:45:49.886 2023/07/03	WPROT	TX: V46	RX: 0	TX: EX	RX: -22501	
10:45:53.458 2023/07/03	WPROT GOTO WP14	
10:45:53.461 2023/07/03	WPROT ACTIVE BUSY 270.012 WP13 13, WPSEL ACTIVE READY 0.000 L/4 1, CALW ACTIVE READY 0.000 OFF 1, ASEL ACTIVE READY 28.776 ON 2, GMIR SIMULATED READY 0.000 TARGET 1, GFOC SIMULATED READY 0.000 TARGET 1
	
10:45:53.504 2023/07/03	<Immediate> 	TX: GS14	RX: OK	
10:45:53.854 2023/07/03	WPROT=281.832	TX: V46	RX: 1	TX: EX	RX: -23486	
10:45:54.287 2023/07/03	WPROT=292.512	TX: V46	RX: 0	TX: EX	RX: -24376	
10:45:54.637 2023/07/03	WPROT	TX: V46	RX: 0	TX: EX	RX: -24376	
10:45:58.203 2023/07/03	WPROT GOTO WP15	
10:45:58.205 2023/07/03	WPROT ACTIVE BUSY 292.512 WP14 14, WPSEL ACTIVE READY 0.000 L/4 1, CALW ACTIVE READY 0.000 OFF 1, ASEL ACTIVE READY 28.776 ON 2, GMIR SIMULATED READY 0.000 TARGET 1, GFOC SIMULATED READY 0.000 TARGET 1
	
10:45:58.249 2023/07/03	<Immediate> 	TX: GS15	RX: OK	
10:45:58.590 2023/07/03	WPROT=303.600	TX: V46	RX: 1	TX: EX	RX: -25300	
10:45:58.939 2023/07/03	WPROT=315.012	TX: V46	RX: 0	TX: EX	RX: -26251	
10:45:59.290 2023/07/03	WPROT	TX: V46	RX: 0	TX: EX	RX: -26251	
10:46:02.983 2023/07/03	WPROT GOTO WP16	
10:46:02.988 2023/07/03	WPROT ACTIVE BUSY 315.012 WP15 15, WPSEL ACTIVE READY 0.000 L/4 1, CALW ACTIVE READY 0.000 OFF 1, ASEL ACTIVE READY 28.776 ON 2, GMIR SIMULATED READY 0.000 TARGET 1, GFOC SIMULATED READY 0.000 TARGET 1
	
10:46:03.033 2023/07/03	<Immediate> 	TX: GS16	RX: OK	
10:46:03.600 2023/07/03	WPROT=337.500	TX: V46	RX: 1	TX: EX	RX: -28125	
10:46:03.947 2023/07/03	WPROT=337.500	TX: V46	RX: 0	TX: EX	RX: -28125	
10:46:04.305 2023/07/03	WPROT	TX: V46	RX: 0	TX: EX	RX: -28125	
10:46:08.271 2023/07/03	WPROT GOTO WP1	
10:46:08.275 2023/07/03	WPROT ACTIVE BUSY 337.500 WP16 16, WPSEL ACTIVE READY 0.000 L/4 1, CALW ACTIVE READY 0.000 OFF 1, ASEL ACTIVE READY 28.776 ON 2, GMIR SIMULATED READY 0.000 TARGET 1, GFOC SIMULATED READY 0.000 TARGET 1
	
10:46:08.317 2023/07/03	<Immediate> 	TX: GS1	RX: OK	
10:46:08.938 2023/07/03	WPROT=0.000	TX: V46	RX: 1	TX: EX	RX: 0	
10:46:09.280 2023/07/03	WPROT=0.000	TX: V46	RX: 0	TX: EX	RX: 0	
10:46:09.631 2023/07/03	WPROT	TX: V46	RX: 0	TX: EX	RX: 0	
10:46:14.306 2023/07/03	WPROT GOTO WP2	
10:46:14.308 2023/07/03	WPROT ACTIVE BUSY 0.000 WP1 1, WPSEL ACTIVE READY 0.000 L/4 1, CALW ACTIVE READY 0.000 OFF 1, ASEL ACTIVE READY 28.776 ON 2, GMIR SIMULATED READY 0.000 TARGET 1, GFOC SIMULATED READY 0.000 TARGET 1
	
10:46:14.351 2023/07/03	<Immediate> 	TX: GS2	RX: OK	
10:46:14.689 2023/07/03	WPROT=10.416	TX: V46	RX: 1	TX: EX	RX: -868	
10:46:15.028 2023/07/03	WPROT=22.500	TX: V46	RX: 0	TX: EX	RX: -1875	
10:46:15.376 2023/07/03	WPROT	TX: V46	RX: 0	TX: EX	RX: -1875	
10:46:19.021 2023/07/03	WPROT GOTO WP3	
10:46:19.023 2023/07/03	WPROT ACTIVE BUSY 22.500 WP2 2, WPSEL ACTIVE READY 0.000 L/4 1, CALW ACTIVE READY 0.000 OFF 1, ASEL ACTIVE READY 28.776 ON 2, GMIR SIMULATED READY 0.000 TARGET 1, GFOC SIMULATED READY 0.000 TARGET 1
	
10:46:19.067 2023/07/03	<Immediate> 	TX: GS3	RX: OK	
10:46:19.409 2023/07/03	WPROT=33.432	TX: V46	RX: 1	TX: EX	RX: -2786	
10:46:19.760 2023/07/03	WPROT=45.012	TX: V46	RX: 0	TX: EX	RX: -3751	
10:46:20.109 2023/07/03	WPROT	TX: V46	RX: 0	TX: EX	RX: -3751	
10:46:24.162 2023/07/03	WPROT GOTO WP4	
10:46:24.165 2023/07/03	WPROT ACTIVE BUSY 45.012 WP3 3, WPSEL ACTIVE READY 0.000 L/4 1, CALW ACTIVE READY 0.000 OFF 1, ASEL ACTIVE READY 28.776 ON 2, GMIR SIMULATED READY 0.000 TARGET 1, GFOC SIMULATED READY 0.000 TARGET 1
	
10:46:24.208 2023/07/03	<Immediate> 	TX: GS4	RX: OK	
10:46:24.765 2023/07/03	WPROT=67.512	TX: V46	RX: 1	TX: EX	RX: -5626	
10:46:25.112 2023/07/03	WPROT=67.512	TX: V46	RX: 0	TX: EX	RX: -5626	
10:46:25.462 2023/07/03	WPROT	TX: V46	RX: 0	TX: EX	RX: -5626	
10:46:29.503 2023/07/03	WPROT GOTO WP5	
10:46:29.506 2023/07/03	WPROT ACTIVE BUSY 67.512 WP4 4, WPSEL ACTIVE READY 0.000 L/4 1, CALW ACTIVE READY 0.000 OFF 1, ASEL ACTIVE READY 28.776 ON 2, GMIR SIMULATED READY 0.000 TARGET 1, GFOC SIMULATED READY 0.000 TARGET 1
	
10:46:29.549 2023/07/03	<Immediate> 	TX: GS5	RX: OK	
10:46:30.202 2023/07/03	WPROT=90.012	TX: V46	RX: 1	TX: EX	RX: -7501	
10:46:30.546 2023/07/03	WPROT=90.012	TX: V46	RX: 0	TX: EX	RX: -7501	
10:46:30.894 2023/07/03	WPROT	TX: V46	RX: 0	TX: EX	RX: -7501	
10:46:34.712 2023/07/03	WPROT GOTO WP6	
10:46:34.715 2023/07/03	WPROT ACTIVE BUSY 90.012 WP5 5, WPSEL ACTIVE READY 0.000 L/4 1, CALW ACTIVE READY 0.000 OFF 1, ASEL ACTIVE READY 28.776 ON 2, GMIR SIMULATED READY 0.000 TARGET 1, GFOC SIMULATED READY 0.000 TARGET 1
	
10:46:34.769 2023/07/03	<Immediate> 	TX: GS6	RX: OK	
10:46:35.217 2023/07/03	WPROT=111.576	TX: V46	RX: 1	TX: EX	RX: -9298	
10:46:35.566 2023/07/03	WPROT=112.512	TX: V46	RX: 0	TX: EX	RX: -9376	
10:46:35.918 2023/07/03	WPROT	TX: V46	RX: 0	TX: EX	RX: -9376	
10:46:39.924 2023/07/03	WPROT GOTO WP7	
10:46:39.927 2023/07/03	WPROT ACTIVE BUSY 112.512 WP6 6, WPSEL ACTIVE READY 0.000 L/4 1, CALW ACTIVE READY 0.000 OFF 1, ASEL ACTIVE READY 28.776 ON 2, GMIR SIMULATED READY 0.000 TARGET 1, GFOC SIMULATED READY 0.000 TARGET 1
	
10:46:39.970 2023/07/03	<Immediate> 	TX: GS7	RX: OK	
10:46:40.307 2023/07/03	WPROT=122.760	TX: V46	RX: 1	TX: EX	RX: -10230	
10:46:40.752 2023/07/03	WPROT=135.012	TX: V46	RX: 0	TX: EX	RX: -11251	
10:46:41.092 2023/07/03	WPROT	TX: V46	RX: 0	TX: EX	RX: -11251	
10:46:45.028 2023/07/03	WPROT GOTO WP8	
10:46:45.031 2023/07/03	WPROT ACTIVE BUSY 135.012 WP7 7, WPSEL ACTIVE READY 0.000 L/4 1, CALW ACTIVE READY 0.000 OFF 1, ASEL ACTIVE READY 28.776 ON 2, GMIR SIMULATED READY 0.000 TARGET 1, GFOC SIMULATED READY 0.000 TARGET 1
	
10:46:45.074 2023/07/03	<Immediate> 	TX: GS8	RX: OK	
10:46:45.414 2023/07/03	WPROT=145.932	TX: V46	RX: 1	TX: EX	RX: -12161	
10:46:45.754 2023/07/03	WPROT=157.500	TX: V46	RX: 0	TX: EX	RX: -13125	
10:46:46.103 2023/07/03	WPROT	TX: V46	RX: 0	TX: EX	RX: -13125	
10:47:01.177 2023/07/03	WPROT GOTO WP9	
10:47:01.180 2023/07/03	WPROT ACTIVE BUSY 157.500 WP8 8, WPSEL ACTIVE READY 0.000 L/4 1, CALW ACTIVE READY 0.000 OFF 1, ASEL ACTIVE READY 28.776 ON 2, GMIR SIMULATED READY 0.000 TARGET 1, GFOC SIMULATED READY 0.000 TARGET 1
	
10:47:01.224 2023/07/03	<Immediate> 	TX: GS9	RX: OK	
10:47:01.562 2023/07/03	WPROT=167.796	TX: V46	RX: 1	TX: EX	RX: -13983	
10:47:02.003 2023/07/03	WPROT=180.000	TX: V46	RX: 0	TX: EX	RX: -15000	
10:47:02.367 2023/07/03	WPROT	TX: V46	RX: 0	TX: EX	RX: -15000	
10:47:06.006 2023/07/03	WPROT GOTO WP10	
10:47:06.009 2023/07/03	WPROT ACTIVE BUSY 180.000 WP9 9, WPSEL ACTIVE READY 0.000 L/4 1, CALW ACTIVE READY 0.000 OFF 1, ASEL ACTIVE READY 28.776 ON 2, GMIR SIMULATED READY 0.000 TARGET 1, GFOC SIMULATED READY 0.000 TARGET 1
	
10:47:06.052 2023/07/03	<Immediate> 	TX: GS10	RX: OK	
10:47:06.705 2023/07/03	WPROT=202.500	TX: V46	RX: 1	TX: EX	RX: -16875	
10:47:07.045 2023/07/03	WPROT=202.500	TX: V46	RX: 0	TX: EX	RX: -16875	
10:47:07.404 2023/07/03	WPROT	TX: V46	RX: 0	TX: EX	RX: -16875	
10:47:11.629 2023/07/03	WPROT GOTO WP11	
10:47:11.632 2023/07/03	WPROT ACTIVE BUSY 202.500 WP10 10, WPSEL ACTIVE READY 0.000 L/4 1, CALW ACTIVE READY 0.000 OFF 1, ASEL ACTIVE READY 28.776 ON 2, GMIR SIMULATED READY 0.000 TARGET 1, GFOC SIMULATED READY 0.000 TARGET 1
	
10:47:11.675 2023/07/03	<Immediate> 	TX: GS11	RX: OK	
10:47:12.125 2023/07/03	WPROT=224.040	TX: V46	RX: 1	TX: EX	RX: -18670	
10:47:12.476 2023/07/03	WPROT=225.012	TX: V46	RX: 0	TX: EX	RX: -18751	
10:47:12.813 2023/07/03	WPROT	TX: V46	RX: 0	TX: EX	RX: -18751	
10:47:16.826 2023/07/03	WPROT GOTO WP12	
10:47:16.829 2023/07/03	WPROT ACTIVE BUSY 225.012 WP11 11, WPSEL ACTIVE READY 0.000 L/4 1, CALW ACTIVE READY 0.000 OFF 1, ASEL ACTIVE READY 28.776 ON 2, GMIR SIMULATED READY 0.000 TARGET 1, GFOC SIMULATED READY 0.000 TARGET 1
	
10:47:16.872 2023/07/03	<Immediate> 	TX: GS12	RX: OK	
10:47:17.224 2023/07/03	WPROT=237.216	TX: V46	RX: 1	TX: EX	RX: -19768	
10:47:17.659 2023/07/03	WPROT=247.512	TX: V46	RX: 0	TX: EX	RX: -20626	
10:47:17.996 2023/07/03	WPROT	TX: V46	RX: 0	TX: EX	RX: -20626	
10:47:21.962 2023/07/03	WPROT GOTO WP13	
10:47:21.965 2023/07/03	WPROT ACTIVE BUSY 247.512 WP12 12, WPSEL ACTIVE READY 0.000 L/4 1, CALW ACTIVE READY 0.000 OFF 1, ASEL ACTIVE READY 28.776 ON 2, GMIR SIMULATED READY 0.000 TARGET 1, GFOC SIMULATED READY 0.000 TARGET 1
	
10:47:22.008 2023/07/03	<Immediate> 	TX: GS13	RX: OK	
10:47:22.349 2023/07/03	WPROT=258.480	TX: V46	RX: 1	TX: EX	RX: -21540	
10:47:22.688 2023/07/03	WPROT=270.012	TX: V46	RX: 0	TX: EX	RX: -22501	
10:47:23.037 2023/07/03	WPROT	TX: V46	RX: 0	TX: EX	RX: -22501	
10:47:26.677 2023/07/03	WPROT GOTO WP14	
10:47:26.680 2023/07/03	WPROT ACTIVE BUSY 270.012 WP13 13, WPSEL ACTIVE READY 0.000 L/4 1, CALW ACTIVE READY 0.000 OFF 1, ASEL ACTIVE READY 28.776 ON 2, GMIR SIMULATED READY 0.000 TARGET 1, GFOC SIMULATED READY 0.000 TARGET 1
	
10:47:26.734 2023/07/03	<Immediate> 	TX: GS14	RX: OK	
10:47:27.071 2023/07/03	WPROT=280.308	TX: V46	RX: 1	TX: EX	RX: -23359	
10:47:27.515 2023/07/03	WPROT=292.512	TX: V46	RX: 0	TX: EX	RX: -24376	
10:47:27.866 2023/07/03	WPROT	TX: V46	RX: 0	TX: EX	RX: -24376	
10:47:32.019 2023/07/03	WPROT GOTO WP15	
10:47:32.022 2023/07/03	WPROT ACTIVE BUSY 292.512 WP14 14, WPSEL ACTIVE READY 0.000 L/4 1, CALW ACTIVE READY 0.000 OFF 1, ASEL ACTIVE READY 28.776 ON 2, GMIR SIMULATED READY 0.000 TARGET 1, GFOC SIMULATED READY 0.000 TARGET 1
	
10:47:32.067 2023/07/03	<Immediate> 	TX: GS15	RX: OK	
10:47:32.408 2023/07/03	WPROT=303.372	TX: V46	RX: 1	TX: EX	RX: -25281	
10:47:32.759 2023/07/03	WPROT=315.012	TX: V46	RX: 0	TX: EX	RX: -26251	
10:47:33.181 2023/07/03	WPROT	TX: V46	RX: 0	TX: EX	RX: -26251	
10:47:36.699 2023/07/03	WPROT GOTO WP16	
10:47:36.702 2023/07/03	WPROT ACTIVE BUSY 315.012 WP15 15, WPSEL ACTIVE READY 0.000 L/4 1, CALW ACTIVE READY 0.000 OFF 1, ASEL ACTIVE READY 28.776 ON 2, GMIR SIMULATED READY 0.000 TARGET 1, GFOC SIMULATED READY 0.000 TARGET 1
	
10:47:36.746 2023/07/03	<Immediate> 	TX: GS16	RX: OK	
10:47:37.197 2023/07/03	WPROT=336.708	TX: V46	RX: 1	TX: EX	RX: -28059	
10:47:37.545 2023/07/03	WPROT=337.500	TX: V46	RX: 0	TX: EX	RX: -28125	
10:47:37.894 2023/07/03	WPROT	TX: V46	RX: 0	TX: EX	RX: -28125	
10:49:54.472 2023/07/03	WPROT GOTO WP1	
10:49:54.475 2023/07/03	WPROT ACTIVE BUSY 337.500 WP16 16, WPSEL ACTIVE READY 0.000 L/4 1, CALW ACTIVE READY 0.000 OFF 1, ASEL ACTIVE READY 28.776 ON 2, GMIR SIMULATED READY 0.000 TARGET 1, GFOC SIMULATED READY 0.000 TARGET 1
	
10:49:54.530 2023/07/03	<Immediate> 	TX: GS1	RX: OK	
10:49:54.978 2023/07/03	WPROT=358.452	TX: V46	RX: 1	TX: EX	RX: -29871	
10:49:55.337 2023/07/03	WPROT=0.000	TX: V46	RX: 0	TX: EX	RX: 0	
10:49:55.676 2023/07/03	WPROT	TX: V46	RX: 0	TX: EX	RX: 0	
10:50:10.742 2023/07/03	WPROT GOTO WP2	
10:50:10.745 2023/07/03	WPROT ACTIVE BUSY 0.000 WP1 1, WPSEL ACTIVE READY 0.000 L/4 1, CALW ACTIVE READY 0.000 OFF 1, ASEL ACTIVE READY 28.776 ON 2, GMIR SIMULATED READY 0.000 TARGET 1, GFOC SIMULATED READY 0.000 TARGET 1
	
10:50:10.789 2023/07/03	<Immediate> 	TX: GS2	RX: OK	
10:50:11.242 2023/07/03	WPROT=21.684	TX: V46	RX: 1	TX: EX	RX: -1807	
10:50:11.592 2023/07/03	WPROT=22.500	TX: V46	RX: 0	TX: EX	RX: -1875	
10:50:11.945 2023/07/03	WPROT	TX: V46	RX: 0	TX: EX	RX: -1875	
10:50:19.417 2023/07/03	WPROT GOTO WP3	
10:50:19.419 2023/07/03	WPROT ACTIVE BUSY 22.500 WP2 2, WPSEL ACTIVE READY 0.000 L/4 1, CALW ACTIVE READY 0.000 OFF 1, ASEL ACTIVE READY 28.776 ON 2, GMIR SIMULATED READY 0.000 TARGET 1, GFOC SIMULATED READY 0.000 TARGET 1
	
10:50:19.464 2023/07/03	<Immediate> 	TX: GS3	RX: OK	
10:50:20.025 2023/07/03	WPROT=45.012	TX: V46	RX: 1	TX: EX	RX: -3751	
10:50:20.376 2023/07/03	WPROT=45.012	TX: V46	RX: 0	TX: EX	RX: -3751	
10:50:20.732 2023/07/03	WPROT	TX: V46	RX: 0	TX: EX	RX: -3751	
10:50:28.386 2023/07/03	WPROT GOTO WP4	
10:50:28.389 2023/07/03	WPROT ACTIVE BUSY 45.012 WP3 3, WPSEL ACTIVE READY 0.000 L/4 1, CALW ACTIVE READY 0.000 OFF 1, ASEL ACTIVE READY 28.776 ON 2, GMIR SIMULATED READY 0.000 TARGET 1, GFOC SIMULATED READY 0.000 TARGET 1
	
10:50:28.432 2023/07/03	<Immediate> 	TX: GS4	RX: OK	
10:50:28.989 2023/07/03	WPROT=67.512	TX: V46	RX: 1	TX: EX	RX: -5626	
10:50:29.338 2023/07/03	WPROT=67.512	TX: V46	RX: 0	TX: EX	RX: -5626	
10:50:29.744 2023/07/03	WPROT	TX: V46	RX: 0	TX: EX	RX: -5626	
10:50:37.403 2023/07/03	WPROT GOTO WP5	
10:50:37.406 2023/07/03	WPROT ACTIVE BUSY 67.512 WP4 4, WPSEL ACTIVE READY 0.000 L/4 1, CALW ACTIVE READY 0.000 OFF 1, ASEL ACTIVE READY 28.776 ON 2, GMIR SIMULATED READY 0.000 TARGET 1, GFOC SIMULATED READY 0.000 TARGET 1
	
10:50:37.460 2023/07/03	<Immediate> 	TX: GS5	RX: OK	
10:50:37.908 2023/07/03	WPROT=88.944	TX: V46	RX: 1	TX: EX	RX: -7412	
10:50:38.258 2023/07/03	WPROT=90.012	TX: V46	RX: 0	TX: EX	RX: -7501	
10:50:38.618 2023/07/03	WPROT	TX: V46	RX: 0	TX: EX	RX: -7501	
10:50:46.325 2023/07/03	WPROT GOTO WP6	
10:50:46.328 2023/07/03	WPROT ACTIVE BUSY 90.012 WP5 5, WPSEL ACTIVE READY 0.000 L/4 1, CALW ACTIVE READY 0.000 OFF 1, ASEL ACTIVE READY 28.776 ON 2, GMIR SIMULATED READY 0.000 TARGET 1, GFOC SIMULATED READY 0.000 TARGET 1
	
10:50:46.372 2023/07/03	<Immediate> 	TX: GS6	RX: OK	
10:50:46.879 2023/07/03	WPROT=112.512	TX: V46	RX: 1	TX: EX	RX: -9376	
10:50:47.264 2023/07/03	WPROT=112.512	TX: V46	RX: 0	TX: EX	RX: -9376	
10:50:47.612 2023/07/03	WPROT	TX: V46	RX: 0	TX: EX	RX: -9376	
10:50:55.406 2023/07/03	WPROT GOTO WP7	
10:50:55.409 2023/07/03	WPROT ACTIVE BUSY 112.512 WP6 6, WPSEL ACTIVE READY 0.000 L/4 1, CALW ACTIVE READY 0.000 OFF 1, ASEL ACTIVE READY 28.776 ON 2, GMIR SIMULATED READY 0.000 TARGET 1, GFOC SIMULATED READY 0.000 TARGET 1
	
10:50:55.454 2023/07/03	<Immediate> 	TX: GS7	RX: OK	
10:50:56.019 2023/07/03	WPROT=135.012	TX: V46	RX: 1	TX: EX	RX: -11251	
10:50:56.372 2023/07/03	WPROT=135.012	TX: V46	RX: 0	TX: EX	RX: -11251	
10:50:56.715 2023/07/03	WPROT	TX: V46	RX: 0	TX: EX	RX: -11251	
10:51:03.709 2023/07/03	WPROT GOTO WP8	
10:51:03.712 2023/07/03	WPROT ACTIVE BUSY 135.012 WP7 7, WPSEL ACTIVE READY 0.000 L/4 1, CALW ACTIVE READY 0.000 OFF 1, ASEL ACTIVE READY 28.776 ON 2, GMIR SIMULATED READY 0.000 TARGET 1, GFOC SIMULATED READY 0.000 TARGET 1
	
10:51:03.765 2023/07/03	<Immediate> 	TX: GS8	RX: OK	
10:51:04.327 2023/07/03	WPROT=157.500	TX: V46	RX: 1	TX: EX	RX: -13125	
10:51:04.679 2023/07/03	WPROT=157.500	TX: V46	RX: 0	TX: EX	RX: -13125	
10:51:05.128 2023/07/03	WPROT	TX: V46	RX: 0	TX: EX	RX: -13125	
10:51:12.536 2023/07/03	WPROT GOTO WP9	
10:51:12.539 2023/07/03	WPROT ACTIVE BUSY 157.500 WP8 8, WPSEL ACTIVE READY 0.000 L/4 1, CALW ACTIVE READY 0.000 OFF 1, ASEL ACTIVE READY 28.776 ON 2, GMIR SIMULATED READY 0.000 TARGET 1, GFOC SIMULATED READY 0.000 TARGET 1
	
10:51:12.583 2023/07/03	<Immediate> 	TX: GS9	RX: OK	
10:51:12.925 2023/07/03	WPROT=168.768	TX: V46	RX: 1	TX: EX	RX: -14064	
10:51:13.327 2023/07/03	WPROT=180.000	TX: V46	RX: 0	TX: EX	RX: -15000	
10:51:13.669 2023/07/03	WPROT	TX: V46	RX: 0	TX: EX	RX: -15000	
10:51:21.499 2023/07/03	WPROT GOTO WP10	
10:51:21.503 2023/07/03	WPROT ACTIVE BUSY 180.000 WP9 9, WPSEL ACTIVE READY 0.000 L/4 1, CALW ACTIVE READY 0.000 OFF 1, ASEL ACTIVE READY 28.776 ON 2, GMIR SIMULATED READY 0.000 TARGET 1, GFOC SIMULATED READY 0.000 TARGET 1
	
10:51:21.548 2023/07/03	<Immediate> 	TX: GS10	RX: OK	
10:51:22.107 2023/07/03	WPROT=202.500	TX: V46	RX: 1	TX: EX	RX: -16875	
10:51:22.461 2023/07/03	WPROT=202.500	TX: V46	RX: 0	TX: EX	RX: -16875	
10:51:22.849 2023/07/03	WPROT	TX: V46	RX: 0	TX: EX	RX: -16875	
10:51:30.916 2023/07/03	WPROT GOTO WP11	
10:51:30.919 2023/07/03	WPROT ACTIVE BUSY 202.500 WP10 10, WPSEL ACTIVE READY 0.000 L/4 1, CALW ACTIVE READY 0.000 OFF 1, ASEL ACTIVE READY 28.776 ON 2, GMIR SIMULATED READY 0.000 TARGET 1, GFOC SIMULATED READY 0.000 TARGET 1
	
10:51:30.963 2023/07/03	<Immediate> 	TX: GS11	RX: OK	
10:51:31.300 2023/07/03	WPROT=212.508	TX: V46	RX: 1	TX: EX	RX: -17709	
10:51:31.648 2023/07/03	WPROT=225.012	TX: V46	RX: 0	TX: EX	RX: -18751	
10:51:32.003 2023/07/03	WPROT	TX: V46	RX: 0	TX: EX	RX: -18751	
10:51:38.803 2023/07/03	WPROT GOTO WP12	
10:51:38.806 2023/07/03	WPROT ACTIVE BUSY 225.012 WP11 11, WPSEL ACTIVE READY 0.000 L/4 1, CALW ACTIVE READY 0.000 OFF 1, ASEL ACTIVE READY 28.776 ON 2, GMIR SIMULATED READY 0.000 TARGET 1, GFOC SIMULATED READY 0.000 TARGET 1
	
10:51:38.849 2023/07/03	<Immediate> 	TX: GS12	RX: OK	
10:51:39.199 2023/07/03	WPROT=236.916	TX: V46	RX: 1	TX: EX	RX: -19743	
10:51:39.550 2023/07/03	WPROT=247.512	TX: V46	RX: 0	TX: EX	RX: -20626	
10:51:39.899 2023/07/03	WPROT	TX: V46	RX: 0	TX: EX	RX: -20626	
10:51:55.456 2023/07/03	WPROT GOTO WP13	
10:51:55.459 2023/07/03	WPROT ACTIVE BUSY 247.512 WP12 12, WPSEL ACTIVE READY 0.000 L/4 1, CALW ACTIVE READY 0.000 OFF 1, ASEL ACTIVE READY 28.776 ON 2, GMIR SIMULATED READY 0.000 TARGET 1, GFOC SIMULATED READY 0.000 TARGET 1
	
10:51:55.501 2023/07/03	<Immediate> 	TX: GS13	RX: OK	
10:51:56.040 2023/07/03	WPROT=270.012	TX: V46	RX: 1	TX: EX	RX: -22501	
10:51:56.391 2023/07/03	WPROT=270.012	TX: V46	RX: 0	TX: EX	RX: -22501	
10:51:56.785 2023/07/03	WPROT	TX: V46	RX: 0	TX: EX	RX: -22501	
10:52:03.996 2023/07/03	WPROT GOTO WP14	
10:52:03.998 2023/07/03	WPROT ACTIVE BUSY 270.012 WP13 13, WPSEL ACTIVE READY 0.000 L/4 1, CALW ACTIVE READY 0.000 OFF 1, ASEL ACTIVE READY 28.776 ON 2, GMIR SIMULATED READY 0.000 TARGET 1, GFOC SIMULATED READY 0.000 TARGET 1
	
10:52:04.041 2023/07/03	<Immediate> 	TX: GS14	RX: OK	
10:52:04.488 2023/07/03	WPROT=291.480	TX: V46	RX: 1	TX: EX	RX: -24290	
10:52:04.840 2023/07/03	WPROT=292.512	TX: V46	RX: 0	TX: EX	RX: -24376	
10:52:05.203 2023/07/03	WPROT	TX: V46	RX: 0	TX: EX	RX: -24376	
10:52:12.356 2023/07/03	WPROT GOTO WP15	
10:52:12.359 2023/07/03	WPROT ACTIVE BUSY 292.512 WP14 14, WPSEL ACTIVE READY 0.000 L/4 1, CALW ACTIVE READY 0.000 OFF 1, ASEL ACTIVE READY 28.776 ON 2, GMIR SIMULATED READY 0.000 TARGET 1, GFOC SIMULATED READY 0.000 TARGET 1
	
10:52:12.402 2023/07/03	<Immediate> 	TX: GS15	RX: OK	
10:52:12.962 2023/07/03	WPROT=315.012	TX: V46	RX: 1	TX: EX	RX: -26251	
10:52:13.313 2023/07/03	WPROT=315.012	TX: V46	RX: 0	TX: EX	RX: -26251	
10:52:13.659 2023/07/03	WPROT	TX: V46	RX: 0	TX: EX	RX: -26251	
10:52:21.227 2023/07/03	WPROT GOTO WP16	
10:52:21.229 2023/07/03	WPROT ACTIVE BUSY 315.012 WP15 15, WPSEL ACTIVE READY 0.000 L/4 1, CALW ACTIVE READY 0.000 OFF 1, ASEL ACTIVE READY 28.776 ON 2, GMIR SIMULATED READY 0.000 TARGET 1, GFOC SIMULATED READY 0.000 TARGET 1
	
10:52:21.273 2023/07/03	<Immediate> 	TX: GS16	RX: OK	
10:52:21.614 2023/07/03	WPROT=325.692	TX: V46	RX: 1	TX: EX	RX: -27141	
10:52:21.968 2023/07/03	WPROT=337.500	TX: V46	RX: 0	TX: EX	RX: -28125	
10:52:22.306 2023/07/03	WPROT	TX: V46	RX: 0	TX: EX	RX: -28125	
10:52:38.787 2023/07/03	WPROT GOTO WP1	
10:52:38.790 2023/07/03	WPROT ACTIVE BUSY 337.500 WP16 16, WPSEL ACTIVE READY 0.000 L/4 1, CALW ACTIVE READY 0.000 OFF 1, ASEL ACTIVE READY 28.776 ON 2, GMIR SIMULATED READY 0.000 TARGET 1, GFOC SIMULATED READY 0.000 TARGET 1
	
10:52:38.834 2023/07/03	<Immediate> 	TX: GS1	RX: OK	
10:52:39.392 2023/07/03	WPROT=360.000	TX: V46	RX: 1	TX: EX	RX: -30000	
10:52:39.741 2023/07/03	WPROT=0.000	TX: V46	RX: 0	TX: EX	RX: 0	
10:52:40.088 2023/07/03	WPROT	TX: V46	RX: 0	TX: EX	RX: 0	
10:52:47.163 2023/07/03	WPROT GOTO WP2	
10:52:47.166 2023/07/03	WPROT ACTIVE BUSY 0.000 WP1 1, WPSEL ACTIVE READY 0.000 L/4 1, CALW ACTIVE READY 0.000 OFF 1, ASEL ACTIVE READY 28.776 ON 2, GMIR SIMULATED READY 0.000 TARGET 1, GFOC SIMULATED READY 0.000 TARGET 1
	
10:52:47.209 2023/07/03	<Immediate> 	TX: GS2	RX: OK	
10:52:47.772 2023/07/03	WPROT=22.500	TX: V46	RX: 1	TX: EX	RX: -1875	
10:52:48.131 2023/07/03	WPROT=22.500	TX: V46	RX: 0	TX: EX	RX: -1875	
10:52:48.488 2023/07/03	WPROT	TX: V46	RX: 0	TX: EX	RX: -1875	
10:52:55.473 2023/07/03	WPROT GOTO WP3	
10:52:55.476 2023/07/03	WPROT ACTIVE BUSY 22.500 WP2 2, WPSEL ACTIVE READY 0.000 L/4 1, CALW ACTIVE READY 0.000 OFF 1, ASEL ACTIVE READY 28.776 ON 2, GMIR SIMULATED READY 0.000 TARGET 1, GFOC SIMULATED READY 0.000 TARGET 1
	
10:52:55.519 2023/07/03	<Immediate> 	TX: GS3	RX: OK	
10:52:55.974 2023/07/03	WPROT=44.292	TX: V46	RX: 1	TX: EX	RX: -3691	
10:52:56.354 2023/07/03	WPROT=45.012	TX: V46	RX: 0	TX: EX	RX: -3751	
10:52:56.692 2023/07/03	WPROT	TX: V46	RX: 0	TX: EX	RX: -3751	
10:53:03.846 2023/07/03	WPROT GOTO WP4	
10:53:03.849 2023/07/03	WPROT ACTIVE BUSY 45.012 WP3 3, WPSEL ACTIVE READY 0.000 L/4 1, CALW ACTIVE READY 0.000 OFF 1, ASEL ACTIVE READY 28.776 ON 2, GMIR SIMULATED READY 0.000 TARGET 1, GFOC SIMULATED READY 0.000 TARGET 1
	
10:53:03.892 2023/07/03	<Immediate> 	TX: GS4	RX: OK	
10:53:04.449 2023/07/03	WPROT=67.512	TX: V46	RX: 1	TX: EX	RX: -5626	
10:53:04.802 2023/07/03	WPROT=67.512	TX: V46	RX: 0	TX: EX	RX: -5626	
10:53:05.196 2023/07/03	WPROT	TX: V46	RX: 0	TX: EX	RX: -5626	
10:53:12.946 2023/07/03	WPROT GOTO WP5	
10:53:12.949 2023/07/03	WPROT ACTIVE BUSY 67.512 WP4 4, WPSEL ACTIVE READY 0.000 L/4 1, CALW ACTIVE READY 0.000 OFF 1, ASEL ACTIVE READY 28.776 ON 2, GMIR SIMULATED READY 0.000 TARGET 1, GFOC SIMULATED READY 0.000 TARGET 1
	
10:53:12.992 2023/07/03	<Immediate> 	TX: GS5	RX: OK	
10:53:13.549 2023/07/03	WPROT=90.012	TX: V46	RX: 1	TX: EX	RX: -7501	
10:53:13.901 2023/07/03	WPROT=90.012	TX: V46	RX: 0	TX: EX	RX: -7501	
10:53:14.272 2023/07/03	WPROT	TX: V46	RX: 0	TX: EX	RX: -7501	
10:53:21.942 2023/07/03	WPROT GOTO WP6	
10:53:21.945 2023/07/03	WPROT ACTIVE BUSY 90.012 WP5 5, WPSEL ACTIVE READY 0.000 L/4 1, CALW ACTIVE READY 0.000 OFF 1, ASEL ACTIVE READY 28.776 ON 2, GMIR SIMULATED READY 0.000 TARGET 1, GFOC SIMULATED READY 0.000 TARGET 1
	
10:53:21.990 2023/07/03	<Immediate> 	TX: GS6	RX: OK	
10:53:22.624 2023/07/03	WPROT=112.512	TX: V46	RX: 1	TX: EX	RX: -9376	
10:53:22.976 2023/07/03	WPROT=112.512	TX: V46	RX: 0	TX: EX	RX: -9376	
10:53:23.332 2023/07/03	WPROT	TX: V46	RX: 0	TX: EX	RX: -9376	
10:53:29.980 2023/07/03	WPROT GOTO WP7	
10:53:29.984 2023/07/03	WPROT ACTIVE BUSY 112.512 WP6 6, WPSEL ACTIVE READY 0.000 L/4 1, CALW ACTIVE READY 0.000 OFF 1, ASEL ACTIVE READY 28.776 ON 2, GMIR SIMULATED READY 0.000 TARGET 1, GFOC SIMULATED READY 0.000 TARGET 1
	
10:53:30.028 2023/07/03	<Immediate> 	TX: GS7	RX: OK	
10:53:30.369 2023/07/03	WPROT=122.892	TX: V46	RX: 1	TX: EX	RX: -10241	
10:53:30.731 2023/07/03	WPROT=135.012	TX: V46	RX: 0	TX: EX	RX: -11251	
10:53:31.083 2023/07/03	WPROT	TX: V46	RX: 0	TX: EX	RX: -11251	
10:53:39.008 2023/07/03	WPROT GOTO WP8	
10:53:39.011 2023/07/03	WPROT ACTIVE BUSY 135.012 WP7 7, WPSEL ACTIVE READY 0.000 L/4 1, CALW ACTIVE READY 0.000 OFF 1, ASEL ACTIVE READY 28.776 ON 2, GMIR SIMULATED READY 0.000 TARGET 1, GFOC SIMULATED READY 0.000 TARGET 1
	
10:53:39.055 2023/07/03	<Immediate> 	TX: GS8	RX: OK	
10:53:39.725 2023/07/03	WPROT=157.500	TX: V46	RX: 0	TX: EX	RX: -13125	
10:53:40.074 2023/07/03	WPROT	TX: V46	RX: 0	TX: EX	RX: -13125	
10:53:47.243 2023/07/03	WPROT GOTO WP9	
10:53:47.246 2023/07/03	WPROT ACTIVE BUSY 157.500 WP8 8, WPSEL ACTIVE READY 0.000 L/4 1, CALW ACTIVE READY 0.000 OFF 1, ASEL ACTIVE READY 28.776 ON 2, GMIR SIMULATED READY 0.000 TARGET 1, GFOC SIMULATED READY 0.000 TARGET 1
	
10:53:47.293 2023/07/03	<Immediate> 	TX: GS9	RX: OK	
10:53:47.853 2023/07/03	WPROT=180.000	TX: V46	RX: 1	TX: EX	RX: -15000	
10:53:48.207 2023/07/03	WPROT=180.000	TX: V46	RX: 0	TX: EX	RX: -15000	
10:53:48.559 2023/07/03	WPROT	TX: V46	RX: 0	TX: EX	RX: -15000	
10:53:56.087 2023/07/03	WPROT GOTO WP10	
10:53:56.090 2023/07/03	WPROT ACTIVE BUSY 180.000 WP9 9, WPSEL ACTIVE READY 0.000 L/4 1, CALW ACTIVE READY 0.000 OFF 1, ASEL ACTIVE READY 28.776 ON 2, GMIR SIMULATED READY 0.000 TARGET 1, GFOC SIMULATED READY 0.000 TARGET 1
	
10:53:56.134 2023/07/03	<Immediate> 	TX: GS10	RX: OK	
10:53:56.694 2023/07/03	WPROT=202.500	TX: V46	RX: 1	TX: EX	RX: -16875	
10:53:57.044 2023/07/03	WPROT=202.500	TX: V46	RX: 0	TX: EX	RX: -16875	
10:53:57.409 2023/07/03	WPROT	TX: V46	RX: 0	TX: EX	RX: -16875	
10:54:04.097 2023/07/03	WPROT GOTO WP11	
10:54:04.100 2023/07/03	WPROT ACTIVE BUSY 202.500 WP10 10, WPSEL ACTIVE READY 0.000 L/4 1, CALW ACTIVE READY 0.000 OFF 1, ASEL ACTIVE READY 28.776 ON 2, GMIR SIMULATED READY 0.000 TARGET 1, GFOC SIMULATED READY 0.000 TARGET 1
	
10:54:04.145 2023/07/03	<Immediate> 	TX: GS11	RX: OK	
10:54:04.606 2023/07/03	WPROT=224.448	TX: V46	RX: 1	TX: EX	RX: -18704	
10:54:04.961 2023/07/03	WPROT=225.012	TX: V46	RX: 0	TX: EX	RX: -18751	
10:54:05.314 2023/07/03	WPROT	TX: V46	RX: 0	TX: EX	RX: -18751	
10:54:20.686 2023/07/03	WPROT GOTO WP12	
10:54:20.689 2023/07/03	WPROT ACTIVE BUSY 225.012 WP11 11, WPSEL ACTIVE READY 0.000 L/4 1, CALW ACTIVE READY 0.000 OFF 1, ASEL ACTIVE READY 28.776 ON 2, GMIR SIMULATED READY 0.000 TARGET 1, GFOC SIMULATED READY 0.000 TARGET 1
	
10:54:20.732 2023/07/03	<Immediate> 	TX: GS12	RX: OK	
10:54:21.072 2023/07/03	WPROT=235.548	TX: V46	RX: 1	TX: EX	RX: -19629	
10:54:21.494 2023/07/03	WPROT=247.512	TX: V46	RX: 0	TX: EX	RX: -20626	
10:54:21.847 2023/07/03	WPROT	TX: V46	RX: 0	TX: EX	RX: -20626	
10:54:29.525 2023/07/03	WPROT GOTO WP13	
10:54:29.528 2023/07/03	WPROT ACTIVE BUSY 247.512 WP12 12, WPSEL ACTIVE READY 0.000 L/4 1, CALW ACTIVE READY 0.000 OFF 1, ASEL ACTIVE READY 28.776 ON 2, GMIR SIMULATED READY 0.000 TARGET 1, GFOC SIMULATED READY 0.000 TARGET 1
	
10:54:29.572 2023/07/03	<Immediate> 	TX: GS13	RX: OK	
10:54:30.134 2023/07/03	WPROT=270.012	TX: V46	RX: 1	TX: EX	RX: -22501	
10:54:30.488 2023/07/03	WPROT=270.012	TX: V46	RX: 0	TX: EX	RX: -22501	
10:54:30.880 2023/07/03	WPROT	TX: V46	RX: 0	TX: EX	RX: -22501	
10:54:37.989 2023/07/03	WPROT GOTO WP14	
10:54:37.992 2023/07/03	WPROT ACTIVE BUSY 270.012 WP13 13, WPSEL ACTIVE READY 0.000 L/4 1, CALW ACTIVE READY 0.000 OFF 1, ASEL ACTIVE READY 28.776 ON 2, GMIR SIMULATED READY 0.000 TARGET 1, GFOC SIMULATED READY 0.000 TARGET 1
	
10:54:38.037 2023/07/03	<Immediate> 	TX: GS14	RX: OK	
10:54:38.606 2023/07/03	WPROT=292.512	TX: V46	RX: 1	TX: EX	RX: -24376	
10:54:38.959 2023/07/03	WPROT=292.512	TX: V46	RX: 0	TX: EX	RX: -24376	
10:54:39.311 2023/07/03	WPROT	TX: V46	RX: 0	TX: EX	RX: -24376	
10:54:46.436 2023/07/03	WPROT GOTO WP15	
10:54:46.439 2023/07/03	WPROT ACTIVE BUSY 292.512 WP14 14, WPSEL ACTIVE READY 0.000 L/4 1, CALW ACTIVE READY 0.000 OFF 1, ASEL ACTIVE READY 28.776 ON 2, GMIR SIMULATED READY 0.000 TARGET 1, GFOC SIMULATED READY 0.000 TARGET 1
	
10:54:46.484 2023/07/03	<Immediate> 	TX: GS15	RX: OK	
10:54:47.052 2023/07/03	WPROT=315.012	TX: V46	RX: 1	TX: EX	RX: -26251	
10:54:47.407 2023/07/03	WPROT=315.012	TX: V46	RX: 0	TX: EX	RX: -26251	
10:54:47.765 2023/07/03	WPROT	TX: V46	RX: 0	TX: EX	RX: -26251	
10:55:03.717 2023/07/03	WPROT GOTO WP16	
10:55:03.721 2023/07/03	WPROT ACTIVE BUSY 315.012 WP15 15, WPSEL ACTIVE READY 0.000 L/4 1, CALW ACTIVE READY 0.000 OFF 1, ASEL ACTIVE READY 28.776 ON 2, GMIR SIMULATED READY 0.000 TARGET 1, GFOC SIMULATED READY 0.000 TARGET 1
	
10:55:03.765 2023/07/03	<Immediate> 	TX: GS16	RX: OK	
10:55:04.104 2023/07/03	WPROT=325.164	TX: V46	RX: 1	TX: EX	RX: -27097	
10:55:04.525 2023/07/03	WPROT=337.500	TX: V46	RX: 0	TX: EX	RX: -28125	
10:55:04.884 2023/07/03	WPROT	TX: V46	RX: 0	TX: EX	RX: -28125	
10:56:10.980 2023/07/03	WPROT GOTO WP8	
10:56:10.983 2023/07/03	WPROT ACTIVE BUSY 337.500 WP16 16, WPSEL ACTIVE READY 0.000 L/4 1, CALW ACTIVE READY 0.000 OFF 1, ASEL ACTIVE READY 28.776 ON 2, GMIR SIMULATED READY 0.000 TARGET 1, GFOC SIMULATED READY 0.000 TARGET 1
	
10:56:11.026 2023/07/03	<Immediate> 	TX: GS8	RX: OK	
10:56:11.588 2023/07/03	WPROT=402.000	TX: V46	RX: 1	TX: EX	RX: -33500	
10:56:11.956 2023/07/03	WPROT=502.008	TX: V46	RX: 1	TX: EX	RX: -41834	
10:56:12.310 2023/07/03	WPROT=157.500	TX: V46	RX: 1	TX: EX	RX: -13125	
10:56:12.661 2023/07/03	WPROT=157.500	TX: V46	RX: 0	TX: EX	RX: -13125	
10:56:13.015 2023/07/03	WPROT	TX: V46	RX: 0	TX: EX	RX: -13125	
10:56:20.667 2023/07/03	WPROT GOTO WP16	
10:56:20.671 2023/07/03	WPROT ACTIVE BUSY 157.500 WP8 8, WPSEL ACTIVE READY 0.000 L/4 1, CALW ACTIVE READY 0.000 OFF 1, ASEL ACTIVE READY 28.776 ON 2, GMIR SIMULATED READY 0.000 TARGET 1, GFOC SIMULATED READY 0.000 TARGET 1
	
10:56:20.714 2023/07/03	<Immediate> 	TX: GS16	RX: OK	
10:56:21.278 2023/07/03	WPROT=226.164	TX: V46	RX: 1	TX: EX	RX: -18847	
10:56:21.637 2023/07/03	WPROT=324.828	TX: V46	RX: 1	TX: EX	RX: -27069	
10:56:21.990 2023/07/03	WPROT=337.500	TX: V46	RX: 0	TX: EX	RX: -28125	
10:56:22.331 2023/07/03	WPROT	TX: V46	RX: 0	TX: EX	RX: -28125	
10:56:29.487 2023/07/03	WPROT GOTO WP8	
10:56:29.491 2023/07/03	WPROT ACTIVE BUSY 337.500 WP16 16, WPSEL ACTIVE READY 0.000 L/4 1, CALW ACTIVE READY 0.000 OFF 1, ASEL ACTIVE READY 28.776 ON 2, GMIR SIMULATED READY 0.000 TARGET 1, GFOC SIMULATED READY 0.000 TARGET 1
	
10:56:29.536 2023/07/03	<Immediate> 	TX: GS8	RX: OK	
10:56:29.990 2023/07/03	WPROT=371.016	TX: V46	RX: 1	TX: EX	RX: -30918	
10:56:30.343 2023/07/03	WPROT=476.604	TX: V46	RX: 1	TX: EX	RX: -39717	
10:56:30.693 2023/07/03	WPROT=157.500	TX: V46	RX: 1	TX: EX	RX: -13125	
10:56:31.032 2023/07/03	WPROT=157.500	TX: V46	RX: 0	TX: EX	RX: -13125	
10:56:31.386 2023/07/03	WPROT	TX: V46	RX: 0	TX: EX	RX: -13125	
10:56:38.254 2023/07/03	WPROT GOTO WP16	
10:56:38.257 2023/07/03	WPROT ACTIVE BUSY 157.500 WP8 8, WPSEL ACTIVE READY 0.000 L/4 1, CALW ACTIVE READY 0.000 OFF 1, ASEL ACTIVE READY 28.776 ON 2, GMIR SIMULATED READY 0.000 TARGET 1, GFOC SIMULATED READY 0.000 TARGET 1
	
10:56:38.302 2023/07/03	<Immediate> 	TX: GS16	RX: OK	
10:56:38.642 2023/07/03	WPROT=168.204	TX: V46	RX: 1	TX: EX	RX: -14017	
10:56:39.091 2023/07/03	WPROT=291.984	TX: V46	RX: 1	TX: EX	RX: -24332	
10:56:39.441 2023/07/03	WPROT=337.500	TX: V46	RX: 1	TX: EX	RX: -28125	
10:56:39.793 2023/07/03	WPROT=337.500	TX: V46	RX: 0	TX: EX	RX: -28125	
10:56:40.150 2023/07/03	WPROT	TX: V46	RX: 0	TX: EX	RX: -28125	
10:57:21.432 2023/07/03	WPROT GOTO WP8	
10:57:21.436 2023/07/03	WPROT ACTIVE BUSY 337.500 WP16 16, WPSEL ACTIVE READY 0.000 L/4 1, CALW ACTIVE READY 0.000 OFF 1, ASEL ACTIVE READY 28.776 ON 2, GMIR SIMULATED READY 0.000 TARGET 1, GFOC SIMULATED READY 0.000 TARGET 1
	
10:57:21.482 2023/07/03	<Immediate> 	TX: GS8	RX: OK	
10:57:21.933 2023/07/03	WPROT=369.480	TX: V46	RX: 1	TX: EX	RX: -30790	
10:57:22.303 2023/07/03	WPROT=479.976	TX: V46	RX: 1	TX: EX	RX: -39998	
10:57:22.654 2023/07/03	WPROT=157.500	TX: V46	RX: 1	TX: EX	RX: -13125	
10:57:23.013 2023/07/03	WPROT=157.500	TX: V46	RX: 0	TX: EX	RX: -13125	
10:57:23.379 2023/07/03	WPROT	TX: V46	RX: 0	TX: EX	RX: -13125	
10:57:29.881 2023/07/03	WPROT GOTO WP16	
10:57:29.884 2023/07/03	WPROT ACTIVE BUSY 157.500 WP8 8, WPSEL ACTIVE READY 0.000 L/4 1, CALW ACTIVE READY 0.000 OFF 1, ASEL ACTIVE READY 28.776 ON 2, GMIR SIMULATED READY 0.000 TARGET 1, GFOC SIMULATED READY 0.000 TARGET 1
	
10:57:29.931 2023/07/03	<Immediate> 	TX: GS16	RX: OK	
10:57:30.392 2023/07/03	WPROT=194.496	TX: V46	RX: 1	TX: EX	RX: -16208	
10:57:30.749 2023/07/03	WPROT=301.800	TX: V46	RX: 1	TX: EX	RX: -25150	
10:57:31.108 2023/07/03	WPROT=337.500	TX: V46	RX: 1	TX: EX	RX: -28125	
10:57:31.448 2023/07/03	WPROT=337.500	TX: V46	RX: 0	TX: EX	RX: -28125	
10:57:31.807 2023/07/03	WPROT	TX: V46	RX: 0	TX: EX	RX: -28125	
10:57:38.667 2023/07/03	WPROT GOTO WP8	
10:57:38.671 2023/07/03	WPROT ACTIVE BUSY 337.500 WP16 16, WPSEL ACTIVE READY 0.000 L/4 1, CALW ACTIVE READY 0.000 OFF 1, ASEL ACTIVE READY 28.776 ON 2, GMIR SIMULATED READY 0.000 TARGET 1, GFOC SIMULATED READY 0.000 TARGET 1
	
10:57:38.715 2023/07/03	<Immediate> 	TX: GS8	RX: OK	
10:57:39.278 2023/07/03	WPROT=401.820	TX: V46	RX: 1	TX: EX	RX: -33485	
10:57:39.636 2023/07/03	WPROT=501.936	TX: V46	RX: 1	TX: EX	RX: -41828	
10:57:39.990 2023/07/03	WPROT=157.500	TX: V46	RX: 1	TX: EX	RX: -13125	
10:57:40.340 2023/07/03	WPROT=157.500	TX: V46	RX: 0	TX: EX	RX: -13125	
10:57:40.693 2023/07/03	WPROT	TX: V46	RX: 0	TX: EX	RX: -13125	
10:57:48.092 2023/07/03	WPROT GOTO WP16	
10:57:48.095 2023/07/03	WPROT ACTIVE BUSY 157.500 WP8 8, WPSEL ACTIVE READY 0.000 L/4 1, CALW ACTIVE READY 0.000 OFF 1, ASEL ACTIVE READY 28.776 ON 2, GMIR SIMULATED READY 0.000 TARGET 1, GFOC SIMULATED READY 0.000 TARGET 1
	
10:57:48.138 2023/07/03	<Immediate> 	TX: GS16	RX: OK	
10:57:48.587 2023/07/03	WPROT=192.048	TX: V46	RX: 1	TX: EX	RX: -16004	
10:57:48.940 2023/07/03	WPROT=297.792	TX: V46	RX: 1	TX: EX	RX: -24816	
10:57:49.279 2023/07/03	WPROT=337.500	TX: V46	RX: 1	TX: EX	RX: -28125	
10:57:49.637 2023/07/03	WPROT=337.500	TX: V46	RX: 0	TX: EX	RX: -28125	
10:57:50.034 2023/07/03	WPROT	TX: V46	RX: 0	TX: EX	RX: -28125	
10:58:06.037 2023/07/03	WPROT GOTO WP8	
10:58:06.040 2023/07/03	WPROT ACTIVE BUSY 337.500 WP16 16, WPSEL ACTIVE READY 0.000 L/4 1, CALW ACTIVE READY 0.000 OFF 1, ASEL ACTIVE READY 28.776 ON 2, GMIR SIMULATED READY 0.000 TARGET 1, GFOC SIMULATED READY 0.000 TARGET 1
	
10:58:06.086 2023/07/03	<Immediate> 	TX: GS8	RX: OK	
10:58:06.536 2023/07/03	WPROT=369.804	TX: V46	RX: 1	TX: EX	RX: -30817	
10:58:06.892 2023/07/03	WPROT=475.512	TX: V46	RX: 1	TX: EX	RX: -39626	
10:58:07.248 2023/07/03	WPROT=157.500	TX: V46	RX: 1	TX: EX	RX: -13125	
10:58:07.587 2023/07/03	WPROT=157.500	TX: V46	RX: 0	TX: EX	RX: -13125	
10:58:08.009 2023/07/03	WPROT	TX: V46	RX: 0	TX: EX	RX: -13125	
10:58:23.661 2023/07/03	WPROT GOTO WP16	
10:58:23.664 2023/07/03	WPROT ACTIVE BUSY 157.500 WP8 8, WPSEL ACTIVE READY 0.000 L/4 1, CALW ACTIVE READY 0.000 OFF 1, ASEL ACTIVE READY 28.776 ON 2, GMIR SIMULATED READY 0.000 TARGET 1, GFOC SIMULATED READY 0.000 TARGET 1
	
10:58:23.708 2023/07/03	<Immediate> 	TX: GS16	RX: OK	
10:58:24.364 2023/07/03	WPROT=253.308	TX: V46	RX: 1	TX: EX	RX: -21109	
10:58:24.730 2023/07/03	WPROT=335.628	TX: V46	RX: 1	TX: EX	RX: -27969	
10:58:25.120 2023/07/03	WPROT=337.500	TX: V46	RX: 0	TX: EX	RX: -28125	
10:58:25.457 2023/07/03	WPROT	TX: V46	RX: 0	TX: EX	RX: -28125	
10:58:32.605 2023/07/03	WPROT GOTO WP8	
10:58:32.607 2023/07/03	WPROT ACTIVE BUSY 337.500 WP16 16, WPSEL ACTIVE READY 0.000 L/4 1, CALW ACTIVE READY 0.000 OFF 1, ASEL ACTIVE READY 28.776 ON 2, GMIR SIMULATED READY 0.000 TARGET 1, GFOC SIMULATED READY 0.000 TARGET 1
	
10:58:32.652 2023/07/03	<Immediate> 	TX: GS8	RX: OK	
10:58:33.213 2023/07/03	WPROT=402.468	TX: V46	RX: 1	TX: EX	RX: -33539	
10:58:33.570 2023/07/03	WPROT=502.500	TX: V46	RX: 1	TX: EX	RX: -41875	
10:58:33.923 2023/07/03	WPROT=157.500	TX: V46	RX: 1	TX: EX	RX: -13125	
10:58:34.287 2023/07/03	WPROT=157.500	TX: V46	RX: 0	TX: EX	RX: -13125	
10:58:34.657 2023/07/03	WPROT	TX: V46	RX: 0	TX: EX	RX: -13125	
10:58:42.125 2023/07/03	WPROT GOTO WP16	
10:58:42.128 2023/07/03	WPROT ACTIVE BUSY 157.500 WP8 8, WPSEL ACTIVE READY 0.000 L/4 1, CALW ACTIVE READY 0.000 OFF 1, ASEL ACTIVE READY 28.776 ON 2, GMIR SIMULATED READY 0.000 TARGET 1, GFOC SIMULATED READY 0.000 TARGET 1
	
10:58:42.172 2023/07/03	<Immediate> 	TX: GS16	RX: OK	
10:58:42.734 2023/07/03	WPROT=225.672	TX: V46	RX: 1	TX: EX	RX: -18806	
10:58:43.084 2023/07/03	WPROT=322.872	TX: V46	RX: 1	TX: EX	RX: -26906	
10:58:43.438 2023/07/03	WPROT=337.500	TX: V46	RX: 0	TX: EX	RX: -28125	
10:58:43.792 2023/07/03	WPROT	TX: V46	RX: 0	TX: EX	RX: -28125	
11:00:45.161 2023/07/03	WPROT GOTO WP1	
11:00:45.165 2023/07/03	WPROT ACTIVE BUSY 337.500 WP16 16, WPSEL ACTIVE READY 0.000 L/4 1, CALW ACTIVE READY 0.000 OFF 1, ASEL ACTIVE READY 28.776 ON 2, GMIR SIMULATED READY 0.000 TARGET 1, GFOC SIMULATED READY 0.000 TARGET 1
	
11:00:45.209 2023/07/03	<Immediate> 	TX: GS1	RX: OK	
11:00:45.808 2023/07/03	WPROT=0.000	TX: V46	RX: 1	TX: EX	RX: 0	
11:00:46.144 2023/07/03	WPROT=0.000	TX: V46	RX: 0	TX: EX	RX: 0	
11:00:46.503 2023/07/03	WPROT	TX: V46	RX: 0	TX: EX	RX: 0	
11:00:52.424 2023/07/03	WPROT GOTO WP2	
11:00:52.428 2023/07/03	WPROT ACTIVE BUSY 0.000 WP1 1, WPSEL ACTIVE READY 0.000 L/4 1, CALW ACTIVE READY 0.000 OFF 1, ASEL ACTIVE READY 28.776 ON 2, GMIR SIMULATED READY 0.000 TARGET 1, GFOC SIMULATED READY 0.000 TARGET 1
	
11:00:52.474 2023/07/03	<Immediate> 	TX: GS2	RX: OK	
11:00:52.812 2023/07/03	WPROT=10.044	TX: V46	RX: 1	TX: EX	RX: -837	
11:00:53.162 2023/07/03	WPROT=22.500	TX: V46	RX: 0	TX: EX	RX: -1875	
11:00:53.509 2023/07/03	WPROT	TX: V46	RX: 0	TX: EX	RX: -1875	
11:00:58.626 2023/07/03	WPROT GOTO WP3	
11:00:58.629 2023/07/03	WPROT ACTIVE BUSY 22.500 WP2 2, WPSEL ACTIVE READY 0.000 L/4 1, CALW ACTIVE READY 0.000 OFF 1, ASEL ACTIVE READY 28.776 ON 2, GMIR SIMULATED READY 0.000 TARGET 1, GFOC SIMULATED READY 0.000 TARGET 1
	
11:00:58.672 2023/07/03	<Immediate> 	TX: GS3	RX: OK	
11:00:59.121 2023/07/03	WPROT=43.992	TX: V46	RX: 1	TX: EX	RX: -3666	
11:00:59.480 2023/07/03	WPROT=45.012	TX: V46	RX: 0	TX: EX	RX: -3751	
11:00:59.864 2023/07/03	WPROT	TX: V46	RX: 0	TX: EX	RX: -3751	
11:01:05.422 2023/07/03	WPROT GOTO WP4	
11:01:05.425 2023/07/03	WPROT ACTIVE BUSY 45.012 WP3 3, WPSEL ACTIVE READY 0.000 L/4 1, CALW ACTIVE READY 0.000 OFF 1, ASEL ACTIVE READY 28.776 ON 2, GMIR SIMULATED READY 0.000 TARGET 1, GFOC SIMULATED READY 0.000 TARGET 1
	
11:01:05.479 2023/07/03	<Immediate> 	TX: GS4	RX: OK	
11:01:05.821 2023/07/03	WPROT=56.088	TX: V46	RX: 1	TX: EX	RX: -4674	
11:01:06.169 2023/07/03	WPROT=67.512	TX: V46	RX: 0	TX: EX	RX: -5626	
11:01:06.509 2023/07/03	WPROT	TX: V46	RX: 0	TX: EX	RX: -5626	
11:01:11.746 2023/07/03	WPROT GOTO WP5	
11:01:11.748 2023/07/03	WPROT ACTIVE BUSY 67.512 WP4 4, WPSEL ACTIVE READY 0.000 L/4 1, CALW ACTIVE READY 0.000 OFF 1, ASEL ACTIVE READY 28.776 ON 2, GMIR SIMULATED READY 0.000 TARGET 1, GFOC SIMULATED READY 0.000 TARGET 1
	
11:01:11.791 2023/07/03	<Immediate> 	TX: GS5	RX: OK	
11:01:12.239 2023/07/03	WPROT=88.944	TX: V46	RX: 1	TX: EX	RX: -7412	
11:01:12.604 2023/07/03	WPROT=90.012	TX: V46	RX: 0	TX: EX	RX: -7501	
11:01:12.963 2023/07/03	WPROT	TX: V46	RX: 0	TX: EX	RX: -7501	
11:01:18.517 2023/07/03	WPROT GOTO WP6	
11:01:18.520 2023/07/03	WPROT ACTIVE BUSY 90.012 WP5 5, WPSEL ACTIVE READY 0.000 L/4 1, CALW ACTIVE READY 0.000 OFF 1, ASEL ACTIVE READY 28.776 ON 2, GMIR SIMULATED READY 0.000 TARGET 1, GFOC SIMULATED READY 0.000 TARGET 1
	
11:01:18.563 2023/07/03	<Immediate> 	TX: GS6	RX: OK	
11:01:19.229 2023/07/03	WPROT=112.512	TX: V46	RX: 0	TX: EX	RX: -9376	
11:01:19.573 2023/07/03	WPROT	TX: V46	RX: 0	TX: EX	RX: -9376	
11:01:25.141 2023/07/03	WPROT GOTO WP7	
11:01:25.144 2023/07/03	WPROT ACTIVE BUSY 112.512 WP6 6, WPSEL ACTIVE READY 0.000 L/4 1, CALW ACTIVE READY 0.000 OFF 1, ASEL ACTIVE READY 28.776 ON 2, GMIR SIMULATED READY 0.000 TARGET 1, GFOC SIMULATED READY 0.000 TARGET 1
	
11:01:25.188 2023/07/03	<Immediate> 	TX: GS7	RX: OK	
11:01:25.535 2023/07/03	WPROT=124.176	TX: V46	RX: 1	TX: EX	RX: -10348	
11:01:25.873 2023/07/03	WPROT=135.012	TX: V46	RX: 0	TX: EX	RX: -11251	
11:01:26.222 2023/07/03	WPROT	TX: V46	RX: 0	TX: EX	RX: -11251	
11:01:31.422 2023/07/03	WPROT GOTO WP8	
11:01:31.425 2023/07/03	WPROT ACTIVE BUSY 135.012 WP7 7, WPSEL ACTIVE READY 0.000 L/4 1, CALW ACTIVE READY 0.000 OFF 1, ASEL ACTIVE READY 28.776 ON 2, GMIR SIMULATED READY 0.000 TARGET 1, GFOC SIMULATED READY 0.000 TARGET 1
	
11:01:31.469 2023/07/03	<Immediate> 	TX: GS8	RX: OK	
11:01:31.917 2023/07/03	WPROT=156.552	TX: V46	RX: 1	TX: EX	RX: -13046	
11:01:32.272 2023/07/03	WPROT=157.500	TX: V46	RX: 0	TX: EX	RX: -13125	
11:01:32.619 2023/07/03	WPROT	TX: V46	RX: 0	TX: EX	RX: -13125	
11:01:38.249 2023/07/03	WPROT GOTO WP9	
11:01:38.252 2023/07/03	WPROT ACTIVE BUSY 157.500 WP8 8, WPSEL ACTIVE READY 0.000 L/4 1, CALW ACTIVE READY 0.000 OFF 1, ASEL ACTIVE READY 28.776 ON 2, GMIR SIMULATED READY 0.000 TARGET 1, GFOC SIMULATED READY 0.000 TARGET 1
	
11:01:38.296 2023/07/03	<Immediate> 	TX: GS9	RX: OK	
11:01:38.639 2023/07/03	WPROT=168.648	TX: V46	RX: 1	TX: EX	RX: -14054	
11:01:38.999 2023/07/03	WPROT=180.000	TX: V46	RX: 0	TX: EX	RX: -15000	
11:01:39.360 2023/07/03	WPROT	TX: V46	RX: 0	TX: EX	RX: -15000	
11:01:44.607 2023/07/03	WPROT GOTO WP10	
11:01:44.610 2023/07/03	WPROT ACTIVE BUSY 180.000 WP9 9, WPSEL ACTIVE READY 0.000 L/4 1, CALW ACTIVE READY 0.000 OFF 1, ASEL ACTIVE READY 28.776 ON 2, GMIR SIMULATED READY 0.000 TARGET 1, GFOC SIMULATED READY 0.000 TARGET 1
	
11:01:44.653 2023/07/03	<Immediate> 	TX: GS10	RX: OK	
11:01:45.212 2023/07/03	WPROT=202.500	TX: V46	RX: 1	TX: EX	RX: -16875	
11:01:45.574 2023/07/03	WPROT=202.500	TX: V46	RX: 0	TX: EX	RX: -16875	
11:01:45.925 2023/07/03	WPROT	TX: V46	RX: 0	TX: EX	RX: -16875	
11:01:50.992 2023/07/03	WPROT GOTO WP11	
11:01:50.994 2023/07/03	WPROT ACTIVE BUSY 202.500 WP10 10, WPSEL ACTIVE READY 0.000 L/4 1, CALW ACTIVE READY 0.000 OFF 1, ASEL ACTIVE READY 28.776 ON 2, GMIR SIMULATED READY 0.000 TARGET 1, GFOC SIMULATED READY 0.000 TARGET 1
	
11:01:51.040 2023/07/03	<Immediate> 	TX: GS11	RX: OK	
11:01:51.490 2023/07/03	WPROT=224.112	TX: V46	RX: 1	TX: EX	RX: -18676	
11:01:51.843 2023/07/03	WPROT=225.012	TX: V46	RX: 0	TX: EX	RX: -18751	
11:01:52.190 2023/07/03	WPROT	TX: V46	RX: 0	TX: EX	RX: -18751	
11:01:57.357 2023/07/03	WPROT GOTO WP12	
11:01:57.361 2023/07/03	WPROT ACTIVE BUSY 225.012 WP11 11, WPSEL ACTIVE READY 0.000 L/4 1, CALW ACTIVE READY 0.000 OFF 1, ASEL ACTIVE READY 28.776 ON 2, GMIR SIMULATED READY 0.000 TARGET 1, GFOC SIMULATED READY 0.000 TARGET 1
	
11:01:57.404 2023/07/03	<Immediate> 	TX: GS12	RX: OK	
11:01:57.866 2023/07/03	WPROT=246.972	TX: V46	RX: 1	TX: EX	RX: -20581	
11:01:58.213 2023/07/03	WPROT=247.512	TX: V46	RX: 0	TX: EX	RX: -20626	
11:01:58.564 2023/07/03	WPROT	TX: V46	RX: 0	TX: EX	RX: -20626	
11:02:04.607 2023/07/03	WPROT GOTO WP13	
11:02:04.611 2023/07/03	WPROT ACTIVE BUSY 247.512 WP12 12, WPSEL ACTIVE READY 0.000 L/4 1, CALW ACTIVE READY 0.000 OFF 1, ASEL ACTIVE READY 28.776 ON 2, GMIR SIMULATED READY 0.000 TARGET 1, GFOC SIMULATED READY 0.000 TARGET 1
	
11:02:04.654 2023/07/03	<Immediate> 	TX: GS13	RX: OK	
11:02:05.214 2023/07/03	WPROT=270.012	TX: V46	RX: 1	TX: EX	RX: -22501	
11:02:05.563 2023/07/03	WPROT=270.012	TX: V46	RX: 0	TX: EX	RX: -22501	
11:02:05.913 2023/07/03	WPROT	TX: V46	RX: 0	TX: EX	RX: -22501	
11:02:11.053 2023/07/03	WPROT GOTO WP14	
11:02:11.057 2023/07/03	WPROT ACTIVE BUSY 270.012 WP13 13, WPSEL ACTIVE READY 0.000 L/4 1, CALW ACTIVE READY 0.000 OFF 1, ASEL ACTIVE READY 28.776 ON 2, GMIR SIMULATED READY 0.000 TARGET 1, GFOC SIMULATED READY 0.000 TARGET 1
	
11:02:11.102 2023/07/03	<Immediate> 	TX: GS14	RX: OK	
11:02:11.661 2023/07/03	WPROT=292.512	TX: V46	RX: 1	TX: EX	RX: -24376	
11:02:12.011 2023/07/03	WPROT=292.512	TX: V46	RX: 0	TX: EX	RX: -24376	
11:02:12.370 2023/07/03	WPROT	TX: V46	RX: 0	TX: EX	RX: -24376	
11:02:17.431 2023/07/03	WPROT GOTO WP15	
11:02:17.434 2023/07/03	WPROT ACTIVE BUSY 292.512 WP14 14, WPSEL ACTIVE READY 0.000 L/4 1, CALW ACTIVE READY 0.000 OFF 1, ASEL ACTIVE READY 28.776 ON 2, GMIR SIMULATED READY 0.000 TARGET 1, GFOC SIMULATED READY 0.000 TARGET 1
	
11:02:17.489 2023/07/03	<Immediate> 	TX: GS15	RX: OK	
11:02:17.832 2023/07/03	WPROT=303.768	TX: V46	RX: 1	TX: EX	RX: -25314	
11:02:18.184 2023/07/03	WPROT=315.012	TX: V46	RX: 0	TX: EX	RX: -26251	
11:02:18.538 2023/07/03	WPROT	TX: V46	RX: 0	TX: EX	RX: -26251	
11:02:34.164 2023/07/03	WPROT GOTO WP16	
11:02:34.167 2023/07/03	WPROT ACTIVE BUSY 315.012 WP15 15, WPSEL ACTIVE READY 0.000 L/4 1, CALW ACTIVE READY 0.000 OFF 1, ASEL ACTIVE READY 28.776 ON 2, GMIR SIMULATED READY 0.000 TARGET 1, GFOC SIMULATED READY 0.000 TARGET 1
	
11:02:34.213 2023/07/03	<Immediate> 	TX: GS16	RX: OK	
11:02:34.770 2023/07/03	WPROT=337.500	TX: V46	RX: 1	TX: EX	RX: -28125	
11:02:35.117 2023/07/03	WPROT=337.500	TX: V46	RX: 0	TX: EX	RX: -28125	
11:02:35.563 2023/07/03	WPROT	TX: V46	RX: 0	TX: EX	RX: -28125	
