12:01:16.588 AM 6/7/2023	CMD: WPROT ACTIVE READY 0.000 WP1 1, WPSEL ACTIVE READY 160.000 L/2 3, CALW ACTIVE READY -0.006 OFF 1, ASEL ACTIVE READY 28.782 ON 2, GMIR ACTIVE BUSY 30.000 TARGET 1, GFOC ACTIVE READY 7.500 TARGET 1

STATUS: GMIR GOTO 135.000000

12:01:17.364 AM 6/7/2023	<Active Goto> TX: V20=22500.000	RX: OK	TX: V21=16	RX: OK	TX: GS29	RX: OK	
12:01:20.569 AM 6/7/2023	<Active Finish> TX: V46	RX: 0	TX: EX	RX: 22500	
12:02:11.634 AM 6/7/2023	CMD: WPROT ACTIVE BUSY 0.000 WP1 1, WPSEL ACTIVE READY 160.000 L/2 3, CALW ACTIVE READY -0.006 OFF 1, ASEL ACTIVE READY 28.782 ON 2, GMIR ACTIVE READY 135.000 TARGET 1, GFOC ACTIVE READY 7.500 TARGET 1

STATUS: WPROT GOTO WP1

12:02:12.753 AM 6/7/2023	<Active Finish> TX: V46	RX: 0	TX: EX	RX: 0	
12:07:21.016 AM 6/7/2023	CMD: WPROT ACTIVE BUSY 0.000 WP1 1, WPSEL ACTIVE READY 160.000 L/2 3, CALW ACTIVE READY -0.006 OFF 1, ASEL ACTIVE READY 28.782 ON 2, GMIR ACTIVE READY 135.000 TARGET 1, GFOC ACTIVE READY 7.500 TARGET 1

STATUS: WPROT GOTO WP1

12:07:22.341 AM 6/7/2023	<Active Finish> TX: V46	RX: 0	TX: EX	RX: 0	
12:07:43.188 AM 6/7/2023	CMD: WPROT ACTIVE BUSY 0.000 WP1 1, WPSEL ACTIVE READY 160.000 L/2 3, CALW ACTIVE READY -0.006 OFF 1, ASEL ACTIVE READY 28.782 ON 2, GMIR ACTIVE READY 135.000 TARGET 1, GFOC ACTIVE READY 7.500 TARGET 1

STATUS: WPROT GOTO WP1

12:07:44.506 AM 6/7/2023	<Active Finish> TX: V46	RX: 0	TX: EX	RX: 0	
12:09:59.982 AM 6/7/2023	CMD: WPROT ACTIVE BUSY 0.000 WP1 1, WPSEL ACTIVE READY 160.000 L/2 3, CALW ACTIVE READY -0.006 OFF 1, ASEL ACTIVE READY 28.782 ON 2, GMIR ACTIVE READY 135.000 TARGET 1, GFOC ACTIVE READY 7.500 TARGET 1

STATUS: WPROT GOTO WP1

12:10:01.088 AM 6/7/2023	<Active Finish> TX: V46	RX: 0	TX: EX	RX: 0	
12:11:04.582 AM 6/7/2023	CMD: WPROT ACTIVE BUSY 0.000 WP1 1, WPSEL ACTIVE READY 160.000 L/2 3, CALW ACTIVE READY -0.006 OFF 1, ASEL ACTIVE READY 28.782 ON 2, GMIR ACTIVE READY 135.000 TARGET 1, GFOC ACTIVE READY 7.500 TARGET 1

STATUS: WPROT GOTO WP2

12:11:05.919 AM 6/7/2023	<Active Finish> TX: V46	RX: 0	TX: EX	RX: -1875	
12:12:08.869 AM 6/7/2023	CMD: WPROT ACTIVE BUSY 22.500 WP2 2, WPSEL ACTIVE READY 160.000 L/2 3, CALW ACTIVE READY -0.006 OFF 1, ASEL ACTIVE READY 28.782 ON 2, GMIR ACTIVE READY 135.000 TARGET 1, GFOC ACTIVE READY 7.500 TARGET 1

STATUS: WPROT GOTO WP3

12:12:10.293 AM 6/7/2023	<Active Finish> TX: V46	RX: 0	TX: EX	RX: -3750	
12:13:13.712 AM 6/7/2023	CMD: WPROT ACTIVE BUSY 45.000 WP3 3, WPSEL ACTIVE READY 160.000 L/2 3, CALW ACTIVE READY -0.006 OFF 1, ASEL ACTIVE READY 28.782 ON 2, GMIR ACTIVE READY 135.000 TARGET 1, GFOC ACTIVE READY 7.500 TARGET 1

STATUS: WPROT GOTO WP4

12:13:15.392 AM 6/7/2023	<Active Finish> TX: V46	RX: 0	TX: EX	RX: -5625	
12:14:18.817 AM 6/7/2023	CMD: WPROT ACTIVE BUSY 67.500 WP4 4, WPSEL ACTIVE READY 160.000 L/2 3, CALW ACTIVE READY -0.006 OFF 1, ASEL ACTIVE READY 28.782 ON 2, GMIR ACTIVE READY 135.000 TARGET 1, GFOC ACTIVE READY 7.500 TARGET 1

STATUS: WPROT GOTO WP5

12:14:20.492 AM 6/7/2023	<Active Finish> TX: V46	RX: 0	TX: EX	RX: -7500	
12:15:23.455 AM 6/7/2023	CMD: WPROT ACTIVE BUSY 90.000 WP5 5, WPSEL ACTIVE READY 160.000 L/2 3, CALW ACTIVE READY -0.006 OFF 1, ASEL ACTIVE READY 28.782 ON 2, GMIR ACTIVE READY 135.000 TARGET 1, GFOC ACTIVE READY 7.500 TARGET 1

STATUS: WPROT GOTO WP6

12:15:25.208 AM 6/7/2023	<Active Finish> TX: V46	RX: 0	TX: EX	RX: -9376	
12:16:27.803 AM 6/7/2023	CMD: WPROT ACTIVE BUSY 112.512 WP6 6, WPSEL ACTIVE READY 160.000 L/2 3, CALW ACTIVE READY -0.006 OFF 1, ASEL ACTIVE READY 28.782 ON 2, GMIR ACTIVE READY 135.000 TARGET 1, GFOC ACTIVE READY 7.500 TARGET 1

STATUS: WPROT GOTO WP7

12:16:29.467 AM 6/7/2023	<Active Finish> TX: V46	RX: 0	TX: EX	RX: -11251	
12:17:32.469 AM 6/7/2023	CMD: WPROT ACTIVE BUSY 135.012 WP7 7, WPSEL ACTIVE READY 160.000 L/2 3, CALW ACTIVE READY -0.006 OFF 1, ASEL ACTIVE READY 28.782 ON 2, GMIR ACTIVE READY 135.000 TARGET 1, GFOC ACTIVE READY 7.500 TARGET 1

STATUS: WPROT GOTO WP8

12:17:34.118 AM 6/7/2023	<Active Finish> TX: V46	RX: 0	TX: EX	RX: -13126	
12:19:30.928 AM 6/7/2023	CMD: WPROT ACTIVE BUSY 157.512 WP8 8, WPSEL ACTIVE READY 160.000 L/2 3, CALW ACTIVE READY -0.006 OFF 1, ASEL ACTIVE READY 28.782 ON 2, GMIR ACTIVE READY 135.000 TARGET 1, GFOC ACTIVE READY 7.500 TARGET 1

STATUS: WPROT GOTO WP1

12:19:33.174 AM 6/7/2023	<Active Finish> TX: V46	RX: 0	TX: EX	RX: 0	
12:23:47.420 AM 6/7/2023	CMD: WPROT ACTIVE BUSY 0.000 WP1 1, WPSEL ACTIVE READY 160.000 L/2 3, CALW ACTIVE READY -0.006 OFF 1, ASEL ACTIVE READY 28.782 ON 2, GMIR ACTIVE READY 135.000 TARGET 1, GFOC ACTIVE READY 7.500 TARGET 1

STATUS: WPROT GOTO WP2

12:23:49.137 AM 6/7/2023	<Active Finish> TX: V46	RX: 0	TX: EX	RX: -1875	
12:28:02.734 AM 6/7/2023	CMD: WPROT ACTIVE BUSY 22.500 WP2 2, WPSEL ACTIVE READY 160.000 L/2 3, CALW ACTIVE READY -0.006 OFF 1, ASEL ACTIVE READY 28.782 ON 2, GMIR ACTIVE READY 135.000 TARGET 1, GFOC ACTIVE READY 7.500 TARGET 1

STATUS: WPROT GOTO WP3

12:28:04.566 AM 6/7/2023	<Active Finish> TX: V46	RX: 0	TX: EX	RX: -3750	
12:32:17.933 AM 6/7/2023	CMD: WPROT ACTIVE BUSY 45.000 WP3 3, WPSEL ACTIVE READY 160.000 L/2 3, CALW ACTIVE READY -0.006 OFF 1, ASEL ACTIVE READY 28.782 ON 2, GMIR ACTIVE READY 135.000 TARGET 1, GFOC ACTIVE READY 7.500 TARGET 1

STATUS: WPROT GOTO WP4

12:32:19.719 AM 6/7/2023	<Active Finish> TX: V46	RX: 0	TX: EX	RX: -5625	
12:36:32.830 AM 6/7/2023	CMD: WPROT ACTIVE BUSY 67.500 WP4 4, WPSEL ACTIVE READY 160.000 L/2 3, CALW ACTIVE READY -0.006 OFF 1, ASEL ACTIVE READY 28.782 ON 2, GMIR ACTIVE READY 135.000 TARGET 1, GFOC ACTIVE READY 7.500 TARGET 1

STATUS: WPROT GOTO WP5

12:36:34.598 AM 6/7/2023	<Active Finish> TX: V46	RX: 0	TX: EX	RX: -7500	
12:40:47.788 AM 6/7/2023	CMD: WPROT ACTIVE BUSY 90.000 WP5 5, WPSEL ACTIVE READY 160.000 L/2 3, CALW ACTIVE READY -0.006 OFF 1, ASEL ACTIVE READY 28.782 ON 2, GMIR ACTIVE READY 135.000 TARGET 1, GFOC ACTIVE READY 7.500 TARGET 1

STATUS: WPROT GOTO WP6

12:40:49.479 AM 6/7/2023	<Active Finish> TX: V46	RX: 0	TX: EX	RX: -9375	
12:45:03.094 AM 6/7/2023	CMD: WPROT ACTIVE BUSY 112.500 WP6 6, WPSEL ACTIVE READY 160.000 L/2 3, CALW ACTIVE READY -0.006 OFF 1, ASEL ACTIVE READY 28.782 ON 2, GMIR ACTIVE READY 135.000 TARGET 1, GFOC ACTIVE READY 7.500 TARGET 1

STATUS: WPROT GOTO WP7

12:45:04.531 AM 6/7/2023	<Active Finish> TX: V46	RX: 0	TX: EX	RX: -11251	
12:49:18.795 AM 6/7/2023	CMD: WPROT ACTIVE BUSY 135.012 WP7 7, WPSEL ACTIVE READY 160.000 L/2 3, CALW ACTIVE READY -0.006 OFF 1, ASEL ACTIVE READY 28.782 ON 2, GMIR ACTIVE READY 135.000 TARGET 1, GFOC ACTIVE READY 7.500 TARGET 1

STATUS: WPROT GOTO WP8

12:49:20.173 AM 6/7/2023	<Active Finish> TX: V46	RX: 0	TX: EX	RX: -13126	
12:59:16.391 AM 6/7/2023	CMD: WPROT ACTIVE READY 157.512 WP8 8, WPSEL ACTIVE READY 160.000 L/2 3, CALW ACTIVE READY -0.006 OFF 1, ASEL ACTIVE READY 28.782 ON 2, GMIR ACTIVE BUSY 135.000 TARGET 1, GFOC ACTIVE READY 7.500 TARGET 1

STATUS: GMIR GOTO 112.000000

12:59:17.164 AM 6/7/2023	<Active Goto> TX: V20=18666.667	RX: OK	TX: V21=16	RX: OK	TX: GS29	RX: OK	
12:59:22.686 AM 6/7/2023	<Active Finish> TX: V46	RX: 0	TX: EX	RX: 18666	
12:59:57.547 AM 6/7/2023	CMD: WPROT ACTIVE BUSY 157.512 WP8 8, WPSEL ACTIVE READY 160.000 L/2 3, CALW ACTIVE READY -0.006 OFF 1, ASEL ACTIVE READY 28.782 ON 2, GMIR ACTIVE READY 111.996 TARGET 1, GFOC ACTIVE READY 7.500 TARGET 1

STATUS: WPROT GOTO WP1

12:59:59.757 AM 6/7/2023	<Active Finish> TX: V46	RX: 0	TX: EX	RX: 0	
1:02:18.983 AM 6/7/2023	CMD: WPROT ACTIVE BUSY 0.000 WP1 1, WPSEL ACTIVE READY 160.000 L/2 3, CALW ACTIVE READY -0.006 OFF 1, ASEL ACTIVE READY 28.782 ON 2, GMIR ACTIVE READY 111.996 TARGET 1, GFOC ACTIVE READY 7.500 TARGET 1

STATUS: WPROT GOTO WP1

1:02:20.231 AM 6/7/2023	<Active Finish> TX: V46	RX: 0	TX: EX	RX: 0	
1:04:55.093 AM 6/7/2023	CMD: WPROT ACTIVE BUSY 0.000 WP1 1, WPSEL ACTIVE READY 160.000 L/2 3, CALW ACTIVE READY -0.006 OFF 1, ASEL ACTIVE READY 28.782 ON 2, GMIR ACTIVE READY 111.996 TARGET 1, GFOC ACTIVE READY 7.500 TARGET 1

STATUS: WPROT GOTO WP2

1:04:56.949 AM 6/7/2023	<Active Finish> TX: V46	RX: 0	TX: EX	RX: -1875	
1:07:31.397 AM 6/7/2023	CMD: WPROT ACTIVE BUSY 22.500 WP2 2, WPSEL ACTIVE READY 160.000 L/2 3, CALW ACTIVE READY -0.006 OFF 1, ASEL ACTIVE READY 28.782 ON 2, GMIR ACTIVE READY 111.996 TARGET 1, GFOC ACTIVE READY 7.500 TARGET 1

STATUS: WPROT GOTO WP3

1:07:32.736 AM 6/7/2023	<Active Finish> TX: V46	RX: 0	TX: EX	RX: -3750	
1:10:05.566 AM 6/7/2023	CMD: WPROT ACTIVE BUSY 45.000 WP3 3, WPSEL ACTIVE READY 160.000 L/2 3, CALW ACTIVE READY -0.006 OFF 1, ASEL ACTIVE READY 28.782 ON 2, GMIR ACTIVE READY 111.996 TARGET 1, GFOC ACTIVE READY 7.500 TARGET 1

STATUS: WPROT GOTO WP4

1:10:06.891 AM 6/7/2023	<Active Finish> TX: V46	RX: 0	TX: EX	RX: -5625	
1:12:39.185 AM 6/7/2023	CMD: WPROT ACTIVE BUSY 67.500 WP4 4, WPSEL ACTIVE READY 160.000 L/2 3, CALW ACTIVE READY -0.006 OFF 1, ASEL ACTIVE READY 28.782 ON 2, GMIR ACTIVE READY 111.996 TARGET 1, GFOC ACTIVE READY 7.500 TARGET 1

STATUS: WPROT GOTO WP5

1:12:40.990 AM 6/7/2023	<Active Finish> TX: V46	RX: 0	TX: EX	RX: -7500	
1:15:13.117 AM 6/7/2023	CMD: WPROT ACTIVE BUSY 90.000 WP5 5, WPSEL ACTIVE READY 160.000 L/2 3, CALW ACTIVE READY -0.006 OFF 1, ASEL ACTIVE READY 28.782 ON 2, GMIR ACTIVE READY 111.996 TARGET 1, GFOC ACTIVE READY 7.500 TARGET 1

STATUS: WPROT GOTO WP6

1:15:14.434 AM 6/7/2023	<Active Finish> TX: V46	RX: 0	TX: EX	RX: -9376	
1:17:47.813 AM 6/7/2023	CMD: WPROT ACTIVE BUSY 112.512 WP6 6, WPSEL ACTIVE READY 160.000 L/2 3, CALW ACTIVE READY -0.006 OFF 1, ASEL ACTIVE READY 28.782 ON 2, GMIR ACTIVE READY 111.996 TARGET 1, GFOC ACTIVE READY 7.500 TARGET 1

STATUS: WPROT GOTO WP7

1:17:49.599 AM 6/7/2023	<Active Finish> TX: V46	RX: 0	TX: EX	RX: -11251	
1:20:22.197 AM 6/7/2023	CMD: WPROT ACTIVE BUSY 135.012 WP7 7, WPSEL ACTIVE READY 160.000 L/2 3, CALW ACTIVE READY -0.006 OFF 1, ASEL ACTIVE READY 28.782 ON 2, GMIR ACTIVE READY 111.996 TARGET 1, GFOC ACTIVE READY 7.500 TARGET 1

STATUS: WPROT GOTO WP8

1:20:23.616 AM 6/7/2023	<Active Finish> TX: V46	RX: 0	TX: EX	RX: -13126	
1:27:49.723 AM 6/7/2023	CMD: WPROT ACTIVE BUSY 157.512 WP8 8, WPSEL ACTIVE READY 160.000 L/2 3, CALW ACTIVE READY -0.006 OFF 1, ASEL ACTIVE READY 28.782 ON 2, GMIR ACTIVE READY 111.996 TARGET 1, GFOC ACTIVE READY 7.500 TARGET 1

STATUS: WPROT GOTO WP1

1:27:52.076 AM 6/7/2023	<Active Finish> TX: V46	RX: 0	TX: EX	RX: 0	
1:37:44.114 AM 6/7/2023	CMD: WPROT ACTIVE BUSY 0.000 WP1 1, WPSEL ACTIVE READY 160.000 L/2 3, CALW ACTIVE READY -0.006 OFF 1, ASEL ACTIVE READY 28.782 ON 2, GMIR ACTIVE READY 111.996 TARGET 1, GFOC ACTIVE READY 7.500 TARGET 1

STATUS: WPROT GOTO WP1

1:37:45.417 AM 6/7/2023	<Active Finish> TX: V46	RX: 0	TX: EX	RX: 0	
1:39:09.936 AM 6/7/2023	CMD: WPROT ACTIVE READY 0.000 WP1 1, WPSEL ACTIVE BUSY 160.000 L/2 3, CALW ACTIVE BUSY -0.006 OFF 1, ASEL ACTIVE BUSY 28.782 ON 2, GMIR ACTIVE READY 111.996 TARGET 1, GFOC ACTIVE READY 7.500 TARGET 1

STATUS: WPSEL GOTO OFF, CALW GOTO OFF, ASEL GOTO OFF

1:39:10.789 AM 6/7/2023	<Active Goto> TX: V20=400000.000	RX: OK	TX: V21=2	RX: OK	TX: GS29	RX: OK	
1:39:11.121 AM 6/7/2023	<Active Goto> TX: V20=0.000	RX: OK	TX: V21=1	RX: OK	TX: GS29	RX: OK	
1:39:18.623 AM 6/7/2023	<Active Finish> TX: V46	RX: 0	TX: EX	RX: 0	
1:39:20.457 AM 6/7/2023	<Active Goto> TX: V20=0.000	RX: OK	TX: V21=1	RX: OK	TX: GS29	RX: OK	
1:39:22.927 AM 6/7/2023	<Active Finish> TX: V46	RX: 0	TX: EX	RX: 1	
1:39:30.636 AM 6/7/2023	<Active Finish> TX: V46	RX: 0	TX: EX	RX: 400000	
6:39:59.671 PM 6/7/2023	CMD: WPROT ACTIVE NONE 0.000 NONE -1, WPSEL ACTIVE BUSY 0.000 NONE -1, CALW ACTIVE BUSY 0.000 NONE -1, ASEL ACTIVE NONE 0.000 NONE -1, GMIR ACTIVE BUSY 0.000 NONE -1, GFOC ACTIVE NONE 0.000 NONE -1

STATUS: WPSEL INIT NONE, GMIR INIT NONE, CALW INIT NONE

6:40:00.344 PM 6/7/2023	<Active Init> TX: V20=-5000	RX: OK	TX: V21=0	RX: OK	TX: GS30	RX: OK	
6:40:00.681 PM 6/7/2023	<Active Init> TX: V20=0	RX: OK	TX: V21=0	RX: OK	TX: GS30	RX: OK	
6:40:02.017 PM 6/7/2023	<Active Init> TX: V20=0	RX: 	
6:40:10.438 PM 6/7/2023	<Active Finish> TX: V46	RX: 0	TX: EX	RX: 0	
6:40:23.744 PM 6/7/2023	<Active Finish> TX: V46	RX: 0	TX: EX	RX: 0	
6:40:25.842 PM 6/7/2023	<Active Init> TX: V81=0	RX: OK	TX: V82=1875	RX: OK	TX: V83=3750	RX: OK	TX: V84=5625	RX: OK	TX: V85=7500	RX: OK	TX: V86=9375	RX: OK	TX: V87=11250	RX: OK	TX: V88=13125	RX: OK	TX: V89=15000	RX: OK	TX: V90=16875	RX: OK	TX: V91=18750	RX: OK	TX: V92=20625	RX: OK	TX: V93=22500	RX: OK	TX: V94=24375	RX: OK	TX: V95=26250	RX: OK	TX: V96=28125	RX: OK	TX: V20=900	RX: OK	TX: V21=0	RX: OK	TX: GS30	RX: OK	
6:40:33.614 PM 6/7/2023	<Active Finish> TX: V46	RX: 0	TX: EX	RX: 0	
6:40:35.717 PM 6/7/2023	CMD: WPROT ACTIVE READY 0.000 WP1 1, WPSEL ACTIVE READY 0.000 L/4 1, CALW ACTIVE READY 0.000 OFF 1, ASEL ACTIVE BUSY 0.000 NONE -1, GMIR  TIMEOUT   , GFOC ACTIVE BUSY 0.000 NONE -1

STATUS: GFOC INIT NONE, ASEL INIT NONE

6:40:36.381 PM 6/7/2023	<Active Init> TX: V20=-200	RX: OK	TX: V21=0	RX: OK	TX: GS30	RX: OK	
6:40:37.235 PM 6/7/2023	<Active Init> TX: V20=0	RX: OK	TX: V21=32	RX: OK	TX: GS30	RX: OK	
6:40:47.888 PM 6/7/2023	<Active Finish> TX: V46	RX: 0	TX: EX	RX: 0	
6:41:07.247 PM 6/7/2023	<Active Finish> TX: V46	RX: 0	TX: V32	RX: 0	
6:41:09.482 PM 6/7/2023	CMD: WPROT ACTIVE READY 0.000 WP1 1, WPSEL ACTIVE BUSY 0.000 L/4 1, CALW ACTIVE BUSY 0.000 OFF 1, ASEL ACTIVE BUSY 0.000 OFF 1, GMIR  TIMEOUT   , GFOC ACTIVE READY 0.000 TARGET 1

STATUS: WPSEL GOTO OFF, CALW GOTO OFF, ASEL GOTO OFF

6:41:10.143 PM 6/7/2023	<Active Goto> TX: V20=0.000	RX: OK	TX: V21=1	RX: OK	TX: GS29	RX: OK	
6:41:10.586 PM 6/7/2023	<Active Goto> TX: V20=400000.000	RX: OK	TX: V21=2	RX: OK	TX: GS29	RX: OK	
6:41:12.350 PM 6/7/2023	<Active Finish> TX: V46	RX: 0	TX: EX	RX: 0	
6:41:14.202 PM 6/7/2023	<Active Goto> TX: V20=0.000	RX: OK	TX: V21=1	RX: OK	TX: GS29	RX: OK	
6:41:16.652 PM 6/7/2023	<Active Finish> TX: V46	RX: 0	TX: EX	RX: 0	
6:41:30.655 PM 6/7/2023	<Active Finish> TX: V46	RX: 0	TX: EX	RX: 399999	
7:33:11.907 PM 6/7/2023	CMD: WPROT ACTIVE NONE 0.000 NONE -1, WPSEL ACTIVE READY 80.000 OFF 2, CALW ACTIVE READY 0.000 OFF 1, ASEL ACTIVE READY 0.000 OFF 1, GMIR  TIMEOUT   , GFOC ACTIVE BUSY 0.000 TARGET 1

STATUS: GFOC GOTO 17.500000

7:33:12.892 PM 6/7/2023	<Active Goto> TX: V20=1435.000	RX: OK	TX: V21=32	RX: OK	TX: GS29	RX: OK	
7:33:42.004 PM 6/7/2023	<Active Update> TX: V46	RX: 1	TX: V32	RX: 	
7:34:03.816 PM 6/7/2023	<Active Finish> TX: V46	RX: 0	TX: V32	RX: 1435	
7:36:48.337 PM 6/7/2023	CMD: WPROT ACTIVE NONE 0.000 NONE -1, WPSEL ACTIVE READY 80.000 OFF 2, CALW ACTIVE READY 0.000 OFF 1, ASEL ACTIVE READY 0.000 OFF 1, GMIR  TIMEOUT   , GFOC ACTIVE BUSY 17.500 TARGET 1

STATUS: GFOC GOTO 15.000000

7:36:49.204 PM 6/7/2023	<Active Goto> TX: V20=1230.000	RX: OK	TX: V21=32	RX: OK	TX: GS29	RX: OK	
7:36:57.894 PM 6/7/2023	<Active Finish> TX: V46	RX: 0	TX: V32	RX: 1230	
7:37:08.827 PM 6/7/2023	CMD: WPROT ACTIVE NONE 0.000 NONE -1, WPSEL ACTIVE READY 80.000 OFF 2, CALW ACTIVE READY 0.000 OFF 1, ASEL ACTIVE READY 0.000 OFF 1, GMIR  TIMEOUT   , GFOC ACTIVE BUSY 15.000 TARGET 1

STATUS: GFOC GOTO 17.500000

7:37:09.710 PM 6/7/2023	<Active Goto> TX: V20=1435.000	RX: OK	TX: V21=32	RX: OK	TX: GS29	RX: OK	
7:37:19.069 PM 6/7/2023	<Active Finish> TX: V46	RX: 0	TX: V32	RX: 1435	
7:48:36.026 PM 6/7/2023	CMD: WPROT ACTIVE NONE 0.000 NONE -1, WPSEL ACTIVE BUSY 0.000 NONE -1, CALW ACTIVE BUSY 0.000 NONE -1, ASEL ACTIVE NONE 0.000 NONE -1, GMIR ACTIVE BUSY 0.000 NONE -1, GFOC ACTIVE NONE 0.000 NONE -1

STATUS: WPSEL INIT NONE, GMIR INIT NONE, CALW INIT NONE

7:48:36.716 PM 6/7/2023	<Active Init> TX: V20=-5000	RX: OK	TX: V21=0	RX: OK	TX: GS30	RX: OK	
7:48:37.063 PM 6/7/2023	<Active Init> TX: V20=0	RX: OK	TX: V21=0	RX: OK	TX: GS30	RX: OK	
7:48:37.398 PM 6/7/2023	<Active Init> TX: V20=0	RX: OK	TX: V21=16	RX: OK	TX: GS30	RX: OK	
7:48:46.813 PM 6/7/2023	<Active Finish> TX: V46	RX: 0	TX: EX	RX: 0	
7:48:52.370 PM 6/7/2023	<Active Finish> TX: V46	RX: 0	TX: EX	RX: 0	
7:49:00.132 PM 6/7/2023	<Active Finish> TX: V46	RX: 0	TX: EX	RX: 0	
7:49:02.216 PM 6/7/2023	<Active Init> TX: V81=0	RX: OK	TX: V82=1875	RX: OK	TX: V83=3750	RX: OK	TX: V84=5625	RX: OK	TX: V85=7500	RX: OK	TX: V86=9375	RX: OK	TX: V87=11250	RX: OK	TX: V88=13125	RX: OK	TX: V89=15000	RX: OK	TX: V90=16875	RX: OK	TX: V91=18750	RX: OK	TX: V92=20625	RX: OK	TX: V93=22500	RX: OK	TX: V94=24375	RX: OK	TX: V95=26250	RX: OK	TX: V96=28125	RX: OK	TX: V20=900	RX: OK	TX: V21=0	RX: OK	TX: GS30	RX: OK	
7:49:11.014 PM 6/7/2023	<Active Finish> TX: V46	RX: 0	TX: EX	RX: 0	
7:49:11.542 PM 6/7/2023	CMD: WPROT ACTIVE READY 0.000 WP1 1, WPSEL ACTIVE READY 0.000 L/4 1, CALW ACTIVE READY 0.000 OFF 1, ASEL ACTIVE BUSY 0.000 NONE -1, GMIR ACTIVE READY 0.000 TARGET 1, GFOC ACTIVE BUSY 0.000 NONE -1

STATUS: GFOC INIT NONE, ASEL INIT NONE

7:49:12.254 PM 6/7/2023	<Active Init> TX: V20=0	RX: OK	TX: V21=32	RX: OK	TX: GS30	RX: OK	
7:49:12.699 PM 6/7/2023	<Active Init> TX: V20=-200	RX: OK	TX: V21=0	RX: OK	TX: GS30	RX: OK	
7:49:24.264 PM 6/7/2023	<Active Finish> TX: V46	RX: 0	TX: EX	RX: 0	
7:50:19.029 PM 6/7/2023	<Active Finish> TX: V46	RX: 0	TX: V32	RX: 0	
7:50:19.211 PM 6/7/2023	CMD: WPROT ACTIVE READY 0.000 WP1 1, WPSEL ACTIVE BUSY 0.000 L/4 1, CALW ACTIVE BUSY 0.000 OFF 1, ASEL ACTIVE BUSY 0.000 OFF 1, GMIR ACTIVE READY 0.000 TARGET 1, GFOC ACTIVE READY 0.000 TARGET 1

STATUS: WPSEL GOTO OFF, CALW GOTO OFF, ASEL GOTO OFF

7:50:19.892 PM 6/7/2023	<Active Goto> TX: V20=0.000	RX: OK	TX: V21=1	RX: OK	TX: GS29	RX: OK	
7:50:20.372 PM 6/7/2023	<Active Goto> TX: V20=400000.000	RX: OK	TX: V21=2	RX: OK	TX: GS29	RX: OK	
7:50:22.138 PM 6/7/2023	<Active Finish> TX: V46	RX: 0	TX: EX	RX: 0	
7:50:23.941 PM 6/7/2023	<Active Goto> TX: V20=0.000	RX: OK	TX: V21=1	RX: OK	TX: GS29	RX: OK	
7:50:26.386 PM 6/7/2023	<Active Finish> TX: V46	RX: 0	TX: EX	RX: 0	
7:50:40.357 PM 6/7/2023	<Active Finish> TX: V46	RX: 0	TX: EX	RX: 399999	
7:51:01.867 PM 6/7/2023	CMD: WPROT ACTIVE NONE 0.000 NONE -1, WPSEL ACTIVE READY 80.000 OFF 2, CALW ACTIVE READY 0.000 OFF 1, ASEL ACTIVE READY 0.000 OFF 1, GMIR ACTIVE BUSY 0.000 TARGET 1, GFOC ACTIVE READY 0.000 TARGET 1

STATUS: GMIR GOTO 20.000000

7:51:02.640 PM 6/7/2023	<Active Goto> TX: V20=3333.333	RX: OK	TX: V21=16	RX: OK	TX: GS29	RX: OK	
7:51:04.975 PM 6/7/2023	<Active Finish> TX: V46	RX: 0	TX: EX	RX: 3334	
7:51:24.193 PM 6/7/2023	CMD: WPROT ACTIVE NONE 0.000 NONE -1, WPSEL ACTIVE READY 80.000 OFF 2, CALW ACTIVE READY 0.000 OFF 1, ASEL ACTIVE READY 0.000 OFF 1, GMIR ACTIVE BUSY 20.004 TARGET 1, GFOC ACTIVE READY 0.000 TARGET 1

STATUS: GMIR GOTO 30.000000

7:51:24.971 PM 6/7/2023	<Active Goto> TX: V20=5000.000	RX: OK	TX: V21=16	RX: OK	TX: GS29	RX: OK	
7:51:27.298 PM 6/7/2023	<Active Finish> TX: V46	RX: 0	TX: EX	RX: 5000	
7:51:28.447 PM 6/7/2023	CMD: WPROT ACTIVE NONE 0.000 NONE -1, WPSEL ACTIVE READY 80.000 OFF 2, CALW ACTIVE READY 0.000 OFF 1, ASEL ACTIVE READY 0.000 OFF 1, GMIR ACTIVE BUSY 30.000 TARGET 1, GFOC ACTIVE READY 0.000 TARGET 1

STATUS: GMIR GOTO 30.000000

7:51:29.230 PM 6/7/2023	<Active Goto> TX: V20=5000.000	RX: OK	TX: V21=16	RX: OK	TX: GS29	RX: OK	
7:51:30.855 PM 6/7/2023	<Active Finish> TX: V46	RX: 0	TX: EX	RX: 5000	
7:51:47.380 PM 6/7/2023	CMD: WPROT ACTIVE NONE 0.000 NONE -1, WPSEL ACTIVE READY 80.000 OFF 2, CALW ACTIVE READY 0.000 OFF 1, ASEL ACTIVE READY 0.000 OFF 1, GMIR ACTIVE READY 30.000 TARGET 1, GFOC ACTIVE BUSY 0.000 TARGET 1

STATUS: GFOC GOTO 17.500000

7:51:48.313 PM 6/7/2023	<Active Goto> TX: V20=1435.000	RX: OK	TX: V21=32	RX: OK	TX: GS29	RX: OK	
7:52:39.404 PM 6/7/2023	<Active Finish> TX: V46	RX: 0	TX: V32	RX: 1435	
7:53:16.787 PM 6/7/2023	CMD: WPROT ACTIVE NONE 0.000 NONE -1, WPSEL ACTIVE READY 80.000 OFF 2, CALW ACTIVE READY 0.000 OFF 1, ASEL ACTIVE READY 0.000 OFF 1, GMIR ACTIVE BUSY 30.000 TARGET 1, GFOC ACTIVE READY 17.500 TARGET 1

STATUS: GMIR GOTO 20.000000

7:53:17.537 PM 6/7/2023	<Active Goto> TX: V20=3333.333	RX: OK	TX: V21=16	RX: OK	TX: GS29	RX: OK	
7:53:23.091 PM 6/7/2023	<Active Finish> TX: V46	RX: 0	TX: EX	RX: 3334	
8:25:09.824 PM 6/7/2023	CMD: WPROT ACTIVE NONE 0.000 NONE -1, WPSEL ACTIVE READY 80.000 OFF 2, CALW ACTIVE READY 0.000 OFF 1, ASEL ACTIVE READY 0.000 OFF 1, GMIR ACTIVE BUSY 20.004 TARGET 1, GFOC ACTIVE READY 17.500 TARGET 1

STATUS: GMIR GOTO 180.000000

8:25:10.715 PM 6/7/2023	<Active Goto> TX: V20=30000.000	RX: OK	TX: V21=16	RX: OK	TX: GS29	RX: OK	
8:25:14.736 PM 6/7/2023	<Active Finish> TX: V46	RX: 0	TX: EX	RX: 30000	
9:36:34.841 PM 6/7/2023	CMD: WPROT ACTIVE NONE 0.000 NONE -1, WPSEL ACTIVE BUSY 80.000 OFF 2, CALW ACTIVE BUSY 0.000 OFF 1, ASEL ACTIVE BUSY 0.000 OFF 1, GMIR ACTIVE READY 180.000 TARGET 1, GFOC ACTIVE READY 17.500 TARGET 1

STATUS: WPSEL GOTO L/2, CALW GOTO OFF, ASEL GOTO ON

9:36:35.654 PM 6/7/2023	<Active Goto> TX: V20=800000.000	RX: OK	TX: V21=3	RX: OK	TX: GS29	RX: OK	
9:36:35.992 PM 6/7/2023	<Active Goto> TX: V20=4800.000	RX: OK	TX: V21=2	RX: OK	TX: GS29	RX: OK	
9:36:43.306 PM 6/7/2023	<Active Finish> TX: V46	RX: 0	TX: EX	RX: -4797	
9:36:45.094 PM 6/7/2023	<Active Goto> TX: V20=0.000	RX: OK	TX: V21=1	RX: OK	TX: GS29	RX: OK	
9:36:47.557 PM 6/7/2023	<Active Finish> TX: V46	RX: 0	TX: EX	RX: 0	
9:36:55.381 PM 6/7/2023	<Active Finish> TX: V46	RX: 0	TX: EX	RX: 799999	
9:36:57.427 PM 6/7/2023	<Active Init> TX: V81=0	RX: OK	TX: V82=1875	RX: OK	TX: V83=3750	RX: OK	TX: V84=5625	RX: OK	TX: V85=7500	RX: OK	TX: V86=9375	RX: OK	TX: V87=11250	RX: OK	TX: V88=13125	RX: OK	TX: V89=15000	RX: OK	TX: V90=16875	RX: OK	TX: V91=18750	RX: OK	TX: V92=20625	RX: OK	TX: V93=22500	RX: OK	TX: V94=24375	RX: OK	TX: V95=26250	RX: OK	TX: V96=28125	RX: OK	TX: V20=900	RX: OK	TX: V21=0	RX: OK	TX: GS30	RX: OK	
9:37:04.657 PM 6/7/2023	<Active Finish> TX: V46	RX: 0	TX: EX	RX: 0	
9:37:50.079 PM 6/7/2023	CMD: WPROT ACTIVE READY 0.000 WP1 1, WPSEL ACTIVE READY 160.000 L/2 3, CALW ACTIVE READY 0.000 OFF 1, ASEL ACTIVE READY 28.782 ON 2, GMIR ACTIVE BUSY 180.000 TARGET 1, GFOC ACTIVE READY 17.500 TARGET 1

STATUS: GMIR GOTO 32.000000

9:37:50.742 PM 6/7/2023	<Active Goto> TX: V20=5333.333	RX: OK	TX: V21=16	RX: OK	TX: GS29	RX: OK	
9:37:55.376 PM 6/7/2023	<Active Finish> TX: V46	RX: 0	TX: EX	RX: 5334	
9:38:03.397 PM 6/7/2023	CMD: WPROT ACTIVE READY 0.000 WP1 1, WPSEL ACTIVE READY 160.000 L/2 3, CALW ACTIVE READY 0.000 OFF 1, ASEL ACTIVE READY 28.782 ON 2, GMIR ACTIVE READY 32.004 TARGET 1, GFOC ACTIVE BUSY 17.500 TARGET 1

STATUS: GFOC GOTO 7.500000

9:38:04.177 PM 6/7/2023	<Active Goto> TX: V20=615.000	RX: OK	TX: V21=32	RX: OK	TX: GS29	RX: OK	
9:38:33.911 PM 6/7/2023	<Active Finish> TX: V46	RX: 0	TX: V32	RX: 615	
9:38:56.990 PM 6/7/2023	CMD: WPROT ACTIVE BUSY 0.000 WP1 1, WPSEL ACTIVE READY 160.000 L/2 3, CALW ACTIVE READY 0.000 OFF 1, ASEL ACTIVE READY 28.782 ON 2, GMIR ACTIVE READY 32.004 TARGET 1, GFOC ACTIVE READY 7.500 TARGET 1

STATUS: WPROT GOTO WP1

9:38:58.119 PM 6/7/2023	<Active Finish> TX: V46	RX: 0	TX: EX	RX: 0	
9:41:46.498 PM 6/7/2023	CMD: WPROT ACTIVE BUSY 0.000 WP1 1, WPSEL ACTIVE READY 160.000 L/2 3, CALW ACTIVE READY 0.000 OFF 1, ASEL ACTIVE READY 28.782 ON 2, GMIR ACTIVE READY 32.004 TARGET 1, GFOC ACTIVE READY 7.500 TARGET 1

STATUS: WPROT GOTO WP1

9:41:47.714 PM 6/7/2023	<Active Finish> TX: V46	RX: 0	TX: EX	RX: 0	
9:42:30.491 PM 6/7/2023	CMD: WPROT ACTIVE READY 0.000 WP1 1, WPSEL ACTIVE BUSY 160.000 L/2 3, CALW ACTIVE BUSY 0.000 OFF 1, ASEL ACTIVE BUSY 28.782 ON 2, GMIR ACTIVE READY 32.004 TARGET 1, GFOC ACTIVE READY 7.500 TARGET 1

STATUS: WPSEL GOTO L/2, CALW GOTO OFF, ASEL GOTO ON

9:42:31.157 PM 6/7/2023	<Active Goto> TX: V20=4800.000	RX: OK	TX: V21=2	RX: OK	TX: GS29	RX: OK	
9:42:31.662 PM 6/7/2023	<Active Goto> TX: V20=800000.000	RX: OK	TX: V21=3	RX: OK	TX: GS29	RX: OK	
9:42:33.456 PM 6/7/2023	<Active Finish> TX: V46	RX: 0	TX: EX	RX: -4797	
9:42:34.142 PM 6/7/2023	<Active Finish> TX: V46	RX: 0	TX: EX	RX: 799999	
9:42:34.897 PM 6/7/2023	<Active Goto> TX: V20=0.000	RX: OK	TX: V21=1	RX: OK	TX: GS29	RX: OK	
9:42:36.514 PM 6/7/2023	<Active Init> TX: V81=0	RX: OK	TX: V82=1875	RX: OK	TX: V83=3750	RX: OK	TX: V84=5625	RX: OK	TX: V85=7500	RX: OK	TX: V86=9375	RX: OK	TX: V87=11250	RX: OK	TX: V88=13125	RX: OK	TX: V89=15000	RX: OK	TX: V90=16875	RX: OK	TX: V91=18750	RX: OK	TX: V92=20625	RX: OK	TX: V93=22500	RX: OK	TX: V94=24375	RX: OK	TX: V95=26250	RX: OK	TX: V96=28125	RX: OK	TX: V20=900	RX: OK	TX: V21=0	RX: OK	TX: GS30	RX: OK	
9:42:38.338 PM 6/7/2023	<Active Finish> TX: V46	RX: 0	TX: EX	RX: 0	
9:42:45.256 PM 6/7/2023	<Active Finish> TX: V46	RX: 0	TX: EX	RX: 0	
9:43:46.596 PM 6/7/2023	CMD: WPROT ACTIVE BUSY 0.000 WP1 1, WPSEL ACTIVE READY 160.000 L/2 3, CALW ACTIVE READY 0.000 OFF 1, ASEL ACTIVE READY 28.782 ON 2, GMIR ACTIVE READY 32.004 TARGET 1, GFOC ACTIVE READY 7.500 TARGET 1

STATUS: WPROT GOTO WP1

9:43:47.823 PM 6/7/2023	<Active Finish> TX: V46	RX: 0	TX: EX	RX: 0	
9:44:24.914 PM 6/7/2023	CMD: WPROT ACTIVE BUSY 0.000 WP1 1, WPSEL ACTIVE READY 160.000 L/2 3, CALW ACTIVE READY 0.000 OFF 1, ASEL ACTIVE READY 28.782 ON 2, GMIR ACTIVE READY 32.004 TARGET 1, GFOC ACTIVE READY 7.500 TARGET 1

STATUS: WPROT GOTO WP1

9:44:26.258 PM 6/7/2023	<Active Finish> TX: V46	RX: 0	TX: EX	RX: 0	
9:45:05.052 PM 6/7/2023	CMD: WPROT ACTIVE READY 0.000 WP1 1, WPSEL ACTIVE BUSY 160.000 L/2 3, CALW ACTIVE BUSY 0.000 OFF 1, ASEL ACTIVE BUSY 28.782 ON 2, GMIR ACTIVE READY 32.004 TARGET 1, GFOC ACTIVE READY 7.500 TARGET 1

STATUS: WPSEL GOTO L/4, CALW GOTO OFF, ASEL GOTO ON

9:45:05.715 PM 6/7/2023	<Active Goto> TX: V20=4800.000	RX: OK	TX: V21=2	RX: OK	TX: GS29	RX: OK	
9:45:06.158 PM 6/7/2023	<Active Goto> TX: V20=0.000	RX: OK	TX: V21=1	RX: OK	TX: GS29	RX: OK	
9:45:07.918 PM 6/7/2023	<Active Finish> TX: V46	RX: 0	TX: EX	RX: -4797	
9:45:09.692 PM 6/7/2023	<Active Goto> TX: V20=0.000	RX: OK	TX: V21=1	RX: OK	TX: GS29	RX: OK	
9:45:12.144 PM 6/7/2023	<Active Finish> TX: V46	RX: 0	TX: EX	RX: 0	
9:45:44.329 PM 6/7/2023	<Active Finish> TX: V46	RX: 0	TX: EX	RX: 0	
9:45:46.399 PM 6/7/2023	<Active Init> TX: V81=0	RX: OK	TX: V82=1875	RX: OK	TX: V83=3750	RX: OK	TX: V84=5625	RX: OK	TX: V85=7500	RX: OK	TX: V86=9375	RX: OK	TX: V87=11250	RX: OK	TX: V88=13125	RX: OK	TX: V89=15000	RX: OK	TX: V90=16875	RX: OK	TX: V91=18750	RX: OK	TX: V92=20625	RX: OK	TX: V93=22500	RX: OK	TX: V94=24375	RX: OK	TX: V95=26250	RX: OK	TX: V96=28125	RX: OK	TX: V20=900	RX: OK	TX: V21=0	RX: OK	TX: GS30	RX: OK	
9:45:54.197 PM 6/7/2023	<Active Finish> TX: V46	RX: 0	TX: EX	RX: 0	
9:47:07.551 PM 6/7/2023	CMD: WPROT ACTIVE BUSY 0.000 WP1 1, WPSEL ACTIVE READY 0.000 L/4 1, CALW ACTIVE READY 0.000 OFF 1, ASEL ACTIVE READY 28.782 ON 2, GMIR ACTIVE READY 32.004 TARGET 1, GFOC ACTIVE READY 7.500 TARGET 1

STATUS: WPROT GOTO WP1

9:47:08.688 PM 6/7/2023	<Active Finish> TX: V46	RX: 0	TX: EX	RX: 0	
9:48:57.756 PM 6/7/2023	CMD: WPROT ACTIVE READY 0.000 WP1 1, WPSEL ACTIVE BUSY 0.000 L/4 1, CALW ACTIVE BUSY 0.000 OFF 1, ASEL ACTIVE READY 28.782 ON 2, GMIR ACTIVE BUSY 32.004 TARGET 1, GFOC ACTIVE READY 7.500 TARGET 1

STATUS: WPSEL INIT NONE, GMIR INIT NONE, CALW INIT NONE

9:48:58.444 PM 6/7/2023	<Active Init> TX: V20=0	RX: OK	TX: V21=0	RX: OK	TX: GS30	RX: OK	
9:48:58.866 PM 6/7/2023	<Active Init> TX: V20=0	RX: OK	TX: V21=16	RX: OK	TX: GS30	RX: OK	
9:48:59.221 PM 6/7/2023	<Active Init> TX: V20=-5000	RX: OK	TX: V21=0	RX: OK	TX: GS30	RX: OK	
9:49:08.382 PM 6/7/2023	<Active Finish> TX: V46	RX: 0	TX: EX	RX: 1	
9:49:08.996 PM 6/7/2023	<Active Finish> TX: V46	RX: 0	TX: EX	RX: 0	
9:49:12.005 PM 6/7/2023	<Active Init> TX: V81=0	RX: OK	TX: V82=1875	RX: OK	TX: V83=3750	RX: OK	TX: V84=5625	RX: OK	TX: V85=7500	RX: OK	TX: V86=9375	RX: OK	TX: V87=11250	RX: OK	TX: V88=13125	RX: OK	TX: V89=15000	RX: OK	TX: V90=16875	RX: OK	TX: V91=18750	RX: OK	TX: V92=20625	RX: OK	TX: V93=22500	RX: OK	TX: V94=24375	RX: OK	TX: V95=26250	RX: OK	TX: V96=28125	RX: OK	TX: V20=900	RX: OK	TX: V21=0	RX: OK	TX: GS30	RX: OK	
9:49:13.988 PM 6/7/2023	<Active Finish> TX: V46	RX: 0	TX: EX	RX: 0	
9:49:20.441 PM 6/7/2023	<Active Finish> TX: V46	RX: 0	TX: EX	RX: 0	
9:49:22.207 PM 6/7/2023	CMD: WPROT ACTIVE READY 0.000 WP1 1, WPSEL ACTIVE READY 0.000 L/4 1, CALW ACTIVE READY 0.000 OFF 1, ASEL ACTIVE BUSY 28.782 ON 2, GMIR ACTIVE READY 0.000 TARGET 1, GFOC ACTIVE BUSY 7.500 TARGET 1

STATUS: GFOC INIT NONE, ASEL INIT NONE

9:49:23.045 PM 6/7/2023	<Active Init> TX: V20=-200	RX: OK	TX: V21=0	RX: OK	TX: GS30	RX: OK	
9:49:23.418 PM 6/7/2023	<Active Init> TX: V20=0	RX: OK	TX: V21=32	RX: OK	TX: GS30	RX: OK	
9:49:46.307 PM 6/7/2023	<Active Finish> TX: V46	RX: 0	TX: EX	RX: 0	
9:49:53.444 PM 6/7/2023	<Active Finish> TX: V46	RX: 0	TX: V32	RX: 0	
9:49:55.981 PM 6/7/2023	CMD: WPROT ACTIVE READY 0.000 WP1 1, WPSEL ACTIVE BUSY 0.000 L/4 1, CALW ACTIVE BUSY 0.000 OFF 1, ASEL ACTIVE BUSY 0.000 OFF 1, GMIR ACTIVE READY 0.000 TARGET 1, GFOC ACTIVE READY 0.000 TARGET 1

STATUS: WPSEL GOTO OFF, CALW GOTO OFF, ASEL GOTO OFF

9:49:56.657 PM 6/7/2023	<Active Goto> TX: V20=400000.000	RX: OK	TX: V21=2	RX: OK	TX: GS29	RX: OK	
9:49:57.004 PM 6/7/2023	<Active Goto> TX: V20=0.000	RX: OK	TX: V21=1	RX: OK	TX: GS29	RX: OK	
9:49:59.598 PM 6/7/2023	<Active Finish> TX: V46	RX: 0	TX: EX	RX: 0	
9:50:01.677 PM 6/7/2023	<Active Goto> TX: V20=0.000	RX: OK	TX: V21=1	RX: OK	TX: GS29	RX: OK	
9:50:04.301 PM 6/7/2023	<Active Finish> TX: V46	RX: 0	TX: EX	RX: 0	
9:50:16.684 PM 6/7/2023	<Active Finish> TX: V46	RX: 0	TX: EX	RX: 400000	
9:51:29.817 PM 6/7/2023	CMD: WPROT ACTIVE NONE 0.000 NONE -1, WPSEL ACTIVE BUSY 80.000 OFF 2, CALW ACTIVE BUSY 0.000 OFF 1, ASEL ACTIVE BUSY 0.000 OFF 1, GMIR ACTIVE READY 0.000 TARGET 1, GFOC ACTIVE READY 0.000 TARGET 1

STATUS: WPSEL GOTO L/2, CALW GOTO OFF, ASEL GOTO ON

9:51:30.483 PM 6/7/2023	<Active Goto> TX: V20=800000.000	RX: OK	TX: V21=3	RX: OK	TX: GS29	RX: OK	
9:51:30.850 PM 6/7/2023	<Active Goto> TX: V20=4800.000	RX: OK	TX: V21=2	RX: OK	TX: GS29	RX: OK	
9:51:38.211 PM 6/7/2023	<Active Finish> TX: V46	RX: 0	TX: EX	RX: -4796	
9:51:40.001 PM 6/7/2023	<Active Goto> TX: V20=0.000	RX: OK	TX: V21=1	RX: OK	TX: GS29	RX: OK	
9:51:42.448 PM 6/7/2023	<Active Finish> TX: V46	RX: 0	TX: EX	RX: 0	
9:51:50.165 PM 6/7/2023	<Active Finish> TX: V46	RX: 0	TX: EX	RX: 799998	
9:51:52.221 PM 6/7/2023	<Active Init> TX: V81=0	RX: OK	TX: V82=1875	RX: OK	TX: V83=3750	RX: OK	TX: V84=5625	RX: OK	TX: V85=7500	RX: OK	TX: V86=9375	RX: OK	TX: V87=11250	RX: OK	TX: V88=13125	RX: OK	TX: V89=15000	RX: OK	TX: V90=16875	RX: OK	TX: V91=18750	RX: OK	TX: V92=20625	RX: OK	TX: V93=22500	RX: OK	TX: V94=24375	RX: OK	TX: V95=26250	RX: OK	TX: V96=28125	RX: OK	TX: V20=900	RX: OK	TX: V21=0	RX: OK	TX: GS30	RX: OK	
9:52:00.056 PM 6/7/2023	<Active Finish> TX: V46	RX: 0	TX: EX	RX: 0	
9:53:24.921 PM 6/7/2023	CMD: WPROT ACTIVE BUSY 0.000 WP1 1, WPSEL ACTIVE READY 160.000 L/2 3, CALW ACTIVE READY 0.000 OFF 1, ASEL ACTIVE READY 28.776 ON 2, GMIR ACTIVE READY 0.000 TARGET 1, GFOC ACTIVE READY 0.000 TARGET 1

STATUS: WPROT GOTO WP1

9:53:26.353 PM 6/7/2023	<Active Finish> TX: V46	RX: 0	TX: EX	RX: 0	
10:02:43.058 PM 6/7/2023	CMD: WPROT ACTIVE BUSY 0.000 WP1 1, WPSEL ACTIVE READY 160.000 L/2 3, CALW ACTIVE READY 0.000 OFF 1, ASEL ACTIVE READY 28.776 ON 2, GMIR ACTIVE READY 0.000 TARGET 1, GFOC ACTIVE READY 0.000 TARGET 1

STATUS: WPROT GOTO WP1

10:02:44.268 PM 6/7/2023	<Active Finish> TX: V46	RX: 0	TX: EX	RX: 0	
10:08:48.107 PM 6/7/2023	CMD: WPROT ACTIVE READY 0.000 WP1 1, WPSEL ACTIVE READY 160.000 L/2 3, CALW ACTIVE READY 0.000 OFF 1, ASEL ACTIVE READY 28.776 ON 2, GMIR ACTIVE BUSY 0.000 TARGET 1, GFOC ACTIVE READY 0.000 TARGET 1

STATUS: GMIR GOTO 32.000000

10:08:48.902 PM 6/7/2023	<Active Goto> TX: V20=5333.333	RX: OK	TX: V21=16	RX: OK	TX: GS29	RX: OK	
10:08:51.314 PM 6/7/2023	<Active Finish> TX: V46	RX: 0	TX: EX	RX: 5333	
10:10:12.107 PM 6/7/2023	CMD: WPROT ACTIVE READY 0.000 WP1 1, WPSEL ACTIVE READY 160.000 L/2 3, CALW ACTIVE READY 0.000 OFF 1, ASEL ACTIVE READY 28.776 ON 2, GMIR ACTIVE READY 31.998 TARGET 1, GFOC ACTIVE BUSY 0.000 TARGET 1

STATUS: GFOC GOTO 7.500000

10:10:12.990 PM 6/7/2023	<Active Goto> TX: V20=615.000	RX: OK	TX: V21=32	RX: OK	TX: GS29	RX: OK	
10:10:36.578 PM 6/7/2023	<Active Finish> TX: V46	RX: 0	TX: V32	RX: 615	
10:12:21.807 PM 6/7/2023	CMD: WPROT ACTIVE BUSY 0.000 WP1 1, WPSEL ACTIVE READY 160.000 L/2 3, CALW ACTIVE READY 0.000 OFF 1, ASEL ACTIVE READY 28.776 ON 2, GMIR ACTIVE READY 31.998 TARGET 1, GFOC ACTIVE READY 7.500 TARGET 1

STATUS: WPROT GOTO WP1

10:12:23.014 PM 6/7/2023	<Active Finish> TX: V46	RX: 0	TX: EX	RX: 0	
10:14:47.797 PM 6/7/2023	CMD: WPROT ACTIVE BUSY 0.000 WP1 1, WPSEL ACTIVE READY 160.000 L/2 3, CALW ACTIVE READY 0.000 OFF 1, ASEL ACTIVE READY 28.776 ON 2, GMIR ACTIVE READY 31.998 TARGET 1, GFOC ACTIVE READY 7.500 TARGET 1

STATUS: WPROT GOTO WP1

10:14:49.083 PM 6/7/2023	<Active Finish> TX: V46	RX: 0	TX: EX	RX: 0	
10:17:14.902 PM 6/7/2023	CMD: WPROT ACTIVE BUSY 0.000 WP1 1, WPSEL ACTIVE READY 160.000 L/2 3, CALW ACTIVE READY 0.000 OFF 1, ASEL ACTIVE READY 28.776 ON 2, GMIR ACTIVE READY 31.998 TARGET 1, GFOC ACTIVE READY 7.500 TARGET 1

STATUS: WPROT GOTO WP1

10:17:16.259 PM 6/7/2023	<Active Finish> TX: V46	RX: 0	TX: EX	RX: 0	
10:18:45.830 PM 6/7/2023	CMD: WPROT ACTIVE BUSY 0.000 WP1 1, WPSEL ACTIVE READY 160.000 L/2 3, CALW ACTIVE READY 0.000 OFF 1, ASEL ACTIVE READY 28.776 ON 2, GMIR ACTIVE READY 31.998 TARGET 1, GFOC ACTIVE READY 7.500 TARGET 1

STATUS: WPROT GOTO WP1

10:18:47.128 PM 6/7/2023	<Active Finish> TX: V46	RX: 0	TX: EX	RX: 0	
10:22:55.414 PM 6/7/2023	CMD: WPROT ACTIVE BUSY 0.000 WP1 1, WPSEL ACTIVE READY 160.000 L/2 3, CALW ACTIVE READY 0.000 OFF 1, ASEL ACTIVE READY 28.776 ON 2, GMIR ACTIVE READY 31.998 TARGET 1, GFOC ACTIVE READY 7.500 TARGET 1

STATUS: WPROT GOTO WP1

10:22:56.647 PM 6/7/2023	<Active Finish> TX: V46	RX: 0	TX: EX	RX: 0	
10:25:30.643 PM 6/7/2023	CMD: WPROT ACTIVE BUSY 0.000 WP1 1, WPSEL ACTIVE READY 160.000 L/2 3, CALW ACTIVE READY 0.000 OFF 1, ASEL ACTIVE READY 28.776 ON 2, GMIR ACTIVE READY 31.998 TARGET 1, GFOC ACTIVE READY 7.500 TARGET 1

STATUS: WPROT GOTO WP2

10:25:31.970 PM 6/7/2023	<Active Finish> TX: V46	RX: 0	TX: EX	RX: -1875	
10:28:04.868 PM 6/7/2023	CMD: WPROT ACTIVE BUSY 22.500 WP2 2, WPSEL ACTIVE READY 160.000 L/2 3, CALW ACTIVE READY 0.000 OFF 1, ASEL ACTIVE READY 28.776 ON 2, GMIR ACTIVE READY 31.998 TARGET 1, GFOC ACTIVE READY 7.500 TARGET 1

STATUS: WPROT GOTO WP3

10:28:06.573 PM 6/7/2023	<Active Finish> TX: V46	RX: 0	TX: EX	RX: -3749	
10:30:39.450 PM 6/7/2023	CMD: WPROT ACTIVE BUSY 44.988 WP3 3, WPSEL ACTIVE READY 160.000 L/2 3, CALW ACTIVE READY 0.000 OFF 1, ASEL ACTIVE READY 28.776 ON 2, GMIR ACTIVE READY 31.998 TARGET 1, GFOC ACTIVE READY 7.500 TARGET 1

STATUS: WPROT GOTO WP4

10:30:40.825 PM 6/7/2023	<Active Finish> TX: V46	RX: 0	TX: EX	RX: -5624	
10:33:12.936 PM 6/7/2023	CMD: WPROT ACTIVE BUSY 67.488 WP4 4, WPSEL ACTIVE READY 160.000 L/2 3, CALW ACTIVE READY 0.000 OFF 1, ASEL ACTIVE READY 28.776 ON 2, GMIR ACTIVE READY 31.998 TARGET 1, GFOC ACTIVE READY 7.500 TARGET 1

STATUS: WPROT GOTO WP5

10:33:14.624 PM 6/7/2023	<Active Finish> TX: V46	RX: 0	TX: EX	RX: -7499	
10:35:47.102 PM 6/7/2023	CMD: WPROT ACTIVE BUSY 89.988 WP5 5, WPSEL ACTIVE READY 160.000 L/2 3, CALW ACTIVE READY 0.000 OFF 1, ASEL ACTIVE READY 28.776 ON 2, GMIR ACTIVE READY 31.998 TARGET 1, GFOC ACTIVE READY 7.500 TARGET 1

STATUS: WPROT GOTO WP6

10:35:48.936 PM 6/7/2023	<Active Finish> TX: V46	RX: 0	TX: EX	RX: -9375	
10:38:23.417 PM 6/7/2023	CMD: WPROT ACTIVE BUSY 112.500 WP6 6, WPSEL ACTIVE READY 160.000 L/2 3, CALW ACTIVE READY 0.000 OFF 1, ASEL ACTIVE READY 28.776 ON 2, GMIR ACTIVE READY 31.998 TARGET 1, GFOC ACTIVE READY 7.500 TARGET 1

STATUS: WPROT GOTO WP7

10:38:25.188 PM 6/7/2023	<Active Finish> TX: V46	RX: 0	TX: EX	RX: -11250	
10:40:57.647 PM 6/7/2023	CMD: WPROT ACTIVE BUSY 135.000 WP7 7, WPSEL ACTIVE READY 160.000 L/2 3, CALW ACTIVE READY 0.000 OFF 1, ASEL ACTIVE READY 28.776 ON 2, GMIR ACTIVE READY 31.998 TARGET 1, GFOC ACTIVE READY 7.500 TARGET 1

STATUS: WPROT GOTO WP8

10:40:59.324 PM 6/7/2023	<Active Finish> TX: V46	RX: 0	TX: EX	RX: -13125	
10:45:43.797 PM 6/7/2023	CMD: WPROT ACTIVE READY 157.500 WP8 8, WPSEL ACTIVE READY 160.000 L/2 3, CALW ACTIVE READY 0.000 OFF 1, ASEL ACTIVE READY 28.776 ON 2, GMIR ACTIVE BUSY 31.998 TARGET 1, GFOC ACTIVE READY 7.500 TARGET 1

STATUS: GMIR GOTO 312.000000

10:45:44.681 PM 6/7/2023	<Active Goto> TX: V20=52000.000	RX: OK	TX: V21=16	RX: OK	TX: GS29	RX: OK	
10:45:50.296 PM 6/7/2023	<Active Finish> TX: V46	RX: 0	TX: EX	RX: 52000	
10:46:56.187 PM 6/7/2023	CMD: WPROT ACTIVE BUSY 157.500 WP8 8, WPSEL ACTIVE READY 160.000 L/2 3, CALW ACTIVE READY 0.000 OFF 1, ASEL ACTIVE READY 28.776 ON 2, GMIR ACTIVE READY 312.000 TARGET 1, GFOC ACTIVE READY 7.500 TARGET 1

STATUS: WPROT GOTO WP1

10:46:58.660 PM 6/7/2023	<Active Finish> TX: V46	RX: 0	TX: EX	RX: 0	
10:47:10.888 PM 6/7/2023	CMD: WPROT ACTIVE BUSY 0.000 WP1 1, WPSEL ACTIVE READY 160.000 L/2 3, CALW ACTIVE READY 0.000 OFF 1, ASEL ACTIVE READY 28.776 ON 2, GMIR ACTIVE READY 312.000 TARGET 1, GFOC ACTIVE READY 7.500 TARGET 1

STATUS: WPROT GOTO WP2

10:47:12.211 PM 6/7/2023	<Active Finish> TX: V46	RX: 0	TX: EX	RX: -1875	
10:48:52.857 PM 6/7/2023	CMD: WPROT ACTIVE BUSY 22.500 WP2 2, WPSEL ACTIVE READY 160.000 L/2 3, CALW ACTIVE READY 0.000 OFF 1, ASEL ACTIVE READY 28.776 ON 2, GMIR ACTIVE READY 312.000 TARGET 1, GFOC ACTIVE READY 7.500 TARGET 1

STATUS: WPROT GOTO WP1

10:48:55.630 PM 6/7/2023	<Active Finish> TX: V46	RX: 0	TX: EX	RX: 0	
10:50:59.022 PM 6/7/2023	CMD: WPROT ACTIVE BUSY 0.000 WP1 1, WPSEL ACTIVE READY 160.000 L/2 3, CALW ACTIVE READY 0.000 OFF 1, ASEL ACTIVE READY 28.776 ON 2, GMIR ACTIVE READY 312.000 TARGET 1, GFOC ACTIVE READY 7.500 TARGET 1

STATUS: WPROT GOTO WP2

10:51:00.808 PM 6/7/2023	<Active Finish> TX: V46	RX: 0	TX: EX	RX: -1874	
10:53:03.891 PM 6/7/2023	CMD: WPROT ACTIVE BUSY 22.488 WP2 2, WPSEL ACTIVE READY 160.000 L/2 3, CALW ACTIVE READY 0.000 OFF 1, ASEL ACTIVE READY 28.776 ON 2, GMIR ACTIVE READY 312.000 TARGET 1, GFOC ACTIVE READY 7.500 TARGET 1

STATUS: WPROT GOTO WP3

10:53:05.573 PM 6/7/2023	<Active Finish> TX: V46	RX: 0	TX: EX	RX: -3749	
10:55:08.291 PM 6/7/2023	CMD: WPROT ACTIVE BUSY 44.988 WP3 3, WPSEL ACTIVE READY 160.000 L/2 3, CALW ACTIVE READY 0.000 OFF 1, ASEL ACTIVE READY 28.776 ON 2, GMIR ACTIVE READY 312.000 TARGET 1, GFOC ACTIVE READY 7.500 TARGET 1

STATUS: WPROT GOTO WP4

10:55:09.979 PM 6/7/2023	<Active Finish> TX: V46	RX: 0	TX: EX	RX: -5624	
10:57:12.087 PM 6/7/2023	CMD: WPROT ACTIVE BUSY 67.488 WP4 4, WPSEL ACTIVE READY 160.000 L/2 3, CALW ACTIVE READY 0.000 OFF 1, ASEL ACTIVE READY 28.776 ON 2, GMIR ACTIVE READY 312.000 TARGET 1, GFOC ACTIVE READY 7.500 TARGET 1

STATUS: WPROT GOTO WP5

10:57:13.868 PM 6/7/2023	<Active Finish> TX: V46	RX: 0	TX: EX	RX: -7499	
10:59:16.622 PM 6/7/2023	CMD: WPROT ACTIVE BUSY 89.988 WP5 5, WPSEL ACTIVE READY 160.000 L/2 3, CALW ACTIVE READY 0.000 OFF 1, ASEL ACTIVE READY 28.776 ON 2, GMIR ACTIVE READY 312.000 TARGET 1, GFOC ACTIVE READY 7.500 TARGET 1

STATUS: WPROT GOTO WP6

10:59:18.387 PM 6/7/2023	<Active Finish> TX: V46	RX: 0	TX: EX	RX: -9375	
11:01:21.081 PM 6/7/2023	CMD: WPROT ACTIVE BUSY 112.500 WP6 6, WPSEL ACTIVE READY 160.000 L/2 3, CALW ACTIVE READY 0.000 OFF 1, ASEL ACTIVE READY 28.776 ON 2, GMIR ACTIVE READY 312.000 TARGET 1, GFOC ACTIVE READY 7.500 TARGET 1

STATUS: WPROT GOTO WP7

11:01:22.412 PM 6/7/2023	<Active Finish> TX: V46	RX: 0	TX: EX	RX: -11250	
11:03:25.471 PM 6/7/2023	CMD: WPROT ACTIVE BUSY 135.000 WP7 7, WPSEL ACTIVE READY 160.000 L/2 3, CALW ACTIVE READY 0.000 OFF 1, ASEL ACTIVE READY 28.776 ON 2, GMIR ACTIVE READY 312.000 TARGET 1, GFOC ACTIVE READY 7.500 TARGET 1

STATUS: WPROT GOTO WP8

11:03:27.149 PM 6/7/2023	<Active Finish> TX: V46	RX: 0	TX: EX	RX: -13125	
11:34:00.556 PM 6/7/2023	CMD: WPROT ACTIVE READY 157.500 WP8 8, WPSEL ACTIVE READY 160.000 L/2 3, CALW ACTIVE READY 0.000 OFF 1, ASEL ACTIVE READY 28.776 ON 2, GMIR ACTIVE BUSY 312.000 TARGET 1, GFOC ACTIVE READY 7.500 TARGET 1

STATUS: GMIR GOTO 66.000000

11:34:01.338 PM 6/7/2023	<Active Goto> TX: V20=11000.000	RX: OK	TX: V21=16	RX: OK	TX: GS29	RX: OK	
11:34:04.603 PM 6/7/2023	<Active Finish> TX: V46	RX: 0	TX: EX	RX: 11000	
11:35:24.677 PM 6/7/2023	CMD: WPROT ACTIVE BUSY 157.500 WP8 8, WPSEL ACTIVE READY 160.000 L/2 3, CALW ACTIVE READY 0.000 OFF 1, ASEL ACTIVE READY 28.776 ON 2, GMIR ACTIVE READY 66.000 TARGET 1, GFOC ACTIVE READY 7.500 TARGET 1

STATUS: WPROT GOTO WP1

11:35:26.886 PM 6/7/2023	<Active Finish> TX: V46	RX: 0	TX: EX	RX: 0	
11:35:41.537 PM 6/7/2023	CMD: WPROT ACTIVE BUSY 0.000 WP1 1, WPSEL ACTIVE READY 160.000 L/2 3, CALW ACTIVE READY 0.000 OFF 1, ASEL ACTIVE READY 28.776 ON 2, GMIR ACTIVE READY 66.000 TARGET 1, GFOC ACTIVE READY 7.500 TARGET 1

STATUS: WPROT GOTO WP2

11:35:43.223 PM 6/7/2023	<Active Finish> TX: V46	RX: 0	TX: EX	RX: -1874	
11:35:58.428 PM 6/7/2023	CMD: WPROT ACTIVE BUSY 22.488 WP2 2, WPSEL ACTIVE READY 160.000 L/2 3, CALW ACTIVE READY 0.000 OFF 1, ASEL ACTIVE READY 28.776 ON 2, GMIR ACTIVE READY 66.000 TARGET 1, GFOC ACTIVE READY 7.500 TARGET 1

STATUS: WPROT GOTO WP3

11:36:00.092 PM 6/7/2023	<Active Finish> TX: V46	RX: 0	TX: EX	RX: -3749	
11:36:16.810 PM 6/7/2023	CMD: WPROT ACTIVE BUSY 44.988 WP3 3, WPSEL ACTIVE READY 160.000 L/2 3, CALW ACTIVE READY 0.000 OFF 1, ASEL ACTIVE READY 28.776 ON 2, GMIR ACTIVE READY 66.000 TARGET 1, GFOC ACTIVE READY 7.500 TARGET 1

STATUS: WPROT GOTO WP4

11:36:18.170 PM 6/7/2023	<Active Finish> TX: V46	RX: 0	TX: EX	RX: -5624	
11:36:25.036 PM 6/7/2023	CMD: WPROT ACTIVE BUSY 67.488 WP4 4, WPSEL ACTIVE READY 160.000 L/2 3, CALW ACTIVE READY 0.000 OFF 1, ASEL ACTIVE READY 28.776 ON 2, GMIR ACTIVE READY 66.000 TARGET 1, GFOC ACTIVE READY 7.500 TARGET 1

STATUS: WPROT GOTO WP5

11:36:26.362 PM 6/7/2023	<Active Finish> TX: V46	RX: 0	TX: EX	RX: -7500	
11:36:41.920 PM 6/7/2023	CMD: WPROT ACTIVE BUSY 90.000 WP5 5, WPSEL ACTIVE READY 160.000 L/2 3, CALW ACTIVE READY 0.000 OFF 1, ASEL ACTIVE READY 28.776 ON 2, GMIR ACTIVE READY 66.000 TARGET 1, GFOC ACTIVE READY 7.500 TARGET 1

STATUS: WPROT GOTO WP6

11:36:43.262 PM 6/7/2023	<Active Finish> TX: V46	RX: 0	TX: EX	RX: -9375	
11:36:59.766 PM 6/7/2023	CMD: WPROT ACTIVE BUSY 112.500 WP6 6, WPSEL ACTIVE READY 160.000 L/2 3, CALW ACTIVE READY 0.000 OFF 1, ASEL ACTIVE READY 28.776 ON 2, GMIR ACTIVE READY 66.000 TARGET 1, GFOC ACTIVE READY 7.500 TARGET 1

STATUS: WPROT GOTO WP7

11:37:01.838 PM 6/7/2023	<Active Finish> TX: V46	RX: 0	TX: EX	RX: -11250	
11:37:37.648 PM 6/7/2023	CMD: WPROT ACTIVE BUSY 135.000 WP7 7, WPSEL ACTIVE READY 160.000 L/2 3, CALW ACTIVE READY 0.000 OFF 1, ASEL ACTIVE READY 28.776 ON 2, GMIR ACTIVE READY 66.000 TARGET 1, GFOC ACTIVE READY 7.500 TARGET 1

STATUS: WPROT GOTO WP1

11:37:40.094 PM 6/7/2023	<Active Finish> TX: V46	RX: 0	TX: EX	RX: 0	
11:40:26.306 PM 6/7/2023	CMD: WPROT ACTIVE BUSY 0.000 WP1 1, WPSEL ACTIVE READY 160.000 L/2 3, CALW ACTIVE READY 0.000 OFF 1, ASEL ACTIVE READY 28.776 ON 2, GMIR ACTIVE READY 66.000 TARGET 1, GFOC ACTIVE READY 7.500 TARGET 1

STATUS: WPROT GOTO WP1

11:40:27.419 PM 6/7/2023	<Active Finish> TX: V46	RX: 0	TX: EX	RX: 0	
11:40:43.171 PM 6/7/2023	CMD: WPROT ACTIVE BUSY 0.000 WP1 1, WPSEL ACTIVE READY 160.000 L/2 3, CALW ACTIVE READY 0.000 OFF 1, ASEL ACTIVE READY 28.776 ON 2, GMIR ACTIVE READY 66.000 TARGET 1, GFOC ACTIVE READY 7.500 TARGET 1

STATUS: WPROT GOTO WP2

11:40:44.944 PM 6/7/2023	<Active Finish> TX: V46	RX: 0	TX: EX	RX: -1875	
11:41:01.682 PM 6/7/2023	CMD: WPROT ACTIVE BUSY 22.500 WP2 2, WPSEL ACTIVE READY 160.000 L/2 3, CALW ACTIVE READY 0.000 OFF 1, ASEL ACTIVE READY 28.776 ON 2, GMIR ACTIVE READY 66.000 TARGET 1, GFOC ACTIVE READY 7.500 TARGET 1

STATUS: WPROT GOTO WP3

11:41:03.051 PM 6/7/2023	<Active Finish> TX: V46	RX: 0	TX: EX	RX: -3749	
11:41:18.182 PM 6/7/2023	CMD: WPROT ACTIVE BUSY 44.988 WP3 3, WPSEL ACTIVE READY 160.000 L/2 3, CALW ACTIVE READY 0.000 OFF 1, ASEL ACTIVE READY 28.776 ON 2, GMIR ACTIVE READY 66.000 TARGET 1, GFOC ACTIVE READY 7.500 TARGET 1

STATUS: WPROT GOTO WP4

11:41:19.947 PM 6/7/2023	<Active Finish> TX: V46	RX: 0	TX: EX	RX: -5624	
11:41:35.837 PM 6/7/2023	CMD: WPROT ACTIVE BUSY 67.488 WP4 4, WPSEL ACTIVE READY 160.000 L/2 3, CALW ACTIVE READY 0.000 OFF 1, ASEL ACTIVE READY 28.776 ON 2, GMIR ACTIVE READY 66.000 TARGET 1, GFOC ACTIVE READY 7.500 TARGET 1

STATUS: WPROT GOTO WP5

11:41:37.616 PM 6/7/2023	<Active Finish> TX: V46	RX: 0	TX: EX	RX: -7499	
11:41:54.976 PM 6/7/2023	CMD: WPROT ACTIVE BUSY 89.988 WP5 5, WPSEL ACTIVE READY 160.000 L/2 3, CALW ACTIVE READY 0.000 OFF 1, ASEL ACTIVE READY 28.776 ON 2, GMIR ACTIVE READY 66.000 TARGET 1, GFOC ACTIVE READY 7.500 TARGET 1

STATUS: WPROT GOTO WP6

11:41:56.304 PM 6/7/2023	<Active Finish> TX: V46	RX: 0	TX: EX	RX: -9375	
11:42:12.505 PM 6/7/2023	CMD: WPROT ACTIVE BUSY 112.500 WP6 6, WPSEL ACTIVE READY 160.000 L/2 3, CALW ACTIVE READY 0.000 OFF 1, ASEL ACTIVE READY 28.776 ON 2, GMIR ACTIVE READY 66.000 TARGET 1, GFOC ACTIVE READY 7.500 TARGET 1

STATUS: WPROT GOTO WP7

11:42:14.310 PM 6/7/2023	<Active Finish> TX: V46	RX: 0	TX: EX	RX: -11250	
11:42:29.122 PM 6/7/2023	CMD: WPROT ACTIVE BUSY 135.000 WP7 7, WPSEL ACTIVE READY 160.000 L/2 3, CALW ACTIVE READY 0.000 OFF 1, ASEL ACTIVE READY 28.776 ON 2, GMIR ACTIVE READY 66.000 TARGET 1, GFOC ACTIVE READY 7.500 TARGET 1

STATUS: WPROT GOTO WP8

11:42:30.896 PM 6/7/2023	<Active Finish> TX: V46	RX: 0	TX: EX	RX: -13125	
11:42:47.212 PM 6/7/2023	CMD: WPROT ACTIVE BUSY 157.500 WP8 8, WPSEL ACTIVE READY 160.000 L/2 3, CALW ACTIVE READY 0.000 OFF 1, ASEL ACTIVE READY 28.776 ON 2, GMIR ACTIVE READY 66.000 TARGET 1, GFOC ACTIVE READY 7.500 TARGET 1

STATUS: WPROT GOTO WP9

11:42:48.875 PM 6/7/2023	<Active Finish> TX: V46	RX: 0	TX: EX	RX: -14999	
11:43:05.954 PM 6/7/2023	CMD: WPROT ACTIVE BUSY 179.988 WP9 9, WPSEL ACTIVE READY 160.000 L/2 3, CALW ACTIVE READY 0.000 OFF 1, ASEL ACTIVE READY 28.776 ON 2, GMIR ACTIVE READY 66.000 TARGET 1, GFOC ACTIVE READY 7.500 TARGET 1

STATUS: WPROT GOTO WP10

11:43:07.351 PM 6/7/2023	<Active Finish> TX: V46	RX: 0	TX: EX	RX: -16875	
11:43:24.947 PM 6/7/2023	CMD: WPROT ACTIVE BUSY 202.500 WP10 10, WPSEL ACTIVE READY 160.000 L/2 3, CALW ACTIVE READY 0.000 OFF 1, ASEL ACTIVE READY 28.776 ON 2, GMIR ACTIVE READY 66.000 TARGET 1, GFOC ACTIVE READY 7.500 TARGET 1

STATUS: WPROT GOTO WP11

11:43:26.729 PM 6/7/2023	<Active Finish> TX: V46	RX: 0	TX: EX	RX: -18749	
11:43:43.528 PM 6/7/2023	CMD: WPROT ACTIVE BUSY 224.988 WP11 11, WPSEL ACTIVE READY 160.000 L/2 3, CALW ACTIVE READY 0.000 OFF 1, ASEL ACTIVE READY 28.776 ON 2, GMIR ACTIVE READY 66.000 TARGET 1, GFOC ACTIVE READY 7.500 TARGET 1

STATUS: WPROT GOTO WP12

11:43:44.964 PM 6/7/2023	<Active Finish> TX: V46	RX: 0	TX: EX	RX: -20624	
11:44:01.559 PM 6/7/2023	CMD: WPROT ACTIVE BUSY 247.488 WP12 12, WPSEL ACTIVE READY 160.000 L/2 3, CALW ACTIVE READY 0.000 OFF 1, ASEL ACTIVE READY 28.776 ON 2, GMIR ACTIVE READY 66.000 TARGET 1, GFOC ACTIVE READY 7.500 TARGET 1

STATUS: WPROT GOTO WP13

11:44:03.361 PM 6/7/2023	<Active Finish> TX: V46	RX: 0	TX: EX	RX: -22499	
11:44:20.308 PM 6/7/2023	CMD: WPROT ACTIVE BUSY 269.988 WP13 13, WPSEL ACTIVE READY 160.000 L/2 3, CALW ACTIVE READY 0.000 OFF 1, ASEL ACTIVE READY 28.776 ON 2, GMIR ACTIVE READY 66.000 TARGET 1, GFOC ACTIVE READY 7.500 TARGET 1

STATUS: WPROT GOTO WP14

11:44:21.742 PM 6/7/2023	<Active Finish> TX: V46	RX: 0	TX: EX	RX: -24375	
11:44:39.306 PM 6/7/2023	CMD: WPROT ACTIVE BUSY 292.500 WP14 14, WPSEL ACTIVE READY 160.000 L/2 3, CALW ACTIVE READY 0.000 OFF 1, ASEL ACTIVE READY 28.776 ON 2, GMIR ACTIVE READY 66.000 TARGET 1, GFOC ACTIVE READY 7.500 TARGET 1

STATUS: WPROT GOTO WP15

11:44:40.980 PM 6/7/2023	<Active Finish> TX: V46	RX: 0	TX: EX	RX: -26250	
11:44:57.401 PM 6/7/2023	CMD: WPROT ACTIVE BUSY 315.000 WP15 15, WPSEL ACTIVE READY 160.000 L/2 3, CALW ACTIVE READY 0.000 OFF 1, ASEL ACTIVE READY 28.776 ON 2, GMIR ACTIVE READY 66.000 TARGET 1, GFOC ACTIVE READY 7.500 TARGET 1

STATUS: WPROT GOTO WP16

11:44:59.181 PM 6/7/2023	<Active Finish> TX: V46	RX: 0	TX: EX	RX: -28125	
11:45:49.196 PM 6/7/2023	CMD: WPROT ACTIVE READY 337.500 WP16 16, WPSEL ACTIVE BUSY 160.000 L/2 3, CALW ACTIVE BUSY 0.000 OFF 1, ASEL ACTIVE BUSY 28.776 ON 2, GMIR ACTIVE READY 66.000 TARGET 1, GFOC ACTIVE READY 7.500 TARGET 1

STATUS: WPSEL GOTO L/4, CALW GOTO OFF, ASEL GOTO ON

11:45:49.859 PM 6/7/2023	<Active Goto> TX: V20=4800.000	RX: OK	TX: V21=2	RX: OK	TX: GS29	RX: OK	
11:45:50.313 PM 6/7/2023	<Active Goto> TX: V20=0.000	RX: OK	TX: V21=1	RX: OK	TX: GS29	RX: OK	
11:45:52.146 PM 6/7/2023	<Active Finish> TX: V46	RX: 0	TX: EX	RX: -4796	
11:45:53.931 PM 6/7/2023	<Active Goto> TX: V20=0.000	RX: OK	TX: V21=1	RX: OK	TX: GS29	RX: OK	
11:45:56.403 PM 6/7/2023	<Active Finish> TX: V46	RX: 0	TX: EX	RX: 0	
11:46:28.396 PM 6/7/2023	<Active Finish> TX: V46	RX: 0	TX: EX	RX: 1	
11:46:30.444 PM 6/7/2023	<Active Init> TX: V81=0	RX: OK	TX: V82=1875	RX: OK	TX: V83=3750	RX: OK	TX: V84=5625	RX: OK	TX: V85=7500	RX: OK	TX: V86=9375	RX: OK	TX: V87=11250	RX: OK	TX: V88=13125	RX: OK	TX: V89=15000	RX: OK	TX: V90=16875	RX: OK	TX: V91=18750	RX: OK	TX: V92=20625	RX: OK	TX: V93=22500	RX: OK	TX: V94=24375	RX: OK	TX: V95=26250	RX: OK	TX: V96=28125	RX: OK	TX: V20=900	RX: OK	TX: V21=0	RX: OK	TX: GS30	RX: OK	
11:46:38.278 PM 6/7/2023	<Active Finish> TX: V46	RX: 0	TX: EX	RX: 0	
11:46:50.992 PM 6/7/2023	CMD: WPROT ACTIVE BUSY 0.000 WP1 1, WPSEL ACTIVE READY 0.000 L/4 1, CALW ACTIVE READY 0.000 OFF 1, ASEL ACTIVE READY 28.776 ON 2, GMIR ACTIVE READY 66.000 TARGET 1, GFOC ACTIVE READY 7.500 TARGET 1

STATUS: WPROT GOTO WP1

11:46:52.114 PM 6/7/2023	<Active Finish> TX: V46	RX: 0	TX: EX	RX: 0	
11:47:07.623 PM 6/7/2023	CMD: WPROT ACTIVE BUSY 0.000 WP1 1, WPSEL ACTIVE READY 0.000 L/4 1, CALW ACTIVE READY 0.000 OFF 1, ASEL ACTIVE READY 28.776 ON 2, GMIR ACTIVE READY 66.000 TARGET 1, GFOC ACTIVE READY 7.500 TARGET 1

STATUS: WPROT GOTO WP2

11:47:09.312 PM 6/7/2023	<Active Finish> TX: V46	RX: 0	TX: EX	RX: -1875	
11:47:26.253 PM 6/7/2023	CMD: WPROT ACTIVE BUSY 22.500 WP2 2, WPSEL ACTIVE READY 0.000 L/4 1, CALW ACTIVE READY 0.000 OFF 1, ASEL ACTIVE READY 28.776 ON 2, GMIR ACTIVE READY 66.000 TARGET 1, GFOC ACTIVE READY 7.500 TARGET 1

STATUS: WPROT GOTO WP3

11:47:27.961 PM 6/7/2023	<Active Finish> TX: V46	RX: 0	TX: EX	RX: -3750	
11:47:45.417 PM 6/7/2023	CMD: WPROT ACTIVE BUSY 45.000 WP3 3, WPSEL ACTIVE READY 0.000 L/4 1, CALW ACTIVE READY 0.000 OFF 1, ASEL ACTIVE READY 28.776 ON 2, GMIR ACTIVE READY 66.000 TARGET 1, GFOC ACTIVE READY 7.500 TARGET 1

STATUS: WPROT GOTO WP4

11:47:47.081 PM 6/7/2023	<Active Finish> TX: V46	RX: 0	TX: EX	RX: -5625	
11:48:03.555 PM 6/7/2023	CMD: WPROT ACTIVE BUSY 67.500 WP4 4, WPSEL ACTIVE READY 0.000 L/4 1, CALW ACTIVE READY 0.000 OFF 1, ASEL ACTIVE READY 28.776 ON 2, GMIR ACTIVE READY 66.000 TARGET 1, GFOC ACTIVE READY 7.500 TARGET 1

STATUS: WPROT GOTO WP5

11:48:04.880 PM 6/7/2023	<Active Finish> TX: V46	RX: 0	TX: EX	RX: -7501	
11:48:22.367 PM 6/7/2023	CMD: WPROT ACTIVE BUSY 90.012 WP5 5, WPSEL ACTIVE READY 0.000 L/4 1, CALW ACTIVE READY 0.000 OFF 1, ASEL ACTIVE READY 28.776 ON 2, GMIR ACTIVE READY 66.000 TARGET 1, GFOC ACTIVE READY 7.500 TARGET 1

STATUS: WPROT GOTO WP6

11:48:23.695 PM 6/7/2023	<Active Finish> TX: V46	RX: 0	TX: EX	RX: -9376	
11:48:41.075 PM 6/7/2023	CMD: WPROT ACTIVE BUSY 112.512 WP6 6, WPSEL ACTIVE READY 0.000 L/4 1, CALW ACTIVE READY 0.000 OFF 1, ASEL ACTIVE READY 28.776 ON 2, GMIR ACTIVE READY 66.000 TARGET 1, GFOC ACTIVE READY 7.500 TARGET 1

STATUS: WPROT GOTO WP7

11:48:42.742 PM 6/7/2023	<Active Finish> TX: V46	RX: 0	TX: EX	RX: -11250	
11:48:59.448 PM 6/7/2023	CMD: WPROT ACTIVE BUSY 135.000 WP7 7, WPSEL ACTIVE READY 0.000 L/4 1, CALW ACTIVE READY 0.000 OFF 1, ASEL ACTIVE READY 28.776 ON 2, GMIR ACTIVE READY 66.000 TARGET 1, GFOC ACTIVE READY 7.500 TARGET 1

STATUS: WPROT GOTO WP8

11:49:01.270 PM 6/7/2023	<Active Finish> TX: V46	RX: 0	TX: EX	RX: -13125	
11:49:17.913 PM 6/7/2023	CMD: WPROT ACTIVE BUSY 157.500 WP8 8, WPSEL ACTIVE READY 0.000 L/4 1, CALW ACTIVE READY 0.000 OFF 1, ASEL ACTIVE READY 28.776 ON 2, GMIR ACTIVE READY 66.000 TARGET 1, GFOC ACTIVE READY 7.500 TARGET 1

STATUS: WPROT GOTO WP9

11:49:19.279 PM 6/7/2023	<Active Finish> TX: V46	RX: 0	TX: EX	RX: -15000	
11:49:35.512 PM 6/7/2023	CMD: WPROT ACTIVE BUSY 180.000 WP9 9, WPSEL ACTIVE READY 0.000 L/4 1, CALW ACTIVE READY 0.000 OFF 1, ASEL ACTIVE READY 28.776 ON 2, GMIR ACTIVE READY 66.000 TARGET 1, GFOC ACTIVE READY 7.500 TARGET 1

STATUS: WPROT GOTO WP10

11:49:37.458 PM 6/7/2023	<Active Finish> TX: V46	RX: 0	TX: EX	RX: -16875	
11:49:54.946 PM 6/7/2023	CMD: WPROT ACTIVE BUSY 202.500 WP10 10, WPSEL ACTIVE READY 0.000 L/4 1, CALW ACTIVE READY 0.000 OFF 1, ASEL ACTIVE READY 28.776 ON 2, GMIR ACTIVE READY 66.000 TARGET 1, GFOC ACTIVE READY 7.500 TARGET 1

STATUS: WPROT GOTO WP11

11:49:56.304 PM 6/7/2023	<Active Finish> TX: V46	RX: 0	TX: EX	RX: -18750	
11:50:13.579 PM 6/7/2023	CMD: WPROT ACTIVE BUSY 225.000 WP11 11, WPSEL ACTIVE READY 0.000 L/4 1, CALW ACTIVE READY 0.000 OFF 1, ASEL ACTIVE READY 28.776 ON 2, GMIR ACTIVE READY 66.000 TARGET 1, GFOC ACTIVE READY 7.500 TARGET 1

STATUS: WPROT GOTO WP12

11:50:15.250 PM 6/7/2023	<Active Finish> TX: V46	RX: 0	TX: EX	RX: -20626	
11:50:31.561 PM 6/7/2023	CMD: WPROT ACTIVE BUSY 247.512 WP12 12, WPSEL ACTIVE READY 0.000 L/4 1, CALW ACTIVE READY 0.000 OFF 1, ASEL ACTIVE READY 28.776 ON 2, GMIR ACTIVE READY 66.000 TARGET 1, GFOC ACTIVE READY 7.500 TARGET 1

STATUS: WPROT GOTO WP13

11:50:33.245 PM 6/7/2023	<Active Finish> TX: V46	RX: 0	TX: EX	RX: -22501	
11:50:50.037 PM 6/7/2023	CMD: WPROT ACTIVE BUSY 270.012 WP13 13, WPSEL ACTIVE READY 0.000 L/4 1, CALW ACTIVE READY 0.000 OFF 1, ASEL ACTIVE READY 28.776 ON 2, GMIR ACTIVE READY 66.000 TARGET 1, GFOC ACTIVE READY 7.500 TARGET 1

STATUS: WPROT GOTO WP14

11:50:51.823 PM 6/7/2023	<Active Finish> TX: V46	RX: 0	TX: EX	RX: -24376	
11:51:08.052 PM 6/7/2023	CMD: WPROT ACTIVE BUSY 292.512 WP14 14, WPSEL ACTIVE READY 0.000 L/4 1, CALW ACTIVE READY 0.000 OFF 1, ASEL ACTIVE READY 28.776 ON 2, GMIR ACTIVE READY 66.000 TARGET 1, GFOC ACTIVE READY 7.500 TARGET 1

STATUS: WPROT GOTO WP15

11:51:09.705 PM 6/7/2023	<Active Finish> TX: V46	RX: 0	TX: EX	RX: -26250	
11:51:24.481 PM 6/7/2023	CMD: WPROT ACTIVE BUSY 315.000 WP15 15, WPSEL ACTIVE READY 0.000 L/4 1, CALW ACTIVE READY 0.000 OFF 1, ASEL ACTIVE READY 28.776 ON 2, GMIR ACTIVE READY 66.000 TARGET 1, GFOC ACTIVE READY 7.500 TARGET 1

STATUS: WPROT GOTO WP16

11:51:26.283 PM 6/7/2023	<Active Finish> TX: V46	RX: 0	TX: EX	RX: -28125	
11:53:45.027 PM 6/7/2023	CMD: WPROT ACTIVE READY 337.500 WP16 16, WPSEL ACTIVE READY 0.000 L/4 1, CALW ACTIVE READY 0.000 OFF 1, ASEL ACTIVE READY 28.776 ON 2, GMIR ACTIVE BUSY 66.000 TARGET 1, GFOC ACTIVE READY 7.500 TARGET 1

STATUS: GMIR GOTO 110.000000

11:53:45.802 PM 6/7/2023	<Active Goto> TX: V20=18333.333	RX: OK	TX: V21=16	RX: OK	TX: GS29	RX: OK	
11:53:48.166 PM 6/7/2023	<Active Finish> TX: V46	RX: 0	TX: EX	RX: 18333	
11:55:05.106 PM 6/7/2023	CMD: WPROT ACTIVE BUSY 337.500 WP16 16, WPSEL ACTIVE READY 0.000 L/4 1, CALW ACTIVE READY 0.000 OFF 1, ASEL ACTIVE READY 28.776 ON 2, GMIR ACTIVE READY 109.998 TARGET 1, GFOC ACTIVE READY 7.500 TARGET 1

STATUS: WPROT GOTO WP1

11:55:06.879 PM 6/7/2023	<Active Finish> TX: V46	RX: 0	TX: EX	RX: 0	
11:57:10.262 PM 6/7/2023	CMD: WPROT ACTIVE READY 0.000 WP1 1, WPSEL ACTIVE BUSY 0.000 L/4 1, CALW ACTIVE BUSY 0.000 OFF 1, ASEL ACTIVE BUSY 28.776 ON 2, GMIR ACTIVE READY 109.998 TARGET 1, GFOC ACTIVE READY 7.500 TARGET 1

STATUS: WPSEL GOTO L/2, CALW GOTO OFF, ASEL GOTO ON

11:57:10.926 PM 6/7/2023	<Active Goto> TX: V20=800000.000	RX: OK	TX: V21=3	RX: OK	TX: GS29	RX: OK	
11:57:11.259 PM 6/7/2023	<Active Goto> TX: V20=4800.000	RX: OK	TX: V21=2	RX: OK	TX: GS29	RX: OK	
11:57:13.718 PM 6/7/2023	<Active Finish> TX: V46	RX: 0	TX: EX	RX: -4796	
11:57:15.685 PM 6/7/2023	<Active Goto> TX: V20=0.000	RX: OK	TX: V21=1	RX: OK	TX: GS29	RX: OK	
11:57:18.140 PM 6/7/2023	<Active Finish> TX: V46	RX: 0	TX: EX	RX: 0	
11:57:48.746 PM 6/7/2023	<Active Finish> TX: V46	RX: 0	TX: EX	RX: 799998	
11:57:50.785 PM 6/7/2023	<Active Init> TX: V81=0	RX: OK	TX: V82=1875	RX: OK	TX: V83=3750	RX: OK	TX: V84=5625	RX: OK	TX: V85=7500	RX: OK	TX: V86=9375	RX: OK	TX: V87=11250	RX: OK	TX: V88=13125	RX: OK	TX: V89=15000	RX: OK	TX: V90=16875	RX: OK	TX: V91=18750	RX: OK	TX: V92=20625	RX: OK	TX: V93=22500	RX: OK	TX: V94=24375	RX: OK	TX: V95=26250	RX: OK	TX: V96=28125	RX: OK	TX: V20=900	RX: OK	TX: V21=0	RX: OK	TX: GS30	RX: OK	
11:57:57.825 PM 6/7/2023	<Active Finish> TX: V46	RX: 0	TX: EX	RX: 0	
11:58:29.666 PM 6/7/2023	CMD: WPROT ACTIVE BUSY 0.000 WP1 1, WPSEL ACTIVE READY 160.000 L/2 3, CALW ACTIVE READY 0.000 OFF 1, ASEL ACTIVE READY 28.776 ON 2, GMIR ACTIVE READY 109.998 TARGET 1, GFOC ACTIVE READY 7.500 TARGET 1

STATUS: WPROT GOTO WP1

11:58:30.798 PM 6/7/2023	<Active Finish> TX: V46	RX: 0	TX: EX	RX: 0	
