06:19:41,811 2024/03/30	WPSEL INIT NONE	
06:19:41,815 2024/03/30	WPROT SIMULATED NONE 0.000 NONE -1, WPSEL SIMULATED BUSY 0.000 NONE -1, CALW SIMULATED NONE 0.000 NONE -1, ASEL SIMULATED NONE 0.000 NONE -1, GMIR SIMULATED NONE 0.000 NONE -1, GFOC SIMULATED NONE 0.000 NONE -1
	
06:20:00,395 2024/03/30	WPROT INIT NONE	
06:20:00,396 2024/03/30	WPROT SIMULATED BUSY 0.000 NONE -1, WPSEL SIMULATED READY 0.000 OFF 1, CALW SIMULATED NONE 0.000 NONE -1, ASEL SIMULATED NONE 0.000 NONE -1, GMIR SIMULATED NONE 0.000 NONE -1, GFOC SIMULATED NONE 0.000 NONE -1
	
06:20:30,295 2024/03/30	CALW INIT NONE	
06:20:30,295 2024/03/30	WPROT SIMULATED READY 0.000 OFF 1, WPSEL SIMULATED READY 0.000 OFF 1, CALW SIMULATED BUSY 0.000 NONE -1, ASEL SIMULATED NONE 0.000 NONE -1, GMIR SIMULATED NONE 0.000 NONE -1, GFOC SIMULATED NONE 0.000 NONE -1
	
06:21:54,662 2024/03/30	CALW INIT NONE	
06:21:54,663 2024/03/30	WPROT SIMULATED READY 0.000 OFF 1, WPSEL SIMULATED READY 0.000 OFF 1, CALW SIMULATED BUSY 0.000 TARGET 1, ASEL SIMULATED NONE 0.000 NONE -1, GMIR SIMULATED NONE 0.000 NONE -1, GFOC SIMULATED NONE 0.000 NONE -1
	
06:22:05,820 2024/03/30	CALW INIT NONE	
06:22:05,821 2024/03/30	WPROT SIMULATED READY 0.000 OFF 1, WPSEL SIMULATED READY 0.000 OFF 1, CALW SIMULATED BUSY 0.000 TARGET 1, ASEL SIMULATED NONE 0.000 NONE -1, GMIR SIMULATED NONE 0.000 NONE -1, GFOC SIMULATED NONE 0.000 NONE -1
	
06:24:06,875 2024/03/30	CALW INIT NONE	
06:24:06,876 2024/03/30	WPROT SIMULATED READY 0.000 OFF 1, WPSEL SIMULATED READY 0.000 OFF 1, CALW SIMULATED BUSY 0.000 TARGET 1, ASEL SIMULATED NONE 0.000 NONE -1, GMIR SIMULATED NONE 0.000 NONE -1, GFOC SIMULATED NONE 0.000 NONE -1
	
06:24:32,683 2024/03/30	CALW INIT NONE	
06:24:32,684 2024/03/30	WPROT SIMULATED READY 0.000 OFF 1, WPSEL SIMULATED READY 0.000 OFF 1, CALW SIMULATED BUSY 0.000 TARGET 1, ASEL SIMULATED NONE 0.000 NONE -1, GMIR SIMULATED NONE 0.000 NONE -1, GFOC SIMULATED NONE 0.000 NONE -1
	
06:25:06,539 2024/03/30	WPSEL INIT NONE	
06:25:06,540 2024/03/30	WPROT SIMULATED READY 0.000 OFF 1, WPSEL SIMULATED BUSY 0.000 OFF 1, CALW SIMULATED READY 0.000 TARGET 1, ASEL SIMULATED NONE 0.000 NONE -1, GMIR SIMULATED NONE 0.000 NONE -1, GFOC SIMULATED NONE 0.000 NONE -1
	
06:25:43,093 2024/03/30	WPROT INIT NONE	
06:25:43,095 2024/03/30	WPROT SIMULATED BUSY 0.000 NONE -1, WPSEL SIMULATED READY 0.000 OFF 1, CALW SIMULATED READY 0.000 TARGET 1, ASEL SIMULATED NONE 0.000 NONE -1, GMIR SIMULATED NONE 0.000 NONE -1, GFOC SIMULATED NONE 0.000 NONE -1
	
06:25:49,849 2024/03/30	WPROT INIT NONE	
06:25:49,850 2024/03/30	WPROT SIMULATED BUSY 0.000 OFF 1, WPSEL SIMULATED READY 0.000 OFF 1, CALW SIMULATED READY 0.000 TARGET 1, ASEL SIMULATED NONE 0.000 NONE -1, GMIR SIMULATED NONE 0.000 NONE -1, GFOC SIMULATED NONE 0.000 NONE -1
	
06:26:34,725 2024/03/30	WPROT INIT NONE	
06:26:34,726 2024/03/30	WPROT SIMULATED BUSY 0.000 OFF 1, WPSEL SIMULATED READY 0.000 OFF 1, CALW SIMULATED READY 0.000 TARGET 1, ASEL SIMULATED NONE 0.000 NONE -1, GMIR SIMULATED NONE 0.000 NONE -1, GFOC SIMULATED NONE 0.000 NONE -1
	
06:26:51,534 2024/03/30	WPROT INIT NONE	
06:26:51,535 2024/03/30	WPROT SIMULATED BUSY 0.000 OFF 1, WPSEL SIMULATED READY 0.000 OFF 1, CALW SIMULATED READY 0.000 TARGET 1, ASEL SIMULATED NONE 0.000 NONE -1, GMIR SIMULATED NONE 0.000 NONE -1, GFOC SIMULATED NONE 0.000 NONE -1
	
06:27:11,877 2024/03/30	WPROT INIT NONE	
06:27:11,878 2024/03/30	WPROT SIMULATED BUSY 0.000 OFF 1, WPSEL SIMULATED READY 0.000 OFF 1, CALW SIMULATED READY 0.000 TARGET 1, ASEL SIMULATED NONE 0.000 NONE -1, GMIR SIMULATED NONE 0.000 NONE -1, GFOC SIMULATED NONE 0.000 NONE -1
	
06:28:49,743 2024/03/30	WPROT INIT NONE	
06:28:49,743 2024/03/30	WPROT SIMULATED BUSY 0.000 OFF 1, WPSEL SIMULATED READY 0.000 OFF 1, CALW SIMULATED READY 0.000 TARGET 1, ASEL SIMULATED NONE 0.000 NONE -1, GMIR SIMULATED NONE 0.000 NONE -1, GFOC SIMULATED NONE 0.000 NONE -1
	
06:29:13,187 2024/03/30	WPROT INIT NONE	
06:29:13,188 2024/03/30	WPROT SIMULATED BUSY 0.000 OFF 1, WPSEL SIMULATED READY 0.000 OFF 1, CALW SIMULATED READY 0.000 TARGET 1, ASEL SIMULATED NONE 0.000 NONE -1, GMIR SIMULATED NONE 0.000 NONE -1, GFOC SIMULATED NONE 0.000 NONE -1
	
06:29:33,626 2024/03/30	WPROT INIT NONE	
06:29:33,627 2024/03/30	WPROT SIMULATED BUSY 0.000 OFF 1, WPSEL SIMULATED READY 0.000 OFF 1, CALW SIMULATED READY 0.000 TARGET 1, ASEL SIMULATED NONE 0.000 NONE -1, GMIR SIMULATED NONE 0.000 NONE -1, GFOC SIMULATED NONE 0.000 NONE -1
	
06:29:48,348 2024/03/30	WPROT INIT NONE	
06:29:48,348 2024/03/30	WPROT SIMULATED BUSY 0.000 OFF 1, WPSEL SIMULATED READY 0.000 OFF 1, CALW SIMULATED READY 0.000 TARGET 1, ASEL SIMULATED NONE 0.000 NONE -1, GMIR SIMULATED NONE 0.000 NONE -1, GFOC SIMULATED NONE 0.000 NONE -1
	
06:30:13,257 2024/03/30	WPROT INIT NONE	
06:30:13,257 2024/03/30	WPROT SIMULATED BUSY 0.000 OFF 1, WPSEL SIMULATED READY 0.000 OFF 1, CALW SIMULATED READY 0.000 TARGET 1, ASEL SIMULATED NONE 0.000 NONE -1, GMIR SIMULATED NONE 0.000 NONE -1, GFOC SIMULATED NONE 0.000 NONE -1
	
06:30:23,913 2024/03/30	WPROT INIT NONE	
06:30:23,914 2024/03/30	WPROT SIMULATED BUSY 0.000 OFF 1, WPSEL SIMULATED READY 0.000 OFF 1, CALW SIMULATED READY 0.000 TARGET 1, ASEL SIMULATED NONE 0.000 NONE -1, GMIR SIMULATED NONE 0.000 NONE -1, GFOC SIMULATED NONE 0.000 NONE -1
	
06:30:37,311 2024/03/30	WPROT INIT NONE	
06:30:37,312 2024/03/30	WPROT SIMULATED BUSY 0.000 OFF 1, WPSEL SIMULATED READY 0.000 OFF 1, CALW SIMULATED READY 0.000 TARGET 1, ASEL SIMULATED NONE 0.000 NONE -1, GMIR SIMULATED NONE 0.000 NONE -1, GFOC SIMULATED NONE 0.000 NONE -1
	
06:30:59,866 2024/03/30	WPROT INIT NONE	
06:30:59,867 2024/03/30	WPROT SIMULATED BUSY 0.000 OFF 1, WPSEL SIMULATED READY 0.000 OFF 1, CALW SIMULATED READY 0.000 TARGET 1, ASEL SIMULATED NONE 0.000 NONE -1, GMIR SIMULATED NONE 0.000 NONE -1, GFOC SIMULATED NONE 0.000 NONE -1
	
06:31:10,217 2024/03/30	WPROT INIT NONE	
06:31:10,218 2024/03/30	WPROT SIMULATED BUSY 0.000 OFF 1, WPSEL SIMULATED READY 0.000 OFF 1, CALW SIMULATED READY 0.000 TARGET 1, ASEL SIMULATED NONE 0.000 NONE -1, GMIR SIMULATED NONE 0.000 NONE -1, GFOC SIMULATED NONE 0.000 NONE -1
	
06:31:32,208 2024/03/30	WPROT INIT NONE	
06:31:32,209 2024/03/30	WPROT SIMULATED BUSY 0.000 OFF 1, WPSEL SIMULATED READY 0.000 OFF 1, CALW SIMULATED READY 0.000 TARGET 1, ASEL SIMULATED NONE 0.000 NONE -1, GMIR SIMULATED NONE 0.000 NONE -1, GFOC SIMULATED NONE 0.000 NONE -1
	
06:33:05,100 2024/03/30	WPROT INIT NONE	
06:33:05,101 2024/03/30	WPROT SIMULATED BUSY 0.000 OFF 1, WPSEL SIMULATED READY 0.000 OFF 1, CALW SIMULATED READY 0.000 TARGET 1, ASEL SIMULATED NONE 0.000 NONE -1, GMIR SIMULATED NONE 0.000 NONE -1, GFOC SIMULATED NONE 0.000 NONE -1
	
06:33:14,894 2024/03/30	WPROT INIT NONE	
06:33:14,895 2024/03/30	WPROT SIMULATED BUSY 0.000 OFF 1, WPSEL SIMULATED READY 0.000 OFF 1, CALW SIMULATED READY 0.000 TARGET 1, ASEL SIMULATED NONE 0.000 NONE -1, GMIR SIMULATED NONE 0.000 NONE -1, GFOC SIMULATED NONE 0.000 NONE -1
	
06:38:11,531 2024/03/30	WPROT INIT NONE	
06:38:11,531 2024/03/30	WPROT SIMULATED BUSY 0.000 NONE -1, WPSEL SIMULATED NONE 0.000 NONE -1, CALW SIMULATED NONE 0.000 NONE -1, ASEL SIMULATED NONE 0.000 NONE -1, GMIR SIMULATED NONE 0.000 NONE -1, GFOC SIMULATED NONE 0.000 NONE -1
	
06:38:27,217 2024/03/30	WPROT INIT NONE	
06:38:27,218 2024/03/30	WPROT SIMULATED BUSY 0.000 OFF 1, WPSEL SIMULATED NONE 0.000 NONE -1, CALW SIMULATED NONE 0.000 NONE -1, ASEL SIMULATED NONE 0.000 NONE -1, GMIR SIMULATED NONE 0.000 NONE -1, GFOC SIMULATED NONE 0.000 NONE -1
	
06:39:02,388 2024/03/30	WPROT INIT NONE	
06:39:02,389 2024/03/30	WPROT SIMULATED BUSY 0.000 OFF 1, WPSEL SIMULATED NONE 0.000 NONE -1, CALW SIMULATED NONE 0.000 NONE -1, ASEL SIMULATED NONE 0.000 NONE -1, GMIR SIMULATED NONE 0.000 NONE -1, GFOC SIMULATED NONE 0.000 NONE -1
	
06:39:35,328 2024/03/30	WPROT INIT NONE	
06:39:35,329 2024/03/30	WPROT SIMULATED BUSY 0.000 OFF 1, WPSEL SIMULATED NONE 0.000 NONE -1, CALW SIMULATED NONE 0.000 NONE -1, ASEL SIMULATED NONE 0.000 NONE -1, GMIR SIMULATED NONE 0.000 NONE -1, GFOC SIMULATED NONE 0.000 NONE -1
	
06:39:44,826 2024/03/30	WPROT INIT NONE	
06:39:44,827 2024/03/30	WPROT SIMULATED BUSY 0.000 OFF 1, WPSEL SIMULATED NONE 0.000 NONE -1, CALW SIMULATED NONE 0.000 NONE -1, ASEL SIMULATED NONE 0.000 NONE -1, GMIR SIMULATED NONE 0.000 NONE -1, GFOC SIMULATED NONE 0.000 NONE -1
	
07:04:44,616 2024/03/30	WPROT INIT NONE	
07:04:44,617 2024/03/30	WPROT SIMULATED BUSY 0.000 NONE -1, WPSEL SIMULATED NONE 0.000 NONE -1, CALW SIMULATED NONE 0.000 NONE -1, ASEL SIMULATED NONE 0.000 NONE -1, GMIR SIMULATED NONE 0.000 NONE -1, GFOC SIMULATED NONE 0.000 NONE -1
	
07:57:34,115 2024/03/30	CALW INIT NONE	
07:57:34,116 2024/03/30	WPROT SIMULATED NONE 0.000 NONE -1, WPSEL SIMULATED NONE 0.000 NONE -1, CALW SIMULATED BUSY 0.000 NONE -1, ASEL SIMULATED NONE 0.000 NONE -1, GMIR SIMULATED NONE 0.000 NONE -1, GFOC SIMULATED NONE 0.000 NONE -1
	
08:14:01,014 2024/03/30	WPROT INIT NONE	
08:14:01,015 2024/03/30	WPROT SIMULATED BUSY 0.000 NONE -1, WPSEL SIMULATED NONE 0.000 NONE -1, CALW SIMULATED NONE 0.000 NONE -1, ASEL SIMULATED NONE 0.000 NONE -1, GMIR SIMULATED NONE 0.000 NONE -1, GFOC SIMULATED NONE 0.000 NONE -1
	
08:19:33,480 2024/03/30	WPSEL INIT NONE	
08:19:33,481 2024/03/30	WPROT SIMULATED NONE 0.000 NONE -1, WPSEL SIMULATED BUSY 0.000 NONE -1, CALW SIMULATED NONE 0.000 NONE -1, ASEL SIMULATED NONE 0.000 NONE -1, GMIR SIMULATED NONE 0.000 NONE -1, GFOC SIMULATED NONE 0.000 NONE -1
	
08:20:00,634 2024/03/30	WPSEL INIT NONE	
08:20:00,635 2024/03/30	WPROT SIMULATED NONE 0.000 NONE -1, WPSEL SIMULATED BUSY 0.000 OFF 1, CALW SIMULATED NONE 0.000 NONE -1, ASEL SIMULATED NONE 0.000 NONE -1, GMIR SIMULATED NONE 0.000 NONE -1, GFOC SIMULATED NONE 0.000 NONE -1
	
08:37:09,094 2024/03/30	WPSEL INIT NONE, CALW INIT NONE	
08:37:09,095 2024/03/30	WPROT SIMULATED NONE 0.000 NONE -1, WPSEL SIMULATED BUSY 0.000 NONE -1, CALW SIMULATED BUSY 0.000 NONE -1, ASEL SIMULATED NONE 0.000 NONE -1, GMIR SIMULATED NONE 0.000 NONE -1, GFOC SIMULATED NONE 0.000 NONE -1
	
