2024-08-30T13:38:29.648|INFO|S4ICS|VERS	20240731
2024-08-30T13:38:29.635|INFO|S4ICS|START	
2024-08-30T13:39:13.728|INFO|S4ICS|WPROT	Validate motor WPROT INIT 	TX0: STOP	RX0: OK
2024-08-30T13:39:13.740|INFO|S4ICS|WPROT	Validate motor WPROT INIT 	TX0: SR0=0	RX0: OK
2024-08-30T13:39:13.752|INFO|S4ICS|WPROT	Validate motor WPROT INIT 	TX0: CLR	RX0: OK
2024-08-30T13:39:13.764|INFO|S4ICS|WPROT	Validate motor WPROT INIT 	TX0: IP	RX0: 192.168.1.245
2024-08-30T13:39:13.776|INFO|S4ICS|WPROT	Validate motor WPROT INIT 	TX0: V45	RX0: 16
2024-08-30T13:39:13.787|INFO|S4ICS|WPROT	Validate motor WPROT INIT 	TX0: V50	RX0: 1
2024-08-30T13:39:13.903|INFO|S4ICS|WPROT	Send ID & POL	TX0: V49=1	RX0: OK
2024-08-30T13:39:13.915|INFO|S4ICS|WPROT	Send ID & POL	TX0: POL=16	RX0: OK
2024-08-30T13:39:14.129|INFO|S4ICS|WPROT	Send Positions	TX0: V51=0	RX0: OK
2024-08-30T13:39:14.140|INFO|S4ICS|WPROT	Send Positions	TX0: V52=1875	RX0: OK
2024-08-30T13:39:14.151|INFO|S4ICS|WPROT	Send Positions	TX0: V53=3750	RX0: OK
2024-08-30T13:39:14.162|INFO|S4ICS|WPROT	Send Positions	TX0: V54=5625	RX0: OK
2024-08-30T13:39:14.175|INFO|S4ICS|WPROT	Send Positions	TX0: V55=7500	RX0: OK
2024-08-30T13:39:14.186|INFO|S4ICS|WPROT	Send Positions	TX0: V56=9375	RX0: OK
2024-08-30T13:39:14.199|INFO|S4ICS|WPROT	Send Positions	TX0: V57=11250	RX0: OK
2024-08-30T13:39:14.211|INFO|S4ICS|WPROT	Send Positions	TX0: V58=13125	RX0: OK
2024-08-30T13:39:14.223|INFO|S4ICS|WPROT	Send Positions	TX0: V59=15000	RX0: OK
2024-08-30T13:39:14.234|INFO|S4ICS|WPROT	Send Positions	TX0: V60=16875	RX0: OK
2024-08-30T13:39:14.245|INFO|S4ICS|WPROT	Send Positions	TX0: V61=18750	RX0: OK
2024-08-30T13:39:14.257|INFO|S4ICS|WPROT	Send Positions	TX0: V62=20625	RX0: OK
2024-08-30T13:39:14.268|INFO|S4ICS|WPROT	Send Positions	TX0: V63=22500	RX0: OK
2024-08-30T13:39:14.279|INFO|S4ICS|WPROT	Send Positions	TX0: V64=24375	RX0: OK
2024-08-30T13:39:14.290|INFO|S4ICS|WPROT	Send Positions	TX0: V65=26250	RX0: OK
2024-08-30T13:39:14.302|INFO|S4ICS|WPROT	Send Positions	TX0: V66=28125	RX0: OK
2024-08-30T13:39:14.320|INFO|S4ICS|WPSEL	Validate motor WPSEL INIT 	TX0: STOP	RX0: OK
2024-08-30T13:39:14.331|INFO|S4ICS|WPSEL	Validate motor WPSEL INIT 	TX0: SR0=0	RX0: OK
2024-08-30T13:39:14.342|INFO|S4ICS|WPSEL	Validate motor WPSEL INIT 	TX0: CLR	RX0: OK
2024-08-30T13:39:14.354|INFO|S4ICS|WPSEL	Validate motor WPSEL INIT 	TX0: IP	RX0: 192.168.1.246
2024-08-30T13:39:14.365|INFO|S4ICS|WPSEL	Validate motor WPSEL INIT 	TX0: V45	RX0: 80
2024-08-30T13:39:14.377|INFO|S4ICS|WPSEL	Validate motor WPSEL INIT 	TX0: V50	RX0: 2
2024-08-30T13:39:14.493|INFO|S4ICS|WPSEL	Send ID & POL	TX0: V49=2	RX0: OK
2024-08-30T13:39:14.505|INFO|S4ICS|WPSEL	Send ID & POL	TX0: POL=80	RX0: OK
2024-08-30T13:39:14.618|INFO|S4ICS|CALW	Validate motor CALW INIT 	TX0: STOP	RX0: OK
2024-08-30T13:39:14.629|INFO|S4ICS|CALW	Validate motor CALW INIT 	TX0: SR0=0	RX0: OK
2024-08-30T13:39:14.641|INFO|S4ICS|CALW	Validate motor CALW INIT 	TX0: CLR	RX0: OK
2024-08-30T13:39:14.652|INFO|S4ICS|CALW	Validate motor CALW INIT 	TX0: IP	RX0: 192.168.1.247
2024-08-30T13:39:14.663|INFO|S4ICS|CALW	Validate motor CALW INIT 	TX0: V45	RX0: 0
2024-08-30T13:39:14.675|INFO|S4ICS|CALW	Validate motor CALW INIT 	TX0: V50	RX0: 4
2024-08-30T13:39:14.790|INFO|S4ICS|CALW	Send ID & POL	TX0: V49=4	RX0: OK
2024-08-30T13:39:14.802|INFO|S4ICS|CALW	Send ID & POL	TX0: POL=0	RX0: OK
2024-08-30T13:39:14.916|INFO|S4ICS|ASEL	Validate motor ASEL INIT 	TX0: STOP	RX0: OK
2024-08-30T13:39:14.928|INFO|S4ICS|ASEL	Validate motor ASEL INIT 	TX0: SR0=0	RX0: OK
2024-08-30T13:39:14.940|INFO|S4ICS|ASEL	Validate motor ASEL INIT 	TX0: CLR	RX0: OK
2024-08-30T13:39:14.952|INFO|S4ICS|ASEL	Validate motor ASEL INIT 	TX0: IP	RX0: 192.168.1.248
2024-08-30T13:39:14.964|INFO|S4ICS|ASEL	Validate motor ASEL INIT 	TX0: V45	RX0: 48
2024-08-30T13:39:14.976|INFO|S4ICS|ASEL	Validate motor ASEL INIT 	TX0: V50	RX0: 8
2024-08-30T13:39:15.090|INFO|S4ICS|ASEL	Send ID & POL	TX0: V49=8	RX0: OK
2024-08-30T13:39:15.102|INFO|S4ICS|ASEL	Send ID & POL	TX0: POL=48	RX0: OK
2024-08-30T13:39:15.217|INFO|S4ICS|GMIR	Validate motor GMIR INIT 	TX0: STOP	RX0: OK
2024-08-30T13:39:15.230|INFO|S4ICS|GMIR	Validate motor GMIR INIT 	TX0: SR0=0	RX0: OK
2024-08-30T13:39:15.241|INFO|S4ICS|GMIR	Validate motor GMIR INIT 	TX0: CLR	RX0: OK
2024-08-30T13:39:15.252|INFO|S4ICS|GMIR	Validate motor GMIR INIT 	TX0: IP	RX0: 192.168.1.249
2024-08-30T13:39:15.263|INFO|S4ICS|GMIR	Validate motor GMIR INIT 	TX0: V45	RX0: 0
2024-08-30T13:39:15.273|INFO|S4ICS|GMIR	Validate motor GMIR INIT 	TX0: V50	RX0: 48
2024-08-30T13:39:15.387|INFO|S4ICS|GMIR	Send ID & POL	TX0: V49=48	RX0: OK
2024-08-30T13:39:15.400|INFO|S4ICS|GMIR	Send ID & POL	TX0: POL=0	RX0: OK
2024-08-30T13:39:15.515|INFO|S4ICS|GFOC		TX0: V50	RX0: 48
2024-08-30T13:39:44.686|INFO|S4ICS|CALW INIT NONE	
2024-08-30T13:39:44.686|INFO|S4ICS|WPROT ACTIVE NONE 0.000 NONE -1, WPSEL ACTIVE NONE 0.000 NONE -1, CALW ACTIVE BUSY 0.000 NONE -1, ASEL ACTIVE NONE 0.000 NONE -1, GMIR ACTIVE NONE 0.000 NONE -1, GFOC ACTIVE NONE 0.000 NONE -1
	
2024-08-30T13:39:45.298|INFO|S4ICS|CALW	CALW	TX0: STOP	RX0: OK
2024-08-30T13:39:45.310|INFO|S4ICS|CALW	CALW	TX0: SR0=0	RX0: OK
2024-08-30T13:39:45.322|INFO|S4ICS|CALW	CALW	TX0: V20=0	RX0: OK
2024-08-30T13:39:45.334|INFO|S4ICS|CALW	CALW	TX0: V21=0	RX0: OK
2024-08-30T13:39:45.346|INFO|S4ICS|CALW	CALW	TX0: GS30	RX0: OK
2024-08-30T13:39:45.722|INFO|S4ICS|CALW	CALW	TX0: V46	RX0: 1
2024-08-30T13:39:45.734|INFO|S4ICS|CALW	CALW	TX0: EX	RX0: -1617
2024-08-30T13:39:45.744|INFO|S4ICS|CALW	CALW=9.702	
2024-08-30T13:39:46.118|INFO|S4ICS|CALW	CALW	TX0: V46	RX0: 1
2024-08-30T13:39:46.129|INFO|S4ICS|CALW	CALW	TX0: EX	RX0: -5276
2024-08-30T13:39:46.139|INFO|S4ICS|CALW	CALW=31.656	
2024-08-30T13:39:46.513|INFO|S4ICS|CALW	CALW	TX0: V46	RX0: 1
2024-08-30T13:39:46.525|INFO|S4ICS|CALW	CALW	TX0: EX	RX0: -6497
2024-08-30T13:39:46.535|INFO|S4ICS|CALW	CALW=38.982	
2024-08-30T13:39:46.907|INFO|S4ICS|CALW	CALW	TX0: V46	RX0: 1
2024-08-30T13:39:46.918|INFO|S4ICS|CALW	CALW	TX0: EX	RX0: -10189
2024-08-30T13:39:46.928|INFO|S4ICS|CALW	CALW=61.134	
2024-08-30T13:39:47.303|INFO|S4ICS|CALW	CALW	TX0: V46	RX0: 1
2024-08-30T13:39:47.315|INFO|S4ICS|CALW	CALW	TX0: EX	RX0: -14170
2024-08-30T13:39:47.325|INFO|S4ICS|CALW	CALW=85.020	
2024-08-30T13:39:47.698|INFO|S4ICS|CALW	CALW	TX0: V46	RX0: 1
2024-08-30T13:39:47.710|INFO|S4ICS|CALW	CALW	TX0: EX	RX0: -15634
2024-08-30T13:39:47.720|INFO|S4ICS|CALW	CALW=93.804	
2024-08-30T13:39:48.092|INFO|S4ICS|CALW	CALW	TX0: V46	RX0: 1
2024-08-30T13:39:48.105|INFO|S4ICS|CALW	CALW	TX0: EX	RX0: -19178
2024-08-30T13:39:48.115|INFO|S4ICS|CALW	CALW=115.068	
2024-08-30T13:39:48.490|INFO|S4ICS|CALW	CALW	TX0: V46	RX0: 1
2024-08-30T13:39:48.502|INFO|S4ICS|CALW	CALW	TX0: EX	RX0: -23176
2024-08-30T13:39:48.512|INFO|S4ICS|CALW	CALW=139.056	
2024-08-30T13:39:48.884|INFO|S4ICS|CALW	CALW	TX0: V46	RX0: 1
2024-08-30T13:39:48.896|INFO|S4ICS|CALW	CALW	TX0: EX	RX0: -24993
2024-08-30T13:39:48.906|INFO|S4ICS|CALW	CALW=149.958	
2024-08-30T13:39:50.611|INFO|S4ICS|CALW	CALW	TX0: V46	RX0: 1
2024-08-30T13:39:50.622|INFO|S4ICS|CALW	CALW	TX0: EX	RX0: -40547
2024-08-30T13:39:50.632|INFO|S4ICS|CALW	CALW=243.282	
2024-08-30T13:39:51.005|INFO|S4ICS|CALW	CALW	TX0: V46	RX0: 1
2024-08-30T13:39:51.016|INFO|S4ICS|CALW	CALW	TX0: EX	RX0: -44519
2024-08-30T13:39:51.027|INFO|S4ICS|CALW	CALW=267.114	
2024-08-30T13:39:51.400|INFO|S4ICS|CALW	CALW	TX0: V46	RX0: 1
2024-08-30T13:39:51.412|INFO|S4ICS|CALW	CALW	TX0: EX	RX0: -48510
2024-08-30T13:39:51.422|INFO|S4ICS|CALW	CALW=291.060	
2024-08-30T13:39:51.795|INFO|S4ICS|CALW	CALW	TX0: V46	RX0: 1
2024-08-30T13:39:51.807|INFO|S4ICS|CALW	CALW	TX0: EX	RX0: -52509
2024-08-30T13:39:51.817|INFO|S4ICS|CALW	CALW=315.054	
2024-08-30T13:39:52.191|INFO|S4ICS|CALW	CALW	TX0: V46	RX0: 1
2024-08-30T13:39:52.203|INFO|S4ICS|CALW	CALW	TX0: EX	RX0: -56500
2024-08-30T13:39:52.213|INFO|S4ICS|CALW	CALW=339.000	
2024-08-30T13:39:52.586|INFO|S4ICS|CALW	CALW	TX0: V46	RX0: 1
2024-08-30T13:39:52.598|INFO|S4ICS|CALW	CALW	TX0: EX	RX0: -60317
2024-08-30T13:39:52.608|INFO|S4ICS|CALW	CALW=361.902	
2024-08-30T13:39:52.980|INFO|S4ICS|CALW	CALW	TX0: V46	RX0: 0
2024-08-30T13:39:52.992|INFO|S4ICS|CALW	CALW	TX0: EX	RX0: 0
2024-08-30T13:39:53.002|INFO|S4ICS|CALW	CALW=0.000	
2024-08-30T13:39:53.372|INFO|S4ICS|CALW	CALW	 Finish 	CALW ACTIVE READY 0.000 OFF 1	
2024-08-30T13:40:37.414|INFO|S4ICS|EXIT	
