09:24:12,744 2024/01/17	Validate motor init	TX: STOP	RX: OK
09:24:12,758 2024/01/17	Validate motor init	TX: SR0=0	RX: OK
09:24:12,772 2024/01/17	Validate motor init	TX: CLR	RX: OK
09:24:12,783 2024/01/17	Validate motor init	TX: IP	RX: 192.168.1.245
09:24:12,797 2024/01/17	Validate motor init	TX: V45	RX: 16
09:24:12,811 2024/01/17	Validate motor init	TX: V50	RX: 1
09:24:12,927 2024/01/17	Send ID & POL	TX: V49=1	RX: OK
09:24:12,939 2024/01/17	Send ID & POL	TX: POL=16	RX: OK
09:24:13,155 2024/01/17	Send Positions	TX: V51=0	RX: OK
09:24:13,168 2024/01/17	Send Positions	TX: V52=1875	RX: OK
09:24:13,180 2024/01/17	Send Positions	TX: V53=3750	RX: OK
09:24:13,192 2024/01/17	Send Positions	TX: V54=5625	RX: OK
09:24:13,204 2024/01/17	Send Positions	TX: V55=7500	RX: OK
09:24:13,217 2024/01/17	Send Positions	TX: V56=9375	RX: OK
09:24:13,230 2024/01/17	Send Positions	TX: V57=11250	RX: OK
09:24:13,243 2024/01/17	Send Positions	TX: V58=13125	RX: OK
09:24:13,254 2024/01/17	Send Positions	TX: V59=15000	RX: OK
09:24:13,266 2024/01/17	Send Positions	TX: V60=16875	RX: OK
09:24:13,279 2024/01/17	Send Positions	TX: V61=18750	RX: OK
09:24:13,291 2024/01/17	Send Positions	TX: V62=20625	RX: OK
09:24:13,303 2024/01/17	Send Positions	TX: V63=22500	RX: OK
09:24:13,315 2024/01/17	Send Positions	TX: V64=24375	RX: OK
09:24:13,327 2024/01/17	Send Positions	TX: V65=26250	RX: OK
09:24:13,340 2024/01/17	Send Positions	TX: V66=28125	RX: OK
09:24:13,356 2024/01/17	Validate motor init	TX: STOP	RX: OK
09:24:13,368 2024/01/17	Validate motor init	TX: SR0=0	RX: OK
09:24:13,380 2024/01/17	Validate motor init	TX: CLR	RX: OK
09:24:13,393 2024/01/17	Validate motor init	TX: IP	RX: 192.168.1.246
09:24:13,405 2024/01/17	Validate motor init	TX: V45	RX: 80
09:24:13,416 2024/01/17	Validate motor init	TX: V50	RX: 2
09:24:13,541 2024/01/17	Send ID & POL	TX: V49=2	RX: OK
09:24:13,554 2024/01/17	Send ID & POL	TX: POL=80	RX: OK
09:24:14,666 2024/01/17	Can't open 192.168.1.247
09:24:14,781 2024/01/17	Validate motor init	TX: STOP	RX: OK
09:24:15,006 2024/01/17	Validate motor init	TX: SR0=0	RX: OK
09:24:15,227 2024/01/17	Validate motor init	TX: CLR	RX: OK
09:24:15,447 2024/01/17	Validate motor init	TX: IP	RX: 192.168.1.248
09:24:15,670 2024/01/17	Validate motor init	TX: V45	RX: 48
09:24:15,889 2024/01/17	Validate motor init	TX: V50	RX: 8
09:24:16,511 2024/01/17	Send ID & POL	TX: V49=8	RX: OK
09:24:16,524 2024/01/17	Send ID & POL	TX: POL=48	RX: OK
09:24:16,642 2024/01/17	Validate motor init	TX: STOP	RX: OK
09:24:16,655 2024/01/17	Validate motor init	TX: SR0=0	RX: OK
09:24:16,668 2024/01/17	Validate motor init	TX: CLR	RX: OK
09:24:16,679 2024/01/17	Validate motor init	TX: IP	RX: 192.168.1.249
09:24:16,692 2024/01/17	Validate motor init	TX: V45	RX: 0
09:24:16,704 2024/01/17	Validate motor init	TX: V50	RX: 48
09:24:16,820 2024/01/17	Send ID & POL	TX: V49=48	RX: OK
09:24:16,832 2024/01/17	Send ID & POL	TX: POL=0	RX: OK
09:24:16,949 2024/01/17	Validate motor init	TX: STOP	RX: OK
09:24:16,962 2024/01/17	Validate motor init	TX: SR0=0	RX: OK
09:24:16,974 2024/01/17	Validate motor init	TX: CLR	RX: OK
09:24:16,987 2024/01/17	Validate motor init	TX: IP	RX: 192.168.1.249
09:24:16,999 2024/01/17	Validate motor init	TX: V45	RX: 0
09:24:17,011 2024/01/17	Validate motor init	TX: V50	RX: 48
09:24:17,126 2024/01/17	Send ID & POL	TX: V49=48	RX: OK
09:24:17,139 2024/01/17	Send ID & POL	TX: POL=0	RX: OK
09:24:41,249 2024/01/17	WPSEL INIT NONE	
09:24:41,252 2024/01/17	WPROT ACTIVE NONE 0.000 NONE -1, WPSEL ACTIVE BUSY 0.000 NONE -1, CALW NONE NONE 0.000 NONE -1, ASEL ACTIVE NONE 0.000 NONE -1, GMIR ACTIVE NONE 0.000 NONE -1, GFOC ACTIVE NONE 0.000 NONE -1
	
09:24:42,198 2024/01/17	WPSEL	TX: V20=0	RX: OK
09:24:42,211 2024/01/17	WPSEL	TX: V21=0	RX: OK
09:24:42,226 2024/01/17	WPSEL	TX: GS30	RX: OK
09:24:42,961 2024/01/17	WPSEL	TX: V46	RX: 1
09:24:42,974 2024/01/17	WPSEL	TX: EX	RX: 9234
09:24:42,985 2024/01/17	WPSEL=1.847	
09:24:43,718 2024/01/17	WPSEL	TX: V46	RX: 1
09:24:43,731 2024/01/17	WPSEL	TX: EX	RX: 24605
09:24:43,740 2024/01/17	WPSEL=4.921	
09:24:44,472 2024/01/17	WPSEL	TX: V46	RX: 1
09:24:44,485 2024/01/17	WPSEL	TX: EX	RX: 14429
09:24:44,495 2024/01/17	WPSEL=2.886	
09:24:45,197 2024/01/17	WPSEL	TX: V46	RX: 1
09:24:45,212 2024/01/17	WPSEL	TX: EX	RX: 744
09:24:45,221 2024/01/17	WPSEL=0.149	
09:24:45,948 2024/01/17	WPSEL	TX: V46	RX: 1
09:24:45,962 2024/01/17	WPSEL	TX: EX	RX: 2608
09:24:45,973 2024/01/17	WPSEL=0.522	
09:24:46,688 2024/01/17	WPSEL	TX: V46	RX: 1
09:24:46,701 2024/01/17	WPSEL	TX: EX	RX: 18805
09:24:46,711 2024/01/17	WPSEL=3.761	
09:24:47,449 2024/01/17	WPSEL	TX: V46	RX: 1
09:24:47,461 2024/01/17	WPSEL	TX: EX	RX: 12523
09:24:47,471 2024/01/17	WPSEL=2.505	
09:24:48,190 2024/01/17	WPSEL	TX: V46	RX: 1
09:24:48,202 2024/01/17	WPSEL	TX: EX	RX: -3571
09:24:48,212 2024/01/17	WPSEL=-0.714	
09:24:48,965 2024/01/17	WPSEL	TX: V46	RX: 0
09:24:48,977 2024/01/17	WPSEL	TX: EX	RX: 0
09:24:48,987 2024/01/17	WPSEL=0.000	
09:24:51,124 2024/01/17	WPROT	TX: V81=0	RX: OK
09:24:51,355 2024/01/17	WPROT	TX: V82=1875	RX: OK
09:24:51,367 2024/01/17	WPROT	TX: V83=3750	RX: OK
09:24:51,379 2024/01/17	WPROT	TX: V84=5625	RX: OK
09:24:51,391 2024/01/17	WPROT	TX: V85=7500	RX: OK
09:24:51,403 2024/01/17	WPROT	TX: V86=9375	RX: OK
09:24:51,416 2024/01/17	WPROT	TX: V87=11250	RX: OK
09:24:51,428 2024/01/17	WPROT	TX: V88=13125	RX: OK
09:24:51,440 2024/01/17	WPROT	TX: V89=15000	RX: OK
09:24:51,453 2024/01/17	WPROT	TX: V90=16875	RX: OK
09:24:51,465 2024/01/17	WPROT	TX: V91=18750	RX: OK
09:24:51,477 2024/01/17	WPROT	TX: V92=20625	RX: OK
09:24:51,490 2024/01/17	WPROT	TX: V93=22500	RX: OK
09:24:51,503 2024/01/17	WPROT	TX: V94=24375	RX: OK
09:24:51,516 2024/01/17	WPROT	TX: V95=26250	RX: OK
09:24:51,528 2024/01/17	WPROT	TX: V96=28125	RX: OK
09:24:51,540 2024/01/17	WPROT	TX: V20=0	RX: OK
09:24:51,552 2024/01/17	WPROT	TX: V21=0	RX: OK
09:24:51,565 2024/01/17	WPROT	TX: GS30	RX: OK
09:24:52,274 2024/01/17	WPROT	TX: V46	RX: 1
09:24:52,288 2024/01/17	WPROT	TX: EX	RX: -7482
09:24:52,298 2024/01/17	WPROT=89.784	
09:24:53,018 2024/01/17	WPROT	TX: V46	RX: 1
09:24:53,030 2024/01/17	WPROT	TX: EX	RX: -19512
09:24:53,040 2024/01/17	WPROT=234.144	
09:24:53,776 2024/01/17	WPROT	TX: V46	RX: 1
09:24:53,788 2024/01/17	WPROT	TX: EX	RX: -31800
09:24:53,799 2024/01/17	WPROT=381.600	
09:24:54,540 2024/01/17	WPROT	TX: V46	RX: 1
09:24:54,553 2024/01/17	WPROT	TX: EX	RX: -44175
09:24:54,563 2024/01/17	WPROT=530.100	
09:24:55,256 2024/01/17	WPROT	TX: V46	RX: 1
09:24:55,269 2024/01/17	WPROT	TX: EX	RX: -55794
09:24:55,280 2024/01/17	WPROT=669.528	
09:24:55,999 2024/01/17	WPROT	TX: V46	RX: 1
09:24:56,012 2024/01/17	WPROT	TX: EX	RX: -63955
09:24:56,023 2024/01/17	WPROT=767.460	
09:24:56,728 2024/01/17	WPROT	TX: V46	RX: 1
09:24:56,741 2024/01/17	WPROT	TX: EX	RX: -69711
09:24:56,751 2024/01/17	WPROT=836.532	
09:24:57,461 2024/01/17	WPROT	TX: V46	RX: 1
09:24:57,473 2024/01/17	WPROT	TX: EX	RX: -81587
09:24:57,483 2024/01/17	WPROT=979.044	
09:24:58,183 2024/01/17	WPROT	TX: V46	RX: 1
09:24:58,195 2024/01/17	WPROT	TX: EX	RX: -91498
09:24:58,206 2024/01/17	WPROT=1097.976	
09:24:58,911 2024/01/17	WPROT	TX: V46	RX: 0
09:24:58,924 2024/01/17	WPROT	TX: EX	RX: 0
09:24:58,935 2024/01/17	WPROT=0.000	
