2024-10-19T10:25:41.647|INFO|S4ICS|VERS	20240924
2024-10-19T10:25:41.646|INFO|S4ICS|START	
2024-10-19T10:26:56.352|INFO|S4ICS|EXIT	
2024-10-19T10:26:59.878|INFO|S4ICS|START	
2024-10-19T10:31:13.980|INFO|S4ICS|EXIT	
2024-10-19T10:31:36.135|INFO|S4ICS|START	
2024-10-19T11:14:20.353|INFO|S4ICS|START	
2024-10-19T11:19:49.755|INFO|S4ICS|EXIT	
2024-10-19T11:19:53.386|INFO|S4ICS|START	
2024-10-19T11:43:25.214|INFO|S4ICS|START	
2024-10-19T11:53:48.599|INFO|S4ICS|START	
2024-10-19T12:29:44.187|INFO|S4ICS|WPSEL INIT NONE	
2024-10-19T12:29:44.188|INFO|S4ICS|WPROT SIMULATED NONE 0.000 NONE -1, WPSEL SIMULATED BUSY 0.000 NONE -1, CALW SIMULATED NONE 0.000 NONE -1, ASEL SIMULATED NONE 0.000 NONE -1, GMIR SIMULATED NONE 0.000 NONE -1, GFOC SIMULATED NONE 0.000 NONE -1
	
2024-10-19T12:29:44.312|INFO|S4ICS|WPROT INIT NONE	
2024-10-19T12:29:44.313|INFO|S4ICS|WPROT SIMULATED BUSY 0.000 NONE -1, WPSEL SIMULATED BUSY 0.000 NONE -1, CALW SIMULATED NONE 0.000 NONE -1, ASEL SIMULATED NONE 0.000 NONE -1, GMIR SIMULATED NONE 0.000 NONE -1, GFOC SIMULATED NONE 0.000 NONE -1
	
2024-10-19T12:29:44.433|INFO|S4ICS|CALW INIT NONE	
2024-10-19T12:29:44.434|INFO|S4ICS|WPROT SIMULATED BUSY 0.000 NONE -1, WPSEL SIMULATED BUSY 0.000 NONE -1, CALW SIMULATED BUSY 0.000 NONE -1, ASEL SIMULATED NONE 0.000 NONE -1, GMIR SIMULATED NONE 0.000 NONE -1, GFOC SIMULATED NONE 0.000 NONE -1
	
2024-10-19T12:29:44.556|INFO|S4ICS|ASEL INIT NONE	
2024-10-19T12:29:44.557|INFO|S4ICS|WPROT SIMULATED BUSY 0.000 NONE -1, WPSEL SIMULATED BUSY 0.000 NONE -1, CALW SIMULATED BUSY 0.000 NONE -1, ASEL SIMULATED BUSY 0.000 NONE -1, GMIR SIMULATED NONE 0.000 NONE -1, GFOC SIMULATED NONE 0.000 NONE -1
	
2024-10-19T12:29:44.676|INFO|S4ICS|GMIR INIT NONE	
2024-10-19T12:29:44.677|INFO|S4ICS|WPROT SIMULATED BUSY 0.000 NONE -1, WPSEL SIMULATED BUSY 0.000 NONE -1, CALW SIMULATED BUSY 0.000 NONE -1, ASEL SIMULATED BUSY 0.000 NONE -1, GMIR SIMULATED BUSY 0.000 NONE -1, GFOC SIMULATED NONE 0.000 NONE -1
	
2024-10-19T12:29:44.799|INFO|S4ICS|GFOC INIT NONE	
2024-10-19T12:29:44.800|INFO|S4ICS|WPROT SIMULATED BUSY 0.000 NONE -1, WPSEL SIMULATED BUSY 0.000 NONE -1, CALW SIMULATED BUSY 0.000 NONE -1, ASEL SIMULATED BUSY 0.000 NONE -1, GMIR SIMULATED BUSY 0.000 NONE -1, GFOC SIMULATED BUSY 0.000 NONE -1
	
