2024-08-27T17:16:38.658|INFO|S4ICS|VERS	20240731
2024-08-27T17:16:38.658|INFO|S4ICS|START	
2024-08-27T17:17:14.538|INFO|S4ICS|WPROT	Validate motor WPROT INIT 	TX0: STOP	RX0: OK
2024-08-27T17:17:14.551|INFO|S4ICS|WPROT	Validate motor WPROT INIT 	TX0: SR0=0	RX0: OK
2024-08-27T17:17:14.563|INFO|S4ICS|WPROT	Validate motor WPROT INIT 	TX0: CLR	RX0: OK
2024-08-27T17:17:14.574|INFO|S4ICS|WPROT	Validate motor WPROT INIT 	TX0: IP	RX0: 192.168.1.245
2024-08-27T17:17:14.585|INFO|S4ICS|WPROT	Validate motor WPROT INIT 	TX0: V45	RX0: 16
2024-08-27T17:17:14.596|INFO|S4ICS|WPROT	Validate motor WPROT INIT 	TX0: V50	RX0: 1
2024-08-27T17:17:14.711|INFO|S4ICS|WPROT	Send ID & POL	TX0: V49=1	RX0: OK
2024-08-27T17:17:14.723|INFO|S4ICS|WPROT	Send ID & POL	TX0: POL=16	RX0: OK
2024-08-27T17:17:14.938|INFO|S4ICS|WPROT	Send Positions	TX0: V51=0	RX0: OK
2024-08-27T17:17:14.949|INFO|S4ICS|WPROT	Send Positions	TX0: V52=1875	RX0: OK
2024-08-27T17:17:14.960|INFO|S4ICS|WPROT	Send Positions	TX0: V53=3750	RX0: OK
2024-08-27T17:17:14.971|INFO|S4ICS|WPROT	Send Positions	TX0: V54=5625	RX0: OK
2024-08-27T17:17:14.982|INFO|S4ICS|WPROT	Send Positions	TX0: V55=7500	RX0: OK
2024-08-27T17:17:14.993|INFO|S4ICS|WPROT	Send Positions	TX0: V56=9375	RX0: OK
2024-08-27T17:17:15.004|INFO|S4ICS|WPROT	Send Positions	TX0: V57=11250	RX0: OK
2024-08-27T17:17:15.016|INFO|S4ICS|WPROT	Send Positions	TX0: V58=13125	RX0: OK
2024-08-27T17:17:15.028|INFO|S4ICS|WPROT	Send Positions	TX0: V59=15000	RX0: OK
2024-08-27T17:17:15.040|INFO|S4ICS|WPROT	Send Positions	TX0: V60=16875	RX0: OK
2024-08-27T17:17:15.051|INFO|S4ICS|WPROT	Send Positions	TX0: V61=18750	RX0: OK
2024-08-27T17:17:15.063|INFO|S4ICS|WPROT	Send Positions	TX0: V62=20625	RX0: OK
2024-08-27T17:17:15.075|INFO|S4ICS|WPROT	Send Positions	TX0: V63=22500	RX0: OK
2024-08-27T17:17:15.087|INFO|S4ICS|WPROT	Send Positions	TX0: V64=24375	RX0: OK
2024-08-27T17:17:15.099|INFO|S4ICS|WPROT	Send Positions	TX0: V65=26250	RX0: OK
2024-08-27T17:17:15.111|INFO|S4ICS|WPROT	Send Positions	TX0: V66=28125	RX0: OK
2024-08-27T17:17:15.129|INFO|S4ICS|WPSEL	Validate motor WPSEL INIT 	TX0: STOP	RX0: OK
2024-08-27T17:17:15.140|INFO|S4ICS|WPSEL	Validate motor WPSEL INIT 	TX0: SR0=0	RX0: OK
2024-08-27T17:17:15.151|INFO|S4ICS|WPSEL	Validate motor WPSEL INIT 	TX0: CLR	RX0: OK
2024-08-27T17:17:15.163|INFO|S4ICS|WPSEL	Validate motor WPSEL INIT 	TX0: IP	RX0: 192.168.1.246
2024-08-27T17:17:15.173|INFO|S4ICS|WPSEL	Validate motor WPSEL INIT 	TX0: V45	RX0: 80
2024-08-27T17:17:15.185|INFO|S4ICS|WPSEL	Validate motor WPSEL INIT 	TX0: V50	RX0: 2
2024-08-27T17:17:15.299|INFO|S4ICS|WPSEL	Send ID & POL	TX0: V49=2	RX0: OK
2024-08-27T17:17:15.311|INFO|S4ICS|WPSEL	Send ID & POL	TX0: POL=80	RX0: OK
2024-08-27T17:17:15.425|INFO|S4ICS|CALW	Validate motor CALW INIT 	TX0: STOP	RX0: OK
2024-08-27T17:17:15.436|INFO|S4ICS|CALW	Validate motor CALW INIT 	TX0: SR0=0	RX0: OK
2024-08-27T17:17:15.448|INFO|S4ICS|CALW	Validate motor CALW INIT 	TX0: CLR	RX0: OK
2024-08-27T17:17:15.460|INFO|S4ICS|CALW	Validate motor CALW INIT 	TX0: IP	RX0: 192.168.1.247
2024-08-27T17:17:15.471|INFO|S4ICS|CALW	Validate motor CALW INIT 	TX0: V45	RX0: 0
2024-08-27T17:17:15.482|INFO|S4ICS|CALW	Validate motor CALW INIT 	TX0: V50	RX0: 4
2024-08-27T17:17:15.595|INFO|S4ICS|CALW	Send ID & POL	TX0: V49=4	RX0: OK
2024-08-27T17:17:15.607|INFO|S4ICS|CALW	Send ID & POL	TX0: POL=0	RX0: OK
2024-08-27T17:17:15.720|INFO|S4ICS|ASEL	Validate motor ASEL INIT 	TX0: STOP	RX0: OK
2024-08-27T17:17:15.731|INFO|S4ICS|ASEL	Validate motor ASEL INIT 	TX0: SR0=0	RX0: OK
2024-08-27T17:17:15.742|INFO|S4ICS|ASEL	Validate motor ASEL INIT 	TX0: CLR	RX0: OK
2024-08-27T17:17:15.754|INFO|S4ICS|ASEL	Validate motor ASEL INIT 	TX0: IP	RX0: 192.168.1.248
2024-08-27T17:17:15.765|INFO|S4ICS|ASEL	Validate motor ASEL INIT 	TX0: V45	RX0: 48
2024-08-27T17:17:15.776|INFO|S4ICS|ASEL	Validate motor ASEL INIT 	TX0: V50	RX0: 8
2024-08-27T17:17:15.889|INFO|S4ICS|ASEL	Send ID & POL	TX0: V49=8	RX0: OK
2024-08-27T17:17:15.901|INFO|S4ICS|ASEL	Send ID & POL	TX0: POL=48	RX0: OK
2024-08-27T17:17:16.016|INFO|S4ICS|GMIR	Validate motor GMIR INIT 	TX0: STOP	RX0: OK
2024-08-27T17:17:16.028|INFO|S4ICS|GMIR	Validate motor GMIR INIT 	TX0: SR0=0	RX0: OK
2024-08-27T17:17:16.038|INFO|S4ICS|GMIR	Validate motor GMIR INIT 	TX0: CLR	RX0: OK
2024-08-27T17:17:16.051|INFO|S4ICS|GMIR	Validate motor GMIR INIT 	TX0: IP	RX0: 192.168.1.249
2024-08-27T17:17:16.063|INFO|S4ICS|GMIR	Validate motor GMIR INIT 	TX0: V45	RX0: 0
2024-08-27T17:17:16.074|INFO|S4ICS|GMIR	Validate motor GMIR INIT 	TX0: V50	RX0: 48
2024-08-27T17:17:16.188|INFO|S4ICS|GMIR	Send ID & POL	TX0: V49=48	RX0: OK
2024-08-27T17:17:16.200|INFO|S4ICS|GMIR	Send ID & POL	TX0: POL=0	RX0: OK
2024-08-27T17:17:31.172|INFO|S4ICS|EXIT	
