14:11:15,661 2024/01/05	Validate motor init	TX: STOP	RX: OK
14:11:15,674 2024/01/05	Validate motor init	TX: SR0=0	RX: OK
14:11:15,687 2024/01/05	Validate motor init	TX: CLR	RX: OK
14:11:15,700 2024/01/05	Validate motor init	TX: IP	RX: 192.168.1.245
14:11:15,714 2024/01/05	Validate motor init	TX: V45	RX: 16
14:11:15,727 2024/01/05	Validate motor init	TX: V50	RX: 1
14:11:15,843 2024/01/05	Send ID & POL	TX: V49=1	RX: OK
14:11:15,856 2024/01/05	Send ID & POL	TX: POL=16	RX: OK
14:11:16,072 2024/01/05	Send Positions	TX: V51=0	RX: OK
14:11:16,085 2024/01/05	Send Positions	TX: V52=1875	RX: OK
14:11:16,098 2024/01/05	Send Positions	TX: V53=3750	RX: OK
14:11:16,110 2024/01/05	Send Positions	TX: V54=5625	RX: OK
14:11:16,123 2024/01/05	Send Positions	TX: V55=7500	RX: OK
14:11:16,137 2024/01/05	Send Positions	TX: V56=9375	RX: OK
14:11:16,150 2024/01/05	Send Positions	TX: V57=11250	RX: OK
14:11:16,163 2024/01/05	Send Positions	TX: V58=13125	RX: OK
14:11:16,175 2024/01/05	Send Positions	TX: V59=15000	RX: OK
14:11:16,188 2024/01/05	Send Positions	TX: V60=16875	RX: OK
14:11:16,202 2024/01/05	Send Positions	TX: V61=18750	RX: OK
14:11:16,215 2024/01/05	Send Positions	TX: V62=20625	RX: OK
14:11:16,227 2024/01/05	Send Positions	TX: V63=22500	RX: OK
14:11:16,239 2024/01/05	Send Positions	TX: V64=24375	RX: OK
14:11:16,251 2024/01/05	Send Positions	TX: V65=26250	RX: OK
14:11:16,263 2024/01/05	Send Positions	TX: V66=28125	RX: OK
14:11:16,278 2024/01/05	Validate motor init	TX: STOP	RX: OK
14:11:16,291 2024/01/05	Validate motor init	TX: SR0=0	RX: OK
14:11:16,303 2024/01/05	Validate motor init	TX: CLR	RX: OK
14:11:16,315 2024/01/05	Validate motor init	TX: IP	RX: 192.168.1.246
14:11:16,328 2024/01/05	Validate motor init	TX: V45	RX: 80
14:11:16,340 2024/01/05	Validate motor init	TX: V50	RX: 2
14:11:16,454 2024/01/05	Send ID & POL	TX: V49=2	RX: OK
14:11:16,466 2024/01/05	Send ID & POL	TX: POL=80	RX: OK
14:11:16,582 2024/01/05	Validate motor init	TX: STOP	RX: OK
14:11:16,594 2024/01/05	Validate motor init	TX: SR0=0	RX: OK
14:11:16,605 2024/01/05	Validate motor init	TX: CLR	RX: OK
14:11:16,616 2024/01/05	Validate motor init	TX: IP	RX: 192.168.1.247
14:11:16,628 2024/01/05	Validate motor init	TX: V45	RX: 0
14:11:16,641 2024/01/05	Validate motor init	TX: V50	RX: 4
14:11:16,755 2024/01/05	Send ID & POL	TX: V49=4	RX: OK
14:11:16,768 2024/01/05	Send ID & POL	TX: POL=0	RX: OK
14:11:17,880 2024/01/05	Can't open 192.168.1.248
14:11:17,995 2024/01/05	Validate motor init	TX: STOP	RX: OK
14:11:18,007 2024/01/05	Validate motor init	TX: SR0=0	RX: OK
14:11:18,019 2024/01/05	Validate motor init	TX: CLR	RX: OK
14:11:18,031 2024/01/05	Validate motor init	TX: IP	RX: 192.168.1.249
14:11:18,043 2024/01/05	Validate motor init	TX: V45	RX: 0
14:11:18,054 2024/01/05	Validate motor init	TX: V50	RX: 48
14:11:18,169 2024/01/05	Send ID & POL	TX: V49=48	RX: OK
14:11:18,181 2024/01/05	Send ID & POL	TX: POL=0	RX: OK
14:11:18,294 2024/01/05	Validate motor init	TX: STOP	RX: OK
14:11:18,305 2024/01/05	Validate motor init	TX: SR0=0	RX: OK
14:11:18,316 2024/01/05	Validate motor init	TX: CLR	RX: OK
14:11:18,329 2024/01/05	Validate motor init	TX: IP	RX: 192.168.1.249
14:11:18,341 2024/01/05	Validate motor init	TX: V45	RX: 0
14:11:18,352 2024/01/05	Validate motor init	TX: V50	RX: 48
14:11:18,468 2024/01/05	Send ID & POL	TX: V49=48	RX: OK
14:11:18,480 2024/01/05	Send ID & POL	TX: POL=0	RX: OK
14:11:48,816 2024/01/05	Validate motor init	TX: STOP	RX: OK
14:11:48,830 2024/01/05	Validate motor init	TX: SR0=0	RX: OK
14:11:48,841 2024/01/05	Validate motor init	TX: CLR	RX: OK
14:11:48,854 2024/01/05	Validate motor init	TX: IP	RX: 192.168.1.245
14:11:48,866 2024/01/05	Validate motor init	TX: V45	RX: 16
14:11:48,878 2024/01/05	Validate motor init	TX: V50	RX: 1
14:11:48,994 2024/01/05	Send ID & POL	TX: V49=1	RX: OK
14:11:49,006 2024/01/05	Send ID & POL	TX: POL=16	RX: OK
14:11:49,219 2024/01/05	Send Positions	TX: V51=0	RX: OK
14:11:49,232 2024/01/05	Send Positions	TX: V52=1875	RX: OK
14:11:49,244 2024/01/05	Send Positions	TX: V53=3750	RX: OK
14:11:49,255 2024/01/05	Send Positions	TX: V54=5625	RX: OK
14:11:49,267 2024/01/05	Send Positions	TX: V55=7500	RX: OK
14:11:49,279 2024/01/05	Send Positions	TX: V56=9375	RX: OK
14:11:49,292 2024/01/05	Send Positions	TX: V57=11250	RX: OK
14:11:49,304 2024/01/05	Send Positions	TX: V58=13125	RX: OK
14:11:49,317 2024/01/05	Send Positions	TX: V59=15000	RX: OK
14:11:49,329 2024/01/05	Send Positions	TX: V60=16875	RX: OK
14:11:49,340 2024/01/05	Send Positions	TX: V61=18750	RX: OK
14:11:49,352 2024/01/05	Send Positions	TX: V62=20625	RX: OK
14:11:49,364 2024/01/05	Send Positions	TX: V63=22500	RX: OK
14:11:49,376 2024/01/05	Send Positions	TX: V64=24375	RX: OK
14:11:49,388 2024/01/05	Send Positions	TX: V65=26250	RX: OK
14:11:49,401 2024/01/05	Send Positions	TX: V66=28125	RX: OK
14:11:49,426 2024/01/05	Validate motor init	TX: STOP	RX: OK
14:11:49,438 2024/01/05	Validate motor init	TX: SR0=0	RX: OK
14:11:49,450 2024/01/05	Validate motor init	TX: CLR	RX: OK
14:11:49,463 2024/01/05	Validate motor init	TX: IP	RX: 192.168.1.246
14:11:49,475 2024/01/05	Validate motor init	TX: V45	RX: 80
14:11:49,487 2024/01/05	Validate motor init	TX: V50	RX: 2
14:11:49,611 2024/01/05	Send ID & POL	TX: V49=2	RX: OK
14:11:49,623 2024/01/05	Send ID & POL	TX: POL=80	RX: OK
14:11:49,739 2024/01/05	Validate motor init	TX: STOP	RX: OK
14:11:49,751 2024/01/05	Validate motor init	TX: SR0=0	RX: OK
14:11:49,763 2024/01/05	Validate motor init	TX: CLR	RX: OK
14:11:49,776 2024/01/05	Validate motor init	TX: IP	RX: 192.168.1.247
14:11:49,787 2024/01/05	Validate motor init	TX: V45	RX: 0
14:11:49,798 2024/01/05	Validate motor init	TX: V50	RX: 4
14:11:49,923 2024/01/05	Send ID & POL	TX: V49=4	RX: OK
14:11:49,935 2024/01/05	Send ID & POL	TX: POL=0	RX: OK
14:11:50,051 2024/01/05	Validate motor init	TX: STOP	RX: OK
14:11:50,063 2024/01/05	Validate motor init	TX: SR0=0	RX: OK
14:11:50,074 2024/01/05	Validate motor init	TX: CLR	RX: OK
14:11:50,086 2024/01/05	Validate motor init	TX: IP	RX: 192.168.1.248
14:11:50,098 2024/01/05	Validate motor init	TX: V45	RX: 48
14:11:50,110 2024/01/05	Validate motor init	TX: V50	RX: 8
14:11:50,226 2024/01/05	Send ID & POL	TX: V49=8	RX: OK
14:11:50,239 2024/01/05	Send ID & POL	TX: POL=48	RX: OK
14:11:50,354 2024/01/05	Validate motor init	TX: STOP	RX: OK
14:11:50,366 2024/01/05	Validate motor init	TX: SR0=0	RX: OK
14:11:50,379 2024/01/05	Validate motor init	TX: CLR	RX: OK
14:11:50,392 2024/01/05	Validate motor init	TX: IP	RX: 192.168.1.249
14:11:50,403 2024/01/05	Validate motor init	TX: V45	RX: 0
14:11:50,415 2024/01/05	Validate motor init	TX: V50	RX: 48
14:11:50,531 2024/01/05	Send ID & POL	TX: V49=48	RX: OK
14:11:50,543 2024/01/05	Send ID & POL	TX: POL=0	RX: OK
14:11:50,658 2024/01/05	Validate motor init	TX: STOP	RX: OK
14:11:50,669 2024/01/05	Validate motor init	TX: SR0=0	RX: OK
14:11:50,680 2024/01/05	Validate motor init	TX: CLR	RX: OK
14:11:50,691 2024/01/05	Validate motor init	TX: IP	RX: 192.168.1.249
14:11:50,702 2024/01/05	Validate motor init	TX: V45	RX: 0
14:11:50,713 2024/01/05	Validate motor init	TX: V50	RX: 48
14:11:50,827 2024/01/05	Send ID & POL	TX: V49=48	RX: OK
14:11:50,839 2024/01/05	Send ID & POL	TX: POL=0	RX: OK
14:12:13,045 2024/01/05	WPSEL INIT NONE	
14:12:13,046 2024/01/05	WPROT ACTIVE NONE 0.000 NONE -1, WPSEL ACTIVE BUSY 0.000 NONE -1, CALW ACTIVE NONE 0.000 NONE -1, ASEL ACTIVE NONE 0.000 NONE -1, GMIR ACTIVE NONE 0.000 NONE -1, GFOC ACTIVE NONE 0.000 NONE -1
	
14:12:13,866 2024/01/05	WPSEL	TX: V20=0	RX: OK
14:12:13,880 2024/01/05	WPSEL	TX: V21=0	RX: OK
14:12:13,892 2024/01/05	WPSEL	TX: GS30	RX: OK
14:12:14,522 2024/01/05	WPSEL	TX: V46	RX: 1
14:12:14,534 2024/01/05	WPSEL	TX: EX	RX: 6844
14:12:14,544 2024/01/05	WPSEL=1.369	
14:12:15,254 2024/01/05	WPSEL	TX: V46	RX: 1
14:12:15,266 2024/01/05	WPSEL	TX: EX	RX: 22939
14:12:15,276 2024/01/05	WPSEL=4.588	
14:12:16,028 2024/01/05	WPSEL	TX: V46	RX: 1
14:12:16,040 2024/01/05	WPSEL	TX: EX	RX: 16941
14:12:16,050 2024/01/05	WPSEL=3.388	
14:12:16,659 2024/01/05	WPSEL	TX: V46	RX: 1
14:12:16,671 2024/01/05	WPSEL	TX: EX	RX: 3018
14:12:16,682 2024/01/05	WPSEL=0.604	
14:12:17,301 2024/01/05	WPSEL	TX: V46	RX: 1
14:12:17,313 2024/01/05	WPSEL	TX: EX	RX: -3526
14:12:17,324 2024/01/05	WPSEL=-0.705	
14:12:17,936 2024/01/05	WPSEL	TX: V46	RX: 1
14:12:17,947 2024/01/05	WPSEL	TX: EX	RX: 9679
14:12:17,957 2024/01/05	WPSEL=1.936	
14:12:18,581 2024/01/05	WPSEL	TX: V46	RX: 1
14:12:18,593 2024/01/05	WPSEL	TX: EX	RX: 20696
14:12:18,603 2024/01/05	WPSEL=4.139	
14:12:19,215 2024/01/05	WPSEL	TX: V46	RX: 1
14:12:19,227 2024/01/05	WPSEL	TX: EX	RX: 10643
14:12:19,237 2024/01/05	WPSEL=2.129	
14:12:19,845 2024/01/05	WPSEL	TX: V46	RX: 1
14:12:19,856 2024/01/05	WPSEL	TX: EX	RX: -3121
14:12:19,867 2024/01/05	WPSEL=-0.624	
14:12:20,475 2024/01/05	WPSEL	TX: V46	RX: 0
14:12:20,487 2024/01/05	WPSEL	TX: EX	RX: 1
14:12:20,497 2024/01/05	WPSEL=0.000	
14:12:22,317 2024/01/05	WPROT	TX: V81=0	RX: OK
14:12:22,536 2024/01/05	WPROT	TX: V82=1875	RX: OK
14:12:22,549 2024/01/05	WPROT	TX: V83=3750	RX: OK
14:12:22,560 2024/01/05	WPROT	TX: V84=5625	RX: OK
14:12:22,572 2024/01/05	WPROT	TX: V85=7500	RX: OK
14:12:22,585 2024/01/05	WPROT	TX: V86=9375	RX: OK
14:12:22,597 2024/01/05	WPROT	TX: V87=11250	RX: OK
14:12:22,609 2024/01/05	WPROT	TX: V88=13125	RX: OK
14:12:22,621 2024/01/05	WPROT	TX: V89=15000	RX: OK
14:12:22,633 2024/01/05	WPROT	TX: V90=16875	RX: OK
14:12:22,644 2024/01/05	WPROT	TX: V91=18750	RX: OK
14:12:22,656 2024/01/05	WPROT	TX: V92=20625	RX: OK
14:12:22,669 2024/01/05	WPROT	TX: V93=22500	RX: OK
14:12:22,681 2024/01/05	WPROT	TX: V94=24375	RX: OK
14:12:22,693 2024/01/05	WPROT	TX: V95=26250	RX: OK
14:12:22,706 2024/01/05	WPROT	TX: V96=28125	RX: OK
14:12:22,717 2024/01/05	WPROT	TX: V20=0	RX: OK
14:12:22,729 2024/01/05	WPROT	TX: V21=0	RX: OK
14:12:22,741 2024/01/05	WPROT	TX: GS30	RX: OK
14:12:23,476 2024/01/05	WPROT	TX: V46	RX: 1
14:12:23,487 2024/01/05	WPROT	TX: EX	RX: -9467
14:12:23,497 2024/01/05	WPROT=113.604	
14:12:24,210 2024/01/05	WPROT	TX: V46	RX: 1
14:12:24,223 2024/01/05	WPROT	TX: EX	RX: -21360
14:12:24,233 2024/01/05	WPROT=256.320	
14:12:24,960 2024/01/05	WPROT	TX: V46	RX: 1
14:12:24,972 2024/01/05	WPROT	TX: EX	RX: -33493
14:12:24,982 2024/01/05	WPROT=401.916	
14:12:25,705 2024/01/05	WPROT	TX: V46	RX: 1
14:12:25,718 2024/01/05	WPROT	TX: EX	RX: -45565
14:12:25,728 2024/01/05	WPROT=546.780	
14:12:26,571 2024/01/05	WPROT	TX: V46	RX: 1
14:12:26,584 2024/01/05	WPROT	TX: EX	RX: -50420
14:12:26,594 2024/01/05	WPROT=605.040	
14:12:27,317 2024/01/05	WPROT	TX: V46	RX: 1
14:12:27,330 2024/01/05	WPROT	TX: EX	RX: -61372
14:12:27,341 2024/01/05	WPROT=736.464	
14:12:28,170 2024/01/05	WPROT	TX: V46	RX: 1
14:12:28,182 2024/01/05	WPROT	TX: EX	RX: -75175
14:12:28,192 2024/01/05	WPROT=902.100	
14:12:28,905 2024/01/05	WPROT	TX: V46	RX: 0
14:12:28,917 2024/01/05	WPROT	TX: EX	RX: 0
14:12:28,927 2024/01/05	WPROT=0.000	
14:12:42,513 2024/01/05	WPROT GOTO WP9	
14:12:42,514 2024/01/05	WPROT ACTIVE BUSY 0.000 WP1 1, WPSEL ACTIVE READY 0.000 L/4 1, CALW ACTIVE NONE 0.000 NONE -1, ASEL ACTIVE NONE 0.000 NONE -1, GMIR ACTIVE NONE 0.000 NONE -1, GFOC ACTIVE NONE 0.000 NONE -1
	
14:12:42,522 2024/01/05	<Immediate> 	TX: GS9	RX: OK
14:12:42,744 2024/01/05	WPROT	TX: V46	RX: 1
14:12:42,757 2024/01/05	WPROT	TX: EX	RX: -175
14:12:42,767 2024/01/05	WPROT=2.100	
14:12:42,983 2024/01/05	WPROT	TX: V46	RX: 1
14:12:42,995 2024/01/05	WPROT	TX: EX	RX: -3819
14:12:43,006 2024/01/05	WPROT=45.828	
14:12:43,215 2024/01/05	WPROT	TX: V46	RX: 1
14:12:43,226 2024/01/05	WPROT	TX: EX	RX: -7552
14:12:43,237 2024/01/05	WPROT=90.624	
14:12:43,455 2024/01/05	WPROT	TX: V46	RX: 1
14:12:43,466 2024/01/05	WPROT	TX: EX	RX: -11438
14:12:43,476 2024/01/05	WPROT=137.256	
14:12:43,694 2024/01/05	WPROT	TX: V46	RX: 1
14:12:43,706 2024/01/05	WPROT	TX: EX	RX: -14929
14:12:43,717 2024/01/05	WPROT=179.148	
14:12:43,934 2024/01/05	WPROT	TX: V46	RX: 0
14:12:43,947 2024/01/05	WPROT	TX: EX	RX: -15000
14:12:43,958 2024/01/05	WPROT=180.000	
14:12:48,964 2024/01/05	CALW INIT NONE	
14:12:48,966 2024/01/05	WPROT ACTIVE READY 180.000 WP9 9, WPSEL ACTIVE READY 0.000 L/4 1, CALW ACTIVE BUSY 0.000 NONE -1, ASEL ACTIVE NONE 0.000 NONE -1, GMIR ACTIVE NONE 0.000 NONE -1, GFOC ACTIVE NONE 0.000 NONE -1
	
14:12:50,196 2024/01/05	CALW	TX: V20=0	RX: OK
14:12:50,208 2024/01/05	CALW	TX: V21=0	RX: OK
14:12:50,220 2024/01/05	CALW	TX: GS30	RX: OK
14:12:50,847 2024/01/05	CALW	TX: V46	RX: 1
14:12:50,859 2024/01/05	CALW	TX: EX	RX: -3924
14:12:50,869 2024/01/05	CALW=23.544	
14:12:51,479 2024/01/05	CALW	TX: V46	RX: 1
14:12:51,491 2024/01/05	CALW	TX: EX	RX: -8960
14:12:51,501 2024/01/05	CALW=53.760	
14:12:52,120 2024/01/05	CALW	TX: V46	RX: 1
14:12:52,133 2024/01/05	CALW	TX: EX	RX: -13793
14:12:52,143 2024/01/05	CALW=82.758	
14:12:52,758 2024/01/05	CALW	TX: V46	RX: 1
14:12:52,770 2024/01/05	CALW	TX: EX	RX: -18758
14:12:52,780 2024/01/05	CALW=112.548	
14:12:53,392 2024/01/05	CALW	TX: V46	RX: 1
14:12:53,405 2024/01/05	CALW	TX: EX	RX: -22649
14:12:53,415 2024/01/05	CALW=135.894	
14:12:54,028 2024/01/05	CALW	TX: V46	RX: 1
14:12:54,040 2024/01/05	CALW	TX: EX	RX: -29068
14:12:54,049 2024/01/05	CALW=174.408	
14:12:54,657 2024/01/05	CALW	TX: V46	RX: 1
14:12:54,669 2024/01/05	CALW	TX: EX	RX: -35424
14:12:54,679 2024/01/05	CALW=212.544	
14:12:55,299 2024/01/05	CALW	TX: V46	RX: 1
14:12:55,311 2024/01/05	CALW	TX: EX	RX: -41903
14:12:55,322 2024/01/05	CALW=251.418	
14:12:55,931 2024/01/05	CALW	TX: V46	RX: 1
14:12:55,943 2024/01/05	CALW	TX: EX	RX: -48295
14:12:55,953 2024/01/05	CALW=289.770	
14:12:56,562 2024/01/05	CALW	TX: V46	RX: 1
14:12:56,575 2024/01/05	CALW	TX: EX	RX: -54344
14:12:56,585 2024/01/05	CALW=326.064	
14:12:57,200 2024/01/05	CALW	TX: V46	RX: 0
14:12:57,212 2024/01/05	CALW	TX: EX	RX: 0
14:12:57,222 2024/01/05	CALW=0.000	
14:12:58,335 2024/01/05	GMIR INIT NONE	
14:12:58,336 2024/01/05	WPROT ACTIVE READY 180.000 WP9 9, WPSEL ACTIVE READY 0.000 L/4 1, CALW ACTIVE READY 0.000 OFF 1, ASEL ACTIVE NONE 0.000 NONE -1, GMIR ACTIVE BUSY 0.000 NONE -1, GFOC ACTIVE NONE 0.000 NONE -1
	
14:12:59,354 2024/01/05	GMIR	TX: V20=0	RX: OK
14:12:59,367 2024/01/05	GMIR	TX: V21=16	RX: OK
14:12:59,379 2024/01/05	GMIR	TX: GS30	RX: OK
14:13:00,100 2024/01/05	GMIR	TX: V46	RX: 1
14:13:00,112 2024/01/05	GMIR	TX: EX	RX: 15014
14:13:00,122 2024/01/05	GMIR=90.084	
14:13:00,737 2024/01/05	GMIR	TX: V46	RX: 1
14:13:00,748 2024/01/05	GMIR	TX: EX	RX: 24634
14:13:00,759 2024/01/05	GMIR=147.804	
14:13:01,369 2024/01/05	GMIR	TX: V46	RX: 1
14:13:01,381 2024/01/05	GMIR	TX: EX	RX: 34188
14:13:01,392 2024/01/05	GMIR=205.128	
14:13:02,011 2024/01/05	GMIR	TX: V46	RX: 1
14:13:02,023 2024/01/05	GMIR	TX: EX	RX: 43899
14:13:02,034 2024/01/05	GMIR=263.394	
14:13:02,644 2024/01/05	GMIR	TX: V46	RX: 1
14:13:02,656 2024/01/05	GMIR	TX: EX	RX: 53469
14:13:02,666 2024/01/05	GMIR=320.814	
14:13:03,285 2024/01/05	GMIR	TX: V46	RX: 1
14:13:03,296 2024/01/05	GMIR	TX: EX	RX: 63153
14:13:03,307 2024/01/05	GMIR=378.918	
14:13:03,918 2024/01/05	GMIR	TX: V46	RX: 1
14:13:03,930 2024/01/05	GMIR	TX: EX	RX: 72724
14:13:03,940 2024/01/05	GMIR=436.344	
14:13:04,566 2024/01/05	GMIR	TX: V46	RX: 1
14:13:04,578 2024/01/05	GMIR	TX: EX	RX: 82525
14:13:04,589 2024/01/05	GMIR=495.150	
14:13:05,201 2024/01/05	GMIR	TX: V46	RX: 1
14:13:05,212 2024/01/05	GMIR	TX: EX	RX: 92103
14:13:05,222 2024/01/05	GMIR=552.618	
14:13:05,830 2024/01/05	GMIR	TX: V46	RX: 1
14:13:05,842 2024/01/05	GMIR	TX: EX	RX: 101629
14:13:05,852 2024/01/05	GMIR=609.774	
14:13:06,465 2024/01/05	GMIR	TX: V46	RX: 1
14:13:06,477 2024/01/05	GMIR	TX: EX	RX: 109350
14:13:06,487 2024/01/05	GMIR=656.100	
14:13:07,111 2024/01/05	GMIR	TX: V46	RX: 1
14:13:07,122 2024/01/05	GMIR	TX: EX	RX: 109367
14:13:07,132 2024/01/05	GMIR=656.202	
14:13:07,752 2024/01/05	GMIR	TX: V46	RX: 1
14:13:07,764 2024/01/05	GMIR	TX: EX	RX: 114138
14:13:07,774 2024/01/05	GMIR=684.828	
14:13:08,385 2024/01/05	GMIR	TX: V46	RX: 1
14:13:08,398 2024/01/05	GMIR	TX: EX	RX: 123714
14:13:08,408 2024/01/05	GMIR=742.284	
14:13:09,021 2024/01/05	GMIR	TX: V46	RX: 1
14:13:09,033 2024/01/05	GMIR	TX: EX	RX: 133310
14:13:09,043 2024/01/05	GMIR=799.860	
14:13:09,663 2024/01/05	GMIR	TX: V46	RX: 1
14:13:09,675 2024/01/05	GMIR	TX: EX	RX: 143030
14:13:09,685 2024/01/05	GMIR=858.180	
14:13:10,303 2024/01/05	GMIR	TX: V46	RX: 1
14:13:10,314 2024/01/05	GMIR	TX: EX	RX: 152697
14:13:10,324 2024/01/05	GMIR=916.182	
14:13:10,934 2024/01/05	GMIR	TX: V46	RX: 1
14:13:10,946 2024/01/05	GMIR	TX: EX	RX: 162240
14:13:10,957 2024/01/05	GMIR=973.440	
14:13:11,567 2024/01/05	GMIR	TX: V46	RX: 1
14:13:11,580 2024/01/05	GMIR	TX: EX	RX: 166565
14:13:11,590 2024/01/05	GMIR=999.390	
14:13:11,714 2024/01/05	ASEL INIT NONE	
14:13:11,715 2024/01/05	WPROT ACTIVE READY 180.000 WP9 9, WPSEL ACTIVE READY 0.000 L/4 1, CALW ACTIVE READY 0.000 OFF 1, ASEL ACTIVE BUSY 0.000 NONE -1, GMIR ACTIVE BUSY 999.390 NONE -1, GFOC ACTIVE NONE 0.000 NONE -1
	
14:13:12,326 2024/01/05	GMIR	TX: V46	RX: 0
14:13:12,338 2024/01/05	GMIR	TX: EX	RX: 0
14:13:12,349 2024/01/05	GMIR=0.000	
14:13:12,767 2024/01/05	ASEL	TX: V20=0	RX: OK
14:13:12,779 2024/01/05	ASEL	TX: V21=0	RX: OK
14:13:12,791 2024/01/05	ASEL	TX: GS30	RX: OK
14:13:13,413 2024/01/05	ASEL	TX: V46	RX: 1
14:13:13,426 2024/01/05	ASEL	TX: EX	RX: 305
14:13:13,436 2024/01/05	ASEL=-1.830	
14:13:14,051 2024/01/05	ASEL	TX: V46	RX: 1
14:13:14,062 2024/01/05	ASEL	TX: EX	RX: 946
14:13:14,074 2024/01/05	ASEL=-5.676	
14:13:14,685 2024/01/05	ASEL	TX: V46	RX: 1
14:13:14,697 2024/01/05	ASEL	TX: EX	RX: 1585
14:13:14,707 2024/01/05	ASEL=-9.510	
14:13:15,328 2024/01/05	ASEL	TX: V46	RX: 1
14:13:15,340 2024/01/05	ASEL	TX: EX	RX: 2234
14:13:15,350 2024/01/05	ASEL=-13.404	
14:13:15,970 2024/01/05	ASEL	TX: V46	RX: 1
14:13:15,982 2024/01/05	ASEL	TX: EX	RX: 2879
14:13:15,992 2024/01/05	ASEL=-17.274	
14:13:16,610 2024/01/05	ASEL	TX: V46	RX: 1
14:13:16,621 2024/01/05	ASEL	TX: EX	RX: 3524
14:13:16,632 2024/01/05	ASEL=-21.144	
14:13:17,243 2024/01/05	ASEL	TX: V46	RX: 1
14:13:17,255 2024/01/05	ASEL	TX: EX	RX: 4162
14:13:17,265 2024/01/05	ASEL=-24.972	
14:13:17,879 2024/01/05	ASEL	TX: V46	RX: 1
14:13:17,892 2024/01/05	ASEL	TX: EX	RX: 4803
14:13:17,902 2024/01/05	ASEL=-28.818	
14:13:18,650 2024/01/05	ASEL	TX: V46	RX: 1
14:13:18,665 2024/01/05	ASEL	TX: EX	RX: 149
14:13:18,675 2024/01/05	ASEL=-0.894	
14:13:19,297 2024/01/05	ASEL	TX: V46	RX: 1
14:13:19,308 2024/01/05	ASEL	TX: EX	RX: 108
14:13:19,318 2024/01/05	ASEL=-0.648	
14:13:19,936 2024/01/05	ASEL	TX: V46	RX: 1
14:13:19,948 2024/01/05	ASEL	TX: EX	RX: 65
14:13:19,959 2024/01/05	ASEL=-0.390	
14:13:20,572 2024/01/05	ASEL	TX: V46	RX: 1
14:13:20,584 2024/01/05	ASEL	TX: EX	RX: 25
14:13:20,594 2024/01/05	ASEL=-0.150	
14:13:21,206 2024/01/05	ASEL	TX: V46	RX: 1
14:13:21,218 2024/01/05	ASEL	TX: EX	RX: -16
14:13:21,228 2024/01/05	ASEL=0.096	
14:13:21,846 2024/01/05	ASEL	TX: V46	RX: 1
14:13:21,858 2024/01/05	ASEL	TX: EX	RX: -58
14:13:21,870 2024/01/05	ASEL=0.348	
14:13:22,487 2024/01/05	ASEL	TX: V46	RX: 1
14:13:22,498 2024/01/05	ASEL	TX: EX	RX: -163
14:13:22,508 2024/01/05	ASEL=0.978	
14:13:23,117 2024/01/05	ASEL	TX: V46	RX: 1
14:13:23,129 2024/01/05	ASEL	TX: EX	RX: -143
14:13:23,139 2024/01/05	ASEL=0.858	
14:13:23,749 2024/01/05	ASEL	TX: V46	RX: 1
14:13:23,761 2024/01/05	ASEL	TX: EX	RX: -92
14:13:23,771 2024/01/05	ASEL=0.552	
14:13:24,388 2024/01/05	ASEL	TX: V46	RX: 1
14:13:24,400 2024/01/05	ASEL	TX: EX	RX: -40
14:13:24,411 2024/01/05	ASEL=0.240	
14:13:25,020 2024/01/05	ASEL	TX: V46	RX: 1
14:13:25,032 2024/01/05	ASEL	TX: EX	RX: -37
14:13:25,042 2024/01/05	ASEL=0.222	
14:13:25,656 2024/01/05	ASEL	TX: V46	RX: 1
14:13:25,669 2024/01/05	ASEL	TX: EX	RX: -500
14:13:25,679 2024/01/05	ASEL=3.000	
14:13:26,295 2024/01/05	ASEL	TX: V46	RX: 1
14:13:26,306 2024/01/05	ASEL	TX: EX	RX: -54
14:13:26,316 2024/01/05	ASEL=0.324	
14:13:26,928 2024/01/05	ASEL	TX: V46	RX: 0
14:13:26,939 2024/01/05	ASEL	TX: EX	RX: 0
14:13:26,949 2024/01/05	ASEL=0.000	
14:13:32,365 2024/01/05	GFOC INIT NONE	
14:13:32,367 2024/01/05	WPROT ACTIVE READY 180.000 WP9 9, WPSEL ACTIVE READY 0.000 L/4 1, CALW ACTIVE READY 0.000 OFF 1, ASEL ACTIVE READY 0.000 OFF 1, GMIR ACTIVE READY 0.000 TARGET 1, GFOC ACTIVE BUSY 0.000 NONE -1
	
14:13:33,183 2024/01/05	GFOC	TX: V20=0	RX: OK
14:13:33,401 2024/01/05	GFOC	TX: V21=32	RX: OK
14:13:33,412 2024/01/05	GFOC	TX: GS30	RX: OK
14:13:34,194 2024/01/05	GFOC	TX: V46	RX: 1
14:13:34,206 2024/01/05	GFOC	TX: V32	RX: 9
14:13:34,216 2024/01/05	GFOC=0.110	
14:13:34,827 2024/01/05	GFOC	TX: V46	RX: 1
14:13:34,839 2024/01/05	GFOC	TX: V32	RX: 25
14:13:34,849 2024/01/05	GFOC=0.305	
14:13:35,459 2024/01/05	GFOC	TX: V46	RX: 1
14:13:35,471 2024/01/05	GFOC	TX: V32	RX: 41
14:13:35,482 2024/01/05	GFOC=0.500	
14:13:36,245 2024/01/05	GFOC	TX: V46	RX: 1
14:13:36,257 2024/01/05	GFOC	TX: V32	RX: 61
14:13:36,267 2024/01/05	GFOC=0.744	
14:13:36,982 2024/01/05	GFOC	TX: V46	RX: 1
14:13:36,994 2024/01/05	GFOC	TX: V32	RX: 79
14:13:37,003 2024/01/05	GFOC=0.963	
14:13:37,718 2024/01/05	GFOC	TX: V46	RX: 1
14:13:37,730 2024/01/05	GFOC	TX: V32	RX: 98
14:13:37,740 2024/01/05	GFOC=1.195	
14:13:38,358 2024/01/05	GFOC	TX: V46	RX: 1
14:13:38,371 2024/01/05	GFOC	TX: V32	RX: 91
14:13:38,381 2024/01/05	GFOC=1.110	
14:13:39,097 2024/01/05	GFOC	TX: V46	RX: 1
14:13:39,109 2024/01/05	GFOC	TX: V32	RX: 74
14:13:39,119 2024/01/05	GFOC=0.902	
14:13:39,741 2024/01/05	GFOC	TX: V46	RX: 1
14:13:39,753 2024/01/05	GFOC	TX: V32	RX: 60
14:13:39,763 2024/01/05	GFOC=0.732	
14:13:40,547 2024/01/05	GFOC	TX: V46	RX: 1
14:13:40,559 2024/01/05	GFOC	TX: V32	RX: 42
14:13:40,569 2024/01/05	GFOC=0.512	
14:13:41,180 2024/01/05	GFOC	TX: V46	RX: 1
14:13:41,192 2024/01/05	GFOC	TX: V32	RX: 28
14:13:41,202 2024/01/05	GFOC=0.341	
14:13:41,816 2024/01/05	GFOC	TX: V46	RX: 1
14:13:41,828 2024/01/05	GFOC	TX: V32	RX: 14
14:13:41,838 2024/01/05	GFOC=0.171	
14:13:42,449 2024/01/05	GFOC	TX: V46	RX: 1
14:13:42,461 2024/01/05	GFOC	TX: V32	RX: 0
14:13:42,471 2024/01/05	GFOC=0.000	
14:13:43,093 2024/01/05	GFOC	TX: V46	RX: 0
14:13:43,106 2024/01/05	GFOC	TX: V32	RX: 0
14:13:43,115 2024/01/05	GFOC=0.000	
