08:45:33,277 2024/01/03	Validate motor init	TX: STOP	RX: OK
08:45:33,291 2024/01/03	Validate motor init	TX: SR0=0	RX: OK
08:45:33,305 2024/01/03	Validate motor init	TX: CLR	RX: OK
08:45:33,318 2024/01/03	Validate motor init	TX: IP	RX: 192.168.1.245
08:45:33,330 2024/01/03	Validate motor init	TX: V45	RX: 16
08:45:33,345 2024/01/03	Validate motor init	TX: V50	RX: 1
08:45:33,463 2024/01/03	Send ID & POL	TX: V49=1	RX: OK
08:45:33,477 2024/01/03	Send ID & POL	TX: POL=16	RX: OK
08:45:33,694 2024/01/03	Send Positions	TX: V51=0	RX: OK
08:45:33,707 2024/01/03	Send Positions	TX: V52=1875	RX: OK
08:45:33,719 2024/01/03	Send Positions	TX: V53=3750	RX: OK
08:45:33,732 2024/01/03	Send Positions	TX: V54=5625	RX: OK
08:45:33,745 2024/01/03	Send Positions	TX: V55=7500	RX: OK
08:45:33,759 2024/01/03	Send Positions	TX: V56=9375	RX: OK
08:45:33,772 2024/01/03	Send Positions	TX: V57=11250	RX: OK
08:45:33,786 2024/01/03	Send Positions	TX: V58=13125	RX: OK
08:45:33,799 2024/01/03	Send Positions	TX: V59=15000	RX: OK
08:45:33,812 2024/01/03	Send Positions	TX: V60=16875	RX: OK
08:45:33,825 2024/01/03	Send Positions	TX: V61=18750	RX: OK
08:45:33,837 2024/01/03	Send Positions	TX: V62=20625	RX: OK
08:45:33,849 2024/01/03	Send Positions	TX: V63=22500	RX: OK
08:45:33,862 2024/01/03	Send Positions	TX: V64=24375	RX: OK
08:45:33,874 2024/01/03	Send Positions	TX: V65=26250	RX: OK
08:45:33,887 2024/01/03	Send Positions	TX: V66=28125	RX: OK
08:45:33,902 2024/01/03	Validate motor init	TX: STOP	RX: OK
08:45:33,915 2024/01/03	Validate motor init	TX: SR0=0	RX: OK
08:45:33,927 2024/01/03	Validate motor init	TX: CLR	RX: OK
08:45:33,941 2024/01/03	Validate motor init	TX: IP	RX: 192.168.1.246
08:45:33,953 2024/01/03	Validate motor init	TX: V45	RX: 80
08:45:33,966 2024/01/03	Validate motor init	TX: V50	RX: 2
08:45:34,082 2024/01/03	Send ID & POL	TX: V49=2	RX: OK
08:45:34,094 2024/01/03	Send ID & POL	TX: POL=80	RX: OK
08:45:34,213 2024/01/03	Validate motor init	TX: STOP	RX: OK
08:45:34,225 2024/01/03	Validate motor init	TX: SR0=0	RX: OK
08:45:34,237 2024/01/03	Validate motor init	TX: CLR	RX: OK
08:45:34,249 2024/01/03	Validate motor init	TX: IP	RX: 192.168.1.247
08:45:34,261 2024/01/03	Validate motor init	TX: V45	RX: 0
08:45:34,273 2024/01/03	Validate motor init	TX: V50	RX: 4
08:45:34,389 2024/01/03	Send ID & POL	TX: V49=4	RX: OK
08:45:34,400 2024/01/03	Send ID & POL	TX: POL=0	RX: OK
08:45:34,526 2024/01/03	Validate motor init	TX: STOP	RX: OK
08:45:34,539 2024/01/03	Validate motor init	TX: SR0=0	RX: OK
08:45:34,551 2024/01/03	Validate motor init	TX: CLR	RX: OK
08:45:34,563 2024/01/03	Validate motor init	TX: IP	RX: 192.168.1.248
08:45:34,576 2024/01/03	Validate motor init	TX: V45	RX: 48
08:45:34,588 2024/01/03	Validate motor init	TX: V50	RX: 8
08:45:34,702 2024/01/03	Send ID & POL	TX: V49=8	RX: OK
08:45:34,714 2024/01/03	Send ID & POL	TX: POL=48	RX: 
08:45:34,829 2024/01/03	Validate motor init	TX: STOP	RX: OK
08:45:34,841 2024/01/03	Validate motor init	TX: SR0=0	RX: OK
08:45:34,854 2024/01/03	Validate motor init	TX: CLR	RX: OK
08:45:34,867 2024/01/03	Validate motor init	TX: IP	RX: 192.168.1.249
08:45:34,880 2024/01/03	Validate motor init	TX: V45	RX: 0
08:45:34,893 2024/01/03	Validate motor init	TX: V50	RX: 48
08:45:35,008 2024/01/03	Send ID & POL	TX: V49=48	RX: OK
08:45:35,022 2024/01/03	Send ID & POL	TX: POL=0	RX: OK
08:45:35,146 2024/01/03	Validate motor init	TX: STOP	RX: OK
08:45:35,158 2024/01/03	Validate motor init	TX: SR0=0	RX: OK
08:45:35,170 2024/01/03	Validate motor init	TX: CLR	RX: OK
08:45:35,182 2024/01/03	Validate motor init	TX: IP	RX: 192.168.1.249
08:45:35,193 2024/01/03	Validate motor init	TX: V45	RX: 0
08:45:35,206 2024/01/03	Validate motor init	TX: V50	RX: 48
08:45:35,320 2024/01/03	Send ID & POL	TX: V49=48	RX: OK
08:45:35,332 2024/01/03	Send ID & POL	TX: POL=0	RX: OK
08:46:21,564 2024/01/03	Validate motor init	TX: STOP	RX: OK
08:46:21,578 2024/01/03	Validate motor init	TX: SR0=0	RX: OK
08:46:21,591 2024/01/03	Validate motor init	TX: CLR	RX: OK
08:46:21,603 2024/01/03	Validate motor init	TX: IP	RX: 192.168.1.245
08:46:21,617 2024/01/03	Validate motor init	TX: V45	RX: 16
08:46:21,630 2024/01/03	Validate motor init	TX: V50	RX: 1
08:46:21,748 2024/01/03	Send ID & POL	TX: V49=1	RX: OK
08:46:21,761 2024/01/03	Send ID & POL	TX: POL=16	RX: OK
08:46:21,978 2024/01/03	Send Positions	TX: V51=0	RX: OK
08:46:21,991 2024/01/03	Send Positions	TX: V52=1875	RX: OK
08:46:22,004 2024/01/03	Send Positions	TX: V53=3750	RX: OK
08:46:22,017 2024/01/03	Send Positions	TX: V54=5625	RX: OK
08:46:22,030 2024/01/03	Send Positions	TX: V55=7500	RX: OK
08:46:22,042 2024/01/03	Send Positions	TX: V56=9375	RX: OK
08:46:22,054 2024/01/03	Send Positions	TX: V57=11250	RX: OK
08:46:22,066 2024/01/03	Send Positions	TX: V58=13125	RX: OK
08:46:22,078 2024/01/03	Send Positions	TX: V59=15000	RX: OK
08:46:22,090 2024/01/03	Send Positions	TX: V60=16875	RX: OK
08:46:22,103 2024/01/03	Send Positions	TX: V61=18750	RX: OK
08:46:22,116 2024/01/03	Send Positions	TX: V62=20625	RX: OK
08:46:22,128 2024/01/03	Send Positions	TX: V63=22500	RX: OK
08:46:22,140 2024/01/03	Send Positions	TX: V64=24375	RX: OK
08:46:22,152 2024/01/03	Send Positions	TX: V65=26250	RX: OK
08:46:22,164 2024/01/03	Send Positions	TX: V66=28125	RX: OK
08:46:22,179 2024/01/03	Validate motor init	TX: STOP	RX: OK
08:46:22,191 2024/01/03	Validate motor init	TX: SR0=0	RX: OK
08:46:22,203 2024/01/03	Validate motor init	TX: CLR	RX: OK
08:46:22,215 2024/01/03	Validate motor init	TX: IP	RX: 192.168.1.246
08:46:22,228 2024/01/03	Validate motor init	TX: V45	RX: 80
08:46:22,240 2024/01/03	Validate motor init	TX: V50	RX: 2
08:46:22,355 2024/01/03	Send ID & POL	TX: V49=2	RX: OK
08:46:22,368 2024/01/03	Send ID & POL	TX: POL=80	RX: OK
08:46:22,483 2024/01/03	Validate motor init	TX: STOP	RX: OK
08:46:22,495 2024/01/03	Validate motor init	TX: SR0=0	RX: OK
08:46:22,714 2024/01/03	Validate motor init	TX: CLR	RX: OK
08:46:22,727 2024/01/03	Validate motor init	TX: IP	RX: 192.168.1.247
08:46:22,738 2024/01/03	Validate motor init	TX: V45	RX: 0
08:46:22,751 2024/01/03	Validate motor init	TX: V50	RX: 4
08:46:23,372 2024/01/03	Send ID & POL	TX: V49=4	RX: OK
08:46:23,384 2024/01/03	Send ID & POL	TX: POL=0	RX: 
08:46:23,500 2024/01/03	Validate motor init	TX: STOP	RX: OK
08:46:23,513 2024/01/03	Validate motor init	TX: SR0=0	RX: OK
08:46:23,526 2024/01/03	Validate motor init	TX: CLR	RX: OK
08:46:23,539 2024/01/03	Validate motor init	TX: IP	RX: 192.168.1.248
08:46:23,551 2024/01/03	Validate motor init	TX: V45	RX: 48
08:46:23,563 2024/01/03	Validate motor init	TX: V50	RX: 8
08:46:23,679 2024/01/03	Send ID & POL	TX: V49=8	RX: OK
08:46:23,691 2024/01/03	Send ID & POL	TX: POL=48	RX: OK
08:46:23,807 2024/01/03	Validate motor init	TX: STOP	RX: OK
08:46:23,820 2024/01/03	Validate motor init	TX: SR0=0	RX: OK
08:46:23,832 2024/01/03	Validate motor init	TX: CLR	RX: OK
08:46:23,844 2024/01/03	Validate motor init	TX: IP	RX: 192.168.1.249
08:46:23,856 2024/01/03	Validate motor init	TX: V45	RX: 0
08:46:23,868 2024/01/03	Validate motor init	TX: V50	RX: 48
08:46:23,982 2024/01/03	Send ID & POL	TX: V49=48	RX: OK
08:46:23,993 2024/01/03	Send ID & POL	TX: POL=0	RX: OK
08:46:24,110 2024/01/03	Validate motor init	TX: STOP	RX: OK
08:46:24,122 2024/01/03	Validate motor init	TX: SR0=0	RX: OK
08:46:24,134 2024/01/03	Validate motor init	TX: CLR	RX: OK
08:46:24,146 2024/01/03	Validate motor init	TX: IP	RX: 192.168.1.249
08:46:24,158 2024/01/03	Validate motor init	TX: V45	RX: 0
08:46:24,170 2024/01/03	Validate motor init	TX: V50	RX: 48
08:46:24,286 2024/01/03	Send ID & POL	TX: V49=48	RX: OK
08:46:24,300 2024/01/03	Send ID & POL	TX: POL=0	RX: OK
08:46:46,166 2024/01/03	WPSEL INIT NONE	
08:46:46,168 2024/01/03	WPROT ACTIVE NONE 0.000 NONE -1, WPSEL ACTIVE BUSY 0.000 NONE -1, CALW NONE NONE 0.000 NONE -1, ASEL ACTIVE NONE 0.000 NONE -1, GMIR ACTIVE NONE 0.000 NONE -1, GFOC ACTIVE NONE 0.000 NONE -1
	
08:46:47,037 2024/01/03	WPSEL	TX: V20=0	RX: OK
08:46:47,051 2024/01/03	WPSEL	TX: V21=0	RX: OK
08:46:47,062 2024/01/03	WPSEL	TX: GS30	RX: OK
08:46:47,707 2024/01/03	WPSEL	TX: V46	RX: 1
08:46:47,719 2024/01/03	WPSEL	TX: EX	RX: 7167
08:46:47,730 2024/01/03	WPSEL=1.433	
08:46:48,468 2024/01/03	WPSEL	TX: V46	RX: 1
08:46:48,481 2024/01/03	WPSEL	TX: EX	RX: 23648
08:46:48,492 2024/01/03	WPSEL=4.730	
08:46:49,162 2024/01/03	WPSEL	TX: V46	RX: 1
08:46:49,174 2024/01/03	WPSEL	TX: EX	RX: 17757
08:46:49,184 2024/01/03	WPSEL=3.551	
08:46:49,804 2024/01/03	WPSEL	TX: V46	RX: 1
08:46:49,816 2024/01/03	WPSEL	TX: EX	RX: 3517
08:46:49,826 2024/01/03	WPSEL=0.703	
08:46:50,453 2024/01/03	WPSEL	TX: V46	RX: 1
08:46:50,466 2024/01/03	WPSEL	TX: EX	RX: -3730
08:46:50,476 2024/01/03	WPSEL=-0.746	
08:46:51,119 2024/01/03	WPSEL	TX: V46	RX: 1
08:46:51,131 2024/01/03	WPSEL	TX: EX	RX: 10018
08:46:51,141 2024/01/03	WPSEL=2.004	
08:46:51,770 2024/01/03	WPSEL	TX: V46	RX: 1
08:46:51,782 2024/01/03	WPSEL	TX: EX	RX: 20616
08:46:51,793 2024/01/03	WPSEL=4.123	
08:46:52,435 2024/01/03	WPSEL	TX: V46	RX: 1
08:46:52,447 2024/01/03	WPSEL	TX: EX	RX: 9421
08:46:52,457 2024/01/03	WPSEL=1.884	
08:46:53,083 2024/01/03	WPSEL	TX: V46	RX: 1
08:46:53,095 2024/01/03	WPSEL	TX: EX	RX: -4167
08:46:53,106 2024/01/03	WPSEL=-0.833	
08:46:53,758 2024/01/03	WPSEL	TX: V46	RX: 0
08:46:53,771 2024/01/03	WPSEL	TX: EX	RX: 1
08:46:53,781 2024/01/03	WPSEL=0.000	
08:46:55,650 2024/01/03	WPROT	TX: V81=0	RX: OK
08:46:55,878 2024/01/03	WPROT	TX: V82=1875	RX: OK
08:46:55,889 2024/01/03	WPROT	TX: V83=3750	RX: OK
08:46:55,902 2024/01/03	WPROT	TX: V84=5625	RX: OK
08:46:55,915 2024/01/03	WPROT	TX: V85=7500	RX: OK
08:46:55,927 2024/01/03	WPROT	TX: V86=9375	RX: OK
08:46:55,940 2024/01/03	WPROT	TX: V87=11250	RX: OK
08:46:55,953 2024/01/03	WPROT	TX: V88=13125	RX: OK
08:46:55,966 2024/01/03	WPROT	TX: V89=15000	RX: OK
08:46:55,978 2024/01/03	WPROT	TX: V90=16875	RX: OK
08:46:55,991 2024/01/03	WPROT	TX: V91=18750	RX: OK
08:46:56,003 2024/01/03	WPROT	TX: V92=20625	RX: OK
08:46:56,015 2024/01/03	WPROT	TX: V93=22500	RX: OK
08:46:56,028 2024/01/03	WPROT	TX: V94=24375	RX: OK
08:46:56,040 2024/01/03	WPROT	TX: V95=26250	RX: OK
08:46:56,052 2024/01/03	WPROT	TX: V96=28125	RX: OK
08:46:56,064 2024/01/03	WPROT	TX: V20=0	RX: OK
08:46:56,076 2024/01/03	WPROT	TX: V21=0	RX: OK
08:46:56,088 2024/01/03	WPROT	TX: GS30	RX: OK
08:46:56,306 2024/01/03	ASEL INIT NONE	
08:46:56,308 2024/01/03	WPROT ACTIVE BUSY 0.000 NONE -1, WPSEL ACTIVE BUSY 0.000 L/4 1, CALW NONE NONE 0.000 NONE -1, ASEL ACTIVE BUSY 0.000 NONE -1, GMIR ACTIVE NONE 0.000 NONE -1, GFOC ACTIVE NONE 0.000 NONE -1
	
08:46:56,937 2024/01/03	WPROT	TX: V46	RX: 1
08:46:56,949 2024/01/03	WPROT	TX: EX	RX: -11267
08:46:56,959 2024/01/03	WPROT=135.204	
08:46:57,175 2024/01/03	ASEL	TX: V20=0	RX: OK
08:46:57,401 2024/01/03	ASEL	TX: V21=0	RX: OK
08:46:57,626 2024/01/03	ASEL	TX: GS30	RX: OK
08:46:58,063 2024/01/03	WPROT	TX: V46	RX: 1
08:46:58,075 2024/01/03	WPROT	TX: EX	RX: -29435
08:46:58,086 2024/01/03	WPROT=353.220	
08:46:58,295 2024/01/03	ASEL	TX: V46	RX: 1
08:46:58,307 2024/01/03	ASEL	TX: EX	RX: -365
08:46:58,317 2024/01/03	ASEL=2.190	
08:46:58,735 2024/01/03	WPROT	TX: V46	RX: 1
08:46:58,749 2024/01/03	WPROT	TX: EX	RX: -33864
08:46:58,760 2024/01/03	WPROT=406.368	
08:46:58,970 2024/01/03	ASEL	TX: V46	RX: 1
08:46:58,982 2024/01/03	ASEL	TX: EX	RX: -242
08:46:58,993 2024/01/03	ASEL=1.452	
08:46:59,419 2024/01/03	WPROT	TX: V46	RX: 1
08:46:59,432 2024/01/03	WPROT	TX: EX	RX: -41201
08:46:59,444 2024/01/03	WPROT=494.412	
08:46:59,662 2024/01/03	ASEL	TX: V46	RX: 1
08:46:59,674 2024/01/03	ASEL	TX: EX	RX: 87
08:46:59,685 2024/01/03	ASEL=-0.522	
08:47:00,104 2024/01/03	WPROT	TX: V46	RX: 1
08:47:00,118 2024/01/03	WPROT	TX: EX	RX: -52259
08:47:00,128 2024/01/03	WPROT=627.108	
08:47:00,358 2024/01/03	ASEL	TX: V46	RX: 1
08:47:00,370 2024/01/03	ASEL	TX: EX	RX: 8
08:47:00,381 2024/01/03	ASEL=-0.048	
08:47:00,814 2024/01/03	WPROT	TX: V46	RX: 1
08:47:00,825 2024/01/03	WPROT	TX: EX	RX: -63002
08:47:00,836 2024/01/03	WPROT=756.024	
08:47:01,061 2024/01/03	ASEL	TX: V46	RX: 1
08:47:01,074 2024/01/03	ASEL	TX: EX	RX: -37
08:47:01,084 2024/01/03	ASEL=0.222	
08:47:01,522 2024/01/03	WPROT	TX: V46	RX: 0
08:47:01,534 2024/01/03	WPROT	TX: EX	RX: 0
08:47:01,544 2024/01/03	WPROT=0.000	
08:47:01,757 2024/01/03	ASEL	TX: V46	RX: 1
08:47:01,769 2024/01/03	ASEL	TX: EX	RX: -82
08:47:01,779 2024/01/03	ASEL=0.492	
08:47:02,400 2024/01/03	ASEL	TX: V46	RX: 1
08:47:02,412 2024/01/03	ASEL	TX: EX	RX: -177
08:47:02,423 2024/01/03	ASEL=1.062	
08:47:03,053 2024/01/03	ASEL	TX: V46	RX: 1
08:47:03,065 2024/01/03	ASEL	TX: EX	RX: -125
08:47:03,076 2024/01/03	ASEL=0.750	
08:47:03,696 2024/01/03	ASEL	TX: V46	RX: 1
08:47:03,709 2024/01/03	ASEL	TX: EX	RX: -73
08:47:03,720 2024/01/03	ASEL=0.438	
08:47:04,350 2024/01/03	ASEL	TX: V46	RX: 1
08:47:04,362 2024/01/03	ASEL	TX: EX	RX: -20
08:47:04,372 2024/01/03	ASEL=0.120	
08:47:05,001 2024/01/03	ASEL	TX: V46	RX: 1
08:47:05,012 2024/01/03	ASEL	TX: EX	RX: -338
08:47:05,021 2024/01/03	ASEL=2.028	
08:47:05,658 2024/01/03	ASEL	TX: V46	RX: 1
08:47:05,670 2024/01/03	ASEL	TX: EX	RX: -306
08:47:05,681 2024/01/03	ASEL=1.836	
08:47:06,312 2024/01/03	ASEL	TX: V46	RX: 1
08:47:06,324 2024/01/03	ASEL	TX: EX	RX: 20
08:47:06,335 2024/01/03	ASEL=-0.120	
08:47:06,978 2024/01/03	ASEL	TX: V46	RX: 0
08:47:06,989 2024/01/03	ASEL	TX: EX	RX: 0
08:47:06,999 2024/01/03	ASEL=0.000	
08:47:07,106 2024/01/03	GMIR INIT NONE	
08:47:07,108 2024/01/03	WPROT ACTIVE READY 0.000 WP1 1, WPSEL ACTIVE READY 0.000 L/4 1, CALW NONE NONE 0.000 NONE -1, ASEL ACTIVE BUSY 0.000 NONE -1, GMIR ACTIVE BUSY 0.000 NONE -1, GFOC ACTIVE NONE 0.000 NONE -1
	
08:47:07,942 2024/01/03	GMIR	TX: V20=0	RX: OK
08:47:07,955 2024/01/03	GMIR	TX: V21=16	RX: OK
08:47:07,967 2024/01/03	GMIR	TX: GS30	RX: OK
08:47:08,601 2024/01/03	GMIR	TX: V46	RX: 1
08:47:08,613 2024/01/03	GMIR	TX: EX	RX: 13714
08:47:08,624 2024/01/03	GMIR=82.284	
08:47:09,259 2024/01/03	GMIR	TX: V46	RX: 1
08:47:09,272 2024/01/03	GMIR	TX: EX	RX: 23683
08:47:09,282 2024/01/03	GMIR=142.098	
08:47:09,917 2024/01/03	GMIR	TX: V46	RX: 1
08:47:09,929 2024/01/03	GMIR	TX: EX	RX: 33618
08:47:09,940 2024/01/03	GMIR=201.708	
08:47:10,561 2024/01/03	GMIR	TX: V46	RX: 1
08:47:10,573 2024/01/03	GMIR	TX: EX	RX: 43370
08:47:10,583 2024/01/03	GMIR=260.220	
08:47:11,205 2024/01/03	GMIR	TX: V46	RX: 1
08:47:11,217 2024/01/03	GMIR	TX: EX	RX: 53118
08:47:11,227 2024/01/03	GMIR=318.708	
08:47:11,867 2024/01/03	GMIR	TX: V46	RX: 1
08:47:11,880 2024/01/03	GMIR	TX: EX	RX: 63147
08:47:11,890 2024/01/03	GMIR=378.882	
08:47:12,543 2024/01/03	GMIR	TX: V46	RX: 1
08:47:12,555 2024/01/03	GMIR	TX: EX	RX: 73368
08:47:12,566 2024/01/03	GMIR=440.208	
08:47:13,197 2024/01/03	GMIR	TX: V46	RX: 1
08:47:13,210 2024/01/03	GMIR	TX: EX	RX: 83282
08:47:13,220 2024/01/03	GMIR=499.692	
08:47:13,853 2024/01/03	GMIR	TX: V46	RX: 1
08:47:13,865 2024/01/03	GMIR	TX: EX	RX: 93197
08:47:13,876 2024/01/03	GMIR=559.182	
08:47:14,501 2024/01/03	GMIR	TX: V46	RX: 1
08:47:14,513 2024/01/03	GMIR	TX: EX	RX: 103003
08:47:14,524 2024/01/03	GMIR=618.018	
08:47:15,146 2024/01/03	GMIR	TX: V46	RX: 1
08:47:15,157 2024/01/03	GMIR	TX: EX	RX: 112755
08:47:15,167 2024/01/03	GMIR=676.530	
08:47:15,788 2024/01/03	GMIR	TX: V46	RX: 1
08:47:15,800 2024/01/03	GMIR	TX: EX	RX: 122484
08:47:15,810 2024/01/03	GMIR=734.904	
08:47:16,599 2024/01/03	GMIR	TX: V46	RX: 1
08:47:16,611 2024/01/03	GMIR	TX: EX	RX: 132626
08:47:16,622 2024/01/03	GMIR=795.756	
08:47:17,245 2024/01/03	GMIR	TX: V46	RX: 1
08:47:17,257 2024/01/03	GMIR	TX: EX	RX: 132627
08:47:17,268 2024/01/03	GMIR=795.762	
08:47:17,884 2024/01/03	GMIR	TX: V46	RX: 1
08:47:17,897 2024/01/03	GMIR	TX: EX	RX: 137692
08:47:17,907 2024/01/03	GMIR=826.152	
08:47:18,535 2024/01/03	GMIR	TX: V46	RX: 1
08:47:18,547 2024/01/03	GMIR	TX: EX	RX: 147528
08:47:18,557 2024/01/03	GMIR=885.168	
08:47:19,183 2024/01/03	GMIR	TX: V46	RX: 1
08:47:19,195 2024/01/03	GMIR	TX: EX	RX: 157332
08:47:19,204 2024/01/03	GMIR=943.992	
08:47:19,946 2024/01/03	GMIR	TX: V46	RX: 1
08:47:19,958 2024/01/03	GMIR	TX: EX	RX: 168880
08:47:19,968 2024/01/03	GMIR=1013.280	
08:47:20,596 2024/01/03	GMIR	TX: V46	RX: 1
08:47:20,609 2024/01/03	GMIR	TX: EX	RX: 178737
08:47:20,618 2024/01/03	GMIR=1072.422	
08:47:21,243 2024/01/03	GMIR	TX: V46	RX: 1
08:47:21,256 2024/01/03	GMIR	TX: EX	RX: 188455
08:47:21,266 2024/01/03	GMIR=1130.730	
08:47:21,891 2024/01/03	GMIR	TX: V46	RX: 0
08:47:21,903 2024/01/03	GMIR	TX: EX	RX: 0
08:47:21,913 2024/01/03	GMIR=0.000	
08:47:24,886 2024/01/03	GFOC INIT NONE	
08:47:24,888 2024/01/03	WPROT ACTIVE READY 0.000 WP1 1, WPSEL ACTIVE READY 0.000 L/4 1, CALW NONE NONE 0.000 NONE -1, ASEL ACTIVE READY 0.000 OFF 1, GMIR ACTIVE READY 0.000 TARGET 1, GFOC ACTIVE BUSY 0.000 NONE -1
	
08:47:25,721 2024/01/03	GFOC	TX: V20=0	RX: OK
08:47:25,734 2024/01/03	GFOC	TX: V21=32	RX: OK
08:47:25,745 2024/01/03	GFOC	TX: GS30	RX: OK
08:47:26,378 2024/01/03	GFOC	TX: V46	RX: 0
08:47:26,390 2024/01/03	GFOC	TX: V32	RX: 0
08:47:26,401 2024/01/03	GFOC=0.000	
08:48:13,389 2024/01/03	Validate motor init	TX: STOP	RX: OK
08:48:13,402 2024/01/03	Validate motor init	TX: SR0=0	RX: OK
08:48:13,414 2024/01/03	Validate motor init	TX: CLR	RX: OK
08:48:13,428 2024/01/03	Validate motor init	TX: IP	RX: 192.168.1.245
08:48:13,442 2024/01/03	Validate motor init	TX: V45	RX: 16
08:48:13,456 2024/01/03	Validate motor init	TX: V50	RX: 1
08:48:13,574 2024/01/03	Send ID & POL	TX: V49=1	RX: OK
08:48:13,589 2024/01/03	Send ID & POL	TX: POL=16	RX: OK
08:48:13,813 2024/01/03	Send Positions	TX: V51=0	RX: OK
08:48:13,828 2024/01/03	Send Positions	TX: V52=1875	RX: OK
08:48:13,840 2024/01/03	Send Positions	TX: V53=3750	RX: OK
08:48:13,853 2024/01/03	Send Positions	TX: V54=5625	RX: OK
08:48:13,865 2024/01/03	Send Positions	TX: V55=7500	RX: OK
08:48:13,877 2024/01/03	Send Positions	TX: V56=9375	RX: OK
08:48:13,890 2024/01/03	Send Positions	TX: V57=11250	RX: OK
08:48:13,903 2024/01/03	Send Positions	TX: V58=13125	RX: OK
08:48:13,916 2024/01/03	Send Positions	TX: V59=15000	RX: OK
08:48:13,928 2024/01/03	Send Positions	TX: V60=16875	RX: OK
08:48:13,940 2024/01/03	Send Positions	TX: V61=18750	RX: OK
08:48:13,953 2024/01/03	Send Positions	TX: V62=20625	RX: OK
08:48:13,965 2024/01/03	Send Positions	TX: V63=22500	RX: OK
08:48:13,978 2024/01/03	Send Positions	TX: V64=24375	RX: OK
08:48:13,990 2024/01/03	Send Positions	TX: V65=26250	RX: OK
08:48:14,003 2024/01/03	Send Positions	TX: V66=28125	RX: OK
08:48:14,027 2024/01/03	Validate motor init	TX: STOP	RX: OK
08:48:14,038 2024/01/03	Validate motor init	TX: SR0=0	RX: OK
08:48:14,050 2024/01/03	Validate motor init	TX: CLR	RX: OK
08:48:14,063 2024/01/03	Validate motor init	TX: IP	RX: 192.168.1.246
08:48:14,077 2024/01/03	Validate motor init	TX: V45	RX: 80
08:48:14,090 2024/01/03	Validate motor init	TX: V50	RX: 2
08:48:14,216 2024/01/03	Send ID & POL	TX: V49=2	RX: OK
08:48:14,229 2024/01/03	Send ID & POL	TX: POL=80	RX: OK
08:48:14,346 2024/01/03	Validate motor init	TX: STOP	RX: OK
08:48:14,358 2024/01/03	Validate motor init	TX: SR0=0	RX: OK
08:48:14,369 2024/01/03	Validate motor init	TX: CLR	RX: OK
08:48:14,381 2024/01/03	Validate motor init	TX: IP	RX: 192.168.1.247
08:48:14,393 2024/01/03	Validate motor init	TX: V45	RX: 0
08:48:14,405 2024/01/03	Validate motor init	TX: V50	RX: 4
08:48:14,521 2024/01/03	Send ID & POL	TX: V49=4	RX: OK
08:48:14,534 2024/01/03	Send ID & POL	TX: POL=0	RX: OK
08:48:14,661 2024/01/03	Validate motor init	TX: STOP	RX: OK
08:48:14,673 2024/01/03	Validate motor init	TX: SR0=0	RX: OK
08:48:14,685 2024/01/03	Validate motor init	TX: CLR	RX: OK
08:48:14,697 2024/01/03	Validate motor init	TX: IP	RX: 192.168.1.248
08:48:14,710 2024/01/03	Validate motor init	TX: V45	RX: 48
08:48:14,722 2024/01/03	Validate motor init	TX: V50	RX: 8
08:48:14,838 2024/01/03	Send ID & POL	TX: V49=8	RX: OK
08:48:14,850 2024/01/03	Send ID & POL	TX: POL=48	RX: OK
08:48:14,967 2024/01/03	Validate motor init	TX: STOP	RX: OK
08:48:14,979 2024/01/03	Validate motor init	TX: SR0=0	RX: OK
08:48:14,991 2024/01/03	Validate motor init	TX: CLR	RX: OK
08:48:15,004 2024/01/03	Validate motor init	TX: IP	RX: 192.168.1.249
08:48:15,016 2024/01/03	Validate motor init	TX: V45	RX: 0
08:48:15,028 2024/01/03	Validate motor init	TX: V50	RX: 48
08:48:15,144 2024/01/03	Send ID & POL	TX: V49=48	RX: OK
08:48:15,157 2024/01/03	Send ID & POL	TX: POL=0	RX: OK
08:48:15,274 2024/01/03	Validate motor init	TX: STOP	RX: OK
08:48:15,287 2024/01/03	Validate motor init	TX: SR0=0	RX: OK
08:48:15,299 2024/01/03	Validate motor init	TX: CLR	RX: OK
08:48:15,311 2024/01/03	Validate motor init	TX: IP	RX: 192.168.1.249
08:48:15,324 2024/01/03	Validate motor init	TX: V45	RX: 0
08:48:15,337 2024/01/03	Validate motor init	TX: V50	RX: 48
08:48:15,454 2024/01/03	Send ID & POL	TX: V49=48	RX: OK
08:48:15,467 2024/01/03	Send ID & POL	TX: POL=0	RX: OK
08:48:27,608 2024/01/03	CALW INIT NONE	
08:48:27,609 2024/01/03	WPROT ACTIVE READY 0.000 WP1 1, WPSEL ACTIVE READY 0.000 L/4 1, CALW ACTIVE BUSY 0.000 NONE -1, ASEL ACTIVE READY 0.000 OFF 1, GMIR ACTIVE READY 0.000 TARGET 1, GFOC ACTIVE READY 0.000 TARGET 1
	
08:48:28,459 2024/01/03	CALW	TX: V20=0	RX: OK
08:48:28,471 2024/01/03	CALW	TX: V21=0	RX: OK
08:48:28,484 2024/01/03	CALW	TX: GS30	RX: OK
08:48:29,321 2024/01/03	CALW	TX: V46	RX: 1
08:48:29,334 2024/01/03	CALW	TX: EX	RX: -5668
08:48:29,345 2024/01/03	CALW=34.008	
08:48:29,965 2024/01/03	CALW	TX: V46	RX: 1
08:48:29,978 2024/01/03	CALW	TX: EX	RX: -9390
08:48:29,988 2024/01/03	CALW=56.340	
08:48:30,643 2024/01/03	CALW	TX: V46	RX: 1
08:48:30,655 2024/01/03	CALW	TX: EX	RX: -15231
08:48:30,665 2024/01/03	CALW=91.386	
08:48:31,388 2024/01/03	CALW	TX: V46	RX: 1
08:48:31,400 2024/01/03	CALW	TX: EX	RX: -20746
08:48:31,410 2024/01/03	CALW=124.476	
08:48:32,036 2024/01/03	CALW	TX: V46	RX: 1
08:48:32,049 2024/01/03	CALW	TX: EX	RX: -25003
08:48:32,059 2024/01/03	CALW=150.018	
08:48:32,787 2024/01/03	CALW	TX: V46	RX: 1
08:48:32,799 2024/01/03	CALW	TX: EX	RX: -30825
08:48:32,809 2024/01/03	CALW=184.950	
08:48:33,445 2024/01/03	CALW	TX: V46	RX: 1
08:48:33,457 2024/01/03	CALW	TX: EX	RX: -37478
08:48:33,468 2024/01/03	CALW=224.868	
08:48:34,097 2024/01/03	CALW	TX: V46	RX: 1
08:48:34,109 2024/01/03	CALW	TX: EX	RX: -44065
08:48:34,120 2024/01/03	CALW=264.390	
08:48:34,919 2024/01/03	CALW	TX: V46	RX: 1
08:48:34,930 2024/01/03	CALW	TX: EX	RX: -52374
08:48:34,939 2024/01/03	CALW=314.244	
08:48:35,575 2024/01/03	CALW	TX: V46	RX: 1
08:48:35,587 2024/01/03	CALW	TX: EX	RX: -59010
08:48:35,598 2024/01/03	CALW=354.060	
08:48:36,448 2024/01/03	CALW	TX: V46	RX: 0
08:48:36,460 2024/01/03	CALW	TX: EX	RX: 0
08:48:36,470 2024/01/03	CALW=0.000	
08:50:48,689 2024/01/03	WPROT GOTO WP16	
08:50:48,690 2024/01/03	WPROT ACTIVE BUSY 0.000 WP1 1, WPSEL ACTIVE READY 0.000 L/4 1, CALW ACTIVE READY 0.000 OFF 1, ASEL ACTIVE READY 0.000 OFF 1, GMIR ACTIVE READY 0.000 TARGET 1, GFOC ACTIVE READY 0.000 TARGET 1
	
08:50:48,706 2024/01/03	<Immediate> 	TX: GS16	RX: OK
08:50:48,931 2024/01/03	WPROT	TX: V46	RX: 1
08:50:48,944 2024/01/03	WPROT	TX: EX	RX: -826
08:50:48,955 2024/01/03	WPROT=9.912	
08:50:49,275 2024/01/03	WPROT	TX: V46	RX: 1
08:50:49,286 2024/01/03	WPROT	TX: EX	RX: -6349
08:50:49,296 2024/01/03	WPROT=76.188	
08:50:49,619 2024/01/03	WPROT	TX: V46	RX: 1
08:50:49,631 2024/01/03	WPROT	TX: EX	RX: -11907
08:50:49,641 2024/01/03	WPROT=142.884	
08:50:49,961 2024/01/03	WPROT	TX: V46	RX: 1
08:50:49,974 2024/01/03	WPROT	TX: EX	RX: -17432
08:50:49,984 2024/01/03	WPROT=209.184	
08:50:50,311 2024/01/03	WPROT	TX: V46	RX: 1
08:50:50,323 2024/01/03	WPROT	TX: EX	RX: -23061
08:50:50,333 2024/01/03	WPROT=276.732	
08:50:50,668 2024/01/03	WPROT	TX: V46	RX: 1
08:50:50,681 2024/01/03	WPROT	TX: EX	RX: -28124
08:50:50,690 2024/01/03	WPROT=337.488	
08:50:51,008 2024/01/03	WPROT	TX: V46	RX: 0
08:50:51,020 2024/01/03	WPROT	TX: EX	RX: -28126
08:50:51,031 2024/01/03	WPROT=337.512	
08:50:53,871 2024/01/03	WPROT GOTO WP15	
08:50:53,873 2024/01/03	WPROT ACTIVE BUSY 337.512 WP16 16, WPSEL ACTIVE READY 0.000 L/4 1, CALW ACTIVE READY 0.000 OFF 1, ASEL ACTIVE READY 0.000 OFF 1, GMIR ACTIVE READY 0.000 TARGET 1, GFOC ACTIVE READY 0.000 TARGET 1
	
08:50:53,880 2024/01/03	<Immediate> 	TX: GS15	RX: OK
08:50:54,106 2024/01/03	WPROT	TX: V46	RX: 1
08:50:54,118 2024/01/03	WPROT	TX: EX	RX: -28581
08:50:54,129 2024/01/03	WPROT=342.972	
08:50:54,450 2024/01/03	WPROT	TX: V46	RX: 1
08:50:54,462 2024/01/03	WPROT	TX: EX	RX: -34068
08:50:54,471 2024/01/03	WPROT=408.816	
08:50:54,815 2024/01/03	WPROT	TX: V46	RX: 1
08:50:54,828 2024/01/03	WPROT	TX: EX	RX: -39966
08:50:54,838 2024/01/03	WPROT=479.592	
08:50:55,158 2024/01/03	WPROT	TX: V46	RX: 1
08:50:55,172 2024/01/03	WPROT	TX: EX	RX: -45503
08:50:55,182 2024/01/03	WPROT=546.036	
08:50:55,502 2024/01/03	WPROT	TX: V46	RX: 1
08:50:55,516 2024/01/03	WPROT	TX: EX	RX: -51061
08:50:55,527 2024/01/03	WPROT=612.732	
08:50:55,847 2024/01/03	WPROT	TX: V46	RX: 1
08:50:55,859 2024/01/03	WPROT	TX: EX	RX: -56178
08:50:55,870 2024/01/03	WPROT=674.136	
08:50:56,201 2024/01/03	WPROT	TX: V46	RX: 0
08:50:56,214 2024/01/03	WPROT	TX: EX	RX: -26250
08:50:56,224 2024/01/03	WPROT=315.000	
08:50:59,068 2024/01/03	WPROT GOTO WP14	
08:50:59,070 2024/01/03	WPROT ACTIVE BUSY 315.000 WP15 15, WPSEL ACTIVE READY 0.000 L/4 1, CALW ACTIVE READY 0.000 OFF 1, ASEL ACTIVE READY 0.000 OFF 1, GMIR ACTIVE READY 0.000 TARGET 1, GFOC ACTIVE READY 0.000 TARGET 1
	
08:50:59,076 2024/01/03	<Immediate> 	TX: GS14	RX: OK
08:50:59,297 2024/01/03	WPROT	TX: V46	RX: 1
08:50:59,310 2024/01/03	WPROT	TX: EX	RX: -26648
08:50:59,319 2024/01/03	WPROT=319.776	
08:50:59,641 2024/01/03	WPROT	TX: V46	RX: 1
08:50:59,654 2024/01/03	WPROT	TX: EX	RX: -32120
08:50:59,664 2024/01/03	WPROT=385.440	
08:50:59,987 2024/01/03	WPROT	TX: V46	RX: 1
08:51:00,000 2024/01/03	WPROT	TX: EX	RX: -37695
08:51:00,010 2024/01/03	WPROT=452.340	
08:51:00,353 2024/01/03	WPROT	TX: V46	RX: 1
08:51:00,366 2024/01/03	WPROT	TX: EX	RX: -43602
08:51:00,376 2024/01/03	WPROT=523.224	
08:51:00,706 2024/01/03	WPROT	TX: V46	RX: 1
08:51:00,719 2024/01/03	WPROT	TX: EX	RX: -49295
08:51:00,730 2024/01/03	WPROT=591.540	
08:51:01,063 2024/01/03	WPROT	TX: V46	RX: 1
08:51:01,075 2024/01/03	WPROT	TX: EX	RX: -54370
08:51:01,085 2024/01/03	WPROT=652.440	
08:51:01,406 2024/01/03	WPROT	TX: V46	RX: 0
08:51:01,418 2024/01/03	WPROT	TX: EX	RX: -24376
08:51:01,428 2024/01/03	WPROT=292.512	
08:51:04,270 2024/01/03	WPROT GOTO WP13	
08:51:04,271 2024/01/03	WPROT ACTIVE BUSY 292.512 WP14 14, WPSEL ACTIVE READY 0.000 L/4 1, CALW ACTIVE READY 0.000 OFF 1, ASEL ACTIVE READY 0.000 OFF 1, GMIR ACTIVE READY 0.000 TARGET 1, GFOC ACTIVE READY 0.000 TARGET 1
	
08:51:04,278 2024/01/03	<Immediate> 	TX: GS13	RX: OK
08:51:04,500 2024/01/03	WPROT	TX: V46	RX: 1
08:51:04,512 2024/01/03	WPROT	TX: EX	RX: -24773
08:51:04,522 2024/01/03	WPROT=297.276	
08:51:04,853 2024/01/03	WPROT	TX: V46	RX: 1
08:51:04,864 2024/01/03	WPROT	TX: EX	RX: -30381
08:51:04,875 2024/01/03	WPROT=364.572	
08:51:05,199 2024/01/03	WPROT	TX: V46	RX: 1
08:51:05,211 2024/01/03	WPROT	TX: EX	RX: -35968
08:51:05,221 2024/01/03	WPROT=431.616	
08:51:05,549 2024/01/03	WPROT	TX: V46	RX: 1
08:51:05,562 2024/01/03	WPROT	TX: EX	RX: -41632
08:51:05,572 2024/01/03	WPROT=499.584	
08:51:05,893 2024/01/03	WPROT	TX: V46	RX: 1
08:51:05,905 2024/01/03	WPROT	TX: EX	RX: -47160
08:51:05,916 2024/01/03	WPROT=565.920	
08:51:06,260 2024/01/03	WPROT	TX: V46	RX: 1
08:51:06,273 2024/01/03	WPROT	TX: EX	RX: -52486
08:51:06,283 2024/01/03	WPROT=629.832	
08:51:06,606 2024/01/03	WPROT	TX: V46	RX: 0
08:51:06,618 2024/01/03	WPROT	TX: EX	RX: -22501
08:51:06,628 2024/01/03	WPROT=270.012	
08:51:09,465 2024/01/03	WPROT GOTO WP12	
08:51:09,466 2024/01/03	WPROT ACTIVE BUSY 270.012 WP13 13, WPSEL ACTIVE READY 0.000 L/4 1, CALW ACTIVE READY 0.000 OFF 1, ASEL ACTIVE READY 0.000 OFF 1, GMIR ACTIVE READY 0.000 TARGET 1, GFOC ACTIVE READY 0.000 TARGET 1
	
08:51:09,473 2024/01/03	<Immediate> 	TX: GS12	RX: OK
08:51:09,692 2024/01/03	WPROT	TX: V46	RX: 1
08:51:09,703 2024/01/03	WPROT	TX: EX	RX: -22871
08:51:09,713 2024/01/03	WPROT=274.452	
08:51:10,045 2024/01/03	WPROT	TX: V46	RX: 1
08:51:10,057 2024/01/03	WPROT	TX: EX	RX: -28475
08:51:10,068 2024/01/03	WPROT=341.700	
08:51:10,393 2024/01/03	WPROT	TX: V46	RX: 1
08:51:10,405 2024/01/03	WPROT	TX: EX	RX: -34086
08:51:10,415 2024/01/03	WPROT=409.032	
08:51:10,747 2024/01/03	WPROT	TX: V46	RX: 1
08:51:10,760 2024/01/03	WPROT	TX: EX	RX: -39813
08:51:10,770 2024/01/03	WPROT=477.756	
08:51:11,123 2024/01/03	WPROT	TX: V46	RX: 1
08:51:11,135 2024/01/03	WPROT	TX: EX	RX: -45876
08:51:11,147 2024/01/03	WPROT=550.512	
08:51:11,468 2024/01/03	WPROT	TX: V46	RX: 1
08:51:11,479 2024/01/03	WPROT	TX: EX	RX: -50627
08:51:11,489 2024/01/03	WPROT=607.524	
08:51:11,810 2024/01/03	WPROT	TX: V46	RX: 0
08:51:11,822 2024/01/03	WPROT	TX: EX	RX: -20627
08:51:11,833 2024/01/03	WPROT=247.524	
08:51:14,720 2024/01/03	WPROT GOTO WP11	
08:51:14,721 2024/01/03	WPROT ACTIVE BUSY 247.524 WP12 12, WPSEL ACTIVE READY 0.000 L/4 1, CALW ACTIVE READY 0.000 OFF 1, ASEL ACTIVE READY 0.000 OFF 1, GMIR ACTIVE READY 0.000 TARGET 1, GFOC ACTIVE READY 0.000 TARGET 1
	
08:51:14,728 2024/01/03	<Immediate> 	TX: GS11	RX: OK
08:51:14,953 2024/01/03	WPROT	TX: V46	RX: 1
08:51:14,965 2024/01/03	WPROT	TX: EX	RX: -21051
08:51:14,975 2024/01/03	WPROT=252.612	
08:51:15,317 2024/01/03	WPROT	TX: V46	RX: 1
08:51:15,329 2024/01/03	WPROT	TX: EX	RX: -26852
08:51:15,339 2024/01/03	WPROT=322.224	
08:51:15,660 2024/01/03	WPROT	TX: V46	RX: 1
08:51:15,672 2024/01/03	WPROT	TX: EX	RX: -32380
08:51:15,682 2024/01/03	WPROT=388.560	
08:51:16,007 2024/01/03	WPROT	TX: V46	RX: 1
08:51:16,019 2024/01/03	WPROT	TX: EX	RX: -37973
08:51:16,029 2024/01/03	WPROT=455.676	
08:51:16,358 2024/01/03	WPROT	TX: V46	RX: 1
08:51:16,370 2024/01/03	WPROT	TX: EX	RX: -43647
08:51:16,381 2024/01/03	WPROT=523.764	
08:51:16,713 2024/01/03	WPROT	TX: V46	RX: 1
08:51:16,726 2024/01/03	WPROT	TX: EX	RX: -48742
08:51:16,736 2024/01/03	WPROT=584.904	
08:51:17,066 2024/01/03	WPROT	TX: V46	RX: 0
08:51:17,077 2024/01/03	WPROT	TX: EX	RX: -18751
08:51:17,087 2024/01/03	WPROT=225.012	
08:51:19,996 2024/01/03	WPROT GOTO WP10	
08:51:19,997 2024/01/03	WPROT ACTIVE BUSY 225.012 WP11 11, WPSEL ACTIVE READY 0.000 L/4 1, CALW ACTIVE READY 0.000 OFF 1, ASEL ACTIVE READY 0.000 OFF 1, GMIR ACTIVE READY 0.000 TARGET 1, GFOC ACTIVE READY 0.000 TARGET 1
	
08:51:20,013 2024/01/03	<Immediate> 	TX: GS10	RX: OK
08:51:20,252 2024/01/03	WPROT	TX: V46	RX: 1
08:51:20,265 2024/01/03	WPROT	TX: EX	RX: -19375
08:51:20,275 2024/01/03	WPROT=232.500	
08:51:20,606 2024/01/03	WPROT	TX: V46	RX: 1
08:51:20,618 2024/01/03	WPROT	TX: EX	RX: -25050
08:51:20,629 2024/01/03	WPROT=300.600	
08:51:20,960 2024/01/03	WPROT	TX: V46	RX: 1
08:51:20,972 2024/01/03	WPROT	TX: EX	RX: -30759
08:51:20,981 2024/01/03	WPROT=369.108	
08:51:21,299 2024/01/03	WPROT	TX: V46	RX: 1
08:51:21,311 2024/01/03	WPROT	TX: EX	RX: -36225
08:51:21,321 2024/01/03	WPROT=434.700	
08:51:21,656 2024/01/03	WPROT	TX: V46	RX: 1
08:51:21,668 2024/01/03	WPROT	TX: EX	RX: -41987
08:51:21,678 2024/01/03	WPROT=503.844	
08:51:22,003 2024/01/03	WPROT	TX: V46	RX: 1
08:51:22,016 2024/01/03	WPROT	TX: EX	RX: -46875
08:51:22,027 2024/01/03	WPROT=562.500	
08:51:22,350 2024/01/03	WPROT	TX: V46	RX: 0
08:51:22,362 2024/01/03	WPROT	TX: EX	RX: -16876
08:51:22,373 2024/01/03	WPROT=202.512	
08:51:25,299 2024/01/03	WPROT GOTO WP9	
08:51:25,300 2024/01/03	WPROT ACTIVE BUSY 202.512 WP10 10, WPSEL ACTIVE READY 0.000 L/4 1, CALW ACTIVE READY 0.000 OFF 1, ASEL ACTIVE READY 0.000 OFF 1, GMIR ACTIVE READY 0.000 TARGET 1, GFOC ACTIVE READY 0.000 TARGET 1
	
08:51:25,306 2024/01/03	<Immediate> 	TX: GS9	RX: OK
08:51:25,532 2024/01/03	WPROT	TX: V46	RX: 1
08:51:25,544 2024/01/03	WPROT	TX: EX	RX: -17325
08:51:25,555 2024/01/03	WPROT=207.900	
08:51:25,877 2024/01/03	WPROT	TX: V46	RX: 1
08:51:25,889 2024/01/03	WPROT	TX: EX	RX: -22831
08:51:25,899 2024/01/03	WPROT=273.972	
08:51:26,223 2024/01/03	WPROT	TX: V46	RX: 1
08:51:26,235 2024/01/03	WPROT	TX: EX	RX: -28419
08:51:26,245 2024/01/03	WPROT=341.028	
08:51:26,570 2024/01/03	WPROT	TX: V46	RX: 1
08:51:26,582 2024/01/03	WPROT	TX: EX	RX: -34013
08:51:26,592 2024/01/03	WPROT=408.156	
08:51:26,924 2024/01/03	WPROT	TX: V46	RX: 1
08:51:26,936 2024/01/03	WPROT	TX: EX	RX: -39712
08:51:26,946 2024/01/03	WPROT=476.544	
08:51:27,266 2024/01/03	WPROT	TX: V46	RX: 1
08:51:27,278 2024/01/03	WPROT	TX: EX	RX: -44898
08:51:27,288 2024/01/03	WPROT=538.776	
08:51:27,649 2024/01/03	WPROT	TX: V46	RX: 0
08:51:27,662 2024/01/03	WPROT	TX: EX	RX: -15000
08:51:27,672 2024/01/03	WPROT=180.000	
08:51:30,593 2024/01/03	WPROT GOTO WP8	
08:51:30,595 2024/01/03	WPROT ACTIVE BUSY 180.000 WP9 9, WPSEL ACTIVE READY 0.000 L/4 1, CALW ACTIVE READY 0.000 OFF 1, ASEL ACTIVE READY 0.000 OFF 1, GMIR ACTIVE READY 0.000 TARGET 1, GFOC ACTIVE READY 0.000 TARGET 1
	
08:51:30,611 2024/01/03	<Immediate> 	TX: GS8	RX: OK
08:51:30,837 2024/01/03	WPROT	TX: V46	RX: 1
08:51:30,851 2024/01/03	WPROT	TX: EX	RX: -15455
08:51:30,861 2024/01/03	WPROT=185.460	
08:51:31,213 2024/01/03	WPROT	TX: V46	RX: 1
08:51:31,226 2024/01/03	WPROT	TX: EX	RX: -21459
08:51:31,237 2024/01/03	WPROT=257.508	
08:51:31,573 2024/01/03	WPROT	TX: V46	RX: 1
08:51:31,584 2024/01/03	WPROT	TX: EX	RX: -27227
08:51:31,595 2024/01/03	WPROT=326.724	
08:51:31,939 2024/01/03	WPROT	TX: V46	RX: 1
08:51:31,952 2024/01/03	WPROT	TX: EX	RX: -33163
08:51:31,962 2024/01/03	WPROT=397.956	
08:51:32,297 2024/01/03	WPROT	TX: V46	RX: 1
08:51:32,310 2024/01/03	WPROT	TX: EX	RX: -38924
08:51:32,321 2024/01/03	WPROT=467.088	
08:51:32,644 2024/01/03	WPROT	TX: V46	RX: 1
08:51:32,657 2024/01/03	WPROT	TX: EX	RX: -43126
08:51:32,667 2024/01/03	WPROT=517.512	
08:51:32,991 2024/01/03	WPROT	TX: V46	RX: 0
08:51:33,003 2024/01/03	WPROT	TX: EX	RX: -13126
08:51:33,014 2024/01/03	WPROT=157.512	
08:51:35,874 2024/01/03	WPROT GOTO WP7	
08:51:35,876 2024/01/03	WPROT ACTIVE BUSY 157.512 WP8 8, WPSEL ACTIVE READY 0.000 L/4 1, CALW ACTIVE READY 0.000 OFF 1, ASEL ACTIVE READY 0.000 OFF 1, GMIR ACTIVE READY 0.000 TARGET 1, GFOC ACTIVE READY 0.000 TARGET 1
	
08:51:35,882 2024/01/03	<Immediate> 	TX: GS7	RX: OK
08:51:36,110 2024/01/03	WPROT	TX: V46	RX: 1
08:51:36,122 2024/01/03	WPROT	TX: EX	RX: -13598
08:51:36,132 2024/01/03	WPROT=163.176	
08:51:36,457 2024/01/03	WPROT	TX: V46	RX: 1
08:51:36,470 2024/01/03	WPROT	TX: EX	RX: -19152
08:51:36,480 2024/01/03	WPROT=229.824	
08:51:36,803 2024/01/03	WPROT	TX: V46	RX: 1
08:51:36,816 2024/01/03	WPROT	TX: EX	RX: -24726
08:51:36,827 2024/01/03	WPROT=296.712	
08:51:37,148 2024/01/03	WPROT	TX: V46	RX: 1
08:51:37,160 2024/01/03	WPROT	TX: EX	RX: -30280
08:51:37,170 2024/01/03	WPROT=363.360	
08:51:37,487 2024/01/03	WPROT	TX: V46	RX: 1
08:51:37,500 2024/01/03	WPROT	TX: EX	RX: -35761
08:51:37,510 2024/01/03	WPROT=429.132	
08:51:37,828 2024/01/03	WPROT	TX: V46	RX: 1
08:51:37,841 2024/01/03	WPROT	TX: EX	RX: -41050
08:51:37,851 2024/01/03	WPROT=492.600	
08:51:38,188 2024/01/03	WPROT	TX: V46	RX: 0
08:51:38,201 2024/01/03	WPROT	TX: EX	RX: -11250
08:51:38,211 2024/01/03	WPROT=135.000	
08:51:41,093 2024/01/03	WPROT GOTO WP6	
08:51:41,094 2024/01/03	WPROT ACTIVE BUSY 135.000 WP7 7, WPSEL ACTIVE READY 0.000 L/4 1, CALW ACTIVE READY 0.000 OFF 1, ASEL ACTIVE READY 0.000 OFF 1, GMIR ACTIVE READY 0.000 TARGET 1, GFOC ACTIVE READY 0.000 TARGET 1
	
08:51:41,110 2024/01/03	<Immediate> 	TX: GS6	RX: OK
08:51:41,331 2024/01/03	WPROT	TX: V46	RX: 1
08:51:41,343 2024/01/03	WPROT	TX: EX	RX: -11636
08:51:41,353 2024/01/03	WPROT=139.632	
08:51:41,676 2024/01/03	WPROT	TX: V46	RX: 1
08:51:41,688 2024/01/03	WPROT	TX: EX	RX: -17105
08:51:41,698 2024/01/03	WPROT=205.260	
08:51:42,039 2024/01/03	WPROT	TX: V46	RX: 1
08:51:42,052 2024/01/03	WPROT	TX: EX	RX: -22970
08:51:42,062 2024/01/03	WPROT=275.640	
08:51:42,404 2024/01/03	WPROT	TX: V46	RX: 1
08:51:42,416 2024/01/03	WPROT	TX: EX	RX: -28849
08:51:42,426 2024/01/03	WPROT=346.188	
08:51:42,753 2024/01/03	WPROT	TX: V46	RX: 1
08:51:42,766 2024/01/03	WPROT	TX: EX	RX: -34488
08:51:42,777 2024/01/03	WPROT=413.856	
08:51:43,100 2024/01/03	WPROT	TX: V46	RX: 1
08:51:43,112 2024/01/03	WPROT	TX: EX	RX: -39372
08:51:43,122 2024/01/03	WPROT=472.464	
08:51:43,447 2024/01/03	WPROT	TX: V46	RX: 0
08:51:43,460 2024/01/03	WPROT	TX: EX	RX: -9376
08:51:43,471 2024/01/03	WPROT=112.512	
08:51:46,311 2024/01/03	WPROT GOTO WP5	
08:51:46,312 2024/01/03	WPROT ACTIVE BUSY 112.512 WP6 6, WPSEL ACTIVE READY 0.000 L/4 1, CALW ACTIVE READY 0.000 OFF 1, ASEL ACTIVE READY 0.000 OFF 1, GMIR ACTIVE READY 0.000 TARGET 1, GFOC ACTIVE READY 0.000 TARGET 1
	
08:51:46,318 2024/01/03	<Immediate> 	TX: GS5	RX: OK
08:51:46,541 2024/01/03	WPROT	TX: V46	RX: 1
08:51:46,553 2024/01/03	WPROT	TX: EX	RX: -9789
08:51:46,564 2024/01/03	WPROT=117.468	
08:51:46,882 2024/01/03	WPROT	TX: V46	RX: 1
08:51:46,893 2024/01/03	WPROT	TX: EX	RX: -15209
08:51:46,902 2024/01/03	WPROT=182.508	
08:51:47,222 2024/01/03	WPROT	TX: V46	RX: 1
08:51:47,235 2024/01/03	WPROT	TX: EX	RX: -20718
08:51:47,244 2024/01/03	WPROT=248.616	
08:51:47,578 2024/01/03	WPROT	TX: V46	RX: 1
08:51:47,590 2024/01/03	WPROT	TX: EX	RX: -26432
08:51:47,600 2024/01/03	WPROT=317.184	
08:51:47,925 2024/01/03	WPROT	TX: V46	RX: 1
08:51:47,937 2024/01/03	WPROT	TX: EX	RX: -32036
08:51:47,948 2024/01/03	WPROT=384.432	
08:51:48,281 2024/01/03	WPROT	TX: V46	RX: 1
08:51:48,294 2024/01/03	WPROT	TX: EX	RX: -37413
08:51:48,305 2024/01/03	WPROT=448.956	
08:51:48,627 2024/01/03	WPROT	TX: V46	RX: 0
08:51:48,640 2024/01/03	WPROT	TX: EX	RX: -7501
08:51:48,650 2024/01/03	WPROT=90.012	
08:51:51,537 2024/01/03	WPROT GOTO WP4	
08:51:51,539 2024/01/03	WPROT ACTIVE BUSY 90.012 WP5 5, WPSEL ACTIVE READY 0.000 L/4 1, CALW ACTIVE READY 0.000 OFF 1, ASEL ACTIVE READY 0.000 OFF 1, GMIR ACTIVE READY 0.000 TARGET 1, GFOC ACTIVE READY 0.000 TARGET 1
	
08:51:51,556 2024/01/03	<Immediate> 	TX: GS4	RX: OK
08:51:51,776 2024/01/03	WPROT	TX: V46	RX: 1
08:51:51,788 2024/01/03	WPROT	TX: EX	RX: -7871
08:51:51,798 2024/01/03	WPROT=94.452	
08:51:52,121 2024/01/03	WPROT	TX: V46	RX: 1
08:51:52,134 2024/01/03	WPROT	TX: EX	RX: -13368
08:51:52,145 2024/01/03	WPROT=160.416	
08:51:52,464 2024/01/03	WPROT	TX: V46	RX: 1
08:51:52,476 2024/01/03	WPROT	TX: EX	RX: -18877
08:51:52,487 2024/01/03	WPROT=226.524	
08:51:52,807 2024/01/03	WPROT	TX: V46	RX: 1
08:51:52,821 2024/01/03	WPROT	TX: EX	RX: -24434
08:51:52,831 2024/01/03	WPROT=293.208	
08:51:53,182 2024/01/03	WPROT	TX: V46	RX: 1
08:51:53,194 2024/01/03	WPROT	TX: EX	RX: -30466
08:51:53,205 2024/01/03	WPROT=365.592	
08:51:53,525 2024/01/03	WPROT	TX: V46	RX: 1
08:51:53,538 2024/01/03	WPROT	TX: EX	RX: -35565
08:51:53,548 2024/01/03	WPROT=426.780	
08:51:53,880 2024/01/03	WPROT	TX: V46	RX: 0
08:51:53,891 2024/01/03	WPROT	TX: EX	RX: -5627
08:51:53,902 2024/01/03	WPROT=67.524	
08:51:56,813 2024/01/03	WPROT GOTO WP3	
08:51:56,814 2024/01/03	WPROT ACTIVE BUSY 67.524 WP4 4, WPSEL ACTIVE READY 0.000 L/4 1, CALW ACTIVE READY 0.000 OFF 1, ASEL ACTIVE READY 0.000 OFF 1, GMIR ACTIVE READY 0.000 TARGET 1, GFOC ACTIVE READY 0.000 TARGET 1
	
08:51:56,820 2024/01/03	<Immediate> 	TX: GS3	RX: OK
08:51:57,046 2024/01/03	WPROT	TX: V46	RX: 1
08:51:57,059 2024/01/03	WPROT	TX: EX	RX: -6074
08:51:57,069 2024/01/03	WPROT=72.888	
08:51:57,408 2024/01/03	WPROT	TX: V46	RX: 1
08:51:57,419 2024/01/03	WPROT	TX: EX	RX: -11831
08:51:57,430 2024/01/03	WPROT=141.972	
08:51:57,758 2024/01/03	WPROT	TX: V46	RX: 1
08:51:57,770 2024/01/03	WPROT	TX: EX	RX: -17484
08:51:57,780 2024/01/03	WPROT=209.808	
08:51:58,129 2024/01/03	WPROT	TX: V46	RX: 1
08:51:58,142 2024/01/03	WPROT	TX: EX	RX: -23478
08:51:58,152 2024/01/03	WPROT=281.736	
08:51:58,484 2024/01/03	WPROT	TX: V46	RX: 1
08:51:58,496 2024/01/03	WPROT	TX: EX	RX: -29184
08:51:58,506 2024/01/03	WPROT=350.208	
08:51:58,838 2024/01/03	WPROT	TX: V46	RX: 1
08:51:58,850 2024/01/03	WPROT	TX: EX	RX: -33751
08:51:58,860 2024/01/03	WPROT=405.012	
08:51:59,189 2024/01/03	WPROT	TX: V46	RX: 0
08:51:59,202 2024/01/03	WPROT	TX: EX	RX: -3751
08:51:59,212 2024/01/03	WPROT=45.012	
08:52:02,117 2024/01/03	WPROT GOTO WP2	
08:52:02,118 2024/01/03	WPROT ACTIVE BUSY 45.012 WP3 3, WPSEL ACTIVE READY 0.000 L/4 1, CALW ACTIVE READY 0.000 OFF 1, ASEL ACTIVE READY 0.000 OFF 1, GMIR ACTIVE READY 0.000 TARGET 1, GFOC ACTIVE READY 0.000 TARGET 1
	
08:52:02,125 2024/01/03	<Immediate> 	TX: GS2	RX: OK
08:52:02,348 2024/01/03	WPROT	TX: V46	RX: 1
08:52:02,361 2024/01/03	WPROT	TX: EX	RX: -4170
08:52:02,371 2024/01/03	WPROT=50.040	
08:52:02,699 2024/01/03	WPROT	TX: V46	RX: 1
08:52:02,711 2024/01/03	WPROT	TX: EX	RX: -9755
08:52:02,722 2024/01/03	WPROT=117.060	
08:52:03,063 2024/01/03	WPROT	TX: V46	RX: 1
08:52:03,075 2024/01/03	WPROT	TX: EX	RX: -15636
08:52:03,086 2024/01/03	WPROT=187.632	
08:52:03,401 2024/01/03	WPROT	TX: V46	RX: 1
08:52:03,415 2024/01/03	WPROT	TX: EX	RX: -21111
08:52:03,424 2024/01/03	WPROT=253.332	
08:52:03,743 2024/01/03	WPROT	TX: V46	RX: 1
08:52:03,756 2024/01/03	WPROT	TX: EX	RX: -26604
08:52:03,766 2024/01/03	WPROT=319.248	
08:52:04,101 2024/01/03	WPROT	TX: V46	RX: 1
08:52:04,114 2024/01/03	WPROT	TX: EX	RX: -31845
08:52:04,124 2024/01/03	WPROT=382.140	
08:52:04,443 2024/01/03	WPROT	TX: V46	RX: 0
08:52:04,455 2024/01/03	WPROT	TX: EX	RX: -1876
08:52:04,466 2024/01/03	WPROT=22.512	
08:52:07,325 2024/01/03	WPROT GOTO WP1	
08:52:07,326 2024/01/03	WPROT ACTIVE BUSY 22.512 WP2 2, WPSEL ACTIVE READY 0.000 L/4 1, CALW ACTIVE READY 0.000 OFF 1, ASEL ACTIVE READY 0.000 OFF 1, GMIR ACTIVE READY 0.000 TARGET 1, GFOC ACTIVE READY 0.000 TARGET 1
	
08:52:07,332 2024/01/03	<Immediate> 	TX: GS1	RX: OK
08:52:07,559 2024/01/03	WPROT	TX: V46	RX: 1
08:52:07,571 2024/01/03	WPROT	TX: EX	RX: -2324
08:52:07,581 2024/01/03	WPROT=27.888	
08:52:07,903 2024/01/03	WPROT	TX: V46	RX: 1
08:52:07,916 2024/01/03	WPROT	TX: EX	RX: -7829
08:52:07,927 2024/01/03	WPROT=93.948	
08:52:08,261 2024/01/03	WPROT	TX: V46	RX: 1
08:52:08,272 2024/01/03	WPROT	TX: EX	RX: -13578
08:52:08,282 2024/01/03	WPROT=162.936	
08:52:08,606 2024/01/03	WPROT	TX: V46	RX: 1
08:52:08,618 2024/01/03	WPROT	TX: EX	RX: -19153
08:52:08,628 2024/01/03	WPROT=229.836	
08:52:08,950 2024/01/03	WPROT	TX: V46	RX: 1
08:52:08,962 2024/01/03	WPROT	TX: EX	RX: -24704
08:52:08,972 2024/01/03	WPROT=296.448	
08:52:09,301 2024/01/03	WPROT	TX: V46	RX: 1
08:52:09,313 2024/01/03	WPROT	TX: EX	RX: -29934
08:52:09,323 2024/01/03	WPROT=359.208	
08:52:09,650 2024/01/03	WPROT	TX: V46	RX: 0
08:52:09,663 2024/01/03	WPROT	TX: EX	RX: 0
08:52:09,673 2024/01/03	WPROT=0.000	
08:52:11,499 2024/01/03	WPROT GOTO WP16	
08:52:11,500 2024/01/03	WPROT ACTIVE BUSY 0.000 WP1 1, WPSEL ACTIVE READY 0.000 L/4 1, CALW ACTIVE READY 0.000 OFF 1, ASEL ACTIVE READY 0.000 OFF 1, GMIR ACTIVE READY 0.000 TARGET 1, GFOC ACTIVE READY 0.000 TARGET 1
	
08:52:11,506 2024/01/03	<Immediate> 	TX: GS16	RX: OK
08:52:12,045 2024/01/03	WPROT	TX: V46	RX: 1
08:52:12,059 2024/01/03	WPROT	TX: EX	RX: -5891
08:52:12,069 2024/01/03	WPROT=70.692	
08:52:12,400 2024/01/03	WPROT	TX: V46	RX: 1
08:52:12,413 2024/01/03	WPROT	TX: EX	RX: -11614
08:52:12,423 2024/01/03	WPROT=139.368	
08:52:12,754 2024/01/03	WPROT	TX: V46	RX: 1
08:52:12,766 2024/01/03	WPROT	TX: EX	RX: -17307
08:52:12,776 2024/01/03	WPROT=207.684	
08:52:13,095 2024/01/03	WPROT	TX: V46	RX: 1
08:52:13,107 2024/01/03	WPROT	TX: EX	RX: -22811
08:52:13,117 2024/01/03	WPROT=273.732	
08:52:13,450 2024/01/03	WPROT	TX: V46	RX: 1
08:52:13,464 2024/01/03	WPROT	TX: EX	RX: -28082
08:52:13,475 2024/01/03	WPROT=336.984	
08:52:13,806 2024/01/03	WPROT	TX: V46	RX: 0
08:52:13,818 2024/01/03	WPROT	TX: EX	RX: -28126
08:52:13,828 2024/01/03	WPROT=337.512	
08:52:15,663 2024/01/03	WPROT GOTO WP1	
08:52:15,664 2024/01/03	WPROT ACTIVE BUSY 337.512 WP16 16, WPSEL ACTIVE READY 0.000 L/4 1, CALW ACTIVE READY 0.000 OFF 1, ASEL ACTIVE READY 0.000 OFF 1, GMIR ACTIVE READY 0.000 TARGET 1, GFOC ACTIVE READY 0.000 TARGET 1
	
08:52:15,670 2024/01/03	<Immediate> 	TX: GS1	RX: OK
08:52:16,211 2024/01/03	WPROT	TX: V46	RX: 0
08:52:16,224 2024/01/03	WPROT	TX: EX	RX: 0
08:52:16,235 2024/01/03	WPROT=0.000	
08:52:18,058 2024/01/03	WPROT GOTO WP15	
08:52:18,060 2024/01/03	WPROT ACTIVE BUSY 0.000 WP1 1, WPSEL ACTIVE READY 0.000 L/4 1, CALW ACTIVE READY 0.000 OFF 1, ASEL ACTIVE READY 0.000 OFF 1, GMIR ACTIVE READY 0.000 TARGET 1, GFOC ACTIVE READY 0.000 TARGET 1
	
08:52:18,076 2024/01/03	<Immediate> 	TX: GS15	RX: OK
08:52:18,627 2024/01/03	WPROT	TX: V46	RX: 1
08:52:18,640 2024/01/03	WPROT	TX: EX	RX: -6044
08:52:18,650 2024/01/03	WPROT=72.528	
08:52:18,973 2024/01/03	WPROT	TX: V46	RX: 1
08:52:18,985 2024/01/03	WPROT	TX: EX	RX: -11604
08:52:18,996 2024/01/03	WPROT=139.248	
08:52:19,319 2024/01/03	WPROT	TX: V46	RX: 1
08:52:19,331 2024/01/03	WPROT	TX: EX	RX: -17199
08:52:19,341 2024/01/03	WPROT=206.388	
08:52:19,667 2024/01/03	WPROT	TX: V46	RX: 1
08:52:19,680 2024/01/03	WPROT	TX: EX	RX: -22808
08:52:19,690 2024/01/03	WPROT=273.696	
08:52:20,040 2024/01/03	WPROT	TX: V46	RX: 0
08:52:20,052 2024/01/03	WPROT	TX: EX	RX: -26250
08:52:20,062 2024/01/03	WPROT=315.000	
08:52:21,871 2024/01/03	WPROT GOTO WP1	
08:52:21,872 2024/01/03	WPROT ACTIVE BUSY 315.000 WP15 15, WPSEL ACTIVE READY 0.000 L/4 1, CALW ACTIVE READY 0.000 OFF 1, ASEL ACTIVE READY 0.000 OFF 1, GMIR ACTIVE READY 0.000 TARGET 1, GFOC ACTIVE READY 0.000 TARGET 1
	
08:52:21,878 2024/01/03	<Immediate> 	TX: GS1	RX: OK
08:52:22,415 2024/01/03	WPROT	TX: V46	RX: 1
08:52:22,428 2024/01/03	WPROT	TX: EX	RX: -30000
08:52:22,439 2024/01/03	WPROT=360.000	
08:52:22,757 2024/01/03	WPROT	TX: V46	RX: 0
08:52:22,770 2024/01/03	WPROT	TX: EX	RX: 0
08:52:22,781 2024/01/03	WPROT=0.000	
08:52:24,610 2024/01/03	WPROT GOTO WP14	
08:52:24,612 2024/01/03	WPROT ACTIVE BUSY 0.000 WP1 1, WPSEL ACTIVE READY 0.000 L/4 1, CALW ACTIVE READY 0.000 OFF 1, ASEL ACTIVE READY 0.000 OFF 1, GMIR ACTIVE READY 0.000 TARGET 1, GFOC ACTIVE READY 0.000 TARGET 1
	
08:52:24,619 2024/01/03	<Immediate> 	TX: GS14	RX: OK
08:52:25,186 2024/01/03	WPROT	TX: V46	RX: 1
08:52:25,198 2024/01/03	WPROT	TX: EX	RX: -6318
08:52:25,208 2024/01/03	WPROT=75.816	
08:52:25,531 2024/01/03	WPROT	TX: V46	RX: 1
08:52:25,544 2024/01/03	WPROT	TX: EX	RX: -11903
08:52:25,555 2024/01/03	WPROT=142.836	
08:52:25,880 2024/01/03	WPROT	TX: V46	RX: 1
08:52:25,893 2024/01/03	WPROT	TX: EX	RX: -17541
08:52:25,903 2024/01/03	WPROT=210.492	
08:52:26,223 2024/01/03	WPROT	TX: V46	RX: 1
08:52:26,235 2024/01/03	WPROT	TX: EX	RX: -23041
08:52:26,246 2024/01/03	WPROT=276.492	
08:52:26,570 2024/01/03	WPROT	TX: V46	RX: 0
08:52:26,583 2024/01/03	WPROT	TX: EX	RX: -24377
08:52:26,593 2024/01/03	WPROT=292.524	
09:19:25,322 2024/01/03	WPROT GOTO WP16	
09:19:25,323 2024/01/03	WPROT ACTIVE BUSY 292.524 WP14 14, WPSEL ACTIVE READY 0.000 L/4 1, CALW ACTIVE READY 0.000 OFF 1, ASEL ACTIVE READY 0.000 OFF 1, GMIR ACTIVE READY 0.000 TARGET 1, GFOC ACTIVE READY 0.000 TARGET 1
	
09:19:25,340 2024/01/03	<Immediate> 	TX: GS16	RX: OK
09:19:25,561 2024/01/03	WPROT	TX: V46	RX: 1
09:19:25,573 2024/01/03	WPROT	TX: EX	RX: -24885
09:19:25,583 2024/01/03	WPROT=298.620	
09:19:25,912 2024/01/03	WPROT	TX: V46	RX: 0
09:19:25,924 2024/01/03	WPROT	TX: EX	RX: -28126
09:19:25,935 2024/01/03	WPROT=337.512	
09:19:28,784 2024/01/03	WPROT GOTO WP15	
09:19:28,786 2024/01/03	WPROT ACTIVE BUSY 337.512 WP16 16, WPSEL ACTIVE READY 0.000 L/4 1, CALW ACTIVE READY 0.000 OFF 1, ASEL ACTIVE READY 0.000 OFF 1, GMIR ACTIVE READY 0.000 TARGET 1, GFOC ACTIVE READY 0.000 TARGET 1
	
09:19:28,792 2024/01/03	<Immediate> 	TX: GS15	RX: OK
09:19:29,013 2024/01/03	WPROT	TX: V46	RX: 1
09:19:29,025 2024/01/03	WPROT	TX: EX	RX: -28511
09:19:29,036 2024/01/03	WPROT=342.132	
09:19:29,353 2024/01/03	WPROT	TX: V46	RX: 1
09:19:29,366 2024/01/03	WPROT	TX: EX	RX: -33930
09:19:29,376 2024/01/03	WPROT=407.160	
09:19:29,695 2024/01/03	WPROT	TX: V46	RX: 1
09:19:29,707 2024/01/03	WPROT	TX: EX	RX: -39419
09:19:29,718 2024/01/03	WPROT=473.028	
09:19:30,051 2024/01/03	WPROT	TX: V46	RX: 1
09:19:30,064 2024/01/03	WPROT	TX: EX	RX: -45166
09:19:30,074 2024/01/03	WPROT=541.992	
09:19:30,410 2024/01/03	WPROT	TX: V46	RX: 1
09:19:30,423 2024/01/03	WPROT	TX: EX	RX: -50959
09:19:30,433 2024/01/03	WPROT=611.508	
09:19:30,752 2024/01/03	WPROT	TX: V46	RX: 1
09:19:30,764 2024/01/03	WPROT	TX: EX	RX: -56134
09:19:30,774 2024/01/03	WPROT=673.608	
09:19:31,089 2024/01/03	WPROT	TX: V46	RX: 0
09:19:31,101 2024/01/03	WPROT	TX: EX	RX: -26250
09:19:31,112 2024/01/03	WPROT=315.000	
09:19:33,940 2024/01/03	WPROT GOTO WP14	
09:19:33,941 2024/01/03	WPROT ACTIVE BUSY 315.000 WP15 15, WPSEL ACTIVE READY 0.000 L/4 1, CALW ACTIVE READY 0.000 OFF 1, ASEL ACTIVE READY 0.000 OFF 1, GMIR ACTIVE READY 0.000 TARGET 1, GFOC ACTIVE READY 0.000 TARGET 1
	
09:19:33,947 2024/01/03	<Immediate> 	TX: GS14	RX: OK
09:19:34,167 2024/01/03	WPROT	TX: V46	RX: 1
09:19:34,179 2024/01/03	WPROT	TX: EX	RX: -26627
09:19:34,190 2024/01/03	WPROT=319.524	
09:19:34,509 2024/01/03	WPROT	TX: V46	RX: 1
09:19:34,521 2024/01/03	WPROT	TX: EX	RX: -32052
09:19:34,530 2024/01/03	WPROT=384.624	
09:19:34,849 2024/01/03	WPROT	TX: V46	RX: 1
09:19:34,862 2024/01/03	WPROT	TX: EX	RX: -37541
09:19:34,872 2024/01/03	WPROT=450.492	
09:19:35,196 2024/01/03	WPROT	TX: V46	RX: 1
09:19:35,208 2024/01/03	WPROT	TX: EX	RX: -43120
09:19:35,218 2024/01/03	WPROT=517.440	
09:19:35,536 2024/01/03	WPROT	TX: V46	RX: 1
09:19:35,549 2024/01/03	WPROT	TX: EX	RX: -48609
09:19:35,559 2024/01/03	WPROT=583.308	
09:19:35,872 2024/01/03	WPROT	TX: V46	RX: 1
09:19:35,885 2024/01/03	WPROT	TX: EX	RX: -53964
09:19:35,895 2024/01/03	WPROT=647.568	
09:19:36,224 2024/01/03	WPROT	TX: V46	RX: 0
09:19:36,236 2024/01/03	WPROT	TX: EX	RX: -24377
09:19:36,246 2024/01/03	WPROT=292.524	
09:19:39,129 2024/01/03	WPROT GOTO WP13	
09:19:39,130 2024/01/03	WPROT ACTIVE BUSY 292.524 WP14 14, WPSEL ACTIVE READY 0.000 L/4 1, CALW ACTIVE READY 0.000 OFF 1, ASEL ACTIVE READY 0.000 OFF 1, GMIR ACTIVE READY 0.000 TARGET 1, GFOC ACTIVE READY 0.000 TARGET 1
	
09:19:39,136 2024/01/03	<Immediate> 	TX: GS13	RX: OK
09:19:39,357 2024/01/03	WPROT	TX: V46	RX: 1
09:19:39,369 2024/01/03	WPROT	TX: EX	RX: -24761
09:19:39,379 2024/01/03	WPROT=297.132	
09:19:39,694 2024/01/03	WPROT	TX: V46	RX: 1
09:19:39,706 2024/01/03	WPROT	TX: EX	RX: -30109
09:19:39,717 2024/01/03	WPROT=361.308	
09:19:40,031 2024/01/03	WPROT	TX: V46	RX: 1
09:19:40,043 2024/01/03	WPROT	TX: EX	RX: -35542
09:19:40,053 2024/01/03	WPROT=426.504	
09:19:40,370 2024/01/03	WPROT	TX: V46	RX: 1
09:19:40,382 2024/01/03	WPROT	TX: EX	RX: -41000
09:19:40,392 2024/01/03	WPROT=492.000	
09:19:40,708 2024/01/03	WPROT	TX: V46	RX: 1
09:19:40,720 2024/01/03	WPROT	TX: EX	RX: -46446
09:19:40,730 2024/01/03	WPROT=557.352	
09:19:41,050 2024/01/03	WPROT	TX: V46	RX: 1
09:19:41,062 2024/01/03	WPROT	TX: EX	RX: -51929
09:19:41,071 2024/01/03	WPROT=623.148	
09:19:41,403 2024/01/03	WPROT	TX: V46	RX: 0
09:19:41,415 2024/01/03	WPROT	TX: EX	RX: -22501
09:19:41,425 2024/01/03	WPROT=270.012	
09:19:44,281 2024/01/03	WPROT GOTO WP12	
09:19:44,282 2024/01/03	WPROT ACTIVE BUSY 270.012 WP13 13, WPSEL ACTIVE READY 0.000 L/4 1, CALW ACTIVE READY 0.000 OFF 1, ASEL ACTIVE READY 0.000 OFF 1, GMIR ACTIVE READY 0.000 TARGET 1, GFOC ACTIVE READY 0.000 TARGET 1
	
09:19:44,289 2024/01/03	<Immediate> 	TX: GS12	RX: OK
09:19:44,522 2024/01/03	WPROT	TX: V46	RX: 1
09:19:44,534 2024/01/03	WPROT	TX: EX	RX: -23032
09:19:44,544 2024/01/03	WPROT=276.384	
09:19:44,859 2024/01/03	WPROT	TX: V46	RX: 1
09:19:44,871 2024/01/03	WPROT	TX: EX	RX: -28428
09:19:44,881 2024/01/03	WPROT=341.136	
09:19:45,200 2024/01/03	WPROT	TX: V46	RX: 1
09:19:45,213 2024/01/03	WPROT	TX: EX	RX: -33936
09:19:45,223 2024/01/03	WPROT=407.232	
09:19:45,551 2024/01/03	WPROT	TX: V46	RX: 1
09:19:45,563 2024/01/03	WPROT	TX: EX	RX: -39575
09:19:45,572 2024/01/03	WPROT=474.900	
09:19:45,897 2024/01/03	WPROT	TX: V46	RX: 1
09:19:45,910 2024/01/03	WPROT	TX: EX	RX: -45166
09:19:45,921 2024/01/03	WPROT=541.992	
09:19:46,242 2024/01/03	WPROT	TX: V46	RX: 1
09:19:46,255 2024/01/03	WPROT	TX: EX	RX: -50464
09:19:46,265 2024/01/03	WPROT=605.568	
09:19:46,582 2024/01/03	WPROT	TX: V46	RX: 0
09:19:46,595 2024/01/03	WPROT	TX: EX	RX: -20627
09:19:46,605 2024/01/03	WPROT=247.524	
09:19:49,507 2024/01/03	WPROT GOTO WP11	
09:19:49,509 2024/01/03	WPROT ACTIVE BUSY 247.524 WP12 12, WPSEL ACTIVE READY 0.000 L/4 1, CALW ACTIVE READY 0.000 OFF 1, ASEL ACTIVE READY 0.000 OFF 1, GMIR ACTIVE READY 0.000 TARGET 1, GFOC ACTIVE READY 0.000 TARGET 1
	
09:19:49,517 2024/01/03	<Immediate> 	TX: GS11	RX: OK
09:19:49,739 2024/01/03	WPROT	TX: V46	RX: 1
09:19:49,751 2024/01/03	WPROT	TX: EX	RX: -21022
09:19:49,761 2024/01/03	WPROT=252.264	
09:19:50,078 2024/01/03	WPROT	TX: V46	RX: 1
09:19:50,091 2024/01/03	WPROT	TX: EX	RX: -26427
09:19:50,101 2024/01/03	WPROT=317.124	
09:19:50,446 2024/01/03	WPROT	TX: V46	RX: 1
09:19:50,459 2024/01/03	WPROT	TX: EX	RX: -32357
09:19:50,469 2024/01/03	WPROT=388.284	
09:19:50,826 2024/01/03	WPROT	TX: V46	RX: 1
09:19:50,837 2024/01/03	WPROT	TX: EX	RX: -38459
09:19:50,846 2024/01/03	WPROT=461.508	
09:19:51,166 2024/01/03	WPROT	TX: V46	RX: 1
09:19:51,176 2024/01/03	WPROT	TX: EX	RX: -43932
09:19:51,186 2024/01/03	WPROT=527.184	
09:19:51,504 2024/01/03	WPROT	TX: V46	RX: 1
09:19:51,517 2024/01/03	WPROT	TX: EX	RX: -48742
09:19:51,528 2024/01/03	WPROT=584.904	
09:19:51,859 2024/01/03	WPROT	TX: V46	RX: 0
09:19:51,872 2024/01/03	WPROT	TX: EX	RX: -18751
09:19:51,883 2024/01/03	WPROT=225.012	
09:19:54,723 2024/01/03	WPROT GOTO WP10	
09:19:54,724 2024/01/03	WPROT ACTIVE BUSY 225.012 WP11 11, WPSEL ACTIVE READY 0.000 L/4 1, CALW ACTIVE READY 0.000 OFF 1, ASEL ACTIVE READY 0.000 OFF 1, GMIR ACTIVE READY 0.000 TARGET 1, GFOC ACTIVE READY 0.000 TARGET 1
	
09:19:54,730 2024/01/03	<Immediate> 	TX: GS10	RX: OK
09:19:54,949 2024/01/03	WPROT	TX: V46	RX: 1
09:19:54,960 2024/01/03	WPROT	TX: EX	RX: -19113
09:19:54,970 2024/01/03	WPROT=229.356	
09:19:55,349 2024/01/03	WPROT	TX: V46	RX: 1
09:19:55,361 2024/01/03	WPROT	TX: EX	RX: -25477
09:19:55,371 2024/01/03	WPROT=305.724	
09:19:55,715 2024/01/03	WPROT	TX: V46	RX: 1
09:19:55,728 2024/01/03	WPROT	TX: EX	RX: -31379
09:19:55,738 2024/01/03	WPROT=376.548	
09:19:56,057 2024/01/03	WPROT	TX: V46	RX: 1
09:19:56,069 2024/01/03	WPROT	TX: EX	RX: -36887
09:19:56,080 2024/01/03	WPROT=442.644	
09:19:56,402 2024/01/03	WPROT	TX: V46	RX: 1
09:19:56,415 2024/01/03	WPROT	TX: EX	RX: -42445
09:19:56,425 2024/01/03	WPROT=509.340	
09:19:56,751 2024/01/03	WPROT	TX: V46	RX: 1
09:19:56,763 2024/01/03	WPROT	TX: EX	RX: -46876
09:19:56,773 2024/01/03	WPROT=562.512	
09:19:57,102 2024/01/03	WPROT	TX: V46	RX: 0
09:19:57,114 2024/01/03	WPROT	TX: EX	RX: -16876
09:19:57,124 2024/01/03	WPROT=202.512	
09:19:59,954 2024/01/03	WPROT GOTO WP9	
09:19:59,955 2024/01/03	WPROT ACTIVE BUSY 202.512 WP10 10, WPSEL ACTIVE READY 0.000 L/4 1, CALW ACTIVE READY 0.000 OFF 1, ASEL ACTIVE READY 0.000 OFF 1, GMIR ACTIVE READY 0.000 TARGET 1, GFOC ACTIVE READY 0.000 TARGET 1
	
09:19:59,963 2024/01/03	<Immediate> 	TX: GS9	RX: OK
09:20:00,198 2024/01/03	WPROT	TX: V46	RX: 1
09:20:00,210 2024/01/03	WPROT	TX: EX	RX: -17442
09:20:00,219 2024/01/03	WPROT=209.304	
09:20:00,553 2024/01/03	WPROT	TX: V46	RX: 1
09:20:00,565 2024/01/03	WPROT	TX: EX	RX: -23132
09:20:00,575 2024/01/03	WPROT=277.584	
09:20:00,899 2024/01/03	WPROT	TX: V46	RX: 1
09:20:00,911 2024/01/03	WPROT	TX: EX	RX: -28709
09:20:00,921 2024/01/03	WPROT=344.508	
09:20:01,239 2024/01/03	WPROT	TX: V46	RX: 1
09:20:01,251 2024/01/03	WPROT	TX: EX	RX: -34188
09:20:01,261 2024/01/03	WPROT=410.256	
09:20:01,583 2024/01/03	WPROT	TX: V46	RX: 1
09:20:01,595 2024/01/03	WPROT	TX: EX	RX: -39734
09:20:01,605 2024/01/03	WPROT=476.808	
09:20:01,923 2024/01/03	WPROT	TX: V46	RX: 1
09:20:01,936 2024/01/03	WPROT	TX: EX	RX: -44890
09:20:01,946 2024/01/03	WPROT=538.680	
09:20:02,261 2024/01/03	WPROT	TX: V46	RX: 0
09:20:02,273 2024/01/03	WPROT	TX: EX	RX: -15001
09:20:02,283 2024/01/03	WPROT=180.012	
09:20:05,134 2024/01/03	WPROT GOTO WP8	
09:20:05,135 2024/01/03	WPROT ACTIVE BUSY 180.012 WP9 9, WPSEL ACTIVE READY 0.000 L/4 1, CALW ACTIVE READY 0.000 OFF 1, ASEL ACTIVE READY 0.000 OFF 1, GMIR ACTIVE READY 0.000 TARGET 1, GFOC ACTIVE READY 0.000 TARGET 1
	
09:20:05,142 2024/01/03	<Immediate> 	TX: GS8	RX: OK
09:20:05,377 2024/01/03	WPROT	TX: V46	RX: 1
09:20:05,389 2024/01/03	WPROT	TX: EX	RX: -15552
09:20:05,399 2024/01/03	WPROT=186.624	
09:20:05,715 2024/01/03	WPROT	TX: V46	RX: 1
09:20:05,727 2024/01/03	WPROT	TX: EX	RX: -20959
09:20:05,738 2024/01/03	WPROT=251.508	
09:20:06,054 2024/01/03	WPROT	TX: V46	RX: 1
09:20:06,066 2024/01/03	WPROT	TX: EX	RX: -26427
09:20:06,077 2024/01/03	WPROT=317.124	
09:20:06,415 2024/01/03	WPROT	TX: V46	RX: 1
09:20:06,427 2024/01/03	WPROT	TX: EX	RX: -32252
09:20:06,436 2024/01/03	WPROT=387.024	
09:20:06,767 2024/01/03	WPROT	TX: V46	RX: 1
09:20:06,780 2024/01/03	WPROT	TX: EX	RX: -37930
09:20:06,790 2024/01/03	WPROT=455.160	
09:20:07,117 2024/01/03	WPROT	TX: V46	RX: 1
09:20:07,128 2024/01/03	WPROT	TX: EX	RX: -43079
09:20:07,139 2024/01/03	WPROT=516.948	
09:20:07,461 2024/01/03	WPROT	TX: V46	RX: 0
09:20:07,473 2024/01/03	WPROT	TX: EX	RX: -13127
09:20:07,483 2024/01/03	WPROT=157.524	
09:20:53,489 2024/01/03	WPROT GOTO WP16	
09:20:53,490 2024/01/03	WPROT ACTIVE BUSY 157.524 WP8 8, WPSEL ACTIVE READY 0.000 L/4 1, CALW ACTIVE READY 0.000 OFF 1, ASEL ACTIVE READY 0.000 OFF 1, GMIR ACTIVE READY 0.000 TARGET 1, GFOC ACTIVE READY 0.000 TARGET 1
	
09:20:53,496 2024/01/03	<Immediate> 	TX: GS16	RX: OK
09:20:53,727 2024/01/03	WPROT	TX: V46	RX: 1
09:20:53,740 2024/01/03	WPROT	TX: EX	RX: -13993
09:20:53,751 2024/01/03	WPROT=167.916	
09:20:54,080 2024/01/03	WPROT	TX: V46	RX: 1
09:20:54,091 2024/01/03	WPROT	TX: EX	RX: -19660
09:20:54,101 2024/01/03	WPROT=235.920	
09:20:54,414 2024/01/03	WPROT	TX: V46	RX: 1
09:20:54,426 2024/01/03	WPROT	TX: EX	RX: -25055
09:20:54,436 2024/01/03	WPROT=300.660	
09:20:54,779 2024/01/03	WPROT	TX: V46	RX: 0
09:20:54,792 2024/01/03	WPROT	TX: EX	RX: -28127
09:20:54,803 2024/01/03	WPROT=337.524	
09:20:57,624 2024/01/03	WPROT GOTO WP15	
09:20:57,626 2024/01/03	WPROT ACTIVE BUSY 337.524 WP16 16, WPSEL ACTIVE READY 0.000 L/4 1, CALW ACTIVE READY 0.000 OFF 1, ASEL ACTIVE READY 0.000 OFF 1, GMIR ACTIVE READY 0.000 TARGET 1, GFOC ACTIVE READY 0.000 TARGET 1
	
09:20:57,633 2024/01/03	<Immediate> 	TX: GS15	RX: OK
09:20:57,857 2024/01/03	WPROT	TX: V46	RX: 1
09:20:57,868 2024/01/03	WPROT	TX: EX	RX: -28540
09:20:57,879 2024/01/03	WPROT=342.480	
09:20:58,194 2024/01/03	WPROT	TX: V46	RX: 1
09:20:58,207 2024/01/03	WPROT	TX: EX	RX: -33918
09:20:58,217 2024/01/03	WPROT=407.016	
09:20:58,538 2024/01/03	WPROT	TX: V46	RX: 1
09:20:58,550 2024/01/03	WPROT	TX: EX	RX: -39462
09:20:58,560 2024/01/03	WPROT=473.544	
09:20:58,877 2024/01/03	WPROT	TX: V46	RX: 1
09:20:58,889 2024/01/03	WPROT	TX: EX	RX: -44915
09:20:58,900 2024/01/03	WPROT=538.980	
09:20:59,220 2024/01/03	WPROT	TX: V46	RX: 1
09:20:59,232 2024/01/03	WPROT	TX: EX	RX: -50439
09:20:59,243 2024/01/03	WPROT=605.268	
09:20:59,563 2024/01/03	WPROT	TX: V46	RX: 1
09:20:59,575 2024/01/03	WPROT	TX: EX	RX: -55873
09:20:59,585 2024/01/03	WPROT=670.476	
09:20:59,902 2024/01/03	WPROT	TX: V46	RX: 0
09:20:59,915 2024/01/03	WPROT	TX: EX	RX: -26251
09:20:59,925 2024/01/03	WPROT=315.012	
09:21:02,782 2024/01/03	WPROT GOTO WP14	
09:21:02,783 2024/01/03	WPROT ACTIVE BUSY 315.012 WP15 15, WPSEL ACTIVE READY 0.000 L/4 1, CALW ACTIVE READY 0.000 OFF 1, ASEL ACTIVE READY 0.000 OFF 1, GMIR ACTIVE READY 0.000 TARGET 1, GFOC ACTIVE READY 0.000 TARGET 1
	
09:21:02,798 2024/01/03	<Immediate> 	TX: GS14	RX: OK
09:21:03,030 2024/01/03	WPROT	TX: V46	RX: 1
09:21:03,045 2024/01/03	WPROT	TX: EX	RX: -26801
09:21:03,055 2024/01/03	WPROT=321.612	
09:21:03,380 2024/01/03	WPROT	TX: V46	RX: 1
09:21:03,392 2024/01/03	WPROT	TX: EX	RX: -32373
09:21:03,402 2024/01/03	WPROT=388.476	
09:21:03,746 2024/01/03	WPROT	TX: V46	RX: 1
09:21:03,758 2024/01/03	WPROT	TX: EX	RX: -38266
09:21:03,768 2024/01/03	WPROT=459.192	
09:21:04,088 2024/01/03	WPROT	TX: V46	RX: 1
09:21:04,101 2024/01/03	WPROT	TX: EX	RX: -43782
09:21:04,112 2024/01/03	WPROT=525.384	
09:21:04,438 2024/01/03	WPROT	TX: V46	RX: 1
09:21:04,450 2024/01/03	WPROT	TX: EX	RX: -49412
09:21:04,461 2024/01/03	WPROT=592.944	
09:21:04,779 2024/01/03	WPROT	TX: V46	RX: 1
09:21:04,792 2024/01/03	WPROT	TX: EX	RX: -54356
09:21:04,802 2024/01/03	WPROT=652.272	
09:21:05,119 2024/01/03	WPROT	TX: V46	RX: 0
09:21:05,132 2024/01/03	WPROT	TX: EX	RX: -24378
09:21:05,143 2024/01/03	WPROT=292.536	
09:21:07,978 2024/01/03	WPROT GOTO WP13	
09:21:07,980 2024/01/03	WPROT ACTIVE BUSY 292.536 WP14 14, WPSEL ACTIVE READY 0.000 L/4 1, CALW ACTIVE READY 0.000 OFF 1, ASEL ACTIVE READY 0.000 OFF 1, GMIR ACTIVE READY 0.000 TARGET 1, GFOC ACTIVE READY 0.000 TARGET 1
	
09:21:07,987 2024/01/03	<Immediate> 	TX: GS13	RX: OK
09:21:08,209 2024/01/03	WPROT	TX: V46	RX: 1
09:21:08,222 2024/01/03	WPROT	TX: EX	RX: -24790
09:21:08,232 2024/01/03	WPROT=297.480	
09:21:08,568 2024/01/03	WPROT	TX: V46	RX: 1
09:21:08,580 2024/01/03	WPROT	TX: EX	RX: -30485
09:21:08,590 2024/01/03	WPROT=365.820	
09:21:08,908 2024/01/03	WPROT	TX: V46	RX: 1
09:21:08,920 2024/01/03	WPROT	TX: EX	RX: -35958
09:21:08,930 2024/01/03	WPROT=431.496	
09:21:09,262 2024/01/03	WPROT	TX: V46	RX: 1
09:21:09,274 2024/01/03	WPROT	TX: EX	RX: -41671
09:21:09,285 2024/01/03	WPROT=500.052	
09:21:09,599 2024/01/03	WPROT	TX: V46	RX: 1
09:21:09,611 2024/01/03	WPROT	TX: EX	RX: -47115
09:21:09,620 2024/01/03	WPROT=565.380	
09:21:09,948 2024/01/03	WPROT	TX: V46	RX: 1
09:21:09,961 2024/01/03	WPROT	TX: EX	RX: -52399
09:21:09,971 2024/01/03	WPROT=628.788	
09:21:10,281 2024/01/03	WPROT	TX: V46	RX: 0
09:21:10,293 2024/01/03	WPROT	TX: EX	RX: -22502
09:21:10,303 2024/01/03	WPROT=270.024	
09:21:13,163 2024/01/03	WPROT GOTO WP12	
09:21:13,164 2024/01/03	WPROT ACTIVE BUSY 270.024 WP13 13, WPSEL ACTIVE READY 0.000 L/4 1, CALW ACTIVE READY 0.000 OFF 1, ASEL ACTIVE READY 0.000 OFF 1, GMIR ACTIVE READY 0.000 TARGET 1, GFOC ACTIVE READY 0.000 TARGET 1
	
09:21:13,170 2024/01/03	<Immediate> 	TX: GS12	RX: OK
09:21:13,408 2024/01/03	WPROT	TX: V46	RX: 1
09:21:13,421 2024/01/03	WPROT	TX: EX	RX: -23102
09:21:13,431 2024/01/03	WPROT=277.224	
09:21:13,771 2024/01/03	WPROT	TX: V46	RX: 1
09:21:13,784 2024/01/03	WPROT	TX: EX	RX: -28932
09:21:13,794 2024/01/03	WPROT=347.184	
09:21:14,120 2024/01/03	WPROT	TX: V46	RX: 1
09:21:14,132 2024/01/03	WPROT	TX: EX	RX: -34539
09:21:14,142 2024/01/03	WPROT=414.468	
09:21:14,464 2024/01/03	WPROT	TX: V46	RX: 1
09:21:14,476 2024/01/03	WPROT	TX: EX	RX: -40091
09:21:14,486 2024/01/03	WPROT=481.092	
09:21:14,810 2024/01/03	WPROT	TX: V46	RX: 1
09:21:14,822 2024/01/03	WPROT	TX: EX	RX: -45663
09:21:14,833 2024/01/03	WPROT=547.956	
09:21:15,156 2024/01/03	WPROT	TX: V46	RX: 1
09:21:15,167 2024/01/03	WPROT	TX: EX	RX: -50614
09:21:15,178 2024/01/03	WPROT=607.368	
09:21:15,496 2024/01/03	WPROT	TX: V46	RX: 0
09:21:15,508 2024/01/03	WPROT	TX: EX	RX: -20628
09:21:15,518 2024/01/03	WPROT=247.536	
09:21:18,398 2024/01/03	WPROT GOTO WP11	
09:21:18,400 2024/01/03	WPROT ACTIVE BUSY 247.536 WP12 12, WPSEL ACTIVE READY 0.000 L/4 1, CALW ACTIVE READY 0.000 OFF 1, ASEL ACTIVE READY 0.000 OFF 1, GMIR ACTIVE READY 0.000 TARGET 1, GFOC ACTIVE READY 0.000 TARGET 1
	
09:21:18,406 2024/01/03	<Immediate> 	TX: GS11	RX: OK
09:21:18,636 2024/01/03	WPROT	TX: V46	RX: 1
09:21:18,648 2024/01/03	WPROT	TX: EX	RX: -21112
09:21:18,658 2024/01/03	WPROT=253.344	
09:21:18,976 2024/01/03	WPROT	TX: V46	RX: 1
09:21:18,988 2024/01/03	WPROT	TX: EX	RX: -26553
09:21:18,998 2024/01/03	WPROT=318.636	
09:21:19,320 2024/01/03	WPROT	TX: V46	RX: 1
09:21:19,332 2024/01/03	WPROT	TX: EX	RX: -32102
09:21:19,342 2024/01/03	WPROT=385.224	
09:21:19,666 2024/01/03	WPROT	TX: V46	RX: 1
09:21:19,679 2024/01/03	WPROT	TX: EX	RX: -37686
09:21:19,690 2024/01/03	WPROT=452.232	
09:21:20,012 2024/01/03	WPROT	TX: V46	RX: 1
09:21:20,024 2024/01/03	WPROT	TX: EX	RX: -43257
09:21:20,036 2024/01/03	WPROT=519.084	
09:21:20,354 2024/01/03	WPROT	TX: V46	RX: 1
09:21:20,367 2024/01/03	WPROT	TX: EX	RX: -48560
09:21:20,377 2024/01/03	WPROT=582.720	
09:21:20,604 2024/01/03	WPROT	TX: V46	RX: 0
09:21:20,616 2024/01/03	WPROT	TX: EX	RX: -18752
09:21:20,626 2024/01/03	WPROT=225.024	
09:22:38,928 2024/01/03	WPROT GOTO WP16	
09:22:38,930 2024/01/03	WPROT ACTIVE BUSY 225.024 WP11 11, WPSEL ACTIVE READY 0.000 L/4 1, CALW ACTIVE READY 0.000 OFF 1, ASEL ACTIVE READY 0.000 OFF 1, GMIR ACTIVE READY 0.000 TARGET 1, GFOC ACTIVE READY 0.000 TARGET 1
	
09:22:38,936 2024/01/03	<Immediate> 	TX: GS16	RX: OK
09:22:39,155 2024/01/03	WPROT	TX: V46	RX: 1
09:22:39,167 2024/01/03	WPROT	TX: EX	RX: -19475
09:22:39,177 2024/01/03	WPROT=233.700	
09:22:39,495 2024/01/03	WPROT	TX: V46	RX: 1
09:22:39,507 2024/01/03	WPROT	TX: EX	RX: -24931
09:22:39,517 2024/01/03	WPROT=299.172	
09:22:39,837 2024/01/03	WPROT	TX: V46	RX: 0
09:22:39,849 2024/01/03	WPROT	TX: EX	RX: -28127
09:22:39,859 2024/01/03	WPROT=337.524	
09:22:42,700 2024/01/03	WPROT GOTO WP15	
09:22:42,701 2024/01/03	WPROT ACTIVE BUSY 337.524 WP16 16, WPSEL ACTIVE READY 0.000 L/4 1, CALW ACTIVE READY 0.000 OFF 1, ASEL ACTIVE READY 0.000 OFF 1, GMIR ACTIVE READY 0.000 TARGET 1, GFOC ACTIVE READY 0.000 TARGET 1
	
09:22:42,708 2024/01/03	<Immediate> 	TX: GS15	RX: OK
09:22:42,937 2024/01/03	WPROT	TX: V46	RX: 1
09:22:42,950 2024/01/03	WPROT	TX: EX	RX: -28607
09:22:42,960 2024/01/03	WPROT=343.284	
09:22:43,278 2024/01/03	WPROT	TX: V46	RX: 1
09:22:43,290 2024/01/03	WPROT	TX: EX	RX: -34047
09:22:43,300 2024/01/03	WPROT=408.564	
09:22:43,623 2024/01/03	WPROT	TX: V46	RX: 1
09:22:43,635 2024/01/03	WPROT	TX: EX	RX: -39614
09:22:43,645 2024/01/03	WPROT=475.368	
09:22:43,965 2024/01/03	WPROT	TX: V46	RX: 1
09:22:43,978 2024/01/03	WPROT	TX: EX	RX: -45136
09:22:43,988 2024/01/03	WPROT=541.632	
09:22:44,311 2024/01/03	WPROT	TX: V46	RX: 1
09:22:44,323 2024/01/03	WPROT	TX: EX	RX: -50695
09:22:44,333 2024/01/03	WPROT=608.340	
09:22:44,647 2024/01/03	WPROT	TX: V46	RX: 1
09:22:44,659 2024/01/03	WPROT	TX: EX	RX: -55964
09:22:44,670 2024/01/03	WPROT=671.568	
09:22:44,988 2024/01/03	WPROT	TX: V46	RX: 0
09:22:45,000 2024/01/03	WPROT	TX: EX	RX: -26251
09:22:45,012 2024/01/03	WPROT=315.012	
09:22:47,828 2024/01/03	WPROT GOTO WP14	
09:22:47,831 2024/01/03	WPROT ACTIVE BUSY 315.012 WP15 15, WPSEL ACTIVE READY 0.000 L/4 1, CALW ACTIVE READY 0.000 OFF 1, ASEL ACTIVE READY 0.000 OFF 1, GMIR ACTIVE READY 0.000 TARGET 1, GFOC ACTIVE READY 0.000 TARGET 1
	
09:22:47,838 2024/01/03	<Immediate> 	TX: GS14	RX: OK
09:22:48,059 2024/01/03	WPROT	TX: V46	RX: 1
09:22:48,071 2024/01/03	WPROT	TX: EX	RX: -26644
09:22:48,081 2024/01/03	WPROT=319.728	
09:22:48,398 2024/01/03	WPROT	TX: V46	RX: 1
09:22:48,411 2024/01/03	WPROT	TX: EX	RX: -32028
09:22:48,421 2024/01/03	WPROT=384.336	
09:22:48,749 2024/01/03	WPROT	TX: V46	RX: 1
09:22:48,762 2024/01/03	WPROT	TX: EX	RX: -37687
09:22:48,772 2024/01/03	WPROT=452.244	
09:22:49,099 2024/01/03	WPROT	TX: V46	RX: 1
09:22:49,112 2024/01/03	WPROT	TX: EX	RX: -43335
09:22:49,122 2024/01/03	WPROT=520.020	
09:22:49,450 2024/01/03	WPROT	TX: V46	RX: 1
09:22:49,463 2024/01/03	WPROT	TX: EX	RX: -48986
09:22:49,473 2024/01/03	WPROT=587.832	
09:22:49,793 2024/01/03	WPROT	TX: V46	RX: 1
09:22:49,806 2024/01/03	WPROT	TX: EX	RX: -54231
09:22:49,816 2024/01/03	WPROT=650.772	
09:22:50,137 2024/01/03	WPROT	TX: V46	RX: 0
09:22:50,150 2024/01/03	WPROT	TX: EX	RX: -24378
09:22:50,160 2024/01/03	WPROT=292.536	
09:22:53,000 2024/01/03	WPROT GOTO WP13	
09:22:53,002 2024/01/03	WPROT ACTIVE BUSY 292.536 WP14 14, WPSEL ACTIVE READY 0.000 L/4 1, CALW ACTIVE READY 0.000 OFF 1, ASEL ACTIVE READY 0.000 OFF 1, GMIR ACTIVE READY 0.000 TARGET 1, GFOC ACTIVE READY 0.000 TARGET 1
	
09:22:53,008 2024/01/03	<Immediate> 	TX: GS13	RX: OK
09:22:53,229 2024/01/03	WPROT	TX: V46	RX: 1
09:22:53,241 2024/01/03	WPROT	TX: EX	RX: -24762
09:22:53,252 2024/01/03	WPROT=297.144	
09:22:53,572 2024/01/03	WPROT	TX: V46	RX: 1
09:22:53,584 2024/01/03	WPROT	TX: EX	RX: -30214
09:22:53,595 2024/01/03	WPROT=362.568	
09:22:53,912 2024/01/03	WPROT	TX: V46	RX: 1
09:22:53,925 2024/01/03	WPROT	TX: EX	RX: -35711
09:22:53,936 2024/01/03	WPROT=428.532	
09:22:54,252 2024/01/03	WPROT	TX: V46	RX: 1
09:22:54,265 2024/01/03	WPROT	TX: EX	RX: -41190
09:22:54,274 2024/01/03	WPROT=494.280	
09:22:54,599 2024/01/03	WPROT	TX: V46	RX: 1
09:22:54,611 2024/01/03	WPROT	TX: EX	RX: -46766
09:22:54,623 2024/01/03	WPROT=561.192	
09:22:54,941 2024/01/03	WPROT	TX: V46	RX: 1
09:22:54,954 2024/01/03	WPROT	TX: EX	RX: -52174
09:22:54,964 2024/01/03	WPROT=626.088	
09:22:55,325 2024/01/03	WPROT	TX: V46	RX: 0
09:22:55,336 2024/01/03	WPROT	TX: EX	RX: -22502
09:22:55,347 2024/01/03	WPROT=270.024	
09:22:58,180 2024/01/03	WPROT GOTO WP12	
09:22:58,181 2024/01/03	WPROT ACTIVE BUSY 270.024 WP13 13, WPSEL ACTIVE READY 0.000 L/4 1, CALW ACTIVE READY 0.000 OFF 1, ASEL ACTIVE READY 0.000 OFF 1, GMIR ACTIVE READY 0.000 TARGET 1, GFOC ACTIVE READY 0.000 TARGET 1
	
09:22:58,188 2024/01/03	<Immediate> 	TX: GS12	RX: OK
09:22:58,409 2024/01/03	WPROT	TX: V46	RX: 1
09:22:58,421 2024/01/03	WPROT	TX: EX	RX: -22887
09:22:58,432 2024/01/03	WPROT=274.644	
09:22:58,747 2024/01/03	WPROT	TX: V46	RX: 1
09:22:58,759 2024/01/03	WPROT	TX: EX	RX: -28254
09:22:58,770 2024/01/03	WPROT=339.048	
09:22:59,115 2024/01/03	WPROT	TX: V46	RX: 1
09:22:59,127 2024/01/03	WPROT	TX: EX	RX: -34191
09:22:59,137 2024/01/03	WPROT=410.292	
09:22:59,463 2024/01/03	WPROT	TX: V46	RX: 1
09:22:59,476 2024/01/03	WPROT	TX: EX	RX: -39802
09:22:59,486 2024/01/03	WPROT=477.624	
09:22:59,838 2024/01/03	WPROT	TX: V46	RX: 1
09:22:59,850 2024/01/03	WPROT	TX: EX	RX: -45835
09:22:59,860 2024/01/03	WPROT=550.020	
09:23:00,203 2024/01/03	WPROT	TX: V46	RX: 1
09:23:00,216 2024/01/03	WPROT	TX: EX	RX: -50628
09:23:00,226 2024/01/03	WPROT=607.536	
09:23:00,547 2024/01/03	WPROT	TX: V46	RX: 0
09:23:00,560 2024/01/03	WPROT	TX: EX	RX: -20628
09:23:00,571 2024/01/03	WPROT=247.536	
09:23:03,420 2024/01/03	WPROT GOTO WP11	
09:23:03,421 2024/01/03	WPROT ACTIVE BUSY 247.536 WP12 12, WPSEL ACTIVE READY 0.000 L/4 1, CALW ACTIVE READY 0.000 OFF 1, ASEL ACTIVE READY 0.000 OFF 1, GMIR ACTIVE READY 0.000 TARGET 1, GFOC ACTIVE READY 0.000 TARGET 1
	
09:23:03,428 2024/01/03	<Immediate> 	TX: GS11	RX: OK
09:23:03,649 2024/01/03	WPROT	TX: V46	RX: 1
09:23:03,661 2024/01/03	WPROT	TX: EX	RX: -21012
09:23:03,672 2024/01/03	WPROT=252.144	
09:23:03,990 2024/01/03	WPROT	TX: V46	RX: 1
09:23:04,002 2024/01/03	WPROT	TX: EX	RX: -26420
09:23:04,012 2024/01/03	WPROT=317.040	
09:23:04,327 2024/01/03	WPROT	TX: V46	RX: 1
09:23:04,340 2024/01/03	WPROT	TX: EX	RX: -31862
09:23:04,350 2024/01/03	WPROT=382.344	
09:23:04,671 2024/01/03	WPROT	TX: V46	RX: 1
09:23:04,682 2024/01/03	WPROT	TX: EX	RX: -37386
09:23:04,692 2024/01/03	WPROT=448.632	
09:23:05,011 2024/01/03	WPROT	TX: V46	RX: 1
09:23:05,023 2024/01/03	WPROT	TX: EX	RX: -42873
09:23:05,033 2024/01/03	WPROT=514.476	
09:23:05,364 2024/01/03	WPROT	TX: V46	RX: 1
09:23:05,376 2024/01/03	WPROT	TX: EX	RX: -48439
09:23:05,386 2024/01/03	WPROT=581.268	
09:23:05,704 2024/01/03	WPROT	TX: V46	RX: 0
09:23:05,716 2024/01/03	WPROT	TX: EX	RX: -18752
09:23:05,726 2024/01/03	WPROT=225.024	
09:23:08,559 2024/01/03	WPROT GOTO WP10	
09:23:08,561 2024/01/03	WPROT ACTIVE BUSY 225.024 WP11 11, WPSEL ACTIVE READY 0.000 L/4 1, CALW ACTIVE READY 0.000 OFF 1, ASEL ACTIVE READY 0.000 OFF 1, GMIR ACTIVE READY 0.000 TARGET 1, GFOC ACTIVE READY 0.000 TARGET 1
	
09:23:08,568 2024/01/03	<Immediate> 	TX: GS10	RX: OK
09:23:08,797 2024/01/03	WPROT	TX: V46	RX: 1
09:23:08,810 2024/01/03	WPROT	TX: EX	RX: -19243
09:23:08,820 2024/01/03	WPROT=230.916	
09:23:09,143 2024/01/03	WPROT	TX: V46	RX: 1
09:23:09,155 2024/01/03	WPROT	TX: EX	RX: -24769
09:23:09,166 2024/01/03	WPROT=297.228	
09:23:09,482 2024/01/03	WPROT	TX: V46	RX: 1
09:23:09,495 2024/01/03	WPROT	TX: EX	RX: -30248
09:23:09,505 2024/01/03	WPROT=362.976	
09:23:09,826 2024/01/03	WPROT	TX: V46	RX: 1
09:23:09,839 2024/01/03	WPROT	TX: EX	RX: -35784
09:23:09,850 2024/01/03	WPROT=429.408	
09:23:10,167 2024/01/03	WPROT	TX: V46	RX: 1
09:23:10,179 2024/01/03	WPROT	TX: EX	RX: -41270
09:23:10,189 2024/01/03	WPROT=495.240	
09:23:10,508 2024/01/03	WPROT	TX: V46	RX: 1
09:23:10,520 2024/01/03	WPROT	TX: EX	RX: -46611
09:23:10,530 2024/01/03	WPROT=559.332	
09:23:10,880 2024/01/03	WPROT	TX: V46	RX: 0
09:23:10,893 2024/01/03	WPROT	TX: EX	RX: -16877
09:23:10,903 2024/01/03	WPROT=202.524	
09:23:13,754 2024/01/03	WPROT GOTO WP9	
09:23:13,756 2024/01/03	WPROT ACTIVE BUSY 202.524 WP10 10, WPSEL ACTIVE READY 0.000 L/4 1, CALW ACTIVE READY 0.000 OFF 1, ASEL ACTIVE READY 0.000 OFF 1, GMIR ACTIVE READY 0.000 TARGET 1, GFOC ACTIVE READY 0.000 TARGET 1
	
09:23:13,773 2024/01/03	<Immediate> 	TX: GS9	RX: OK
09:23:13,996 2024/01/03	WPROT	TX: V46	RX: 1
09:23:14,008 2024/01/03	WPROT	TX: EX	RX: -17273
09:23:14,019 2024/01/03	WPROT=207.276	
09:23:14,333 2024/01/03	WPROT	TX: V46	RX: 1
09:23:14,345 2024/01/03	WPROT	TX: EX	RX: -22621
09:23:14,355 2024/01/03	WPROT=271.452	
09:23:14,674 2024/01/03	WPROT	TX: V46	RX: 1
09:23:14,687 2024/01/03	WPROT	TX: EX	RX: -28128
09:23:14,697 2024/01/03	WPROT=337.536	
09:23:15,015 2024/01/03	WPROT	TX: V46	RX: 1
09:23:15,027 2024/01/03	WPROT	TX: EX	RX: -33606
09:23:15,038 2024/01/03	WPROT=403.272	
09:23:15,363 2024/01/03	WPROT	TX: V46	RX: 1
09:23:15,375 2024/01/03	WPROT	TX: EX	RX: -39212
09:23:15,385 2024/01/03	WPROT=470.544	
09:23:15,702 2024/01/03	WPROT	TX: V46	RX: 1
09:23:15,714 2024/01/03	WPROT	TX: EX	RX: -44602
09:23:15,725 2024/01/03	WPROT=535.224	
09:23:16,044 2024/01/03	WPROT	TX: V46	RX: 0
09:23:16,057 2024/01/03	WPROT	TX: EX	RX: -15002
09:23:16,068 2024/01/03	WPROT=180.024	
09:23:18,967 2024/01/03	WPROT GOTO WP8	
09:23:18,968 2024/01/03	WPROT ACTIVE BUSY 180.024 WP9 9, WPSEL ACTIVE READY 0.000 L/4 1, CALW ACTIVE READY 0.000 OFF 1, ASEL ACTIVE READY 0.000 OFF 1, GMIR ACTIVE READY 0.000 TARGET 1, GFOC ACTIVE READY 0.000 TARGET 1
	
09:23:18,974 2024/01/03	<Immediate> 	TX: GS8	RX: OK
09:23:19,193 2024/01/03	WPROT	TX: V46	RX: 1
09:23:19,205 2024/01/03	WPROT	TX: EX	RX: -15367
09:23:19,215 2024/01/03	WPROT=184.404	
09:23:19,536 2024/01/03	WPROT	TX: V46	RX: 1
09:23:19,548 2024/01/03	WPROT	TX: EX	RX: -20804
09:23:19,558 2024/01/03	WPROT=249.648	
09:23:19,879 2024/01/03	WPROT	TX: V46	RX: 1
09:23:19,891 2024/01/03	WPROT	TX: EX	RX: -26320
09:23:19,901 2024/01/03	WPROT=315.840	
09:23:20,219 2024/01/03	WPROT	TX: V46	RX: 1
09:23:20,231 2024/01/03	WPROT	TX: EX	RX: -31799
09:23:20,241 2024/01/03	WPROT=381.588	
09:23:20,558 2024/01/03	WPROT	TX: V46	RX: 1
09:23:20,569 2024/01/03	WPROT	TX: EX	RX: -37252
09:23:20,579 2024/01/03	WPROT=447.024	
09:23:20,938 2024/01/03	WPROT	TX: V46	RX: 1
09:23:20,950 2024/01/03	WPROT	TX: EX	RX: -43035
09:23:20,962 2024/01/03	WPROT=516.420	
09:23:21,291 2024/01/03	WPROT	TX: V46	RX: 0
09:23:21,304 2024/01/03	WPROT	TX: EX	RX: -13128
09:23:21,314 2024/01/03	WPROT=157.536	
09:23:24,154 2024/01/03	WPROT GOTO WP7	
09:23:24,155 2024/01/03	WPROT ACTIVE BUSY 157.536 WP8 8, WPSEL ACTIVE READY 0.000 L/4 1, CALW ACTIVE READY 0.000 OFF 1, ASEL ACTIVE READY 0.000 OFF 1, GMIR ACTIVE READY 0.000 TARGET 1, GFOC ACTIVE READY 0.000 TARGET 1
	
09:23:24,172 2024/01/03	<Immediate> 	TX: GS7	RX: OK
09:23:24,397 2024/01/03	WPROT	TX: V46	RX: 1
09:23:24,410 2024/01/03	WPROT	TX: EX	RX: -13561
09:23:24,421 2024/01/03	WPROT=162.732	
09:23:24,742 2024/01/03	WPROT	TX: V46	RX: 1
09:23:24,754 2024/01/03	WPROT	TX: EX	RX: -19042
09:23:24,764 2024/01/03	WPROT=228.504	
09:23:25,097 2024/01/03	WPROT	TX: V46	RX: 1
09:23:25,108 2024/01/03	WPROT	TX: EX	RX: -24751
09:23:25,119 2024/01/03	WPROT=297.012	
09:23:25,476 2024/01/03	WPROT	TX: V46	RX: 1
09:23:25,489 2024/01/03	WPROT	TX: EX	RX: -30880
09:23:25,499 2024/01/03	WPROT=370.560	
09:23:25,821 2024/01/03	WPROT	TX: V46	RX: 1
09:23:25,833 2024/01/03	WPROT	TX: EX	RX: -36425
09:23:25,843 2024/01/03	WPROT=437.100	
09:23:26,161 2024/01/03	WPROT	TX: V46	RX: 1
09:23:26,173 2024/01/03	WPROT	TX: EX	RX: -41244
09:23:26,183 2024/01/03	WPROT=494.928	
09:23:26,521 2024/01/03	WPROT	TX: V46	RX: 0
09:23:26,533 2024/01/03	WPROT	TX: EX	RX: -11252
09:23:26,543 2024/01/03	WPROT=135.024	
09:23:29,376 2024/01/03	WPROT GOTO WP6	
09:23:29,377 2024/01/03	WPROT ACTIVE BUSY 135.024 WP7 7, WPSEL ACTIVE READY 0.000 L/4 1, CALW ACTIVE READY 0.000 OFF 1, ASEL ACTIVE READY 0.000 OFF 1, GMIR ACTIVE READY 0.000 TARGET 1, GFOC ACTIVE READY 0.000 TARGET 1
	
09:23:29,383 2024/01/03	<Immediate> 	TX: GS6	RX: OK
09:23:29,603 2024/01/03	WPROT	TX: V46	RX: 1
09:23:29,616 2024/01/03	WPROT	TX: EX	RX: -11638
09:23:29,627 2024/01/03	WPROT=139.656	
09:23:29,968 2024/01/03	WPROT	TX: V46	RX: 1
09:23:29,981 2024/01/03	WPROT	TX: EX	RX: -17430
09:23:29,991 2024/01/03	WPROT=209.160	
09:23:30,322 2024/01/03	WPROT	TX: V46	RX: 1
09:23:30,335 2024/01/03	WPROT	TX: EX	RX: -23133
09:23:30,346 2024/01/03	WPROT=277.596	
09:23:30,665 2024/01/03	WPROT	TX: V46	RX: 1
09:23:30,677 2024/01/03	WPROT	TX: EX	RX: -28649
09:23:30,687 2024/01/03	WPROT=343.788	
09:23:31,003 2024/01/03	WPROT	TX: V46	RX: 1
09:23:31,015 2024/01/03	WPROT	TX: EX	RX: -34095
09:23:31,025 2024/01/03	WPROT=409.140	
09:23:31,338 2024/01/03	WPROT	TX: V46	RX: 1
09:23:31,351 2024/01/03	WPROT	TX: EX	RX: -39233
09:23:31,361 2024/01/03	WPROT=470.796	
09:23:31,690 2024/01/03	WPROT	TX: V46	RX: 0
09:23:31,702 2024/01/03	WPROT	TX: EX	RX: -9379
09:23:31,711 2024/01/03	WPROT=112.548	
09:23:34,564 2024/01/03	WPROT GOTO WP5	
09:23:34,565 2024/01/03	WPROT ACTIVE BUSY 112.548 WP6 6, WPSEL ACTIVE READY 0.000 L/4 1, CALW ACTIVE READY 0.000 OFF 1, ASEL ACTIVE READY 0.000 OFF 1, GMIR ACTIVE READY 0.000 TARGET 1, GFOC ACTIVE READY 0.000 TARGET 1
	
09:23:34,573 2024/01/03	<Immediate> 	TX: GS5	RX: OK
09:23:34,810 2024/01/03	WPROT	TX: V46	RX: 1
09:23:34,823 2024/01/03	WPROT	TX: EX	RX: -9987
09:23:34,833 2024/01/03	WPROT=119.844	
09:23:35,157 2024/01/03	WPROT	TX: V46	RX: 1
09:23:35,168 2024/01/03	WPROT	TX: EX	RX: -15520
09:23:35,178 2024/01/03	WPROT=186.240	
09:23:35,498 2024/01/03	WPROT	TX: V46	RX: 1
09:23:35,511 2024/01/03	WPROT	TX: EX	RX: -21035
09:23:35,521 2024/01/03	WPROT=252.420	
09:23:35,843 2024/01/03	WPROT	TX: V46	RX: 1
09:23:35,855 2024/01/03	WPROT	TX: EX	RX: -26590
09:23:35,865 2024/01/03	WPROT=319.080	
09:23:36,186 2024/01/03	WPROT	TX: V46	RX: 1
09:23:36,198 2024/01/03	WPROT	TX: EX	RX: -32106
09:23:36,209 2024/01/03	WPROT=385.272	
09:23:36,534 2024/01/03	WPROT	TX: V46	RX: 1
09:23:36,547 2024/01/03	WPROT	TX: EX	RX: -37400
09:23:36,557 2024/01/03	WPROT=448.800	
09:23:36,879 2024/01/03	WPROT	TX: V46	RX: 0
09:23:36,892 2024/01/03	WPROT	TX: EX	RX: -7503
09:23:36,902 2024/01/03	WPROT=90.036	
09:23:39,765 2024/01/03	WPROT GOTO WP4	
09:23:39,767 2024/01/03	WPROT ACTIVE BUSY 90.036 WP5 5, WPSEL ACTIVE READY 0.000 L/4 1, CALW ACTIVE READY 0.000 OFF 1, ASEL ACTIVE READY 0.000 OFF 1, GMIR ACTIVE READY 0.000 TARGET 1, GFOC ACTIVE READY 0.000 TARGET 1
	
09:23:39,774 2024/01/03	<Immediate> 	TX: GS4	RX: OK
09:23:39,998 2024/01/03	WPROT	TX: V46	RX: 1
09:23:40,010 2024/01/03	WPROT	TX: EX	RX: -7922
09:23:40,021 2024/01/03	WPROT=95.064	
09:23:40,341 2024/01/03	WPROT	TX: V46	RX: 1
09:23:40,354 2024/01/03	WPROT	TX: EX	RX: -13384
09:23:40,365 2024/01/03	WPROT=160.608	
09:23:40,688 2024/01/03	WPROT	TX: V46	RX: 1
09:23:40,701 2024/01/03	WPROT	TX: EX	RX: -18990
09:23:40,711 2024/01/03	WPROT=227.880	
09:23:41,071 2024/01/03	WPROT	TX: V46	RX: 1
09:23:41,084 2024/01/03	WPROT	TX: EX	RX: -25168
09:23:41,094 2024/01/03	WPROT=302.016	
09:23:41,421 2024/01/03	WPROT	TX: V46	RX: 1
09:23:41,433 2024/01/03	WPROT	TX: EX	RX: -30787
09:23:41,444 2024/01/03	WPROT=369.444	
09:23:41,771 2024/01/03	WPROT	TX: V46	RX: 1
09:23:41,783 2024/01/03	WPROT	TX: EX	RX: -35629
09:23:41,793 2024/01/03	WPROT=427.548	
09:23:42,112 2024/01/03	WPROT	TX: V46	RX: 0
09:23:42,125 2024/01/03	WPROT	TX: EX	RX: -5629
09:23:42,134 2024/01/03	WPROT=67.548	
09:23:44,985 2024/01/03	WPROT GOTO WP3	
09:23:44,986 2024/01/03	WPROT ACTIVE BUSY 67.548 WP4 4, WPSEL ACTIVE READY 0.000 L/4 1, CALW ACTIVE READY 0.000 OFF 1, ASEL ACTIVE READY 0.000 OFF 1, GMIR ACTIVE READY 0.000 TARGET 1, GFOC ACTIVE READY 0.000 TARGET 1
	
09:23:44,993 2024/01/03	<Immediate> 	TX: GS3	RX: OK
09:23:45,214 2024/01/03	WPROT	TX: V46	RX: 1
09:23:45,227 2024/01/03	WPROT	TX: EX	RX: -6013
09:23:45,237 2024/01/03	WPROT=72.156	
09:23:45,560 2024/01/03	WPROT	TX: V46	RX: 1
09:23:45,572 2024/01/03	WPROT	TX: EX	RX: -11511
09:23:45,583 2024/01/03	WPROT=138.132	
09:23:45,921 2024/01/03	WPROT	TX: V46	RX: 1
09:23:45,933 2024/01/03	WPROT	TX: EX	RX: -17309
09:23:45,942 2024/01/03	WPROT=207.708	
09:23:46,291 2024/01/03	WPROT	TX: V46	RX: 1
09:23:46,304 2024/01/03	WPROT	TX: EX	RX: -23305
09:23:46,315 2024/01/03	WPROT=279.660	
09:23:46,637 2024/01/03	WPROT	TX: V46	RX: 1
09:23:46,648 2024/01/03	WPROT	TX: EX	RX: -28846
09:23:46,659 2024/01/03	WPROT=346.152	
09:23:46,989 2024/01/03	WPROT	TX: V46	RX: 1
09:23:47,001 2024/01/03	WPROT	TX: EX	RX: -33753
09:23:47,011 2024/01/03	WPROT=405.036	
09:23:47,331 2024/01/03	WPROT	TX: V46	RX: 0
09:23:47,343 2024/01/03	WPROT	TX: EX	RX: -3753
09:23:47,353 2024/01/03	WPROT=45.036	
09:23:50,242 2024/01/03	WPROT GOTO WP2	
09:23:50,244 2024/01/03	WPROT ACTIVE BUSY 45.036 WP3 3, WPSEL ACTIVE READY 0.000 L/4 1, CALW ACTIVE READY 0.000 OFF 1, ASEL ACTIVE READY 0.000 OFF 1, GMIR ACTIVE READY 0.000 TARGET 1, GFOC ACTIVE READY 0.000 TARGET 1
	
09:23:50,250 2024/01/03	<Immediate> 	TX: GS2	RX: OK
09:23:50,483 2024/01/03	WPROT	TX: V46	RX: 1
09:23:50,495 2024/01/03	WPROT	TX: EX	RX: -4276
09:23:50,505 2024/01/03	WPROT=51.312	
09:23:50,833 2024/01/03	WPROT	TX: V46	RX: 1
09:23:50,845 2024/01/03	WPROT	TX: EX	RX: -9890
09:23:50,856 2024/01/03	WPROT=118.680	
09:23:51,186 2024/01/03	WPROT	TX: V46	RX: 1
09:23:51,199 2024/01/03	WPROT	TX: EX	RX: -15585
09:23:51,209 2024/01/03	WPROT=187.020	
09:23:51,540 2024/01/03	WPROT	TX: V46	RX: 1
09:23:51,553 2024/01/03	WPROT	TX: EX	RX: -21294
09:23:51,563 2024/01/03	WPROT=255.528	
09:23:51,896 2024/01/03	WPROT	TX: V46	RX: 1
09:23:51,908 2024/01/03	WPROT	TX: EX	RX: -27015
09:23:51,919 2024/01/03	WPROT=324.180	
09:23:52,237 2024/01/03	WPROT	TX: V46	RX: 1
09:23:52,250 2024/01/03	WPROT	TX: EX	RX: -31869
09:23:52,261 2024/01/03	WPROT=382.428	
09:23:52,581 2024/01/03	WPROT	TX: V46	RX: 0
09:23:52,593 2024/01/03	WPROT	TX: EX	RX: -1878
09:23:52,603 2024/01/03	WPROT=22.536	
09:26:25,880 2024/01/03	WPROT GOTO WP16	
09:26:25,882 2024/01/03	WPROT ACTIVE BUSY 22.536 WP2 2, WPSEL ACTIVE READY 0.000 L/4 1, CALW ACTIVE READY 0.000 OFF 1, ASEL ACTIVE READY 0.000 OFF 1, GMIR ACTIVE READY 0.000 TARGET 1, GFOC ACTIVE READY 0.000 TARGET 1
	
09:26:25,887 2024/01/03	<Immediate> 	TX: GS16	RX: OK
09:26:26,110 2024/01/03	WPROT	TX: V46	RX: 1
09:26:26,122 2024/01/03	WPROT	TX: EX	RX: -2642
09:26:26,133 2024/01/03	WPROT=31.704	
09:26:26,459 2024/01/03	WPROT	TX: V46	RX: 1
09:26:26,471 2024/01/03	WPROT	TX: EX	RX: -8249
09:26:26,481 2024/01/03	WPROT=98.988	
09:26:26,803 2024/01/03	WPROT	TX: V46	RX: 1
09:26:26,816 2024/01/03	WPROT	TX: EX	RX: -13820
09:26:26,826 2024/01/03	WPROT=165.840	
09:26:27,152 2024/01/03	WPROT	TX: V46	RX: 1
09:26:27,165 2024/01/03	WPROT	TX: EX	RX: -19435
09:26:27,175 2024/01/03	WPROT=233.220	
09:26:27,503 2024/01/03	WPROT	TX: V46	RX: 1
09:26:27,515 2024/01/03	WPROT	TX: EX	RX: -25084
09:26:27,525 2024/01/03	WPROT=301.008	
09:26:27,841 2024/01/03	WPROT	TX: V46	RX: 0
09:26:27,855 2024/01/03	WPROT	TX: EX	RX: -28128
09:26:27,864 2024/01/03	WPROT=337.536	
09:26:30,701 2024/01/03	WPROT GOTO WP15	
09:26:30,703 2024/01/03	WPROT ACTIVE BUSY 337.536 WP16 16, WPSEL ACTIVE READY 0.000 L/4 1, CALW ACTIVE READY 0.000 OFF 1, ASEL ACTIVE READY 0.000 OFF 1, GMIR ACTIVE READY 0.000 TARGET 1, GFOC ACTIVE READY 0.000 TARGET 1
	
09:26:30,711 2024/01/03	<Immediate> 	TX: GS15	RX: OK
09:26:30,942 2024/01/03	WPROT	TX: V46	RX: 1
09:26:30,954 2024/01/03	WPROT	TX: EX	RX: -28628
09:26:30,964 2024/01/03	WPROT=343.536	
09:26:31,289 2024/01/03	WPROT	TX: V46	RX: 1
09:26:31,300 2024/01/03	WPROT	TX: EX	RX: -34181
09:26:31,311 2024/01/03	WPROT=410.172	
09:26:31,634 2024/01/03	WPROT	TX: V46	RX: 1
09:26:31,647 2024/01/03	WPROT	TX: EX	RX: -39768
09:26:31,657 2024/01/03	WPROT=477.216	
09:26:32,002 2024/01/03	WPROT	TX: V46	RX: 1
09:26:32,014 2024/01/03	WPROT	TX: EX	RX: -45670
09:26:32,025 2024/01/03	WPROT=548.040	
09:26:32,347 2024/01/03	WPROT	TX: V46	RX: 1
09:26:32,359 2024/01/03	WPROT	TX: EX	RX: -51240
09:26:32,369 2024/01/03	WPROT=614.880	
09:26:32,713 2024/01/03	WPROT	TX: V46	RX: 1
09:26:32,724 2024/01/03	WPROT	TX: EX	RX: -56253
09:26:32,734 2024/01/03	WPROT=675.036	
09:26:33,071 2024/01/03	WPROT	TX: V46	RX: 0
09:26:33,083 2024/01/03	WPROT	TX: EX	RX: -26252
09:26:33,094 2024/01/03	WPROT=315.024	
09:26:35,909 2024/01/03	WPROT GOTO WP14	
09:26:35,910 2024/01/03	WPROT ACTIVE BUSY 315.024 WP15 15, WPSEL ACTIVE READY 0.000 L/4 1, CALW ACTIVE READY 0.000 OFF 1, ASEL ACTIVE READY 0.000 OFF 1, GMIR ACTIVE READY 0.000 TARGET 1, GFOC ACTIVE READY 0.000 TARGET 1
	
09:26:35,926 2024/01/03	<Immediate> 	TX: GS14	RX: OK
09:26:36,149 2024/01/03	WPROT	TX: V46	RX: 1
09:26:36,161 2024/01/03	WPROT	TX: EX	RX: -26656
09:26:36,172 2024/01/03	WPROT=319.872	
09:26:36,492 2024/01/03	WPROT	TX: V46	RX: 1
09:26:36,504 2024/01/03	WPROT	TX: EX	RX: -32103
09:26:36,516 2024/01/03	WPROT=385.236	
09:26:36,832 2024/01/03	WPROT	TX: V46	RX: 1
09:26:36,845 2024/01/03	WPROT	TX: EX	RX: -37599
09:26:36,855 2024/01/03	WPROT=451.188	
09:26:37,174 2024/01/03	WPROT	TX: V46	RX: 1
09:26:37,186 2024/01/03	WPROT	TX: EX	RX: -43106
09:26:37,196 2024/01/03	WPROT=517.272	
09:26:37,515 2024/01/03	WPROT	TX: V46	RX: 1
09:26:37,528 2024/01/03	WPROT	TX: EX	RX: -48595
09:26:37,538 2024/01/03	WPROT=583.140	
09:26:37,858 2024/01/03	WPROT	TX: V46	RX: 1
09:26:37,870 2024/01/03	WPROT	TX: EX	RX: -54019
09:26:37,880 2024/01/03	WPROT=648.228	
09:26:38,204 2024/01/03	WPROT	TX: V46	RX: 0
09:26:38,217 2024/01/03	WPROT	TX: EX	RX: -24379
09:26:38,227 2024/01/03	WPROT=292.548	
09:26:41,135 2024/01/03	WPROT GOTO WP13	
09:26:41,136 2024/01/03	WPROT ACTIVE BUSY 292.548 WP14 14, WPSEL ACTIVE READY 0.000 L/4 1, CALW ACTIVE READY 0.000 OFF 1, ASEL ACTIVE READY 0.000 OFF 1, GMIR ACTIVE READY 0.000 TARGET 1, GFOC ACTIVE READY 0.000 TARGET 1
	
09:26:41,152 2024/01/03	<Immediate> 	TX: GS13	RX: OK
09:26:41,375 2024/01/03	WPROT	TX: V46	RX: 1
09:26:41,387 2024/01/03	WPROT	TX: EX	RX: -24790
09:26:41,398 2024/01/03	WPROT=297.480	
09:26:41,715 2024/01/03	WPROT	TX: V46	RX: 1
09:26:41,727 2024/01/03	WPROT	TX: EX	RX: -30190
09:26:41,738 2024/01/03	WPROT=362.280	
09:26:42,074 2024/01/03	WPROT	TX: V46	RX: 1
09:26:42,087 2024/01/03	WPROT	TX: EX	RX: -35989
09:26:42,098 2024/01/03	WPROT=431.868	
09:26:42,429 2024/01/03	WPROT	TX: V46	RX: 1
09:26:42,442 2024/01/03	WPROT	TX: EX	RX: -41708
09:26:42,453 2024/01/03	WPROT=500.496	
09:26:42,775 2024/01/03	WPROT	TX: V46	RX: 1
09:26:42,786 2024/01/03	WPROT	TX: EX	RX: -47259
09:26:42,796 2024/01/03	WPROT=567.108	
09:26:43,116 2024/01/03	WPROT	TX: V46	RX: 1
09:26:43,129 2024/01/03	WPROT	TX: EX	RX: -52413
09:26:43,140 2024/01/03	WPROT=628.956	
09:26:43,453 2024/01/03	WPROT	TX: V46	RX: 0
09:26:43,466 2024/01/03	WPROT	TX: EX	RX: -22503
09:26:43,476 2024/01/03	WPROT=270.036	
09:31:37,391 2024/01/03	WPROT GOTO WP16	
09:31:37,393 2024/01/03	WPROT ACTIVE BUSY 270.036 WP13 13, WPSEL ACTIVE READY 0.000 L/4 1, CALW ACTIVE READY 0.000 OFF 1, ASEL ACTIVE READY 0.000 OFF 1, GMIR ACTIVE READY 0.000 TARGET 1, GFOC ACTIVE READY 0.000 TARGET 1
	
09:31:37,410 2024/01/03	<Immediate> 	TX: GS16	RX: OK
09:31:37,628 2024/01/03	WPROT	TX: V46	RX: 1
09:31:37,641 2024/01/03	WPROT	TX: EX	RX: -23207
09:31:37,651 2024/01/03	WPROT=278.484	
09:31:37,965 2024/01/03	WPROT	TX: V46	RX: 1
09:31:37,977 2024/01/03	WPROT	TX: EX	RX: -28094
09:31:37,987 2024/01/03	WPROT=337.128	
09:31:38,325 2024/01/03	WPROT	TX: V46	RX: 0
09:31:38,339 2024/01/03	WPROT	TX: EX	RX: -28128
09:31:38,349 2024/01/03	WPROT=337.536	
09:31:41,200 2024/01/03	WPROT GOTO WP15	
09:31:41,202 2024/01/03	WPROT ACTIVE BUSY 337.536 WP16 16, WPSEL ACTIVE READY 0.000 L/4 1, CALW ACTIVE READY 0.000 OFF 1, ASEL ACTIVE READY 0.000 OFF 1, GMIR ACTIVE READY 0.000 TARGET 1, GFOC ACTIVE READY 0.000 TARGET 1
	
09:31:41,208 2024/01/03	<Immediate> 	TX: GS15	RX: OK
09:31:41,430 2024/01/03	WPROT	TX: V46	RX: 1
09:31:41,442 2024/01/03	WPROT	TX: EX	RX: -28525
09:31:41,453 2024/01/03	WPROT=342.300	
09:31:41,783 2024/01/03	WPROT	TX: V46	RX: 1
09:31:41,795 2024/01/03	WPROT	TX: EX	RX: -34142
09:31:41,805 2024/01/03	WPROT=409.704	
09:31:42,136 2024/01/03	WPROT	TX: V46	RX: 1
09:31:42,148 2024/01/03	WPROT	TX: EX	RX: -39820
09:31:42,159 2024/01/03	WPROT=477.840	
09:31:42,473 2024/01/03	WPROT	TX: V46	RX: 1
09:31:42,485 2024/01/03	WPROT	TX: EX	RX: -45256
09:31:42,495 2024/01/03	WPROT=543.072	
09:31:42,836 2024/01/03	WPROT	TX: V46	RX: 1
09:31:42,848 2024/01/03	WPROT	TX: EX	RX: -51098
09:31:42,858 2024/01/03	WPROT=613.176	
09:31:43,175 2024/01/03	WPROT	TX: V46	RX: 1
09:31:43,188 2024/01/03	WPROT	TX: EX	RX: -56176
09:31:43,199 2024/01/03	WPROT=674.112	
09:31:43,513 2024/01/03	WPROT	TX: V46	RX: 0
09:31:43,525 2024/01/03	WPROT	TX: EX	RX: -26252
09:31:43,536 2024/01/03	WPROT=315.024	
09:31:46,350 2024/01/03	WPROT GOTO WP14	
09:31:46,351 2024/01/03	WPROT ACTIVE BUSY 315.024 WP15 15, WPSEL ACTIVE READY 0.000 L/4 1, CALW ACTIVE READY 0.000 OFF 1, ASEL ACTIVE READY 0.000 OFF 1, GMIR ACTIVE READY 0.000 TARGET 1, GFOC ACTIVE READY 0.000 TARGET 1
	
09:31:46,357 2024/01/03	<Immediate> 	TX: GS14	RX: OK
09:31:46,580 2024/01/03	WPROT	TX: V46	RX: 1
09:31:46,592 2024/01/03	WPROT	TX: EX	RX: -26666
09:31:46,603 2024/01/03	WPROT=319.992	
09:31:46,921 2024/01/03	WPROT	TX: V46	RX: 1
09:31:46,933 2024/01/03	WPROT	TX: EX	RX: -32080
09:31:46,944 2024/01/03	WPROT=384.960	
09:31:47,293 2024/01/03	WPROT	TX: V46	RX: 1
09:31:47,306 2024/01/03	WPROT	TX: EX	RX: -38086
09:31:47,316 2024/01/03	WPROT=457.032	
09:31:47,640 2024/01/03	WPROT	TX: V46	RX: 1
09:31:47,653 2024/01/03	WPROT	TX: EX	RX: -43680
09:31:47,663 2024/01/03	WPROT=524.160	
09:31:48,000 2024/01/03	WPROT	TX: V46	RX: 1
09:31:48,012 2024/01/03	WPROT	TX: EX	RX: -49463
09:31:48,022 2024/01/03	WPROT=593.556	
09:31:48,339 2024/01/03	WPROT	TX: V46	RX: 1
09:31:48,351 2024/01/03	WPROT	TX: EX	RX: -54356
09:31:48,361 2024/01/03	WPROT=652.272	
09:31:48,679 2024/01/03	WPROT	TX: V46	RX: 0
09:31:48,692 2024/01/03	WPROT	TX: EX	RX: -24379
09:31:48,702 2024/01/03	WPROT=292.548	
09:31:51,574 2024/01/03	WPROT GOTO WP13	
09:31:51,576 2024/01/03	WPROT ACTIVE BUSY 292.548 WP14 14, WPSEL ACTIVE READY 0.000 L/4 1, CALW ACTIVE READY 0.000 OFF 1, ASEL ACTIVE READY 0.000 OFF 1, GMIR ACTIVE READY 0.000 TARGET 1, GFOC ACTIVE READY 0.000 TARGET 1
	
09:31:51,583 2024/01/03	<Immediate> 	TX: GS13	RX: OK
09:31:51,806 2024/01/03	WPROT	TX: V46	RX: 1
09:31:51,818 2024/01/03	WPROT	TX: EX	RX: -24797
09:31:51,829 2024/01/03	WPROT=297.564	
09:31:52,159 2024/01/03	WPROT	TX: V46	RX: 1
09:31:52,172 2024/01/03	WPROT	TX: EX	RX: -30433
09:31:52,181 2024/01/03	WPROT=365.196	
09:31:52,514 2024/01/03	WPROT	TX: V46	RX: 1
09:31:52,526 2024/01/03	WPROT	TX: EX	RX: -36132
09:31:52,537 2024/01/03	WPROT=433.584	
09:31:52,855 2024/01/03	WPROT	TX: V46	RX: 1
09:31:52,867 2024/01/03	WPROT	TX: EX	RX: -41629
09:31:52,878 2024/01/03	WPROT=499.548	
09:31:53,197 2024/01/03	WPROT	TX: V46	RX: 1
09:31:53,210 2024/01/03	WPROT	TX: EX	RX: -47157
09:31:53,221 2024/01/03	WPROT=565.884	
09:31:53,543 2024/01/03	WPROT	TX: V46	RX: 1
09:31:53,554 2024/01/03	WPROT	TX: EX	RX: -52387
09:31:53,565 2024/01/03	WPROT=628.644	
09:31:53,885 2024/01/03	WPROT	TX: V46	RX: 0
09:31:53,897 2024/01/03	WPROT	TX: EX	RX: -22503
09:31:53,907 2024/01/03	WPROT=270.036	
09:31:56,764 2024/01/03	WPROT GOTO WP12	
09:31:56,765 2024/01/03	WPROT ACTIVE BUSY 270.036 WP13 13, WPSEL ACTIVE READY 0.000 L/4 1, CALW ACTIVE READY 0.000 OFF 1, ASEL ACTIVE READY 0.000 OFF 1, GMIR ACTIVE READY 0.000 TARGET 1, GFOC ACTIVE READY 0.000 TARGET 1
	
09:31:56,771 2024/01/03	<Immediate> 	TX: GS12	RX: OK
09:31:57,009 2024/01/03	WPROT	TX: V46	RX: 1
09:31:57,021 2024/01/03	WPROT	TX: EX	RX: -23093
09:31:57,031 2024/01/03	WPROT=277.116	
09:31:57,348 2024/01/03	WPROT	TX: V46	RX: 1
09:31:57,361 2024/01/03	WPROT	TX: EX	RX: -28550
09:31:57,371 2024/01/03	WPROT=342.600	
09:31:57,688 2024/01/03	WPROT	TX: V46	RX: 1
09:31:57,701 2024/01/03	WPROT	TX: EX	RX: -34020
09:31:57,712 2024/01/03	WPROT=408.240	
09:31:58,024 2024/01/03	WPROT	TX: V46	RX: 1
09:31:58,036 2024/01/03	WPROT	TX: EX	RX: -39430
09:31:58,048 2024/01/03	WPROT=473.160	
09:31:58,370 2024/01/03	WPROT	TX: V46	RX: 1
09:31:58,383 2024/01/03	WPROT	TX: EX	RX: -45006
09:31:58,393 2024/01/03	WPROT=540.072	
09:31:58,706 2024/01/03	WPROT	TX: V46	RX: 1
09:31:58,718 2024/01/03	WPROT	TX: EX	RX: -50301
09:31:58,729 2024/01/03	WPROT=603.612	
09:31:59,048 2024/01/03	WPROT	TX: V46	RX: 0
09:31:59,061 2024/01/03	WPROT	TX: EX	RX: -20629
09:31:59,071 2024/01/03	WPROT=247.548	
09:39:19,378 2024/01/03	WPROT GOTO WP16	
09:39:19,380 2024/01/03	WPROT ACTIVE BUSY 247.548 WP12 12, WPSEL ACTIVE READY 0.000 L/4 1, CALW ACTIVE READY 0.000 OFF 1, ASEL ACTIVE READY 0.000 OFF 1, GMIR ACTIVE READY 0.000 TARGET 1, GFOC ACTIVE READY 0.000 TARGET 1
	
09:39:19,387 2024/01/03	<Immediate> 	TX: GS16	RX: OK
09:39:19,611 2024/01/03	WPROT	TX: V46	RX: 1
09:39:19,623 2024/01/03	WPROT	TX: EX	RX: -21384
09:39:19,634 2024/01/03	WPROT=256.608	
09:39:19,949 2024/01/03	WPROT	TX: V46	RX: 1
09:39:19,961 2024/01/03	WPROT	TX: EX	RX: -26821
09:39:19,971 2024/01/03	WPROT=321.852	
09:39:20,285 2024/01/03	WPROT	TX: V46	RX: 0
09:39:20,297 2024/01/03	WPROT	TX: EX	RX: -28128
09:39:20,307 2024/01/03	WPROT=337.536	
09:39:23,115 2024/01/03	WPROT GOTO WP15	
09:39:23,117 2024/01/03	WPROT ACTIVE BUSY 337.536 WP16 16, WPSEL ACTIVE READY 0.000 L/4 1, CALW ACTIVE READY 0.000 OFF 1, ASEL ACTIVE READY 0.000 OFF 1, GMIR ACTIVE READY 0.000 TARGET 1, GFOC ACTIVE READY 0.000 TARGET 1
	
09:39:23,123 2024/01/03	<Immediate> 	TX: GS15	RX: OK
09:39:23,343 2024/01/03	WPROT	TX: V46	RX: 1
09:39:23,355 2024/01/03	WPROT	TX: EX	RX: -28504
09:39:23,365 2024/01/03	WPROT=342.048	
09:39:23,685 2024/01/03	WPROT	TX: V46	RX: 1
09:39:23,697 2024/01/03	WPROT	TX: EX	RX: -33927
09:39:23,707 2024/01/03	WPROT=407.124	
09:39:24,022 2024/01/03	WPROT	TX: V46	RX: 1
09:39:24,036 2024/01/03	WPROT	TX: EX	RX: -39379
09:39:24,046 2024/01/03	WPROT=472.548	
09:39:24,362 2024/01/03	WPROT	TX: V46	RX: 1
09:39:24,374 2024/01/03	WPROT	TX: EX	RX: -44831
09:39:24,384 2024/01/03	WPROT=537.972	
09:39:24,702 2024/01/03	WPROT	TX: V46	RX: 1
09:39:24,714 2024/01/03	WPROT	TX: EX	RX: -50311
09:39:24,725 2024/01/03	WPROT=603.732	
09:39:25,040 2024/01/03	WPROT	TX: V46	RX: 1
09:39:25,052 2024/01/03	WPROT	TX: EX	RX: -55728
09:39:25,061 2024/01/03	WPROT=668.736	
09:39:25,389 2024/01/03	WPROT	TX: V46	RX: 0
09:39:25,402 2024/01/03	WPROT	TX: EX	RX: -26252
09:39:25,412 2024/01/03	WPROT=315.024	
09:39:28,245 2024/01/03	WPROT GOTO WP14	
09:39:28,247 2024/01/03	WPROT ACTIVE BUSY 315.024 WP15 15, WPSEL ACTIVE READY 0.000 L/4 1, CALW ACTIVE READY 0.000 OFF 1, ASEL ACTIVE READY 0.000 OFF 1, GMIR ACTIVE READY 0.000 TARGET 1, GFOC ACTIVE READY 0.000 TARGET 1
	
09:39:28,254 2024/01/03	<Immediate> 	TX: GS14	RX: OK
09:39:28,479 2024/01/03	WPROT	TX: V46	RX: 1
09:39:28,491 2024/01/03	WPROT	TX: EX	RX: -26685
09:39:28,501 2024/01/03	WPROT=320.220	
09:39:28,833 2024/01/03	WPROT	TX: V46	RX: 1
09:39:28,847 2024/01/03	WPROT	TX: EX	RX: -32350
09:39:28,858 2024/01/03	WPROT=388.200	
09:39:29,172 2024/01/03	WPROT	TX: V46	RX: 1
09:39:29,184 2024/01/03	WPROT	TX: EX	RX: -37787
09:39:29,194 2024/01/03	WPROT=453.444	
09:39:29,508 2024/01/03	WPROT	TX: V46	RX: 1
09:39:29,520 2024/01/03	WPROT	TX: EX	RX: -43202
09:39:29,530 2024/01/03	WPROT=518.424	
09:39:29,851 2024/01/03	WPROT	TX: V46	RX: 1
09:39:29,864 2024/01/03	WPROT	TX: EX	RX: -48734
09:39:29,875 2024/01/03	WPROT=584.808	
09:39:30,189 2024/01/03	WPROT	TX: V46	RX: 1
09:39:30,201 2024/01/03	WPROT	TX: EX	RX: -54058
09:39:30,211 2024/01/03	WPROT=648.696	
09:39:30,535 2024/01/03	WPROT	TX: V46	RX: 0
09:39:30,548 2024/01/03	WPROT	TX: EX	RX: -24379
09:39:30,558 2024/01/03	WPROT=292.548	
09:39:33,382 2024/01/03	WPROT GOTO WP13	
09:39:33,384 2024/01/03	WPROT ACTIVE BUSY 292.548 WP14 14, WPSEL ACTIVE READY 0.000 L/4 1, CALW ACTIVE READY 0.000 OFF 1, ASEL ACTIVE READY 0.000 OFF 1, GMIR ACTIVE READY 0.000 TARGET 1, GFOC ACTIVE READY 0.000 TARGET 1
	
09:39:33,390 2024/01/03	<Immediate> 	TX: GS13	RX: OK
09:39:33,612 2024/01/03	WPROT	TX: V46	RX: 1
09:39:33,623 2024/01/03	WPROT	TX: EX	RX: -24763
09:39:33,634 2024/01/03	WPROT=297.156	
09:39:33,952 2024/01/03	WPROT	TX: V46	RX: 1
09:39:33,964 2024/01/03	WPROT	TX: EX	RX: -30168
09:39:33,974 2024/01/03	WPROT=362.016	
09:39:34,291 2024/01/03	WPROT	TX: V46	RX: 1
09:39:34,303 2024/01/03	WPROT	TX: EX	RX: -35649
09:39:34,313 2024/01/03	WPROT=427.788	
09:39:34,629 2024/01/03	WPROT	TX: V46	RX: 1
09:39:34,642 2024/01/03	WPROT	TX: EX	RX: -41093
09:39:34,652 2024/01/03	WPROT=493.116	
09:39:34,971 2024/01/03	WPROT	TX: V46	RX: 1
09:39:34,983 2024/01/03	WPROT	TX: EX	RX: -46588
09:39:34,994 2024/01/03	WPROT=559.056	
09:39:35,311 2024/01/03	WPROT	TX: V46	RX: 1
09:39:35,323 2024/01/03	WPROT	TX: EX	RX: -52020
09:39:35,334 2024/01/03	WPROT=624.240	
09:39:35,673 2024/01/03	WPROT	TX: V46	RX: 0
09:39:35,686 2024/01/03	WPROT	TX: EX	RX: -22503
09:39:35,696 2024/01/03	WPROT=270.036	
