2024-10-20T06:27:27.577|INFO|S4ICS|VERS	20240924
2024-10-20T06:27:27.577|INFO|S4ICS|WPSEL INIT NONE	
2024-10-20T06:27:27.578|INFO|S4ICS|WPROT SIMULATED READY 0.000 WP1 1, WPSEL SIMULATED BUSY 0.000 L/4 1, CALW SIMULATED READY 0.000 OFF 1, ASEL SIMULATED READY 0.000 OFF 1, GMIR SIMULATED READY 0.000 TARGET 1, GFOC SIMULATED READY 0.000 TARGET 1
	
2024-10-20T06:27:27.700|INFO|S4ICS|WPROT INIT NONE	
2024-10-20T06:27:27.702|INFO|S4ICS|WPROT SIMULATED BUSY 0.000 WP1 1, WPSEL SIMULATED BUSY 0.000 L/4 1, CALW SIMULATED READY 0.000 OFF 1, ASEL SIMULATED READY 0.000 OFF 1, GMIR SIMULATED READY 0.000 TARGET 1, GFOC SIMULATED READY 0.000 TARGET 1
	
2024-10-20T06:27:27.822|INFO|S4ICS|CALW INIT NONE	
2024-10-20T06:27:27.823|INFO|S4ICS|WPROT SIMULATED BUSY 0.000 WP1 1, WPSEL SIMULATED BUSY 0.000 L/4 1, CALW SIMULATED BUSY 0.000 OFF 1, ASEL SIMULATED READY 0.000 OFF 1, GMIR SIMULATED READY 0.000 TARGET 1, GFOC SIMULATED READY 0.000 TARGET 1
	
2024-10-20T06:27:27.946|INFO|S4ICS|ASEL INIT NONE	
2024-10-20T06:27:27.947|INFO|S4ICS|WPROT SIMULATED BUSY 0.000 WP1 1, WPSEL SIMULATED BUSY 0.000 L/4 1, CALW SIMULATED BUSY 0.000 OFF 1, ASEL SIMULATED BUSY 0.000 OFF 1, GMIR SIMULATED READY 0.000 TARGET 1, GFOC SIMULATED READY 0.000 TARGET 1
	
2024-10-20T06:27:28.066|INFO|S4ICS|GMIR INIT NONE	
2024-10-20T06:27:28.066|INFO|S4ICS|WPROT SIMULATED BUSY 0.000 WP1 1, WPSEL SIMULATED BUSY 0.000 L/4 1, CALW SIMULATED BUSY 0.000 OFF 1, ASEL SIMULATED BUSY 0.000 OFF 1, GMIR SIMULATED BUSY 0.000 TARGET 1, GFOC SIMULATED READY 0.000 TARGET 1
	
2024-10-20T06:27:28.187|INFO|S4ICS|GFOC INIT NONE	
2024-10-20T06:27:28.188|INFO|S4ICS|WPROT SIMULATED BUSY 0.000 WP1 1, WPSEL SIMULATED BUSY 0.000 L/4 1, CALW SIMULATED BUSY 0.000 OFF 1, ASEL SIMULATED BUSY 0.000 OFF 1, GMIR SIMULATED BUSY 0.000 TARGET 1, GFOC SIMULATED BUSY 0.000 TARGET 1
	
2024-10-20T06:29:40.330|INFO|S4ICS|WPSEL INIT NONE	
2024-10-20T06:29:40.331|INFO|S4ICS|WPROT SIMULATED READY 0.000 WP1 1, WPSEL SIMULATED BUSY 0.000 L/4 1, CALW SIMULATED READY 0.000 OFF 1, ASEL SIMULATED READY 0.000 OFF 1, GMIR SIMULATED READY 0.000 TARGET 1, GFOC SIMULATED READY 0.000 TARGET 1
	
2024-10-20T06:29:40.453|INFO|S4ICS|WPROT INIT NONE	
2024-10-20T06:29:40.454|INFO|S4ICS|WPROT SIMULATED BUSY 0.000 WP1 1, WPSEL SIMULATED BUSY 0.000 L/4 1, CALW SIMULATED READY 0.000 OFF 1, ASEL SIMULATED READY 0.000 OFF 1, GMIR SIMULATED READY 0.000 TARGET 1, GFOC SIMULATED READY 0.000 TARGET 1
	
2024-10-20T06:29:40.574|INFO|S4ICS|CALW INIT NONE	
2024-10-20T06:29:40.575|INFO|S4ICS|WPROT SIMULATED BUSY 0.000 WP1 1, WPSEL SIMULATED BUSY 0.000 L/4 1, CALW SIMULATED BUSY 0.000 OFF 1, ASEL SIMULATED READY 0.000 OFF 1, GMIR SIMULATED READY 0.000 TARGET 1, GFOC SIMULATED READY 0.000 TARGET 1
	
2024-10-20T06:29:40.698|INFO|S4ICS|ASEL INIT NONE	
2024-10-20T06:29:40.699|INFO|S4ICS|WPROT SIMULATED BUSY 0.000 WP1 1, WPSEL SIMULATED BUSY 0.000 L/4 1, CALW SIMULATED BUSY 0.000 OFF 1, ASEL SIMULATED BUSY 0.000 OFF 1, GMIR SIMULATED READY 0.000 TARGET 1, GFOC SIMULATED READY 0.000 TARGET 1
	
2024-10-20T06:29:40.820|INFO|S4ICS|GMIR INIT NONE	
2024-10-20T06:29:40.821|INFO|S4ICS|WPROT SIMULATED BUSY 0.000 WP1 1, WPSEL SIMULATED BUSY 0.000 L/4 1, CALW SIMULATED BUSY 0.000 OFF 1, ASEL SIMULATED BUSY 0.000 OFF 1, GMIR SIMULATED BUSY 0.000 TARGET 1, GFOC SIMULATED READY 0.000 TARGET 1
	
2024-10-20T06:29:40.944|INFO|S4ICS|GFOC INIT NONE	
2024-10-20T06:29:40.945|INFO|S4ICS|WPROT SIMULATED BUSY 0.000 WP1 1, WPSEL SIMULATED BUSY 0.000 L/4 1, CALW SIMULATED BUSY 0.000 OFF 1, ASEL SIMULATED BUSY 0.000 OFF 1, GMIR SIMULATED BUSY 0.000 TARGET 1, GFOC SIMULATED BUSY 0.000 TARGET 1
	
2024-10-20T06:30:06.259|INFO|S4ICS|WPSEL INIT NONE	
2024-10-20T06:30:06.260|INFO|S4ICS|WPROT SIMULATED READY 0.000 WP1 1, WPSEL SIMULATED BUSY 0.000 L/4 1, CALW SIMULATED READY 0.000 OFF 1, ASEL SIMULATED READY 0.000 OFF 1, GMIR SIMULATED READY 0.000 TARGET 1, GFOC SIMULATED READY 0.000 TARGET 1
	
2024-10-20T06:30:06.382|INFO|S4ICS|WPROT INIT NONE	
2024-10-20T06:30:06.406|INFO|S4ICS|WPROT SIMULATED BUSY 0.000 WP1 1, WPSEL SIMULATED BUSY 0.000 L/4 1, CALW SIMULATED READY 0.000 OFF 1, ASEL SIMULATED READY 0.000 OFF 1, GMIR SIMULATED READY 0.000 TARGET 1, GFOC SIMULATED READY 0.000 TARGET 1
	
2024-10-20T06:30:06.530|INFO|S4ICS|CALW INIT NONE	
2024-10-20T06:30:06.531|INFO|S4ICS|WPROT SIMULATED BUSY 0.000 WP1 1, WPSEL SIMULATED BUSY 0.000 L/4 1, CALW SIMULATED BUSY 0.000 OFF 1, ASEL SIMULATED READY 0.000 OFF 1, GMIR SIMULATED READY 0.000 TARGET 1, GFOC SIMULATED READY 0.000 TARGET 1
	
2024-10-20T06:30:06.652|INFO|S4ICS|ASEL INIT NONE	
2024-10-20T06:30:06.653|INFO|S4ICS|WPROT SIMULATED BUSY 0.000 WP1 1, WPSEL SIMULATED BUSY 0.000 L/4 1, CALW SIMULATED BUSY 0.000 OFF 1, ASEL SIMULATED BUSY 0.000 OFF 1, GMIR SIMULATED READY 0.000 TARGET 1, GFOC SIMULATED READY 0.000 TARGET 1
	
2024-10-20T06:30:06.776|INFO|S4ICS|GMIR INIT NONE	
2024-10-20T06:30:06.777|INFO|S4ICS|WPROT SIMULATED BUSY 0.000 WP1 1, WPSEL SIMULATED BUSY 0.000 L/4 1, CALW SIMULATED BUSY 0.000 OFF 1, ASEL SIMULATED BUSY 0.000 OFF 1, GMIR SIMULATED BUSY 0.000 TARGET 1, GFOC SIMULATED READY 0.000 TARGET 1
	
2024-10-20T06:30:06.897|INFO|S4ICS|GFOC INIT NONE	
2024-10-20T06:30:06.898|INFO|S4ICS|WPROT SIMULATED BUSY 0.000 WP1 1, WPSEL SIMULATED BUSY 0.000 L/4 1, CALW SIMULATED BUSY 0.000 OFF 1, ASEL SIMULATED BUSY 0.000 OFF 1, GMIR SIMULATED BUSY 0.000 TARGET 1, GFOC SIMULATED BUSY 0.000 TARGET 1
	
2024-10-20T06:37:10.560|INFO|S4ICS|WPSEL INIT NONE	
2024-10-20T06:37:10.561|INFO|S4ICS|WPROT SIMULATED READY 0.000 WP1 1, WPSEL SIMULATED BUSY 0.000 L/4 1, CALW SIMULATED READY 0.000 OFF 1, ASEL SIMULATED READY 0.000 OFF 1, GMIR SIMULATED READY 0.000 TARGET 1, GFOC SIMULATED READY 0.000 TARGET 1
	
2024-10-20T06:37:10.683|INFO|S4ICS|WPROT INIT NONE	
2024-10-20T06:37:10.684|INFO|S4ICS|WPROT SIMULATED BUSY 0.000 WP1 1, WPSEL SIMULATED BUSY 0.000 L/4 1, CALW SIMULATED READY 0.000 OFF 1, ASEL SIMULATED READY 0.000 OFF 1, GMIR SIMULATED READY 0.000 TARGET 1, GFOC SIMULATED READY 0.000 TARGET 1
	
2024-10-20T06:37:10.805|INFO|S4ICS|CALW INIT NONE	
2024-10-20T06:37:10.805|INFO|S4ICS|WPROT SIMULATED BUSY 0.000 WP1 1, WPSEL SIMULATED BUSY 0.000 L/4 1, CALW SIMULATED BUSY 0.000 OFF 1, ASEL SIMULATED READY 0.000 OFF 1, GMIR SIMULATED READY 0.000 TARGET 1, GFOC SIMULATED READY 0.000 TARGET 1
	
2024-10-20T06:37:10.925|INFO|S4ICS|ASEL INIT NONE	
2024-10-20T06:37:10.926|INFO|S4ICS|WPROT SIMULATED BUSY 0.000 WP1 1, WPSEL SIMULATED BUSY 0.000 L/4 1, CALW SIMULATED BUSY 0.000 OFF 1, ASEL SIMULATED BUSY 0.000 OFF 1, GMIR SIMULATED READY 0.000 TARGET 1, GFOC SIMULATED READY 0.000 TARGET 1
	
2024-10-20T06:37:11.048|INFO|S4ICS|GMIR INIT NONE	
2024-10-20T06:37:11.049|INFO|S4ICS|WPROT SIMULATED BUSY 0.000 WP1 1, WPSEL SIMULATED BUSY 0.000 L/4 1, CALW SIMULATED BUSY 0.000 OFF 1, ASEL SIMULATED BUSY 0.000 OFF 1, GMIR SIMULATED BUSY 0.000 TARGET 1, GFOC SIMULATED READY 0.000 TARGET 1
	
2024-10-20T06:37:11.168|INFO|S4ICS|GFOC INIT NONE	
2024-10-20T06:37:11.169|INFO|S4ICS|WPROT SIMULATED BUSY 0.000 WP1 1, WPSEL SIMULATED BUSY 0.000 L/4 1, CALW SIMULATED BUSY 0.000 OFF 1, ASEL SIMULATED BUSY 0.000 OFF 1, GMIR SIMULATED BUSY 0.000 TARGET 1, GFOC SIMULATED BUSY 0.000 TARGET 1
	
2024-10-20T06:41:28.261|INFO|S4ICS|WPSEL INIT NONE	
2024-10-20T06:41:28.261|INFO|S4ICS|WPROT SIMULATED READY 0.000 WP1 1, WPSEL SIMULATED BUSY 0.000 L/4 1, CALW SIMULATED READY 0.000 OFF 1, ASEL SIMULATED READY 0.000 OFF 1, GMIR SIMULATED READY 0.000 TARGET 1, GFOC SIMULATED READY 0.000 TARGET 1
	
2024-10-20T06:41:28.383|INFO|S4ICS|WPROT INIT NONE	
2024-10-20T06:41:28.384|INFO|S4ICS|WPROT SIMULATED BUSY 0.000 WP1 1, WPSEL SIMULATED BUSY 0.000 L/4 1, CALW SIMULATED READY 0.000 OFF 1, ASEL SIMULATED READY 0.000 OFF 1, GMIR SIMULATED READY 0.000 TARGET 1, GFOC SIMULATED READY 0.000 TARGET 1
	
2024-10-20T06:41:28.507|INFO|S4ICS|CALW INIT NONE	
2024-10-20T06:41:28.508|INFO|S4ICS|WPROT SIMULATED BUSY 0.000 WP1 1, WPSEL SIMULATED BUSY 0.000 L/4 1, CALW SIMULATED BUSY 0.000 OFF 1, ASEL SIMULATED READY 0.000 OFF 1, GMIR SIMULATED READY 0.000 TARGET 1, GFOC SIMULATED READY 0.000 TARGET 1
	
2024-10-20T06:41:28.628|INFO|S4ICS|ASEL INIT NONE	
2024-10-20T06:41:28.629|INFO|S4ICS|WPROT SIMULATED BUSY 0.000 WP1 1, WPSEL SIMULATED BUSY 0.000 L/4 1, CALW SIMULATED BUSY 0.000 OFF 1, ASEL SIMULATED BUSY 0.000 OFF 1, GMIR SIMULATED READY 0.000 TARGET 1, GFOC SIMULATED READY 0.000 TARGET 1
	
2024-10-20T06:41:28.750|INFO|S4ICS|GMIR INIT NONE	
2024-10-20T06:41:28.751|INFO|S4ICS|WPROT SIMULATED BUSY 0.000 WP1 1, WPSEL SIMULATED BUSY 0.000 L/4 1, CALW SIMULATED BUSY 0.000 OFF 1, ASEL SIMULATED BUSY 0.000 OFF 1, GMIR SIMULATED BUSY 0.000 TARGET 1, GFOC SIMULATED READY 0.000 TARGET 1
	
2024-10-20T06:41:28.872|INFO|S4ICS|GFOC INIT NONE	
2024-10-20T06:41:28.872|INFO|S4ICS|WPROT SIMULATED BUSY 0.000 WP1 1, WPSEL SIMULATED BUSY 0.000 L/4 1, CALW SIMULATED BUSY 0.000 OFF 1, ASEL SIMULATED BUSY 0.000 OFF 1, GMIR SIMULATED BUSY 0.000 TARGET 1, GFOC SIMULATED BUSY 0.000 TARGET 1
	
