2024-10-21T10:44:17.892|INFO|S4ICS|VERS	20240924
2024-10-21T10:44:17.891|INFO|S4ICS|WPSEL INIT NONE	
2024-10-21T10:44:17.892|INFO|S4ICS|WPROT SIMULATED READY 0.000 WP1 1, WPSEL SIMULATED BUSY 0.000 L/4 1, CALW SIMULATED READY 0.000 OFF 1, ASEL SIMULATED READY 0.000 OFF 1, GMIR SIMULATED READY 0.000 TARGET 1, GFOC SIMULATED READY 0.000 TARGET 1
	
2024-10-21T10:44:18.014|INFO|S4ICS|WPROT INIT NONE	
2024-10-21T10:44:18.015|INFO|S4ICS|WPROT SIMULATED BUSY 0.000 WP1 1, WPSEL SIMULATED BUSY 0.000 L/4 1, CALW SIMULATED READY 0.000 OFF 1, ASEL SIMULATED READY 0.000 OFF 1, GMIR SIMULATED READY 0.000 TARGET 1, GFOC SIMULATED READY 0.000 TARGET 1
	
2024-10-21T10:44:18.135|INFO|S4ICS|CALW INIT NONE	
2024-10-21T10:44:18.136|INFO|S4ICS|WPROT SIMULATED BUSY 0.000 WP1 1, WPSEL SIMULATED BUSY 0.000 L/4 1, CALW SIMULATED BUSY 0.000 OFF 1, ASEL SIMULATED READY 0.000 OFF 1, GMIR SIMULATED READY 0.000 TARGET 1, GFOC SIMULATED READY 0.000 TARGET 1
	
2024-10-21T10:44:18.257|INFO|S4ICS|ASEL INIT NONE	
2024-10-21T10:44:18.258|INFO|S4ICS|WPROT SIMULATED BUSY 0.000 WP1 1, WPSEL SIMULATED BUSY 0.000 L/4 1, CALW SIMULATED BUSY 0.000 OFF 1, ASEL SIMULATED BUSY 0.000 OFF 1, GMIR SIMULATED READY 0.000 TARGET 1, GFOC SIMULATED READY 0.000 TARGET 1
	
2024-10-21T10:44:18.380|INFO|S4ICS|GMIR INIT NONE	
2024-10-21T10:44:18.381|INFO|S4ICS|WPROT SIMULATED BUSY 0.000 WP1 1, WPSEL SIMULATED BUSY 0.000 L/4 1, CALW SIMULATED BUSY 0.000 OFF 1, ASEL SIMULATED BUSY 0.000 OFF 1, GMIR SIMULATED BUSY 0.000 TARGET 1, GFOC SIMULATED READY 0.000 TARGET 1
	
2024-10-21T10:44:18.501|INFO|S4ICS|GFOC INIT NONE	
2024-10-21T10:44:18.502|INFO|S4ICS|WPROT SIMULATED BUSY 0.000 WP1 1, WPSEL SIMULATED BUSY 0.000 L/4 1, CALW SIMULATED BUSY 0.000 OFF 1, ASEL SIMULATED BUSY 0.000 OFF 1, GMIR SIMULATED BUSY 0.000 TARGET 1, GFOC SIMULATED BUSY 0.000 TARGET 1
	
2024-10-21T11:13:07.275|INFO|S4ICS|WPSEL INIT NONE	
2024-10-21T11:13:07.276|INFO|S4ICS|WPROT SIMULATED READY 0.000 WP1 1, WPSEL SIMULATED BUSY 0.000 L/4 1, CALW SIMULATED READY 0.000 OFF 1, ASEL SIMULATED READY 0.000 OFF 1, GMIR SIMULATED READY 0.000 TARGET 1, GFOC SIMULATED READY 0.000 TARGET 1
	
2024-10-21T11:13:07.398|INFO|S4ICS|WPROT INIT NONE	
2024-10-21T11:13:07.399|INFO|S4ICS|WPROT SIMULATED BUSY 0.000 WP1 1, WPSEL SIMULATED BUSY 0.000 L/4 1, CALW SIMULATED READY 0.000 OFF 1, ASEL SIMULATED READY 0.000 OFF 1, GMIR SIMULATED READY 0.000 TARGET 1, GFOC SIMULATED READY 0.000 TARGET 1
	
2024-10-21T11:13:07.522|INFO|S4ICS|CALW INIT NONE	
2024-10-21T11:13:07.523|INFO|S4ICS|WPROT SIMULATED BUSY 0.000 WP1 1, WPSEL SIMULATED BUSY 0.000 L/4 1, CALW SIMULATED BUSY 0.000 OFF 1, ASEL SIMULATED READY 0.000 OFF 1, GMIR SIMULATED READY 0.000 TARGET 1, GFOC SIMULATED READY 0.000 TARGET 1
	
2024-10-21T11:13:07.646|INFO|S4ICS|ASEL INIT NONE	
2024-10-21T11:13:07.647|INFO|S4ICS|WPROT SIMULATED BUSY 0.000 WP1 1, WPSEL SIMULATED BUSY 0.000 L/4 1, CALW SIMULATED BUSY 0.000 OFF 1, ASEL SIMULATED BUSY 0.000 OFF 1, GMIR SIMULATED READY 0.000 TARGET 1, GFOC SIMULATED READY 0.000 TARGET 1
	
2024-10-21T11:13:07.767|INFO|S4ICS|GMIR INIT NONE	
2024-10-21T11:13:07.768|INFO|S4ICS|WPROT SIMULATED BUSY 0.000 WP1 1, WPSEL SIMULATED BUSY 0.000 L/4 1, CALW SIMULATED BUSY 0.000 OFF 1, ASEL SIMULATED BUSY 0.000 OFF 1, GMIR SIMULATED BUSY 0.000 TARGET 1, GFOC SIMULATED READY 0.000 TARGET 1
	
2024-10-21T11:13:07.889|INFO|S4ICS|GFOC INIT NONE	
2024-10-21T11:13:07.890|INFO|S4ICS|WPROT SIMULATED BUSY 0.000 WP1 1, WPSEL SIMULATED BUSY 0.000 L/4 1, CALW SIMULATED BUSY 0.000 OFF 1, ASEL SIMULATED BUSY 0.000 OFF 1, GMIR SIMULATED BUSY 0.000 TARGET 1, GFOC SIMULATED BUSY 0.000 TARGET 1
	
