08:34:41,035 2024/03/28	CALW INIT NONE	
08:34:41,039 2024/03/28	WPROT SIMULATED NONE 0.000 NONE -1, WPSEL SIMULATED NONE 0.000 NONE -1, CALW SIMULATED BUSY 0.000 NONE -1, ASEL SIMULATED NONE 0.000 NONE -1, GMIR SIMULATED NONE 0.000 NONE -1, GFOC SIMULATED NONE 0.000 NONE -1
	
08:37:54,252 2024/03/28	ASEL INIT NONE	
08:37:54,253 2024/03/28	WPROT SIMULATED NONE 0.000 NONE -1, WPSEL SIMULATED NONE 0.000 NONE -1, CALW SIMULATED READY 0.000 TARGET 1, ASEL SIMULATED BUSY 0.000 NONE -1, GMIR SIMULATED NONE 0.000 NONE -1, GFOC SIMULATED NONE 0.000 NONE -1
	
08:42:40,143 2024/03/28	ASEL INIT NONE	
08:42:40,151 2024/03/28	WPROT SIMULATED NONE 0.000 NONE -1, WPSEL SIMULATED NONE 0.000 NONE -1, CALW SIMULATED READY 0.000 TARGET 1, ASEL SIMULATED BUSY 0.000 TARGET 1, GMIR SIMULATED NONE 0.000 NONE -1, GFOC SIMULATED NONE 0.000 NONE -1
	
08:43:15,552 2024/03/28	ASEL INIT NONE	
08:43:15,554 2024/03/28	WPROT SIMULATED NONE 0.000 NONE -1, WPSEL SIMULATED NONE 0.000 NONE -1, CALW SIMULATED READY 0.000 TARGET 1, ASEL SIMULATED BUSY 0.000 TARGET 1, GMIR SIMULATED NONE 0.000 NONE -1, GFOC SIMULATED NONE 0.000 NONE -1
	
08:43:42,737 2024/03/28	GMIR INIT NONE	
08:43:42,739 2024/03/28	WPROT SIMULATED NONE 0.000 NONE -1, WPSEL SIMULATED NONE 0.000 NONE -1, CALW SIMULATED READY 0.000 TARGET 1, ASEL SIMULATED READY 0.000 TARGET 1, GMIR SIMULATED BUSY 0.000 NONE -1, GFOC SIMULATED NONE 0.000 NONE -1
	
08:48:05,528 2024/03/28	GMIR INIT NONE	
08:48:05,531 2024/03/28	WPROT SIMULATED NONE 0.000 NONE -1, WPSEL SIMULATED NONE 0.000 NONE -1, CALW SIMULATED NONE 0.000 NONE -1, ASEL SIMULATED NONE 0.000 NONE -1, GMIR SIMULATED BUSY 0.000 NONE -1, GFOC SIMULATED NONE 0.000 NONE -1
	
08:56:32,409 2024/03/28	GMIR INIT NONE	
08:56:32,410 2024/03/28	WPROT SIMULATED NONE 0.000 NONE -1, WPSEL SIMULATED NONE 0.000 NONE -1, CALW SIMULATED NONE 0.000 NONE -1, ASEL SIMULATED NONE 0.000 NONE -1, GMIR SIMULATED BUSY 0.000 TARGET 1, GFOC SIMULATED NONE 0.000 NONE -1
	
08:57:57,929 2024/03/28	ASEL INIT NONE	
08:57:57,931 2024/03/28	WPROT SIMULATED NONE 0.000 NONE -1, WPSEL SIMULATED NONE 0.000 NONE -1, CALW SIMULATED NONE 0.000 NONE -1, ASEL SIMULATED BUSY 0.000 NONE -1, GMIR SIMULATED READY 0.000 TARGET 1, GFOC SIMULATED NONE 0.000 NONE -1
	
08:58:43,155 2024/03/28	ASEL INIT NONE	
08:58:43,158 2024/03/28	WPROT SIMULATED NONE 0.000 NONE -1, WPSEL SIMULATED NONE 0.000 NONE -1, CALW SIMULATED NONE 0.000 NONE -1, ASEL SIMULATED BUSY 0.000 TARGET 1, GMIR SIMULATED READY 0.000 TARGET 1, GFOC SIMULATED NONE 0.000 NONE -1
	
09:38:29,882 2024/03/28	CALW INIT NONE	
09:38:29,885 2024/03/28	WPROT SIMULATED NONE 0.000 NONE -1, WPSEL SIMULATED NONE 0.000 NONE -1, CALW SIMULATED BUSY 0.000 NONE -1, ASEL SIMULATED NONE 0.000 NONE -1, GMIR SIMULATED NONE 0.000 NONE -1, GFOC SIMULATED NONE 0.000 NONE -1
	
09:39:49,077 2024/03/28	WPSEL INIT NONE	
09:39:49,078 2024/03/28	WPROT SIMULATED NONE 0.000 NONE -1, WPSEL SIMULATED BUSY 0.000 NONE -1, CALW SIMULATED READY 0.000 TARGET 1, ASEL SIMULATED NONE 0.000 NONE -1, GMIR SIMULATED NONE 0.000 NONE -1, GFOC SIMULATED NONE 0.000 NONE -1
	
09:40:15,369 2024/03/28	WPROT INIT NONE	
09:40:15,371 2024/03/28	WPROT SIMULATED BUSY 0.000 NONE -1, WPSEL SIMULATED READY 0.000 OFF 1, CALW SIMULATED READY 0.000 TARGET 1, ASEL SIMULATED NONE 0.000 NONE -1, GMIR SIMULATED NONE 0.000 NONE -1, GFOC SIMULATED NONE 0.000 NONE -1
	
09:41:46,207 2024/03/28	ASEL INIT NONE	
09:41:46,210 2024/03/28	WPROT SIMULATED READY 0.000 OFF 1, WPSEL SIMULATED READY 0.000 OFF 1, CALW SIMULATED READY 0.000 TARGET 1, ASEL SIMULATED BUSY 0.000 NONE -1, GMIR SIMULATED NONE 0.000 NONE -1, GFOC SIMULATED NONE 0.000 NONE -1
	
09:45:47,630 2024/03/28	ASEL INIT NONE	
09:45:47,631 2024/03/28	WPROT SIMULATED READY 0.000 OFF 1, WPSEL SIMULATED READY 0.000 OFF 1, CALW SIMULATED READY 0.000 TARGET 1, ASEL SIMULATED BUSY 0.000 TARGET 1, GMIR SIMULATED NONE 0.000 NONE -1, GFOC SIMULATED NONE 0.000 NONE -1
	
09:46:34,479 2024/03/28	ASEL INIT NONE	
09:46:34,481 2024/03/28	WPROT SIMULATED READY 0.000 OFF 1, WPSEL SIMULATED READY 0.000 OFF 1, CALW SIMULATED READY 0.000 TARGET 1, ASEL SIMULATED BUSY 0.000 TARGET 1, GMIR SIMULATED NONE 0.000 NONE -1, GFOC SIMULATED NONE 0.000 NONE -1
	
09:47:13,499 2024/03/28	ASEL INIT NONE	
09:47:13,500 2024/03/28	WPROT SIMULATED READY 0.000 OFF 1, WPSEL SIMULATED READY 0.000 OFF 1, CALW SIMULATED READY 0.000 TARGET 1, ASEL SIMULATED BUSY 0.000 TARGET 1, GMIR SIMULATED NONE 0.000 NONE -1, GFOC SIMULATED NONE 0.000 NONE -1
	
09:47:19,386 2024/03/28	ASEL INIT NONE	
09:47:19,389 2024/03/28	WPROT SIMULATED READY 0.000 OFF 1, WPSEL SIMULATED READY 0.000 OFF 1, CALW SIMULATED READY 0.000 TARGET 1, ASEL SIMULATED BUSY 0.000 TARGET 1, GMIR SIMULATED NONE 0.000 NONE -1, GFOC SIMULATED NONE 0.000 NONE -1
	
09:47:37,402 2024/03/28	ASEL INIT NONE	
09:47:37,403 2024/03/28	WPROT SIMULATED READY 0.000 OFF 1, WPSEL SIMULATED READY 0.000 OFF 1, CALW SIMULATED READY 0.000 TARGET 1, ASEL SIMULATED BUSY 0.000 TARGET 1, GMIR SIMULATED NONE 0.000 NONE -1, GFOC SIMULATED NONE 0.000 NONE -1
	
09:47:47,889 2024/03/28	ASEL INIT NONE	
09:47:47,890 2024/03/28	WPROT SIMULATED READY 0.000 OFF 1, WPSEL SIMULATED READY 0.000 OFF 1, CALW SIMULATED READY 0.000 TARGET 1, ASEL SIMULATED BUSY 0.000 TARGET 1, GMIR SIMULATED NONE 0.000 NONE -1, GFOC SIMULATED NONE 0.000 NONE -1
	
09:58:59,080 2024/03/28	ASEL INIT NONE	
09:58:59,083 2024/03/28	WPROT SIMULATED NONE 0.000 NONE -1, WPSEL SIMULATED NONE 0.000 NONE -1, CALW SIMULATED NONE 0.000 NONE -1, ASEL SIMULATED BUSY 0.000 NONE -1, GMIR SIMULATED NONE 0.000 NONE -1, GFOC SIMULATED NONE 0.000 NONE -1
	
10:00:35,343 2024/03/28	ASEL INIT NONE	
10:00:35,345 2024/03/28	WPROT SIMULATED NONE 0.000 NONE -1, WPSEL SIMULATED NONE 0.000 NONE -1, CALW SIMULATED NONE 0.000 NONE -1, ASEL SIMULATED BUSY 0.000 TARGET 1, GMIR SIMULATED NONE 0.000 NONE -1, GFOC SIMULATED NONE 0.000 NONE -1
	
10:01:30,792 2024/03/28	ASEL INIT NONE	
10:01:30,793 2024/03/28	WPROT SIMULATED NONE 0.000 NONE -1, WPSEL SIMULATED NONE 0.000 NONE -1, CALW SIMULATED NONE 0.000 NONE -1, ASEL SIMULATED BUSY 0.000 TARGET 1, GMIR SIMULATED NONE 0.000 NONE -1, GFOC SIMULATED NONE 0.000 NONE -1
	
10:02:08,666 2024/03/28	ASEL INIT NONE	
10:02:08,668 2024/03/28	WPROT SIMULATED NONE 0.000 NONE -1, WPSEL SIMULATED NONE 0.000 NONE -1, CALW SIMULATED NONE 0.000 NONE -1, ASEL SIMULATED BUSY 0.000 TARGET 1, GMIR SIMULATED NONE 0.000 NONE -1, GFOC SIMULATED NONE 0.000 NONE -1
	
10:04:49,757 2024/03/28	ASEL INIT NONE	
10:04:49,762 2024/03/28	WPROT SIMULATED NONE 0.000 NONE -1, WPSEL SIMULATED NONE 0.000 NONE -1, CALW SIMULATED NONE 0.000 NONE -1, ASEL SIMULATED BUSY 0.000 TARGET 1, GMIR SIMULATED NONE 0.000 NONE -1, GFOC SIMULATED NONE 0.000 NONE -1
	
10:07:02,720 2024/03/28	ASEL INIT NONE	
10:07:02,723 2024/03/28	WPROT SIMULATED NONE 0.000 NONE -1, WPSEL SIMULATED NONE 0.000 NONE -1, CALW SIMULATED NONE 0.000 NONE -1, ASEL SIMULATED BUSY 0.000 TARGET 1, GMIR SIMULATED NONE 0.000 NONE -1, GFOC SIMULATED NONE 0.000 NONE -1
	
10:09:03,226 2024/03/28	ASEL INIT NONE	
10:09:03,239 2024/03/28	WPROT SIMULATED NONE 0.000 NONE -1, WPSEL SIMULATED NONE 0.000 NONE -1, CALW SIMULATED NONE 0.000 NONE -1, ASEL SIMULATED BUSY 0.000 TARGET 1, GMIR SIMULATED NONE 0.000 NONE -1, GFOC SIMULATED NONE 0.000 NONE -1
	
10:15:57,007 2024/03/28	ASEL INIT NONE	
10:15:57,009 2024/03/28	WPROT SIMULATED NONE 0.000 NONE -1, WPSEL SIMULATED NONE 0.000 NONE -1, CALW SIMULATED NONE 0.000 NONE -1, ASEL SIMULATED BUSY 0.000 TARGET 1, GMIR SIMULATED NONE 0.000 NONE -1, GFOC SIMULATED NONE 0.000 NONE -1
	
10:31:15,793 2024/03/28	ASEL INIT NONE	
10:31:15,795 2024/03/28	WPROT SIMULATED NONE 0.000 NONE -1, WPSEL SIMULATED NONE 0.000 NONE -1, CALW SIMULATED NONE 0.000 NONE -1, ASEL SIMULATED BUSY 0.000 TARGET 1, GMIR SIMULATED NONE 0.000 NONE -1, GFOC SIMULATED NONE 0.000 NONE -1
	
10:31:21,637 2024/03/28	ASEL INIT NONE	
10:31:21,642 2024/03/28	WPROT SIMULATED NONE 0.000 NONE -1, WPSEL SIMULATED NONE 0.000 NONE -1, CALW SIMULATED NONE 0.000 NONE -1, ASEL SIMULATED BUSY 0.000 TARGET 1, GMIR SIMULATED NONE 0.000 NONE -1, GFOC SIMULATED NONE 0.000 NONE -1
	
13:25:27,841 2024/03/28	ASEL INIT NONE	
13:25:27,844 2024/03/28	WPROT SIMULATED NONE 0.000 NONE -1, WPSEL SIMULATED NONE 0.000 NONE -1, CALW SIMULATED NONE 0.000 NONE -1, ASEL SIMULATED BUSY 0.000 NONE -1, GMIR SIMULATED NONE 0.000 NONE -1, GFOC SIMULATED NONE 0.000 NONE -1
	
14:35:02,203 2024/03/28	WPSEL INIT NONE	
14:35:02,204 2024/03/28	WPROT SIMULATED NONE 0.000 NONE -1, WPSEL SIMULATED BUSY 0.000 NONE -1, CALW SIMULATED NONE 0.000 NONE -1, ASEL SIMULATED NONE 0.000 NONE -1, GMIR SIMULATED NONE 0.000 NONE -1, GFOC SIMULATED NONE 0.000 NONE -1
	
14:38:25,934 2024/03/28	WPSEL INIT NONE	
14:38:25,937 2024/03/28	WPROT SIMULATED NONE 0.000 NONE -1, WPSEL SIMULATED BUSY 0.000 NONE -1, CALW SIMULATED NONE 0.000 NONE -1, ASEL SIMULATED NONE 0.000 NONE -1, GMIR SIMULATED NONE 0.000 NONE -1, GFOC SIMULATED NONE 0.000 NONE -1
	
15:04:28,625 2024/03/28	WPSEL INIT NONE	
15:04:28,627 2024/03/28	WPROT SIMULATED NONE 0.000 NONE -1, WPSEL SIMULATED BUSY 0.000 NONE -1, CALW SIMULATED NONE 0.000 NONE -1, ASEL SIMULATED NONE 0.000 NONE -1, GMIR SIMULATED NONE 0.000 NONE -1, GFOC SIMULATED NONE 0.000 NONE -1
	
15:26:22,233 2024/03/28	ASEL INIT NONE	
15:26:22,237 2024/03/28	WPROT SIMULATED NONE 0.000 NONE -1, WPSEL SIMULATED NONE 0.000 NONE -1, CALW SIMULATED NONE 0.000 NONE -1, ASEL SIMULATED BUSY 0.000 NONE -1, GMIR SIMULATED NONE 0.000 NONE -1, GFOC SIMULATED NONE 0.000 NONE -1
	
