13:26:30,793 2024/01/24	Validate motor init	TX: STOP	RX: OK
13:26:30,807 2024/01/24	Validate motor init	TX: SR0=0	RX: OK
13:26:30,820 2024/01/24	Validate motor init	TX: CLR	RX: OK
13:26:30,833 2024/01/24	Validate motor init	TX: IP	RX: 192.168.1.245
13:26:30,846 2024/01/24	Validate motor init	TX: V45	RX: 16
13:26:30,859 2024/01/24	Validate motor init	TX: V50	RX: 1
13:26:30,977 2024/01/24	Send ID & POL	TX: V49=1	RX: OK
13:26:30,990 2024/01/24	Send ID & POL	TX: POL=16	RX: OK
13:26:31,220 2024/01/24	Send Positions	TX: V51=0	RX: OK
13:26:31,234 2024/01/24	Send Positions	TX: V52=1875	RX: OK
13:26:31,248 2024/01/24	Send Positions	TX: V53=3750	RX: OK
13:26:31,262 2024/01/24	Send Positions	TX: V54=5625	RX: OK
13:26:31,275 2024/01/24	Send Positions	TX: V55=7500	RX: OK
13:26:31,288 2024/01/24	Send Positions	TX: V56=9375	RX: OK
13:26:31,301 2024/01/24	Send Positions	TX: V57=11250	RX: OK
13:26:31,314 2024/01/24	Send Positions	TX: V58=13125	RX: OK
13:26:31,327 2024/01/24	Send Positions	TX: V59=15000	RX: OK
13:26:31,339 2024/01/24	Send Positions	TX: V60=16875	RX: OK
13:26:31,351 2024/01/24	Send Positions	TX: V61=18750	RX: OK
13:26:31,364 2024/01/24	Send Positions	TX: V62=20625	RX: OK
13:26:31,376 2024/01/24	Send Positions	TX: V63=22500	RX: OK
13:26:31,388 2024/01/24	Send Positions	TX: V64=24375	RX: OK
13:26:31,400 2024/01/24	Send Positions	TX: V65=26250	RX: OK
13:26:31,413 2024/01/24	Send Positions	TX: V66=28125	RX: OK
13:26:31,439 2024/01/24	Validate motor init	TX: STOP	RX: OK
13:26:31,452 2024/01/24	Validate motor init	TX: SR0=0	RX: OK
13:26:31,465 2024/01/24	Validate motor init	TX: CLR	RX: OK
13:26:31,478 2024/01/24	Validate motor init	TX: IP	RX: 192.168.1.246
13:26:31,490 2024/01/24	Validate motor init	TX: V45	RX: 80
13:26:31,503 2024/01/24	Validate motor init	TX: V50	RX: 2
13:26:31,618 2024/01/24	Send ID & POL	TX: V49=2	RX: OK
13:26:31,630 2024/01/24	Send ID & POL	TX: POL=80	RX: OK
13:26:31,748 2024/01/24	Validate motor init	TX: STOP	RX: OK
13:26:31,761 2024/01/24	Validate motor init	TX: SR0=0	RX: OK
13:26:31,773 2024/01/24	Validate motor init	TX: CLR	RX: OK
13:26:31,785 2024/01/24	Validate motor init	TX: IP	RX: 192.168.1.247
13:26:31,797 2024/01/24	Validate motor init	TX: V45	RX: 0
13:26:31,809 2024/01/24	Validate motor init	TX: V50	RX: 4
13:26:31,926 2024/01/24	Send ID & POL	TX: V49=4	RX: OK
13:26:31,938 2024/01/24	Send ID & POL	TX: POL=0	RX: OK
13:26:32,053 2024/01/24	Validate motor init	TX: STOP	RX: OK
13:26:32,066 2024/01/24	Validate motor init	TX: SR0=0	RX: OK
13:26:32,078 2024/01/24	Validate motor init	TX: CLR	RX: OK
13:26:32,091 2024/01/24	Validate motor init	TX: IP	RX: 192.168.1.248
13:26:32,103 2024/01/24	Validate motor init	TX: V45	RX: 48
13:26:32,114 2024/01/24	Validate motor init	TX: V50	RX: 8
13:26:32,229 2024/01/24	Send ID & POL	TX: V49=8	RX: OK
13:26:32,242 2024/01/24	Send ID & POL	TX: POL=48	RX: OK
13:26:32,357 2024/01/24	Validate motor init	TX: STOP	RX: OK
13:26:32,368 2024/01/24	Validate motor init	TX: SR0=0	RX: OK
13:26:32,380 2024/01/24	Validate motor init	TX: CLR	RX: OK
13:26:32,391 2024/01/24	Validate motor init	TX: IP	RX: 192.168.1.249
13:26:32,402 2024/01/24	Validate motor init	TX: V45	RX: 0
13:26:32,414 2024/01/24	Validate motor init	TX: V50	RX: 16
13:26:32,531 2024/01/24	Send ID & POL	TX: V49=16	RX: OK
13:26:32,544 2024/01/24	Send ID & POL	TX: POL=0	RX: OK
13:26:32,661 2024/01/24	Validate motor init	TX: STOP	RX: OK
13:26:32,674 2024/01/24	Validate motor init	TX: SR0=0	RX: OK
13:26:32,686 2024/01/24	Validate motor init	TX: CLR	RX: OK
13:26:32,698 2024/01/24	Validate motor init	TX: IP	RX: 192.168.1.249
13:26:32,711 2024/01/24	Validate motor init	TX: V45	RX: 0
13:26:32,723 2024/01/24	Validate motor init	TX: V50	RX: 16
13:31:20,210 2024/01/24	Validate motor init	TX: STOP	RX: OK
13:31:20,223 2024/01/24	Validate motor init	TX: SR0=0	RX: OK
13:31:20,236 2024/01/24	Validate motor init	TX: CLR	RX: OK
13:31:20,249 2024/01/24	Validate motor init	TX: IP	RX: 192.168.1.245
13:31:20,261 2024/01/24	Validate motor init	TX: V45	RX: 16
13:31:20,273 2024/01/24	Validate motor init	TX: V50	RX: 1
13:31:20,401 2024/01/24	Send ID & POL	TX: V49=1	RX: OK
13:31:20,414 2024/01/24	Send ID & POL	TX: POL=16	RX: OK
13:31:20,642 2024/01/24	Send Positions	TX: V51=0	RX: OK
13:31:20,655 2024/01/24	Send Positions	TX: V52=1875	RX: OK
13:31:20,667 2024/01/24	Send Positions	TX: V53=3750	RX: OK
13:31:20,680 2024/01/24	Send Positions	TX: V54=5625	RX: OK
13:31:20,693 2024/01/24	Send Positions	TX: V55=7500	RX: OK
13:31:20,706 2024/01/24	Send Positions	TX: V56=9375	RX: OK
13:31:20,719 2024/01/24	Send Positions	TX: V57=11250	RX: OK
13:31:20,731 2024/01/24	Send Positions	TX: V58=13125	RX: OK
13:31:20,742 2024/01/24	Send Positions	TX: V59=15000	RX: OK
13:31:20,754 2024/01/24	Send Positions	TX: V60=16875	RX: OK
13:31:20,768 2024/01/24	Send Positions	TX: V61=18750	RX: OK
13:31:20,781 2024/01/24	Send Positions	TX: V62=20625	RX: OK
13:31:20,794 2024/01/24	Send Positions	TX: V63=22500	RX: OK
13:31:20,805 2024/01/24	Send Positions	TX: V64=24375	RX: OK
13:31:20,818 2024/01/24	Send Positions	TX: V65=26250	RX: OK
13:31:20,830 2024/01/24	Send Positions	TX: V66=28125	RX: OK
13:31:20,847 2024/01/24	Validate motor init	TX: STOP	RX: OK
13:31:20,859 2024/01/24	Validate motor init	TX: SR0=0	RX: OK
13:31:20,871 2024/01/24	Validate motor init	TX: CLR	RX: OK
13:31:20,883 2024/01/24	Validate motor init	TX: IP	RX: 192.168.1.246
13:31:20,895 2024/01/24	Validate motor init	TX: V45	RX: 80
13:31:20,907 2024/01/24	Validate motor init	TX: V50	RX: 2
13:31:21,024 2024/01/24	Send ID & POL	TX: V49=2	RX: OK
13:31:21,037 2024/01/24	Send ID & POL	TX: POL=80	RX: OK
13:31:21,154 2024/01/24	Validate motor init	TX: STOP	RX: OK
13:31:21,166 2024/01/24	Validate motor init	TX: SR0=0	RX: OK
13:31:21,179 2024/01/24	Validate motor init	TX: CLR	RX: OK
13:31:21,190 2024/01/24	Validate motor init	TX: IP	RX: 192.168.1.247
13:31:21,203 2024/01/24	Validate motor init	TX: V45	RX: 0
13:31:21,215 2024/01/24	Validate motor init	TX: V50	RX: 4
13:31:21,331 2024/01/24	Send ID & POL	TX: V49=4	RX: OK
13:31:21,343 2024/01/24	Send ID & POL	TX: POL=0	RX: OK
13:31:21,459 2024/01/24	Validate motor init	TX: STOP	RX: OK
13:31:21,470 2024/01/24	Validate motor init	TX: SR0=0	RX: OK
13:31:21,482 2024/01/24	Validate motor init	TX: CLR	RX: OK
13:31:21,494 2024/01/24	Validate motor init	TX: IP	RX: 192.168.1.248
13:31:21,507 2024/01/24	Validate motor init	TX: V45	RX: 48
13:31:21,519 2024/01/24	Validate motor init	TX: V50	RX: 8
13:31:21,634 2024/01/24	Send ID & POL	TX: V49=8	RX: OK
13:31:21,646 2024/01/24	Send ID & POL	TX: POL=48	RX: OK
13:31:21,760 2024/01/24	Validate motor init	TX: STOP	RX: OK
13:31:21,772 2024/01/24	Validate motor init	TX: SR0=0	RX: OK
13:31:21,785 2024/01/24	Validate motor init	TX: CLR	RX: OK
13:31:21,796 2024/01/24	Validate motor init	TX: IP	RX: 192.168.1.249
13:31:21,809 2024/01/24	Validate motor init	TX: V45	RX: 0
13:31:21,822 2024/01/24	Validate motor init	TX: V50	RX: 16
13:31:21,940 2024/01/24	Send ID & POL	TX: V49=16	RX: OK
13:31:21,953 2024/01/24	Send ID & POL	TX: POL=0	RX: OK
13:31:22,069 2024/01/24	Validate motor init	TX: STOP	RX: OK
13:31:22,081 2024/01/24	Validate motor init	TX: SR0=0	RX: OK
13:31:22,093 2024/01/24	Validate motor init	TX: CLR	RX: OK
13:31:22,106 2024/01/24	Validate motor init	TX: IP	RX: 192.168.1.249
13:31:22,117 2024/01/24	Validate motor init	TX: V45	RX: 0
13:31:22,130 2024/01/24	Validate motor init	TX: V50	RX: 16
13:33:18,157 2024/01/24	Validate motor init	TX: STOP	RX: OK
13:33:18,169 2024/01/24	Validate motor init	TX: SR0=0	RX: OK
13:33:18,181 2024/01/24	Validate motor init	TX: CLR	RX: OK
13:33:18,193 2024/01/24	Validate motor init	TX: IP	RX: 192.168.1.245
13:33:18,206 2024/01/24	Validate motor init	TX: V45	RX: 16
13:33:18,218 2024/01/24	Validate motor init	TX: V50	RX: 1
13:33:18,335 2024/01/24	Send ID & POL	TX: V49=1	RX: OK
13:33:18,347 2024/01/24	Send ID & POL	TX: POL=16	RX: OK
13:33:18,564 2024/01/24	Send Positions	TX: V51=0	RX: OK
13:33:18,577 2024/01/24	Send Positions	TX: V52=1875	RX: OK
13:33:18,589 2024/01/24	Send Positions	TX: V53=3750	RX: OK
13:33:18,601 2024/01/24	Send Positions	TX: V54=5625	RX: OK
13:33:18,614 2024/01/24	Send Positions	TX: V55=7500	RX: OK
13:33:18,626 2024/01/24	Send Positions	TX: V56=9375	RX: OK
13:33:18,638 2024/01/24	Send Positions	TX: V57=11250	RX: OK
13:33:18,651 2024/01/24	Send Positions	TX: V58=13125	RX: OK
13:33:18,663 2024/01/24	Send Positions	TX: V59=15000	RX: OK
13:33:18,676 2024/01/24	Send Positions	TX: V60=16875	RX: OK
13:33:18,688 2024/01/24	Send Positions	TX: V61=18750	RX: OK
13:33:18,701 2024/01/24	Send Positions	TX: V62=20625	RX: OK
13:33:18,714 2024/01/24	Send Positions	TX: V63=22500	RX: OK
13:33:18,727 2024/01/24	Send Positions	TX: V64=24375	RX: OK
13:33:18,739 2024/01/24	Send Positions	TX: V65=26250	RX: OK
13:33:18,751 2024/01/24	Send Positions	TX: V66=28125	RX: OK
13:33:18,776 2024/01/24	Validate motor init	TX: STOP	RX: OK
13:33:18,789 2024/01/24	Validate motor init	TX: SR0=0	RX: OK
13:33:18,801 2024/01/24	Validate motor init	TX: CLR	RX: OK
13:33:18,815 2024/01/24	Validate motor init	TX: IP	RX: 192.168.1.246
13:33:18,828 2024/01/24	Validate motor init	TX: V45	RX: 80
13:33:18,840 2024/01/24	Validate motor init	TX: V50	RX: 2
13:33:18,956 2024/01/24	Send ID & POL	TX: V49=2	RX: OK
13:33:18,968 2024/01/24	Send ID & POL	TX: POL=80	RX: 
13:33:19,083 2024/01/24	Validate motor init	TX: STOP	RX: OK
13:33:19,095 2024/01/24	Validate motor init	TX: SR0=0	RX: OK
13:33:19,107 2024/01/24	Validate motor init	TX: CLR	RX: OK
13:33:19,119 2024/01/24	Validate motor init	TX: IP	RX: 192.168.1.247
13:33:19,132 2024/01/24	Validate motor init	TX: V45	RX: 0
13:33:19,145 2024/01/24	Validate motor init	TX: V50	RX: 4
13:33:19,262 2024/01/24	Send ID & POL	TX: V49=4	RX: OK
13:33:19,274 2024/01/24	Send ID & POL	TX: POL=0	RX: OK
13:33:19,389 2024/01/24	Validate motor init	TX: STOP	RX: OK
13:33:19,401 2024/01/24	Validate motor init	TX: SR0=0	RX: OK
13:33:19,414 2024/01/24	Validate motor init	TX: CLR	RX: OK
13:33:19,427 2024/01/24	Validate motor init	TX: IP	RX: 192.168.1.248
13:33:19,440 2024/01/24	Validate motor init	TX: V45	RX: 48
13:33:19,667 2024/01/24	Validate motor init	TX: V50	RX: 8
13:33:20,299 2024/01/24	Send ID & POL	TX: V49=8	RX: OK
13:33:20,314 2024/01/24	Send ID & POL	TX: POL=48	RX: 
13:33:20,429 2024/01/24	Validate motor init	TX: STOP	RX: OK
13:33:20,441 2024/01/24	Validate motor init	TX: SR0=0	RX: OK
13:33:20,453 2024/01/24	Validate motor init	TX: CLR	RX: OK
13:33:20,466 2024/01/24	Validate motor init	TX: IP	RX: 192.168.1.249
13:33:20,478 2024/01/24	Validate motor init	TX: V45	RX: 0
13:33:20,489 2024/01/24	Validate motor init	TX: V50	RX: 48
13:33:20,605 2024/01/24	Send ID & POL	TX: V49=48	RX: OK
13:33:20,618 2024/01/24	Send ID & POL	TX: POL=0	RX: OK
13:33:20,734 2024/01/24	Validate motor init	TX: STOP	RX: OK
13:33:20,745 2024/01/24	Validate motor init	TX: SR0=0	RX: OK
13:33:20,757 2024/01/24	Validate motor init	TX: CLR	RX: OK
13:33:20,770 2024/01/24	Validate motor init	TX: IP	RX: 192.168.1.249
13:33:20,782 2024/01/24	Validate motor init	TX: V45	RX: 0
13:33:20,794 2024/01/24	Validate motor init	TX: V50	RX: 48
13:33:20,911 2024/01/24	Send ID & POL	TX: V49=48	RX: OK
13:33:20,924 2024/01/24	Send ID & POL	TX: POL=0	RX: OK
13:34:02,550 2024/01/24	Validate motor init	TX: STOP	RX: OK
13:34:02,562 2024/01/24	Validate motor init	TX: SR0=0	RX: OK
13:34:02,575 2024/01/24	Validate motor init	TX: CLR	RX: OK
13:34:02,588 2024/01/24	Validate motor init	TX: IP	RX: 192.168.1.245
13:34:02,601 2024/01/24	Validate motor init	TX: V45	RX: 16
13:34:02,614 2024/01/24	Validate motor init	TX: V50	RX: 1
13:34:02,730 2024/01/24	Send ID & POL	TX: V49=1	RX: OK
13:34:02,742 2024/01/24	Send ID & POL	TX: POL=16	RX: OK
13:34:02,959 2024/01/24	Send Positions	TX: V51=0	RX: OK
13:34:02,971 2024/01/24	Send Positions	TX: V52=1875	RX: OK
13:34:02,982 2024/01/24	Send Positions	TX: V53=3750	RX: OK
13:34:02,994 2024/01/24	Send Positions	TX: V54=5625	RX: OK
13:34:03,007 2024/01/24	Send Positions	TX: V55=7500	RX: OK
13:34:03,019 2024/01/24	Send Positions	TX: V56=9375	RX: OK
13:34:03,031 2024/01/24	Send Positions	TX: V57=11250	RX: OK
13:34:03,044 2024/01/24	Send Positions	TX: V58=13125	RX: OK
13:34:03,056 2024/01/24	Send Positions	TX: V59=15000	RX: OK
13:34:03,069 2024/01/24	Send Positions	TX: V60=16875	RX: OK
13:34:03,081 2024/01/24	Send Positions	TX: V61=18750	RX: OK
13:34:03,093 2024/01/24	Send Positions	TX: V62=20625	RX: OK
13:34:03,105 2024/01/24	Send Positions	TX: V63=22500	RX: OK
13:34:03,118 2024/01/24	Send Positions	TX: V64=24375	RX: OK
13:34:03,130 2024/01/24	Send Positions	TX: V65=26250	RX: OK
13:34:03,142 2024/01/24	Send Positions	TX: V66=28125	RX: OK
13:34:03,160 2024/01/24	Validate motor init	TX: STOP	RX: OK
13:34:03,173 2024/01/24	Validate motor init	TX: SR0=0	RX: OK
13:34:03,185 2024/01/24	Validate motor init	TX: CLR	RX: OK
13:34:03,198 2024/01/24	Validate motor init	TX: IP	RX: 192.168.1.246
13:34:03,211 2024/01/24	Validate motor init	TX: V45	RX: 80
13:34:03,224 2024/01/24	Validate motor init	TX: V50	RX: 2
13:34:03,340 2024/01/24	Send ID & POL	TX: V49=2	RX: OK
13:34:03,353 2024/01/24	Send ID & POL	TX: POL=80	RX: OK
13:34:03,469 2024/01/24	Validate motor init	TX: STOP	RX: OK
13:34:03,481 2024/01/24	Validate motor init	TX: SR0=0	RX: OK
13:34:03,492 2024/01/24	Validate motor init	TX: CLR	RX: OK
13:34:03,505 2024/01/24	Validate motor init	TX: IP	RX: 192.168.1.247
13:34:03,516 2024/01/24	Validate motor init	TX: V45	RX: 0
13:34:03,528 2024/01/24	Validate motor init	TX: V50	RX: 4
13:34:03,643 2024/01/24	Send ID & POL	TX: V49=4	RX: OK
13:34:03,654 2024/01/24	Send ID & POL	TX: POL=0	RX: OK
13:34:03,770 2024/01/24	Validate motor init	TX: STOP	RX: OK
13:34:03,781 2024/01/24	Validate motor init	TX: SR0=0	RX: OK
13:34:03,794 2024/01/24	Validate motor init	TX: CLR	RX: OK
13:34:03,807 2024/01/24	Validate motor init	TX: IP	RX: 192.168.1.248
13:34:03,818 2024/01/24	Validate motor init	TX: V45	RX: 48
13:34:03,830 2024/01/24	Validate motor init	TX: V50	RX: 8
13:34:03,957 2024/01/24	Send ID & POL	TX: V49=8	RX: OK
13:34:03,970 2024/01/24	Send ID & POL	TX: POL=48	RX: OK
13:34:04,086 2024/01/24	Validate motor init	TX: STOP	RX: OK
13:34:04,098 2024/01/24	Validate motor init	TX: SR0=0	RX: OK
13:34:04,109 2024/01/24	Validate motor init	TX: CLR	RX: OK
13:34:04,122 2024/01/24	Validate motor init	TX: IP	RX: 192.168.1.249
13:34:04,134 2024/01/24	Validate motor init	TX: V45	RX: 0
13:34:04,146 2024/01/24	Validate motor init	TX: V50	RX: 48
13:34:04,263 2024/01/24	Send ID & POL	TX: V49=48	RX: OK
13:34:04,275 2024/01/24	Send ID & POL	TX: POL=0	RX: OK
13:34:04,390 2024/01/24	Validate motor init	TX: STOP	RX: OK
13:34:04,403 2024/01/24	Validate motor init	TX: SR0=0	RX: OK
13:34:04,414 2024/01/24	Validate motor init	TX: CLR	RX: OK
13:34:04,426 2024/01/24	Validate motor init	TX: IP	RX: 192.168.1.249
13:34:04,437 2024/01/24	Validate motor init	TX: V45	RX: 0
13:34:04,449 2024/01/24	Validate motor init	TX: V50	RX: 48
13:34:04,575 2024/01/24	Send ID & POL	TX: V49=48	RX: OK
13:34:04,587 2024/01/24	Send ID & POL	TX: POL=0	RX: OK
13:35:11,843 2024/01/24	WPSEL INIT NONE	
13:35:11,845 2024/01/24	WPROT ACTIVE NONE 0.000 NONE -1, WPSEL ACTIVE BUSY 0.000 NONE -1, CALW ACTIVE NONE 0.000 NONE -1, ASEL ACTIVE NONE 0.000 NONE -1, GMIR ACTIVE NONE 0.000 NONE -1, GFOC ACTIVE NONE 0.000 NONE -1
	
13:35:12,826 2024/01/24	WPSEL	TX: V20=0	RX: OK
13:35:12,839 2024/01/24	WPSEL	TX: V21=0	RX: OK
13:35:12,852 2024/01/24	WPSEL	TX: GS30	RX: OK
13:35:13,597 2024/01/24	WPSEL	TX: V46	RX: 1
13:35:13,609 2024/01/24	WPSEL	TX: EX	RX: 9430
13:35:13,620 2024/01/24	WPSEL=1.886	
13:35:14,366 2024/01/24	WPSEL	TX: V46	RX: 1
13:35:14,379 2024/01/24	WPSEL	TX: EX	RX: 
13:35:14,389 2024/01/24	ActiveUpdate: WPSEL	TX: V46	RX: 1	TX: EX	RX: 	
13:35:15,113 2024/01/24	WPSEL	TX: V46	RX: 1
13:35:15,127 2024/01/24	WPSEL	TX: EX	RX: 
13:35:15,138 2024/01/24	ActiveUpdate: WPSEL	TX: V46	RX: 1	TX: EX	RX: 	
13:35:16,131 2024/01/24	WPSEL	TX: V46	RX: 1
13:35:16,144 2024/01/24	WPSEL	TX: EX	RX: -4300
13:35:16,153 2024/01/24	WPSEL=-0.860	
13:35:16,974 2024/01/24	WPSEL	TX: V46	RX: 1
13:35:16,988 2024/01/24	WPSEL	TX: EX	RX: 11622
13:35:16,998 2024/01/24	WPSEL=2.324	
13:35:17,779 2024/01/24	WPSEL	TX: V46	RX: 1
13:35:17,794 2024/01/24	WPSEL	TX: EX	RX: 18860
13:35:17,804 2024/01/24	WPSEL=3.772	
13:35:18,579 2024/01/24	WPSEL	TX: V46	RX: 1
13:35:18,591 2024/01/24	WPSEL	TX: EX	RX: 1354
13:35:18,601 2024/01/24	WPSEL=0.271	
13:35:19,363 2024/01/24	WPSEL	TX: V46	RX: 0
13:35:19,376 2024/01/24	WPSEL	TX: EX	RX: 
13:35:19,386 2024/01/24	ActiveUpdate: WPSEL	TX: V46	RX: 0	TX: EX	RX: 	
13:35:20,124 2024/01/24	WPSEL	TX: V46	RX: 0
13:35:20,138 2024/01/24	WPSEL	TX: EX	RX: 
13:35:20,148 2024/01/24	ActiveUpdate: WPSEL	TX: V46	RX: 0	TX: EX	RX: 	
13:35:20,881 2024/01/24	WPSEL	TX: V46	RX: 0
13:35:20,894 2024/01/24	WPSEL	TX: EX	RX: 
13:35:20,904 2024/01/24	ActiveUpdate: WPSEL	TX: V46	RX: 0	TX: EX	RX: 	
13:35:21,622 2024/01/24	WPSEL	TX: V46	RX: 0
13:35:21,634 2024/01/24	WPSEL	TX: EX	RX: 1
13:35:21,644 2024/01/24	WPSEL=0.000	
13:35:23,774 2024/01/24	WPROT	TX: V81=0	RX: OK
13:35:23,786 2024/01/24	WPROT	TX: V82=1875	RX: OK
13:35:23,798 2024/01/24	WPROT	TX: V83=3750	RX: OK
13:35:23,811 2024/01/24	WPROT	TX: V84=5625	RX: OK
13:35:23,823 2024/01/24	WPROT	TX: V85=7500	RX: OK
13:35:23,836 2024/01/24	WPROT	TX: V86=9375	RX: OK
13:35:23,847 2024/01/24	WPROT	TX: V87=11250	RX: OK
13:35:23,860 2024/01/24	WPROT	TX: V88=13125	RX: OK
13:35:23,873 2024/01/24	WPROT	TX: V89=15000	RX: OK
13:35:23,885 2024/01/24	WPROT	TX: V90=16875	RX: OK
13:35:23,898 2024/01/24	WPROT	TX: V91=18750	RX: OK
13:35:23,910 2024/01/24	WPROT	TX: V92=20625	RX: OK
13:35:23,923 2024/01/24	WPROT	TX: V93=22500	RX: OK
13:35:23,935 2024/01/24	WPROT	TX: V94=24375	RX: OK
13:35:23,948 2024/01/24	WPROT	TX: V95=26250	RX: OK
13:35:23,960 2024/01/24	WPROT	TX: V96=28125	RX: OK
13:35:23,972 2024/01/24	WPROT	TX: V20=0	RX: OK
13:35:23,984 2024/01/24	WPROT	TX: V21=0	RX: OK
13:35:23,997 2024/01/24	WPROT	TX: GS30	RX: OK
13:35:24,759 2024/01/24	WPROT	TX: V46	RX: 1
13:35:24,771 2024/01/24	WPROT	TX: EX	RX: -9879
13:35:24,782 2024/01/24	WPROT=118.548	
13:35:25,501 2024/01/24	WPROT	TX: V46	RX: 1
13:35:25,513 2024/01/24	WPROT	TX: EX	RX: -21876
13:35:25,523 2024/01/24	WPROT=262.512	
13:35:26,229 2024/01/24	WPROT	TX: V46	RX: 1
13:35:26,242 2024/01/24	WPROT	TX: EX	RX: -33644
13:35:26,251 2024/01/24	WPROT=403.728	
13:35:26,964 2024/01/24	WPROT	TX: V46	RX: 1
13:35:26,976 2024/01/24	WPROT	TX: EX	RX: -45525
13:35:26,986 2024/01/24	WPROT=546.300	
13:35:27,689 2024/01/24	WPROT	TX: V46	RX: 1
13:35:27,701 2024/01/24	WPROT	TX: EX	RX: -52521
13:35:27,711 2024/01/24	WPROT=630.252	
13:35:28,431 2024/01/24	WPROT	TX: V46	RX: 1
13:35:28,443 2024/01/24	WPROT	TX: EX	RX: -59363
13:35:28,453 2024/01/24	WPROT=712.356	
13:35:29,168 2024/01/24	WPROT	TX: V46	RX: 1
13:35:29,181 2024/01/24	WPROT	TX: EX	RX: -71294
13:35:29,192 2024/01/24	WPROT=855.528	
13:35:29,909 2024/01/24	WPROT	TX: V46	RX: 1
13:35:29,921 2024/01/24	WPROT	TX: EX	RX: -1
13:35:29,931 2024/01/24	WPROT=0.012	
13:35:30,650 2024/01/24	WPROT	TX: V46	RX: 0
13:35:30,662 2024/01/24	WPROT	TX: EX	RX: 0
13:35:30,672 2024/01/24	WPROT=0.000	
13:35:37,454 2024/01/24	WPSEL INIT NONE	
13:35:37,455 2024/01/24	WPROT ACTIVE READY 0.000 WP1 1, WPSEL ACTIVE BUSY 0.000 L/4 1, CALW ACTIVE NONE 0.000 NONE -1, ASEL ACTIVE NONE 0.000 NONE -1, GMIR ACTIVE NONE 0.000 NONE -1, GFOC ACTIVE NONE 0.000 NONE -1
	
13:35:38,653 2024/01/24	WPSEL	TX: V20=0	RX: OK
13:35:38,666 2024/01/24	WPSEL	TX: V21=0	RX: OK
13:35:38,678 2024/01/24	WPSEL	TX: GS30	RX: OK
13:35:39,406 2024/01/24	WPSEL	TX: V46	RX: 1
13:35:39,419 2024/01/24	WPSEL	TX: EX	RX: 9099
13:35:39,429 2024/01/24	WPSEL=1.820	
13:35:40,150 2024/01/24	WPSEL	TX: V46	RX: 1
13:35:40,163 2024/01/24	WPSEL	TX: EX	RX: 24453
13:35:40,174 2024/01/24	WPSEL=4.891	
13:35:40,901 2024/01/24	WPSEL	TX: V46	RX: 1
13:35:40,913 2024/01/24	WPSEL	TX: EX	RX: 14939
13:35:40,924 2024/01/24	WPSEL=2.988	
13:35:41,664 2024/01/24	WPSEL	TX: V46	RX: 1
13:35:41,676 2024/01/24	WPSEL	TX: EX	RX: 757
13:35:41,686 2024/01/24	WPSEL=0.151	
13:35:42,412 2024/01/24	WPSEL	TX: V46	RX: 1
13:35:42,425 2024/01/24	WPSEL	TX: EX	RX: 3111
13:35:42,435 2024/01/24	WPSEL=0.622	
13:35:43,160 2024/01/24	WPSEL	TX: V46	RX: 1
13:35:43,173 2024/01/24	WPSEL	TX: EX	RX: 19330
13:35:43,183 2024/01/24	WPSEL=3.866	
13:35:43,924 2024/01/24	WPSEL	TX: V46	RX: 1
13:35:43,937 2024/01/24	WPSEL	TX: EX	RX: 12014
13:35:43,947 2024/01/24	WPSEL=2.403	
13:35:44,675 2024/01/24	WPSEL	TX: V46	RX: 1
13:35:44,688 2024/01/24	WPSEL	TX: EX	RX: -3997
13:35:44,699 2024/01/24	WPSEL=-0.799	
13:35:45,424 2024/01/24	WPSEL	TX: V46	RX: 0
13:35:45,436 2024/01/24	WPSEL	TX: EX	RX: 0
13:35:45,446 2024/01/24	WPSEL=0.000	
13:35:47,592 2024/01/24	WPROT	TX: V81=0	RX: OK
13:35:47,604 2024/01/24	WPROT	TX: V82=1875	RX: OK
13:35:47,617 2024/01/24	WPROT	TX: V83=3750	RX: OK
13:35:47,630 2024/01/24	WPROT	TX: V84=5625	RX: OK
13:35:47,643 2024/01/24	WPROT	TX: V85=7500	RX: OK
13:35:47,657 2024/01/24	WPROT	TX: V86=9375	RX: OK
13:35:47,669 2024/01/24	WPROT	TX: V87=11250	RX: OK
13:35:47,681 2024/01/24	WPROT	TX: V88=13125	RX: OK
13:35:47,694 2024/01/24	WPROT	TX: V89=15000	RX: OK
13:35:47,707 2024/01/24	WPROT	TX: V90=16875	RX: OK
13:35:47,719 2024/01/24	WPROT	TX: V91=18750	RX: OK
13:35:47,732 2024/01/24	WPROT	TX: V92=20625	RX: OK
13:35:47,745 2024/01/24	WPROT	TX: V93=22500	RX: OK
13:35:47,756 2024/01/24	WPROT	TX: V94=24375	RX: OK
13:35:47,770 2024/01/24	WPROT	TX: V95=26250	RX: OK
13:35:47,783 2024/01/24	WPROT	TX: V96=28125	RX: OK
13:35:47,796 2024/01/24	WPROT	TX: V20=0	RX: OK
13:35:47,808 2024/01/24	WPROT	TX: V21=0	RX: OK
13:35:47,820 2024/01/24	WPROT	TX: GS30	RX: OK
13:35:48,540 2024/01/24	WPROT	TX: V46	RX: 1
13:35:48,553 2024/01/24	WPROT	TX: EX	RX: 
13:35:48,563 2024/01/24	ActiveUpdate: WPROT	TX: V46	RX: 1	TX: EX	RX: 	
13:35:49,279 2024/01/24	WPROT	TX: V46	RX: 1
13:35:49,293 2024/01/24	WPROT	TX: EX	RX: 
13:35:49,304 2024/01/24	ActiveUpdate: WPROT	TX: V46	RX: 1	TX: EX	RX: 	
13:35:50,032 2024/01/24	WPROT	TX: V46	RX: 1
13:35:50,045 2024/01/24	WPROT	TX: EX	RX: 
13:35:50,055 2024/01/24	ActiveUpdate: WPROT	TX: V46	RX: 1	TX: EX	RX: 	
13:35:50,790 2024/01/24	WPROT	TX: V46	RX: 1
13:35:50,803 2024/01/24	WPROT	TX: EX	RX: -45615
13:35:50,813 2024/01/24	WPROT=547.380	
13:35:51,527 2024/01/24	WPROT	TX: V46	RX: 1
13:35:51,540 2024/01/24	WPROT	TX: EX	RX: 
13:35:51,551 2024/01/24	ActiveUpdate: WPROT	TX: V46	RX: 1	TX: EX	RX: 	
13:35:52,275 2024/01/24	WPROT	TX: V46	RX: 1
13:35:52,287 2024/01/24	WPROT	TX: EX	RX: 
13:35:52,297 2024/01/24	ActiveUpdate: WPROT	TX: V46	RX: 1	TX: EX	RX: 	
13:35:53,003 2024/01/24	WPROT	TX: V46	RX: 1
13:35:53,016 2024/01/24	WPROT	TX: EX	RX: 
13:35:53,026 2024/01/24	ActiveUpdate: WPROT	TX: V46	RX: 1	TX: EX	RX: 	
13:35:53,753 2024/01/24	WPROT	TX: V46	RX: 1
13:35:53,767 2024/01/24	WPROT	TX: EX	RX: 
13:35:53,777 2024/01/24	ActiveUpdate: WPROT	TX: V46	RX: 1	TX: EX	RX: 	
13:35:54,472 2024/01/24	WPROT	TX: V46	RX: 0
13:35:54,485 2024/01/24	WPROT	TX: EX	RX: 0
13:35:54,496 2024/01/24	WPROT=0.000	
13:36:13,483 2024/01/24	CALW INIT NONE	
13:36:13,484 2024/01/24	WPROT ACTIVE READY 0.000 WP1 1, WPSEL ACTIVE READY 0.000 L/4 1, CALW ACTIVE BUSY 0.000 NONE -1, ASEL ACTIVE NONE 0.000 NONE -1, GMIR ACTIVE NONE 0.000 NONE -1, GFOC ACTIVE NONE 0.000 NONE -1
	
13:36:14,925 2024/01/24	CALW	TX: V20=0	RX: OK
13:36:14,937 2024/01/24	CALW	TX: V21=0	RX: OK
13:36:14,951 2024/01/24	CALW	TX: GS30	RX: OK
13:36:15,660 2024/01/24	CALW	TX: V46	RX: 1
13:36:15,672 2024/01/24	CALW	TX: EX	RX: -4775
13:36:15,682 2024/01/24	CALW=28.650	
13:36:16,461 2024/01/24	CALW	TX: V46	RX: 1
13:36:16,473 2024/01/24	CALW	TX: EX	RX: -9694
13:36:16,482 2024/01/24	CALW=58.164	
13:36:17,225 2024/01/24	CALW	TX: V46	RX: 1
13:36:17,237 2024/01/24	CALW	TX: EX	RX: -15324
13:36:17,247 2024/01/24	CALW=91.944	
13:36:17,958 2024/01/24	CALW	TX: V46	RX: 1
13:36:17,970 2024/01/24	CALW	TX: EX	RX: -21812
13:36:17,980 2024/01/24	CALW=130.872	
13:36:18,718 2024/01/24	CALW	TX: V46	RX: 1
13:36:18,731 2024/01/24	CALW	TX: EX	RX: -25672
13:36:18,740 2024/01/24	CALW=154.032	
13:36:19,494 2024/01/24	CALW	TX: V46	RX: 1
13:36:19,506 2024/01/24	CALW	TX: EX	RX: -33372
13:36:19,516 2024/01/24	CALW=200.232	
13:36:20,285 2024/01/24	CALW	TX: V46	RX: 1
13:36:20,298 2024/01/24	CALW	TX: EX	RX: -41376
13:36:20,329 2024/01/24	CALW=248.256	
13:36:21,041 2024/01/24	CALW	TX: V46	RX: 1
13:36:21,052 2024/01/24	CALW	TX: EX	RX: -49007
13:36:21,063 2024/01/24	CALW=294.042	
13:36:21,782 2024/01/24	CALW	TX: V46	RX: 1
13:36:21,794 2024/01/24	CALW	TX: EX	RX: -56512
13:36:21,804 2024/01/24	CALW=339.072	
13:36:22,549 2024/01/24	CALW	TX: V46	RX: 0
13:36:22,562 2024/01/24	CALW	TX: EX	RX: 0
13:36:22,573 2024/01/24	CALW=0.000	
13:36:50,321 2024/01/24	CALW GOTO POLARIZER	
13:36:50,323 2024/01/24	WPROT ACTIVE READY 0.000 WP1 1, WPSEL ACTIVE READY 0.000 L/4 1, CALW ACTIVE BUSY 0.000 OFF 1, ASEL ACTIVE NONE 0.000 NONE -1, GMIR ACTIVE NONE 0.000 NONE -1, GFOC ACTIVE NONE 0.000 NONE -1
	
13:36:51,284 2024/01/24	CALW	TX: V20=12000,000	RX: OK
13:36:51,297 2024/01/24	CALW	TX: V21=2	RX: OK
13:36:51,311 2024/01/24	CALW	TX: GS29	RX: OK
13:36:52,039 2024/01/24	CALW	TX: V46	RX: 1
13:36:52,051 2024/01/24	CALW	TX: EX	RX: -3822
13:36:52,061 2024/01/24	CALW=22.932	
13:36:52,780 2024/01/24	CALW	TX: V46	RX: 1
13:36:52,792 2024/01/24	CALW	TX: EX	RX: -11207
13:36:52,803 2024/01/24	CALW=67.242	
13:36:53,543 2024/01/24	CALW	TX: V46	RX: 0
13:36:53,557 2024/01/24	CALW	TX: EX	RX: -12000
13:36:53,567 2024/01/24	CALW=72.000	
13:37:16,924 2024/01/24	GMIR INIT NONE	
13:37:16,925 2024/01/24	WPROT ACTIVE READY 0.000 WP1 1, WPSEL ACTIVE READY 0.000 L/4 1, CALW ACTIVE READY 72.000 POLARIZER 2, ASEL ACTIVE NONE 0.000 NONE -1, GMIR ACTIVE BUSY 0.000 NONE -1, GFOC ACTIVE NONE 0.000 NONE -1
	
13:37:18,362 2024/01/24	GMIR	TX: V20=0	RX: OK
13:37:18,376 2024/01/24	GMIR	TX: V21=16	RX: OK
13:37:18,390 2024/01/24	GMIR	TX: GS30	RX: OK
13:37:19,127 2024/01/24	GMIR	TX: V46	RX: 1
13:37:19,139 2024/01/24	GMIR	TX: EX	RX: 15295
13:37:19,149 2024/01/24	GMIR=91.770	
13:37:19,883 2024/01/24	GMIR	TX: V46	RX: 1
13:37:19,895 2024/01/24	GMIR	TX: EX	RX: 26733
13:37:19,905 2024/01/24	GMIR=160.398	
13:37:20,666 2024/01/24	GMIR	TX: V46	RX: 1
13:37:20,679 2024/01/24	GMIR	TX: EX	RX: 38598
13:37:20,689 2024/01/24	GMIR=231.588	
13:37:21,417 2024/01/24	GMIR	TX: V46	RX: 1
13:37:21,429 2024/01/24	GMIR	TX: EX	RX: 49934
13:37:21,439 2024/01/24	GMIR=299.604	
13:37:22,174 2024/01/24	GMIR	TX: V46	RX: 1
13:37:22,186 2024/01/24	GMIR	TX: EX	RX: 61391
13:37:22,197 2024/01/24	GMIR=368.346	
13:37:22,908 2024/01/24	GMIR	TX: V46	RX: 1
13:37:22,921 2024/01/24	GMIR	TX: EX	RX: 72025
13:37:22,931 2024/01/24	GMIR=432.150	
13:37:23,638 2024/01/24	GMIR	TX: V46	RX: 1
13:37:23,651 2024/01/24	GMIR	TX: EX	RX: 72648
13:37:23,661 2024/01/24	GMIR=435.888	
13:37:24,395 2024/01/24	GMIR	TX: V46	RX: 1
13:37:24,407 2024/01/24	GMIR	TX: EX	RX: 78469
13:37:24,417 2024/01/24	GMIR=470.814	
13:37:25,144 2024/01/24	GMIR	TX: V46	RX: 1
13:37:25,158 2024/01/24	GMIR	TX: EX	RX: 89832
13:37:25,168 2024/01/24	GMIR=538.992	
13:37:25,884 2024/01/24	GMIR	TX: V46	RX: 1
13:37:25,896 2024/01/24	GMIR	TX: EX	RX: 101008
13:37:25,908 2024/01/24	GMIR=606.048	
13:37:26,635 2024/01/24	GMIR	TX: V46	RX: 1
13:37:26,648 2024/01/24	GMIR	TX: EX	RX: 112387
13:37:26,658 2024/01/24	GMIR=674.322	
13:37:27,374 2024/01/24	GMIR	TX: V46	RX: 1
13:37:27,386 2024/01/24	GMIR	TX: EX	RX: 123545
13:37:27,396 2024/01/24	GMIR=741.270	
13:37:28,112 2024/01/24	GMIR	TX: V46	RX: 1
13:37:28,124 2024/01/24	GMIR	TX: EX	RX: 129961
13:37:28,134 2024/01/24	GMIR=779.766	
13:37:28,854 2024/01/24	GMIR	TX: V46	RX: 0
13:37:28,866 2024/01/24	GMIR	TX: EX	RX: 0
13:37:28,877 2024/01/24	GMIR=0.000	
13:37:45,515 2024/01/24	GMIR GOTO 180	
13:37:45,517 2024/01/24	WPROT ACTIVE READY 0.000 WP1 1, WPSEL ACTIVE READY 0.000 L/4 1, CALW ACTIVE READY 72.000 POLARIZER 2, ASEL ACTIVE NONE 0.000 NONE -1, GMIR ACTIVE BUSY 0.000 TARGET 1, GFOC ACTIVE NONE 0.000 NONE -1
	
13:37:46,975 2024/01/24	GMIR	TX: V20=30000,000	RX: OK
13:37:46,988 2024/01/24	GMIR	TX: V21=16	RX: OK
13:37:47,001 2024/01/24	GMIR	TX: GS29	RX: OK
13:37:47,723 2024/01/24	GMIR	TX: V46	RX: 1
13:37:47,735 2024/01/24	GMIR	TX: EX	RX: 5041
13:37:47,745 2024/01/24	GMIR=30.246	
13:37:48,455 2024/01/24	GMIR	TX: V46	RX: 1
13:37:48,466 2024/01/24	GMIR	TX: EX	RX: 16112
13:37:48,476 2024/01/24	GMIR=96.672	
13:37:49,173 2024/01/24	GMIR	TX: V46	RX: 1
13:37:49,185 2024/01/24	GMIR	TX: EX	RX: 26989
13:37:49,197 2024/01/24	GMIR=161.934	
13:37:49,906 2024/01/24	GMIR	TX: V46	RX: 0
13:37:49,919 2024/01/24	GMIR	TX: EX	RX: 30000
13:37:49,930 2024/01/24	GMIR=180.000	
13:38:00,335 2024/01/24	GFOC INIT NONE	
13:38:00,336 2024/01/24	WPROT ACTIVE READY 0.000 WP1 1, WPSEL ACTIVE READY 0.000 L/4 1, CALW ACTIVE READY 72.000 POLARIZER 2, ASEL ACTIVE NONE 0.000 NONE -1, GMIR ACTIVE READY 180.000 TARGET 1, GFOC ACTIVE BUSY 0.000 NONE -1
	
13:38:01,533 2024/01/24	GFOC	TX: V20=0	RX: OK
13:38:01,546 2024/01/24	GFOC	TX: V21=32	RX: OK
13:38:01,559 2024/01/24	GFOC	TX: GS30	RX: OK
13:38:02,278 2024/01/24	GFOC	TX: V46	RX: 1
13:38:02,291 2024/01/24	GFOC	TX: V32	RX: 8
13:38:02,301 2024/01/24	GFOC=0.098	
13:38:03,025 2024/01/24	GFOC	TX: V46	RX: 1
13:38:03,037 2024/01/24	GFOC	TX: V32	RX: 27
13:38:03,047 2024/01/24	GFOC=0.329	
13:38:03,756 2024/01/24	GFOC	TX: V46	RX: 1
13:38:03,768 2024/01/24	GFOC	TX: V32	RX: 45
13:38:03,777 2024/01/24	GFOC=0.549	
13:38:04,641 2024/01/24	GFOC	TX: V46	RX: 1
13:38:04,653 2024/01/24	GFOC	TX: V32	RX: 67
13:38:04,663 2024/01/24	GFOC=0.817	
13:38:05,389 2024/01/24	GFOC	TX: V46	RX: 1
13:38:05,401 2024/01/24	GFOC	TX: V32	RX: 86
13:38:05,412 2024/01/24	GFOC=1.049	
13:38:06,126 2024/01/24	GFOC	TX: V46	RX: 1
13:38:06,138 2024/01/24	GFOC	TX: V32	RX: 99
13:38:06,147 2024/01/24	GFOC=1.207	
13:38:06,881 2024/01/24	GFOC	TX: V46	RX: 1
13:38:06,894 2024/01/24	GFOC	TX: V32	RX: 82
13:38:06,905 2024/01/24	GFOC=1.000	
13:38:07,753 2024/01/24	GFOC	TX: V46	RX: 1
13:38:07,766 2024/01/24	GFOC	TX: V32	RX: 62
13:38:07,776 2024/01/24	GFOC=0.756	
13:38:08,866 2024/01/24	GFOC	TX: V46	RX: 1
13:38:08,878 2024/01/24	GFOC	TX: V32	RX: 38
13:38:08,889 2024/01/24	GFOC=0.463	
13:38:09,766 2024/01/24	GFOC	TX: V46	RX: 1
13:38:09,779 2024/01/24	GFOC	TX: V32	RX: 17
13:38:09,789 2024/01/24	GFOC=0.207	
13:38:10,486 2024/01/24	GFOC	TX: V46	RX: 0
13:38:10,499 2024/01/24	GFOC	TX: V32	RX: 0
13:38:10,509 2024/01/24	GFOC=0.000	
13:38:31,651 2024/01/24	GFOC GOTO 8	
13:38:31,652 2024/01/24	WPROT ACTIVE READY 0.000 WP1 1, WPSEL ACTIVE READY 0.000 L/4 1, CALW ACTIVE READY 72.000 POLARIZER 2, ASEL ACTIVE NONE 0.000 NONE -1, GMIR ACTIVE READY 180.000 TARGET 1, GFOC ACTIVE BUSY 0.000 TARGET 1
	
13:38:33,059 2024/01/24	GFOC	TX: V20=656,000	RX: OK
13:38:33,073 2024/01/24	GFOC	TX: V21=32	RX: OK
13:38:33,086 2024/01/24	GFOC	TX: GS29	RX: OK
13:38:33,804 2024/01/24	GFOC	TX: V46	RX: 1
13:38:33,816 2024/01/24	GFOC	TX: V32	RX: 11
13:38:33,827 2024/01/24	GFOC=0.134	
13:38:34,521 2024/01/24	GFOC	TX: V46	RX: 1
13:38:34,534 2024/01/24	GFOC	TX: V32	RX: 32
13:38:34,545 2024/01/24	GFOC=0.390	
13:38:35,275 2024/01/24	GFOC	TX: V46	RX: 1
13:38:35,287 2024/01/24	GFOC	TX: V32	RX: 55
13:38:35,297 2024/01/24	GFOC=0.671	
13:38:36,019 2024/01/24	GFOC	TX: V46	RX: 1
13:38:36,031 2024/01/24	GFOC	TX: V32	RX: 77
13:38:36,042 2024/01/24	GFOC=0.939	
13:38:36,778 2024/01/24	GFOC	TX: V46	RX: 1
13:38:36,790 2024/01/24	GFOC	TX: V32	RX: 100
13:38:36,800 2024/01/24	GFOC=1.220	
13:38:37,520 2024/01/24	GFOC	TX: V46	RX: 1
13:38:37,532 2024/01/24	GFOC	TX: V32	RX: 122
13:38:37,542 2024/01/24	GFOC=1.488	
13:38:38,231 2024/01/24	GFOC	TX: V46	RX: 1
13:38:38,243 2024/01/24	GFOC	TX: V32	RX: 143
13:38:38,253 2024/01/24	GFOC=1.744	
13:38:38,949 2024/01/24	GFOC	TX: V46	RX: 1
13:38:38,961 2024/01/24	GFOC	TX: V32	RX: 164
13:38:38,972 2024/01/24	GFOC=2.000	
13:38:39,706 2024/01/24	GFOC	TX: V46	RX: 1
13:38:39,718 2024/01/24	GFOC	TX: V32	RX: 187
13:38:39,729 2024/01/24	GFOC=2.280	
13:38:40,424 2024/01/24	GFOC	TX: V46	RX: 1
13:38:40,437 2024/01/24	GFOC	TX: V32	RX: 209
13:38:40,449 2024/01/24	GFOC=2.549	
13:38:41,165 2024/01/24	GFOC	TX: V46	RX: 1
13:38:41,177 2024/01/24	GFOC	TX: V32	RX: 231
13:38:41,187 2024/01/24	GFOC=2.817	
13:38:41,902 2024/01/24	GFOC	TX: V46	RX: 1
13:38:41,914 2024/01/24	GFOC	TX: V32	RX: 253
13:38:41,924 2024/01/24	GFOC=3.085	
13:38:42,620 2024/01/24	GFOC	TX: V46	RX: 1
13:38:42,632 2024/01/24	GFOC	TX: V32	RX: 274
13:38:42,642 2024/01/24	GFOC=3.341	
13:38:43,354 2024/01/24	GFOC	TX: V46	RX: 1
13:38:43,366 2024/01/24	GFOC	TX: V32	RX: 296
13:38:43,376 2024/01/24	GFOC=3.610	
13:38:44,076 2024/01/24	GFOC	TX: V46	RX: 1
13:38:44,088 2024/01/24	GFOC	TX: V32	RX: 318
13:38:44,098 2024/01/24	GFOC=3.878	
13:38:44,820 2024/01/24	GFOC	TX: V46	RX: 1
13:38:44,832 2024/01/24	GFOC	TX: V32	RX: 340
13:38:44,842 2024/01/24	GFOC=4.146	
13:38:45,542 2024/01/24	GFOC	TX: V46	RX: 1
13:38:45,554 2024/01/24	GFOC	TX: V32	RX: 361
13:38:45,563 2024/01/24	GFOC=4.402	
13:38:46,274 2024/01/24	GFOC	TX: V46	RX: 1
13:38:46,288 2024/01/24	GFOC	TX: V32	RX: 383
13:38:46,297 2024/01/24	GFOC=4.671	
13:38:47,020 2024/01/24	GFOC	TX: V46	RX: 1
13:38:47,033 2024/01/24	GFOC	TX: V32	RX: 406
13:38:47,043 2024/01/24	GFOC=4.951	
13:38:47,763 2024/01/24	GFOC	TX: V46	RX: 1
13:38:47,776 2024/01/24	GFOC	TX: V32	RX: 428
13:38:47,787 2024/01/24	GFOC=5.220	
13:38:48,488 2024/01/24	GFOC	TX: V46	RX: 1
13:38:48,500 2024/01/24	GFOC	TX: V32	RX: 449
13:38:48,510 2024/01/24	GFOC=5.476	
13:38:49,217 2024/01/24	GFOC	TX: V46	RX: 1
13:38:49,229 2024/01/24	GFOC	TX: V32	RX: 471
13:38:49,240 2024/01/24	GFOC=5.744	
13:38:49,955 2024/01/24	GFOC	TX: V46	RX: 1
13:38:49,968 2024/01/24	GFOC	TX: V32	RX: 493
13:38:49,978 2024/01/24	GFOC=6.012	
13:38:50,684 2024/01/24	GFOC	TX: V46	RX: 1
13:38:50,696 2024/01/24	GFOC	TX: V32	RX: 515
13:38:50,707 2024/01/24	GFOC=6.280	
13:38:51,412 2024/01/24	GFOC	TX: V46	RX: 1
13:38:51,425 2024/01/24	GFOC	TX: V32	RX: 537
13:38:51,435 2024/01/24	GFOC=6.549	
13:38:52,148 2024/01/24	GFOC	TX: V46	RX: 1
13:38:52,160 2024/01/24	GFOC	TX: V32	RX: 559
13:38:52,171 2024/01/24	GFOC=6.817	
13:38:52,883 2024/01/24	GFOC	TX: V46	RX: 1
13:38:52,895 2024/01/24	GFOC	TX: V32	RX: 581
13:38:52,905 2024/01/24	GFOC=7.085	
13:38:53,610 2024/01/24	GFOC	TX: V46	RX: 1
13:38:53,622 2024/01/24	GFOC	TX: V32	RX: 602
13:38:53,632 2024/01/24	GFOC=7.341	
13:38:54,355 2024/01/24	GFOC	TX: V46	RX: 1
13:38:54,368 2024/01/24	GFOC	TX: V32	RX: 625
13:38:54,379 2024/01/24	GFOC=7.622	
13:38:55,096 2024/01/24	GFOC	TX: V46	RX: 1
13:38:55,109 2024/01/24	GFOC	TX: V32	RX: 647
13:38:55,119 2024/01/24	GFOC=7.890	
13:38:55,825 2024/01/24	GFOC	TX: V46	RX: 1
13:38:55,839 2024/01/24	GFOC	TX: V32	RX: 666
13:38:55,850 2024/01/24	GFOC=8.122	
13:38:56,567 2024/01/24	GFOC	TX: V46	RX: 0
13:38:56,579 2024/01/24	GFOC	TX: V32	RX: 656
13:38:56,590 2024/01/24	GFOC=8.000	
13:39:16,944 2024/01/24	ASEL INIT NONE	
13:39:16,946 2024/01/24	WPROT ACTIVE READY 0.000 WP1 1, WPSEL ACTIVE READY 0.000 L/4 1, CALW ACTIVE READY 72.000 POLARIZER 2, ASEL ACTIVE BUSY 0.000 NONE -1, GMIR ACTIVE READY 180.000 TARGET 1, GFOC ACTIVE READY 8.000 TARGET 1
	
13:39:17,928 2024/01/24	ASEL	TX: V20=0	RX: OK
13:39:17,942 2024/01/24	ASEL	TX: V21=0	RX: OK
13:39:17,955 2024/01/24	ASEL	TX: GS30	RX: OK
13:39:18,673 2024/01/24	ASEL	TX: V46	RX: 1
13:39:18,685 2024/01/24	ASEL	TX: EX	RX: -398
13:39:18,696 2024/01/24	ASEL=2.388	
13:39:19,409 2024/01/24	ASEL	TX: V46	RX: 1
13:39:19,422 2024/01/24	ASEL	TX: EX	RX: -119
13:39:19,432 2024/01/24	ASEL=0.714	
13:39:20,193 2024/01/24	ASEL	TX: V46	RX: 1
13:39:20,205 2024/01/24	ASEL	TX: EX	RX: 56
13:39:20,215 2024/01/24	ASEL=-0.336	
13:39:20,934 2024/01/24	ASEL	TX: V46	RX: 1
13:39:20,947 2024/01/24	ASEL	TX: EX	RX: 7
13:39:20,958 2024/01/24	ASEL=-0.042	
13:39:21,673 2024/01/24	ASEL	TX: V46	RX: 1
13:39:21,686 2024/01/24	ASEL	TX: EX	RX: -41
13:39:21,696 2024/01/24	ASEL=0.246	
13:39:22,404 2024/01/24	ASEL	TX: V46	RX: 1
13:39:22,416 2024/01/24	ASEL	TX: EX	RX: -91
13:39:22,426 2024/01/24	ASEL=0.546	
13:39:23,137 2024/01/24	ASEL	TX: V46	RX: 1
13:39:23,149 2024/01/24	ASEL	TX: EX	RX: -152
13:39:23,161 2024/01/24	ASEL=0.912	
13:39:23,897 2024/01/24	ASEL	TX: V46	RX: 1
13:39:23,909 2024/01/24	ASEL	TX: EX	RX: -91
13:39:23,918 2024/01/24	ASEL=0.546	
13:39:24,630 2024/01/24	ASEL	TX: V46	RX: 1
13:39:24,642 2024/01/24	ASEL	TX: EX	RX: -32
13:39:24,652 2024/01/24	ASEL=0.192	
13:39:25,379 2024/01/24	ASEL	TX: V46	RX: 1
13:39:25,392 2024/01/24	ASEL	TX: EX	RX: -257
13:39:25,403 2024/01/24	ASEL=1.542	
13:39:26,125 2024/01/24	ASEL	TX: V46	RX: 1
13:39:26,137 2024/01/24	ASEL	TX: EX	RX: -303
13:39:26,148 2024/01/24	ASEL=1.818	
13:39:26,855 2024/01/24	ASEL	TX: V46	RX: 1
13:39:26,867 2024/01/24	ASEL	TX: EX	RX: 20
13:39:26,878 2024/01/24	ASEL=-0.120	
13:39:27,585 2024/01/24	ASEL	TX: V46	RX: 0
13:39:27,598 2024/01/24	ASEL	TX: EX	RX: 0
13:39:27,608 2024/01/24	ASEL=0.000	
13:39:54,048 2024/01/24	ASEL GOTO ON	
13:39:54,052 2024/01/24	WPROT ACTIVE READY 0.000 WP1 1, WPSEL ACTIVE READY 0.000 L/4 1, CALW ACTIVE READY 72.000 POLARIZER 2, ASEL ACTIVE BUSY 0.000 OFF 1, GMIR ACTIVE READY 180.000 TARGET 1, GFOC ACTIVE READY 8.000 TARGET 1
	
13:39:55,256 2024/01/24	ASEL	TX: V20=4800,000	RX: OK
13:39:55,269 2024/01/24	ASEL	TX: V21=2	RX: OK
13:39:55,281 2024/01/24	ASEL	TX: GS29	RX: OK
13:39:56,021 2024/01/24	ASEL	TX: V46	RX: 1
13:39:56,034 2024/01/24	ASEL	TX: EX	RX: -404
13:39:56,044 2024/01/24	ASEL=2.424	
13:39:56,787 2024/01/24	ASEL	TX: V46	RX: 1
13:39:56,800 2024/01/24	ASEL	TX: EX	RX: -1177
13:39:56,811 2024/01/24	ASEL=7.062	
13:39:57,540 2024/01/24	ASEL	TX: V46	RX: 1
13:39:57,552 2024/01/24	ASEL	TX: EX	RX: -1933
13:39:57,563 2024/01/24	ASEL=11.598	
13:39:58,297 2024/01/24	ASEL	TX: V46	RX: 1
13:39:58,309 2024/01/24	ASEL	TX: EX	RX: -2698
13:39:58,320 2024/01/24	ASEL=16.188	
13:39:59,042 2024/01/24	ASEL	TX: V46	RX: 1
13:39:59,055 2024/01/24	ASEL	TX: EX	RX: -3450
13:39:59,065 2024/01/24	ASEL=20.700	
13:39:59,801 2024/01/24	ASEL	TX: V46	RX: 1
13:39:59,813 2024/01/24	ASEL	TX: EX	RX: -4214
13:39:59,823 2024/01/24	ASEL=25.284	
13:40:00,571 2024/01/24	ASEL	TX: V46	RX: 1
13:40:00,583 2024/01/24	ASEL	TX: EX	RX: -4799
13:40:00,593 2024/01/24	ASEL=28.794	
13:40:01,333 2024/01/24	ASEL	TX: V46	RX: 0
13:40:01,344 2024/01/24	ASEL	TX: EX	RX: -4799
13:40:01,354 2024/01/24	ASEL=28.794	
13:40:33,325 2024/01/24	WPSEL GOTO OFF	
13:40:33,326 2024/01/24	WPROT ACTIVE READY 0.000 WP1 1, WPSEL ACTIVE BUSY 0.000 L/4 1, CALW ACTIVE READY 72.000 POLARIZER 2, ASEL ACTIVE READY 28.794 ON 2, GMIR ACTIVE READY 180.000 TARGET 1, GFOC ACTIVE READY 8.000 TARGET 1
	
13:40:34,542 2024/01/24	WPSEL	TX: V20=400000,000	RX: OK
13:40:34,555 2024/01/24	WPSEL	TX: V21=2	RX: OK
13:40:34,568 2024/01/24	WPSEL	TX: GS29	RX: OK
13:40:35,333 2024/01/24	WPSEL	TX: V46	RX: 1
13:40:35,346 2024/01/24	WPSEL	TX: EX	RX: 9825
13:40:35,356 2024/01/24	WPSEL=1.965	
13:40:36,118 2024/01/24	WPSEL	TX: V46	RX: 1
13:40:36,130 2024/01/24	WPSEL	TX: EX	RX: 27250
13:40:36,142 2024/01/24	WPSEL=5.450	
13:40:36,878 2024/01/24	WPSEL	TX: V46	RX: 1
13:40:36,890 2024/01/24	WPSEL	TX: EX	RX: 44108
13:40:36,900 2024/01/24	WPSEL=8.822	
13:40:37,619 2024/01/24	WPSEL	TX: V46	RX: 1
13:40:37,631 2024/01/24	WPSEL	TX: EX	RX: 60580
13:40:37,642 2024/01/24	WPSEL=12.116	
13:40:38,374 2024/01/24	WPSEL	TX: V46	RX: 1
13:40:38,386 2024/01/24	WPSEL	TX: EX	RX: 77350
13:40:38,396 2024/01/24	WPSEL=15.470	
13:40:39,165 2024/01/24	WPSEL	TX: V46	RX: 1
13:40:39,178 2024/01/24	WPSEL	TX: EX	RX: 94932
13:40:39,188 2024/01/24	WPSEL=18.986	
13:40:39,924 2024/01/24	WPSEL	TX: V46	RX: 1
13:40:39,936 2024/01/24	WPSEL	TX: EX	RX: 111773
13:40:39,946 2024/01/24	WPSEL=22.355	
13:40:40,663 2024/01/24	WPSEL	TX: V46	RX: 1
13:40:40,675 2024/01/24	WPSEL	TX: EX	RX: 128175
13:40:40,686 2024/01/24	WPSEL=25.635	
13:40:41,445 2024/01/24	WPSEL	TX: V46	RX: 1
13:40:41,457 2024/01/24	WPSEL	TX: EX	RX: 145552
13:40:41,468 2024/01/24	WPSEL=29.110	
13:40:42,254 2024/01/24	WPSEL	TX: V46	RX: 1
13:40:42,268 2024/01/24	WPSEL	TX: EX	RX: 163535
13:40:42,278 2024/01/24	WPSEL=32.707	
13:40:43,031 2024/01/24	WPSEL	TX: V46	RX: 1
13:40:43,043 2024/01/24	WPSEL	TX: EX	RX: 180776
13:40:43,054 2024/01/24	WPSEL=36.155	
13:40:43,811 2024/01/24	WPSEL	TX: V46	RX: 1
13:40:43,823 2024/01/24	WPSEL	TX: EX	RX: 198091
13:40:43,834 2024/01/24	WPSEL=39.618	
13:40:44,576 2024/01/24	WPSEL	TX: V46	RX: 1
13:40:44,588 2024/01/24	WPSEL	TX: EX	RX: 215080
13:40:44,598 2024/01/24	WPSEL=43.016	
13:40:45,345 2024/01/24	WPSEL	TX: V46	RX: 1
13:40:45,358 2024/01/24	WPSEL	TX: EX	RX: 232186
13:40:45,368 2024/01/24	WPSEL=46.437	
13:40:46,105 2024/01/24	WPSEL	TX: V46	RX: 1
13:40:46,117 2024/01/24	WPSEL	TX: EX	RX: 249045
13:40:46,127 2024/01/24	WPSEL=49.809	
13:40:46,861 2024/01/24	WPSEL	TX: V46	RX: 1
13:40:46,873 2024/01/24	WPSEL	TX: EX	RX: 265825
13:40:46,883 2024/01/24	WPSEL=53.165	
13:40:47,625 2024/01/24	WPSEL	TX: V46	RX: 1
13:40:47,637 2024/01/24	WPSEL	TX: EX	RX: 282795
13:40:47,646 2024/01/24	WPSEL=56.559	
13:40:48,375 2024/01/24	WPSEL	TX: V46	RX: 1
13:40:48,388 2024/01/24	WPSEL	TX: EX	RX: 299463
13:40:48,399 2024/01/24	WPSEL=59.893	
13:40:49,159 2024/01/24	WPSEL	TX: V46	RX: 1
13:40:49,171 2024/01/24	WPSEL	TX: EX	RX: 316868
13:40:49,181 2024/01/24	WPSEL=63.374	
13:40:49,949 2024/01/24	WPSEL	TX: V46	RX: 1
13:40:49,961 2024/01/24	WPSEL	TX: EX	RX: 334404
13:40:49,971 2024/01/24	WPSEL=66.881	
13:40:50,674 2024/01/24	WPSEL	TX: V46	RX: 1
13:40:50,687 2024/01/24	WPSEL	TX: EX	RX: 350542
13:40:50,698 2024/01/24	WPSEL=70.108	
13:40:51,427 2024/01/24	WPSEL	TX: V46	RX: 1
13:40:51,442 2024/01/24	WPSEL	TX: EX	RX: 367286
13:40:51,453 2024/01/24	WPSEL=73.457	
13:40:52,166 2024/01/24	WPSEL	TX: V46	RX: 1
13:40:52,178 2024/01/24	WPSEL	TX: EX	RX: 383661
13:40:52,188 2024/01/24	WPSEL=76.732	
13:40:52,926 2024/01/24	WPSEL	TX: V46	RX: 1
13:40:52,938 2024/01/24	WPSEL	TX: EX	RX: 399419
13:40:52,948 2024/01/24	WPSEL=79.884	
13:40:53,668 2024/01/24	WPSEL	TX: V46	RX: 0
13:40:53,680 2024/01/24	WPSEL	TX: EX	RX: 400000
13:40:53,689 2024/01/24	WPSEL=80.000	
13:42:13,419 2024/01/24	WPSEL GOTO L/4	
13:42:13,420 2024/01/24	WPROT ACTIVE NONE 0.000 NONE -1, WPSEL ACTIVE BUSY 80.000 OFF 2, CALW ACTIVE READY 72.000 POLARIZER 2, ASEL ACTIVE READY 28.794 ON 2, GMIR ACTIVE READY 180.000 TARGET 1, GFOC ACTIVE READY 8.000 TARGET 1
	
13:42:14,423 2024/01/24	WPSEL	TX: V20=0,000	RX: OK
13:42:14,437 2024/01/24	WPSEL	TX: V21=1	RX: OK
13:42:14,448 2024/01/24	WPSEL	TX: GS29	RX: OK
13:42:15,188 2024/01/24	WPSEL	TX: V46	RX: 1
13:42:15,200 2024/01/24	WPSEL	TX: EX	RX: 390714
13:42:15,209 2024/01/24	WPSEL=78.143	
13:42:15,966 2024/01/24	WPSEL	TX: V46	RX: 1
13:42:15,978 2024/01/24	WPSEL	TX: EX	RX: 373417
13:42:15,988 2024/01/24	WPSEL=74.683	
13:42:16,747 2024/01/24	WPSEL	TX: V46	RX: 1
13:42:16,760 2024/01/24	WPSEL	TX: EX	RX: 356072
13:42:16,770 2024/01/24	WPSEL=71.214	
13:42:17,501 2024/01/24	WPSEL	TX: V46	RX: 1
13:42:17,513 2024/01/24	WPSEL	TX: EX	RX: 339354
13:42:17,523 2024/01/24	WPSEL=67.871	
13:42:18,340 2024/01/24	WPSEL	TX: V46	RX: 1
13:42:18,352 2024/01/24	WPSEL	TX: EX	RX: 320718
13:42:18,362 2024/01/24	WPSEL=64.144	
13:42:19,102 2024/01/24	WPSEL	TX: V46	RX: 1
13:42:19,113 2024/01/24	WPSEL	TX: EX	RX: 303815
13:42:19,122 2024/01/24	WPSEL=60.763	
13:42:19,857 2024/01/24	WPSEL	TX: V46	RX: 1
13:42:19,870 2024/01/24	WPSEL	TX: EX	RX: 287004
13:42:19,879 2024/01/24	WPSEL=57.401	
13:42:20,645 2024/01/24	WPSEL	TX: V46	RX: 1
13:42:20,658 2024/01/24	WPSEL	TX: EX	RX: 269508
13:42:20,668 2024/01/24	WPSEL=53.902	
13:42:21,396 2024/01/24	WPSEL	TX: V46	RX: 1
13:42:21,409 2024/01/24	WPSEL	TX: EX	RX: 252834
13:42:21,419 2024/01/24	WPSEL=50.567	
13:42:22,164 2024/01/24	WPSEL	TX: V46	RX: 1
13:42:22,176 2024/01/24	WPSEL	TX: EX	RX: 235797
13:42:22,186 2024/01/24	WPSEL=47.159	
13:42:22,934 2024/01/24	WPSEL	TX: V46	RX: 1
13:42:22,946 2024/01/24	WPSEL	TX: EX	RX: 218704
13:42:22,956 2024/01/24	WPSEL=43.741	
13:42:23,690 2024/01/24	WPSEL	TX: V46	RX: 1
13:42:23,703 2024/01/24	WPSEL	TX: EX	RX: 201891
13:42:23,715 2024/01/24	WPSEL=40.378	
13:42:24,447 2024/01/24	WPSEL	TX: V46	RX: 1
13:42:24,459 2024/01/24	WPSEL	TX: EX	RX: 185097
13:42:24,470 2024/01/24	WPSEL=37.019	
13:42:25,206 2024/01/24	WPSEL	TX: V46	RX: 1
13:42:25,218 2024/01/24	WPSEL	TX: EX	RX: 168235
13:42:25,229 2024/01/24	WPSEL=33.647	
13:42:25,977 2024/01/24	WPSEL	TX: V46	RX: 1
13:42:25,990 2024/01/24	WPSEL	TX: EX	RX: 151091
13:42:26,001 2024/01/24	WPSEL=30.218	
13:42:26,717 2024/01/24	WPSEL	TX: V46	RX: 1
13:42:26,729 2024/01/24	WPSEL	TX: EX	RX: 134693
13:42:26,739 2024/01/24	WPSEL=26.939	
13:42:27,472 2024/01/24	WPSEL	TX: V46	RX: 1
13:42:27,484 2024/01/24	WPSEL	TX: EX	RX: 117918
13:42:27,493 2024/01/24	WPSEL=23.584	
13:42:28,242 2024/01/24	WPSEL	TX: V46	RX: 1
13:42:28,255 2024/01/24	WPSEL	TX: EX	RX: 100784
13:42:28,266 2024/01/24	WPSEL=20.157	
13:42:28,989 2024/01/24	WPSEL	TX: V46	RX: 1
13:42:29,001 2024/01/24	WPSEL	TX: EX	RX: 84247
13:42:29,011 2024/01/24	WPSEL=16.849	
13:42:29,717 2024/01/24	WPSEL	TX: V46	RX: 1
13:42:29,729 2024/01/24	WPSEL	TX: EX	RX: 68052
13:42:29,739 2024/01/24	WPSEL=13.610	
13:42:30,474 2024/01/24	WPSEL	TX: V46	RX: 1
13:42:30,486 2024/01/24	WPSEL	TX: EX	RX: 51258
13:42:30,497 2024/01/24	WPSEL=10.252	
13:42:31,229 2024/01/24	WPSEL	TX: V46	RX: 1
13:42:31,241 2024/01/24	WPSEL	TX: EX	RX: 34475
13:42:31,251 2024/01/24	WPSEL=6.895	
13:42:31,981 2024/01/24	WPSEL	TX: V46	RX: 1
13:42:31,994 2024/01/24	WPSEL	TX: EX	RX: 17781
13:42:32,004 2024/01/24	WPSEL=3.556	
13:42:32,734 2024/01/24	WPSEL	TX: V46	RX: 1
13:42:32,746 2024/01/24	WPSEL	TX: EX	RX: 1450
13:42:32,756 2024/01/24	WPSEL=0.290	
13:42:33,486 2024/01/24	WPSEL	TX: V46	RX: 0
13:42:33,498 2024/01/24	WPSEL	TX: EX	RX: 0
13:42:33,509 2024/01/24	WPSEL=0.000	
13:42:35,665 2024/01/24	WPROT	TX: V81=0	RX: OK
13:42:35,677 2024/01/24	WPROT	TX: V82=1875	RX: OK
13:42:35,690 2024/01/24	WPROT	TX: V83=3750	RX: OK
13:42:35,703 2024/01/24	WPROT	TX: V84=5625	RX: OK
13:42:35,716 2024/01/24	WPROT	TX: V85=7500	RX: OK
13:42:35,728 2024/01/24	WPROT	TX: V86=9375	RX: OK
13:42:35,740 2024/01/24	WPROT	TX: V87=11250	RX: OK
13:42:35,752 2024/01/24	WPROT	TX: V88=13125	RX: OK
13:42:35,764 2024/01/24	WPROT	TX: V89=15000	RX: OK
13:42:35,776 2024/01/24	WPROT	TX: V90=16875	RX: OK
13:42:35,790 2024/01/24	WPROT	TX: V91=18750	RX: OK
13:42:35,803 2024/01/24	WPROT	TX: V92=20625	RX: OK
13:42:35,815 2024/01/24	WPROT	TX: V93=22500	RX: OK
13:42:35,828 2024/01/24	WPROT	TX: V94=24375	RX: OK
13:42:35,841 2024/01/24	WPROT	TX: V95=26250	RX: OK
13:42:35,853 2024/01/24	WPROT	TX: V96=28125	RX: OK
13:42:35,865 2024/01/24	WPROT	TX: V20=0	RX: OK
13:42:35,876 2024/01/24	WPROT	TX: V21=0	RX: OK
13:42:35,888 2024/01/24	WPROT	TX: GS30	RX: OK
13:42:36,643 2024/01/24	WPROT	TX: V46	RX: 1
13:42:36,655 2024/01/24	WPROT	TX: EX	RX: -9764
13:42:36,666 2024/01/24	WPROT=117.168	
13:42:37,395 2024/01/24	WPROT	TX: V46	RX: 1
13:42:37,407 2024/01/24	WPROT	TX: EX	RX: -21938
13:42:37,418 2024/01/24	WPROT=263.256	
13:42:38,140 2024/01/24	WPROT	TX: V46	RX: 1
13:42:38,154 2024/01/24	WPROT	TX: EX	RX: -33988
13:42:38,162 2024/01/24	WPROT=407.856	
13:42:38,866 2024/01/24	WPROT	TX: V46	RX: 1
13:42:38,878 2024/01/24	WPROT	TX: EX	RX: -45711
13:42:38,887 2024/01/24	WPROT=548.532	
13:42:39,625 2024/01/24	WPROT	TX: V46	RX: 1
13:42:39,638 2024/01/24	WPROT	TX: EX	RX: -57982
13:42:39,648 2024/01/24	WPROT=695.784	
13:42:40,371 2024/01/24	WPROT	TX: V46	RX: 1
13:42:40,383 2024/01/24	WPROT	TX: EX	RX: -61881
13:42:40,393 2024/01/24	WPROT=742.572	
13:42:41,115 2024/01/24	WPROT	TX: V46	RX: 1
13:42:41,127 2024/01/24	WPROT	TX: EX	RX: -72069
13:42:41,137 2024/01/24	WPROT=864.828	
13:42:41,872 2024/01/24	WPROT	TX: V46	RX: 1
13:42:41,884 2024/01/24	WPROT	TX: EX	RX: -84300
13:42:41,894 2024/01/24	WPROT=1011.600	
13:42:42,644 2024/01/24	WPROT	TX: V46	RX: 0
13:42:42,656 2024/01/24	WPROT	TX: EX	RX: 0
13:42:42,666 2024/01/24	WPROT=0.000	
13:43:18,576 2024/01/24	ASEL GOTO OFF	
13:43:18,581 2024/01/24	WPROT ACTIVE READY 0.000 WP1 1, WPSEL ACTIVE READY 0.000 L/4 1, CALW ACTIVE READY 72.000 POLARIZER 2, ASEL ACTIVE BUSY 28.794 ON 2, GMIR ACTIVE READY 180.000 TARGET 1, GFOC ACTIVE READY 8.000 TARGET 1
	
13:43:20,051 2024/01/24	ASEL	TX: V20=0,000	RX: OK
13:43:20,064 2024/01/24	ASEL	TX: V21=1	RX: OK
13:43:20,078 2024/01/24	ASEL	TX: GS29	RX: OK
13:43:20,822 2024/01/24	ASEL	TX: V46	RX: 1
13:43:20,835 2024/01/24	ASEL	TX: EX	RX: -4391
13:43:20,846 2024/01/24	ASEL=26.346	
13:43:21,599 2024/01/24	ASEL	TX: V46	RX: 1
13:43:21,611 2024/01/24	ASEL	TX: EX	RX: -3608
13:43:21,621 2024/01/24	ASEL=21.648	
13:43:22,362 2024/01/24	ASEL	TX: V46	RX: 1
13:43:22,374 2024/01/24	ASEL	TX: EX	RX: -2840
13:43:22,383 2024/01/24	ASEL=17.040	
13:43:23,116 2024/01/24	ASEL	TX: V46	RX: 1
13:43:23,128 2024/01/24	ASEL	TX: EX	RX: -2080
13:43:23,138 2024/01/24	ASEL=12.480	
13:43:23,866 2024/01/24	ASEL	TX: V46	RX: 1
13:43:23,878 2024/01/24	ASEL	TX: EX	RX: -1323
13:43:23,889 2024/01/24	ASEL=7.938	
13:43:24,610 2024/01/24	ASEL	TX: V46	RX: 1
13:43:24,622 2024/01/24	ASEL	TX: EX	RX: -572
13:43:24,633 2024/01/24	ASEL=3.432	
13:43:25,382 2024/01/24	ASEL	TX: V46	RX: 1
13:43:25,395 2024/01/24	ASEL	TX: EX	RX: 0
13:43:25,406 2024/01/24	ASEL=0.000	
13:43:26,111 2024/01/24	ASEL	TX: V46	RX: 0
13:43:26,123 2024/01/24	ASEL	TX: EX	RX: -1
13:43:26,133 2024/01/24	ASEL=0.006	
